<?xml version="1.0" encoding="utf-8"?>
<test-run id="2" testcasecount="538" result="Failed(Child)" total="538" passed="529" failed="9" inconclusive="0" skipped="0" asserts="0" engine-version="3.5.0.0" clr-version="4.0.30319.42000" start-time="2026-01-09 22:21:29Z" end-time="2026-01-09 22:21:40Z" duration="11.0986851">
  <test-suite type="TestSuite" id="1000" name="KexEdit" fullname="KexEdit" runstate="Runnable" testcasecount="3403" result="Failed" site="Child" start-time="2026-01-09 22:21:29Z" end-time="2026-01-09 22:21:40Z" duration="11.098685" total="538" passed="529" failed="9" inconclusive="0" skipped="0" asserts="0">
    <properties>
      <property name="platform" value="EditMode" />
    </properties>
    <failure>
      <message><![CDATA[One or more child tests had errors]]></message>
    </failure>
    <test-suite type="Assembly" id="1617" name="Tests.dll" fullname="C:/Users/dylan/Documents/Games/KexEdit/Library/ScriptAssemblies/Tests.dll" runstate="Runnable" testcasecount="538" result="Failed" site="Child" start-time="2026-01-09 22:21:29Z" end-time="2026-01-09 22:21:40Z" duration="11.077284" total="538" passed="529" failed="9" inconclusive="0" skipped="0" asserts="0">
      <properties>
        <property name="_PID" value="22176" />
        <property name="_APPDOMAIN" value="Unity Child Domain" />
        <property name="platform" value="EditMode" />
        <property name="EditorOnly" value="True" />
      </properties>
      <failure>
        <message><![CDATA[One or more child tests had errors]]></message>
      </failure>
      <test-suite type="TestFixture" id="1001" name="CoasterEvaluatorTests" fullname="CoasterEvaluatorTests" classname="CoasterEvaluatorTests" runstate="Runnable" testcasecount="9" result="Passed" start-time="2026-01-09 22:21:29Z" end-time="2026-01-09 22:21:29Z" duration="0.049758" total="9" passed="9" failed="0" inconclusive="0" skipped="0" asserts="0">
        <properties />
        <test-case id="1006" name="Evaluate_AnchorToCurved_ProducesPathAndOutputAnchor" fullname="CoasterEvaluatorTests.Evaluate_AnchorToCurved_ProducesPathAndOutputAnchor" methodname="Evaluate_AnchorToCurved_ProducesPathAndOutputAnchor" classname="CoasterEvaluatorTests" runstate="Runnable" seed="149855175" result="Passed" start-time="2026-01-09 22:21:29Z" end-time="2026-01-09 22:21:29Z" duration="0.028051" asserts="0">
          <properties>
            <property name="retryIteration" value="0" />
            <property name="repeatIteration" value="0" />
          </properties>
        </test-case>
        <test-case id="1004" name="Evaluate_AnchorToForce_ProducesPathAndOutputAnchor" fullname="CoasterEvaluatorTests.Evaluate_AnchorToForce_ProducesPathAndOutputAnchor" methodname="Evaluate_AnchorToForce_ProducesPathAndOutputAnchor" classname="CoasterEvaluatorTests" runstate="Runnable" seed="1645468515" result="Passed" start-time="2026-01-09 22:21:29Z" end-time="2026-01-09 22:21:29Z" duration="0.004808" asserts="0">
          <properties>
            <property name="retryIteration" value="0" />
            <property name="repeatIteration" value="0" />
          </properties>
        </test-case>
        <test-case id="1005" name="Evaluate_AnchorToGeometric_ProducesPathAndOutputAnchor" fullname="CoasterEvaluatorTests.Evaluate_AnchorToGeometric_ProducesPathAndOutputAnchor" methodname="Evaluate_AnchorToGeometric_ProducesPathAndOutputAnchor" classname="CoasterEvaluatorTests" runstate="Runnable" seed="684908940" result="Passed" start-time="2026-01-09 22:21:29Z" end-time="2026-01-09 22:21:29Z" duration="0.000704" asserts="0">
          <properties>
            <property name="retryIteration" value="0" />
            <property name="repeatIteration" value="0" />
          </properties>
        </test-case>
        <test-case id="1007" name="Evaluate_AnchorToReverse_ReversesDirection" fullname="CoasterEvaluatorTests.Evaluate_AnchorToReverse_ReversesDirection" methodname="Evaluate_AnchorToReverse_ReversesDirection" classname="CoasterEvaluatorTests" runstate="Runnable" seed="588113486" result="Passed" start-time="2026-01-09 22:21:29Z" end-time="2026-01-09 22:21:29Z" duration="0.000689" asserts="0">
          <properties>
            <property name="retryIteration" value="0" />
            <property name="repeatIteration" value="0" />
          </properties>
        </test-case>
        <test-case id="1009" name="Evaluate_Bridge_CreatesBezierPath" fullname="CoasterEvaluatorTests.Evaluate_Bridge_CreatesBezierPath" methodname="Evaluate_Bridge_CreatesBezierPath" classname="CoasterEvaluatorTests" runstate="Runnable" seed="1002612883" result="Passed" start-time="2026-01-09 22:21:29Z" end-time="2026-01-09 22:21:29Z" duration="0.000829" asserts="0">
          <properties>
            <property name="retryIteration" value="0" />
            <property name="repeatIteration" value="0" />
          </properties>
        </test-case>
        <test-case id="1002" name="Evaluate_EmptyCoaster_ReturnsEmptyResult" fullname="CoasterEvaluatorTests.Evaluate_EmptyCoaster_ReturnsEmptyResult" methodname="Evaluate_EmptyCoaster_ReturnsEmptyResult" classname="CoasterEvaluatorTests" runstate="Runnable" seed="481879382" result="Passed" start-time="2026-01-09 22:21:29Z" end-time="2026-01-09 22:21:29Z" duration="0.000272" asserts="0">
          <properties>
            <property name="retryIteration" value="0" />
            <property name="repeatIteration" value="0" />
          </properties>
        </test-case>
        <test-case id="1008" name="Evaluate_ForceToCopyPath_CopiesPath" fullname="CoasterEvaluatorTests.Evaluate_ForceToCopyPath_CopiesPath" methodname="Evaluate_ForceToCopyPath_CopiesPath" classname="CoasterEvaluatorTests" runstate="Runnable" seed="942474727" result="Passed" start-time="2026-01-09 22:21:29Z" end-time="2026-01-09 22:21:29Z" duration="0.000864" asserts="0">
          <properties>
            <property name="retryIteration" value="0" />
            <property name="repeatIteration" value="0" />
          </properties>
        </test-case>
        <test-case id="1010" name="Evaluate_ScalarNodeInjectsToCurvedRadius" fullname="CoasterEvaluatorTests.Evaluate_ScalarNodeInjectsToCurvedRadius" methodname="Evaluate_ScalarNodeInjectsToCurvedRadius" classname="CoasterEvaluatorTests" runstate="Runnable" seed="1807828480" result="Passed" start-time="2026-01-09 22:21:29Z" end-time="2026-01-09 22:21:29Z" duration="0.000676" asserts="0">
          <properties>
            <property name="retryIteration" value="0" />
            <property name="repeatIteration" value="0" />
          </properties>
        </test-case>
        <test-case id="1003" name="Evaluate_SingleAnchorNode_ProducesOutputAnchor" fullname="CoasterEvaluatorTests.Evaluate_SingleAnchorNode_ProducesOutputAnchor" methodname="Evaluate_SingleAnchorNode_ProducesOutputAnchor" classname="CoasterEvaluatorTests" runstate="Runnable" seed="810670342" result="Passed" start-time="2026-01-09 22:21:29Z" end-time="2026-01-09 22:21:29Z" duration="0.000244" asserts="0">
          <properties>
            <property name="retryIteration" value="0" />
            <property name="repeatIteration" value="0" />
          </properties>
        </test-case>
      </test-suite>
      <test-suite type="TestFixture" id="1011" name="CoasterTests" fullname="CoasterTests" classname="CoasterTests" runstate="Runnable" testcasecount="7" result="Passed" start-time="2026-01-09 22:21:29Z" end-time="2026-01-09 22:21:29Z" duration="0.008915" total="7" passed="7" failed="0" inconclusive="0" skipped="0" asserts="0">
        <properties />
        <test-case id="1014" name="AddAnchorNode_StoresPositionAndRotation" fullname="CoasterTests.AddAnchorNode_StoresPositionAndRotation" methodname="AddAnchorNode_StoresPositionAndRotation" classname="CoasterTests" runstate="Runnable" seed="1765154113" result="Passed" start-time="2026-01-09 22:21:29Z" end-time="2026-01-09 22:21:29Z" duration="0.001922" asserts="0">
          <properties>
            <property name="retryIteration" value="0" />
            <property name="repeatIteration" value="0" />
          </properties>
        </test-case>
        <test-case id="1015" name="AddForceNode_StoresDurationAndKeyframes" fullname="CoasterTests.AddForceNode_StoresDurationAndKeyframes" methodname="AddForceNode_StoresDurationAndKeyframes" classname="CoasterTests" runstate="Runnable" seed="966952004" result="Passed" start-time="2026-01-09 22:21:29Z" end-time="2026-01-09 22:21:29Z" duration="0.003781" asserts="0">
          <properties>
            <property name="retryIteration" value="0" />
            <property name="repeatIteration" value="0" />
          </properties>
        </test-case>
        <test-case id="1012" name="Create_InitializesEmptyCoaster" fullname="CoasterTests.Create_InitializesEmptyCoaster" methodname="Create_InitializesEmptyCoaster" classname="CoasterTests" runstate="Runnable" seed="886553255" result="Passed" start-time="2026-01-09 22:21:29Z" end-time="2026-01-09 22:21:29Z" duration="0.000485" asserts="0">
          <properties>
            <property name="retryIteration" value="0" />
            <property name="repeatIteration" value="0" />
          </properties>
        </test-case>
        <test-case id="1013" name="Dispose_CleansUpAllContainers" fullname="CoasterTests.Dispose_CleansUpAllContainers" methodname="Dispose_CleansUpAllContainers" classname="CoasterTests" runstate="Runnable" seed="400031650" result="Passed" start-time="2026-01-09 22:21:29Z" end-time="2026-01-09 22:21:29Z" duration="0.000305" asserts="0">
          <properties>
            <property name="retryIteration" value="0" />
            <property name="repeatIteration" value="0" />
          </properties>
        </test-case>
        <test-case id="1016" name="GeometricNode_SteeringSupportedViaFlags" fullname="CoasterTests.GeometricNode_SteeringSupportedViaFlags" methodname="GeometricNode_SteeringSupportedViaFlags" classname="CoasterTests" runstate="Runnable" seed="275783722" result="Passed" start-time="2026-01-09 22:21:29Z" end-time="2026-01-09 22:21:29Z" duration="0.000399" asserts="0">
          <properties>
            <property name="retryIteration" value="0" />
            <property name="repeatIteration" value="0" />
          </properties>
        </test-case>
        <test-case id="1017" name="ScalarNode_StoresValue" fullname="CoasterTests.ScalarNode_StoresValue" methodname="ScalarNode_StoresValue" classname="CoasterTests" runstate="Runnable" seed="894314655" result="Passed" start-time="2026-01-09 22:21:29Z" end-time="2026-01-09 22:21:29Z" duration="0.000181" asserts="0">
          <properties>
            <property name="retryIteration" value="0" />
            <property name="repeatIteration" value="0" />
          </properties>
        </test-case>
        <test-case id="1018" name="VectorNode_StoresValue" fullname="CoasterTests.VectorNode_StoresValue" methodname="VectorNode_StoresValue" classname="CoasterTests" runstate="Runnable" seed="1848415152" result="Passed" start-time="2026-01-09 22:21:29Z" end-time="2026-01-09 22:21:29Z" duration="0.000205" asserts="0">
          <properties>
            <property name="retryIteration" value="0" />
            <property name="repeatIteration" value="0" />
          </properties>
        </test-case>
      </test-suite>
      <test-suite type="TestSuite" id="1622" name="KexEdit" fullname="KexEdit" runstate="Runnable" testcasecount="78" result="Passed" start-time="2026-01-09 22:21:29Z" end-time="2026-01-09 22:21:29Z" duration="0.059296" total="78" passed="78" failed="0" inconclusive="0" skipped="0" asserts="0">
        <properties />
        <test-suite type="TestSuite" id="1625" name="Graph" fullname="KexEdit.Graph" runstate="Runnable" testcasecount="72" result="Passed" start-time="2026-01-09 22:21:29Z" end-time="2026-01-09 22:21:29Z" duration="0.047193" total="72" passed="72" failed="0" inconclusive="0" skipped="0" asserts="0">
          <properties />
          <test-suite type="TestSuite" id="1626" name="Tests" fullname="KexEdit.Graph.Tests" runstate="Runnable" testcasecount="72" result="Passed" start-time="2026-01-09 22:21:29Z" end-time="2026-01-09 22:21:29Z" duration="0.046271" total="72" passed="72" failed="0" inconclusive="0" skipped="0" asserts="0">
            <properties />
            <test-suite type="TestFixture" id="1073" name="GraphEdgeTests" fullname="KexEdit.Graph.Tests.GraphEdgeTests" classname="KexEdit.Graph.Tests.GraphEdgeTests" runstate="Runnable" testcasecount="22" result="Passed" start-time="2026-01-09 22:21:29Z" end-time="2026-01-09 22:21:29Z" duration="0.016188" total="22" passed="22" failed="0" inconclusive="0" skipped="0" asserts="0">
              <properties>
                <property name="Category" value="Unit" />
              </properties>
              <test-case id="1075" name="AddEdge_GeneratesUniqueIds" fullname="KexEdit.Graph.Tests.GraphEdgeTests.AddEdge_GeneratesUniqueIds" methodname="AddEdge_GeneratesUniqueIds" classname="KexEdit.Graph.Tests.GraphEdgeTests" runstate="Runnable" seed="596942751" result="Passed" start-time="2026-01-09 22:21:29Z" end-time="2026-01-09 22:21:29Z" duration="0.003288" asserts="0">
                <properties>
                  <property name="retryIteration" value="0" />
                  <property name="repeatIteration" value="0" />
                </properties>
              </test-case>
              <test-case id="1077" name="AddEdge_InvalidSourcePort_ReturnsZero" fullname="KexEdit.Graph.Tests.GraphEdgeTests.AddEdge_InvalidSourcePort_ReturnsZero" methodname="AddEdge_InvalidSourcePort_ReturnsZero" classname="KexEdit.Graph.Tests.GraphEdgeTests" runstate="Runnable" seed="932488805" result="Passed" start-time="2026-01-09 22:21:29Z" end-time="2026-01-09 22:21:29Z" duration="0.000401" asserts="0">
                <properties>
                  <property name="retryIteration" value="0" />
                  <property name="repeatIteration" value="0" />
                </properties>
              </test-case>
              <test-case id="1078" name="AddEdge_InvalidTargetPort_ReturnsZero" fullname="KexEdit.Graph.Tests.GraphEdgeTests.AddEdge_InvalidTargetPort_ReturnsZero" methodname="AddEdge_InvalidTargetPort_ReturnsZero" classname="KexEdit.Graph.Tests.GraphEdgeTests" runstate="Runnable" seed="1482581837" result="Passed" start-time="2026-01-09 22:21:29Z" end-time="2026-01-09 22:21:29Z" duration="0.000194" asserts="0">
                <properties>
                  <property name="retryIteration" value="0" />
                  <property name="repeatIteration" value="0" />
                </properties>
              </test-case>
              <test-case id="1076" name="AddEdge_StoresCorrectSourceAndTarget" fullname="KexEdit.Graph.Tests.GraphEdgeTests.AddEdge_StoresCorrectSourceAndTarget" methodname="AddEdge_StoresCorrectSourceAndTarget" classname="KexEdit.Graph.Tests.GraphEdgeTests" runstate="Runnable" seed="381008033" result="Passed" start-time="2026-01-09 22:21:29Z" end-time="2026-01-09 22:21:29Z" duration="0.000913" asserts="0">
                <properties>
                  <property name="retryIteration" value="0" />
                  <property name="repeatIteration" value="0" />
                </properties>
              </test-case>
              <test-case id="1074" name="AddEdge_ValidPorts_IncreasesEdgeCount" fullname="KexEdit.Graph.Tests.GraphEdgeTests.AddEdge_ValidPorts_IncreasesEdgeCount" methodname="AddEdge_ValidPorts_IncreasesEdgeCount" classname="KexEdit.Graph.Tests.GraphEdgeTests" runstate="Runnable" seed="1705454162" result="Passed" start-time="2026-01-09 22:21:29Z" end-time="2026-01-09 22:21:29Z" duration="0.000246" asserts="0">
                <properties>
                  <property name="retryIteration" value="0" />
                  <property name="repeatIteration" value="0" />
                </properties>
              </test-case>
              <test-case id="1095" name="FindSinkNodes_AllNodesAreSinks_ReturnsAll" fullname="KexEdit.Graph.Tests.GraphEdgeTests.FindSinkNodes_AllNodesAreSinks_ReturnsAll" methodname="FindSinkNodes_AllNodesAreSinks_ReturnsAll" classname="KexEdit.Graph.Tests.GraphEdgeTests" runstate="Runnable" seed="1014629593" result="Passed" start-time="2026-01-09 22:21:29Z" end-time="2026-01-09 22:21:29Z" duration="0.001765" asserts="0">
                <properties>
                  <property name="retryIteration" value="0" />
                  <property name="repeatIteration" value="0" />
                </properties>
              </test-case>
              <test-case id="1094" name="FindSinkNodes_ReturnsNodesWithNoOutgoingEdges" fullname="KexEdit.Graph.Tests.GraphEdgeTests.FindSinkNodes_ReturnsNodesWithNoOutgoingEdges" methodname="FindSinkNodes_ReturnsNodesWithNoOutgoingEdges" classname="KexEdit.Graph.Tests.GraphEdgeTests" runstate="Runnable" seed="288397012" result="Passed" start-time="2026-01-09 22:21:29Z" end-time="2026-01-09 22:21:29Z" duration="0.000283" asserts="0">
                <properties>
                  <property name="retryIteration" value="0" />
                  <property name="repeatIteration" value="0" />
                </properties>
              </test-case>
              <test-case id="1092" name="FindSourceNodes_AllNodesAreRoots_ReturnsAll" fullname="KexEdit.Graph.Tests.GraphEdgeTests.FindSourceNodes_AllNodesAreRoots_ReturnsAll" methodname="FindSourceNodes_AllNodesAreRoots_ReturnsAll" classname="KexEdit.Graph.Tests.GraphEdgeTests" runstate="Runnable" seed="720457888" result="Passed" start-time="2026-01-09 22:21:29Z" end-time="2026-01-09 22:21:29Z" duration="0.000702" asserts="0">
                <properties>
                  <property name="retryIteration" value="0" />
                  <property name="repeatIteration" value="0" />
                </properties>
              </test-case>
              <test-case id="1093" name="FindSourceNodes_EmptyGraph_ReturnsEmpty" fullname="KexEdit.Graph.Tests.GraphEdgeTests.FindSourceNodes_EmptyGraph_ReturnsEmpty" methodname="FindSourceNodes_EmptyGraph_ReturnsEmpty" classname="KexEdit.Graph.Tests.GraphEdgeTests" runstate="Runnable" seed="1862613754" result="Passed" start-time="2026-01-09 22:21:29Z" end-time="2026-01-09 22:21:29Z" duration="0.000159" asserts="0">
                <properties>
                  <property name="retryIteration" value="0" />
                  <property name="repeatIteration" value="0" />
                </properties>
              </test-case>
              <test-case id="1091" name="FindSourceNodes_ReturnsNodesWithNoIncomingEdges" fullname="KexEdit.Graph.Tests.GraphEdgeTests.FindSourceNodes_ReturnsNodesWithNoIncomingEdges" methodname="FindSourceNodes_ReturnsNodesWithNoIncomingEdges" classname="KexEdit.Graph.Tests.GraphEdgeTests" runstate="Runnable" seed="896096418" result="Passed" start-time="2026-01-09 22:21:29Z" end-time="2026-01-09 22:21:29Z" duration="0.000278" asserts="0">
                <properties>
                  <property name="retryIteration" value="0" />
                  <property name="repeatIteration" value="0" />
                </properties>
              </test-case>
              <test-case id="1084" name="GetIncomingEdges_NodeWithIncomingEdges_ReturnsCorrectEdges" fullname="KexEdit.Graph.Tests.GraphEdgeTests.GetIncomingEdges_NodeWithIncomingEdges_ReturnsCorrectEdges" methodname="GetIncomingEdges_NodeWithIncomingEdges_ReturnsCorrectEdges" classname="KexEdit.Graph.Tests.GraphEdgeTests" runstate="Runnable" seed="1688803105" result="Passed" start-time="2026-01-09 22:21:29Z" end-time="2026-01-09 22:21:29Z" duration="0.000730" asserts="0">
                <properties>
                  <property name="retryIteration" value="0" />
                  <property name="repeatIteration" value="0" />
                </properties>
              </test-case>
              <test-case id="1085" name="GetIncomingEdges_NodeWithNoIncomingEdges_ReturnsEmptyArray" fullname="KexEdit.Graph.Tests.GraphEdgeTests.GetIncomingEdges_NodeWithNoIncomingEdges_ReturnsEmptyArray" methodname="GetIncomingEdges_NodeWithNoIncomingEdges_ReturnsEmptyArray" classname="KexEdit.Graph.Tests.GraphEdgeTests" runstate="Runnable" seed="840829222" result="Passed" start-time="2026-01-09 22:21:29Z" end-time="2026-01-09 22:21:29Z" duration="0.000150" asserts="0">
                <properties>
                  <property name="retryIteration" value="0" />
                  <property name="repeatIteration" value="0" />
                </properties>
              </test-case>
              <test-case id="1083" name="GetOutgoingEdges_NodeWithNoOutgoingEdges_ReturnsEmptyArray" fullname="KexEdit.Graph.Tests.GraphEdgeTests.GetOutgoingEdges_NodeWithNoOutgoingEdges_ReturnsEmptyArray" methodname="GetOutgoingEdges_NodeWithNoOutgoingEdges_ReturnsEmptyArray" classname="KexEdit.Graph.Tests.GraphEdgeTests" runstate="Runnable" seed="1734851926" result="Passed" start-time="2026-01-09 22:21:29Z" end-time="2026-01-09 22:21:29Z" duration="0.000578" asserts="0">
                <properties>
                  <property name="retryIteration" value="0" />
                  <property name="repeatIteration" value="0" />
                </properties>
              </test-case>
              <test-case id="1082" name="GetOutgoingEdges_NodeWithOutgoingEdges_ReturnsCorrectEdges" fullname="KexEdit.Graph.Tests.GraphEdgeTests.GetOutgoingEdges_NodeWithOutgoingEdges_ReturnsCorrectEdges" methodname="GetOutgoingEdges_NodeWithOutgoingEdges_ReturnsCorrectEdges" classname="KexEdit.Graph.Tests.GraphEdgeTests" runstate="Runnable" seed="1194362747" result="Passed" start-time="2026-01-09 22:21:29Z" end-time="2026-01-09 22:21:29Z" duration="0.000259" asserts="0">
                <properties>
                  <property name="retryIteration" value="0" />
                  <property name="repeatIteration" value="0" />
                </properties>
              </test-case>
              <test-case id="1090" name="GetPredecessorNodes_NoIncomingEdges_ReturnsEmpty" fullname="KexEdit.Graph.Tests.GraphEdgeTests.GetPredecessorNodes_NoIncomingEdges_ReturnsEmpty" methodname="GetPredecessorNodes_NoIncomingEdges_ReturnsEmpty" classname="KexEdit.Graph.Tests.GraphEdgeTests" runstate="Runnable" seed="586375364" result="Passed" start-time="2026-01-09 22:21:29Z" end-time="2026-01-09 22:21:29Z" duration="0.000579" asserts="0">
                <properties>
                  <property name="retryIteration" value="0" />
                  <property name="repeatIteration" value="0" />
                </properties>
              </test-case>
              <test-case id="1089" name="GetPredecessorNodes_ReturnsConnectedNodes" fullname="KexEdit.Graph.Tests.GraphEdgeTests.GetPredecessorNodes_ReturnsConnectedNodes" methodname="GetPredecessorNodes_ReturnsConnectedNodes" classname="KexEdit.Graph.Tests.GraphEdgeTests" runstate="Runnable" seed="1349010760" result="Passed" start-time="2026-01-09 22:21:29Z" end-time="2026-01-09 22:21:29Z" duration="0.000255" asserts="0">
                <properties>
                  <property name="retryIteration" value="0" />
                  <property name="repeatIteration" value="0" />
                </properties>
              </test-case>
              <test-case id="1088" name="GetSuccessorNodes_MultipleEdgesToSameNode_ReturnsOnce" fullname="KexEdit.Graph.Tests.GraphEdgeTests.GetSuccessorNodes_MultipleEdgesToSameNode_ReturnsOnce" methodname="GetSuccessorNodes_MultipleEdgesToSameNode_ReturnsOnce" classname="KexEdit.Graph.Tests.GraphEdgeTests" runstate="Runnable" seed="460578779" result="Passed" start-time="2026-01-09 22:21:29Z" end-time="2026-01-09 22:21:29Z" duration="0.000665" asserts="0">
                <properties>
                  <property name="retryIteration" value="0" />
                  <property name="repeatIteration" value="0" />
                </properties>
              </test-case>
              <test-case id="1087" name="GetSuccessorNodes_NoOutgoingEdges_ReturnsEmpty" fullname="KexEdit.Graph.Tests.GraphEdgeTests.GetSuccessorNodes_NoOutgoingEdges_ReturnsEmpty" methodname="GetSuccessorNodes_NoOutgoingEdges_ReturnsEmpty" classname="KexEdit.Graph.Tests.GraphEdgeTests" runstate="Runnable" seed="488291152" result="Passed" start-time="2026-01-09 22:21:29Z" end-time="2026-01-09 22:21:29Z" duration="0.000152" asserts="0">
                <properties>
                  <property name="retryIteration" value="0" />
                  <property name="repeatIteration" value="0" />
                </properties>
              </test-case>
              <test-case id="1086" name="GetSuccessorNodes_ReturnsConnectedNodes" fullname="KexEdit.Graph.Tests.GraphEdgeTests.GetSuccessorNodes_ReturnsConnectedNodes" methodname="GetSuccessorNodes_ReturnsConnectedNodes" classname="KexEdit.Graph.Tests.GraphEdgeTests" runstate="Runnable" seed="594352706" result="Passed" start-time="2026-01-09 22:21:29Z" end-time="2026-01-09 22:21:29Z" duration="0.000241" asserts="0">
                <properties>
                  <property name="retryIteration" value="0" />
                  <property name="repeatIteration" value="0" />
                </properties>
              </test-case>
              <test-case id="1079" name="RemoveEdge_DecreasesEdgeCount" fullname="KexEdit.Graph.Tests.GraphEdgeTests.RemoveEdge_DecreasesEdgeCount" methodname="RemoveEdge_DecreasesEdgeCount" classname="KexEdit.Graph.Tests.GraphEdgeTests" runstate="Runnable" seed="172501608" result="Passed" start-time="2026-01-09 22:21:29Z" end-time="2026-01-09 22:21:29Z" duration="0.001083" asserts="0">
                <properties>
                  <property name="retryIteration" value="0" />
                  <property name="repeatIteration" value="0" />
                </properties>
              </test-case>
              <test-case id="1080" name="RemoveEdge_InvalidEdge_DoesNothing" fullname="KexEdit.Graph.Tests.GraphEdgeTests.RemoveEdge_InvalidEdge_DoesNothing" methodname="RemoveEdge_InvalidEdge_DoesNothing" classname="KexEdit.Graph.Tests.GraphEdgeTests" runstate="Runnable" seed="1483932284" result="Passed" start-time="2026-01-09 22:21:29Z" end-time="2026-01-09 22:21:29Z" duration="0.000156" asserts="0">
                <properties>
                  <property name="retryIteration" value="0" />
                  <property name="repeatIteration" value="0" />
                </properties>
              </test-case>
              <test-case id="1081" name="RemoveEdge_MiddleEdge_MaintainsOtherEdges" fullname="KexEdit.Graph.Tests.GraphEdgeTests.RemoveEdge_MiddleEdge_MaintainsOtherEdges" methodname="RemoveEdge_MiddleEdge_MaintainsOtherEdges" classname="KexEdit.Graph.Tests.GraphEdgeTests" runstate="Runnable" seed="618800146" result="Passed" start-time="2026-01-09 22:21:29Z" end-time="2026-01-09 22:21:29Z" duration="0.000206" asserts="0">
                <properties>
                  <property name="retryIteration" value="0" />
                  <property name="repeatIteration" value="0" />
                </properties>
              </test-case>
            </test-suite>
            <test-suite type="TestFixture" id="1096" name="GraphNodeTests" fullname="KexEdit.Graph.Tests.GraphNodeTests" classname="KexEdit.Graph.Tests.GraphNodeTests" runstate="Runnable" testcasecount="9" result="Passed" start-time="2026-01-09 22:21:29Z" end-time="2026-01-09 22:21:29Z" duration="0.004802" total="9" passed="9" failed="0" inconclusive="0" skipped="0" asserts="0">
              <properties>
                <property name="Category" value="Unit" />
              </properties>
              <test-case id="1098" name="AddNode_GeneratesUniqueIds" fullname="KexEdit.Graph.Tests.GraphNodeTests.AddNode_GeneratesUniqueIds" methodname="AddNode_GeneratesUniqueIds" classname="KexEdit.Graph.Tests.GraphNodeTests" runstate="Runnable" seed="929889273" result="Passed" start-time="2026-01-09 22:21:29Z" end-time="2026-01-09 22:21:29Z" duration="0.000158" asserts="0">
                <properties>
                  <property name="retryIteration" value="0" />
                  <property name="repeatIteration" value="0" />
                </properties>
              </test-case>
              <test-case id="1101" name="AddNode_StoresCorrectPosition" fullname="KexEdit.Graph.Tests.GraphNodeTests.AddNode_StoresCorrectPosition" methodname="AddNode_StoresCorrectPosition" classname="KexEdit.Graph.Tests.GraphNodeTests" runstate="Runnable" seed="145623976" result="Passed" start-time="2026-01-09 22:21:29Z" end-time="2026-01-09 22:21:29Z" duration="0.000825" asserts="0">
                <properties>
                  <property name="retryIteration" value="0" />
                  <property name="repeatIteration" value="0" />
                </properties>
              </test-case>
              <test-case id="1102" name="AddNode_StoresCorrectType" fullname="KexEdit.Graph.Tests.GraphNodeTests.AddNode_StoresCorrectType" methodname="AddNode_StoresCorrectType" classname="KexEdit.Graph.Tests.GraphNodeTests" runstate="Runnable" seed="2095057377" result="Passed" start-time="2026-01-09 22:21:29Z" end-time="2026-01-09 22:21:29Z" duration="0.000217" asserts="0">
                <properties>
                  <property name="retryIteration" value="0" />
                  <property name="repeatIteration" value="0" />
                </properties>
              </test-case>
              <test-case id="1097" name="AddNode_ValidData_IncreasesCount" fullname="KexEdit.Graph.Tests.GraphNodeTests.AddNode_ValidData_IncreasesCount" methodname="AddNode_ValidData_IncreasesCount" classname="KexEdit.Graph.Tests.GraphNodeTests" runstate="Runnable" seed="1851731796" result="Passed" start-time="2026-01-09 22:21:29Z" end-time="2026-01-09 22:21:29Z" duration="0.000141" asserts="0">
                <properties>
                  <property name="retryIteration" value="0" />
                  <property name="repeatIteration" value="0" />
                </properties>
              </test-case>
              <test-case id="1103" name="RemoveNode_DecreasesCount" fullname="KexEdit.Graph.Tests.GraphNodeTests.RemoveNode_DecreasesCount" methodname="RemoveNode_DecreasesCount" classname="KexEdit.Graph.Tests.GraphNodeTests" runstate="Runnable" seed="418007305" result="Passed" start-time="2026-01-09 22:21:29Z" end-time="2026-01-09 22:21:29Z" duration="0.001363" asserts="0">
                <properties>
                  <property name="retryIteration" value="0" />
                  <property name="repeatIteration" value="0" />
                </properties>
              </test-case>
              <test-case id="1104" name="RemoveNode_MakesNodeUnfindable" fullname="KexEdit.Graph.Tests.GraphNodeTests.RemoveNode_MakesNodeUnfindable" methodname="RemoveNode_MakesNodeUnfindable" classname="KexEdit.Graph.Tests.GraphNodeTests" runstate="Runnable" seed="1567276357" result="Passed" start-time="2026-01-09 22:21:29Z" end-time="2026-01-09 22:21:29Z" duration="0.000136" asserts="0">
                <properties>
                  <property name="retryIteration" value="0" />
                  <property name="repeatIteration" value="0" />
                </properties>
              </test-case>
              <test-case id="1105" name="RemoveNode_MiddleNode_PreservesOtherNodes" fullname="KexEdit.Graph.Tests.GraphNodeTests.RemoveNode_MiddleNode_PreservesOtherNodes" methodname="RemoveNode_MiddleNode_PreservesOtherNodes" classname="KexEdit.Graph.Tests.GraphNodeTests" runstate="Runnable" seed="801806086" result="Passed" start-time="2026-01-09 22:21:29Z" end-time="2026-01-09 22:21:29Z" duration="0.000204" asserts="0">
                <properties>
                  <property name="retryIteration" value="0" />
                  <property name="repeatIteration" value="0" />
                </properties>
              </test-case>
              <test-case id="1099" name="TryGetNodeIndex_ExistingNode_ReturnsTrue" fullname="KexEdit.Graph.Tests.GraphNodeTests.TryGetNodeIndex_ExistingNode_ReturnsTrue" methodname="TryGetNodeIndex_ExistingNode_ReturnsTrue" classname="KexEdit.Graph.Tests.GraphNodeTests" runstate="Runnable" seed="203617514" result="Passed" start-time="2026-01-09 22:21:29Z" end-time="2026-01-09 22:21:29Z" duration="0.000160" asserts="0">
                <properties>
                  <property name="retryIteration" value="0" />
                  <property name="repeatIteration" value="0" />
                </properties>
              </test-case>
              <test-case id="1100" name="TryGetNodeIndex_NonexistentNode_ReturnsFalse" fullname="KexEdit.Graph.Tests.GraphNodeTests.TryGetNodeIndex_NonexistentNode_ReturnsFalse" methodname="TryGetNodeIndex_NonexistentNode_ReturnsFalse" classname="KexEdit.Graph.Tests.GraphNodeTests" runstate="Runnable" seed="487927844" result="Passed" start-time="2026-01-09 22:21:29Z" end-time="2026-01-09 22:21:29Z" duration="0.000134" asserts="0">
                <properties>
                  <property name="retryIteration" value="0" />
                  <property name="repeatIteration" value="0" />
                </properties>
              </test-case>
            </test-suite>
            <test-suite type="TestFixture" id="1106" name="GraphPortTests" fullname="KexEdit.Graph.Tests.GraphPortTests" classname="KexEdit.Graph.Tests.GraphPortTests" runstate="Runnable" testcasecount="16" result="Passed" start-time="2026-01-09 22:21:29Z" end-time="2026-01-09 22:21:29Z" duration="0.007998" total="16" passed="16" failed="0" inconclusive="0" skipped="0" asserts="0">
              <properties>
                <property name="Category" value="Unit" />
              </properties>
              <test-case id="1108" name="AddInputPort_GeneratesUniqueIds" fullname="KexEdit.Graph.Tests.GraphPortTests.AddInputPort_GeneratesUniqueIds" methodname="AddInputPort_GeneratesUniqueIds" classname="KexEdit.Graph.Tests.GraphPortTests" runstate="Runnable" seed="732217070" result="Passed" start-time="2026-01-09 22:21:29Z" end-time="2026-01-09 22:21:29Z" duration="0.000172" asserts="0">
                <properties>
                  <property name="retryIteration" value="0" />
                  <property name="repeatIteration" value="0" />
                </properties>
              </test-case>
              <test-case id="1111" name="AddInputPort_MarksAsInput" fullname="KexEdit.Graph.Tests.GraphPortTests.AddInputPort_MarksAsInput" methodname="AddInputPort_MarksAsInput" classname="KexEdit.Graph.Tests.GraphPortTests" runstate="Runnable" seed="294743002" result="Passed" start-time="2026-01-09 22:21:29Z" end-time="2026-01-09 22:21:29Z" duration="0.000688" asserts="0">
                <properties>
                  <property name="retryIteration" value="0" />
                  <property name="repeatIteration" value="0" />
                </properties>
              </test-case>
              <test-case id="1110" name="AddInputPort_StoresCorrectOwner" fullname="KexEdit.Graph.Tests.GraphPortTests.AddInputPort_StoresCorrectOwner" methodname="AddInputPort_StoresCorrectOwner" classname="KexEdit.Graph.Tests.GraphPortTests" runstate="Runnable" seed="2019864885" result="Passed" start-time="2026-01-09 22:21:29Z" end-time="2026-01-09 22:21:29Z" duration="0.000224" asserts="0">
                <properties>
                  <property name="retryIteration" value="0" />
                  <property name="repeatIteration" value="0" />
                </properties>
              </test-case>
              <test-case id="1109" name="AddInputPort_StoresCorrectPortType" fullname="KexEdit.Graph.Tests.GraphPortTests.AddInputPort_StoresCorrectPortType" methodname="AddInputPort_StoresCorrectPortType" classname="KexEdit.Graph.Tests.GraphPortTests" runstate="Runnable" seed="82207991" result="Passed" start-time="2026-01-09 22:21:29Z" end-time="2026-01-09 22:21:29Z" duration="0.000209" asserts="0">
                <properties>
                  <property name="retryIteration" value="0" />
                  <property name="repeatIteration" value="0" />
                </properties>
              </test-case>
              <test-case id="1112" name="AddInputPort_UpdatesNodeInputCount" fullname="KexEdit.Graph.Tests.GraphPortTests.AddInputPort_UpdatesNodeInputCount" methodname="AddInputPort_UpdatesNodeInputCount" classname="KexEdit.Graph.Tests.GraphPortTests" runstate="Runnable" seed="883971629" result="Passed" start-time="2026-01-09 22:21:29Z" end-time="2026-01-09 22:21:29Z" duration="0.000227" asserts="0">
                <properties>
                  <property name="retryIteration" value="0" />
                  <property name="repeatIteration" value="0" />
                </properties>
              </test-case>
              <test-case id="1107" name="AddInputPort_ValidNode_IncreasesPortCount" fullname="KexEdit.Graph.Tests.GraphPortTests.AddInputPort_ValidNode_IncreasesPortCount" methodname="AddInputPort_ValidNode_IncreasesPortCount" classname="KexEdit.Graph.Tests.GraphPortTests" runstate="Runnable" seed="578941997" result="Passed" start-time="2026-01-09 22:21:29Z" end-time="2026-01-09 22:21:29Z" duration="0.000225" asserts="0">
                <properties>
                  <property name="retryIteration" value="0" />
                  <property name="repeatIteration" value="0" />
                </properties>
              </test-case>
              <test-case id="1114" name="AddOutputPort_MarksAsOutput" fullname="KexEdit.Graph.Tests.GraphPortTests.AddOutputPort_MarksAsOutput" methodname="AddOutputPort_MarksAsOutput" classname="KexEdit.Graph.Tests.GraphPortTests" runstate="Runnable" seed="481913837" result="Passed" start-time="2026-01-09 22:21:29Z" end-time="2026-01-09 22:21:29Z" duration="0.000202" asserts="0">
                <properties>
                  <property name="retryIteration" value="0" />
                  <property name="repeatIteration" value="0" />
                </properties>
              </test-case>
              <test-case id="1115" name="AddOutputPort_UpdatesNodeOutputCount" fullname="KexEdit.Graph.Tests.GraphPortTests.AddOutputPort_UpdatesNodeOutputCount" methodname="AddOutputPort_UpdatesNodeOutputCount" classname="KexEdit.Graph.Tests.GraphPortTests" runstate="Runnable" seed="551524721" result="Passed" start-time="2026-01-09 22:21:29Z" end-time="2026-01-09 22:21:29Z" duration="0.000206" asserts="0">
                <properties>
                  <property name="retryIteration" value="0" />
                  <property name="repeatIteration" value="0" />
                </properties>
              </test-case>
              <test-case id="1113" name="AddOutputPort_ValidNode_IncreasesPortCount" fullname="KexEdit.Graph.Tests.GraphPortTests.AddOutputPort_ValidNode_IncreasesPortCount" methodname="AddOutputPort_ValidNode_IncreasesPortCount" classname="KexEdit.Graph.Tests.GraphPortTests" runstate="Runnable" seed="1583692490" result="Passed" start-time="2026-01-09 22:21:29Z" end-time="2026-01-09 22:21:29Z" duration="0.000140" asserts="0">
                <properties>
                  <property name="retryIteration" value="0" />
                  <property name="repeatIteration" value="0" />
                </properties>
              </test-case>
              <test-case id="1116" name="GetInputPorts_NodeWithInputs_ReturnsCorrectPorts" fullname="KexEdit.Graph.Tests.GraphPortTests.GetInputPorts_NodeWithInputs_ReturnsCorrectPorts" methodname="GetInputPorts_NodeWithInputs_ReturnsCorrectPorts" classname="KexEdit.Graph.Tests.GraphPortTests" runstate="Runnable" seed="218691637" result="Passed" start-time="2026-01-09 22:21:29Z" end-time="2026-01-09 22:21:29Z" duration="0.000656" asserts="0">
                <properties>
                  <property name="retryIteration" value="0" />
                  <property name="repeatIteration" value="0" />
                </properties>
              </test-case>
              <test-case id="1117" name="GetInputPorts_NodeWithNoInputs_ReturnsEmptyArray" fullname="KexEdit.Graph.Tests.GraphPortTests.GetInputPorts_NodeWithNoInputs_ReturnsEmptyArray" methodname="GetInputPorts_NodeWithNoInputs_ReturnsEmptyArray" classname="KexEdit.Graph.Tests.GraphPortTests" runstate="Runnable" seed="371729120" result="Passed" start-time="2026-01-09 22:21:29Z" end-time="2026-01-09 22:21:29Z" duration="0.000160" asserts="0">
                <properties>
                  <property name="retryIteration" value="0" />
                  <property name="repeatIteration" value="0" />
                </properties>
              </test-case>
              <test-case id="1119" name="GetOutputPorts_NodeWithNoOutputs_ReturnsEmptyArray" fullname="KexEdit.Graph.Tests.GraphPortTests.GetOutputPorts_NodeWithNoOutputs_ReturnsEmptyArray" methodname="GetOutputPorts_NodeWithNoOutputs_ReturnsEmptyArray" classname="KexEdit.Graph.Tests.GraphPortTests" runstate="Runnable" seed="413484328" result="Passed" start-time="2026-01-09 22:21:29Z" end-time="2026-01-09 22:21:29Z" duration="0.000532" asserts="0">
                <properties>
                  <property name="retryIteration" value="0" />
                  <property name="repeatIteration" value="0" />
                </properties>
              </test-case>
              <test-case id="1118" name="GetOutputPorts_NodeWithOutputs_ReturnsCorrectPorts" fullname="KexEdit.Graph.Tests.GraphPortTests.GetOutputPorts_NodeWithOutputs_ReturnsCorrectPorts" methodname="GetOutputPorts_NodeWithOutputs_ReturnsCorrectPorts" classname="KexEdit.Graph.Tests.GraphPortTests" runstate="Runnable" seed="1957922719" result="Passed" start-time="2026-01-09 22:21:29Z" end-time="2026-01-09 22:21:29Z" duration="0.000217" asserts="0">
                <properties>
                  <property name="retryIteration" value="0" />
                  <property name="repeatIteration" value="0" />
                </properties>
              </test-case>
              <test-case id="1120" name="RemovePort_DecreasesPortCount" fullname="KexEdit.Graph.Tests.GraphPortTests.RemovePort_DecreasesPortCount" methodname="RemovePort_DecreasesPortCount" classname="KexEdit.Graph.Tests.GraphPortTests" runstate="Runnable" seed="226216286" result="Passed" start-time="2026-01-09 22:21:29Z" end-time="2026-01-09 22:21:29Z" duration="0.001540" asserts="0">
                <properties>
                  <property name="retryIteration" value="0" />
                  <property name="repeatIteration" value="0" />
                </properties>
              </test-case>
              <test-case id="1121" name="RemovePort_UpdatesNodeInputCount" fullname="KexEdit.Graph.Tests.GraphPortTests.RemovePort_UpdatesNodeInputCount" methodname="RemovePort_UpdatesNodeInputCount" classname="KexEdit.Graph.Tests.GraphPortTests" runstate="Runnable" seed="84278500" result="Passed" start-time="2026-01-09 22:21:29Z" end-time="2026-01-09 22:21:29Z" duration="0.000232" asserts="0">
                <properties>
                  <property name="retryIteration" value="0" />
                  <property name="repeatIteration" value="0" />
                </properties>
              </test-case>
              <test-case id="1122" name="RemovePort_UpdatesNodeOutputCount" fullname="KexEdit.Graph.Tests.GraphPortTests.RemovePort_UpdatesNodeOutputCount" methodname="RemovePort_UpdatesNodeOutputCount" classname="KexEdit.Graph.Tests.GraphPortTests" runstate="Runnable" seed="1805976341" result="Passed" start-time="2026-01-09 22:21:29Z" end-time="2026-01-09 22:21:29Z" duration="0.000217" asserts="0">
                <properties>
                  <property name="retryIteration" value="0" />
                  <property name="repeatIteration" value="0" />
                </properties>
              </test-case>
            </test-suite>
            <test-suite type="TestFixture" id="1123" name="GraphSerializationTests" fullname="KexEdit.Graph.Tests.GraphSerializationTests" classname="KexEdit.Graph.Tests.GraphSerializationTests" runstate="Runnable" testcasecount="13" result="Passed" start-time="2026-01-09 22:21:29Z" end-time="2026-01-09 22:21:29Z" duration="0.008410" total="13" passed="13" failed="0" inconclusive="0" skipped="0" asserts="0">
              <properties>
                <property name="Category" value="Unit" />
              </properties>
              <test-case id="1129" name="NextEdgeId_AfterAddingEdge_Increments" fullname="KexEdit.Graph.Tests.GraphSerializationTests.NextEdgeId_AfterAddingEdge_Increments" methodname="NextEdgeId_AfterAddingEdge_Increments" classname="KexEdit.Graph.Tests.GraphSerializationTests" runstate="Runnable" seed="1732088061" result="Passed" start-time="2026-01-09 22:21:29Z" end-time="2026-01-09 22:21:29Z" duration="0.000157" asserts="0">
                <properties>
                  <property name="retryIteration" value="0" />
                  <property name="repeatIteration" value="0" />
                </properties>
              </test-case>
              <test-case id="1126" name="NextEdgeId_DefaultGraph_StartsAtOne" fullname="KexEdit.Graph.Tests.GraphSerializationTests.NextEdgeId_DefaultGraph_StartsAtOne" methodname="NextEdgeId_DefaultGraph_StartsAtOne" classname="KexEdit.Graph.Tests.GraphSerializationTests" runstate="Runnable" seed="1534459653" result="Passed" start-time="2026-01-09 22:21:29Z" end-time="2026-01-09 22:21:29Z" duration="0.000118" asserts="0">
                <properties>
                  <property name="retryIteration" value="0" />
                  <property name="repeatIteration" value="0" />
                </properties>
              </test-case>
              <test-case id="1127" name="NextNodeId_AfterAddingNode_Increments" fullname="KexEdit.Graph.Tests.GraphSerializationTests.NextNodeId_AfterAddingNode_Increments" methodname="NextNodeId_AfterAddingNode_Increments" classname="KexEdit.Graph.Tests.GraphSerializationTests" runstate="Runnable" seed="226575015" result="Passed" start-time="2026-01-09 22:21:29Z" end-time="2026-01-09 22:21:29Z" duration="0.000123" asserts="0">
                <properties>
                  <property name="retryIteration" value="0" />
                  <property name="repeatIteration" value="0" />
                </properties>
              </test-case>
              <test-case id="1124" name="NextNodeId_DefaultGraph_StartsAtOne" fullname="KexEdit.Graph.Tests.GraphSerializationTests.NextNodeId_DefaultGraph_StartsAtOne" methodname="NextNodeId_DefaultGraph_StartsAtOne" classname="KexEdit.Graph.Tests.GraphSerializationTests" runstate="Runnable" seed="564356495" result="Passed" start-time="2026-01-09 22:21:29Z" end-time="2026-01-09 22:21:29Z" duration="0.000115" asserts="0">
                <properties>
                  <property name="retryIteration" value="0" />
                  <property name="repeatIteration" value="0" />
                </properties>
              </test-case>
              <test-case id="1128" name="NextPortId_AfterAddingPort_Increments" fullname="KexEdit.Graph.Tests.GraphSerializationTests.NextPortId_AfterAddingPort_Increments" methodname="NextPortId_AfterAddingPort_Increments" classname="KexEdit.Graph.Tests.GraphSerializationTests" runstate="Runnable" seed="167359144" result="Passed" start-time="2026-01-09 22:21:29Z" end-time="2026-01-09 22:21:29Z" duration="0.000128" asserts="0">
                <properties>
                  <property name="retryIteration" value="0" />
                  <property name="repeatIteration" value="0" />
                </properties>
              </test-case>
              <test-case id="1125" name="NextPortId_DefaultGraph_StartsAtOne" fullname="KexEdit.Graph.Tests.GraphSerializationTests.NextPortId_DefaultGraph_StartsAtOne" methodname="NextPortId_DefaultGraph_StartsAtOne" classname="KexEdit.Graph.Tests.GraphSerializationTests" runstate="Runnable" seed="1490995899" result="Passed" start-time="2026-01-09 22:21:29Z" end-time="2026-01-09 22:21:29Z" duration="0.000128" asserts="0">
                <properties>
                  <property name="retryIteration" value="0" />
                  <property name="repeatIteration" value="0" />
                </properties>
              </test-case>
              <test-case id="1136" name="RebuildIndexMaps_AfterNodeRemoval_CorrectIndices" fullname="KexEdit.Graph.Tests.GraphSerializationTests.RebuildIndexMaps_AfterNodeRemoval_CorrectIndices" methodname="RebuildIndexMaps_AfterNodeRemoval_CorrectIndices" classname="KexEdit.Graph.Tests.GraphSerializationTests" runstate="Runnable" seed="1689333882" result="Passed" start-time="2026-01-09 22:21:29Z" end-time="2026-01-09 22:21:29Z" duration="0.001217" asserts="0">
                <properties>
                  <property name="retryIteration" value="0" />
                  <property name="repeatIteration" value="0" />
                </properties>
              </test-case>
              <test-case id="1135" name="RebuildIndexMaps_CalledMultipleTimes_Idempotent" fullname="KexEdit.Graph.Tests.GraphSerializationTests.RebuildIndexMaps_CalledMultipleTimes_Idempotent" methodname="RebuildIndexMaps_CalledMultipleTimes_Idempotent" classname="KexEdit.Graph.Tests.GraphSerializationTests" runstate="Runnable" seed="124107916" result="Passed" start-time="2026-01-09 22:21:29Z" end-time="2026-01-09 22:21:29Z" duration="0.000154" asserts="0">
                <properties>
                  <property name="retryIteration" value="0" />
                  <property name="repeatIteration" value="0" />
                </properties>
              </test-case>
              <test-case id="1130" name="RebuildIndexMaps_EmptyGraph_Succeeds" fullname="KexEdit.Graph.Tests.GraphSerializationTests.RebuildIndexMaps_EmptyGraph_Succeeds" methodname="RebuildIndexMaps_EmptyGraph_Succeeds" classname="KexEdit.Graph.Tests.GraphSerializationTests" runstate="Runnable" seed="1880631363" result="Passed" start-time="2026-01-09 22:21:29Z" end-time="2026-01-09 22:21:29Z" duration="0.000144" asserts="0">
                <properties>
                  <property name="retryIteration" value="0" />
                  <property name="repeatIteration" value="0" />
                </properties>
              </test-case>
              <test-case id="1133" name="RebuildIndexMaps_FullGraph_RebuildsAllIndexMaps" fullname="KexEdit.Graph.Tests.GraphSerializationTests.RebuildIndexMaps_FullGraph_RebuildsAllIndexMaps" methodname="RebuildIndexMaps_FullGraph_RebuildsAllIndexMaps" classname="KexEdit.Graph.Tests.GraphSerializationTests" runstate="Runnable" seed="1815191991" result="Passed" start-time="2026-01-09 22:21:29Z" end-time="2026-01-09 22:21:29Z" duration="0.000192" asserts="0">
                <properties>
                  <property name="retryIteration" value="0" />
                  <property name="repeatIteration" value="0" />
                </properties>
              </test-case>
              <test-case id="1132" name="RebuildIndexMaps_NodesAndPorts_RebuildsPortIndexMap" fullname="KexEdit.Graph.Tests.GraphSerializationTests.RebuildIndexMaps_NodesAndPorts_RebuildsPortIndexMap" methodname="RebuildIndexMaps_NodesAndPorts_RebuildsPortIndexMap" classname="KexEdit.Graph.Tests.GraphSerializationTests" runstate="Runnable" seed="1799028827" result="Passed" start-time="2026-01-09 22:21:29Z" end-time="2026-01-09 22:21:29Z" duration="0.000198" asserts="0">
                <properties>
                  <property name="retryIteration" value="0" />
                  <property name="repeatIteration" value="0" />
                </properties>
              </test-case>
              <test-case id="1131" name="RebuildIndexMaps_NodesOnly_RebuildsNodeIndexMap" fullname="KexEdit.Graph.Tests.GraphSerializationTests.RebuildIndexMaps_NodesOnly_RebuildsNodeIndexMap" methodname="RebuildIndexMaps_NodesOnly_RebuildsNodeIndexMap" classname="KexEdit.Graph.Tests.GraphSerializationTests" runstate="Runnable" seed="962019283" result="Passed" start-time="2026-01-09 22:21:29Z" end-time="2026-01-09 22:21:29Z" duration="0.000213" asserts="0">
                <properties>
                  <property name="retryIteration" value="0" />
                  <property name="repeatIteration" value="0" />
                </properties>
              </test-case>
              <test-case id="1134" name="SimulateRoundTrip_ComplexGraph_PreservesStructure" fullname="KexEdit.Graph.Tests.GraphSerializationTests.SimulateRoundTrip_ComplexGraph_PreservesStructure" methodname="SimulateRoundTrip_ComplexGraph_PreservesStructure" classname="KexEdit.Graph.Tests.GraphSerializationTests" runstate="Runnable" seed="330880086" result="Passed" start-time="2026-01-09 22:21:29Z" end-time="2026-01-09 22:21:29Z" duration="0.003706" asserts="0">
                <properties>
                  <property name="retryIteration" value="0" />
                  <property name="repeatIteration" value="0" />
                </properties>
              </test-case>
            </test-suite>
            <test-suite type="TestFixture" id="1137" name="GraphStructureTests" fullname="KexEdit.Graph.Tests.GraphStructureTests" classname="KexEdit.Graph.Tests.GraphStructureTests" runstate="Runnable" testcasecount="5" result="Passed" start-time="2026-01-09 22:21:29Z" end-time="2026-01-09 22:21:29Z" duration="0.002404" total="5" passed="5" failed="0" inconclusive="0" skipped="0" asserts="0">
              <properties>
                <property name="Category" value="Unit" />
              </properties>
              <test-case id="1138" name="Graph_Create_AllocatesLists" fullname="KexEdit.Graph.Tests.GraphStructureTests.Graph_Create_AllocatesLists" methodname="Graph_Create_AllocatesLists" classname="KexEdit.Graph.Tests.GraphStructureTests" runstate="Runnable" seed="1589294604" result="Passed" start-time="2026-01-09 22:21:29Z" end-time="2026-01-09 22:21:29Z" duration="0.000287" asserts="0">
                <properties>
                  <property name="retryIteration" value="0" />
                  <property name="repeatIteration" value="0" />
                </properties>
              </test-case>
              <test-case id="1139" name="Graph_Dispose_FreesMemory" fullname="KexEdit.Graph.Tests.GraphStructureTests.Graph_Dispose_FreesMemory" methodname="Graph_Dispose_FreesMemory" classname="KexEdit.Graph.Tests.GraphStructureTests" runstate="Runnable" seed="1575205077" result="Passed" start-time="2026-01-09 22:21:29Z" end-time="2026-01-09 22:21:29Z" duration="0.000199" asserts="0">
                <properties>
                  <property name="retryIteration" value="0" />
                  <property name="repeatIteration" value="0" />
                </properties>
              </test-case>
              <test-case id="1142" name="Graph_EdgeCount_ReturnsCorrectValue" fullname="KexEdit.Graph.Tests.GraphStructureTests.Graph_EdgeCount_ReturnsCorrectValue" methodname="Graph_EdgeCount_ReturnsCorrectValue" classname="KexEdit.Graph.Tests.GraphStructureTests" runstate="Runnable" seed="344817032" result="Passed" start-time="2026-01-09 22:21:29Z" end-time="2026-01-09 22:21:29Z" duration="0.000169" asserts="0">
                <properties>
                  <property name="retryIteration" value="0" />
                  <property name="repeatIteration" value="0" />
                </properties>
              </test-case>
              <test-case id="1140" name="Graph_NodeCount_ReturnsCorrectValue" fullname="KexEdit.Graph.Tests.GraphStructureTests.Graph_NodeCount_ReturnsCorrectValue" methodname="Graph_NodeCount_ReturnsCorrectValue" classname="KexEdit.Graph.Tests.GraphStructureTests" runstate="Runnable" seed="180122539" result="Passed" start-time="2026-01-09 22:21:29Z" end-time="2026-01-09 22:21:29Z" duration="0.000168" asserts="0">
                <properties>
                  <property name="retryIteration" value="0" />
                  <property name="repeatIteration" value="0" />
                </properties>
              </test-case>
              <test-case id="1141" name="Graph_PortCount_ReturnsCorrectValue" fullname="KexEdit.Graph.Tests.GraphStructureTests.Graph_PortCount_ReturnsCorrectValue" methodname="Graph_PortCount_ReturnsCorrectValue" classname="KexEdit.Graph.Tests.GraphStructureTests" runstate="Runnable" seed="817059343" result="Passed" start-time="2026-01-09 22:21:29Z" end-time="2026-01-09 22:21:29Z" duration="0.000159" asserts="0">
                <properties>
                  <property name="retryIteration" value="0" />
                  <property name="repeatIteration" value="0" />
                </properties>
              </test-case>
            </test-suite>
            <test-suite type="TestFixture" id="1143" name="GraphValidationTests" fullname="KexEdit.Graph.Tests.GraphValidationTests" classname="KexEdit.Graph.Tests.GraphValidationTests" runstate="Runnable" testcasecount="7" result="Passed" start-time="2026-01-09 22:21:29Z" end-time="2026-01-09 22:21:29Z" duration="0.004818" total="7" passed="7" failed="0" inconclusive="0" skipped="0" asserts="0">
              <properties>
                <property name="Category" value="Unit" />
              </properties>
              <test-case id="1149" name="HasCycle_ComplexCycle_ReturnsTrue" fullname="KexEdit.Graph.Tests.GraphValidationTests.HasCycle_ComplexCycle_ReturnsTrue" methodname="HasCycle_ComplexCycle_ReturnsTrue" classname="KexEdit.Graph.Tests.GraphValidationTests" runstate="Runnable" seed="130560193" result="Passed" start-time="2026-01-09 22:21:29Z" end-time="2026-01-09 22:21:29Z" duration="0.002137" asserts="0">
                <properties>
                  <property name="retryIteration" value="0" />
                  <property name="repeatIteration" value="0" />
                </properties>
              </test-case>
              <test-case id="1150" name="HasCycle_DiamondShape_ReturnsFalse" fullname="KexEdit.Graph.Tests.GraphValidationTests.HasCycle_DiamondShape_ReturnsFalse" methodname="HasCycle_DiamondShape_ReturnsFalse" classname="KexEdit.Graph.Tests.GraphValidationTests" runstate="Runnable" seed="2103432440" result="Passed" start-time="2026-01-09 22:21:29Z" end-time="2026-01-09 22:21:29Z" duration="0.000304" asserts="0">
                <properties>
                  <property name="retryIteration" value="0" />
                  <property name="repeatIteration" value="0" />
                </properties>
              </test-case>
              <test-case id="1144" name="HasCycle_EmptyGraph_ReturnsFalse" fullname="KexEdit.Graph.Tests.GraphValidationTests.HasCycle_EmptyGraph_ReturnsFalse" methodname="HasCycle_EmptyGraph_ReturnsFalse" classname="KexEdit.Graph.Tests.GraphValidationTests" runstate="Runnable" seed="707494334" result="Passed" start-time="2026-01-09 22:21:29Z" end-time="2026-01-09 22:21:29Z" duration="0.000154" asserts="0">
                <properties>
                  <property name="retryIteration" value="0" />
                  <property name="repeatIteration" value="0" />
                </properties>
              </test-case>
              <test-case id="1146" name="HasCycle_LinearChain_ReturnsFalse" fullname="KexEdit.Graph.Tests.GraphValidationTests.HasCycle_LinearChain_ReturnsFalse" methodname="HasCycle_LinearChain_ReturnsFalse" classname="KexEdit.Graph.Tests.GraphValidationTests" runstate="Runnable" seed="250141467" result="Passed" start-time="2026-01-09 22:21:29Z" end-time="2026-01-09 22:21:29Z" duration="0.000168" asserts="0">
                <properties>
                  <property name="retryIteration" value="0" />
                  <property name="repeatIteration" value="0" />
                </properties>
              </test-case>
              <test-case id="1148" name="HasCycle_SelfLoop_ReturnsTrue" fullname="KexEdit.Graph.Tests.GraphValidationTests.HasCycle_SelfLoop_ReturnsTrue" methodname="HasCycle_SelfLoop_ReturnsTrue" classname="KexEdit.Graph.Tests.GraphValidationTests" runstate="Runnable" seed="1434193741" result="Passed" start-time="2026-01-09 22:21:29Z" end-time="2026-01-09 22:21:29Z" duration="0.000140" asserts="0">
                <properties>
                  <property name="retryIteration" value="0" />
                  <property name="repeatIteration" value="0" />
                </properties>
              </test-case>
              <test-case id="1147" name="HasCycle_SimpleCycle_ReturnsTrue" fullname="KexEdit.Graph.Tests.GraphValidationTests.HasCycle_SimpleCycle_ReturnsTrue" methodname="HasCycle_SimpleCycle_ReturnsTrue" classname="KexEdit.Graph.Tests.GraphValidationTests" runstate="Runnable" seed="1561626599" result="Passed" start-time="2026-01-09 22:21:29Z" end-time="2026-01-09 22:21:29Z" duration="0.000156" asserts="0">
                <properties>
                  <property name="retryIteration" value="0" />
                  <property name="repeatIteration" value="0" />
                </properties>
              </test-case>
              <test-case id="1145" name="HasCycle_SingleNode_ReturnsFalse" fullname="KexEdit.Graph.Tests.GraphValidationTests.HasCycle_SingleNode_ReturnsFalse" methodname="HasCycle_SingleNode_ReturnsFalse" classname="KexEdit.Graph.Tests.GraphValidationTests" runstate="Runnable" seed="123805025" result="Passed" start-time="2026-01-09 22:21:29Z" end-time="2026-01-09 22:21:29Z" duration="0.000125" asserts="0">
                <properties>
                  <property name="retryIteration" value="0" />
                  <property name="repeatIteration" value="0" />
                </properties>
              </test-case>
            </test-suite>
          </test-suite>
        </test-suite>
        <test-suite type="TestSuite" id="1623" name="Tests" fullname="KexEdit.Tests" runstate="Runnable" testcasecount="6" result="Passed" start-time="2026-01-09 22:21:29Z" end-time="2026-01-09 22:21:29Z" duration="0.010882" total="6" passed="6" failed="0" inconclusive="0" skipped="0" asserts="0">
          <properties />
          <test-suite type="TestSuite" id="1624" name="RustCore" fullname="KexEdit.Tests.RustCore" runstate="Runnable" testcasecount="6" result="Passed" start-time="2026-01-09 22:21:29Z" end-time="2026-01-09 22:21:29Z" duration="0.010465" total="6" passed="6" failed="0" inconclusive="0" skipped="0" asserts="0">
            <properties />
            <test-suite type="TestFixture" id="1066" name="RustFrameTests" fullname="KexEdit.Tests.RustCore.RustFrameTests" classname="KexEdit.Tests.RustCore.RustFrameTests" runstate="Runnable" testcasecount="6" result="Passed" start-time="2026-01-09 22:21:29Z" end-time="2026-01-09 22:21:29Z" duration="0.010062" total="6" passed="6" failed="0" inconclusive="0" skipped="0" asserts="0">
              <properties />
              <test-case id="1072" name="TestRollMatchesCSharp" fullname="KexEdit.Tests.RustCore.RustFrameTests.TestRollMatchesCSharp" methodname="TestRollMatchesCSharp" classname="KexEdit.Tests.RustCore.RustFrameTests" runstate="Runnable" seed="2015036060" result="Passed" start-time="2026-01-09 22:21:29Z" end-time="2026-01-09 22:21:29Z" duration="0.004110" asserts="0">
                <properties>
                  <property name="retryIteration" value="0" />
                  <property name="repeatIteration" value="0" />
                </properties>
              </test-case>
              <test-case id="1068" name="TestRotateAroundMatchesCSharp" fullname="KexEdit.Tests.RustCore.RustFrameTests.TestRotateAroundMatchesCSharp" methodname="TestRotateAroundMatchesCSharp" classname="KexEdit.Tests.RustCore.RustFrameTests" runstate="Runnable" seed="67517341" result="Passed" start-time="2026-01-09 22:21:29Z" end-time="2026-01-09 22:21:29Z" duration="0.001959" asserts="0">
                <properties>
                  <property name="retryIteration" value="0" />
                  <property name="repeatIteration" value="0" />
                </properties>
              </test-case>
              <test-case id="1067" name="TestRustFrameConversion" fullname="KexEdit.Tests.RustCore.RustFrameTests.TestRustFrameConversion" methodname="TestRustFrameConversion" classname="KexEdit.Tests.RustCore.RustFrameTests" runstate="Runnable" seed="1683938590" result="Passed" start-time="2026-01-09 22:21:29Z" end-time="2026-01-09 22:21:29Z" duration="0.000147" asserts="0">
                <properties>
                  <property name="retryIteration" value="0" />
                  <property name="repeatIteration" value="0" />
                </properties>
              </test-case>
              <test-case id="1070" name="TestWithPitchMatchesCSharp" fullname="KexEdit.Tests.RustCore.RustFrameTests.TestWithPitchMatchesCSharp" methodname="TestWithPitchMatchesCSharp" classname="KexEdit.Tests.RustCore.RustFrameTests" runstate="Runnable" seed="6437865" result="Passed" start-time="2026-01-09 22:21:29Z" end-time="2026-01-09 22:21:29Z" duration="0.001350" asserts="0">
                <properties>
                  <property name="retryIteration" value="0" />
                  <property name="repeatIteration" value="0" />
                </properties>
              </test-case>
              <test-case id="1069" name="TestWithRollMatchesCSharp" fullname="KexEdit.Tests.RustCore.RustFrameTests.TestWithRollMatchesCSharp" methodname="TestWithRollMatchesCSharp" classname="KexEdit.Tests.RustCore.RustFrameTests" runstate="Runnable" seed="1095413304" result="Passed" start-time="2026-01-09 22:21:29Z" end-time="2026-01-09 22:21:29Z" duration="0.000224" asserts="0">
                <properties>
                  <property name="retryIteration" value="0" />
                  <property name="repeatIteration" value="0" />
                </properties>
              </test-case>
              <test-case id="1071" name="TestWithYawMatchesCSharp" fullname="KexEdit.Tests.RustCore.RustFrameTests.TestWithYawMatchesCSharp" methodname="TestWithYawMatchesCSharp" classname="KexEdit.Tests.RustCore.RustFrameTests" runstate="Runnable" seed="112857718" result="Passed" start-time="2026-01-09 22:21:29Z" end-time="2026-01-09 22:21:29Z" duration="0.001217" asserts="0">
                <properties>
                  <property name="retryIteration" value="0" />
                  <property name="repeatIteration" value="0" />
                </properties>
              </test-case>
            </test-suite>
          </test-suite>
        </test-suite>
      </test-suite>
      <test-suite type="TestSuite" id="1618" name="NodeGraph" fullname="NodeGraph" runstate="Runnable" testcasecount="27" result="Passed" start-time="2026-01-09 22:21:29Z" end-time="2026-01-09 22:21:29Z" duration="0.019111" total="27" passed="27" failed="0" inconclusive="0" skipped="0" asserts="0">
        <properties />
        <test-suite type="TestSuite" id="1619" name="Tests" fullname="NodeGraph.Tests" runstate="Runnable" testcasecount="27" result="Passed" start-time="2026-01-09 22:21:29Z" end-time="2026-01-09 22:21:29Z" duration="0.018455" total="27" passed="27" failed="0" inconclusive="0" skipped="0" asserts="0">
          <properties />
          <test-suite type="TestFixture" id="1044" name="ConnectionValidatorTests" fullname="NodeGraph.Tests.ConnectionValidatorTests" classname="NodeGraph.Tests.ConnectionValidatorTests" runstate="Runnable" testcasecount="11" result="Passed" start-time="2026-01-09 22:21:29Z" end-time="2026-01-09 22:21:29Z" duration="0.007271" total="11" passed="11" failed="0" inconclusive="0" skipped="0" asserts="0">
            <properties>
              <property name="Category" value="Unit" />
            </properties>
            <test-case id="1051" name="AddValidatedEdge_InvalidConnection_ReturnsZero" fullname="NodeGraph.Tests.ConnectionValidatorTests.AddValidatedEdge_InvalidConnection_ReturnsZero" methodname="AddValidatedEdge_InvalidConnection_ReturnsZero" classname="NodeGraph.Tests.ConnectionValidatorTests" runstate="Runnable" seed="648502276" result="Passed" start-time="2026-01-09 22:21:29Z" end-time="2026-01-09 22:21:29Z" duration="0.001140" asserts="0">
              <properties>
                <property name="retryIteration" value="0" />
                <property name="repeatIteration" value="0" />
              </properties>
            </test-case>
            <test-case id="1050" name="AddValidatedEdge_ValidConnection_CreatesEdge" fullname="NodeGraph.Tests.ConnectionValidatorTests.AddValidatedEdge_ValidConnection_CreatesEdge" methodname="AddValidatedEdge_ValidConnection_CreatesEdge" classname="NodeGraph.Tests.ConnectionValidatorTests" runstate="Runnable" seed="1202573160" result="Passed" start-time="2026-01-09 22:21:29Z" end-time="2026-01-09 22:21:29Z" duration="0.000386" asserts="0">
              <properties>
                <property name="retryIteration" value="0" />
                <property name="repeatIteration" value="0" />
              </properties>
            </test-case>
            <test-case id="1052" name="ValidateAllEdges_ValidGraph_ReturnsTrue" fullname="NodeGraph.Tests.ConnectionValidatorTests.ValidateAllEdges_ValidGraph_ReturnsTrue" methodname="ValidateAllEdges_ValidGraph_ReturnsTrue" classname="NodeGraph.Tests.ConnectionValidatorTests" runstate="Runnable" seed="589694529" result="Passed" start-time="2026-01-09 22:21:29Z" end-time="2026-01-09 22:21:29Z" duration="0.001009" asserts="0">
              <properties>
                <property name="retryIteration" value="0" />
                <property name="repeatIteration" value="0" />
              </properties>
            </test-case>
            <test-case id="1045" name="ValidateConnection_CompatiblePorts_ReturnsSuccess" fullname="NodeGraph.Tests.ConnectionValidatorTests.ValidateConnection_CompatiblePorts_ReturnsSuccess" methodname="ValidateConnection_CompatiblePorts_ReturnsSuccess" classname="NodeGraph.Tests.ConnectionValidatorTests" runstate="Runnable" seed="1142080639" result="Passed" start-time="2026-01-09 22:21:29Z" end-time="2026-01-09 22:21:29Z" duration="0.001126" asserts="0">
              <properties>
                <property name="retryIteration" value="0" />
                <property name="repeatIteration" value="0" />
              </properties>
            </test-case>
            <test-case id="1046" name="ValidateConnection_IncompatibleTypes_ReturnsError" fullname="NodeGraph.Tests.ConnectionValidatorTests.ValidateConnection_IncompatibleTypes_ReturnsError" methodname="ValidateConnection_IncompatibleTypes_ReturnsError" classname="NodeGraph.Tests.ConnectionValidatorTests" runstate="Runnable" seed="1038121739" result="Passed" start-time="2026-01-09 22:21:29Z" end-time="2026-01-09 22:21:29Z" duration="0.000304" asserts="0">
              <properties>
                <property name="retryIteration" value="0" />
                <property name="repeatIteration" value="0" />
              </properties>
            </test-case>
            <test-case id="1048" name="ValidateConnection_InputToOutput_ReturnsError" fullname="NodeGraph.Tests.ConnectionValidatorTests.ValidateConnection_InputToOutput_ReturnsError" methodname="ValidateConnection_InputToOutput_ReturnsError" classname="NodeGraph.Tests.ConnectionValidatorTests" runstate="Runnable" seed="304272772" result="Passed" start-time="2026-01-09 22:21:29Z" end-time="2026-01-09 22:21:29Z" duration="0.000284" asserts="0">
              <properties>
                <property name="retryIteration" value="0" />
                <property name="repeatIteration" value="0" />
              </properties>
            </test-case>
            <test-case id="1047" name="ValidateConnection_OutputToOutput_ReturnsError" fullname="NodeGraph.Tests.ConnectionValidatorTests.ValidateConnection_OutputToOutput_ReturnsError" methodname="ValidateConnection_OutputToOutput_ReturnsError" classname="NodeGraph.Tests.ConnectionValidatorTests" runstate="Runnable" seed="1427268317" result="Passed" start-time="2026-01-09 22:21:29Z" end-time="2026-01-09 22:21:29Z" duration="0.000278" asserts="0">
              <properties>
                <property name="retryIteration" value="0" />
                <property name="repeatIteration" value="0" />
              </properties>
            </test-case>
            <test-case id="1053" name="ValidateConnection_ScalarToScalarInput_ReturnsSuccess" fullname="NodeGraph.Tests.ConnectionValidatorTests.ValidateConnection_ScalarToScalarInput_ReturnsSuccess" methodname="ValidateConnection_ScalarToScalarInput_ReturnsSuccess" classname="NodeGraph.Tests.ConnectionValidatorTests" runstate="Runnable" seed="125401772" result="Passed" start-time="2026-01-09 22:21:29Z" end-time="2026-01-09 22:21:29Z" duration="0.000273" asserts="0">
              <properties>
                <property name="retryIteration" value="0" />
                <property name="repeatIteration" value="0" />
              </properties>
            </test-case>
            <test-case id="1055" name="ValidateConnection_ScalarToVectorInput_ReturnsError" fullname="NodeGraph.Tests.ConnectionValidatorTests.ValidateConnection_ScalarToVectorInput_ReturnsError" methodname="ValidateConnection_ScalarToVectorInput_ReturnsError" classname="NodeGraph.Tests.ConnectionValidatorTests" runstate="Runnable" seed="2070960425" result="Passed" start-time="2026-01-09 22:21:29Z" end-time="2026-01-09 22:21:29Z" duration="0.000311" asserts="0">
              <properties>
                <property name="retryIteration" value="0" />
                <property name="repeatIteration" value="0" />
              </properties>
            </test-case>
            <test-case id="1049" name="ValidateConnection_SelfConnection_ReturnsError" fullname="NodeGraph.Tests.ConnectionValidatorTests.ValidateConnection_SelfConnection_ReturnsError" methodname="ValidateConnection_SelfConnection_ReturnsError" classname="NodeGraph.Tests.ConnectionValidatorTests" runstate="Runnable" seed="1774578553" result="Passed" start-time="2026-01-09 22:21:29Z" end-time="2026-01-09 22:21:29Z" duration="0.000279" asserts="0">
              <properties>
                <property name="retryIteration" value="0" />
                <property name="repeatIteration" value="0" />
              </properties>
            </test-case>
            <test-case id="1054" name="ValidateConnection_VectorToPositionInput_ReturnsSuccess" fullname="NodeGraph.Tests.ConnectionValidatorTests.ValidateConnection_VectorToPositionInput_ReturnsSuccess" methodname="ValidateConnection_VectorToPositionInput_ReturnsSuccess" classname="NodeGraph.Tests.ConnectionValidatorTests" runstate="Runnable" seed="343468008" result="Passed" start-time="2026-01-09 22:21:29Z" end-time="2026-01-09 22:21:29Z" duration="0.000273" asserts="0">
              <properties>
                <property name="retryIteration" value="0" />
                <property name="repeatIteration" value="0" />
              </properties>
            </test-case>
          </test-suite>
          <test-suite type="TestFixture" id="1026" name="PortSpecLookupTests" fullname="NodeGraph.Tests.PortSpecLookupTests" classname="NodeGraph.Tests.PortSpecLookupTests" runstate="Runnable" testcasecount="7" result="Passed" start-time="2026-01-09 22:21:29Z" end-time="2026-01-09 22:21:29Z" duration="0.005201" total="7" passed="7" failed="0" inconclusive="0" skipped="0" asserts="0">
            <properties>
              <property name="Category" value="Unit" />
            </properties>
            <test-case id="1031" name="TryGetInput_FindsCorrectPort" fullname="NodeGraph.Tests.PortSpecLookupTests.TryGetInput_FindsCorrectPort" methodname="TryGetInput_FindsCorrectPort" classname="NodeGraph.Tests.PortSpecLookupTests" runstate="Runnable" seed="1205241415" result="Passed" start-time="2026-01-09 22:21:29Z" end-time="2026-01-09 22:21:29Z" duration="0.000840" asserts="0">
              <properties>
                <property name="retryIteration" value="0" />
                <property name="repeatIteration" value="0" />
              </properties>
            </test-case>
            <test-case id="1032" name="TryGetInput_InvalidIndex_ReturnsFalse" fullname="NodeGraph.Tests.PortSpecLookupTests.TryGetInput_InvalidIndex_ReturnsFalse" methodname="TryGetInput_InvalidIndex_ReturnsFalse" classname="NodeGraph.Tests.PortSpecLookupTests" runstate="Runnable" seed="1464231385" result="Passed" start-time="2026-01-09 22:21:29Z" end-time="2026-01-09 22:21:29Z" duration="0.000149" asserts="0">
              <properties>
                <property name="retryIteration" value="0" />
                <property name="repeatIteration" value="0" />
              </properties>
            </test-case>
            <test-case id="1028" name="TryGetInputBySpec_Bridge_FindsBothAnchors" fullname="NodeGraph.Tests.PortSpecLookupTests.TryGetInputBySpec_Bridge_FindsBothAnchors" methodname="TryGetInputBySpec_Bridge_FindsBothAnchors" classname="NodeGraph.Tests.PortSpecLookupTests" runstate="Runnable" seed="1699728521" result="Passed" start-time="2026-01-09 22:21:29Z" end-time="2026-01-09 22:21:29Z" duration="0.001034" asserts="0">
              <properties>
                <property name="retryIteration" value="0" />
                <property name="repeatIteration" value="0" />
              </properties>
            </test-case>
            <test-case id="1027" name="TryGetInputBySpec_FindsCorrectPort" fullname="NodeGraph.Tests.PortSpecLookupTests.TryGetInputBySpec_FindsCorrectPort" methodname="TryGetInputBySpec_FindsCorrectPort" classname="NodeGraph.Tests.PortSpecLookupTests" runstate="Runnable" seed="13749962" result="Passed" start-time="2026-01-09 22:21:29Z" end-time="2026-01-09 22:21:29Z" duration="0.000240" asserts="0">
              <properties>
                <property name="retryIteration" value="0" />
                <property name="repeatIteration" value="0" />
              </properties>
            </test-case>
            <test-case id="1029" name="TryGetInputBySpec_NonexistentIndex_ReturnsFalse" fullname="NodeGraph.Tests.PortSpecLookupTests.TryGetInputBySpec_NonexistentIndex_ReturnsFalse" methodname="TryGetInputBySpec_NonexistentIndex_ReturnsFalse" classname="NodeGraph.Tests.PortSpecLookupTests" runstate="Runnable" seed="1300098350" result="Passed" start-time="2026-01-09 22:21:29Z" end-time="2026-01-09 22:21:29Z" duration="0.000170" asserts="0">
              <properties>
                <property name="retryIteration" value="0" />
                <property name="repeatIteration" value="0" />
              </properties>
            </test-case>
            <test-case id="1033" name="TryGetOutput_FindsCorrectPort" fullname="NodeGraph.Tests.PortSpecLookupTests.TryGetOutput_FindsCorrectPort" methodname="TryGetOutput_FindsCorrectPort" classname="NodeGraph.Tests.PortSpecLookupTests" runstate="Runnable" seed="1145844555" result="Passed" start-time="2026-01-09 22:21:29Z" end-time="2026-01-09 22:21:29Z" duration="0.000746" asserts="0">
              <properties>
                <property name="retryIteration" value="0" />
                <property name="repeatIteration" value="0" />
              </properties>
            </test-case>
            <test-case id="1030" name="TryGetOutputBySpec_FindsPathPort" fullname="NodeGraph.Tests.PortSpecLookupTests.TryGetOutputBySpec_FindsPathPort" methodname="TryGetOutputBySpec_FindsPathPort" classname="NodeGraph.Tests.PortSpecLookupTests" runstate="Runnable" seed="225964863" result="Passed" start-time="2026-01-09 22:21:29Z" end-time="2026-01-09 22:21:29Z" duration="0.000861" asserts="0">
              <properties>
                <property name="retryIteration" value="0" />
                <property name="repeatIteration" value="0" />
              </properties>
            </test-case>
          </test-suite>
          <test-suite type="TestFixture" id="1034" name="TypedGraphTests" fullname="NodeGraph.Tests.TypedGraphTests" classname="NodeGraph.Tests.TypedGraphTests" runstate="Runnable" testcasecount="9" result="Passed" start-time="2026-01-09 22:21:29Z" end-time="2026-01-09 22:21:29Z" duration="0.005253" total="9" passed="9" failed="0" inconclusive="0" skipped="0" asserts="0">
            <properties>
              <property name="Category" value="Unit" />
            </properties>
[...]
              <properties>
                <property name="retryIteration" value="0" />
                <property name="repeatIteration" value="0" />
              </properties>
            </test-case>
            <test-case id="1601" name="Shuttle_LastTraversalIsRev_ExitPointIsStartIndex" fullname="Tests.Trains.SpatialContinuationTests.Shuttle_LastTraversalIsRev_ExitPointIsStartIndex" methodname="Shuttle_LastTraversalIsRev_ExitPointIsStartIndex" classname="Tests.Trains.SpatialContinuationTests" runstate="Runnable" seed="368579217" result="Passed" start-time="2026-01-09 22:21:39Z" end-time="2026-01-09 22:21:39Z" duration="0.002230" asserts="0">
              <properties>
                <property name="retryIteration" value="0" />
                <property name="repeatIteration" value="0" />
              </properties>
            </test-case>
            <test-case id="1598" name="Shuttle_Scenario1_FirstTraversalPrev_HasOppositeDirection" fullname="Tests.Trains.SpatialContinuationTests.Shuttle_Scenario1_FirstTraversalPrev_HasOppositeDirection" methodname="Shuttle_Scenario1_FirstTraversalPrev_HasOppositeDirection" classname="Tests.Trains.SpatialContinuationTests" runstate="Runnable" seed="1324865337" result="Passed" start-time="2026-01-09 22:21:39Z" end-time="2026-01-09 22:21:39Z" duration="0.002519" asserts="0">
              <properties>
                <property name="retryIteration" value="0" />
                <property name="repeatIteration" value="0" />
              </properties>
            </test-case>
            <test-case id="1597" name="Shuttle_Scenario1_FirstTraversalPrev_IsCosmetic" fullname="Tests.Trains.SpatialContinuationTests.Shuttle_Scenario1_FirstTraversalPrev_IsCosmetic" methodname="Shuttle_Scenario1_FirstTraversalPrev_IsCosmetic" classname="Tests.Trains.SpatialContinuationTests" runstate="Runnable" seed="22404079" result="Passed" start-time="2026-01-09 22:21:39Z" end-time="2026-01-09 22:21:39Z" duration="0.002184" asserts="0">
              <properties>
                <property name="retryIteration" value="0" />
                <property name="repeatIteration" value="0" />
              </properties>
            </test-case>
            <test-case id="1600" name="Shuttle_Scenario4_LastTraversalNext_HasSameDirection" fullname="Tests.Trains.SpatialContinuationTests.Shuttle_Scenario4_LastTraversalNext_HasSameDirection" methodname="Shuttle_Scenario4_LastTraversalNext_HasSameDirection" classname="Tests.Trains.SpatialContinuationTests" runstate="Runnable" seed="2032954769" result="Passed" start-time="2026-01-09 22:21:39Z" end-time="2026-01-09 22:21:39Z" duration="0.002582" asserts="0">
              <properties>
                <property name="retryIteration" value="0" />
                <property name="repeatIteration" value="0" />
              </properties>
            </test-case>
            <test-case id="1599" name="Shuttle_Scenario4_LastTraversalNext_IsCosmetic" fullname="Tests.Trains.SpatialContinuationTests.Shuttle_Scenario4_LastTraversalNext_IsCosmetic" methodname="Shuttle_Scenario4_LastTraversalNext_IsCosmetic" classname="Tests.Trains.SpatialContinuationTests" runstate="Runnable" seed="1155344802" result="Passed" start-time="2026-01-09 22:21:39Z" end-time="2026-01-09 22:21:39Z" duration="0.002141" asserts="0">
              <properties>
                <property name="retryIteration" value="0" />
                <property name="repeatIteration" value="0" />
              </properties>
            </test-case>
            <test-case id="1606" name="Shuttle_TraversalEndpoints_CosmeticContinuationsHaveFrameAlignment" fullname="Tests.Trains.SpatialContinuationTests.Shuttle_TraversalEndpoints_CosmeticContinuationsHaveFrameAlignment" methodname="Shuttle_TraversalEndpoints_CosmeticContinuationsHaveFrameAlignment" classname="Tests.Trains.SpatialContinuationTests" runstate="Runnable" seed="554705723" result="Passed" start-time="2026-01-09 22:21:39Z" end-time="2026-01-09 22:21:39Z" duration="0.002916" asserts="0">
              <properties>
                <property name="retryIteration" value="0" />
                <property name="repeatIteration" value="0" />
              </properties>
            </test-case>
            <test-case id="1605" name="Switch_SpikeSection_HasSameTrainDirectionAsCopyPathExit" fullname="Tests.Trains.SpatialContinuationTests.Switch_SpikeSection_HasSameTrainDirectionAsCopyPathExit" methodname="Switch_SpikeSection_HasSameTrainDirectionAsCopyPathExit" classname="Tests.Trains.SpatialContinuationTests" runstate="Runnable" seed="491026140" result="Passed" start-time="2026-01-09 22:21:39Z" end-time="2026-01-09 22:21:39Z" duration="0.002343" asserts="0">
              <properties>
                <property name="retryIteration" value="0" />
                <property name="repeatIteration" value="0" />
              </properties>
            </test-case>
            <test-case id="1603" name="Veloci_Scenario5_CircuitCompletion_PositionsMatch" fullname="Tests.Trains.SpatialContinuationTests.Veloci_Scenario5_CircuitCompletion_PositionsMatch" methodname="Veloci_Scenario5_CircuitCompletion_PositionsMatch" classname="Tests.Trains.SpatialContinuationTests" runstate="Runnable" seed="228056210" result="Passed" start-time="2026-01-09 22:21:39Z" end-time="2026-01-09 22:21:39Z" duration="0.166451" asserts="0">
              <properties>
                <property name="retryIteration" value="0" />
                <property name="repeatIteration" value="0" />
              </properties>
            </test-case>
            <test-case id="1604" name="Veloci_Scenario6_CircuitCompletion_DirectionsAreAligned" fullname="Tests.Trains.SpatialContinuationTests.Veloci_Scenario6_CircuitCompletion_DirectionsAreAligned" methodname="Veloci_Scenario6_CircuitCompletion_DirectionsAreAligned" classname="Tests.Trains.SpatialContinuationTests" runstate="Runnable" seed="1320914517" result="Passed" start-time="2026-01-09 22:21:39Z" end-time="2026-01-09 22:21:39Z" duration="0.165610" asserts="0">
              <properties>
                <property name="retryIteration" value="0" />
                <property name="repeatIteration" value="0" />
              </properties>
            </test-case>
          </test-suite>
          <test-suite type="TestFixture" id="1607" name="SwitchTraversalTests" fullname="Tests.Trains.SwitchTraversalTests" classname="Tests.Trains.SwitchTraversalTests" runstate="Runnable" testcasecount="3" result="Passed" start-time="2026-01-09 22:21:39Z" end-time="2026-01-09 22:21:39Z" duration="0.032477" total="3" passed="3" failed="0" inconclusive="0" skipped="0" asserts="0">
            <properties>
              <property name="Category" value="Unit" />
            </properties>
            <test-case id="1609" name="Switch_TraverseFullTrack_DirectionsRemainSmooth" fullname="Tests.Trains.SwitchTraversalTests.Switch_TraverseFullTrack_DirectionsRemainSmooth" methodname="Switch_TraverseFullTrack_DirectionsRemainSmooth" classname="Tests.Trains.SwitchTraversalTests" runstate="Runnable" seed="559302339" result="Passed" start-time="2026-01-09 22:21:39Z" end-time="2026-01-09 22:21:39Z" duration="0.012276" asserts="0">
              <properties>
                <property name="retryIteration" value="0" />
                <property name="repeatIteration" value="0" />
              </properties>
            </test-case>
            <test-case id="1608" name="Switch_TraverseFullTrack_PositionsRemainSmooth" fullname="Tests.Trains.SwitchTraversalTests.Switch_TraverseFullTrack_PositionsRemainSmooth" methodname="Switch_TraverseFullTrack_PositionsRemainSmooth" classname="Tests.Trains.SwitchTraversalTests" runstate="Runnable" seed="567866299" result="Passed" start-time="2026-01-09 22:21:39Z" end-time="2026-01-09 22:21:39Z" duration="0.010366" asserts="0">
              <properties>
                <property name="retryIteration" value="0" />
                <property name="repeatIteration" value="0" />
              </properties>
            </test-case>
            <test-case id="1610" name="Switch_TraverseFullTrack_SpacingRemainsSTable" fullname="Tests.Trains.SwitchTraversalTests.Switch_TraverseFullTrack_SpacingRemainsSTable" methodname="Switch_TraverseFullTrack_SpacingRemainsSTable" classname="Tests.Trains.SwitchTraversalTests" runstate="Runnable" seed="984963358" result="Passed" start-time="2026-01-09 22:21:39Z" end-time="2026-01-09 22:21:39Z" duration="0.008377" asserts="0">
              <properties>
                <property name="retryIteration" value="0" />
                <property name="repeatIteration" value="0" />
              </properties>
            </test-case>
          </test-suite>
        </test-suite>
        <test-suite type="TestFixture" id="1569" name="VelociParityTest" fullname="Tests.VelociParityTest" classname="Tests.VelociParityTest" runstate="Runnable" testcasecount="2" result="Passed" start-time="2026-01-09 22:21:39Z" end-time="2026-01-09 22:21:39Z" duration="0.031309" total="2" passed="2" failed="0" inconclusive="0" skipped="0" asserts="0">
          <properties />
          <test-case id="1571" name="Veloci_LegacyToKexd_NoCollisions" fullname="Tests.VelociParityTest.Veloci_LegacyToKexd_NoCollisions" methodname="Veloci_LegacyToKexd_NoCollisions" classname="Tests.VelociParityTest" runstate="Runnable" seed="1446923052" result="Passed" start-time="2026-01-09 22:21:39Z" end-time="2026-01-09 22:21:39Z" duration="0.011108" asserts="0">
            <properties>
              <property name="retryIteration" value="0" />
              <property name="repeatIteration" value="0" />
            </properties>
            <output><![CDATA[After legacy import: 12 nodes
Collected 12 positions after legacy load
After KEXD round-trip: 12 nodes
Collected 12 positions after KEXD round-trip
]]></output>
          </test-case>
          <test-case id="1570" name="Veloci_UndoRedo_PreservesNodePositions" fullname="Tests.VelociParityTest.Veloci_UndoRedo_PreservesNodePositions" methodname="Veloci_UndoRedo_PreservesNodePositions" classname="Tests.VelociParityTest" runstate="Runnable" seed="134119811" result="Passed" start-time="2026-01-09 22:21:39Z" end-time="2026-01-09 22:21:39Z" duration="0.018999" asserts="0">
            <properties>
              <property name="retryIteration" value="0" />
              <property name="repeatIteration" value="0" />
            </properties>
            <output><![CDATA[Original: Node 2 at (-290, 1366)
Original: Node 1 at (-290, 1078)
Original: Node 6 at (-290, 1510)
Original: Node 8 at (-290, 934)
Original: Node 9 at (-290, 550)
Original: Node 5 at (-290, 1222)
Original: Node 4 at (-290, 262)
Original: Node 3 at (94, 1870)
Original: Node 2079899705 at (94, 1534)
Original: Node 11 at (-290, 1846)
Original: Node 2079899704 at (-290, 2206)
Original: Node 10 at (-290, 694)
After legacy load: 12 ECS nodes
Performing undo...
After undo: 12 ECS nodes
Restored: Node 2 at (-280, 1376)
Restored: Node 1 at (-290, 1078)
Restored: Node 6 at (-290, 1510)
Restored: Node 8 at (-290, 934)
Restored: Node 9 at (-290, 550)
Restored: Node 5 at (-290, 1222)
Restored: Node 4 at (-290, 262)
Restored: Node 3 at (94, 1870)
Restored: Node 2079899705 at (94, 1534)
Restored: Node 11 at (-290, 1846)
Restored: Node 2079899704 at (-290, 2206)
Restored: Node 10 at (-290, 694)
]]></output>
          </test-case>
        </test-suite>
        <test-suite type="TestFixture" id="1572" name="ViewStateSerializationTests" fullname="Tests.ViewStateSerializationTests" classname="Tests.ViewStateSerializationTests" runstate="Runnable" testcasecount="5" result="Passed" start-time="2026-01-09 22:21:39Z" end-time="2026-01-09 22:21:39Z" duration="0.003427" total="5" passed="5" failed="0" inconclusive="0" skipped="0" asserts="0">
          <properties />
          <test-case id="1576" name="CoasterWithUIState_RoundTrip_PreservesAll" fullname="Tests.ViewStateSerializationTests.CoasterWithUIState_RoundTrip_PreservesAll" methodname="CoasterWithUIState_RoundTrip_PreservesAll" classname="Tests.ViewStateSerializationTests" runstate="Runnable" seed="344040106" result="Passed" start-time="2026-01-09 22:21:39Z" end-time="2026-01-09 22:21:39Z" duration="0.000753" asserts="0">
            <properties>
              <property name="retryIteration" value="0" />
              <property name="repeatIteration" value="0" />
            </properties>
          </test-case>
          <test-case id="1574" name="UIStateChunk_Default_HasSensibleValues" fullname="Tests.ViewStateSerializationTests.UIStateChunk_Default_HasSensibleValues" methodname="UIStateChunk_Default_HasSensibleValues" classname="Tests.ViewStateSerializationTests" runstate="Runnable" seed="1654040439" result="Passed" start-time="2026-01-09 22:21:39Z" end-time="2026-01-09 22:21:39Z" duration="0.000231" asserts="0">
            <properties>
              <property name="retryIteration" value="0" />
              <property name="repeatIteration" value="0" />
            </properties>
          </test-case>
          <test-case id="1575" name="UIStateChunk_MissingChunk_ReturnsDefault" fullname="Tests.ViewStateSerializationTests.UIStateChunk_MissingChunk_ReturnsDefault" methodname="UIStateChunk_MissingChunk_ReturnsDefault" classname="Tests.ViewStateSerializationTests" runstate="Runnable" seed="983557269" result="Passed" start-time="2026-01-09 22:21:39Z" end-time="2026-01-09 22:21:39Z" duration="0.000300" asserts="0">
            <properties>
              <property name="retryIteration" value="0" />
              <property name="repeatIteration" value="0" />
            </properties>
          </test-case>
          <test-case id="1573" name="UIStateChunk_RoundTrip_PreservesViewState" fullname="Tests.ViewStateSerializationTests.UIStateChunk_RoundTrip_PreservesViewState" methodname="UIStateChunk_RoundTrip_PreservesViewState" classname="Tests.ViewStateSerializationTests" runstate="Runnable" seed="1034411461" result="Passed" start-time="2026-01-09 22:21:39Z" end-time="2026-01-09 22:21:39Z" duration="0.000375" asserts="0">
            <properties>
              <property name="retryIteration" value="0" />
              <property name="repeatIteration" value="0" />
            </properties>
          </test-case>
          <test-case id="1577" name="UIStateChunk_WithUnknownExtensions_StillLoads" fullname="Tests.ViewStateSerializationTests.UIStateChunk_WithUnknownExtensions_StillLoads" methodname="UIStateChunk_WithUnknownExtensions_StillLoads" classname="Tests.ViewStateSerializationTests" runstate="Runnable" seed="529349782" result="Passed" start-time="2026-01-09 22:21:39Z" end-time="2026-01-09 22:21:39Z" duration="0.000363" asserts="0">
            <properties>
              <property name="retryIteration" value="0" />
              <property name="repeatIteration" value="0" />
            </properties>
          </test-case>
        </test-suite>
        <test-suite type="TestFixture" id="1578" name="YOffsetDriftTests" fullname="Tests.YOffsetDriftTests" classname="Tests.YOffsetDriftTests" runstate="Runnable" testcasecount="5" result="Passed" start-time="2026-01-09 22:21:39Z" end-time="2026-01-09 22:21:40Z" duration="0.686941" total="5" passed="5" failed="0" inconclusive="0" skipped="0" asserts="0">
          <properties>
            <property name="Category" value="Stability" />
          </properties>
          <test-case id="1582" name="Veloci_ForceSection1_LargeYOffset_ShapeIdentical" fullname="Tests.YOffsetDriftTests.Veloci_ForceSection1_LargeYOffset_ShapeIdentical" methodname="Veloci_ForceSection1_LargeYOffset_ShapeIdentical" classname="Tests.YOffsetDriftTests" runstate="Runnable" seed="595132794" result="Passed" start-time="2026-01-09 22:21:39Z" end-time="2026-01-09 22:21:40Z" duration="0.123935" asserts="0">
            <properties>
              <property name="retryIteration" value="0" />
              <property name="repeatIteration" value="0" />
            </properties>
            <output><![CDATA[Large Y Offset Test (Y offset: 10):
  Points: 3468
  Max direction diff: 1.327E-004 at point 3467
  Max XZ drift: 2.527E-002 at point 3467
]]></output>
          </test-case>
          <test-case id="1579" name="Veloci_ForceSection1_YOffset_DirectionIdentical" fullname="Tests.YOffsetDriftTests.Veloci_ForceSection1_YOffset_DirectionIdentical" methodname="Veloci_ForceSection1_YOffset_DirectionIdentical" classname="Tests.YOffsetDriftTests" runstate="Runnable" seed="705781047" result="Passed" start-time="2026-01-09 22:21:40Z" end-time="2026-01-09 22:21:40Z" duration="0.135712" asserts="0">
            <properties>
              <property name="retryIteration" value="0" />
              <property name="repeatIteration" value="0" />
            </properties>
            <output><![CDATA[Direction/Frame Drift Test (Y offset: 0.1):
  Points: 3468
  Max direction diff: 6.849E-005 at point 3467
  Max normal diff: 4.873E-005
  Max lateral diff: 6.840E-005
]]></output>
          </test-case>
          <test-case id="1581" name="Veloci_ForceSection1_YOffset_NoXZDrift" fullname="Tests.YOffsetDriftTests.Veloci_ForceSection1_YOffset_NoXZDrift" methodname="Veloci_ForceSection1_YOffset_NoXZDrift" classname="Tests.YOffsetDriftTests" runstate="Runnable" seed="539892577" result="Passed" start-time="2026-01-09 22:21:40Z" end-time="2026-01-09 22:21:40Z" duration="0.156956" asserts="0">
            <properties>
              <property name="retryIteration" value="0" />
              <property name="repeatIteration" value="0" />
            </properties>
            <output><![CDATA[XZ Drift Test (Y offset: 0.1):
  Points: 3468
  Max X drift: 8.087E-003 at point 3467
  Max Z drift: 1.135E-002
  Baseline end: (413.8182, -91.2732, 627.3498)
  Offset end:   (413.8102, -91.1651, 627.3384)
  End diff: (-8.087E-003, 0.1081, -1.135E-002)
]]></output>
          </test-case>
          <test-case id="1580" name="Veloci_ForceSection1_YOffset_VelocityIdentical" fullname="Tests.YOffsetDriftTests.Veloci_ForceSection1_YOffset_VelocityIdentical" methodname="Veloci_ForceSection1_YOffset_VelocityIdentical" classname="Tests.YOffsetDriftTests" runstate="Runnable" seed="174281543" result="Passed" start-time="2026-01-09 22:21:40Z" end-time="2026-01-09 22:21:40Z" duration="0.120018" asserts="0">
            <properties>
              <property name="retryIteration" value="0" />
              <property name="repeatIteration" value="0" />
            </properties>
            <output><![CDATA[Velocity Invariance Test (Y offset: 0.1):
  Points: 3468
  Max velocity diff: 1.572E-003 at point 3325
  Baseline final vel: 47.8436
  Offset final vel: 47.8422
]]></output>
          </test-case>
          <test-case id="1583" name="Veloci_ForceSection2_YOffset_ShapeIdentical" fullname="Tests.YOffsetDriftTests.Veloci_ForceSection2_YOffset_ShapeIdentical" methodname="Veloci_ForceSection2_YOffset_ShapeIdentical" classname="Tests.YOffsetDriftTests" runstate="Runnable" seed="427720823" result="Passed" start-time="2026-01-09 22:21:40Z" end-time="2026-01-09 22:21:40Z" duration="0.148510" asserts="0">
            <properties>
              <property name="retryIteration" value="0" />
              <property name="repeatIteration" value="0" />
            </properties>
            <output><![CDATA[Force Section 2 Y-Offset Test:
  Points: 3095
  Max direction diff: 1.816E-005
  Max XZ drift: 2.182E-003
Saving results to: C:/Users/dylan/AppData/LocalLow/IndividualKex/KexEdit\TestResults.xml
]]></output>
          </test-case>
        </test-suite>
      </test-suite>
    </test-suite>
  </test-suite>
</test-run>