<?xml version="1.0" encoding="utf-8"?>
<test-run id="2" testcasecount="5" result="Passed" total="5" passed="5" failed="0" inconclusive="0" skipped="0" asserts="0" engine-version="3.5.0.0" clr-version="4.0.30319.42000" start-time="2025-12-21 19:01:09Z" end-time="2025-12-21 19:01:09Z" duration="0.1483573">
  <test-suite type="TestSuite" id="1000" name="KexEdit" fullname="KexEdit" runstate="Runnable" testcasecount="3281" result="Passed" start-time="2025-12-21 19:01:09Z" end-time="2025-12-21 19:01:09Z" duration="0.148357" total="5" passed="5" failed="0" inconclusive="0" skipped="0" asserts="0">
    <properties>
      <property name="platform" value="EditMode" />
    </properties>
    <test-suite type="Assembly" id="1468" name="Tests.dll" fullname="C:/Users/dylan/Documents/Games/KexEdit/Library/ScriptAssemblies/Tests.dll" runstate="Runnable" testcasecount="416" result="Passed" start-time="2025-12-21 19:01:09Z" end-time="2025-12-21 19:01:09Z" duration="0.119761" total="5" passed="5" failed="0" inconclusive="0" skipped="0" asserts="0">
      <properties>
        <property name="_PID" value="37860" />
        <property name="_APPDOMAIN" value="Unity Child Domain" />
        <property name="platform" value="EditMode" />
        <property name="EditorOnly" value="True" />
      </properties>
      <test-suite type="TestSuite" id="1478" name="Tests" fullname="Tests" runstate="Runnable" testcasecount="265" result="Passed" start-time="2025-12-21 19:01:09Z" end-time="2025-12-21 19:01:09Z" duration="0.115741" total="5" passed="5" failed="0" inconclusive="0" skipped="0" asserts="0">
        <properties />
        <test-suite type="TestFixture" id="1353" name="LegacyImporterTests" fullname="Tests.LegacyImporterTests" classname="Tests.LegacyImporterTests" runstate="Runnable" testcasecount="5" result="Passed" start-time="2025-12-21 19:01:09Z" end-time="2025-12-21 19:01:09Z" duration="0.112390" total="5" passed="5" failed="0" inconclusive="0" skipped="0" asserts="0">
          <properties />
          <test-case id="1358" name="Deserialize_AllTypes_AnchorMatchesGold" fullname="Tests.LegacyImporterTests.Deserialize_AllTypes_AnchorMatchesGold" methodname="Deserialize_AllTypes_AnchorMatchesGold" classname="Tests.LegacyImporterTests" runstate="Runnable" seed="1840035655" result="Passed" start-time="2025-12-21 19:01:09Z" end-time="2025-12-21 19:01:09Z" duration="0.080421" asserts="0">
            <properties>
              <property name="Category" value="Golden" />
              <property name="retryIteration" value="0" />
              <property name="repeatIteration" value="0" />
            </properties>
            <output><![CDATA[=== DESERIALIZATION TEST: Node 1068437882 (GeometricSection) ===
Gold heartAdvance: 0.2999979, spineAdvance: 0.3034368
Deser HeartAdvance: 0.2999979, SpineAdvance: 0.3034368
Gold heartArc: 82.79992, spineArc: 83.65829
Deser HeartArc: 82.79992, SpineArc: 83.65829
Gold heartOffset: 1.1
Deser HeartOffset: 1.1
]]></output>
          </test-case>
          <test-case id="1354" name="Import_EmptyGraph_CreatesValidCoaster" fullname="Tests.LegacyImporterTests.Import_EmptyGraph_CreatesValidCoaster" methodname="Import_EmptyGraph_CreatesValidCoaster" classname="Tests.LegacyImporterTests" runstate="Runnable" seed="248881761" result="Passed" start-time="2025-12-21 19:01:09Z" end-time="2025-12-21 19:01:09Z" duration="0.008400" asserts="0">
            <properties>
              <property name="retryIteration" value="0" />
              <property name="repeatIteration" value="0" />
            </properties>
          </test-case>
          <test-case id="1356" name="Import_NodeWithDuration_ConvertsDuration" fullname="Tests.LegacyImporterTests.Import_NodeWithDuration_ConvertsDuration" methodname="Import_NodeWithDuration_ConvertsDuration" classname="Tests.LegacyImporterTests" runstate="Runnable" seed="1782156616" result="Passed" start-time="2025-12-21 19:01:09Z" end-time="2025-12-21 19:01:09Z" duration="0.008462" asserts="0">
            <properties>
              <property name="retryIteration" value="0" />
              <property name="repeatIteration" value="0" />
            </properties>
          </test-case>
          <test-case id="1357" name="Import_NodeWithSteering_AddsSteering" fullname="Tests.LegacyImporterTests.Import_NodeWithSteering_AddsSteering" methodname="Import_NodeWithSteering_AddsSteering" classname="Tests.LegacyImporterTests" runstate="Runnable" seed="216833499" result="Passed" start-time="2025-12-21 19:01:09Z" end-time="2025-12-21 19:01:09Z" duration="0.000735" asserts="0">
            <properties>
              <property name="retryIteration" value="0" />
              <property name="repeatIteration" value="0" />
            </properties>
          </test-case>
          <test-case id="1355" name="Import_SingleNode_ConvertsGraphStructure" fullname="Tests.LegacyImporterTests.Import_SingleNode_ConvertsGraphStructure" methodname="Import_SingleNode_ConvertsGraphStructure" classname="Tests.LegacyImporterTests" runstate="Runnable" seed="945280350" result="Passed" start-time="2025-12-21 19:01:09Z" end-time="2025-12-21 19:01:09Z" duration="0.002008" asserts="0">
            <properties>
              <property name="retryIteration" value="0" />
              <property name="repeatIteration" value="0" />
            </properties>
            <output><![CDATA[Saving results to: C:/Users/dylan/AppData/LocalLow/IndividualKex/KexEdit\TestResults.xml
]]></output>
          </test-case>
        </test-suite>
      </test-suite>
    </test-suite>
  </test-suite>
</test-run>