<?xml version="1.0" encoding="utf-8"?>
<test-run id="2" testcasecount="10" result="Passed" total="10" passed="10" failed="0" inconclusive="0" skipped="0" asserts="0" engine-version="3.5.0.0" clr-version="4.0.30319.42000" start-time="2025-12-18 02:38:57Z" end-time="2025-12-18 02:38:57Z" duration="0.1468965">
  <test-suite type="TestSuite" id="1000" name="KexEdit" fullname="KexEdit" runstate="Runnable" testcasecount="3252" result="Passed" start-time="2025-12-18 02:38:57Z" end-time="2025-12-18 02:38:57Z" duration="0.146897" total="10" passed="10" failed="0" inconclusive="0" skipped="0" asserts="0">
    <properties>
      <property name="platform" value="EditMode" />
    </properties>
    <test-suite type="Assembly" id="1435" name="Tests.dll" fullname="C:/Users/dylan/Documents/Games/KexEdit/Library/ScriptAssemblies/Tests.dll" runstate="Runnable" testcasecount="387" result="Passed" start-time="2025-12-18 02:38:57Z" end-time="2025-12-18 02:38:57Z" duration="0.115289" total="10" passed="10" failed="0" inconclusive="0" skipped="0" asserts="0">
      <properties>
        <property name="_PID" value="32688" />
        <property name="_APPDOMAIN" value="Unity Child Domain" />
        <property name="platform" value="EditMode" />
        <property name="EditorOnly" value="True" />
      </properties>
      <test-suite type="TestFixture" id="1001" name="CoasterEvaluatorTests" fullname="CoasterEvaluatorTests" classname="CoasterEvaluatorTests" runstate="Runnable" testcasecount="10" result="Passed" start-time="2025-12-18 02:38:57Z" end-time="2025-12-18 02:38:57Z" duration="0.110804" total="10" passed="10" failed="0" inconclusive="0" skipped="0" asserts="0">
        <properties />
        <test-case id="1006" name="Evaluate_AnchorToCurved_ProducesPathAndOutputAnchor" fullname="CoasterEvaluatorTests.Evaluate_AnchorToCurved_ProducesPathAndOutputAnchor" methodname="Evaluate_AnchorToCurved_ProducesPathAndOutputAnchor" classname="CoasterEvaluatorTests" runstate="Runnable" seed="360769347" result="Passed" start-time="2025-12-18 02:38:57Z" end-time="2025-12-18 02:38:57Z" duration="0.055652" asserts="0">
          <properties>
            <property name="retryIteration" value="0" />
            <property name="repeatIteration" value="0" />
          </properties>
        </test-case>
        <test-case id="1004" name="Evaluate_AnchorToForce_ProducesPathAndOutputAnchor" fullname="CoasterEvaluatorTests.Evaluate_AnchorToForce_ProducesPathAndOutputAnchor" methodname="Evaluate_AnchorToForce_ProducesPathAndOutputAnchor" classname="CoasterEvaluatorTests" runstate="Runnable" seed="1856678847" result="Passed" start-time="2025-12-18 02:38:57Z" end-time="2025-12-18 02:38:57Z" duration="0.011144" asserts="0">
          <properties>
            <property name="retryIteration" value="0" />
            <property name="repeatIteration" value="0" />
          </properties>
        </test-case>
        <test-case id="1005" name="Evaluate_AnchorToGeometric_ProducesPathAndOutputAnchor" fullname="CoasterEvaluatorTests.Evaluate_AnchorToGeometric_ProducesPathAndOutputAnchor" methodname="Evaluate_AnchorToGeometric_ProducesPathAndOutputAnchor" classname="CoasterEvaluatorTests" runstate="Runnable" seed="173681751" result="Passed" start-time="2025-12-18 02:38:57Z" end-time="2025-12-18 02:38:57Z" duration="0.003933" asserts="0">
          <properties>
            <property name="retryIteration" value="0" />
            <property name="repeatIteration" value="0" />
          </properties>
        </test-case>
        <test-case id="1007" name="Evaluate_AnchorToReverse_ReversesDirection" fullname="CoasterEvaluatorTests.Evaluate_AnchorToReverse_ReversesDirection" methodname="Evaluate_AnchorToReverse_ReversesDirection" classname="CoasterEvaluatorTests" runstate="Runnable" seed="506845042" result="Passed" start-time="2025-12-18 02:38:57Z" end-time="2025-12-18 02:38:57Z" duration="0.002934" asserts="0">
          <properties>
            <property name="retryIteration" value="0" />
            <property name="repeatIteration" value="0" />
          </properties>
        </test-case>
        <test-case id="1010" name="Evaluate_Bridge_CreatesBezierPath" fullname="CoasterEvaluatorTests.Evaluate_Bridge_CreatesBezierPath" methodname="Evaluate_Bridge_CreatesBezierPath" classname="CoasterEvaluatorTests" runstate="Runnable" seed="9217736" result="Passed" start-time="2025-12-18 02:38:57Z" end-time="2025-12-18 02:38:57Z" duration="0.008922" asserts="0">
          <properties>
            <property name="retryIteration" value="0" />
            <property name="repeatIteration" value="0" />
          </properties>
        </test-case>
        <test-case id="1002" name="Evaluate_EmptyCoaster_ReturnsEmptyResult" fullname="CoasterEvaluatorTests.Evaluate_EmptyCoaster_ReturnsEmptyResult" methodname="Evaluate_EmptyCoaster_ReturnsEmptyResult" classname="CoasterEvaluatorTests" runstate="Runnable" seed="1099724175" result="Passed" start-time="2025-12-18 02:38:57Z" end-time="2025-12-18 02:38:57Z" duration="0.000878" asserts="0">
          <properties>
            <property name="retryIteration" value="0" />
            <property name="repeatIteration" value="0" />
          </properties>
        </test-case>
        <test-case id="1009" name="Evaluate_ForceToCopyPath_CopiesPath" fullname="CoasterEvaluatorTests.Evaluate_ForceToCopyPath_CopiesPath" methodname="Evaluate_ForceToCopyPath_CopiesPath" classname="CoasterEvaluatorTests" runstate="Runnable" seed="243794666" result="Passed" start-time="2025-12-18 02:38:57Z" end-time="2025-12-18 02:38:57Z" duration="0.007094" asserts="0">
          <properties>
            <property name="retryIteration" value="0" />
            <property name="repeatIteration" value="0" />
          </properties>
        </test-case>
        <test-case id="1008" name="Evaluate_ForceToReversePath_ReversesPath" fullname="CoasterEvaluatorTests.Evaluate_ForceToReversePath_ReversesPath" methodname="Evaluate_ForceToReversePath_ReversesPath" classname="CoasterEvaluatorTests" runstate="Runnable" seed="702059123" result="Passed" start-time="2025-12-18 02:38:57Z" end-time="2025-12-18 02:38:57Z" duration="0.003385" asserts="0">
          <properties>
            <property name="retryIteration" value="0" />
            <property name="repeatIteration" value="0" />
          </properties>
        </test-case>
        <test-case id="1011" name="Evaluate_ScalarNodeInjectsToCurvedRadius" fullname="CoasterEvaluatorTests.Evaluate_ScalarNodeInjectsToCurvedRadius" methodname="Evaluate_ScalarNodeInjectsToCurvedRadius" classname="CoasterEvaluatorTests" runstate="Runnable" seed="354306643" result="Passed" start-time="2025-12-18 02:38:57Z" end-time="2025-12-18 02:38:57Z" duration="0.001064" asserts="0">
          <properties>
            <property name="retryIteration" value="0" />
            <property name="repeatIteration" value="0" />
          </properties>
        </test-case>
        <test-case id="1003" name="Evaluate_SingleAnchorNode_ProducesOutputAnchor" fullname="CoasterEvaluatorTests.Evaluate_SingleAnchorNode_ProducesOutputAnchor" methodname="Evaluate_SingleAnchorNode_ProducesOutputAnchor" classname="CoasterEvaluatorTests" runstate="Runnable" seed="174880797" result="Passed" start-time="2025-12-18 02:38:57Z" end-time="2025-12-18 02:38:57Z" duration="0.000434" asserts="0">
          <properties>
            <property name="retryIteration" value="0" />
            <property name="repeatIteration" value="0" />
          </properties>
          <output><![CDATA[Saving results to: C:/Users/dylan/AppData/LocalLow/IndividualKex/KexEdit\TestResults.xml
]]></output>
        </test-case>
      </test-suite>
    </test-suite>
  </test-suite>
</test-run>