<?xml version="1.0" encoding="utf-8"?>
<test-run id="2" testcasecount="415" result="Failed(Child)" total="415" passed="388" failed="24" inconclusive="0" skipped="3" asserts="0" engine-version="3.5.0.0" clr-version="4.0.30319.42000" start-time="2025-12-21 17:15:52Z" end-time="2025-12-21 17:15:59Z" duration="7.5981532">
  <test-suite type="TestSuite" id="1000" name="KexEdit" fullname="KexEdit" runstate="Runnable" testcasecount="3280" result="Failed" site="Child" start-time="2025-12-21 17:15:52Z" end-time="2025-12-21 17:15:59Z" duration="7.598153" total="415" passed="388" failed="24" inconclusive="0" skipped="3" asserts="0">
    <properties>
      <property name="platform" value="EditMode" />
    </properties>
    <failure>
      <message><![CDATA[One or more child tests had errors]]></message>
    </failure>
    <test-suite type="Assembly" id="1467" name="Tests.dll" fullname="C:/Users/dylan/Documents/Games/KexEdit/Library/ScriptAssemblies/Tests.dll" runstate="Runnable" testcasecount="415" result="Failed" site="Child" start-time="2025-12-21 17:15:52Z" end-time="2025-12-21 17:15:59Z" duration="7.577111" total="415" passed="388" failed="24" inconclusive="0" skipped="3" asserts="0">
      <properties>
        <property name="_PID" value="37796" />
        <property name="_APPDOMAIN" value="Unity Child Domain" />
        <property name="platform" value="EditMode" />
        <property name="EditorOnly" value="True" />
      </properties>
      <failure>
        <message><![CDATA[One or more child tests had errors]]></message>
      </failure>
      <test-suite type="TestFixture" id="1001" name="CoasterEvaluatorTests" fullname="CoasterEvaluatorTests" classname="CoasterEvaluatorTests" runstate="Runnable" testcasecount="10" result="Passed" start-time="2025-12-21 17:15:52Z" end-time="2025-12-21 17:15:52Z" duration="0.059991" total="10" passed="10" failed="0" inconclusive="0" skipped="0" asserts="0">
        <properties />
        <test-case id="1006" name="Evaluate_AnchorToCurved_ProducesPathAndOutputAnchor" fullname="CoasterEvaluatorTests.Evaluate_AnchorToCurved_ProducesPathAndOutputAnchor" methodname="Evaluate_AnchorToCurved_ProducesPathAndOutputAnchor" classname="CoasterEvaluatorTests" runstate="Runnable" seed="1034964184" result="Passed" start-time="2025-12-21 17:15:52Z" end-time="2025-12-21 17:15:52Z" duration="0.030228" asserts="0">
          <properties>
            <property name="retryIteration" value="0" />
            <property name="repeatIteration" value="0" />
          </properties>
        </test-case>
        <test-case id="1004" name="Evaluate_AnchorToForce_ProducesPathAndOutputAnchor" fullname="CoasterEvaluatorTests.Evaluate_AnchorToForce_ProducesPathAndOutputAnchor" methodname="Evaluate_AnchorToForce_ProducesPathAndOutputAnchor" classname="CoasterEvaluatorTests" runstate="Runnable" seed="1611689185" result="Passed" start-time="2025-12-21 17:15:52Z" end-time="2025-12-21 17:15:52Z" duration="0.005420" asserts="0">
          <properties>
            <property name="retryIteration" value="0" />
            <property name="repeatIteration" value="0" />
          </properties>
        </test-case>
        <test-case id="1005" name="Evaluate_AnchorToGeometric_ProducesPathAndOutputAnchor" fullname="CoasterEvaluatorTests.Evaluate_AnchorToGeometric_ProducesPathAndOutputAnchor" methodname="Evaluate_AnchorToGeometric_ProducesPathAndOutputAnchor" classname="CoasterEvaluatorTests" runstate="Runnable" seed="859954517" result="Passed" start-time="2025-12-21 17:15:52Z" end-time="2025-12-21 17:15:52Z" duration="0.000688" asserts="0">
          <properties>
            <property name="retryIteration" value="0" />
            <property name="repeatIteration" value="0" />
          </properties>
        </test-case>
        <test-case id="1007" name="Evaluate_AnchorToReverse_ReversesDirection" fullname="CoasterEvaluatorTests.Evaluate_AnchorToReverse_ReversesDirection" methodname="Evaluate_AnchorToReverse_ReversesDirection" classname="CoasterEvaluatorTests" runstate="Runnable" seed="1349083683" result="Passed" start-time="2025-12-21 17:15:52Z" end-time="2025-12-21 17:15:52Z" duration="0.001176" asserts="0">
          <properties>
            <property name="retryIteration" value="0" />
            <property name="repeatIteration" value="0" />
          </properties>
        </test-case>
        <test-case id="1010" name="Evaluate_Bridge_CreatesBezierPath" fullname="CoasterEvaluatorTests.Evaluate_Bridge_CreatesBezierPath" methodname="Evaluate_Bridge_CreatesBezierPath" classname="CoasterEvaluatorTests" runstate="Runnable" seed="544187020" result="Passed" start-time="2025-12-21 17:15:52Z" end-time="2025-12-21 17:15:52Z" duration="0.005492" asserts="0">
          <properties>
            <property name="retryIteration" value="0" />
            <property name="repeatIteration" value="0" />
          </properties>
        </test-case>
        <test-case id="1002" name="Evaluate_EmptyCoaster_ReturnsEmptyResult" fullname="CoasterEvaluatorTests.Evaluate_EmptyCoaster_ReturnsEmptyResult" methodname="Evaluate_EmptyCoaster_ReturnsEmptyResult" classname="CoasterEvaluatorTests" runstate="Runnable" seed="1677689330" result="Passed" start-time="2025-12-21 17:15:52Z" end-time="2025-12-21 17:15:52Z" duration="0.000501" asserts="0">
          <properties>
            <property name="retryIteration" value="0" />
            <property name="repeatIteration" value="0" />
          </properties>
        </test-case>
        <test-case id="1009" name="Evaluate_ForceToCopyPath_CopiesPath" fullname="CoasterEvaluatorTests.Evaluate_ForceToCopyPath_CopiesPath" methodname="Evaluate_ForceToCopyPath_CopiesPath" classname="CoasterEvaluatorTests" runstate="Runnable" seed="781668864" result="Passed" start-time="2025-12-21 17:15:52Z" end-time="2025-12-21 17:15:52Z" duration="0.000968" asserts="0">
          <properties>
            <property name="retryIteration" value="0" />
            <property name="repeatIteration" value="0" />
          </properties>
        </test-case>
        <test-case id="1008" name="Evaluate_ForceToReversePath_ReversesPath" fullname="CoasterEvaluatorTests.Evaluate_ForceToReversePath_ReversesPath" methodname="Evaluate_ForceToReversePath_ReversesPath" classname="CoasterEvaluatorTests" runstate="Runnable" seed="1837864935" result="Passed" start-time="2025-12-21 17:15:52Z" end-time="2025-12-21 17:15:52Z" duration="0.000945" asserts="0">
          <properties>
            <property name="retryIteration" value="0" />
            <property name="repeatIteration" value="0" />
          </properties>
        </test-case>
        <test-case id="1011" name="Evaluate_ScalarNodeInjectsToCurvedRadius" fullname="CoasterEvaluatorTests.Evaluate_ScalarNodeInjectsToCurvedRadius" methodname="Evaluate_ScalarNodeInjectsToCurvedRadius" classname="CoasterEvaluatorTests" runstate="Runnable" seed="422670161" result="Passed" start-time="2025-12-21 17:15:52Z" end-time="2025-12-21 17:15:52Z" duration="0.000827" asserts="0">
          <properties>
            <property name="retryIteration" value="0" />
            <property name="repeatIteration" value="0" />
          </properties>
        </test-case>
        <test-case id="1003" name="Evaluate_SingleAnchorNode_ProducesOutputAnchor" fullname="CoasterEvaluatorTests.Evaluate_SingleAnchorNode_ProducesOutputAnchor" methodname="Evaluate_SingleAnchorNode_ProducesOutputAnchor" classname="CoasterEvaluatorTests" runstate="Runnable" seed="1815712761" result="Passed" start-time="2025-12-21 17:15:52Z" end-time="2025-12-21 17:15:52Z" duration="0.000408" asserts="0">
          <properties>
            <property name="retryIteration" value="0" />
            <property name="repeatIteration" value="0" />
          </properties>
        </test-case>
      </test-suite>
      <test-suite type="TestFixture" id="1012" name="CoasterTests" fullname="CoasterTests" classname="CoasterTests" runstate="Runnable" testcasecount="8" result="Passed" start-time="2025-12-21 17:15:52Z" end-time="2025-12-21 17:15:52Z" duration="0.009356" total="8" passed="8" failed="0" inconclusive="0" skipped="0" asserts="0">
        <properties />
        <test-case id="1015" name="AddAnchorNode_StoresPositionAndRotation" fullname="CoasterTests.AddAnchorNode_StoresPositionAndRotation" methodname="AddAnchorNode_StoresPositionAndRotation" classname="CoasterTests" runstate="Runnable" seed="1579443384" result="Passed" start-time="2025-12-21 17:15:52Z" end-time="2025-12-21 17:15:52Z" duration="0.001719" asserts="0">
          <properties>
            <property name="retryIteration" value="0" />
            <property name="repeatIteration" value="0" />
          </properties>
        </test-case>
        <test-case id="1016" name="AddForceNode_StoresDurationAndKeyframes" fullname="CoasterTests.AddForceNode_StoresDurationAndKeyframes" methodname="AddForceNode_StoresDurationAndKeyframes" classname="CoasterTests" runstate="Runnable" seed="1101766264" result="Passed" start-time="2025-12-21 17:15:52Z" end-time="2025-12-21 17:15:52Z" duration="0.003767" asserts="0">
          <properties>
            <property name="retryIteration" value="0" />
            <property name="repeatIteration" value="0" />
          </properties>
        </test-case>
        <test-case id="1020" name="Anchor_StoresInitialPointState" fullname="CoasterTests.Anchor_StoresInitialPointState" methodname="Anchor_StoresInitialPointState" classname="CoasterTests" runstate="Runnable" seed="362052854" result="Passed" start-time="2025-12-21 17:15:52Z" end-time="2025-12-21 17:15:52Z" duration="0.000310" asserts="0">
          <properties>
            <property name="retryIteration" value="0" />
            <property name="repeatIteration" value="0" />
          </properties>
        </test-case>
        <test-case id="1013" name="Create_InitializesEmptyCoaster" fullname="CoasterTests.Create_InitializesEmptyCoaster" methodname="Create_InitializesEmptyCoaster" classname="CoasterTests" runstate="Runnable" seed="1594880516" result="Passed" start-time="2025-12-21 17:15:52Z" end-time="2025-12-21 17:15:52Z" duration="0.000531" asserts="0">
          <properties>
            <property name="retryIteration" value="0" />
            <property name="repeatIteration" value="0" />
          </properties>
        </test-case>
        <test-case id="1014" name="Dispose_CleansUpAllContainers" fullname="CoasterTests.Dispose_CleansUpAllContainers" methodname="Dispose_CleansUpAllContainers" classname="CoasterTests" runstate="Runnable" seed="275552858" result="Passed" start-time="2025-12-21 17:15:52Z" end-time="2025-12-21 17:15:52Z" duration="0.000316" asserts="0">
          <properties>
            <property name="retryIteration" value="0" />
            <property name="repeatIteration" value="0" />
          </properties>
        </test-case>
        <test-case id="1017" name="GeometricNode_SteeringSupportedViaHashSet" fullname="CoasterTests.GeometricNode_SteeringSupportedViaHashSet" methodname="GeometricNode_SteeringSupportedViaHashSet" classname="CoasterTests" runstate="Runnable" seed="1405602845" result="Passed" start-time="2025-12-21 17:15:52Z" end-time="2025-12-21 17:15:52Z" duration="0.000522" asserts="0">
          <properties>
            <property name="retryIteration" value="0" />
            <property name="repeatIteration" value="0" />
          </properties>
        </test-case>
        <test-case id="1018" name="ScalarNode_StoresValue" fullname="CoasterTests.ScalarNode_StoresValue" methodname="ScalarNode_StoresValue" classname="CoasterTests" runstate="Runnable" seed="168059099" result="Passed" start-time="2025-12-21 17:15:52Z" end-time="2025-12-21 17:15:52Z" duration="0.000303" asserts="0">
          <properties>
            <property name="retryIteration" value="0" />
            <property name="repeatIteration" value="0" />
          </properties>
        </test-case>
        <test-case id="1019" name="VectorNode_StoresValue" fullname="CoasterTests.VectorNode_StoresValue" methodname="VectorNode_StoresValue" classname="CoasterTests" runstate="Runnable" seed="2065296978" result="Passed" start-time="2025-12-21 17:15:52Z" end-time="2025-12-21 17:15:52Z" duration="0.000205" asserts="0">
          <properties>
            <property name="retryIteration" value="0" />
            <property name="repeatIteration" value="0" />
          </properties>
        </test-case>
      </test-suite>
      <test-suite type="TestSuite" id="1472" name="KexEdit" fullname="KexEdit" runstate="Runnable" testcasecount="6" result="Passed" start-time="2025-12-21 17:15:52Z" end-time="2025-12-21 17:15:52Z" duration="0.009993" total="6" passed="6" failed="0" inconclusive="0" skipped="0" asserts="0">
        <properties />
        <test-suite type="TestSuite" id="1473" name="Tests" fullname="KexEdit.Tests" runstate="Runnable" testcasecount="6" result="Passed" start-time="2025-12-21 17:15:52Z" end-time="2025-12-21 17:15:52Z" duration="0.009485" total="6" passed="6" failed="0" inconclusive="0" skipped="0" asserts="0">
          <properties />
          <test-suite type="TestSuite" id="1474" name="RustCore" fullname="KexEdit.Tests.RustCore" runstate="Runnable" testcasecount="6" result="Passed" start-time="2025-12-21 17:15:52Z" end-time="2025-12-21 17:15:52Z" duration="0.009086" total="6" passed="6" failed="0" inconclusive="0" skipped="0" asserts="0">
            <properties />
            <test-suite type="TestFixture" id="1082" name="RustFrameTests" fullname="KexEdit.Tests.RustCore.RustFrameTests" classname="KexEdit.Tests.RustCore.RustFrameTests" runstate="Runnable" testcasecount="6" result="Passed" start-time="2025-12-21 17:15:52Z" end-time="2025-12-21 17:15:52Z" duration="0.008675" total="6" passed="6" failed="0" inconclusive="0" skipped="0" asserts="0">
              <properties />
              <test-case id="1088" name="TestRollMatchesCSharp" fullname="KexEdit.Tests.RustCore.RustFrameTests.TestRollMatchesCSharp" methodname="TestRollMatchesCSharp" classname="KexEdit.Tests.RustCore.RustFrameTests" runstate="Runnable" seed="1612592191" result="Passed" start-time="2025-12-21 17:15:52Z" end-time="2025-12-21 17:15:52Z" duration="0.002846" asserts="0">
                <properties>
                  <property name="retryIteration" value="0" />
                  <property name="repeatIteration" value="0" />
                </properties>
              </test-case>
              <test-case id="1084" name="TestRotateAroundMatchesCSharp" fullname="KexEdit.Tests.RustCore.RustFrameTests.TestRotateAroundMatchesCSharp" methodname="TestRotateAroundMatchesCSharp" classname="KexEdit.Tests.RustCore.RustFrameTests" runstate="Runnable" seed="617371641" result="Passed" start-time="2025-12-21 17:15:52Z" end-time="2025-12-21 17:15:52Z" duration="0.001809" asserts="0">
                <properties>
                  <property name="retryIteration" value="0" />
                  <property name="repeatIteration" value="0" />
                </properties>
              </test-case>
              <test-case id="1083" name="TestRustFrameConversion" fullname="KexEdit.Tests.RustCore.RustFrameTests.TestRustFrameConversion" methodname="TestRustFrameConversion" classname="KexEdit.Tests.RustCore.RustFrameTests" runstate="Runnable" seed="306364861" result="Passed" start-time="2025-12-21 17:15:52Z" end-time="2025-12-21 17:15:52Z" duration="0.000141" asserts="0">
                <properties>
                  <property name="retryIteration" value="0" />
                  <property name="repeatIteration" value="0" />
                </properties>
              </test-case>
              <test-case id="1086" name="TestWithPitchMatchesCSharp" fullname="KexEdit.Tests.RustCore.RustFrameTests.TestWithPitchMatchesCSharp" methodname="TestWithPitchMatchesCSharp" classname="KexEdit.Tests.RustCore.RustFrameTests" runstate="Runnable" seed="1115052534" result="Passed" start-time="2025-12-21 17:15:52Z" end-time="2025-12-21 17:15:52Z" duration="0.001378" asserts="0">
                <properties>
                  <property name="retryIteration" value="0" />
                  <property name="repeatIteration" value="0" />
                </properties>
              </test-case>
              <test-case id="1085" name="TestWithRollMatchesCSharp" fullname="KexEdit.Tests.RustCore.RustFrameTests.TestWithRollMatchesCSharp" methodname="TestWithRollMatchesCSharp" classname="KexEdit.Tests.RustCore.RustFrameTests" runstate="Runnable" seed="1969854579" result="Passed" start-time="2025-12-21 17:15:52Z" end-time="2025-12-21 17:15:52Z" duration="0.000252" asserts="0">
                <properties>
                  <property name="retryIteration" value="0" />
                  <property name="repeatIteration" value="0" />
                </properties>
              </test-case>
              <test-case id="1087" name="TestWithYawMatchesCSharp" fullname="KexEdit.Tests.RustCore.RustFrameTests.TestWithYawMatchesCSharp" methodname="TestWithYawMatchesCSharp" classname="KexEdit.Tests.RustCore.RustFrameTests" runstate="Runnable" seed="1638826144" result="Passed" start-time="2025-12-21 17:15:52Z" end-time="2025-12-21 17:15:52Z" duration="0.001158" asserts="0">
                <properties>
                  <property name="retryIteration" value="0" />
                  <property name="repeatIteration" value="0" />
                </properties>
              </test-case>
            </test-suite>
          </test-suite>
        </test-suite>
      </test-suite>
      <test-suite type="TestSuite" id="1475" name="KexGraph" fullname="KexGraph" runstate="Runnable" testcasecount="72" result="Passed" start-time="2025-12-21 17:15:52Z" end-time="2025-12-21 17:15:52Z" duration="0.044697" total="72" passed="72" failed="0" inconclusive="0" skipped="0" asserts="0">
        <properties />
        <test-suite type="TestSuite" id="1476" name="Tests" fullname="KexGraph.Tests" runstate="Runnable" testcasecount="72" result="Passed" start-time="2025-12-21 17:15:52Z" end-time="2025-12-21 17:15:52Z" duration="0.043745" total="72" passed="72" failed="0" inconclusive="0" skipped="0" asserts="0">
          <properties />
          <test-suite type="TestFixture" id="1089" name="GraphEdgeTests" fullname="KexGraph.Tests.GraphEdgeTests" classname="KexGraph.Tests.GraphEdgeTests" runstate="Runnable" testcasecount="22" result="Passed" start-time="2025-12-21 17:15:52Z" end-time="2025-12-21 17:15:52Z" duration="0.015129" total="22" passed="22" failed="0" inconclusive="0" skipped="0" asserts="0">
            <properties>
              <property name="Category" value="Unit" />
            </properties>
            <test-case id="1091" name="AddEdge_GeneratesUniqueIds" fullname="KexGraph.Tests.GraphEdgeTests.AddEdge_GeneratesUniqueIds" methodname="AddEdge_GeneratesUniqueIds" classname="KexGraph.Tests.GraphEdgeTests" runstate="Runnable" seed="421392529" result="Passed" start-time="2025-12-21 17:15:52Z" end-time="2025-12-21 17:15:52Z" duration="0.002538" asserts="0">
              <properties>
                <property name="retryIteration" value="0" />
                <property name="repeatIteration" value="0" />
              </properties>
            </test-case>
            <test-case id="1093" name="AddEdge_InvalidSourcePort_ReturnsZero" fullname="KexGraph.Tests.GraphEdgeTests.AddEdge_InvalidSourcePort_ReturnsZero" methodname="AddEdge_InvalidSourcePort_ReturnsZero" classname="KexGraph.Tests.GraphEdgeTests" runstate="Runnable" seed="1390610949" result="Passed" start-time="2025-12-21 17:15:52Z" end-time="2025-12-21 17:15:52Z" duration="0.000254" asserts="0">
              <properties>
                <property name="retryIteration" value="0" />
                <property name="repeatIteration" value="0" />
              </properties>
            </test-case>
            <test-case id="1094" name="AddEdge_InvalidTargetPort_ReturnsZero" fullname="KexGraph.Tests.GraphEdgeTests.AddEdge_InvalidTargetPort_ReturnsZero" methodname="AddEdge_InvalidTargetPort_ReturnsZero" classname="KexGraph.Tests.GraphEdgeTests" runstate="Runnable" seed="356199879" result="Passed" start-time="2025-12-21 17:15:52Z" end-time="2025-12-21 17:15:52Z" duration="0.000149" asserts="0">
              <properties>
                <property name="retryIteration" value="0" />
                <property name="repeatIteration" value="0" />
              </properties>
            </test-case>
            <test-case id="1092" name="AddEdge_StoresCorrectSourceAndTarget" fullname="KexGraph.Tests.GraphEdgeTests.AddEdge_StoresCorrectSourceAndTarget" methodname="AddEdge_StoresCorrectSourceAndTarget" classname="KexGraph.Tests.GraphEdgeTests" runstate="Runnable" seed="708567669" result="Passed" start-time="2025-12-21 17:15:52Z" end-time="2025-12-21 17:15:52Z" duration="0.000776" asserts="0">
              <properties>
                <property name="retryIteration" value="0" />
                <property name="repeatIteration" value="0" />
              </properties>
            </test-case>
            <test-case id="1090" name="AddEdge_ValidPorts_IncreasesEdgeCount" fullname="KexGraph.Tests.GraphEdgeTests.AddEdge_ValidPorts_IncreasesEdgeCount" methodname="AddEdge_ValidPorts_IncreasesEdgeCount" classname="KexGraph.Tests.GraphEdgeTests" runstate="Runnable" seed="2097604080" result="Passed" start-time="2025-12-21 17:15:52Z" end-time="2025-12-21 17:15:52Z" duration="0.000163" asserts="0">
              <properties>
                <property name="retryIteration" value="0" />
                <property name="repeatIteration" value="0" />
              </properties>
            </test-case>
            <test-case id="1111" name="FindSinkNodes_AllNodesAreSinks_ReturnsAll" fullname="KexGraph.Tests.GraphEdgeTests.FindSinkNodes_AllNodesAreSinks_ReturnsAll" methodname="FindSinkNodes_AllNodesAreSinks_ReturnsAll" classname="KexGraph.Tests.GraphEdgeTests" runstate="Runnable" seed="1870688827" result="Passed" start-time="2025-12-21 17:15:52Z" end-time="2025-12-21 17:15:52Z" duration="0.002147" asserts="0">
              <properties>
                <property name="retryIteration" value="0" />
                <property name="repeatIteration" value="0" />
              </properties>
            </test-case>
            <test-case id="1110" name="FindSinkNodes_ReturnsNodesWithNoOutgoingEdges" fullname="KexGraph.Tests.GraphEdgeTests.FindSinkNodes_ReturnsNodesWithNoOutgoingEdges" methodname="FindSinkNodes_ReturnsNodesWithNoOutgoingEdges" classname="KexGraph.Tests.GraphEdgeTests" runstate="Runnable" seed="1047384003" result="Passed" start-time="2025-12-21 17:15:52Z" end-time="2025-12-21 17:15:52Z" duration="0.000396" asserts="0">
              <properties>
                <property name="retryIteration" value="0" />
                <property name="repeatIteration" value="0" />
              </properties>
            </test-case>
            <test-case id="1108" name="FindSourceNodes_AllNodesAreRoots_ReturnsAll" fullname="KexGraph.Tests.GraphEdgeTests.FindSourceNodes_AllNodesAreRoots_ReturnsAll" methodname="FindSourceNodes_AllNodesAreRoots_ReturnsAll" classname="KexGraph.Tests.GraphEdgeTests" runstate="Runnable" seed="590991869" result="Passed" start-time="2025-12-21 17:15:52Z" end-time="2025-12-21 17:15:52Z" duration="0.000746" asserts="0">
              <properties>
                <property name="retryIteration" value="0" />
                <property name="repeatIteration" value="0" />
              </properties>
            </test-case>
            <test-case id="1109" name="FindSourceNodes_EmptyGraph_ReturnsEmpty" fullname="KexGraph.Tests.GraphEdgeTests.FindSourceNodes_EmptyGraph_ReturnsEmpty" methodname="FindSourceNodes_EmptyGraph_ReturnsEmpty" classname="KexGraph.Tests.GraphEdgeTests" runstate="Runnable" seed="2116408672" result="Passed" start-time="2025-12-21 17:15:52Z" end-time="2025-12-21 17:15:52Z" duration="0.000156" asserts="0">
              <properties>
                <property name="retryIteration" value="0" />
                <property name="repeatIteration" value="0" />
              </properties>
            </test-case>
            <test-case id="1107" name="FindSourceNodes_ReturnsNodesWithNoIncomingEdges" fullname="KexGraph.Tests.GraphEdgeTests.FindSourceNodes_ReturnsNodesWithNoIncomingEdges" methodname="FindSourceNodes_ReturnsNodesWithNoIncomingEdges" classname="KexGraph.Tests.GraphEdgeTests" runstate="Runnable" seed="1075310984" result="Passed" start-time="2025-12-21 17:15:52Z" end-time="2025-12-21 17:15:52Z" duration="0.000291" asserts="0">
              <properties>
                <property name="retryIteration" value="0" />
                <property name="repeatIteration" value="0" />
              </properties>
            </test-case>
            <test-case id="1100" name="GetIncomingEdges_NodeWithIncomingEdges_ReturnsCorrectEdges" fullname="KexGraph.Tests.GraphEdgeTests.GetIncomingEdges_NodeWithIncomingEdges_ReturnsCorrectEdges" methodname="GetIncomingEdges_NodeWithIncomingEdges_ReturnsCorrectEdges" classname="KexGraph.Tests.GraphEdgeTests" runstate="Runnable" seed="921303140" result="Passed" start-time="2025-12-21 17:15:52Z" end-time="2025-12-21 17:15:52Z" duration="0.000706" asserts="0">
              <properties>
                <property name="retryIteration" value="0" />
                <property name="repeatIteration" value="0" />
              </properties>
            </test-case>
            <test-case id="1101" name="GetIncomingEdges_NodeWithNoIncomingEdges_ReturnsEmptyArray" fullname="KexGraph.Tests.GraphEdgeTests.GetIncomingEdges_NodeWithNoIncomingEdges_ReturnsEmptyArray" methodname="GetIncomingEdges_NodeWithNoIncomingEdges_ReturnsEmptyArray" classname="KexGraph.Tests.GraphEdgeTests" runstate="Runnable" seed="1185284527" result="Passed" start-time="2025-12-21 17:15:52Z" end-time="2025-12-21 17:15:52Z" duration="0.000153" asserts="0">
              <properties>
                <property name="retryIteration" value="0" />
                <property name="repeatIteration" value="0" />
              </properties>
            </test-case>
            <test-case id="1099" name="GetOutgoingEdges_NodeWithNoOutgoingEdges_ReturnsEmptyArray" fullname="KexGraph.Tests.GraphEdgeTests.GetOutgoingEdges_NodeWithNoOutgoingEdges_ReturnsEmptyArray" methodname="GetOutgoingEdges_NodeWithNoOutgoingEdges_ReturnsEmptyArray" classname="KexGraph.Tests.GraphEdgeTests" runstate="Runnable" seed="1929121427" result="Passed" start-time="2025-12-21 17:15:52Z" end-time="2025-12-21 17:15:52Z" duration="0.000537" asserts="0">
              <properties>
                <property name="retryIteration" value="0" />
                <property name="repeatIteration" value="0" />
              </properties>
            </test-case>
            <test-case id="1098" name="GetOutgoingEdges_NodeWithOutgoingEdges_ReturnsCorrectEdges" fullname="KexGraph.Tests.GraphEdgeTests.GetOutgoingEdges_NodeWithOutgoingEdges_ReturnsCorrectEdges" methodname="GetOutgoingEdges_NodeWithOutgoingEdges_ReturnsCorrectEdges" classname="KexGraph.Tests.GraphEdgeTests" runstate="Runnable" seed="685698352" result="Passed" start-time="2025-12-21 17:15:52Z" end-time="2025-12-21 17:15:52Z" duration="0.000253" asserts="0">
              <properties>
                <property name="retryIteration" value="0" />
                <property name="repeatIteration" value="0" />
              </properties>
            </test-case>
            <test-case id="1106" name="GetPredecessorNodes_NoIncomingEdges_ReturnsEmpty" fullname="KexGraph.Tests.GraphEdgeTests.GetPredecessorNodes_NoIncomingEdges_ReturnsEmpty" methodname="GetPredecessorNodes_NoIncomingEdges_ReturnsEmpty" classname="KexGraph.Tests.GraphEdgeTests" runstate="Runnable" seed="204177131" result="Passed" start-time="2025-12-21 17:15:52Z" end-time="2025-12-21 17:15:52Z" duration="0.000565" asserts="0">
              <properties>
                <property name="retryIteration" value="0" />
                <property name="repeatIteration" value="0" />
              </properties>
            </test-case>
            <test-case id="1105" name="GetPredecessorNodes_ReturnsConnectedNodes" fullname="KexGraph.Tests.GraphEdgeTests.GetPredecessorNodes_ReturnsConnectedNodes" methodname="GetPredecessorNodes_ReturnsConnectedNodes" classname="KexGraph.Tests.GraphEdgeTests" runstate="Runnable" seed="1427262300" result="Passed" start-time="2025-12-21 17:15:52Z" end-time="2025-12-21 17:15:52Z" duration="0.000248" asserts="0">
              <properties>
                <property name="retryIteration" value="0" />
                <property name="repeatIteration" value="0" />
              </properties>
            </test-case>
            <test-case id="1104" name="GetSuccessorNodes_MultipleEdgesToSameNode_ReturnsOnce" fullname="KexGraph.Tests.GraphEdgeTests.GetSuccessorNodes_MultipleEdgesToSameNode_ReturnsOnce" methodname="GetSuccessorNodes_MultipleEdgesToSameNode_ReturnsOnce" classname="KexGraph.Tests.GraphEdgeTests" runstate="Runnable" seed="1631602372" result="Passed" start-time="2025-12-21 17:15:52Z" end-time="2025-12-21 17:15:52Z" duration="0.000681" asserts="0">
              <properties>
                <property name="retryIteration" value="0" />
                <property name="repeatIteration" value="0" />
              </properties>
            </test-case>
            <test-case id="1103" name="GetSuccessorNodes_NoOutgoingEdges_ReturnsEmpty" fullname="KexGraph.Tests.GraphEdgeTests.GetSuccessorNodes_NoOutgoingEdges_ReturnsEmpty" methodname="GetSuccessorNodes_NoOutgoingEdges_ReturnsEmpty" classname="KexGraph.Tests.GraphEdgeTests" runstate="Runnable" seed="1380089606" result="Passed" start-time="2025-12-21 17:15:52Z" end-time="2025-12-21 17:15:52Z" duration="0.000153" asserts="0">
              <properties>
                <property name="retryIteration" value="0" />
                <property name="repeatIteration" value="0" />
              </properties>
            </test-case>
            <test-case id="1102" name="GetSuccessorNodes_ReturnsConnectedNodes" fullname="KexGraph.Tests.GraphEdgeTests.GetSuccessorNodes_ReturnsConnectedNodes" methodname="GetSuccessorNodes_ReturnsConnectedNodes" classname="KexGraph.Tests.GraphEdgeTests" runstate="Runnable" seed="534701336" result="Passed" start-time="2025-12-21 17:15:52Z" end-time="2025-12-21 17:15:52Z" duration="0.000243" asserts="0">
              <properties>
                <property name="retryIteration" value="0" />
                <property name="repeatIteration" value="0" />
              </properties>
            </test-case>
            <test-case id="1095" name="RemoveEdge_DecreasesEdgeCount" fullname="KexGraph.Tests.GraphEdgeTests.RemoveEdge_DecreasesEdgeCount" methodname="RemoveEdge_DecreasesEdgeCount" classname="KexGraph.Tests.GraphEdgeTests" runstate="Runnable" seed="602758111" result="Passed" start-time="2025-12-21 17:15:52Z" end-time="2025-12-21 17:15:52Z" duration="0.001013" asserts="0">
              <properties>
                <property name="retryIteration" value="0" />
                <property name="repeatIteration" value="0" />
              </properties>
            </test-case>
            <test-case id="1096" name="RemoveEdge_InvalidEdge_DoesNothing" fullname="KexGraph.Tests.GraphEdgeTests.RemoveEdge_InvalidEdge_DoesNothing" methodname="RemoveEdge_InvalidEdge_DoesNothing" classname="KexGraph.Tests.GraphEdgeTests" runstate="Runnable" seed="1238008895" result="Passed" start-time="2025-12-21 17:15:52Z" end-time="2025-12-21 17:15:52Z" duration="0.000162" asserts="0">
              <properties>
                <property name="retryIteration" value="0" />
                <property name="repeatIteration" value="0" />
              </properties>
            </test-case>
            <test-case id="1097" name="RemoveEdge_MiddleEdge_MaintainsOtherEdges" fullname="KexGraph.Tests.GraphEdgeTests.RemoveEdge_MiddleEdge_MaintainsOtherEdges" methodname="RemoveEdge_MiddleEdge_MaintainsOtherEdges" classname="KexGraph.Tests.GraphEdgeTests" runstate="Runnable" seed="922266675" result="Passed" start-time="2025-12-21 17:15:52Z" end-time="2025-12-21 17:15:52Z" duration="0.000211" asserts="0">
              <properties>
                <property name="retryIteration" value="0" />
                <property name="repeatIteration" value="0" />
              </properties>
            </test-case>
          </test-suite>
          <test-suite type="TestFixture" id="1112" name="GraphNodeTests" fullname="KexGraph.Tests.GraphNodeTests" classname="KexGraph.Tests.GraphNodeTests" runstate="Runnable" testcasecount="9" result="Passed" start-time="2025-12-21 17:15:52Z" end-time="2025-12-21 17:15:52Z" duration="0.004520" total="9" passed="9" failed="0" inconclusive="0" skipped="0" asserts="0">
            <properties>
              <property name="Category" value="Unit" />
            </properties>
            <test-case id="1114" name="AddNode_GeneratesUniqueIds" fullname="KexGraph.Tests.GraphNodeTests.AddNode_GeneratesUniqueIds" methodname="AddNode_GeneratesUniqueIds" classname="KexGraph.Tests.GraphNodeTests" runstate="Runnable" seed="1834780618" result="Passed" start-time="2025-12-21 17:15:52Z" end-time="2025-12-21 17:15:52Z" duration="0.000156" asserts="0">
              <properties>
                <property name="retryIteration" value="0" />
                <property name="repeatIteration" value="0" />
              </properties>
            </test-case>
            <test-case id="1117" name="AddNode_StoresCorrectPosition" fullname="KexGraph.Tests.GraphNodeTests.AddNode_StoresCorrectPosition" methodname="AddNode_StoresCorrectPosition" classname="KexGraph.Tests.GraphNodeTests" runstate="Runnable" seed="1244036130" result="Passed" start-time="2025-12-21 17:15:52Z" end-time="2025-12-21 17:15:52Z" duration="0.000801" asserts="0">
              <properties>
                <property name="retryIteration" value="0" />
                <property name="repeatIteration" value="0" />
              </properties>
            </test-case>
            <test-case id="1118" name="AddNode_StoresCorrectType" fullname="KexGraph.Tests.GraphNodeTests.AddNode_StoresCorrectType" methodname="AddNode_StoresCorrectType" classname="KexGraph.Tests.GraphNodeTests" runstate="Runnable" seed="2063448494" result="Passed" start-time="2025-12-21 17:15:52Z" end-time="2025-12-21 17:15:52Z" duration="0.000221" asserts="0">
              <properties>
                <property name="retryIteration" value="0" />
                <property name="repeatIteration" value="0" />
              </properties>
            </test-case>
            <test-case id="1113" name="AddNode_ValidData_IncreasesCount" fullname="KexGraph.Tests.GraphNodeTests.AddNode_ValidData_IncreasesCount" methodname="AddNode_ValidData_IncreasesCount" classname="KexGraph.Tests.GraphNodeTests" runstate="Runnable" seed="504652564" result="Passed" start-time="2025-12-21 17:15:52Z" end-time="2025-12-21 17:15:52Z" duration="0.000139" asserts="0">
              <properties>
                <property name="retryIteration" value="0" />
                <property name="repeatIteration" value="0" />
              </properties>
            </test-case>
            <test-case id="1119" name="RemoveNode_DecreasesCount" fullname="KexGraph.Tests.GraphNodeTests.RemoveNode_DecreasesCount" methodname="RemoveNode_DecreasesCount" classname="KexGraph.Tests.GraphNodeTests" runstate="Runnable" seed="1450736675" result="Passed" start-time="2025-12-21 17:15:52Z" end-time="2025-12-21 17:15:52Z" duration="0.001198" asserts="0">
              <properties>
                <property name="retryIteration" value="0" />
                <property name="repeatIteration" value="0" />
              </properties>
            </test-case>
            <test-case id="1120" name="RemoveNode_MakesNodeUnfindable" fullname="KexGraph.Tests.GraphNodeTests.RemoveNode_MakesNodeUnfindable" methodname="RemoveNode_MakesNodeUnfindable" classname="KexGraph.Tests.GraphNodeTests" runstate="Runnable" seed="2128177387" result="Passed" start-time="2025-12-21 17:15:52Z" end-time="2025-12-21 17:15:52Z" duration="0.000135" asserts="0">
              <properties>
                <property name="retryIteration" value="0" />
                <property name="repeatIteration" value="0" />
              </properties>
            </test-case>
            <test-case id="1121" name="RemoveNode_MiddleNode_PreservesOtherNodes" fullname="KexGraph.Tests.GraphNodeTests.RemoveNode_MiddleNode_PreservesOtherNodes" methodname="RemoveNode_MiddleNode_PreservesOtherNodes" classname="KexGraph.Tests.GraphNodeTests" runstate="Runnable" seed="1658814598" result="Passed" start-time="2025-12-21 17:15:52Z" end-time="2025-12-21 17:15:52Z" duration="0.000205" asserts="0">
              <properties>
                <property name="retryIteration" value="0" />
                <property name="repeatIteration" value="0" />
              </properties>
            </test-case>
            <test-case id="1115" name="TryGetNodeIndex_ExistingNode_ReturnsTrue" fullname="KexGraph.Tests.GraphNodeTests.TryGetNodeIndex_ExistingNode_ReturnsTrue" methodname="TryGetNodeIndex_ExistingNode_ReturnsTrue" classname="KexGraph.Tests.GraphNodeTests" runstate="Runnable" seed="89626587" result="Passed" start-time="2025-12-21 17:15:52Z" end-time="2025-12-21 17:15:52Z" duration="0.000156" asserts="0">
              <properties>
                <property name="retryIteration" value="0" />
                <property name="repeatIteration" value="0" />
              </properties>
            </test-case>
            <test-case id="1116" name="TryGetNodeIndex_NonexistentNode_ReturnsFalse" fullname="KexGraph.Tests.GraphNodeTests.TryGetNodeIndex_NonexistentNode_ReturnsFalse" methodname="TryGetNodeIndex_NonexistentNode_ReturnsFalse" classname="KexGraph.Tests.GraphNodeTests" runstate="Runnable" seed="272953149" result="Passed" start-time="2025-12-21 17:15:52Z" end-time="2025-12-21 17:15:52Z" duration="0.000128" asserts="0">
              <properties>
                <property name="retryIteration" value="0" />
                <property name="repeatIteration" value="0" />
              </properties>
            </test-case>
          </test-suite>
          <test-suite type="TestFixture" id="1122" name="GraphPortTests" fullname="KexGraph.Tests.GraphPortTests" classname="KexGraph.Tests.GraphPortTests" runstate="Runnable" testcasecount="16" result="Passed" start-time="2025-12-21 17:15:52Z" end-time="2025-12-21 17:15:52Z" duration="0.008346" total="16" passed="16" failed="0" inconclusive="0" skipped="0" asserts="0">
            <properties>
              <property name="Category" value="Unit" />
            </properties>
            <test-case id="1124" name="AddInputPort_GeneratesUniqueIds" fullname="KexGraph.Tests.GraphPortTests.AddInputPort_GeneratesUniqueIds" methodname="AddInputPort_GeneratesUniqueIds" classname="KexGraph.Tests.GraphPortTests" runstate="Runnable" seed="1787449052" result="Passed" start-time="2025-12-21 17:15:52Z" end-time="2025-12-21 17:15:52Z" duration="0.000157" asserts="0">
              <properties>
                <property name="retryIteration" value="0" />
                <property name="repeatIteration" value="0" />
              </properties>
            </test-case>
            <test-case id="1127" name="AddInputPort_MarksAsInput" fullname="KexGraph.Tests.GraphPortTests.AddInputPort_MarksAsInput" methodname="AddInputPort_MarksAsInput" classname="KexGraph.Tests.GraphPortTests" runstate="Runnable" seed="135004745" result="Passed" start-time="2025-12-21 17:15:52Z" end-time="2025-12-21 17:15:52Z" duration="0.000623" asserts="0">
              <properties>
                <property name="retryIteration" value="0" />
                <property name="repeatIteration" value="0" />
              </properties>
            </test-case>
            <test-case id="1126" name="AddInputPort_StoresCorrectOwner" fullname="KexGraph.Tests.GraphPortTests.AddInputPort_StoresCorrectOwner" methodname="AddInputPort_StoresCorrectOwner" classname="KexGraph.Tests.GraphPortTests" runstate="Runnable" seed="1054698798" result="Passed" start-time="2025-12-21 17:15:52Z" end-time="2025-12-21 17:15:52Z" duration="0.000229" asserts="0">
              <properties>
                <property name="retryIteration" value="0" />
                <property name="repeatIteration" value="0" />
              </properties>
            </test-case>
            <test-case id="1125" name="AddInputPort_StoresCorrectPortType" fullname="KexGraph.Tests.GraphPortTests.AddInputPort_StoresCorrectPortType" methodname="AddInputPort_StoresCorrectPortType" classname="KexGraph.Tests.GraphPortTests" runstate="Runnable" seed="428799116" result="Passed" start-time="2025-12-21 17:15:52Z" end-time="2025-12-21 17:15:52Z" duration="0.000218" asserts="0">
              <properties>
                <property name="retryIteration" value="0" />
                <property name="repeatIteration" value="0" />
              </properties>
            </test-case>
            <test-case id="1128" name="AddInputPort_UpdatesNodeInputCount" fullname="KexGraph.Tests.GraphPortTests.AddInputPort_UpdatesNodeInputCount" methodname="AddInputPort_UpdatesNodeInputCount" classname="KexGraph.Tests.GraphPortTests" runstate="Runnable" seed="1999152012" result="Passed" start-time="2025-12-21 17:15:52Z" end-time="2025-12-21 17:15:52Z" duration="0.000244" asserts="0">
              <properties>
                <property name="retryIteration" value="0" />
                <property name="repeatIteration" value="0" />
              </properties>
            </test-case>
            <test-case id="1123" name="AddInputPort_ValidNode_IncreasesPortCount" fullname="KexGraph.Tests.GraphPortTests.AddInputPort_ValidNode_IncreasesPortCount" methodname="AddInputPort_ValidNode_IncreasesPortCount" classname="KexGraph.Tests.GraphPortTests" runstate="Runnable" seed="101787934" result="Passed" start-time="2025-12-21 17:15:52Z" end-time="2025-12-21 17:15:52Z" duration="0.000278" asserts="0">
              <properties>
                <property name="retryIteration" value="0" />
                <property name="repeatIteration" value="0" />
              </properties>
            </test-case>
            <test-case id="1130" name="AddOutputPort_MarksAsOutput" fullname="KexGraph.Tests.GraphPortTests.AddOutputPort_MarksAsOutput" methodname="AddOutputPort_MarksAsOutput" classname="KexGraph.Tests.GraphPortTests" runstate="Runnable" seed="76764970" result="Passed" start-time="2025-12-21 17:15:52Z" end-time="2025-12-21 17:15:52Z" duration="0.000221" asserts="0">
              <properties>
                <property name="retryIteration" value="0" />
                <property name="repeatIteration" value="0" />
              </properties>
            </test-case>
            <test-case id="1131" name="AddOutputPort_UpdatesNodeOutputCount" fullname="KexGraph.Tests.GraphPortTests.AddOutputPort_UpdatesNodeOutputCount" methodname="AddOutputPort_UpdatesNodeOutputCount" classname="KexGraph.Tests.GraphPortTests" runstate="Runnable" seed="1814338139" result="Passed" start-time="2025-12-21 17:15:52Z" end-time="2025-12-21 17:15:52Z" duration="0.000218" asserts="0">
              <properties>
                <property name="retryIteration" value="0" />
                <property name="repeatIteration" value="0" />
              </properties>
            </test-case>
            <test-case id="1129" name="AddOutputPort_ValidNode_IncreasesPortCount" fullname="KexGraph.Tests.GraphPortTests.AddOutputPort_ValidNode_IncreasesPortCount" methodname="AddOutputPort_ValidNode_IncreasesPortCount" classname="KexGraph.Tests.GraphPortTests" runstate="Runnable" seed="73305726" result="Passed" start-time="2025-12-21 17:15:52Z" end-time="2025-12-21 17:15:52Z" duration="0.000158" asserts="0">
              <properties>
                <property name="retryIteration" value="0" />
                <property name="repeatIteration" value="0" />
              </properties>
            </test-case>
            <test-case id="1132" name="GetInputPorts_NodeWithInputs_ReturnsCorrectPorts" fullname="KexGraph.Tests.GraphPortTests.GetInputPorts_NodeWithInputs_ReturnsCorrectPorts" methodname="GetInputPorts_NodeWithInputs_ReturnsCorrectPorts" classname="KexGraph.Tests.GraphPortTests" runstate="Runnable" seed="2029720059" result="Passed" start-time="2025-12-21 17:15:52Z" end-time="2025-12-21 17:15:52Z" duration="0.000827" asserts="0">
              <properties>
                <property name="retryIteration" value="0" />
                <property name="repeatIteration" value="0" />
              </properties>
            </test-case>
            <test-case id="1133" name="GetInputPorts_NodeWithNoInputs_ReturnsEmptyArray" fullname="KexGraph.Tests.GraphPortTests.GetInputPorts_NodeWithNoInputs_ReturnsEmptyArray" methodname="GetInputPorts_NodeWithNoInputs_ReturnsEmptyArray" classname="KexGraph.Tests.GraphPortTests" runstate="Runnable" seed="634330268" result="Passed" start-time="2025-12-21 17:15:52Z" end-time="2025-12-21 17:15:52Z" duration="0.000190" asserts="0">
              <properties>
                <property name="retryIteration" value="0" />
                <property name="repeatIteration" value="0" />
              </properties>
            </test-case>
            <test-case id="1135" name="GetOutputPorts_NodeWithNoOutputs_ReturnsEmptyArray" fullname="KexGraph.Tests.GraphPortTests.GetOutputPorts_NodeWithNoOutputs_ReturnsEmptyArray" methodname="GetOutputPorts_NodeWithNoOutputs_ReturnsEmptyArray" classname="KexGraph.Tests.GraphPortTests" runstate="Runnable" seed="1072026321" result="Passed" start-time="2025-12-21 17:15:52Z" end-time="2025-12-21 17:15:52Z" duration="0.000598" asserts="0">
              <properties>
                <property name="retryIteration" value="0" />
                <property name="repeatIteration" value="0" />
              </properties>
            </test-case>
            <test-case id="1134" name="GetOutputPorts_NodeWithOutputs_ReturnsCorrectPorts" fullname="KexGraph.Tests.GraphPortTests.GetOutputPorts_NodeWithOutputs_ReturnsCorrectPorts" methodname="GetOutputPorts_NodeWithOutputs_ReturnsCorrectPorts" classname="KexGraph.Tests.GraphPortTests" runstate="Runnable" seed="939485100" result="Passed" start-time="2025-12-21 17:15:52Z" end-time="2025-12-21 17:15:52Z" duration="0.000254" asserts="0">
              <properties>
                <property name="retryIteration" value="0" />
                <property name="repeatIteration" value="0" />
              </properties>
            </test-case>
            <test-case id="1136" name="RemovePort_DecreasesPortCount" fullname="KexGraph.Tests.GraphPortTests.RemovePort_DecreasesPortCount" methodname="RemovePort_DecreasesPortCount" classname="KexGraph.Tests.GraphPortTests" runstate="Runnable" seed="55610718" result="Passed" start-time="2025-12-21 17:15:52Z" end-time="2025-12-21 17:15:52Z" duration="0.001569" asserts="0">
              <properties>
                <property name="retryIteration" value="0" />
                <property name="repeatIteration" value="0" />
              </properties>
            </test-case>
            <test-case id="1137" name="RemovePort_UpdatesNodeInputCount" fullname="KexGraph.Tests.GraphPortTests.RemovePort_UpdatesNodeInputCount" methodname="RemovePort_UpdatesNodeInputCount" classname="KexGraph.Tests.GraphPortTests" runstate="Runnable" seed="1826110246" result="Passed" start-time="2025-12-21 17:15:52Z" end-time="2025-12-21 17:15:52Z" duration="0.000263" asserts="0">
              <properties>
                <property name="retryIteration" value="0" />
                <property name="repeatIteration" value="0" />
              </properties>
            </test-case>
            <test-case id="1138" name="RemovePort_UpdatesNodeOutputCount" fullname="KexGraph.Tests.GraphPortTests.RemovePort_UpdatesNodeOutputCount" methodname="RemovePort_UpdatesNodeOutputCount" classname="KexGraph.Tests.GraphPortTests" runstate="Runnable" seed="179256192" result="Passed" start-time="2025-12-21 17:15:52Z" end-time="2025-12-21 17:15:52Z" duration="0.000226" asserts="0">
              <properties>
                <property name="retryIteration" value="0" />
                <property name="repeatIteration" value="0" />
              </properties>
            </test-case>
          </test-suite>
          <test-suite type="TestFixture" id="1139" name="GraphSerializationTests" fullname="KexGraph.Tests.GraphSerializationTests" classname="KexGraph.Tests.GraphSerializationTests" runstate="Runnable" testcasecount="13" result="Passed" start-time="2025-12-21 17:15:52Z" end-time="2025-12-21 17:15:52Z" duration="0.007990" total="13" passed="13" failed="0" inconclusive="0" skipped="0" asserts="0">
            <properties>
              <property name="Category" value="Unit" />
            </properties>
            <test-case id="1145" name="NextEdgeId_AfterAddingEdge_Increments" fullname="KexGraph.Tests.GraphSerializationTests.NextEdgeId_AfterAddingEdge_Increments" methodname="NextEdgeId_AfterAddingEdge_Increments" classname="KexGraph.Tests.GraphSerializationTests" runstate="Runnable" seed="1966112486" result="Passed" start-time="2025-12-21 17:15:52Z" end-time="2025-12-21 17:15:52Z" duration="0.000238" asserts="0">
              <properties>
                <property name="retryIteration" value="0" />
                <property name="repeatIteration" value="0" />
              </properties>
            </test-case>
            <test-case id="1142" name="NextEdgeId_DefaultGraph_StartsAtOne" fullname="KexGraph.Tests.GraphSerializationTests.NextEdgeId_DefaultGraph_StartsAtOne" methodname="NextEdgeId_DefaultGraph_StartsAtOne" classname="KexGraph.Tests.GraphSerializationTests" runstate="Runnable" seed="200672521" result="Passed" start-time="2025-12-21 17:15:52Z" end-time="2025-12-21 17:15:52Z" duration="0.000126" asserts="0">
              <properties>
                <property name="retryIteration" value="0" />
                <property name="repeatIteration" value="0" />
              </properties>
            </test-case>
            <test-case id="1143" name="NextNodeId_AfterAddingNode_Increments" fullname="KexGraph.Tests.GraphSerializationTests.NextNodeId_AfterAddingNode_Increments" methodname="NextNodeId_AfterAddingNode_Increments" classname="KexGraph.Tests.GraphSerializationTests" runstate="Runnable" seed="1185718077" result="Passed" start-time="2025-12-21 17:15:52Z" end-time="2025-12-21 17:15:52Z" duration="0.000134" asserts="0">
              <properties>
                <property name="retryIteration" value="0" />
                <property name="repeatIteration" value="0" />
              </properties>
            </test-case>
            <test-case id="1140" name="NextNodeId_DefaultGraph_StartsAtOne" fullname="KexGraph.Tests.GraphSerializationTests.NextNodeId_DefaultGraph_StartsAtOne" methodname="NextNodeId_DefaultGraph_StartsAtOne" classname="KexGraph.Tests.GraphSerializationTests" runstate="Runnable" seed="1352734462" result="Passed" start-time="2025-12-21 17:15:52Z" end-time="2025-12-21 17:15:52Z" duration="0.000119" asserts="0">
              <properties>
                <property name="retryIteration" value="0" />
                <property name="repeatIteration" value="0" />
              </properties>
            </test-case>
            <test-case id="1144" name="NextPortId_AfterAddingPort_Increments" fullname="KexGraph.Tests.GraphSerializationTests.NextPortId_AfterAddingPort_Increments" methodname="NextPortId_AfterAddingPort_Increments" classname="KexGraph.Tests.GraphSerializationTests" runstate="Runnable" seed="1880525492" result="Passed" start-time="2025-12-21 17:15:52Z" end-time="2025-12-21 17:15:52Z" duration="0.000143" asserts="0">
              <properties>
                <property name="retryIteration" value="0" />
                <property name="repeatIteration" value="0" />
              </properties>
            </test-case>
            <test-case id="1141" name="NextPortId_DefaultGraph_StartsAtOne" fullname="KexGraph.Tests.GraphSerializationTests.NextPortId_DefaultGraph_StartsAtOne" methodname="NextPortId_DefaultGraph_StartsAtOne" classname="KexGraph.Tests.GraphSerializationTests" runstate="Runnable" seed="1277043385" result="Passed" start-time="2025-12-21 17:15:52Z" end-time="2025-12-21 17:15:52Z" duration="0.000118" asserts="0">
              <properties>
                <property name="retryIteration" value="0" />
                <property name="repeatIteration" value="0" />
              </properties>
            </test-case>
            <test-case id="1152" name="RebuildIndexMaps_AfterNodeRemoval_CorrectIndices" fullname="KexGraph.Tests.GraphSerializationTests.RebuildIndexMaps_AfterNodeRemoval_CorrectIndices" methodname="RebuildIndexMaps_AfterNodeRemoval_CorrectIndices" classname="KexGraph.Tests.GraphSerializationTests" runstate="Runnable" seed="1342953656" result="Passed" start-time="2025-12-21 17:15:52Z" end-time="2025-12-21 17:15:52Z" duration="0.001442" asserts="0">
              <properties>
                <property name="retryIteration" value="0" />
                <property name="repeatIteration" value="0" />
              </properties>
            </test-case>
            <test-case id="1151" name="RebuildIndexMaps_CalledMultipleTimes_Idempotent" fullname="KexGraph.Tests.GraphSerializationTests.RebuildIndexMaps_CalledMultipleTimes_Idempotent" methodname="RebuildIndexMaps_CalledMultipleTimes_Idempotent" classname="KexGraph.Tests.GraphSerializationTests" runstate="Runnable" seed="1145598444" result="Passed" start-time="2025-12-21 17:15:52Z" end-time="2025-12-21 17:15:52Z" duration="0.000166" asserts="0">
              <properties>
                <property name="retryIteration" value="0" />
                <property name="repeatIteration" value="0" />
              </properties>
            </test-case>
            <test-case id="1146" name="RebuildIndexMaps_EmptyGraph_Succeeds" fullname="KexGraph.Tests.GraphSerializationTests.RebuildIndexMaps_EmptyGraph_Succeeds" methodname="RebuildIndexMaps_EmptyGraph_Succeeds" classname="KexGraph.Tests.GraphSerializationTests" runstate="Runnable" seed="855818624" result="Passed" start-time="2025-12-21 17:15:52Z" end-time="2025-12-21 17:15:52Z" duration="0.000154" asserts="0">
              <properties>
                <property name="retryIteration" value="0" />
                <property name="repeatIteration" value="0" />
              </properties>
            </test-case>
            <test-case id="1149" name="RebuildIndexMaps_FullGraph_RebuildsAllIndexMaps" fullname="KexGraph.Tests.GraphSerializationTests.RebuildIndexMaps_FullGraph_RebuildsAllIndexMaps" methodname="RebuildIndexMaps_FullGraph_RebuildsAllIndexMaps" classname="KexGraph.Tests.GraphSerializationTests" runstate="Runnable" seed="1620027749" result="Passed" start-time="2025-12-21 17:15:52Z" end-time="2025-12-21 17:15:52Z" duration="0.000202" asserts="0">
              <properties>
                <property name="retryIteration" value="0" />
                <property name="repeatIteration" value="0" />
              </properties>
            </test-case>
            <test-case id="1148" name="RebuildIndexMaps_NodesAndPorts_RebuildsPortIndexMap" fullname="KexGraph.Tests.GraphSerializationTests.RebuildIndexMaps_NodesAndPorts_RebuildsPortIndexMap" methodname="RebuildIndexMaps_NodesAndPorts_RebuildsPortIndexMap" classname="KexGraph.Tests.GraphSerializationTests" runstate="Runnable" seed="1195142696" result="Passed" start-time="2025-12-21 17:15:52Z" end-time="2025-12-21 17:15:52Z" duration="0.000199" asserts="0">
              <properties>
                <property name="retryIteration" value="0" />
                <property name="repeatIteration" value="0" />
              </properties>
            </test-case>
            <test-case id="1147" name="RebuildIndexMaps_NodesOnly_RebuildsNodeIndexMap" fullname="KexGraph.Tests.GraphSerializationTests.RebuildIndexMaps_NodesOnly_RebuildsNodeIndexMap" methodname="RebuildIndexMaps_NodesOnly_RebuildsNodeIndexMap" classname="KexGraph.Tests.GraphSerializationTests" runstate="Runnable" seed="1143002469" result="Passed" start-time="2025-12-21 17:15:52Z" end-time="2025-12-21 17:15:52Z" duration="0.000221" asserts="0">
              <properties>
                <property name="retryIteration" value="0" />
                <property name="repeatIteration" value="0" />
              </properties>
            </test-case>
            <test-case id="1150" name="SimulateRoundTrip_ComplexGraph_PreservesStructure" fullname="KexGraph.Tests.GraphSerializationTests.SimulateRoundTrip_ComplexGraph_PreservesStructure" methodname="SimulateRoundTrip_ComplexGraph_PreservesStructure" classname="KexGraph.Tests.GraphSerializationTests" runstate="Runnable" seed="992428420" result="Passed" start-time="2025-12-21 17:15:52Z" end-time="2025-12-21 17:15:52Z" duration="0.002683" asserts="0">
              <properties>
                <property name="retryIteration" value="0" />
                <property name="repeatIteration" value="0" />
              </properties>
            </test-case>
          </test-suite>
          <test-suite type="TestFixture" id="1153" name="GraphStructureTests" fullname="KexGraph.Tests.GraphStructureTests" classname="KexGraph.Tests.GraphStructureTests" runstate="Runnable" testcasecount="5" result="Passed" start-time="2025-12-21 17:15:52Z" end-time="2025-12-21 17:15:52Z" duration="0.002115" total="5" passed="5" failed="0" inconclusive="0" skipped="0" asserts="0">
            <properties>
              <property name="Category" value="Unit" />
            </properties>
            <test-case id="1154" name="Graph_Create_AllocatesLists" fullname="KexGraph.Tests.GraphStructureTests.Graph_Create_AllocatesLists" methodname="Graph_Create_AllocatesLists" classname="KexGraph.Tests.GraphStructureTests" runstate="Runnable" seed="544531706" result="Passed" start-time="2025-12-21 17:15:52Z" end-time="2025-12-21 17:15:52Z" duration="0.000200" asserts="0">
              <properties>
                <property name="retryIteration" value="0" />
                <property name="repeatIteration" value="0" />
              </properties>
            </test-case>
            <test-case id="1155" name="Graph_Dispose_FreesMemory" fullname="KexGraph.Tests.GraphStructureTests.Graph_Dispose_FreesMemory" methodname="Graph_Dispose_FreesMemory" classname="KexGraph.Tests.GraphStructureTests" runstate="Runnable" seed="1565426397" result="Passed" start-time="2025-12-21 17:15:52Z" end-time="2025-12-21 17:15:52Z" duration="0.000256" asserts="0">
              <properties>
                <property name="retryIteration" value="0" />
                <property name="repeatIteration" value="0" />
              </properties>
            </test-case>
            <test-case id="1158" name="Graph_EdgeCount_ReturnsCorrectValue" fullname="KexGraph.Tests.GraphStructureTests.Graph_EdgeCount_ReturnsCorrectValue" methodname="Graph_EdgeCount_ReturnsCorrectValue" classname="KexGraph.Tests.GraphStructureTests" runstate="Runnable" seed="1274477534" result="Passed" start-time="2025-12-21 17:15:52Z" end-time="2025-12-21 17:15:52Z" duration="0.000151" asserts="0">
              <properties>
                <property name="retryIteration" value="0" />
                <property name="repeatIteration" value="0" />
              </properties>
            </test-case>
            <test-case id="1156" name="Graph_NodeCount_ReturnsCorrectValue" fullname="KexGraph.Tests.GraphStructureTests.Graph_NodeCount_ReturnsCorrectValue" methodname="Graph_NodeCount_ReturnsCorrectValue" classname="KexGraph.Tests.GraphStructureTests" runstate="Runnable" seed="1958645831" result="Passed" start-time="2025-12-21 17:15:52Z" end-time="2025-12-21 17:15:52Z" duration="0.000141" asserts="0">
              <properties>
                <property name="retryIteration" value="0" />
                <property name="repeatIteration" value="0" />
              </properties>
            </test-case>
            <test-case id="1157" name="Graph_PortCount_ReturnsCorrectValue" fullname="KexGraph.Tests.GraphStructureTests.Graph_PortCount_ReturnsCorrectValue" methodname="Graph_PortCount_ReturnsCorrectValue" classname="KexGraph.Tests.GraphStructureTests" runstate="Runnable" seed="255565483" result="Passed" start-time="2025-12-21 17:15:52Z" end-time="2025-12-21 17:15:52Z" duration="0.000135" asserts="0">
              <properties>
                <property name="retryIteration" value="0" />
                <property name="repeatIteration" value="0" />
              </properties>
            </test-case>
          </test-suite>
          <test-suite type="TestFixture" id="1159" name="GraphValidationTests" fullname="KexGraph.Tests.GraphValidationTests" classname="KexGraph.Tests.GraphValidationTests" runstate="Runnable" testcasecount="7" result="Passed" start-time="2025-12-21 17:15:52Z" end-time="2025-12-21 17:15:52Z" duration="0.004163" total="7" passed="7" failed="0" inconclusive="0" skipped="0" asserts="0">
            <properties>
              <property name="Category" value="Unit" />
            </properties>
            <test-case id="1165" name="HasCycle_ComplexCycle_ReturnsTrue" fullname="KexGraph.Tests.GraphValidationTests.HasCycle_ComplexCycle_ReturnsTrue" methodname="HasCycle_ComplexCycle_ReturnsTrue" classname="KexGraph.Tests.GraphValidationTests" runstate="Runnable" seed="350503418" result="Passed" start-time="2025-12-21 17:15:52Z" end-time="2025-12-21 17:15:52Z" duration="0.001691" asserts="0">
              <properties>
                <property name="retryIteration" value="0" />
                <property name="repeatIteration" value="0" />
              </properties>
            </test-case>
            <test-case id="1166" name="HasCycle_DiamondShape_ReturnsFalse" fullname="KexGraph.Tests.GraphValidationTests.HasCycle_DiamondShape_ReturnsFalse" methodname="HasCycle_DiamondShape_ReturnsFalse" classname="KexGraph.Tests.GraphValidationTests" runstate="Runnable" seed="1246164431" result="Passed" start-time="2025-12-21 17:15:52Z" end-time="2025-12-21 17:15:52Z" duration="0.000245" asserts="0">
              <properties>
                <property name="retryIteration" value="0" />
                <property name="repeatIteration" value="0" />
              </properties>
            </test-case>
            <test-case id="1160" name="HasCycle_EmptyGraph_ReturnsFalse" fullname="KexGraph.Tests.GraphValidationTests.HasCycle_EmptyGraph_ReturnsFalse" methodname="HasCycle_EmptyGraph_ReturnsFalse" classname="KexGraph.Tests.GraphValidationTests" runstate="Runnable" seed="233249627" result="Passed" start-time="2025-12-21 17:15:52Z" end-time="2025-12-21 17:15:52Z" duration="0.000139" asserts="0">
              <properties>
                <property name="retryIteration" value="0" />
                <property name="repeatIteration" value="0" />
              </properties>
            </test-case>
            <test-case id="1162" name="HasCycle_LinearChain_ReturnsFalse" fullname="KexGraph.Tests.GraphValidationTests.HasCycle_LinearChain_ReturnsFalse" methodname="HasCycle_LinearChain_ReturnsFalse" classname="KexGraph.Tests.GraphValidationTests" runstate="Runnable" seed="1320680483" result="Passed" start-time="2025-12-21 17:15:52Z" end-time="2025-12-21 17:15:52Z" duration="0.000184" asserts="0">
              <properties>
                <property name="retryIteration" value="0" />
                <property name="repeatIteration" value="0" />
              </properties>
            </test-case>
            <test-case id="1164" name="HasCycle_SelfLoop_ReturnsTrue" fullname="KexGraph.Tests.GraphValidationTests.HasCycle_SelfLoop_ReturnsTrue" methodname="HasCycle_SelfLoop_ReturnsTrue" classname="KexGraph.Tests.GraphValidationTests" runstate="Runnable" seed="304951291" result="Passed" start-time="2025-12-21 17:15:52Z" end-time="2025-12-21 17:15:52Z" duration="0.000154" asserts="0">
              <properties>
                <property name="retryIteration" value="0" />
                <property name="repeatIteration" value="0" />
              </properties>
            </test-case>
            <test-case id="1163" name="HasCycle_SimpleCycle_ReturnsTrue" fullname="KexGraph.Tests.GraphValidationTests.HasCycle_SimpleCycle_ReturnsTrue" methodname="HasCycle_SimpleCycle_ReturnsTrue" classname="KexGraph.Tests.GraphValidationTests" runstate="Runnable" seed="1331303621" result="Passed" start-time="2025-12-21 17:15:52Z" end-time="2025-12-21 17:15:52Z" duration="0.000172" asserts="0">
              <properties>
                <property name="retryIteration" value="0" />
                <property name="repeatIteration" value="0" />
              </properties>
            </test-case>
            <test-case id="1161" name="HasCycle_SingleNode_ReturnsFalse" fullname="KexGraph.Tests.GraphValidationTests.HasCycle_SingleNode_ReturnsFalse" methodname="HasCycle_SingleNode_ReturnsFalse" classname="KexGraph.Tests.GraphValidationTests" runstate="Runnable" seed="833324536" result="Passed" start-time="2025-12-21 17:15:52Z" end-time="2025-12-21 17:15:52Z" duration="0.000130" asserts="0">
              <properties>
                <property name="retryIteration" value="0" />
                <property name="repeatIteration" value="0" />
              </properties>
            </test-case>
          </test-suite>
        </test-suite>
      </test-suite>
      <test-suite type="TestSuite" id="1468" name="NodeGraph" fullname="NodeGraph" runstate="Runnable" testcasecount="31" result="Passed" start-time="2025-12-21 17:15:52Z" end-time="2025-12-21 17:15:52Z" duration="0.020348" total="31" passed="31" failed="0" inconclusive="0" skipped="0" asserts="0">
        <properties />
        <test-suite type="TestSuite" id="1469" name="Tests" fullname="NodeGraph.Tests" runstate="Runnable" testcasecount="31" result="Passed" start-time="2025-12-21 17:15:52Z" end-time="2025-12-21 17:15:52Z" duration="0.019593" total="31" passed="31" failed="0" inconclusive="0" skipped="0" asserts="0">
          <properties />
          <test-suite type="TestFixture" id="1051" name="ConnectionValidatorTests" fullname="NodeGraph.Tests.ConnectionValidatorTests" classname="NodeGraph.Tests.ConnectionValidatorTests" runstate="Runnable" testcasecount="11" result="Passed" start-time="2025-12-21 17:15:52Z" end-time="2025-12-21 17:15:52Z" duration="0.007661" total="11" passed="11" failed="0" inconclusive="0" skipped="0" asserts="0">
            <properties>
              <property name="Category" value="Unit" />
            </properties>
            <test-case id="1058" name="AddValidatedEdge_InvalidConnection_ReturnsZero" fullname="NodeGraph.Tests.ConnectionValidatorTests.AddValidatedEdge_InvalidConnection_ReturnsZero" methodname="AddValidatedEdge_InvalidConnection_ReturnsZero" classname="NodeGraph.Tests.ConnectionValidatorTests" runstate="Runnable" seed="1967111613" result="Passed" start-time="2025-12-21 17:15:52Z" end-time="2025-12-21 17:15:52Z" duration="0.001140" asserts="0">
              <properties>
                <property name="retryIteration" value="0" />
                <property name="repeatIteration" value="0" />
              </properties>
            </test-case>
            <test-case id="1057" name="AddValidatedEdge_ValidConnection_CreatesEdge" fullname="NodeGraph.Tests.ConnectionValidatorTests.AddValidatedEdge_ValidConnection_CreatesEdge" methodname="AddValidatedEdge_ValidConnection_CreatesEdge" classname="NodeGraph.Tests.ConnectionValidatorTests" runstate="Runnable" seed="19035687" result="Passed" start-time="2025-12-21 17:15:52Z" end-time="2025-12-21 17:15:52Z" duration="0.000360" asserts="0">
              <properties>
                <property name="retryIteration" value="0" />
                <property name="repeatIteration" value="0" />
              </properties>
            </test-case>
            <test-case id="1059" name="ValidateAllEdges_ValidGraph_ReturnsTrue" fullname="NodeGraph.Tests.ConnectionValidatorTests.ValidateAllEdges_ValidGraph_ReturnsTrue" methodname="ValidateAllEdges_ValidGraph_ReturnsTrue" classname="NodeGraph.Tests.ConnectionValidatorTests" runstate="Runnable" seed="2113145413" result="Passed" start-time="2025-12-21 17:15:52Z" end-time="2025-12-21 17:15:52Z" duration="0.001053" asserts="0">
              <properties>
                <property name="retryIteration" value="0" />
                <property name="repeatIteration" value="0" />
              </properties>
            </test-case>
            <test-case id="1052" name="ValidateConnection_CompatiblePorts_ReturnsSuccess" fullname="NodeGraph.Tests.ConnectionValidatorTests.ValidateConnection_CompatiblePorts_ReturnsSuccess" methodname="ValidateConnection_CompatiblePorts_ReturnsSuccess" classname="NodeGraph.Tests.ConnectionValidatorTests" runstate="Runnable" seed="1316237979" result="Passed" start-time="2025-12-21 17:15:52Z" end-time="2025-12-21 17:15:52Z" duration="0.001233" asserts="0">
              <properties>
                <property name="retryIteration" value="0" />
                <property name="repeatIteration" value="0" />
              </properties>
            </test-case>
            <test-case id="1053" name="ValidateConnection_IncompatibleTypes_ReturnsError" fullname="NodeGraph.Tests.ConnectionValidatorTests.ValidateConnection_IncompatibleTypes_ReturnsError" methodname="ValidateConnection_IncompatibleTypes_ReturnsError" classname="NodeGraph.Tests.ConnectionValidatorTests" runstate="Runnable" seed="1157957591" result="Passed" start-time="2025-12-21 17:15:52Z" end-time="2025-12-21 17:15:52Z" duration="0.000340" asserts="0">
              <properties>
                <property name="retryIteration" value="0" />
                <property name="repeatIteration" value="0" />
              </properties>
            </test-case>
            <test-case id="1055" name="ValidateConnection_InputToOutput_ReturnsError" fullname="NodeGraph.Tests.ConnectionValidatorTests.ValidateConnection_InputToOutput_ReturnsError" methodname="ValidateConnection_InputToOutput_ReturnsError" classname="NodeGraph.Tests.ConnectionValidatorTests" runstate="Runnable" seed="1519234248" result="Passed" start-time="2025-12-21 17:15:52Z" end-time="2025-12-21 17:15:52Z" duration="0.000304" asserts="0">
              <properties>
                <property name="retryIteration" value="0" />
                <property name="repeatIteration" value="0" />
              </properties>
            </test-case>
            <test-case id="1054" name="ValidateConnection_OutputToOutput_ReturnsError" fullname="NodeGraph.Tests.ConnectionValidatorTests.ValidateConnection_OutputToOutput_ReturnsError" methodname="ValidateConnection_OutputToOutput_ReturnsError" classname="NodeGraph.Tests.ConnectionValidatorTests" runstate="Runnable" seed="1427081348" result="Passed" start-time="2025-12-21 17:15:52Z" end-time="2025-12-21 17:15:52Z" duration="0.000294" asserts="0">
              <properties>
                <property name="retryIteration" value="0" />
                <property name="repeatIteration" value="0" />
              </properties>
            </test-case>
            <test-case id="1060" name="ValidateConnection_ScalarToScalarInput_ReturnsSuccess" fullname="NodeGraph.Tests.ConnectionValidatorTests.ValidateConnection_ScalarToScalarInput_ReturnsSuccess" methodname="ValidateConnection_ScalarToScalarInput_ReturnsSuccess" classname="NodeGraph.Tests.ConnectionValidatorTests" runstate="Runnable" seed="86416853" result="Passed" start-time="2025-12-21 17:15:52Z" end-time="2025-12-21 17:15:52Z" duration="0.000308" asserts="0">
              <properties>
                <property name="retryIteration" value="0" />
                <property name="repeatIteration" value="0" />
              </properties>
            </test-case>
            <test-case id="1062" name="ValidateConnection_ScalarToVectorInput_ReturnsError" fullname="NodeGraph.Tests.ConnectionValidatorTests.ValidateConnection_ScalarToVectorInput_ReturnsError" methodname="ValidateConnection_ScalarToVectorInput_ReturnsError" classname="NodeGraph.Tests.ConnectionValidatorTests" runstate="Runnable" seed="707229303" result="Passed" start-time="2025-12-21 17:15:52Z" end-time="2025-12-21 17:15:52Z" duration="0.000329" asserts="0">
              <properties>
                <property name="retryIteration" value="0" />
                <property name="repeatIteration" value="0" />
              </properties>
            </test-case>
            <test-case id="1056" name="ValidateConnection_SelfConnection_ReturnsError" fullname="NodeGraph.Tests.ConnectionValidatorTests.ValidateConnection_SelfConnection_ReturnsError" methodname="ValidateConnection_SelfConnection_ReturnsError" classname="NodeGraph.Tests.ConnectionValidatorTests" runstate="Runnable" seed="664454632" result="Passed" start-time="2025-12-21 17:15:52Z" end-time="2025-12-21 17:15:52Z" duration="0.000288" asserts="0">
              <properties>
                <property name="retryIteration" value="0" />
                <property name="repeatIteration" value="0" />
              </properties>
            </test-case>
            <test-case id="1061" name="ValidateConnection_VectorToPositionInput_ReturnsSuccess" fullname="NodeGraph.Tests.ConnectionValidatorTests.ValidateConnection_VectorToPositionInput_ReturnsSuccess" methodname="ValidateConnection_VectorToPositionInput_ReturnsSuccess" classname="NodeGraph.Tests.ConnectionValidatorTests" runstate="Runnable" seed="1400932299" result="Passed" start-time="2025-12-21 17:15:52Z" end-time="2025-12-21 17:15:52Z" duration="0.000322" asserts="0">
              <properties>
                <property name="retryIteration" value="0" />
                <property name="repeatIteration" value="0" />
              </properties>
            </test-case>
          </test-suite>
          <test-suite type="TestFixture" id="1063" name="PortDataTypeTests" fullname="NodeGraph.Tests.PortDataTypeTests" classname="NodeGraph.Tests.PortDataTypeTests" runstate="Runnable" testcasecount="8" result="Passed" start-time="2025-12-21 17:15:52Z" end-time="2025-12-21 17:15:52Z" duration="0.003732" total="8" passed="8" failed="0" inconclusive="0" skipped="0" asserts="0">
            <properties>
              <property name="Category" value="Unit" />
            </properties>
            <test-case id="1064" name="DataType_AnchorPort_ReturnsAnchor" fullname="NodeGraph.Tests.PortDataTypeTests.DataType_AnchorPort_ReturnsAnchor" methodname="DataType_AnchorPort_ReturnsAnchor" classname="NodeGraph.Tests.PortDataTypeTests" runstate="Runnable" seed="1282133181" result="Passed" start-time="2025-12-21 17:15:52Z" end-time="2025-12-21 17:15:52Z" duration="0.000879" asserts="0">
              <properties>
                <property name="retryIteration" value="0" />
                <property name="repeatIteration" value="0" />
              </properties>
            </test-case>
            <test-case id="1068" name="DataType_GenericScalarPort_ReturnsScalar" fullname="NodeGraph.Tests.PortDataTypeTests.DataType_GenericScalarPort_ReturnsScalar" methodname="DataType_GenericScalarPort_ReturnsScalar" classname="NodeGraph.Tests.PortDataTypeTests" runstate="Runnable" seed="78465660" result="Passed" start-time="2025-12-21 17:15:52Z" end-time="2025-12-21 17:15:52Z" duration="0.000143" asserts="0">
              <properties>
                <property name="retryIteration" value="0" />
                <property name="repeatIteration" value="0" />
              </properties>
            </test-case>
            <test-case id="1065" name="DataType_PathPort_ReturnsPath" fullname="NodeGraph.Tests.PortDataTypeTests.DataType_PathPort_ReturnsPath" methodname="DataType_PathPort_ReturnsPath" classname="NodeGraph.Tests.PortDataTypeTests" runstate="Runnable" seed="67059297" result="Passed" start-time="2025-12-21 17:15:52Z" end-time="2025-12-21 17:15:52Z" duration="0.000106" asserts="0">
              <properties>
                <property name="retryIteration" value="0" />
                <property name="repeatIteration" value="0" />
              </properties>
            </test-case>
            <test-case id="1066" name="DataType_ScalarPorts_ReturnScalar" fullname="NodeGraph.Tests.PortDataTypeTests.DataType_ScalarPorts_ReturnScalar" methodname="DataType_ScalarPorts_ReturnScalar" classname="NodeGraph.Tests.PortDataTypeTests" runstate="Runnable" seed="683754812" result="Passed" start-time="2025-12-21 17:15:52Z" end-time="2025-12-21 17:15:52Z" duration="0.000129" asserts="0">
              <properties>
                <property name="retryIteration" value="0" />
                <property name="repeatIteration" value="0" />
              </properties>
            </test-case>
            <test-case id="1067" name="DataType_VectorPorts_ReturnVector" fullname="NodeGraph.Tests.PortDataTypeTests.DataType_VectorPorts_ReturnVector" methodname="DataType_VectorPorts_ReturnVector" classname="NodeGraph.Tests.PortDataTypeTests" runstate="Runnable" seed="1742603580" result="Passed" start-time="2025-12-21 17:15:52Z" end-time="2025-12-21 17:15:52Z" duration="0.000124" asserts="0">
              <properties>
                <property name="retryIteration" value="0" />
                <property name="repeatIteration" value="0" />
              </properties>
            </test-case>
            <test-case id="1069" name="DefaultValue_Duration_Returns5" fullname="NodeGraph.Tests.PortDataTypeTests.DefaultValue_Duration_Returns5" methodname="DefaultValue_Duration_Returns5" classname="NodeGraph.Tests.PortDataTypeTests" runstate="Runnable" seed="1096891463" result="Passed" start-time="2025-12-21 17:15:52Z" end-time="2025-12-21 17:15:52Z" duration="0.000579" asserts="0">
              <properties>
                <property name="retryIteration" value="0" />
                <property name="repeatIteration" value="0" />
              </properties>
            </test-case>
            <test-case id="1071" name="DefaultValue_StartEnd_Return0And1" fullname="NodeGraph.Tests.PortDataTypeTests.DefaultValue_StartEnd_Return0And1" methodname="DefaultValue_StartEnd_Return0And1" classname="NodeGraph.Tests.PortDataTypeTests" runstate="Runnable" seed="1018010798" result="Passed" start-time="2025-12-21 17:15:52Z" end-time="2025-12-21 17:15:52Z" duration="0.000118" asserts="0">
              <properties>
                <property name="retryIteration" value="0" />
                <property name="repeatIteration" value="0" />
              </properties>
            </test-case>
            <test-case id="1070" name="DefaultValue_Weights_Return0Point5" fullname="NodeGraph.Tests.PortDataTypeTests.DefaultValue_Weights_Return0Point5" methodname="DefaultValue_Weights_Return0Point5" classname="NodeGraph.Tests.PortDataTypeTests" runstate="Runnable" seed="398080175" result="Passed" start-time="2025-12-21 17:15:52Z" end-time="2025-12-21 17:15:52Z" duration="0.000112" asserts="0">
              <properties>
                <property name="retryIteration" value="0" />
                <property name="repeatIteration" value="0" />
              </properties>
            </test-case>
          </test-suite>
          <test-suite type="TestFixture" id="1038" name="TypedGraphTests" fullname="NodeGraph.Tests.TypedGraphTests" classname="NodeGraph.Tests.TypedGraphTests" runstate="Runnable" testcasecount="12" result="Passed" start-time="2025-12-21 17:15:52Z" end-time="2025-12-21 17:15:52Z" duration="0.007364" total="12" passed="12" failed="0" inconclusive="0" skipped="0" asserts="0">
            <properties>
              <property name="Category" value="Unit" />
            </properties>
[...]
              <properties>
                <property name="retryIteration" value="0" />
                <property name="repeatIteration" value="0" />
              </properties>
            </test-case>
            <test-case id="1430" name="ToIndex_AllPropertiesForNodeType_AreUnique(Geometric,7)" fullname="Tests.PropertyIndexTests.ToIndex_AllPropertiesForNodeType_AreUnique(Geometric,7)" methodname="ToIndex_AllPropertiesForNodeType_AreUnique" classname="Tests.PropertyIndexTests" runstate="Runnable" seed="792923813" result="Passed" start-time="2025-12-21 17:15:58Z" end-time="2025-12-21 17:15:58Z" duration="0.000107" asserts="0">
              <properties>
                <property name="retryIteration" value="0" />
                <property name="repeatIteration" value="0" />
              </properties>
            </test-case>
            <test-case id="1431" name="ToIndex_AllPropertiesForNodeType_AreUnique(Curved,5)" fullname="Tests.PropertyIndexTests.ToIndex_AllPropertiesForNodeType_AreUnique(Curved,5)" methodname="ToIndex_AllPropertiesForNodeType_AreUnique" classname="Tests.PropertyIndexTests" runstate="Runnable" seed="1915807104" result="Passed" start-time="2025-12-21 17:15:58Z" end-time="2025-12-21 17:15:58Z" duration="0.000075" asserts="0">
              <properties>
                <property name="retryIteration" value="0" />
                <property name="repeatIteration" value="0" />
              </properties>
            </test-case>
            <test-case id="1432" name="ToIndex_AllPropertiesForNodeType_AreUnique(CopyPath,4)" fullname="Tests.PropertyIndexTests.ToIndex_AllPropertiesForNodeType_AreUnique(CopyPath,4)" methodname="ToIndex_AllPropertiesForNodeType_AreUnique" classname="Tests.PropertyIndexTests" runstate="Runnable" seed="708068383" result="Passed" start-time="2025-12-21 17:15:58Z" end-time="2025-12-21 17:15:58Z" duration="0.000074" asserts="0">
              <properties>
                <property name="retryIteration" value="0" />
                <property name="repeatIteration" value="0" />
              </properties>
            </test-case>
            <test-case id="1433" name="ToIndex_AllPropertiesForNodeType_AreUnique(Bridge,5)" fullname="Tests.PropertyIndexTests.ToIndex_AllPropertiesForNodeType_AreUnique(Bridge,5)" methodname="ToIndex_AllPropertiesForNodeType_AreUnique" classname="Tests.PropertyIndexTests" runstate="Runnable" seed="1754143314" result="Passed" start-time="2025-12-21 17:15:58Z" end-time="2025-12-21 17:15:58Z" duration="0.000074" asserts="0">
              <properties>
                <property name="retryIteration" value="0" />
                <property name="repeatIteration" value="0" />
              </properties>
            </test-case>
          </test-suite>
          <test-case id="1418" name="ToIndex_NormalForce_Force_Returns1" fullname="Tests.PropertyIndexTests.ToIndex_NormalForce_Force_Returns1" methodname="ToIndex_NormalForce_Force_Returns1" classname="Tests.PropertyIndexTests" runstate="Runnable" seed="175866118" result="Passed" start-time="2025-12-21 17:15:58Z" end-time="2025-12-21 17:15:58Z" duration="0.000113" asserts="0">
            <properties>
              <property name="retryIteration" value="0" />
              <property name="repeatIteration" value="0" />
            </properties>
          </test-case>
          <test-case id="1419" name="ToIndex_PitchSpeed_Geometric_Returns1" fullname="Tests.PropertyIndexTests.ToIndex_PitchSpeed_Geometric_Returns1" methodname="ToIndex_PitchSpeed_Geometric_Returns1" classname="Tests.PropertyIndexTests" runstate="Runnable" seed="1851108348" result="Passed" start-time="2025-12-21 17:15:58Z" end-time="2025-12-21 17:15:58Z" duration="0.000105" asserts="0">
            <properties>
              <property name="retryIteration" value="0" />
              <property name="repeatIteration" value="0" />
            </properties>
          </test-case>
        </test-suite>
        <test-suite type="TestFixture" id="1441" name="QuaternionEquivalenceTests" fullname="Tests.QuaternionEquivalenceTests" classname="Tests.QuaternionEquivalenceTests" runstate="Runnable" testcasecount="3" result="Passed" start-time="2025-12-21 17:15:58Z" end-time="2025-12-21 17:15:58Z" duration="0.008736" total="3" passed="3" failed="0" inconclusive="0" skipped="0" asserts="0">
          <properties>
            <property name="Category" value="Validation" />
          </properties>
          <test-case id="1444" name="CombinedRotation_ReproducesDrift" fullname="Tests.QuaternionEquivalenceTests.CombinedRotation_ReproducesDrift" methodname="CombinedRotation_ReproducesDrift" classname="Tests.QuaternionEquivalenceTests" runstate="Runnable" seed="1302579195" result="Passed" start-time="2025-12-21 17:15:58Z" end-time="2025-12-21 17:15:58Z" duration="0.005580" asserts="0">
            <properties>
              <property name="retryIteration" value="0" />
              <property name="repeatIteration" value="0" />
            </properties>
            <output><![CDATA[Direction error: 0.000000e+000 (unity=float3(-0.0003f, 0.0005f, -0.9999998f), rust=float3(-0.0003f, 0.0005f, -0.9999998f))
Unity combined: (0.00025, 0.00015, 3.75E-08, 0.9999999)
Rust combined: (0.00025, 0.00015, 3.75E-08, 0.9999999)
]]></output>
          </test-case>
          <test-case id="1442" name="QuaternionMul_MatchesUnity" fullname="Tests.QuaternionEquivalenceTests.QuaternionMul_MatchesUnity" methodname="QuaternionMul_MatchesUnity" classname="Tests.QuaternionEquivalenceTests" runstate="Runnable" seed="1194961082" result="Passed" start-time="2025-12-21 17:15:58Z" end-time="2025-12-21 17:15:58Z" duration="0.001039" asserts="0">
            <properties>
              <property name="retryIteration" value="0" />
              <property name="repeatIteration" value="0" />
            </properties>
          </test-case>
          <test-case id="1443" name="QuaternionMulVec_MatchesUnity" fullname="Tests.QuaternionEquivalenceTests.QuaternionMulVec_MatchesUnity" methodname="QuaternionMulVec_MatchesUnity" classname="Tests.QuaternionEquivalenceTests" runstate="Runnable" seed="1972908334" result="Passed" start-time="2025-12-21 17:15:58Z" end-time="2025-12-21 17:15:58Z" duration="0.000805" asserts="0">
            <properties>
              <property name="retryIteration" value="0" />
              <property name="repeatIteration" value="0" />
            </properties>
          </test-case>
        </test-suite>
        <test-suite type="TestFixture" id="1445" name="ReverseNodeTests" fullname="Tests.ReverseNodeTests" classname="Tests.ReverseNodeTests" runstate="Runnable" testcasecount="6" result="Passed" start-time="2025-12-21 17:15:58Z" end-time="2025-12-21 17:15:58Z" duration="0.004338" total="6" passed="6" failed="0" inconclusive="0" skipped="0" asserts="0">
          <properties />
          <test-case id="1451" name="Build_PreservesLateralForce" fullname="Tests.ReverseNodeTests.Build_PreservesLateralForce" methodname="Build_PreservesLateralForce" classname="Tests.ReverseNodeTests" runstate="Runnable" seed="2044003811" result="Passed" start-time="2025-12-21 17:15:58Z" end-time="2025-12-21 17:15:58Z" duration="0.001819" asserts="0">
            <properties>
              <property name="retryIteration" value="0" />
              <property name="repeatIteration" value="0" />
            </properties>
          </test-case>
          <test-case id="1448" name="Build_PreservesNormal" fullname="Tests.ReverseNodeTests.Build_PreservesNormal" methodname="Build_PreservesNormal" classname="Tests.ReverseNodeTests" runstate="Runnable" seed="1521830442" result="Passed" start-time="2025-12-21 17:15:58Z" end-time="2025-12-21 17:15:58Z" duration="0.000213" asserts="0">
            <properties>
              <property name="retryIteration" value="0" />
              <property name="repeatIteration" value="0" />
            </properties>
          </test-case>
          <test-case id="1449" name="Build_PreservesPosition" fullname="Tests.ReverseNodeTests.Build_PreservesPosition" methodname="Build_PreservesPosition" classname="Tests.ReverseNodeTests" runstate="Runnable" seed="345260046" result="Passed" start-time="2025-12-21 17:15:58Z" end-time="2025-12-21 17:15:58Z" duration="0.000180" asserts="0">
            <properties>
              <property name="retryIteration" value="0" />
              <property name="repeatIteration" value="0" />
            </properties>
          </test-case>
          <test-case id="1450" name="Build_PreservesVelocityAndEnergy" fullname="Tests.ReverseNodeTests.Build_PreservesVelocityAndEnergy" methodname="Build_PreservesVelocityAndEnergy" classname="Tests.ReverseNodeTests" runstate="Runnable" seed="858191233" result="Passed" start-time="2025-12-21 17:15:58Z" end-time="2025-12-21 17:15:58Z" duration="0.000150" asserts="0">
            <properties>
              <property name="retryIteration" value="0" />
              <property name="repeatIteration" value="0" />
            </properties>
          </test-case>
          <test-case id="1446" name="Build_ReversesDirection" fullname="Tests.ReverseNodeTests.Build_ReversesDirection" methodname="Build_ReversesDirection" classname="Tests.ReverseNodeTests" runstate="Runnable" seed="321152470" result="Passed" start-time="2025-12-21 17:15:58Z" end-time="2025-12-21 17:15:58Z" duration="0.000185" asserts="0">
            <properties>
              <property name="retryIteration" value="0" />
              <property name="repeatIteration" value="0" />
            </properties>
          </test-case>
          <test-case id="1447" name="Build_ReversesLateral" fullname="Tests.ReverseNodeTests.Build_ReversesLateral" methodname="Build_ReversesLateral" classname="Tests.ReverseNodeTests" runstate="Runnable" seed="170940163" result="Passed" start-time="2025-12-21 17:15:58Z" end-time="2025-12-21 17:15:58Z" duration="0.000151" asserts="0">
            <properties>
              <property name="retryIteration" value="0" />
              <property name="repeatIteration" value="0" />
            </properties>
          </test-case>
        </test-suite>
        <test-suite type="TestFixture" id="1452" name="ReversePathNodeTests" fullname="Tests.ReversePathNodeTests" classname="Tests.ReversePathNodeTests" runstate="Runnable" testcasecount="4" result="Passed" start-time="2025-12-21 17:15:58Z" end-time="2025-12-21 17:15:58Z" duration="0.005404" total="4" passed="4" failed="0" inconclusive="0" skipped="0" asserts="0">
          <properties />
          <test-case id="1453" name="Build_EmptyPath_ReturnsEmpty" fullname="Tests.ReversePathNodeTests.Build_EmptyPath_ReturnsEmpty" methodname="Build_EmptyPath_ReturnsEmpty" classname="Tests.ReversePathNodeTests" runstate="Runnable" seed="486431795" result="Passed" start-time="2025-12-21 17:15:58Z" end-time="2025-12-21 17:15:58Z" duration="0.001719" asserts="0">
            <properties>
              <property name="retryIteration" value="0" />
              <property name="repeatIteration" value="0" />
            </properties>
          </test-case>
          <test-case id="1455" name="Build_MultiplePpoints_ReversesOrder" fullname="Tests.ReversePathNodeTests.Build_MultiplePpoints_ReversesOrder" methodname="Build_MultiplePpoints_ReversesOrder" classname="Tests.ReversePathNodeTests" runstate="Runnable" seed="125370376" result="Passed" start-time="2025-12-21 17:15:58Z" end-time="2025-12-21 17:15:58Z" duration="0.001038" asserts="0">
            <properties>
              <property name="retryIteration" value="0" />
              <property name="repeatIteration" value="0" />
            </properties>
          </test-case>
          <test-case id="1456" name="Build_PreservesNormal" fullname="Tests.ReversePathNodeTests.Build_PreservesNormal" methodname="Build_PreservesNormal" classname="Tests.ReversePathNodeTests" runstate="Runnable" seed="1582012956" result="Passed" start-time="2025-12-21 17:15:58Z" end-time="2025-12-21 17:15:58Z" duration="0.000773" asserts="0">
            <properties>
              <property name="retryIteration" value="0" />
              <property name="repeatIteration" value="0" />
            </properties>
          </test-case>
          <test-case id="1454" name="Build_SinglePoint_ReversesOrientation" fullname="Tests.ReversePathNodeTests.Build_SinglePoint_ReversesOrientation" methodname="Build_SinglePoint_ReversesOrientation" classname="Tests.ReversePathNodeTests" runstate="Runnable" seed="1259644056" result="Passed" start-time="2025-12-21 17:15:58Z" end-time="2025-12-21 17:15:58Z" duration="0.000692" asserts="0">
            <properties>
              <property name="retryIteration" value="0" />
              <property name="repeatIteration" value="0" />
            </properties>
          </test-case>
        </test-suite>
        <test-suite type="TestFixture" id="1457" name="RustForceNodeValidationTests" fullname="Tests.RustForceNodeValidationTests" classname="Tests.RustForceNodeValidationTests" runstate="Runnable" testcasecount="3" result="Failed" site="Child" start-time="2025-12-21 17:15:58Z" end-time="2025-12-21 17:15:58Z" duration="0.117370" total="3" passed="2" failed="1" inconclusive="0" skipped="0" asserts="0">
          <properties>
            <property name="Category" value="Validation" />
          </properties>
          <failure>
            <message><![CDATA[One or more child tests had errors]]></message>
          </failure>
          <test-case id="1460" name="RustMatchesBurst_AllTypes_ForceSection" fullname="Tests.RustForceNodeValidationTests.RustMatchesBurst_AllTypes_ForceSection" methodname="RustMatchesBurst_AllTypes_ForceSection" classname="Tests.RustForceNodeValidationTests" runstate="Runnable" seed="2003983508" result="Failed" start-time="2025-12-21 17:15:58Z" end-time="2025-12-21 17:15:58Z" duration="0.080217" asserts="0">
            <properties>
              <property name="retryIteration" value="0" />
              <property name="repeatIteration" value="0" />
            </properties>
            <failure>
              <message><![CDATA[  Point[6].HeartArc: expected 2.691251e+002, got 2.691269e+002, diff 1.831055e-003 (tolerance 1.732422e-003)
  Expected: less than or equal to 0.00173242192f
  But was:  0.00183105469f
]]></message>
              <stack-trace><![CDATA[at Tests.RustForceNodeValidationTests.AssertScalarMatch (System.Single burst, System.Single rust, System.String fieldName, System.Int32 index, System.Single tolerance) [0x00009] in C:\Users\dylan\Documents\Games\KexEdit\Assets\Tests\RustForceNodeValidationTests.cs:165
at Tests.RustForceNodeValidationTests.AssertPointsMatch (KexEdit.Core.Point burst, KexEdit.Core.Point rust, System.Int32 index) [0x000d7] in C:\Users\dylan\Documents\Games\KexEdit\Assets\Tests\RustForceNodeValidationTests.cs:153
at Tests.RustForceNodeValidationTests.RustMatchesBurst_AllTypes_ForceSection () [0x00128] in C:\Users\dylan\Documents\Games\KexEdit\Assets\Tests\RustForceNodeValidationTests.cs:133
]]></stack-trace>
            </failure>
          </test-case>
          <test-case id="1459" name="RustMatchesBurst_SimpleDistanceSection" fullname="Tests.RustForceNodeValidationTests.RustMatchesBurst_SimpleDistanceSection" methodname="RustMatchesBurst_SimpleDistanceSection" classname="Tests.RustForceNodeValidationTests" runstate="Runnable" seed="1039760187" result="Passed" start-time="2025-12-21 17:15:58Z" end-time="2025-12-21 17:15:58Z" duration="0.017615" asserts="0">
            <properties>
              <property name="retryIteration" value="0" />
              <property name="repeatIteration" value="0" />
            </properties>
          </test-case>
          <test-case id="1458" name="RustMatchesBurst_SimpleTimeSection" fullname="Tests.RustForceNodeValidationTests.RustMatchesBurst_SimpleTimeSection" methodname="RustMatchesBurst_SimpleTimeSection" classname="Tests.RustForceNodeValidationTests" runstate="Runnable" seed="1232726186" result="Passed" start-time="2025-12-21 17:15:58Z" end-time="2025-12-21 17:15:58Z" duration="0.018088" asserts="0">
            <properties>
              <property name="retryIteration" value="0" />
              <property name="repeatIteration" value="0" />
            </properties>
          </test-case>
        </test-suite>
      </test-suite>
      <test-suite type="TestFixture" id="1032" name="TrackMeshExporterTests" fullname="TrackMeshExporterTests" classname="TrackMeshExporterTests" runstate="Runnable" testcasecount="5" result="Passed" start-time="2025-12-21 17:15:58Z" end-time="2025-12-21 17:15:59Z" duration="1.166151" total="5" passed="5" failed="0" inconclusive="0" skipped="0" asserts="0">
        <properties />
        <test-case id="1033" name="BuildJob_TransformsDataCorrectly" fullname="TrackMeshExporterTests.BuildJob_TransformsDataCorrectly" methodname="BuildJob_TransformsDataCorrectly" classname="TrackMeshExporterTests" runstate="Runnable" seed="729983434" result="Passed" start-time="2025-12-21 17:15:58Z" end-time="2025-12-21 17:15:58Z" duration="0.004796" asserts="0">
          <properties>
            <property name="retryIteration" value="0" />
            <property name="repeatIteration" value="0" />
          </properties>
        </test-case>
        <test-case id="1035" name="ObjWriter_HandlesMultipleMeshes" fullname="TrackMeshExporterTests.ObjWriter_HandlesMultipleMeshes" methodname="ObjWriter_HandlesMultipleMeshes" classname="TrackMeshExporterTests" runstate="Runnable" seed="1581742985" result="Passed" start-time="2025-12-21 17:15:58Z" end-time="2025-12-21 17:15:58Z" duration="0.025154" asserts="0">
          <properties>
            <property name="retryIteration" value="0" />
            <property name="repeatIteration" value="0" />
          </properties>
        </test-case>
        <test-case id="1036" name="ObjWriter_PerformanceWithLargeDataset" fullname="TrackMeshExporterTests.ObjWriter_PerformanceWithLargeDataset" methodname="ObjWriter_PerformanceWithLargeDataset" classname="TrackMeshExporterTests" runstate="Runnable" seed="212805724" result="Passed" start-time="2025-12-21 17:15:58Z" end-time="2025-12-21 17:15:59Z" duration="1.099599" asserts="0">
          <properties>
            <property name="retryIteration" value="0" />
            <property name="repeatIteration" value="0" />
          </properties>
          <output><![CDATA[Performance Test Results:
  Setup: 19ms (100 meshes, 100,000 vertices)
  String Building: 465ms (4.7ms per mesh)
  File Writing: 32ms
  Total Export: 497ms
  File size: 13577KB
]]></output>
        </test-case>
        <test-case id="1034" name="ObjWriter_ProducesValidObjFile" fullname="TrackMeshExporterTests.ObjWriter_ProducesValidObjFile" methodname="ObjWriter_ProducesValidObjFile" classname="TrackMeshExporterTests" runstate="Runnable" seed="375416077" result="Passed" start-time="2025-12-21 17:15:59Z" end-time="2025-12-21 17:15:59Z" duration="0.013384" asserts="0">
          <properties>
            <property name="retryIteration" value="0" />
            <property name="repeatIteration" value="0" />
          </properties>
        </test-case>
        <test-case id="1037" name="UnsafePointerAccess_DoesNotCorruptMemory" fullname="TrackMeshExporterTests.UnsafePointerAccess_DoesNotCorruptMemory" methodname="UnsafePointerAccess_DoesNotCorruptMemory" classname="TrackMeshExporterTests" runstate="Runnable" seed="932960906" result="Passed" start-time="2025-12-21 17:15:59Z" end-time="2025-12-21 17:15:59Z" duration="0.003084" asserts="0">
          <properties>
            <property name="retryIteration" value="0" />
            <property name="repeatIteration" value="0" />
          </properties>
          <output><![CDATA[Saving results to: C:/Users/dylan/AppData/LocalLow/IndividualKex/KexEdit\TestResults.xml
]]></output>
        </test-case>
      </test-suite>
    </test-suite>
  </test-suite>
</test-run>