<?xml version="1.0" encoding="utf-8"?>
<test-run id="2" testcasecount="520" result="Passed" total="520" passed="520" failed="0" inconclusive="0" skipped="0" asserts="0" engine-version="3.5.0.0" clr-version="4.0.30319.42000" start-time="2026-01-10 01:30:28Z" end-time="2026-01-10 01:30:32Z" duration="4.5661205">
  <test-suite type="TestSuite" id="1000" name="KexEdit" fullname="KexEdit" runstate="Runnable" testcasecount="3385" result="Passed" start-time="2026-01-10 01:30:28Z" end-time="2026-01-10 01:30:32Z" duration="4.566121" total="520" passed="520" failed="0" inconclusive="0" skipped="0" asserts="0">
    <properties>
      <property name="platform" value="EditMode" />
    </properties>
    <test-suite type="Assembly" id="1594" name="Tests.dll" fullname="C:/Users/dylan/Documents/Games/KexEdit/Library/ScriptAssemblies/Tests.dll" runstate="Runnable" testcasecount="520" result="Passed" start-time="2026-01-10 01:30:28Z" end-time="2026-01-10 01:30:32Z" duration="4.544276" total="520" passed="520" failed="0" inconclusive="0" skipped="0" asserts="0">
      <properties>
        <property name="_PID" value="39652" />
        <property name="_APPDOMAIN" value="Unity Child Domain" />
        <property name="platform" value="EditMode" />
        <property name="EditorOnly" value="True" />
      </properties>
      <test-suite type="TestFixture" id="1001" name="CoasterEvaluatorTests" fullname="CoasterEvaluatorTests" classname="CoasterEvaluatorTests" runstate="Runnable" testcasecount="9" result="Passed" start-time="2026-01-10 01:30:28Z" end-time="2026-01-10 01:30:28Z" duration="0.051329" total="9" passed="9" failed="0" inconclusive="0" skipped="0" asserts="0">
        <properties />
        <test-case id="1006" name="Evaluate_AnchorToCurved_ProducesPathAndOutputAnchor" fullname="CoasterEvaluatorTests.Evaluate_AnchorToCurved_ProducesPathAndOutputAnchor" methodname="Evaluate_AnchorToCurved_ProducesPathAndOutputAnchor" classname="CoasterEvaluatorTests" runstate="Runnable" seed="1746467926" result="Passed" start-time="2026-01-10 01:30:28Z" end-time="2026-01-10 01:30:28Z" duration="0.029556" asserts="0">
          <properties>
            <property name="retryIteration" value="0" />
            <property name="repeatIteration" value="0" />
          </properties>
        </test-case>
        <test-case id="1004" name="Evaluate_AnchorToForce_ProducesPathAndOutputAnchor" fullname="CoasterEvaluatorTests.Evaluate_AnchorToForce_ProducesPathAndOutputAnchor" methodname="Evaluate_AnchorToForce_ProducesPathAndOutputAnchor" classname="CoasterEvaluatorTests" runstate="Runnable" seed="257408605" result="Passed" start-time="2026-01-10 01:30:28Z" end-time="2026-01-10 01:30:28Z" duration="0.004995" asserts="0">
          <properties>
            <property name="retryIteration" value="0" />
            <property name="repeatIteration" value="0" />
          </properties>
        </test-case>
        <test-case id="1005" name="Evaluate_AnchorToGeometric_ProducesPathAndOutputAnchor" fullname="CoasterEvaluatorTests.Evaluate_AnchorToGeometric_ProducesPathAndOutputAnchor" methodname="Evaluate_AnchorToGeometric_ProducesPathAndOutputAnchor" classname="CoasterEvaluatorTests" runstate="Runnable" seed="958417085" result="Passed" start-time="2026-01-10 01:30:28Z" end-time="2026-01-10 01:30:28Z" duration="0.000656" asserts="0">
          <properties>
            <property name="retryIteration" value="0" />
            <property name="repeatIteration" value="0" />
          </properties>
        </test-case>
        <test-case id="1007" name="Evaluate_AnchorToReverse_ReversesDirection" fullname="CoasterEvaluatorTests.Evaluate_AnchorToReverse_ReversesDirection" methodname="Evaluate_AnchorToReverse_ReversesDirection" classname="CoasterEvaluatorTests" runstate="Runnable" seed="1771866023" result="Passed" start-time="2026-01-10 01:30:28Z" end-time="2026-01-10 01:30:28Z" duration="0.000627" asserts="0">
          <properties>
            <property name="retryIteration" value="0" />
            <property name="repeatIteration" value="0" />
          </properties>
        </test-case>
        <test-case id="1009" name="Evaluate_Bridge_CreatesBezierPath" fullname="CoasterEvaluatorTests.Evaluate_Bridge_CreatesBezierPath" methodname="Evaluate_Bridge_CreatesBezierPath" classname="CoasterEvaluatorTests" runstate="Runnable" seed="1927872477" result="Passed" start-time="2026-01-10 01:30:28Z" end-time="2026-01-10 01:30:28Z" duration="0.000766" asserts="0">
          <properties>
            <property name="retryIteration" value="0" />
            <property name="repeatIteration" value="0" />
          </properties>
        </test-case>
        <test-case id="1002" name="Evaluate_EmptyCoaster_ReturnsEmptyResult" fullname="CoasterEvaluatorTests.Evaluate_EmptyCoaster_ReturnsEmptyResult" methodname="Evaluate_EmptyCoaster_ReturnsEmptyResult" classname="CoasterEvaluatorTests" runstate="Runnable" seed="341630705" result="Passed" start-time="2026-01-10 01:30:28Z" end-time="2026-01-10 01:30:28Z" duration="0.000269" asserts="0">
          <properties>
            <property name="retryIteration" value="0" />
            <property name="repeatIteration" value="0" />
          </properties>
        </test-case>
        <test-case id="1008" name="Evaluate_ForceToCopyPath_CopiesPath" fullname="CoasterEvaluatorTests.Evaluate_ForceToCopyPath_CopiesPath" methodname="Evaluate_ForceToCopyPath_CopiesPath" classname="CoasterEvaluatorTests" runstate="Runnable" seed="258101186" result="Passed" start-time="2026-01-10 01:30:28Z" end-time="2026-01-10 01:30:28Z" duration="0.000953" asserts="0">
          <properties>
            <property name="retryIteration" value="0" />
            <property name="repeatIteration" value="0" />
          </properties>
        </test-case>
        <test-case id="1010" name="Evaluate_ScalarNodeInjectsToCurvedRadius" fullname="CoasterEvaluatorTests.Evaluate_ScalarNodeInjectsToCurvedRadius" methodname="Evaluate_ScalarNodeInjectsToCurvedRadius" classname="CoasterEvaluatorTests" runstate="Runnable" seed="536283228" result="Passed" start-time="2026-01-10 01:30:28Z" end-time="2026-01-10 01:30:28Z" duration="0.000838" asserts="0">
          <properties>
            <property name="retryIteration" value="0" />
            <property name="repeatIteration" value="0" />
          </properties>
        </test-case>
        <test-case id="1003" name="Evaluate_SingleAnchorNode_ProducesOutputAnchor" fullname="CoasterEvaluatorTests.Evaluate_SingleAnchorNode_ProducesOutputAnchor" methodname="Evaluate_SingleAnchorNode_ProducesOutputAnchor" classname="CoasterEvaluatorTests" runstate="Runnable" seed="68795505" result="Passed" start-time="2026-01-10 01:30:28Z" end-time="2026-01-10 01:30:28Z" duration="0.000249" asserts="0">
          <properties>
            <property name="retryIteration" value="0" />
            <property name="repeatIteration" value="0" />
          </properties>
        </test-case>
      </test-suite>
      <test-suite type="TestFixture" id="1011" name="CoasterTests" fullname="CoasterTests" classname="CoasterTests" runstate="Runnable" testcasecount="7" result="Passed" start-time="2026-01-10 01:30:28Z" end-time="2026-01-10 01:30:28Z" duration="0.008431" total="7" passed="7" failed="0" inconclusive="0" skipped="0" asserts="0">
        <properties />
        <test-case id="1014" name="AddAnchorNode_StoresPositionAndRotation" fullname="CoasterTests.AddAnchorNode_StoresPositionAndRotation" methodname="AddAnchorNode_StoresPositionAndRotation" classname="CoasterTests" runstate="Runnable" seed="1830386690" result="Passed" start-time="2026-01-10 01:30:28Z" end-time="2026-01-10 01:30:28Z" duration="0.001680" asserts="0">
          <properties>
            <property name="retryIteration" value="0" />
            <property name="repeatIteration" value="0" />
          </properties>
        </test-case>
        <test-case id="1015" name="AddForceNode_StoresDurationAndKeyframes" fullname="CoasterTests.AddForceNode_StoresDurationAndKeyframes" methodname="AddForceNode_StoresDurationAndKeyframes" classname="CoasterTests" runstate="Runnable" seed="1437211580" result="Passed" start-time="2026-01-10 01:30:28Z" end-time="2026-01-10 01:30:28Z" duration="0.003732" asserts="0">
          <properties>
            <property name="retryIteration" value="0" />
            <property name="repeatIteration" value="0" />
          </properties>
        </test-case>
        <test-case id="1012" name="Create_InitializesEmptyCoaster" fullname="CoasterTests.Create_InitializesEmptyCoaster" methodname="Create_InitializesEmptyCoaster" classname="CoasterTests" runstate="Runnable" seed="1384140371" result="Passed" start-time="2026-01-10 01:30:28Z" end-time="2026-01-10 01:30:28Z" duration="0.000425" asserts="0">
          <properties>
            <property name="retryIteration" value="0" />
            <property name="repeatIteration" value="0" />
          </properties>
        </test-case>
        <test-case id="1013" name="Dispose_CleansUpAllContainers" fullname="CoasterTests.Dispose_CleansUpAllContainers" methodname="Dispose_CleansUpAllContainers" classname="CoasterTests" runstate="Runnable" seed="949119472" result="Passed" start-time="2026-01-10 01:30:28Z" end-time="2026-01-10 01:30:28Z" duration="0.000286" asserts="0">
          <properties>
            <property name="retryIteration" value="0" />
            <property name="repeatIteration" value="0" />
          </properties>
        </test-case>
        <test-case id="1016" name="GeometricNode_SteeringSupportedViaFlags" fullname="CoasterTests.GeometricNode_SteeringSupportedViaFlags" methodname="GeometricNode_SteeringSupportedViaFlags" classname="CoasterTests" runstate="Runnable" seed="1959921896" result="Passed" start-time="2026-01-10 01:30:28Z" end-time="2026-01-10 01:30:28Z" duration="0.000446" asserts="0">
          <properties>
            <property name="retryIteration" value="0" />
            <property name="repeatIteration" value="0" />
          </properties>
        </test-case>
        <test-case id="1017" name="ScalarNode_StoresValue" fullname="CoasterTests.ScalarNode_StoresValue" methodname="ScalarNode_StoresValue" classname="CoasterTests" runstate="Runnable" seed="568942305" result="Passed" start-time="2026-01-10 01:30:28Z" end-time="2026-01-10 01:30:28Z" duration="0.000185" asserts="0">
          <properties>
            <property name="retryIteration" value="0" />
            <property name="repeatIteration" value="0" />
          </properties>
        </test-case>
        <test-case id="1018" name="VectorNode_StoresValue" fullname="CoasterTests.VectorNode_StoresValue" methodname="VectorNode_StoresValue" classname="CoasterTests" runstate="Runnable" seed="1662523461" result="Passed" start-time="2026-01-10 01:30:28Z" end-time="2026-01-10 01:30:28Z" duration="0.000201" asserts="0">
          <properties>
            <property name="retryIteration" value="0" />
            <property name="repeatIteration" value="0" />
          </properties>
        </test-case>
      </test-suite>
      <test-suite type="TestSuite" id="1599" name="KexEdit" fullname="KexEdit" runstate="Runnable" testcasecount="78" result="Passed" start-time="2026-01-10 01:30:28Z" end-time="2026-01-10 01:30:28Z" duration="0.055667" total="78" passed="78" failed="0" inconclusive="0" skipped="0" asserts="0">
        <properties />
        <test-suite type="TestSuite" id="1602" name="Graph" fullname="KexEdit.Graph" runstate="Runnable" testcasecount="72" result="Passed" start-time="2026-01-10 01:30:28Z" end-time="2026-01-10 01:30:28Z" duration="0.043667" total="72" passed="72" failed="0" inconclusive="0" skipped="0" asserts="0">
          <properties />
          <test-suite type="TestSuite" id="1603" name="Tests" fullname="KexEdit.Graph.Tests" runstate="Runnable" testcasecount="72" result="Passed" start-time="2026-01-10 01:30:28Z" end-time="2026-01-10 01:30:28Z" duration="0.042845" total="72" passed="72" failed="0" inconclusive="0" skipped="0" asserts="0">
            <properties />
            <test-suite type="TestFixture" id="1073" name="GraphEdgeTests" fullname="KexEdit.Graph.Tests.GraphEdgeTests" classname="KexEdit.Graph.Tests.GraphEdgeTests" runstate="Runnable" testcasecount="22" result="Passed" start-time="2026-01-10 01:30:28Z" end-time="2026-01-10 01:30:28Z" duration="0.014960" total="22" passed="22" failed="0" inconclusive="0" skipped="0" asserts="0">
              <properties>
                <property name="Category" value="Unit" />
              </properties>
              <test-case id="1075" name="AddEdge_GeneratesUniqueIds" fullname="KexEdit.Graph.Tests.GraphEdgeTests.AddEdge_GeneratesUniqueIds" methodname="AddEdge_GeneratesUniqueIds" classname="KexEdit.Graph.Tests.GraphEdgeTests" runstate="Runnable" seed="1635161465" result="Passed" start-time="2026-01-10 01:30:28Z" end-time="2026-01-10 01:30:28Z" duration="0.002627" asserts="0">
                <properties>
                  <property name="retryIteration" value="0" />
                  <property name="repeatIteration" value="0" />
                </properties>
              </test-case>
              <test-case id="1077" name="AddEdge_InvalidSourcePort_ReturnsZero" fullname="KexEdit.Graph.Tests.GraphEdgeTests.AddEdge_InvalidSourcePort_ReturnsZero" methodname="AddEdge_InvalidSourcePort_ReturnsZero" classname="KexEdit.Graph.Tests.GraphEdgeTests" runstate="Runnable" seed="584149961" result="Passed" start-time="2026-01-10 01:30:28Z" end-time="2026-01-10 01:30:28Z" duration="0.000252" asserts="0">
                <properties>
                  <property name="retryIteration" value="0" />
                  <property name="repeatIteration" value="0" />
                </properties>
              </test-case>
              <test-case id="1078" name="AddEdge_InvalidTargetPort_ReturnsZero" fullname="KexEdit.Graph.Tests.GraphEdgeTests.AddEdge_InvalidTargetPort_ReturnsZero" methodname="AddEdge_InvalidTargetPort_ReturnsZero" classname="KexEdit.Graph.Tests.GraphEdgeTests" runstate="Runnable" seed="470031514" result="Passed" start-time="2026-01-10 01:30:28Z" end-time="2026-01-10 01:30:28Z" duration="0.000147" asserts="0">
                <properties>
                  <property name="retryIteration" value="0" />
                  <property name="repeatIteration" value="0" />
                </properties>
              </test-case>
              <test-case id="1076" name="AddEdge_StoresCorrectSourceAndTarget" fullname="KexEdit.Graph.Tests.GraphEdgeTests.AddEdge_StoresCorrectSourceAndTarget" methodname="AddEdge_StoresCorrectSourceAndTarget" classname="KexEdit.Graph.Tests.GraphEdgeTests" runstate="Runnable" seed="1237904772" result="Passed" start-time="2026-01-10 01:30:28Z" end-time="2026-01-10 01:30:28Z" duration="0.000803" asserts="0">
                <properties>
                  <property name="retryIteration" value="0" />
                  <property name="repeatIteration" value="0" />
                </properties>
              </test-case>
              <test-case id="1074" name="AddEdge_ValidPorts_IncreasesEdgeCount" fullname="KexEdit.Graph.Tests.GraphEdgeTests.AddEdge_ValidPorts_IncreasesEdgeCount" methodname="AddEdge_ValidPorts_IncreasesEdgeCount" classname="KexEdit.Graph.Tests.GraphEdgeTests" runstate="Runnable" seed="129790001" result="Passed" start-time="2026-01-10 01:30:28Z" end-time="2026-01-10 01:30:28Z" duration="0.000177" asserts="0">
                <properties>
                  <property name="retryIteration" value="0" />
                  <property name="repeatIteration" value="0" />
                </properties>
              </test-case>
              <test-case id="1095" name="FindSinkNodes_AllNodesAreSinks_ReturnsAll" fullname="KexEdit.Graph.Tests.GraphEdgeTests.FindSinkNodes_AllNodesAreSinks_ReturnsAll" methodname="FindSinkNodes_AllNodesAreSinks_ReturnsAll" classname="KexEdit.Graph.Tests.GraphEdgeTests" runstate="Runnable" seed="1506755602" result="Passed" start-time="2026-01-10 01:30:28Z" end-time="2026-01-10 01:30:28Z" duration="0.001698" asserts="0">
                <properties>
                  <property name="retryIteration" value="0" />
                  <property name="repeatIteration" value="0" />
                </properties>
              </test-case>
              <test-case id="1094" name="FindSinkNodes_ReturnsNodesWithNoOutgoingEdges" fullname="KexEdit.Graph.Tests.GraphEdgeTests.FindSinkNodes_ReturnsNodesWithNoOutgoingEdges" methodname="FindSinkNodes_ReturnsNodesWithNoOutgoingEdges" classname="KexEdit.Graph.Tests.GraphEdgeTests" runstate="Runnable" seed="1005354253" result="Passed" start-time="2026-01-10 01:30:28Z" end-time="2026-01-10 01:30:28Z" duration="0.000299" asserts="0">
                <properties>
                  <property name="retryIteration" value="0" />
                  <property name="repeatIteration" value="0" />
                </properties>
              </test-case>
              <test-case id="1092" name="FindSourceNodes_AllNodesAreRoots_ReturnsAll" fullname="KexEdit.Graph.Tests.GraphEdgeTests.FindSourceNodes_AllNodesAreRoots_ReturnsAll" methodname="FindSourceNodes_AllNodesAreRoots_ReturnsAll" classname="KexEdit.Graph.Tests.GraphEdgeTests" runstate="Runnable" seed="1199580811" result="Passed" start-time="2026-01-10 01:30:28Z" end-time="2026-01-10 01:30:28Z" duration="0.000723" asserts="0">
                <properties>
                  <property name="retryIteration" value="0" />
                  <property name="repeatIteration" value="0" />
                </properties>
              </test-case>
              <test-case id="1093" name="FindSourceNodes_EmptyGraph_ReturnsEmpty" fullname="KexEdit.Graph.Tests.GraphEdgeTests.FindSourceNodes_EmptyGraph_ReturnsEmpty" methodname="FindSourceNodes_EmptyGraph_ReturnsEmpty" classname="KexEdit.Graph.Tests.GraphEdgeTests" runstate="Runnable" seed="1279420663" result="Passed" start-time="2026-01-10 01:30:28Z" end-time="2026-01-10 01:30:28Z" duration="0.000153" asserts="0">
                <properties>
                  <property name="retryIteration" value="0" />
                  <property name="repeatIteration" value="0" />
                </properties>
              </test-case>
              <test-case id="1091" name="FindSourceNodes_ReturnsNodesWithNoIncomingEdges" fullname="KexEdit.Graph.Tests.GraphEdgeTests.FindSourceNodes_ReturnsNodesWithNoIncomingEdges" methodname="FindSourceNodes_ReturnsNodesWithNoIncomingEdges" classname="KexEdit.Graph.Tests.GraphEdgeTests" runstate="Runnable" seed="98634159" result="Passed" start-time="2026-01-10 01:30:28Z" end-time="2026-01-10 01:30:28Z" duration="0.000280" asserts="0">
                <properties>
                  <property name="retryIteration" value="0" />
                  <property name="repeatIteration" value="0" />
                </properties>
              </test-case>
              <test-case id="1084" name="GetIncomingEdges_NodeWithIncomingEdges_ReturnsCorrectEdges" fullname="KexEdit.Graph.Tests.GraphEdgeTests.GetIncomingEdges_NodeWithIncomingEdges_ReturnsCorrectEdges" methodname="GetIncomingEdges_NodeWithIncomingEdges_ReturnsCorrectEdges" classname="KexEdit.Graph.Tests.GraphEdgeTests" runstate="Runnable" seed="654055910" result="Passed" start-time="2026-01-10 01:30:28Z" end-time="2026-01-10 01:30:28Z" duration="0.000726" asserts="0">
                <properties>
                  <property name="retryIteration" value="0" />
                  <property name="repeatIteration" value="0" />
                </properties>
              </test-case>
              <test-case id="1085" name="GetIncomingEdges_NodeWithNoIncomingEdges_ReturnsEmptyArray" fullname="KexEdit.Graph.Tests.GraphEdgeTests.GetIncomingEdges_NodeWithNoIncomingEdges_ReturnsEmptyArray" methodname="GetIncomingEdges_NodeWithNoIncomingEdges_ReturnsEmptyArray" classname="KexEdit.Graph.Tests.GraphEdgeTests" runstate="Runnable" seed="956932090" result="Passed" start-time="2026-01-10 01:30:28Z" end-time="2026-01-10 01:30:28Z" duration="0.000166" asserts="0">
                <properties>
                  <property name="retryIteration" value="0" />
                  <property name="repeatIteration" value="0" />
                </properties>
              </test-case>
              <test-case id="1083" name="GetOutgoingEdges_NodeWithNoOutgoingEdges_ReturnsEmptyArray" fullname="KexEdit.Graph.Tests.GraphEdgeTests.GetOutgoingEdges_NodeWithNoOutgoingEdges_ReturnsEmptyArray" methodname="GetOutgoingEdges_NodeWithNoOutgoingEdges_ReturnsEmptyArray" classname="KexEdit.Graph.Tests.GraphEdgeTests" runstate="Runnable" seed="214387537" result="Passed" start-time="2026-01-10 01:30:28Z" end-time="2026-01-10 01:30:28Z" duration="0.000568" asserts="0">
                <properties>
                  <property name="retryIteration" value="0" />
                  <property name="repeatIteration" value="0" />
                </properties>
              </test-case>
              <test-case id="1082" name="GetOutgoingEdges_NodeWithOutgoingEdges_ReturnsCorrectEdges" fullname="KexEdit.Graph.Tests.GraphEdgeTests.GetOutgoingEdges_NodeWithOutgoingEdges_ReturnsCorrectEdges" methodname="GetOutgoingEdges_NodeWithOutgoingEdges_ReturnsCorrectEdges" classname="KexEdit.Graph.Tests.GraphEdgeTests" runstate="Runnable" seed="1000323725" result="Passed" start-time="2026-01-10 01:30:28Z" end-time="2026-01-10 01:30:28Z" duration="0.000266" asserts="0">
                <properties>
                  <property name="retryIteration" value="0" />
                  <property name="repeatIteration" value="0" />
                </properties>
              </test-case>
              <test-case id="1090" name="GetPredecessorNodes_NoIncomingEdges_ReturnsEmpty" fullname="KexEdit.Graph.Tests.GraphEdgeTests.GetPredecessorNodes_NoIncomingEdges_ReturnsEmpty" methodname="GetPredecessorNodes_NoIncomingEdges_ReturnsEmpty" classname="KexEdit.Graph.Tests.GraphEdgeTests" runstate="Runnable" seed="288109160" result="Passed" start-time="2026-01-10 01:30:28Z" end-time="2026-01-10 01:30:28Z" duration="0.000573" asserts="0">
                <properties>
                  <property name="retryIteration" value="0" />
                  <property name="repeatIteration" value="0" />
                </properties>
              </test-case>
              <test-case id="1089" name="GetPredecessorNodes_ReturnsConnectedNodes" fullname="KexEdit.Graph.Tests.GraphEdgeTests.GetPredecessorNodes_ReturnsConnectedNodes" methodname="GetPredecessorNodes_ReturnsConnectedNodes" classname="KexEdit.Graph.Tests.GraphEdgeTests" runstate="Runnable" seed="282680332" result="Passed" start-time="2026-01-10 01:30:28Z" end-time="2026-01-10 01:30:28Z" duration="0.000263" asserts="0">
                <properties>
                  <property name="retryIteration" value="0" />
                  <property name="repeatIteration" value="0" />
                </properties>
              </test-case>
              <test-case id="1088" name="GetSuccessorNodes_MultipleEdgesToSameNode_ReturnsOnce" fullname="KexEdit.Graph.Tests.GraphEdgeTests.GetSuccessorNodes_MultipleEdgesToSameNode_ReturnsOnce" methodname="GetSuccessorNodes_MultipleEdgesToSameNode_ReturnsOnce" classname="KexEdit.Graph.Tests.GraphEdgeTests" runstate="Runnable" seed="83314166" result="Passed" start-time="2026-01-10 01:30:28Z" end-time="2026-01-10 01:30:28Z" duration="0.000660" asserts="0">
                <properties>
                  <property name="retryIteration" value="0" />
                  <property name="repeatIteration" value="0" />
                </properties>
              </test-case>
              <test-case id="1087" name="GetSuccessorNodes_NoOutgoingEdges_ReturnsEmpty" fullname="KexEdit.Graph.Tests.GraphEdgeTests.GetSuccessorNodes_NoOutgoingEdges_ReturnsEmpty" methodname="GetSuccessorNodes_NoOutgoingEdges_ReturnsEmpty" classname="KexEdit.Graph.Tests.GraphEdgeTests" runstate="Runnable" seed="2009014712" result="Passed" start-time="2026-01-10 01:30:28Z" end-time="2026-01-10 01:30:28Z" duration="0.000154" asserts="0">
                <properties>
                  <property name="retryIteration" value="0" />
                  <property name="repeatIteration" value="0" />
                </properties>
              </test-case>
              <test-case id="1086" name="GetSuccessorNodes_ReturnsConnectedNodes" fullname="KexEdit.Graph.Tests.GraphEdgeTests.GetSuccessorNodes_ReturnsConnectedNodes" methodname="GetSuccessorNodes_ReturnsConnectedNodes" classname="KexEdit.Graph.Tests.GraphEdgeTests" runstate="Runnable" seed="1610124134" result="Passed" start-time="2026-01-10 01:30:28Z" end-time="2026-01-10 01:30:28Z" duration="0.000246" asserts="0">
                <properties>
                  <property name="retryIteration" value="0" />
                  <property name="repeatIteration" value="0" />
                </properties>
              </test-case>
              <test-case id="1079" name="RemoveEdge_DecreasesEdgeCount" fullname="KexEdit.Graph.Tests.GraphEdgeTests.RemoveEdge_DecreasesEdgeCount" methodname="RemoveEdge_DecreasesEdgeCount" classname="KexEdit.Graph.Tests.GraphEdgeTests" runstate="Runnable" seed="111333872" result="Passed" start-time="2026-01-10 01:30:28Z" end-time="2026-01-10 01:30:28Z" duration="0.001104" asserts="0">
                <properties>
                  <property name="retryIteration" value="0" />
                  <property name="repeatIteration" value="0" />
                </properties>
              </test-case>
              <test-case id="1080" name="RemoveEdge_InvalidEdge_DoesNothing" fullname="KexEdit.Graph.Tests.GraphEdgeTests.RemoveEdge_InvalidEdge_DoesNothing" methodname="RemoveEdge_InvalidEdge_DoesNothing" classname="KexEdit.Graph.Tests.GraphEdgeTests" runstate="Runnable" seed="1093156768" result="Passed" start-time="2026-01-10 01:30:28Z" end-time="2026-01-10 01:30:28Z" duration="0.000158" asserts="0">
                <properties>
                  <property name="retryIteration" value="0" />
                  <property name="repeatIteration" value="0" />
                </properties>
              </test-case>
              <test-case id="1081" name="RemoveEdge_MiddleEdge_MaintainsOtherEdges" fullname="KexEdit.Graph.Tests.GraphEdgeTests.RemoveEdge_MiddleEdge_MaintainsOtherEdges" methodname="RemoveEdge_MiddleEdge_MaintainsOtherEdges" classname="KexEdit.Graph.Tests.GraphEdgeTests" runstate="Runnable" seed="1663312128" result="Passed" start-time="2026-01-10 01:30:28Z" end-time="2026-01-10 01:30:28Z" duration="0.000217" asserts="0">
                <properties>
                  <property name="retryIteration" value="0" />
                  <property name="repeatIteration" value="0" />
                </properties>
              </test-case>
            </test-suite>
            <test-suite type="TestFixture" id="1096" name="GraphNodeTests" fullname="KexEdit.Graph.Tests.GraphNodeTests" classname="KexEdit.Graph.Tests.GraphNodeTests" runstate="Runnable" testcasecount="9" result="Passed" start-time="2026-01-10 01:30:28Z" end-time="2026-01-10 01:30:28Z" duration="0.004901" total="9" passed="9" failed="0" inconclusive="0" skipped="0" asserts="0">
              <properties>
                <property name="Category" value="Unit" />
              </properties>
              <test-case id="1098" name="AddNode_GeneratesUniqueIds" fullname="KexEdit.Graph.Tests.GraphNodeTests.AddNode_GeneratesUniqueIds" methodname="AddNode_GeneratesUniqueIds" classname="KexEdit.Graph.Tests.GraphNodeTests" runstate="Runnable" seed="1415714805" result="Passed" start-time="2026-01-10 01:30:28Z" end-time="2026-01-10 01:30:28Z" duration="0.000159" asserts="0">
                <properties>
                  <property name="retryIteration" value="0" />
                  <property name="repeatIteration" value="0" />
                </properties>
              </test-case>
              <test-case id="1101" name="AddNode_StoresCorrectPosition" fullname="KexEdit.Graph.Tests.GraphNodeTests.AddNode_StoresCorrectPosition" methodname="AddNode_StoresCorrectPosition" classname="KexEdit.Graph.Tests.GraphNodeTests" runstate="Runnable" seed="223803116" result="Passed" start-time="2026-01-10 01:30:28Z" end-time="2026-01-10 01:30:28Z" duration="0.000823" asserts="0">
                <properties>
                  <property name="retryIteration" value="0" />
                  <property name="repeatIteration" value="0" />
                </properties>
              </test-case>
              <test-case id="1102" name="AddNode_StoresCorrectType" fullname="KexEdit.Graph.Tests.GraphNodeTests.AddNode_StoresCorrectType" methodname="AddNode_StoresCorrectType" classname="KexEdit.Graph.Tests.GraphNodeTests" runstate="Runnable" seed="1187295583" result="Passed" start-time="2026-01-10 01:30:28Z" end-time="2026-01-10 01:30:28Z" duration="0.000231" asserts="0">
                <properties>
                  <property name="retryIteration" value="0" />
                  <property name="repeatIteration" value="0" />
                </properties>
              </test-case>
              <test-case id="1097" name="AddNode_ValidData_IncreasesCount" fullname="KexEdit.Graph.Tests.GraphNodeTests.AddNode_ValidData_IncreasesCount" methodname="AddNode_ValidData_IncreasesCount" classname="KexEdit.Graph.Tests.GraphNodeTests" runstate="Runnable" seed="831693664" result="Passed" start-time="2026-01-10 01:30:28Z" end-time="2026-01-10 01:30:28Z" duration="0.000140" asserts="0">
                <properties>
                  <property name="retryIteration" value="0" />
                  <property name="repeatIteration" value="0" />
                </properties>
              </test-case>
              <test-case id="1103" name="RemoveNode_DecreasesCount" fullname="KexEdit.Graph.Tests.GraphNodeTests.RemoveNode_DecreasesCount" methodname="RemoveNode_DecreasesCount" classname="KexEdit.Graph.Tests.GraphNodeTests" runstate="Runnable" seed="673552704" result="Passed" start-time="2026-01-10 01:30:28Z" end-time="2026-01-10 01:30:28Z" duration="0.001308" asserts="0">
                <properties>
                  <property name="retryIteration" value="0" />
                  <property name="repeatIteration" value="0" />
                </properties>
              </test-case>
              <test-case id="1104" name="RemoveNode_MakesNodeUnfindable" fullname="KexEdit.Graph.Tests.GraphNodeTests.RemoveNode_MakesNodeUnfindable" methodname="RemoveNode_MakesNodeUnfindable" classname="KexEdit.Graph.Tests.GraphNodeTests" runstate="Runnable" seed="2018720769" result="Passed" start-time="2026-01-10 01:30:28Z" end-time="2026-01-10 01:30:28Z" duration="0.000154" asserts="0">
                <properties>
                  <property name="retryIteration" value="0" />
                  <property name="repeatIteration" value="0" />
                </properties>
              </test-case>
              <test-case id="1105" name="RemoveNode_MiddleNode_PreservesOtherNodes" fullname="KexEdit.Graph.Tests.GraphNodeTests.RemoveNode_MiddleNode_PreservesOtherNodes" methodname="RemoveNode_MiddleNode_PreservesOtherNodes" classname="KexEdit.Graph.Tests.GraphNodeTests" runstate="Runnable" seed="831001541" result="Passed" start-time="2026-01-10 01:30:28Z" end-time="2026-01-10 01:30:28Z" duration="0.000274" asserts="0">
                <properties>
                  <property name="retryIteration" value="0" />
                  <property name="repeatIteration" value="0" />
                </properties>
              </test-case>
              <test-case id="1099" name="TryGetNodeIndex_ExistingNode_ReturnsTrue" fullname="KexEdit.Graph.Tests.GraphNodeTests.TryGetNodeIndex_ExistingNode_ReturnsTrue" methodname="TryGetNodeIndex_ExistingNode_ReturnsTrue" classname="KexEdit.Graph.Tests.GraphNodeTests" runstate="Runnable" seed="852676207" result="Passed" start-time="2026-01-10 01:30:28Z" end-time="2026-01-10 01:30:28Z" duration="0.000161" asserts="0">
                <properties>
                  <property name="retryIteration" value="0" />
                  <property name="repeatIteration" value="0" />
                </properties>
              </test-case>
              <test-case id="1100" name="TryGetNodeIndex_NonexistentNode_ReturnsFalse" fullname="KexEdit.Graph.Tests.GraphNodeTests.TryGetNodeIndex_NonexistentNode_ReturnsFalse" methodname="TryGetNodeIndex_NonexistentNode_ReturnsFalse" classname="KexEdit.Graph.Tests.GraphNodeTests" runstate="Runnable" seed="1871499813" result="Passed" start-time="2026-01-10 01:30:28Z" end-time="2026-01-10 01:30:28Z" duration="0.000136" asserts="0">
                <properties>
                  <property name="retryIteration" value="0" />
                  <property name="repeatIteration" value="0" />
                </properties>
              </test-case>
            </test-suite>
            <test-suite type="TestFixture" id="1106" name="GraphPortTests" fullname="KexEdit.Graph.Tests.GraphPortTests" classname="KexEdit.Graph.Tests.GraphPortTests" runstate="Runnable" testcasecount="16" result="Passed" start-time="2026-01-10 01:30:28Z" end-time="2026-01-10 01:30:28Z" duration="0.008889" total="16" passed="16" failed="0" inconclusive="0" skipped="0" asserts="0">
              <properties>
                <property name="Category" value="Unit" />
              </properties>
              <test-case id="1108" name="AddInputPort_GeneratesUniqueIds" fullname="KexEdit.Graph.Tests.GraphPortTests.AddInputPort_GeneratesUniqueIds" methodname="AddInputPort_GeneratesUniqueIds" classname="KexEdit.Graph.Tests.GraphPortTests" runstate="Runnable" seed="1694809425" result="Passed" start-time="2026-01-10 01:30:28Z" end-time="2026-01-10 01:30:28Z" duration="0.000218" asserts="0">
                <properties>
                  <property name="retryIteration" value="0" />
                  <property name="repeatIteration" value="0" />
                </properties>
              </test-case>
              <test-case id="1111" name="AddInputPort_MarksAsInput" fullname="KexEdit.Graph.Tests.GraphPortTests.AddInputPort_MarksAsInput" methodname="AddInputPort_MarksAsInput" classname="KexEdit.Graph.Tests.GraphPortTests" runstate="Runnable" seed="993232567" result="Passed" start-time="2026-01-10 01:30:28Z" end-time="2026-01-10 01:30:28Z" duration="0.000861" asserts="0">
                <properties>
                  <property name="retryIteration" value="0" />
                  <property name="repeatIteration" value="0" />
                </properties>
              </test-case>
              <test-case id="1110" name="AddInputPort_StoresCorrectOwner" fullname="KexEdit.Graph.Tests.GraphPortTests.AddInputPort_StoresCorrectOwner" methodname="AddInputPort_StoresCorrectOwner" classname="KexEdit.Graph.Tests.GraphPortTests" runstate="Runnable" seed="1635199134" result="Passed" start-time="2026-01-10 01:30:28Z" end-time="2026-01-10 01:30:28Z" duration="0.000267" asserts="0">
                <properties>
                  <property name="retryIteration" value="0" />
                  <property name="repeatIteration" value="0" />
                </properties>
              </test-case>
              <test-case id="1109" name="AddInputPort_StoresCorrectPortType" fullname="KexEdit.Graph.Tests.GraphPortTests.AddInputPort_StoresCorrectPortType" methodname="AddInputPort_StoresCorrectPortType" classname="KexEdit.Graph.Tests.GraphPortTests" runstate="Runnable" seed="97370381" result="Passed" start-time="2026-01-10 01:30:28Z" end-time="2026-01-10 01:30:28Z" duration="0.000260" asserts="0">
                <properties>
                  <property name="retryIteration" value="0" />
                  <property name="repeatIteration" value="0" />
                </properties>
              </test-case>
              <test-case id="1112" name="AddInputPort_UpdatesNodeInputCount" fullname="KexEdit.Graph.Tests.GraphPortTests.AddInputPort_UpdatesNodeInputCount" methodname="AddInputPort_UpdatesNodeInputCount" classname="KexEdit.Graph.Tests.GraphPortTests" runstate="Runnable" seed="1985621729" result="Passed" start-time="2026-01-10 01:30:28Z" end-time="2026-01-10 01:30:28Z" duration="0.000239" asserts="0">
                <properties>
                  <property name="retryIteration" value="0" />
                  <property name="repeatIteration" value="0" />
                </properties>
              </test-case>
              <test-case id="1107" name="AddInputPort_ValidNode_IncreasesPortCount" fullname="KexEdit.Graph.Tests.GraphPortTests.AddInputPort_ValidNode_IncreasesPortCount" methodname="AddInputPort_ValidNode_IncreasesPortCount" classname="KexEdit.Graph.Tests.GraphPortTests" runstate="Runnable" seed="1572018091" result="Passed" start-time="2026-01-10 01:30:28Z" end-time="2026-01-10 01:30:28Z" duration="0.000263" asserts="0">
                <properties>
                  <property name="retryIteration" value="0" />
                  <property name="repeatIteration" value="0" />
                </properties>
              </test-case>
              <test-case id="1114" name="AddOutputPort_MarksAsOutput" fullname="KexEdit.Graph.Tests.GraphPortTests.AddOutputPort_MarksAsOutput" methodname="AddOutputPort_MarksAsOutput" classname="KexEdit.Graph.Tests.GraphPortTests" runstate="Runnable" seed="1813155346" result="Passed" start-time="2026-01-10 01:30:28Z" end-time="2026-01-10 01:30:28Z" duration="0.000215" asserts="0">
                <properties>
                  <property name="retryIteration" value="0" />
                  <property name="repeatIteration" value="0" />
                </properties>
              </test-case>
              <test-case id="1115" name="AddOutputPort_UpdatesNodeOutputCount" fullname="KexEdit.Graph.Tests.GraphPortTests.AddOutputPort_UpdatesNodeOutputCount" methodname="AddOutputPort_UpdatesNodeOutputCount" classname="KexEdit.Graph.Tests.GraphPortTests" runstate="Runnable" seed="1418755753" result="Passed" start-time="2026-01-10 01:30:28Z" end-time="2026-01-10 01:30:28Z" duration="0.000233" asserts="0">
                <properties>
                  <property name="retryIteration" value="0" />
                  <property name="repeatIteration" value="0" />
                </properties>
              </test-case>
              <test-case id="1113" name="AddOutputPort_ValidNode_IncreasesPortCount" fullname="KexEdit.Graph.Tests.GraphPortTests.AddOutputPort_ValidNode_IncreasesPortCount" methodname="AddOutputPort_ValidNode_IncreasesPortCount" classname="KexEdit.Graph.Tests.GraphPortTests" runstate="Runnable" seed="1309548483" result="Passed" start-time="2026-01-10 01:30:28Z" end-time="2026-01-10 01:30:28Z" duration="0.000157" asserts="0">
                <properties>
                  <property name="retryIteration" value="0" />
                  <property name="repeatIteration" value="0" />
                </properties>
              </test-case>
              <test-case id="1116" name="GetInputPorts_NodeWithInputs_ReturnsCorrectPorts" fullname="KexEdit.Graph.Tests.GraphPortTests.GetInputPorts_NodeWithInputs_ReturnsCorrectPorts" methodname="GetInputPorts_NodeWithInputs_ReturnsCorrectPorts" classname="KexEdit.Graph.Tests.GraphPortTests" runstate="Runnable" seed="1543770215" result="Passed" start-time="2026-01-10 01:30:28Z" end-time="2026-01-10 01:30:28Z" duration="0.000717" asserts="0">
                <properties>
                  <property name="retryIteration" value="0" />
                  <property name="repeatIteration" value="0" />
                </properties>
              </test-case>
              <test-case id="1117" name="GetInputPorts_NodeWithNoInputs_ReturnsEmptyArray" fullname="KexEdit.Graph.Tests.GraphPortTests.GetInputPorts_NodeWithNoInputs_ReturnsEmptyArray" methodname="GetInputPorts_NodeWithNoInputs_ReturnsEmptyArray" classname="KexEdit.Graph.Tests.GraphPortTests" runstate="Runnable" seed="229965401" result="Passed" start-time="2026-01-10 01:30:28Z" end-time="2026-01-10 01:30:28Z" duration="0.000157" asserts="0">
                <properties>
                  <property name="retryIteration" value="0" />
                  <property name="repeatIteration" value="0" />
                </properties>
              </test-case>
              <test-case id="1119" name="GetOutputPorts_NodeWithNoOutputs_ReturnsEmptyArray" fullname="KexEdit.Graph.Tests.GraphPortTests.GetOutputPorts_NodeWithNoOutputs_ReturnsEmptyArray" methodname="GetOutputPorts_NodeWithNoOutputs_ReturnsEmptyArray" classname="KexEdit.Graph.Tests.GraphPortTests" runstate="Runnable" seed="6652105" result="Passed" start-time="2026-01-10 01:30:28Z" end-time="2026-01-10 01:30:28Z" duration="0.000604" asserts="0">
                <properties>
                  <property name="retryIteration" value="0" />
                  <property name="repeatIteration" value="0" />
                </properties>
              </test-case>
              <test-case id="1118" name="GetOutputPorts_NodeWithOutputs_ReturnsCorrectPorts" fullname="KexEdit.Graph.Tests.GraphPortTests.GetOutputPorts_NodeWithOutputs_ReturnsCorrectPorts" methodname="GetOutputPorts_NodeWithOutputs_ReturnsCorrectPorts" classname="KexEdit.Graph.Tests.GraphPortTests" runstate="Runnable" seed="1146068242" result="Passed" start-time="2026-01-10 01:30:28Z" end-time="2026-01-10 01:30:28Z" duration="0.000238" asserts="0">
                <properties>
                  <property name="retryIteration" value="0" />
                  <property name="repeatIteration" value="0" />
                </properties>
              </test-case>
              <test-case id="1120" name="RemovePort_DecreasesPortCount" fullname="KexEdit.Graph.Tests.GraphPortTests.RemovePort_DecreasesPortCount" methodname="RemovePort_DecreasesPortCount" classname="KexEdit.Graph.Tests.GraphPortTests" runstate="Runnable" seed="89162393" result="Passed" start-time="2026-01-10 01:30:28Z" end-time="2026-01-10 01:30:28Z" duration="0.001641" asserts="0">
                <properties>
                  <property name="retryIteration" value="0" />
                  <property name="repeatIteration" value="0" />
                </properties>
              </test-case>
              <test-case id="1121" name="RemovePort_UpdatesNodeInputCount" fullname="KexEdit.Graph.Tests.GraphPortTests.RemovePort_UpdatesNodeInputCount" methodname="RemovePort_UpdatesNodeInputCount" classname="KexEdit.Graph.Tests.GraphPortTests" runstate="Runnable" seed="700414442" result="Passed" start-time="2026-01-10 01:30:28Z" end-time="2026-01-10 01:30:28Z" duration="0.000240" asserts="0">
                <properties>
                  <property name="retryIteration" value="0" />
                  <property name="repeatIteration" value="0" />
                </properties>
              </test-case>
              <test-case id="1122" name="RemovePort_UpdatesNodeOutputCount" fullname="KexEdit.Graph.Tests.GraphPortTests.RemovePort_UpdatesNodeOutputCount" methodname="RemovePort_UpdatesNodeOutputCount" classname="KexEdit.Graph.Tests.GraphPortTests" runstate="Runnable" seed="1901354728" result="Passed" start-time="2026-01-10 01:30:28Z" end-time="2026-01-10 01:30:28Z" duration="0.000257" asserts="0">
                <properties>
                  <property name="retryIteration" value="0" />
                  <property name="repeatIteration" value="0" />
                </properties>
              </test-case>
            </test-suite>
            <test-suite type="TestFixture" id="1123" name="GraphSerializationTests" fullname="KexEdit.Graph.Tests.GraphSerializationTests" classname="KexEdit.Graph.Tests.GraphSerializationTests" runstate="Runnable" testcasecount="13" result="Passed" start-time="2026-01-10 01:30:28Z" end-time="2026-01-10 01:30:28Z" duration="0.007591" total="13" passed="13" failed="0" inconclusive="0" skipped="0" asserts="0">
              <properties>
                <property name="Category" value="Unit" />
              </properties>
              <test-case id="1129" name="NextEdgeId_AfterAddingEdge_Increments" fullname="KexEdit.Graph.Tests.GraphSerializationTests.NextEdgeId_AfterAddingEdge_Increments" methodname="NextEdgeId_AfterAddingEdge_Increments" classname="KexEdit.Graph.Tests.GraphSerializationTests" runstate="Runnable" seed="615952021" result="Passed" start-time="2026-01-10 01:30:28Z" end-time="2026-01-10 01:30:28Z" duration="0.000202" asserts="0">
                <properties>
                  <property name="retryIteration" value="0" />
                  <property name="repeatIteration" value="0" />
                </properties>
              </test-case>
              <test-case id="1126" name="NextEdgeId_DefaultGraph_StartsAtOne" fullname="KexEdit.Graph.Tests.GraphSerializationTests.NextEdgeId_DefaultGraph_StartsAtOne" methodname="NextEdgeId_DefaultGraph_StartsAtOne" classname="KexEdit.Graph.Tests.GraphSerializationTests" runstate="Runnable" seed="2041505533" result="Passed" start-time="2026-01-10 01:30:28Z" end-time="2026-01-10 01:30:28Z" duration="0.000131" asserts="0">
                <properties>
                  <property name="retryIteration" value="0" />
                  <property name="repeatIteration" value="0" />
                </properties>
              </test-case>
              <test-case id="1127" name="NextNodeId_AfterAddingNode_Increments" fullname="KexEdit.Graph.Tests.GraphSerializationTests.NextNodeId_AfterAddingNode_Increments" methodname="NextNodeId_AfterAddingNode_Increments" classname="KexEdit.Graph.Tests.GraphSerializationTests" runstate="Runnable" seed="2123424947" result="Passed" start-time="2026-01-10 01:30:28Z" end-time="2026-01-10 01:30:28Z" duration="0.000127" asserts="0">
                <properties>
                  <property name="retryIteration" value="0" />
                  <property name="repeatIteration" value="0" />
                </properties>
              </test-case>
              <test-case id="1124" name="NextNodeId_DefaultGraph_StartsAtOne" fullname="KexEdit.Graph.Tests.GraphSerializationTests.NextNodeId_DefaultGraph_StartsAtOne" methodname="NextNodeId_DefaultGraph_StartsAtOne" classname="KexEdit.Graph.Tests.GraphSerializationTests" runstate="Runnable" seed="1569330216" result="Passed" start-time="2026-01-10 01:30:28Z" end-time="2026-01-10 01:30:28Z" duration="0.000116" asserts="0">
                <properties>
                  <property name="retryIteration" value="0" />
                  <property name="repeatIteration" value="0" />
                </properties>
              </test-case>
              <test-case id="1128" name="NextPortId_AfterAddingPort_Increments" fullname="KexEdit.Graph.Tests.GraphSerializationTests.NextPortId_AfterAddingPort_Increments" methodname="NextPortId_AfterAddingPort_Increments" classname="KexEdit.Graph.Tests.GraphSerializationTests" runstate="Runnable" seed="1571954272" result="Passed" start-time="2026-01-10 01:30:28Z" end-time="2026-01-10 01:30:28Z" duration="0.000129" asserts="0">
                <properties>
                  <property name="retryIteration" value="0" />
                  <property name="repeatIteration" value="0" />
                </properties>
              </test-case>
              <test-case id="1125" name="NextPortId_DefaultGraph_StartsAtOne" fullname="KexEdit.Graph.Tests.GraphSerializationTests.NextPortId_DefaultGraph_StartsAtOne" methodname="NextPortId_DefaultGraph_StartsAtOne" classname="KexEdit.Graph.Tests.GraphSerializationTests" runstate="Runnable" seed="1341408146" result="Passed" start-time="2026-01-10 01:30:28Z" end-time="2026-01-10 01:30:28Z" duration="0.000115" asserts="0">
                <properties>
                  <property name="retryIteration" value="0" />
                  <property name="repeatIteration" value="0" />
                </properties>
              </test-case>
              <test-case id="1136" name="RebuildIndexMaps_AfterNodeRemoval_CorrectIndices" fullname="KexEdit.Graph.Tests.GraphSerializationTests.RebuildIndexMaps_AfterNodeRemoval_CorrectIndices" methodname="RebuildIndexMaps_AfterNodeRemoval_CorrectIndices" classname="KexEdit.Graph.Tests.GraphSerializationTests" runstate="Runnable" seed="138602450" result="Passed" start-time="2026-01-10 01:30:28Z" end-time="2026-01-10 01:30:28Z" duration="0.001246" asserts="0">
                <properties>
                  <property name="retryIteration" value="0" />
                  <property name="repeatIteration" value="0" />
                </properties>
              </test-case>
              <test-case id="1135" name="RebuildIndexMaps_CalledMultipleTimes_Idempotent" fullname="KexEdit.Graph.Tests.GraphSerializationTests.RebuildIndexMaps_CalledMultipleTimes_Idempotent" methodname="RebuildIndexMaps_CalledMultipleTimes_Idempotent" classname="KexEdit.Graph.Tests.GraphSerializationTests" runstate="Runnable" seed="424058761" result="Passed" start-time="2026-01-10 01:30:28Z" end-time="2026-01-10 01:30:28Z" duration="0.000154" asserts="0">
                <properties>
                  <property name="retryIteration" value="0" />
                  <property name="repeatIteration" value="0" />
                </properties>
              </test-case>
              <test-case id="1130" name="RebuildIndexMaps_EmptyGraph_Succeeds" fullname="KexEdit.Graph.Tests.GraphSerializationTests.RebuildIndexMaps_EmptyGraph_Succeeds" methodname="RebuildIndexMaps_EmptyGraph_Succeeds" classname="KexEdit.Graph.Tests.GraphSerializationTests" runstate="Runnable" seed="836780833" result="Passed" start-time="2026-01-10 01:30:28Z" end-time="2026-01-10 01:30:28Z" duration="0.000163" asserts="0">
                <properties>
                  <property name="retryIteration" value="0" />
                  <property name="repeatIteration" value="0" />
                </properties>
              </test-case>
              <test-case id="1133" name="RebuildIndexMaps_FullGraph_RebuildsAllIndexMaps" fullname="KexEdit.Graph.Tests.GraphSerializationTests.RebuildIndexMaps_FullGraph_RebuildsAllIndexMaps" methodname="RebuildIndexMaps_FullGraph_RebuildsAllIndexMaps" classname="KexEdit.Graph.Tests.GraphSerializationTests" runstate="Runnable" seed="1009390511" result="Passed" start-time="2026-01-10 01:30:28Z" end-time="2026-01-10 01:30:28Z" duration="0.000193" asserts="0">
                <properties>
                  <property name="retryIteration" value="0" />
                  <property name="repeatIteration" value="0" />
                </properties>
              </test-case>
              <test-case id="1132" name="RebuildIndexMaps_NodesAndPorts_RebuildsPortIndexMap" fullname="KexEdit.Graph.Tests.GraphSerializationTests.RebuildIndexMaps_NodesAndPorts_RebuildsPortIndexMap" methodname="RebuildIndexMaps_NodesAndPorts_RebuildsPortIndexMap" classname="KexEdit.Graph.Tests.GraphSerializationTests" runstate="Runnable" seed="1774351245" result="Passed" start-time="2026-01-10 01:30:28Z" end-time="2026-01-10 01:30:28Z" duration="0.000187" asserts="0">
                <properties>
                  <property name="retryIteration" value="0" />
                  <property name="repeatIteration" value="0" />
                </properties>
              </test-case>
              <test-case id="1131" name="RebuildIndexMaps_NodesOnly_RebuildsNodeIndexMap" fullname="KexEdit.Graph.Tests.GraphSerializationTests.RebuildIndexMaps_NodesOnly_RebuildsNodeIndexMap" methodname="RebuildIndexMaps_NodesOnly_RebuildsNodeIndexMap" classname="KexEdit.Graph.Tests.GraphSerializationTests" runstate="Runnable" seed="1791846165" result="Passed" start-time="2026-01-10 01:30:28Z" end-time="2026-01-10 01:30:28Z" duration="0.000223" asserts="0">
                <properties>
                  <property name="retryIteration" value="0" />
                  <property name="repeatIteration" value="0" />
                </properties>
              </test-case>
              <test-case id="1134" name="SimulateRoundTrip_ComplexGraph_PreservesStructure" fullname="KexEdit.Graph.Tests.GraphSerializationTests.SimulateRoundTrip_ComplexGraph_PreservesStructure" methodname="SimulateRoundTrip_ComplexGraph_PreservesStructure" classname="KexEdit.Graph.Tests.GraphSerializationTests" runstate="Runnable" seed="2006112494" result="Passed" start-time="2026-01-10 01:30:28Z" end-time="2026-01-10 01:30:28Z" duration="0.002748" asserts="0">
                <properties>
                  <property name="retryIteration" value="0" />
                  <property name="repeatIteration" value="0" />
                </properties>
              </test-case>
            </test-suite>
            <test-suite type="TestFixture" id="1137" name="GraphStructureTests" fullname="KexEdit.Graph.Tests.GraphStructureTests" classname="KexEdit.Graph.Tests.GraphStructureTests" runstate="Runnable" testcasecount="5" result="Passed" start-time="2026-01-10 01:30:28Z" end-time="2026-01-10 01:30:28Z" duration="0.001634" total="5" passed="5" failed="0" inconclusive="0" skipped="0" asserts="0">
              <properties>
                <property name="Category" value="Unit" />
              </properties>
              <test-case id="1138" name="Graph_Create_AllocatesLists" fullname="KexEdit.Graph.Tests.GraphStructureTests.Graph_Create_AllocatesLists" methodname="Graph_Create_AllocatesLists" classname="KexEdit.Graph.Tests.GraphStructureTests" runstate="Runnable" seed="1434959286" result="Passed" start-time="2026-01-10 01:30:28Z" end-time="2026-01-10 01:30:28Z" duration="0.000173" asserts="0">
                <properties>
                  <property name="retryIteration" value="0" />
                  <property name="repeatIteration" value="0" />
                </properties>
              </test-case>
              <test-case id="1139" name="Graph_Dispose_FreesMemory" fullname="KexEdit.Graph.Tests.GraphStructureTests.Graph_Dispose_FreesMemory" methodname="Graph_Dispose_FreesMemory" classname="KexEdit.Graph.Tests.GraphStructureTests" runstate="Runnable" seed="1144614354" result="Passed" start-time="2026-01-10 01:30:28Z" end-time="2026-01-10 01:30:28Z" duration="0.000141" asserts="0">
                <properties>
                  <property name="retryIteration" value="0" />
                  <property name="repeatIteration" value="0" />
                </properties>
              </test-case>
              <test-case id="1142" name="Graph_EdgeCount_ReturnsCorrectValue" fullname="KexEdit.Graph.Tests.GraphStructureTests.Graph_EdgeCount_ReturnsCorrectValue" methodname="Graph_EdgeCount_ReturnsCorrectValue" classname="KexEdit.Graph.Tests.GraphStructureTests" runstate="Runnable" seed="943567232" result="Passed" start-time="2026-01-10 01:30:28Z" end-time="2026-01-10 01:30:28Z" duration="0.000121" asserts="0">
                <properties>
                  <property name="retryIteration" value="0" />
                  <property name="repeatIteration" value="0" />
                </properties>
              </test-case>
              <test-case id="1140" name="Graph_NodeCount_ReturnsCorrectValue" fullname="KexEdit.Graph.Tests.GraphStructureTests.Graph_NodeCount_ReturnsCorrectValue" methodname="Graph_NodeCount_ReturnsCorrectValue" classname="KexEdit.Graph.Tests.GraphStructureTests" runstate="Runnable" seed="2068908663" result="Passed" start-time="2026-01-10 01:30:28Z" end-time="2026-01-10 01:30:28Z" duration="0.000113" asserts="0">
                <properties>
                  <property name="retryIteration" value="0" />
                  <property name="repeatIteration" value="0" />
                </properties>
              </test-case>
              <test-case id="1141" name="Graph_PortCount_ReturnsCorrectValue" fullname="KexEdit.Graph.Tests.GraphStructureTests.Graph_PortCount_ReturnsCorrectValue" methodname="Graph_PortCount_ReturnsCorrectValue" classname="KexEdit.Graph.Tests.GraphStructureTests" runstate="Runnable" seed="1753364514" result="Passed" start-time="2026-01-10 01:30:28Z" end-time="2026-01-10 01:30:28Z" duration="0.000130" asserts="0">
                <properties>
                  <property name="retryIteration" value="0" />
                  <property name="repeatIteration" value="0" />
                </properties>
              </test-case>
            </test-suite>
            <test-suite type="TestFixture" id="1143" name="GraphValidationTests" fullname="KexEdit.Graph.Tests.GraphValidationTests" classname="KexEdit.Graph.Tests.GraphValidationTests" runstate="Runnable" testcasecount="7" result="Passed" start-time="2026-01-10 01:30:28Z" end-time="2026-01-10 01:30:28Z" duration="0.003393" total="7" passed="7" failed="0" inconclusive="0" skipped="0" asserts="0">
              <properties>
                <property name="Category" value="Unit" />
              </properties>
              <test-case id="1149" name="HasCycle_ComplexCycle_ReturnsTrue" fullname="KexEdit.Graph.Tests.GraphValidationTests.HasCycle_ComplexCycle_ReturnsTrue" methodname="HasCycle_ComplexCycle_ReturnsTrue" classname="KexEdit.Graph.Tests.GraphValidationTests" runstate="Runnable" seed="1686540010" result="Passed" start-time="2026-01-10 01:30:28Z" end-time="2026-01-10 01:30:28Z" duration="0.001397" asserts="0">
                <properties>
                  <property name="retryIteration" value="0" />
                  <property name="repeatIteration" value="0" />
                </properties>
              </test-case>
              <test-case id="1150" name="HasCycle_DiamondShape_ReturnsFalse" fullname="KexEdit.Graph.Tests.GraphValidationTests.HasCycle_DiamondShape_ReturnsFalse" methodname="HasCycle_DiamondShape_ReturnsFalse" classname="KexEdit.Graph.Tests.GraphValidationTests" runstate="Runnable" seed="295151613" result="Passed" start-time="2026-01-10 01:30:28Z" end-time="2026-01-10 01:30:28Z" duration="0.000205" asserts="0">
                <properties>
                  <property name="retryIteration" value="0" />
                  <property name="repeatIteration" value="0" />
                </properties>
              </test-case>
              <test-case id="1144" name="HasCycle_EmptyGraph_ReturnsFalse" fullname="KexEdit.Graph.Tests.GraphValidationTests.HasCycle_EmptyGraph_ReturnsFalse" methodname="HasCycle_EmptyGraph_ReturnsFalse" classname="KexEdit.Graph.Tests.GraphValidationTests" runstate="Runnable" seed="1599141482" result="Passed" start-time="2026-01-10 01:30:28Z" end-time="2026-01-10 01:30:28Z" duration="0.000112" asserts="0">
                <properties>
                  <property name="retryIteration" value="0" />
                  <property name="repeatIteration" value="0" />
                </properties>
              </test-case>
              <test-case id="1146" name="HasCycle_LinearChain_ReturnsFalse" fullname="KexEdit.Graph.Tests.GraphValidationTests.HasCycle_LinearChain_ReturnsFalse" methodname="HasCycle_LinearChain_ReturnsFalse" classname="KexEdit.Graph.Tests.GraphValidationTests" runstate="Runnable" seed="1862527551" result="Passed" start-time="2026-01-10 01:30:28Z" end-time="2026-01-10 01:30:28Z" duration="0.000158" asserts="0">
                <properties>
                  <property name="retryIteration" value="0" />
                  <property name="repeatIteration" value="0" />
                </properties>
              </test-case>
              <test-case id="1148" name="HasCycle_SelfLoop_ReturnsTrue" fullname="KexEdit.Graph.Tests.GraphValidationTests.HasCycle_SelfLoop_ReturnsTrue" methodname="HasCycle_SelfLoop_ReturnsTrue" classname="KexEdit.Graph.Tests.GraphValidationTests" runstate="Runnable" seed="1270245156" result="Passed" start-time="2026-01-10 01:30:28Z" end-time="2026-01-10 01:30:28Z" duration="0.000134" asserts="0">
                <properties>
                  <property name="retryIteration" value="0" />
                  <property name="repeatIteration" value="0" />
                </properties>
              </test-case>
              <test-case id="1147" name="HasCycle_SimpleCycle_ReturnsTrue" fullname="KexEdit.Graph.Tests.GraphValidationTests.HasCycle_SimpleCycle_ReturnsTrue" methodname="HasCycle_SimpleCycle_ReturnsTrue" classname="KexEdit.Graph.Tests.GraphValidationTests" runstate="Runnable" seed="1626086306" result="Passed" start-time="2026-01-10 01:30:28Z" end-time="2026-01-10 01:30:28Z" duration="0.000150" asserts="0">
                <properties>
                  <property name="retryIteration" value="0" />
                  <property name="repeatIteration" value="0" />
                </properties>
              </test-case>
              <test-case id="1145" name="HasCycle_SingleNode_ReturnsFalse" fullname="KexEdit.Graph.Tests.GraphValidationTests.HasCycle_SingleNode_ReturnsFalse" methodname="HasCycle_SingleNode_ReturnsFalse" classname="KexEdit.Graph.Tests.GraphValidationTests" runstate="Runnable" seed="1896356546" result="Passed" start-time="2026-01-10 01:30:28Z" end-time="2026-01-10 01:30:28Z" duration="0.000133" asserts="0">
                <properties>
                  <property name="retryIteration" value="0" />
                  <property name="repeatIteration" value="0" />
                </properties>
              </test-case>
            </test-suite>
          </test-suite>
        </test-suite>
        <test-suite type="TestSuite" id="1600" name="Tests" fullname="KexEdit.Tests" runstate="Runnable" testcasecount="6" result="Passed" start-time="2026-01-10 01:30:28Z" end-time="2026-01-10 01:30:28Z" duration="0.010972" total="6" passed="6" failed="0" inconclusive="0" skipped="0" asserts="0">
          <properties />
          <test-suite type="TestSuite" id="1601" name="RustCore" fullname="KexEdit.Tests.RustCore" runstate="Runnable" testcasecount="6" result="Passed" start-time="2026-01-10 01:30:28Z" end-time="2026-01-10 01:30:28Z" duration="0.010533" total="6" passed="6" failed="0" inconclusive="0" skipped="0" asserts="0">
            <properties />
            <test-suite type="TestFixture" id="1066" name="RustFrameTests" fullname="KexEdit.Tests.RustCore.RustFrameTests" classname="KexEdit.Tests.RustCore.RustFrameTests" runstate="Runnable" testcasecount="6" result="Passed" start-time="2026-01-10 01:30:28Z" end-time="2026-01-10 01:30:28Z" duration="0.010112" total="6" passed="6" failed="0" inconclusive="0" skipped="0" asserts="0">
              <properties />
              <test-case id="1072" name="TestRollMatchesCSharp" fullname="KexEdit.Tests.RustCore.RustFrameTests.TestRollMatchesCSharp" methodname="TestRollMatchesCSharp" classname="KexEdit.Tests.RustCore.RustFrameTests" runstate="Runnable" seed="1045925241" result="Passed" start-time="2026-01-10 01:30:28Z" end-time="2026-01-10 01:30:28Z" duration="0.003948" asserts="0">
                <properties>
                  <property name="retryIteration" value="0" />
                  <property name="repeatIteration" value="0" />
                </properties>
              </test-case>
              <test-case id="1068" name="TestRotateAroundMatchesCSharp" fullname="KexEdit.Tests.RustCore.RustFrameTests.TestRotateAroundMatchesCSharp" methodname="TestRotateAroundMatchesCSharp" classname="KexEdit.Tests.RustCore.RustFrameTests" runstate="Runnable" seed="1951405000" result="Passed" start-time="2026-01-10 01:30:28Z" end-time="2026-01-10 01:30:28Z" duration="0.001926" asserts="0">
                <properties>
                  <property name="retryIteration" value="0" />
                  <property name="repeatIteration" value="0" />
                </properties>
              </test-case>
              <test-case id="1067" name="TestRustFrameConversion" fullname="KexEdit.Tests.RustCore.RustFrameTests.TestRustFrameConversion" methodname="TestRustFrameConversion" classname="KexEdit.Tests.RustCore.RustFrameTests" runstate="Runnable" seed="89027755" result="Passed" start-time="2026-01-10 01:30:28Z" end-time="2026-01-10 01:30:28Z" duration="0.000129" asserts="0">
                <properties>
                  <property name="retryIteration" value="0" />
                  <property name="repeatIteration" value="0" />
                </properties>
              </test-case>
              <test-case id="1070" name="TestWithPitchMatchesCSharp" fullname="KexEdit.Tests.RustCore.RustFrameTests.TestWithPitchMatchesCSharp" methodname="TestWithPitchMatchesCSharp" classname="KexEdit.Tests.RustCore.RustFrameTests" runstate="Runnable" seed="1833724523" result="Passed" start-time="2026-01-10 01:30:28Z" end-time="2026-01-10 01:30:28Z" duration="0.001443" asserts="0">
                <properties>
                  <property name="retryIteration" value="0" />
                  <property name="repeatIteration" value="0" />
                </properties>
              </test-case>
              <test-case id="1069" name="TestWithRollMatchesCSharp" fullname="KexEdit.Tests.RustCore.RustFrameTests.TestWithRollMatchesCSharp" methodname="TestWithRollMatchesCSharp" classname="KexEdit.Tests.RustCore.RustFrameTests" runstate="Runnable" seed="150111580" result="Passed" start-time="2026-01-10 01:30:28Z" end-time="2026-01-10 01:30:28Z" duration="0.000266" asserts="0">
                <properties>
                  <property name="retryIteration" value="0" />
                  <property name="repeatIteration" value="0" />
                </properties>
              </test-case>
              <test-case id="1071" name="TestWithYawMatchesCSharp" fullname="KexEdit.Tests.RustCore.RustFrameTests.TestWithYawMatchesCSharp" methodname="TestWithYawMatchesCSharp" classname="KexEdit.Tests.RustCore.RustFrameTests" runstate="Runnable" seed="407642670" result="Passed" start-time="2026-01-10 01:30:28Z" end-time="2026-01-10 01:30:28Z" duration="0.001299" asserts="0">
                <properties>
                  <property name="retryIteration" value="0" />
                  <property name="repeatIteration" value="0" />
                </properties>
              </test-case>
            </test-suite>
          </test-suite>
        </test-suite>
      </test-suite>
      <test-suite type="TestSuite" id="1595" name="NodeGraph" fullname="NodeGraph" runstate="Runnable" testcasecount="27" result="Passed" start-time="2026-01-10 01:30:28Z" end-time="2026-01-10 01:30:28Z" duration="0.020690" total="27" passed="27" failed="0" inconclusive="0" skipped="0" asserts="0">
        <properties />
        <test-suite type="TestSuite" id="1596" name="Tests" fullname="NodeGraph.Tests" runstate="Runnable" testcasecount="27" result="Passed" start-time="2026-01-10 01:30:28Z" end-time="2026-01-10 01:30:28Z" duration="0.019908" total="27" passed="27" failed="0" inconclusive="0" skipped="0" asserts="0">
          <properties />
          <test-suite type="TestFixture" id="1044" name="ConnectionValidatorTests" fullname="NodeGraph.Tests.ConnectionValidatorTests" classname="NodeGraph.Tests.ConnectionValidatorTests" runstate="Runnable" testcasecount="11" result="Passed" start-time="2026-01-10 01:30:28Z" end-time="2026-01-10 01:30:28Z" duration="0.007990" total="11" passed="11" failed="0" inconclusive="0" skipped="0" asserts="0">
            <properties>
              <property name="Category" value="Unit" />
            </properties>
            <test-case id="1051" name="AddValidatedEdge_InvalidConnection_ReturnsZero" fullname="NodeGraph.Tests.ConnectionValidatorTests.AddValidatedEdge_InvalidConnection_ReturnsZero" methodname="AddValidatedEdge_InvalidConnection_ReturnsZero" classname="NodeGraph.Tests.ConnectionValidatorTests" runstate="Runnable" seed="1997028780" result="Passed" start-time="2026-01-10 01:30:28Z" end-time="2026-01-10 01:30:28Z" duration="0.001222" asserts="0">
              <properties>
                <property name="retryIteration" value="0" />
                <property name="repeatIteration" value="0" />
              </properties>
            </test-case>
            <test-case id="1050" name="AddValidatedEdge_ValidConnection_CreatesEdge" fullname="NodeGraph.Tests.ConnectionValidatorTests.AddValidatedEdge_ValidConnection_CreatesEdge" methodname="AddValidatedEdge_ValidConnection_CreatesEdge" classname="NodeGraph.Tests.ConnectionValidatorTests" runstate="Runnable" seed="1175905574" result="Passed" start-time="2026-01-10 01:30:28Z" end-time="2026-01-10 01:30:28Z" duration="0.000467" asserts="0">
              <properties>
                <property name="retryIteration" value="0" />
                <property name="repeatIteration" value="0" />
              </properties>
            </test-case>
            <test-case id="1052" name="ValidateAllEdges_ValidGraph_ReturnsTrue" fullname="NodeGraph.Tests.ConnectionValidatorTests.ValidateAllEdges_ValidGraph_ReturnsTrue" methodname="ValidateAllEdges_ValidGraph_ReturnsTrue" classname="NodeGraph.Tests.ConnectionValidatorTests" runstate="Runnable" seed="502346077" result="Passed" start-time="2026-01-10 01:30:28Z" end-time="2026-01-10 01:30:28Z" duration="0.001099" asserts="0">
              <properties>
                <property name="retryIteration" value="0" />
                <property name="repeatIteration" value="0" />
              </properties>
            </test-case>
            <test-case id="1045" name="ValidateConnection_CompatiblePorts_ReturnsSuccess" fullname="NodeGraph.Tests.ConnectionValidatorTests.ValidateConnection_CompatiblePorts_ReturnsSuccess" methodname="ValidateConnection_CompatiblePorts_ReturnsSuccess" classname="NodeGraph.Tests.ConnectionValidatorTests" runstate="Runnable" seed="1346532803" result="Passed" start-time="2026-01-10 01:30:28Z" end-time="2026-01-10 01:30:28Z" duration="0.001376" asserts="0">
              <properties>
                <property name="retryIteration" value="0" />
                <property name="repeatIteration" value="0" />
              </properties>
            </test-case>
            <test-case id="1046" name="ValidateConnection_IncompatibleTypes_ReturnsError" fullname="NodeGraph.Tests.ConnectionValidatorTests.ValidateConnection_IncompatibleTypes_ReturnsError" methodname="ValidateConnection_IncompatibleTypes_ReturnsError" classname="NodeGraph.Tests.ConnectionValidatorTests" runstate="Runnable" seed="2022652858" result="Passed" start-time="2026-01-10 01:30:28Z" end-time="2026-01-10 01:30:28Z" duration="0.000366" asserts="0">
              <properties>
                <property name="retryIteration" value="0" />
                <property name="repeatIteration" value="0" />
              </properties>
            </test-case>
            <test-case id="1048" name="ValidateConnection_InputToOutput_ReturnsError" fullname="NodeGraph.Tests.ConnectionValidatorTests.ValidateConnection_InputToOutput_ReturnsError" methodname="ValidateConnection_InputToOutput_ReturnsError" classname="NodeGraph.Tests.ConnectionValidatorTests" runstate="Runnable" seed="2021658485" result="Passed" start-time="2026-01-10 01:30:28Z" end-time="2026-01-10 01:30:28Z" duration="0.000311" asserts="0">
              <properties>
                <property name="retryIteration" value="0" />
                <property name="repeatIteration" value="0" />
              </properties>
            </test-case>
            <test-case id="1047" name="ValidateConnection_OutputToOutput_ReturnsError" fullname="NodeGraph.Tests.ConnectionValidatorTests.ValidateConnection_OutputToOutput_ReturnsError" methodname="ValidateConnection_OutputToOutput_ReturnsError" classname="NodeGraph.Tests.ConnectionValidatorTests" runstate="Runnable" seed="779960670" result="Passed" start-time="2026-01-10 01:30:28Z" end-time="2026-01-10 01:30:28Z" duration="0.000298" asserts="0">
              <properties>
                <property name="retryIteration" value="0" />
                <property name="repeatIteration" value="0" />
              </properties>
            </test-case>
            <test-case id="1053" name="ValidateConnection_ScalarToScalarInput_ReturnsSuccess" fullname="NodeGraph.Tests.ConnectionValidatorTests.ValidateConnection_ScalarToScalarInput_ReturnsSuccess" methodname="ValidateConnection_ScalarToScalarInput_ReturnsSuccess" classname="NodeGraph.Tests.ConnectionValidatorTests" runstate="Runnable" seed="222670909" result="Passed" start-time="2026-01-10 01:30:28Z" end-time="2026-01-10 01:30:28Z" duration="0.000278" asserts="0">
              <properties>
                <property name="retryIteration" value="0" />
                <property name="repeatIteration" value="0" />
              </properties>
            </test-case>
            <test-case id="1055" name="ValidateConnection_ScalarToVectorInput_ReturnsError" fullname="NodeGraph.Tests.ConnectionValidatorTests.ValidateConnection_ScalarToVectorInput_ReturnsError" methodname="ValidateConnection_ScalarToVectorInput_ReturnsError" classname="NodeGraph.Tests.ConnectionValidatorTests" runstate="Runnable" seed="249611861" result="Passed" start-time="2026-01-10 01:30:28Z" end-time="2026-01-10 01:30:28Z" duration="0.000281" asserts="0">
              <properties>
                <property name="retryIteration" value="0" />
                <property name="repeatIteration" value="0" />
              </properties>
            </test-case>
            <test-case id="1049" name="ValidateConnection_SelfConnection_ReturnsError" fullname="NodeGraph.Tests.ConnectionValidatorTests.ValidateConnection_SelfConnection_ReturnsError" methodname="ValidateConnection_SelfConnection_ReturnsError" classname="NodeGraph.Tests.ConnectionValidatorTests" runstate="Runnable" seed="1448697321" result="Passed" start-time="2026-01-10 01:30:28Z" end-time="2026-01-10 01:30:28Z" duration="0.000270" asserts="0">
              <properties>
                <property name="retryIteration" value="0" />
                <property name="repeatIteration" value="0" />
              </properties>
            </test-case>
            <test-case id="1054" name="ValidateConnection_VectorToPositionInput_ReturnsSuccess" fullname="NodeGraph.Tests.ConnectionValidatorTests.ValidateConnection_VectorToPositionInput_ReturnsSuccess" methodname="ValidateConnection_VectorToPositionInput_ReturnsSuccess" classname="NodeGraph.Tests.ConnectionValidatorTests" runstate="Runnable" seed="1817267369" result="Passed" start-time="2026-01-10 01:30:28Z" end-time="2026-01-10 01:30:28Z" duration="0.000274" asserts="0">
              <properties>
                <property name="retryIteration" value="0" />
                <property name="repeatIteration" value="0" />
              </properties>
            </test-case>
          </test-suite>
          <test-suite type="TestFixture" id="1026" name="PortSpecLookupTests" fullname="NodeGraph.Tests.PortSpecLookupTests" classname="NodeGraph.Tests.PortSpecLookupTests" runstate="Runnable" testcasecount="7" result="Passed" start-time="2026-01-10 01:30:28Z" end-time="2026-01-10 01:30:28Z" duration="0.005643" total="7" passed="7" failed="0" inconclusive="0" skipped="0" asserts="0">
            <properties>
              <property name="Category" value="Unit" />
            </properties>
            <test-case id="1031" name="TryGetInput_FindsCorrectPort" fullname="NodeGraph.Tests.PortSpecLookupTests.TryGetInput_FindsCorrectPort" methodname="TryGetInput_FindsCorrectPort" classname="NodeGraph.Tests.PortSpecLookupTests" runstate="Runnable" seed="1152700875" result="Passed" start-time="2026-01-10 01:30:28Z" end-time="2026-01-10 01:30:28Z" duration="0.000870" asserts="0">
              <properties>
                <property name="retryIteration" value="0" />
                <property name="repeatIteration" value="0" />
              </properties>
            </test-case>
            <test-case id="1032" name="TryGetInput_InvalidIndex_ReturnsFalse" fullname="NodeGraph.Tests.PortSpecLookupTests.TryGetInput_InvalidIndex_ReturnsFalse" methodname="TryGetInput_InvalidIndex_ReturnsFalse" classname="NodeGraph.Tests.PortSpecLookupTests" runstate="Runnable" seed="1127177946" result="Passed" start-time="2026-01-10 01:30:28Z" end-time="2026-01-10 01:30:28Z" duration="0.000152" asserts="0">
              <properties>
                <property name="retryIteration" value="0" />
                <property name="repeatIteration" value="0" />
              </properties>
            </test-case>
            <test-case id="1028" name="TryGetInputBySpec_Bridge_FindsBothAnchors" fullname="NodeGraph.Tests.PortSpecLookupTests.TryGetInputBySpec_Bridge_FindsBothAnchors" methodname="TryGetInputBySpec_Bridge_FindsBothAnchors" classname="NodeGraph.Tests.PortSpecLookupTests" runstate="Runnable" seed="882789712" result="Passed" start-time="2026-01-10 01:30:28Z" end-time="2026-01-10 01:30:28Z" duration="0.001025" asserts="0">
              <properties>
                <property name="retryIteration" value="0" />
                <property name="repeatIteration" value="0" />
              </properties>
            </test-case>
            <test-case id="1027" name="TryGetInputBySpec_FindsCorrectPort" fullname="NodeGraph.Tests.PortSpecLookupTests.TryGetInputBySpec_FindsCorrectPort" methodname="TryGetInputBySpec_FindsCorrectPort" classname="NodeGraph.Tests.PortSpecLookupTests" runstate="Runnable" seed="1056634429" result="Passed" start-time="2026-01-10 01:30:28Z" end-time="2026-01-10 01:30:28Z" duration="0.000291" asserts="0">
              <properties>
                <property name="retryIteration" value="0" />
                <property name="repeatIteration" value="0" />
              </properties>
            </test-case>
            <test-case id="1029" name="TryGetInputBySpec_NonexistentIndex_ReturnsFalse" fullname="NodeGraph.Tests.PortSpecLookupTests.TryGetInputBySpec_NonexistentIndex_ReturnsFalse" methodname="TryGetInputBySpec_NonexistentIndex_ReturnsFalse" classname="NodeGraph.Tests.PortSpecLookupTests" runstate="Runnable" seed="1526731338" result="Passed" start-time="2026-01-10 01:30:28Z" end-time="2026-01-10 01:30:28Z" duration="0.000149" asserts="0">
              <properties>
                <property name="retryIteration" value="0" />
                <property name="repeatIteration" value="0" />
              </properties>
            </test-case>
            <test-case id="1033" name="TryGetOutput_FindsCorrectPort" fullname="NodeGraph.Tests.PortSpecLookupTests.TryGetOutput_FindsCorrectPort" methodname="TryGetOutput_FindsCorrectPort" classname="NodeGraph.Tests.PortSpecLookupTests" runstate="Runnable" seed="248679791" result="Passed" start-time="2026-01-10 01:30:28Z" end-time="2026-01-10 01:30:28Z" duration="0.000735" asserts="0">
              <properties>
                <property name="retryIteration" value="0" />
                <property name="repeatIteration" value="0" />
              </properties>
            </test-case>
            <test-case id="1030" name="TryGetOutputBySpec_FindsPathPort" fullname="NodeGraph.Tests.PortSpecLookupTests.TryGetOutputBySpec_FindsPathPort" methodname="TryGetOutputBySpec_FindsPathPort" classname="NodeGraph.Tests.PortSpecLookupTests" runstate="Runnable" seed="750773762" result="Passed" start-time="2026-01-10 01:30:28Z" end-time="2026-01-10 01:30:28Z" duration="0.001009" asserts="0">
              <properties>
                <property name="retryIteration" value="0" />
                <property name="repeatIteration" value="0" />
              </properties>
            </test-case>
          </test-suite>
          <test-suite type="TestFixture" id="1034" name="TypedGraphTests" fullname="NodeGraph.Tests.TypedGraphTests" classname="NodeGraph.Tests.TypedGraphTests" runstate="Runnable" testcasecount="9" result="Passed" start-time="2026-01-10 01:30:28Z" end-time="2026-01-10 01:30:28Z" duration="0.005463" total="9" passed="9" failed="0" inconclusive="0" skipped="0" asserts="0">
            <properties>
              <property name="Category" value="Unit" />
            </properties>
            <test-case id="1037" name="CreateNode_Anchor_CreatesOneOutput" fullname="NodeGraph.Tests.TypedGraphTests.CreateNode_Anchor_CreatesOneOutput" methodname="CreateNode_Anchor_CreatesOneOutput" classname="NodeGraph.Tests.TypedGraphTests" runstate="Runnable" seed="1500504632" result="Passed" start-time="2026-01-10 01:30:28Z" end-time="2026-01-10 01:30:28Z" duration="0.000198" asserts="0">
[...]
              <properties>
                <property name="retryIteration" value="0" />
                <property name="repeatIteration" value="0" />
              </properties>
              <reason>
                <message><![CDATA[Extreme overhang did not crash or hang]]></message>
              </reason>
            </test-case>
          </test-suite>
          <test-suite type="TestFixture" id="1569" name="ShuttleTraversalTests" fullname="Tests.Trains.ShuttleTraversalTests" classname="Tests.Trains.ShuttleTraversalTests" runstate="Runnable" testcasecount="3" result="Passed" start-time="2026-01-10 01:30:32Z" end-time="2026-01-10 01:30:32Z" duration="0.037409" total="3" passed="3" failed="0" inconclusive="0" skipped="0" asserts="0">
            <properties>
              <property name="Category" value="Unit" />
            </properties>
            <test-case id="1572" name="Shuttle_EndOfTrack_OverhangingCarsOnCorrectSide" fullname="Tests.Trains.ShuttleTraversalTests.Shuttle_EndOfTrack_OverhangingCarsOnCorrectSide" methodname="Shuttle_EndOfTrack_OverhangingCarsOnCorrectSide" classname="Tests.Trains.ShuttleTraversalTests" runstate="Runnable" seed="1841076319" result="Passed" start-time="2026-01-10 01:30:32Z" end-time="2026-01-10 01:30:32Z" duration="0.005126" asserts="0">
              <properties>
                <property name="retryIteration" value="0" />
                <property name="repeatIteration" value="0" />
              </properties>
            </test-case>
            <test-case id="1571" name="Shuttle_SplinePositioning_CarsRemainRigidWithOverhang" fullname="Tests.Trains.ShuttleTraversalTests.Shuttle_SplinePositioning_CarsRemainRigidWithOverhang" methodname="Shuttle_SplinePositioning_CarsRemainRigidWithOverhang" classname="Tests.Trains.ShuttleTraversalTests" runstate="Runnable" seed="1005317443" result="Passed" start-time="2026-01-10 01:30:32Z" end-time="2026-01-10 01:30:32Z" duration="0.016157" asserts="0">
              <properties>
                <property name="retryIteration" value="0" />
                <property name="repeatIteration" value="0" />
              </properties>
            </test-case>
            <test-case id="1570" name="Shuttle_TraverseFullTrack_CarsRemainRigid" fullname="Tests.Trains.ShuttleTraversalTests.Shuttle_TraverseFullTrack_CarsRemainRigid" methodname="Shuttle_TraverseFullTrack_CarsRemainRigid" classname="Tests.Trains.ShuttleTraversalTests" runstate="Runnable" seed="1868466987" result="Passed" start-time="2026-01-10 01:30:32Z" end-time="2026-01-10 01:30:32Z" duration="0.015032" asserts="0">
              <properties>
                <property name="retryIteration" value="0" />
                <property name="repeatIteration" value="0" />
              </properties>
            </test-case>
          </test-suite>
          <test-suite type="TestFixture" id="1573" name="SpatialContinuationTests" fullname="Tests.Trains.SpatialContinuationTests" classname="Tests.Trains.SpatialContinuationTests" runstate="Runnable" testcasecount="10" result="Passed" start-time="2026-01-10 01:30:32Z" end-time="2026-01-10 01:30:32Z" duration="0.027839" total="10" passed="10" failed="0" inconclusive="0" skipped="0" asserts="0">
            <properties>
              <property name="Category" value="Unit" />
            </properties>
            <test-case id="1580" name="Circuit_Scenario5_CircuitCompletion_PositionsMatch" fullname="Tests.Trains.SpatialContinuationTests.Circuit_Scenario5_CircuitCompletion_PositionsMatch" methodname="Circuit_Scenario5_CircuitCompletion_PositionsMatch" classname="Tests.Trains.SpatialContinuationTests" runstate="Runnable" seed="839477525" result="Passed" start-time="2026-01-10 01:30:32Z" end-time="2026-01-10 01:30:32Z" duration="0.003629" asserts="0">
              <properties>
                <property name="retryIteration" value="0" />
                <property name="repeatIteration" value="0" />
              </properties>
            </test-case>
            <test-case id="1581" name="Circuit_Scenario6_CircuitCompletion_DirectionsAreAligned" fullname="Tests.Trains.SpatialContinuationTests.Circuit_Scenario6_CircuitCompletion_DirectionsAreAligned" methodname="Circuit_Scenario6_CircuitCompletion_DirectionsAreAligned" classname="Tests.Trains.SpatialContinuationTests" runstate="Runnable" seed="1805143638" result="Passed" start-time="2026-01-10 01:30:32Z" end-time="2026-01-10 01:30:32Z" duration="0.003208" asserts="0">
              <properties>
                <property name="retryIteration" value="0" />
                <property name="repeatIteration" value="0" />
              </properties>
            </test-case>
            <test-case id="1579" name="Shuttle_Diagnostic_LastSectionNextPointsToCorrectCosmetic" fullname="Tests.Trains.SpatialContinuationTests.Shuttle_Diagnostic_LastSectionNextPointsToCorrectCosmetic" methodname="Shuttle_Diagnostic_LastSectionNextPointsToCorrectCosmetic" classname="Tests.Trains.SpatialContinuationTests" runstate="Runnable" seed="429927296" result="Passed" start-time="2026-01-10 01:30:32Z" end-time="2026-01-10 01:30:32Z" duration="0.002888" asserts="0">
              <properties>
                <property name="retryIteration" value="0" />
                <property name="repeatIteration" value="0" />
              </properties>
            </test-case>
            <test-case id="1578" name="Shuttle_LastTraversalIsRev_ExitPointIsStartIndex" fullname="Tests.Trains.SpatialContinuationTests.Shuttle_LastTraversalIsRev_ExitPointIsStartIndex" methodname="Shuttle_LastTraversalIsRev_ExitPointIsStartIndex" classname="Tests.Trains.SpatialContinuationTests" runstate="Runnable" seed="2005079959" result="Passed" start-time="2026-01-10 01:30:32Z" end-time="2026-01-10 01:30:32Z" duration="0.001977" asserts="0">
              <properties>
                <property name="retryIteration" value="0" />
                <property name="repeatIteration" value="0" />
              </properties>
            </test-case>
            <test-case id="1575" name="Shuttle_Scenario1_FirstTraversalPrev_HasOppositeDirection" fullname="Tests.Trains.SpatialContinuationTests.Shuttle_Scenario1_FirstTraversalPrev_HasOppositeDirection" methodname="Shuttle_Scenario1_FirstTraversalPrev_HasOppositeDirection" classname="Tests.Trains.SpatialContinuationTests" runstate="Runnable" seed="1043646362" result="Passed" start-time="2026-01-10 01:30:32Z" end-time="2026-01-10 01:30:32Z" duration="0.002350" asserts="0">
              <properties>
                <property name="retryIteration" value="0" />
                <property name="repeatIteration" value="0" />
              </properties>
            </test-case>
            <test-case id="1574" name="Shuttle_Scenario1_FirstTraversalPrev_IsCosmetic" fullname="Tests.Trains.SpatialContinuationTests.Shuttle_Scenario1_FirstTraversalPrev_IsCosmetic" methodname="Shuttle_Scenario1_FirstTraversalPrev_IsCosmetic" classname="Tests.Trains.SpatialContinuationTests" runstate="Runnable" seed="675144050" result="Passed" start-time="2026-01-10 01:30:32Z" end-time="2026-01-10 01:30:32Z" duration="0.002046" asserts="0">
              <properties>
                <property name="retryIteration" value="0" />
                <property name="repeatIteration" value="0" />
              </properties>
            </test-case>
            <test-case id="1577" name="Shuttle_Scenario4_LastTraversalNext_HasSameDirection" fullname="Tests.Trains.SpatialContinuationTests.Shuttle_Scenario4_LastTraversalNext_HasSameDirection" methodname="Shuttle_Scenario4_LastTraversalNext_HasSameDirection" classname="Tests.Trains.SpatialContinuationTests" runstate="Runnable" seed="933982172" result="Passed" start-time="2026-01-10 01:30:32Z" end-time="2026-01-10 01:30:32Z" duration="0.002651" asserts="0">
              <properties>
                <property name="retryIteration" value="0" />
                <property name="repeatIteration" value="0" />
              </properties>
            </test-case>
            <test-case id="1576" name="Shuttle_Scenario4_LastTraversalNext_IsCosmetic" fullname="Tests.Trains.SpatialContinuationTests.Shuttle_Scenario4_LastTraversalNext_IsCosmetic" methodname="Shuttle_Scenario4_LastTraversalNext_IsCosmetic" classname="Tests.Trains.SpatialContinuationTests" runstate="Runnable" seed="1496766343" result="Passed" start-time="2026-01-10 01:30:32Z" end-time="2026-01-10 01:30:32Z" duration="0.002098" asserts="0">
              <properties>
                <property name="retryIteration" value="0" />
                <property name="repeatIteration" value="0" />
              </properties>
            </test-case>
            <test-case id="1583" name="Shuttle_TraversalEndpoints_CosmeticContinuationsHaveFrameAlignment" fullname="Tests.Trains.SpatialContinuationTests.Shuttle_TraversalEndpoints_CosmeticContinuationsHaveFrameAlignment" methodname="Shuttle_TraversalEndpoints_CosmeticContinuationsHaveFrameAlignment" classname="Tests.Trains.SpatialContinuationTests" runstate="Runnable" seed="411399256" result="Passed" start-time="2026-01-10 01:30:32Z" end-time="2026-01-10 01:30:32Z" duration="0.002859" asserts="0">
              <properties>
                <property name="retryIteration" value="0" />
                <property name="repeatIteration" value="0" />
              </properties>
            </test-case>
            <test-case id="1582" name="Switch_SpikeSection_HasSameTrainDirectionAsCopyPathExit" fullname="Tests.Trains.SpatialContinuationTests.Switch_SpikeSection_HasSameTrainDirectionAsCopyPathExit" methodname="Switch_SpikeSection_HasSameTrainDirectionAsCopyPathExit" classname="Tests.Trains.SpatialContinuationTests" runstate="Runnable" seed="1262159965" result="Passed" start-time="2026-01-10 01:30:32Z" end-time="2026-01-10 01:30:32Z" duration="0.002168" asserts="0">
              <properties>
                <property name="retryIteration" value="0" />
                <property name="repeatIteration" value="0" />
              </properties>
            </test-case>
          </test-suite>
          <test-suite type="TestFixture" id="1584" name="SwitchTraversalTests" fullname="Tests.Trains.SwitchTraversalTests" classname="Tests.Trains.SwitchTraversalTests" runstate="Runnable" testcasecount="3" result="Passed" start-time="2026-01-10 01:30:32Z" end-time="2026-01-10 01:30:32Z" duration="0.030726" total="3" passed="3" failed="0" inconclusive="0" skipped="0" asserts="0">
            <properties>
              <property name="Category" value="Unit" />
            </properties>
            <test-case id="1586" name="Switch_TraverseFullTrack_DirectionsRemainSmooth" fullname="Tests.Trains.SwitchTraversalTests.Switch_TraverseFullTrack_DirectionsRemainSmooth" methodname="Switch_TraverseFullTrack_DirectionsRemainSmooth" classname="Tests.Trains.SwitchTraversalTests" runstate="Runnable" seed="879556452" result="Passed" start-time="2026-01-10 01:30:32Z" end-time="2026-01-10 01:30:32Z" duration="0.011314" asserts="0">
              <properties>
                <property name="retryIteration" value="0" />
                <property name="repeatIteration" value="0" />
              </properties>
            </test-case>
            <test-case id="1585" name="Switch_TraverseFullTrack_PositionsRemainSmooth" fullname="Tests.Trains.SwitchTraversalTests.Switch_TraverseFullTrack_PositionsRemainSmooth" methodname="Switch_TraverseFullTrack_PositionsRemainSmooth" classname="Tests.Trains.SwitchTraversalTests" runstate="Runnable" seed="840663753" result="Passed" start-time="2026-01-10 01:30:32Z" end-time="2026-01-10 01:30:32Z" duration="0.009991" asserts="0">
              <properties>
                <property name="retryIteration" value="0" />
                <property name="repeatIteration" value="0" />
              </properties>
            </test-case>
            <test-case id="1587" name="Switch_TraverseFullTrack_SpacingRemainsSTable" fullname="Tests.Trains.SwitchTraversalTests.Switch_TraverseFullTrack_SpacingRemainsSTable" methodname="Switch_TraverseFullTrack_SpacingRemainsSTable" classname="Tests.Trains.SwitchTraversalTests" runstate="Runnable" seed="1613414759" result="Passed" start-time="2026-01-10 01:30:32Z" end-time="2026-01-10 01:30:32Z" duration="0.008056" asserts="0">
              <properties>
                <property name="retryIteration" value="0" />
                <property name="repeatIteration" value="0" />
              </properties>
            </test-case>
          </test-suite>
        </test-suite>
        <test-suite type="TestFixture" id="1550" name="ViewStateSerializationTests" fullname="Tests.ViewStateSerializationTests" classname="Tests.ViewStateSerializationTests" runstate="Runnable" testcasecount="5" result="Passed" start-time="2026-01-10 01:30:32Z" end-time="2026-01-10 01:30:32Z" duration="0.003406" total="5" passed="5" failed="0" inconclusive="0" skipped="0" asserts="0">
          <properties />
          <test-case id="1554" name="CoasterWithUIState_RoundTrip_PreservesAll" fullname="Tests.ViewStateSerializationTests.CoasterWithUIState_RoundTrip_PreservesAll" methodname="CoasterWithUIState_RoundTrip_PreservesAll" classname="Tests.ViewStateSerializationTests" runstate="Runnable" seed="2071628876" result="Passed" start-time="2026-01-10 01:30:32Z" end-time="2026-01-10 01:30:32Z" duration="0.000765" asserts="0">
            <properties>
              <property name="retryIteration" value="0" />
              <property name="repeatIteration" value="0" />
            </properties>
          </test-case>
          <test-case id="1552" name="UIStateChunk_Default_HasSensibleValues" fullname="Tests.ViewStateSerializationTests.UIStateChunk_Default_HasSensibleValues" methodname="UIStateChunk_Default_HasSensibleValues" classname="Tests.ViewStateSerializationTests" runstate="Runnable" seed="387797435" result="Passed" start-time="2026-01-10 01:30:32Z" end-time="2026-01-10 01:30:32Z" duration="0.000216" asserts="0">
            <properties>
              <property name="retryIteration" value="0" />
              <property name="repeatIteration" value="0" />
            </properties>
          </test-case>
          <test-case id="1553" name="UIStateChunk_MissingChunk_ReturnsDefault" fullname="Tests.ViewStateSerializationTests.UIStateChunk_MissingChunk_ReturnsDefault" methodname="UIStateChunk_MissingChunk_ReturnsDefault" classname="Tests.ViewStateSerializationTests" runstate="Runnable" seed="2064055743" result="Passed" start-time="2026-01-10 01:30:32Z" end-time="2026-01-10 01:30:32Z" duration="0.000280" asserts="0">
            <properties>
              <property name="retryIteration" value="0" />
              <property name="repeatIteration" value="0" />
            </properties>
          </test-case>
          <test-case id="1551" name="UIStateChunk_RoundTrip_PreservesViewState" fullname="Tests.ViewStateSerializationTests.UIStateChunk_RoundTrip_PreservesViewState" methodname="UIStateChunk_RoundTrip_PreservesViewState" classname="Tests.ViewStateSerializationTests" runstate="Runnable" seed="403270246" result="Passed" start-time="2026-01-10 01:30:32Z" end-time="2026-01-10 01:30:32Z" duration="0.000413" asserts="0">
            <properties>
              <property name="retryIteration" value="0" />
              <property name="repeatIteration" value="0" />
            </properties>
          </test-case>
          <test-case id="1555" name="UIStateChunk_WithUnknownExtensions_StillLoads" fullname="Tests.ViewStateSerializationTests.UIStateChunk_WithUnknownExtensions_StillLoads" methodname="UIStateChunk_WithUnknownExtensions_StillLoads" classname="Tests.ViewStateSerializationTests" runstate="Runnable" seed="371586979" result="Passed" start-time="2026-01-10 01:30:32Z" end-time="2026-01-10 01:30:32Z" duration="0.000343" asserts="0">
            <properties>
              <property name="retryIteration" value="0" />
              <property name="repeatIteration" value="0" />
            </properties>
          </test-case>
        </test-suite>
        <test-suite type="TestFixture" id="1556" name="YOffsetDriftTests" fullname="Tests.YOffsetDriftTests" classname="Tests.YOffsetDriftTests" runstate="Runnable" testcasecount="4" result="Passed" start-time="2026-01-10 01:30:32Z" end-time="2026-01-10 01:30:32Z" duration="0.310717" total="4" passed="4" failed="0" inconclusive="0" skipped="0" asserts="0">
          <properties>
            <property name="Category" value="Stability" />
          </properties>
          <test-case id="1560" name="Circuit_ForceSection1_LargeYOffset_ShapeIdentical" fullname="Tests.YOffsetDriftTests.Circuit_ForceSection1_LargeYOffset_ShapeIdentical" methodname="Circuit_ForceSection1_LargeYOffset_ShapeIdentical" classname="Tests.YOffsetDriftTests" runstate="Runnable" seed="881071710" result="Passed" start-time="2026-01-10 01:30:32Z" end-time="2026-01-10 01:30:32Z" duration="0.068654" asserts="0">
            <properties>
              <property name="retryIteration" value="0" />
              <property name="repeatIteration" value="0" />
            </properties>
            <output><![CDATA[Large Y Offset Test (Y offset: 10):
  Points: 2130
  Max direction diff: 2.758E-005 at point 2129
  Max XZ drift: 2.383E-003 at point 2129
]]></output>
          </test-case>
          <test-case id="1557" name="Circuit_ForceSection1_YOffset_DirectionIdentical" fullname="Tests.YOffsetDriftTests.Circuit_ForceSection1_YOffset_DirectionIdentical" methodname="Circuit_ForceSection1_YOffset_DirectionIdentical" classname="Tests.YOffsetDriftTests" runstate="Runnable" seed="630232656" result="Passed" start-time="2026-01-10 01:30:32Z" end-time="2026-01-10 01:30:32Z" duration="0.068404" asserts="0">
            <properties>
              <property name="retryIteration" value="0" />
              <property name="repeatIteration" value="0" />
            </properties>
            <output><![CDATA[Direction/Frame Drift Test (Y offset: 0.1):
  Points: 2130
  Max direction diff: 9.111E-006 at point 1966
  Max normal diff: 9.029E-006
  Max lateral diff: 1.358E-006
]]></output>
          </test-case>
          <test-case id="1559" name="Circuit_ForceSection1_YOffset_NoXZDrift" fullname="Tests.YOffsetDriftTests.Circuit_ForceSection1_YOffset_NoXZDrift" methodname="Circuit_ForceSection1_YOffset_NoXZDrift" classname="Tests.YOffsetDriftTests" runstate="Runnable" seed="1457913094" result="Passed" start-time="2026-01-10 01:30:32Z" end-time="2026-01-10 01:30:32Z" duration="0.077339" asserts="0">
            <properties>
              <property name="retryIteration" value="0" />
              <property name="repeatIteration" value="0" />
            </properties>
            <output><![CDATA[XZ Drift Test (Y offset: 0.1):
  Points: 2130
  Max X drift: 1.871E-004 at point 2129
  Max Z drift: 7.858E-004
  Baseline end: (-0.1161, 2.9950, 44.8665)
  Offset end:   (-0.1163, 3.0946, 44.8657)
  End diff: (-1.871E-004, 0.0996, -7.858E-004)
]]></output>
          </test-case>
          <test-case id="1558" name="Circuit_ForceSection1_YOffset_VelocityIdentical" fullname="Tests.YOffsetDriftTests.Circuit_ForceSection1_YOffset_VelocityIdentical" methodname="Circuit_ForceSection1_YOffset_VelocityIdentical" classname="Tests.YOffsetDriftTests" runstate="Runnable" seed="390200052" result="Passed" start-time="2026-01-10 01:30:32Z" end-time="2026-01-10 01:30:32Z" duration="0.095062" asserts="0">
            <properties>
              <property name="retryIteration" value="0" />
              <property name="repeatIteration" value="0" />
            </properties>
            <output><![CDATA[Velocity Invariance Test (Y offset: 0.1):
  Points: 2130
  Max velocity diff: 2.804E-004 at point 2127
  Baseline final vel: 15.2079
  Offset final vel: 15.2082
Saving results to: C:/Users/dylan/AppData/LocalLow/IndividualKex/KexEdit\TestResults.xml
]]></output>
          </test-case>
        </test-suite>
      </test-suite>
    </test-suite>
  </test-suite>
</test-run>