<?xml version="1.0" encoding="utf-8"?>
<test-run id="2" testcasecount="9" result="Passed" total="9" passed="9" failed="0" inconclusive="0" skipped="0" asserts="0" engine-version="3.5.0.0" clr-version="4.0.30319.42000" start-time="2025-12-17 02:04:34Z" end-time="2025-12-17 02:04:34Z" duration="0.0695804">
  <test-suite type="TestSuite" id="1000" name="KexEdit" fullname="KexEdit" runstate="Runnable" testcasecount="3221" result="Passed" start-time="2025-12-17 02:04:34Z" end-time="2025-12-17 02:04:34Z" duration="0.069580" total="9" passed="9" failed="0" inconclusive="0" skipped="0" asserts="0">
    <properties>
      <property name="platform" value="EditMode" />
    </properties>
    <test-suite type="Assembly" id="1401" name="Tests.dll" fullname="C:/Users/dylan/Documents/Games/KexEdit/Library/ScriptAssemblies/Tests.dll" runstate="Runnable" testcasecount="356" result="Passed" start-time="2025-12-17 02:04:34Z" end-time="2025-12-17 02:04:34Z" duration="0.043278" total="9" passed="9" failed="0" inconclusive="0" skipped="0" asserts="0">
      <properties>
        <property name="_PID" value="34384" />
        <property name="_APPDOMAIN" value="Unity Child Domain" />
        <property name="platform" value="EditMode" />
        <property name="EditorOnly" value="True" />
      </properties>
      <test-suite type="TestSuite" id="1404" name="Storage" fullname="Storage" runstate="Runnable" testcasecount="9" result="Passed" start-time="2025-12-17 02:04:34Z" end-time="2025-12-17 02:04:34Z" duration="0.039327" total="9" passed="9" failed="0" inconclusive="0" skipped="0" asserts="0">
        <properties />
        <test-suite type="TestSuite" id="1405" name="Tests" fullname="Storage.Tests" runstate="Runnable" testcasecount="9" result="Passed" start-time="2025-12-17 02:04:34Z" end-time="2025-12-17 02:04:34Z" duration="0.038816" total="9" passed="9" failed="0" inconclusive="0" skipped="0" asserts="0">
          <properties />
          <test-suite type="TestFixture" id="1052" name="KeyframeStoreTests" fullname="Storage.Tests.KeyframeStoreTests" classname="Storage.Tests.KeyframeStoreTests" runstate="Runnable" testcasecount="9" result="Passed" start-time="2025-12-17 02:04:34Z" end-time="2025-12-17 02:04:34Z" duration="0.037705" total="9" passed="9" failed="0" inconclusive="0" skipped="0" asserts="0">
            <properties>
              <property name="Category" value="Unit" />
            </properties>
            <test-case id="1061" name="Clear_RemovesAllData" fullname="Storage.Tests.KeyframeStoreTests.Clear_RemovesAllData" methodname="Clear_RemovesAllData" classname="Storage.Tests.KeyframeStoreTests" runstate="Runnable" seed="1065335978" result="Passed" start-time="2025-12-17 02:04:34Z" end-time="2025-12-17 02:04:34Z" duration="0.018028" asserts="0">
              <properties>
                <property name="retryIteration" value="0" />
                <property name="repeatIteration" value="0" />
              </properties>
            </test-case>
            <test-case id="1060" name="DifferentNodesAndProperties_StoredSeparately" fullname="Storage.Tests.KeyframeStoreTests.DifferentNodesAndProperties_StoredSeparately" methodname="DifferentNodesAndProperties_StoredSeparately" classname="Storage.Tests.KeyframeStoreTests" runstate="Runnable" seed="2044506677" result="Passed" start-time="2025-12-17 02:04:34Z" end-time="2025-12-17 02:04:34Z" duration="0.001639" asserts="0">
              <properties>
                <property name="retryIteration" value="0" />
                <property name="repeatIteration" value="0" />
              </properties>
            </test-case>
            <test-case id="1059" name="MakeKey_UnpackKey_Roundtrips" fullname="Storage.Tests.KeyframeStoreTests.MakeKey_UnpackKey_Roundtrips" methodname="MakeKey_UnpackKey_Roundtrips" classname="Storage.Tests.KeyframeStoreTests" runstate="Runnable" seed="1415640703" result="Passed" start-time="2025-12-17 02:04:34Z" end-time="2025-12-17 02:04:34Z" duration="0.001759" asserts="0">
              <properties>
                <property name="retryIteration" value="0" />
                <property name="repeatIteration" value="0" />
              </properties>
            </test-case>
            <test-case id="1057" name="Remove_ExistingCurve_CannotBeRetrieved" fullname="Storage.Tests.KeyframeStoreTests.Remove_ExistingCurve_CannotBeRetrieved" methodname="Remove_ExistingCurve_CannotBeRetrieved" classname="Storage.Tests.KeyframeStoreTests" runstate="Runnable" seed="38737736" result="Passed" start-time="2025-12-17 02:04:34Z" end-time="2025-12-17 02:04:34Z" duration="0.000320" asserts="0">
              <properties>
                <property name="retryIteration" value="0" />
                <property name="repeatIteration" value="0" />
              </properties>
            </test-case>
            <test-case id="1058" name="RemoveNode_RemovesAllPropertiesForNode" fullname="Storage.Tests.KeyframeStoreTests.RemoveNode_RemovesAllPropertiesForNode" methodname="RemoveNode_RemovesAllPropertiesForNode" classname="Storage.Tests.KeyframeStoreTests" runstate="Runnable" seed="982577672" result="Passed" start-time="2025-12-17 02:04:34Z" end-time="2025-12-17 02:04:34Z" duration="0.002190" asserts="0">
              <properties>
                <property name="retryIteration" value="0" />
                <property name="repeatIteration" value="0" />
              </properties>
            </test-case>
            <test-case id="1056" name="Set_EmptyArray_RemovesCurve" fullname="Storage.Tests.KeyframeStoreTests.Set_EmptyArray_RemovesCurve" methodname="Set_EmptyArray_RemovesCurve" classname="Storage.Tests.KeyframeStoreTests" runstate="Runnable" seed="2132743356" result="Passed" start-time="2025-12-17 02:04:34Z" end-time="2025-12-17 02:04:34Z" duration="0.000260" asserts="0">
              <properties>
                <property name="retryIteration" value="0" />
                <property name="repeatIteration" value="0" />
              </properties>
            </test-case>
            <test-case id="1053" name="Set_NewCurve_CanBeRetrieved" fullname="Storage.Tests.KeyframeStoreTests.Set_NewCurve_CanBeRetrieved" methodname="Set_NewCurve_CanBeRetrieved" classname="Storage.Tests.KeyframeStoreTests" runstate="Runnable" seed="1479204512" result="Passed" start-time="2025-12-17 02:04:34Z" end-time="2025-12-17 02:04:34Z" duration="0.000357" asserts="0">
              <properties>
                <property name="retryIteration" value="0" />
                <property name="repeatIteration" value="0" />
              </properties>
            </test-case>
            <test-case id="1055" name="Set_ReplacesExistingCurve" fullname="Storage.Tests.KeyframeStoreTests.Set_ReplacesExistingCurve" methodname="Set_ReplacesExistingCurve" classname="Storage.Tests.KeyframeStoreTests" runstate="Runnable" seed="1486385458" result="Passed" start-time="2025-12-17 02:04:34Z" end-time="2025-12-17 02:04:34Z" duration="0.000336" asserts="0">
              <properties>
                <property name="retryIteration" value="0" />
                <property name="repeatIteration" value="0" />
              </properties>
            </test-case>
            <test-case id="1054" name="TryGet_NonexistentCurve_ReturnsFalse" fullname="Storage.Tests.KeyframeStoreTests.TryGet_NonexistentCurve_ReturnsFalse" methodname="TryGet_NonexistentCurve_ReturnsFalse" classname="Storage.Tests.KeyframeStoreTests" runstate="Runnable" seed="1219298541" result="Passed" start-time="2025-12-17 02:04:34Z" end-time="2025-12-17 02:04:34Z" duration="0.000123" asserts="0">
              <properties>
                <property name="retryIteration" value="0" />
                <property name="repeatIteration" value="0" />
              </properties>
              <output><![CDATA[Saving results to: C:/Users/dylan/AppData/LocalLow/IndividualKex/KexEdit\TestResults.xml
]]></output>
            </test-case>
          </test-suite>
        </test-suite>
      </test-suite>
    </test-suite>
  </test-suite>
</test-run>