<?xml version="1.0" encoding="utf-8"?>
<test-run id="2" testcasecount="415" result="Failed(Child)" total="415" passed="412" failed="1" inconclusive="0" skipped="2" asserts="0" engine-version="3.5.0.0" clr-version="4.0.30319.42000" start-time="2025-12-20 22:43:09Z" end-time="2025-12-20 22:43:15Z" duration="6.8046663">
  <test-suite type="TestSuite" id="1000" name="KexEdit" fullname="KexEdit" runstate="Runnable" testcasecount="3280" result="Failed" site="Child" start-time="2025-12-20 22:43:09Z" end-time="2025-12-20 22:43:15Z" duration="6.804666" total="415" passed="412" failed="1" inconclusive="0" skipped="2" asserts="0">
    <properties>
      <property name="platform" value="EditMode" />
    </properties>
    <failure>
      <message><![CDATA[One or more child tests had errors]]></message>
    </failure>
    <test-suite type="Assembly" id="1467" name="Tests.dll" fullname="C:/Users/dylan/Documents/Games/KexEdit/Library/ScriptAssemblies/Tests.dll" runstate="Runnable" testcasecount="415" result="Failed" site="Child" start-time="2025-12-20 22:43:09Z" end-time="2025-12-20 22:43:15Z" duration="6.783088" total="415" passed="412" failed="1" inconclusive="0" skipped="2" asserts="0">
      <properties>
        <property name="_PID" value="8580" />
        <property name="_APPDOMAIN" value="Unity Child Domain" />
        <property name="platform" value="EditMode" />
        <property name="EditorOnly" value="True" />
      </properties>
      <failure>
        <message><![CDATA[One or more child tests had errors]]></message>
      </failure>
      <test-suite type="TestFixture" id="1001" name="CoasterEvaluatorTests" fullname="CoasterEvaluatorTests" classname="CoasterEvaluatorTests" runstate="Runnable" testcasecount="10" result="Passed" start-time="2025-12-20 22:43:09Z" end-time="2025-12-20 22:43:09Z" duration="0.055075" total="10" passed="10" failed="0" inconclusive="0" skipped="0" asserts="0">
        <properties />
        <test-case id="1006" name="Evaluate_AnchorToCurved_ProducesPathAndOutputAnchor" fullname="CoasterEvaluatorTests.Evaluate_AnchorToCurved_ProducesPathAndOutputAnchor" methodname="Evaluate_AnchorToCurved_ProducesPathAndOutputAnchor" classname="CoasterEvaluatorTests" runstate="Runnable" seed="755496962" result="Passed" start-time="2025-12-20 22:43:09Z" end-time="2025-12-20 22:43:09Z" duration="0.028186" asserts="0">
          <properties>
            <property name="retryIteration" value="0" />
            <property name="repeatIteration" value="0" />
          </properties>
        </test-case>
        <test-case id="1004" name="Evaluate_AnchorToForce_ProducesPathAndOutputAnchor" fullname="CoasterEvaluatorTests.Evaluate_AnchorToForce_ProducesPathAndOutputAnchor" methodname="Evaluate_AnchorToForce_ProducesPathAndOutputAnchor" classname="CoasterEvaluatorTests" runstate="Runnable" seed="457644333" result="Passed" start-time="2025-12-20 22:43:09Z" end-time="2025-12-20 22:43:09Z" duration="0.005076" asserts="0">
          <properties>
            <property name="retryIteration" value="0" />
            <property name="repeatIteration" value="0" />
          </properties>
        </test-case>
        <test-case id="1005" name="Evaluate_AnchorToGeometric_ProducesPathAndOutputAnchor" fullname="CoasterEvaluatorTests.Evaluate_AnchorToGeometric_ProducesPathAndOutputAnchor" methodname="Evaluate_AnchorToGeometric_ProducesPathAndOutputAnchor" classname="CoasterEvaluatorTests" runstate="Runnable" seed="156985060" result="Passed" start-time="2025-12-20 22:43:09Z" end-time="2025-12-20 22:43:09Z" duration="0.000606" asserts="0">
          <properties>
            <property name="retryIteration" value="0" />
            <property name="repeatIteration" value="0" />
          </properties>
        </test-case>
        <test-case id="1007" name="Evaluate_AnchorToReverse_ReversesDirection" fullname="CoasterEvaluatorTests.Evaluate_AnchorToReverse_ReversesDirection" methodname="Evaluate_AnchorToReverse_ReversesDirection" classname="CoasterEvaluatorTests" runstate="Runnable" seed="424846680" result="Passed" start-time="2025-12-20 22:43:09Z" end-time="2025-12-20 22:43:09Z" duration="0.001030" asserts="0">
          <properties>
            <property name="retryIteration" value="0" />
            <property name="repeatIteration" value="0" />
          </properties>
        </test-case>
        <test-case id="1010" name="Evaluate_Bridge_CreatesBezierPath" fullname="CoasterEvaluatorTests.Evaluate_Bridge_CreatesBezierPath" methodname="Evaluate_Bridge_CreatesBezierPath" classname="CoasterEvaluatorTests" runstate="Runnable" seed="1376012462" result="Passed" start-time="2025-12-20 22:43:09Z" end-time="2025-12-20 22:43:09Z" duration="0.005152" asserts="0">
          <properties>
            <property name="retryIteration" value="0" />
            <property name="repeatIteration" value="0" />
          </properties>
        </test-case>
        <test-case id="1002" name="Evaluate_EmptyCoaster_ReturnsEmptyResult" fullname="CoasterEvaluatorTests.Evaluate_EmptyCoaster_ReturnsEmptyResult" methodname="Evaluate_EmptyCoaster_ReturnsEmptyResult" classname="CoasterEvaluatorTests" runstate="Runnable" seed="1254711181" result="Passed" start-time="2025-12-20 22:43:09Z" end-time="2025-12-20 22:43:09Z" duration="0.000518" asserts="0">
          <properties>
            <property name="retryIteration" value="0" />
            <property name="repeatIteration" value="0" />
          </properties>
        </test-case>
        <test-case id="1009" name="Evaluate_ForceToCopyPath_CopiesPath" fullname="CoasterEvaluatorTests.Evaluate_ForceToCopyPath_CopiesPath" methodname="Evaluate_ForceToCopyPath_CopiesPath" classname="CoasterEvaluatorTests" runstate="Runnable" seed="1175106179" result="Passed" start-time="2025-12-20 22:43:09Z" end-time="2025-12-20 22:43:09Z" duration="0.000777" asserts="0">
          <properties>
            <property name="retryIteration" value="0" />
            <property name="repeatIteration" value="0" />
          </properties>
        </test-case>
        <test-case id="1008" name="Evaluate_ForceToReversePath_ReversesPath" fullname="CoasterEvaluatorTests.Evaluate_ForceToReversePath_ReversesPath" methodname="Evaluate_ForceToReversePath_ReversesPath" classname="CoasterEvaluatorTests" runstate="Runnable" seed="427551188" result="Passed" start-time="2025-12-20 22:43:09Z" end-time="2025-12-20 22:43:09Z" duration="0.000826" asserts="0">
          <properties>
            <property name="retryIteration" value="0" />
            <property name="repeatIteration" value="0" />
          </properties>
        </test-case>
        <test-case id="1011" name="Evaluate_ScalarNodeInjectsToCurvedRadius" fullname="CoasterEvaluatorTests.Evaluate_ScalarNodeInjectsToCurvedRadius" methodname="Evaluate_ScalarNodeInjectsToCurvedRadius" classname="CoasterEvaluatorTests" runstate="Runnable" seed="1666155064" result="Passed" start-time="2025-12-20 22:43:09Z" end-time="2025-12-20 22:43:09Z" duration="0.000596" asserts="0">
          <properties>
            <property name="retryIteration" value="0" />
            <property name="repeatIteration" value="0" />
          </properties>
        </test-case>
        <test-case id="1003" name="Evaluate_SingleAnchorNode_ProducesOutputAnchor" fullname="CoasterEvaluatorTests.Evaluate_SingleAnchorNode_ProducesOutputAnchor" methodname="Evaluate_SingleAnchorNode_ProducesOutputAnchor" classname="CoasterEvaluatorTests" runstate="Runnable" seed="1741881433" result="Passed" start-time="2025-12-20 22:43:09Z" end-time="2025-12-20 22:43:09Z" duration="0.000365" asserts="0">
          <properties>
            <property name="retryIteration" value="0" />
            <property name="repeatIteration" value="0" />
          </properties>
        </test-case>
      </test-suite>
      <test-suite type="TestFixture" id="1012" name="CoasterTests" fullname="CoasterTests" classname="CoasterTests" runstate="Runnable" testcasecount="8" result="Passed" start-time="2025-12-20 22:43:09Z" end-time="2025-12-20 22:43:09Z" duration="0.009129" total="8" passed="8" failed="0" inconclusive="0" skipped="0" asserts="0">
        <properties />
        <test-case id="1015" name="AddAnchorNode_StoresPositionAndRotation" fullname="CoasterTests.AddAnchorNode_StoresPositionAndRotation" methodname="AddAnchorNode_StoresPositionAndRotation" classname="CoasterTests" runstate="Runnable" seed="1677003689" result="Passed" start-time="2025-12-20 22:43:09Z" end-time="2025-12-20 22:43:09Z" duration="0.001709" asserts="0">
          <properties>
            <property name="retryIteration" value="0" />
            <property name="repeatIteration" value="0" />
          </properties>
        </test-case>
        <test-case id="1016" name="AddForceNode_StoresDurationAndKeyframes" fullname="CoasterTests.AddForceNode_StoresDurationAndKeyframes" methodname="AddForceNode_StoresDurationAndKeyframes" classname="CoasterTests" runstate="Runnable" seed="39947444" result="Passed" start-time="2025-12-20 22:43:09Z" end-time="2025-12-20 22:43:09Z" duration="0.003708" asserts="0">
          <properties>
            <property name="retryIteration" value="0" />
            <property name="repeatIteration" value="0" />
          </properties>
        </test-case>
        <test-case id="1020" name="Anchor_StoresInitialPointState" fullname="CoasterTests.Anchor_StoresInitialPointState" methodname="Anchor_StoresInitialPointState" classname="CoasterTests" runstate="Runnable" seed="1359117363" result="Passed" start-time="2025-12-20 22:43:09Z" end-time="2025-12-20 22:43:09Z" duration="0.000250" asserts="0">
          <properties>
            <property name="retryIteration" value="0" />
            <property name="repeatIteration" value="0" />
          </properties>
        </test-case>
        <test-case id="1013" name="Create_InitializesEmptyCoaster" fullname="CoasterTests.Create_InitializesEmptyCoaster" methodname="Create_InitializesEmptyCoaster" classname="CoasterTests" runstate="Runnable" seed="488339292" result="Passed" start-time="2025-12-20 22:43:09Z" end-time="2025-12-20 22:43:09Z" duration="0.000524" asserts="0">
          <properties>
            <property name="retryIteration" value="0" />
            <property name="repeatIteration" value="0" />
          </properties>
        </test-case>
        <test-case id="1014" name="Dispose_CleansUpAllContainers" fullname="CoasterTests.Dispose_CleansUpAllContainers" methodname="Dispose_CleansUpAllContainers" classname="CoasterTests" runstate="Runnable" seed="2035157623" result="Passed" start-time="2025-12-20 22:43:09Z" end-time="2025-12-20 22:43:09Z" duration="0.000305" asserts="0">
          <properties>
            <property name="retryIteration" value="0" />
            <property name="repeatIteration" value="0" />
          </properties>
        </test-case>
        <test-case id="1017" name="GeometricNode_SteeringSupportedViaHashSet" fullname="CoasterTests.GeometricNode_SteeringSupportedViaHashSet" methodname="GeometricNode_SteeringSupportedViaHashSet" classname="CoasterTests" runstate="Runnable" seed="467954078" result="Passed" start-time="2025-12-20 22:43:09Z" end-time="2025-12-20 22:43:09Z" duration="0.000514" asserts="0">
          <properties>
            <property name="retryIteration" value="0" />
            <property name="repeatIteration" value="0" />
          </properties>
        </test-case>
        <test-case id="1018" name="ScalarNode_StoresValue" fullname="CoasterTests.ScalarNode_StoresValue" methodname="ScalarNode_StoresValue" classname="CoasterTests" runstate="Runnable" seed="1891889328" result="Passed" start-time="2025-12-20 22:43:09Z" end-time="2025-12-20 22:43:09Z" duration="0.000307" asserts="0">
          <properties>
            <property name="retryIteration" value="0" />
            <property name="repeatIteration" value="0" />
          </properties>
        </test-case>
        <test-case id="1019" name="VectorNode_StoresValue" fullname="CoasterTests.VectorNode_StoresValue" methodname="VectorNode_StoresValue" classname="CoasterTests" runstate="Runnable" seed="1223617769" result="Passed" start-time="2025-12-20 22:43:09Z" end-time="2025-12-20 22:43:09Z" duration="0.000202" asserts="0">
          <properties>
            <property name="retryIteration" value="0" />
            <property name="repeatIteration" value="0" />
          </properties>
        </test-case>
      </test-suite>
      <test-suite type="TestSuite" id="1472" name="KexEdit" fullname="KexEdit" runstate="Runnable" testcasecount="6" result="Passed" start-time="2025-12-20 22:43:09Z" end-time="2025-12-20 22:43:09Z" duration="0.009921" total="6" passed="6" failed="0" inconclusive="0" skipped="0" asserts="0">
        <properties />
        <test-suite type="TestSuite" id="1473" name="Tests" fullname="KexEdit.Tests" runstate="Runnable" testcasecount="6" result="Passed" start-time="2025-12-20 22:43:09Z" end-time="2025-12-20 22:43:09Z" duration="0.009456" total="6" passed="6" failed="0" inconclusive="0" skipped="0" asserts="0">
          <properties />
          <test-suite type="TestSuite" id="1474" name="RustCore" fullname="KexEdit.Tests.RustCore" runstate="Runnable" testcasecount="6" result="Passed" start-time="2025-12-20 22:43:09Z" end-time="2025-12-20 22:43:09Z" duration="0.009045" total="6" passed="6" failed="0" inconclusive="0" skipped="0" asserts="0">
            <properties />
            <test-suite type="TestFixture" id="1082" name="RustFrameTests" fullname="KexEdit.Tests.RustCore.RustFrameTests" classname="KexEdit.Tests.RustCore.RustFrameTests" runstate="Runnable" testcasecount="6" result="Passed" start-time="2025-12-20 22:43:09Z" end-time="2025-12-20 22:43:09Z" duration="0.008651" total="6" passed="6" failed="0" inconclusive="0" skipped="0" asserts="0">
              <properties />
              <test-case id="1088" name="TestRollMatchesCSharp" fullname="KexEdit.Tests.RustCore.RustFrameTests.TestRollMatchesCSharp" methodname="TestRollMatchesCSharp" classname="KexEdit.Tests.RustCore.RustFrameTests" runstate="Runnable" seed="183294565" result="Passed" start-time="2025-12-20 22:43:09Z" end-time="2025-12-20 22:43:09Z" duration="0.002826" asserts="0">
                <properties>
                  <property name="retryIteration" value="0" />
                  <property name="repeatIteration" value="0" />
                </properties>
              </test-case>
              <test-case id="1084" name="TestRotateAroundMatchesCSharp" fullname="KexEdit.Tests.RustCore.RustFrameTests.TestRotateAroundMatchesCSharp" methodname="TestRotateAroundMatchesCSharp" classname="KexEdit.Tests.RustCore.RustFrameTests" runstate="Runnable" seed="176402777" result="Passed" start-time="2025-12-20 22:43:09Z" end-time="2025-12-20 22:43:09Z" duration="0.001899" asserts="0">
                <properties>
                  <property name="retryIteration" value="0" />
                  <property name="repeatIteration" value="0" />
                </properties>
              </test-case>
              <test-case id="1083" name="TestRustFrameConversion" fullname="KexEdit.Tests.RustCore.RustFrameTests.TestRustFrameConversion" methodname="TestRustFrameConversion" classname="KexEdit.Tests.RustCore.RustFrameTests" runstate="Runnable" seed="1113134582" result="Passed" start-time="2025-12-20 22:43:09Z" end-time="2025-12-20 22:43:09Z" duration="0.000176" asserts="0">
                <properties>
                  <property name="retryIteration" value="0" />
                  <property name="repeatIteration" value="0" />
                </properties>
              </test-case>
              <test-case id="1086" name="TestWithPitchMatchesCSharp" fullname="KexEdit.Tests.RustCore.RustFrameTests.TestWithPitchMatchesCSharp" methodname="TestWithPitchMatchesCSharp" classname="KexEdit.Tests.RustCore.RustFrameTests" runstate="Runnable" seed="1037792492" result="Passed" start-time="2025-12-20 22:43:09Z" end-time="2025-12-20 22:43:09Z" duration="0.001323" asserts="0">
                <properties>
                  <property name="retryIteration" value="0" />
                  <property name="repeatIteration" value="0" />
                </properties>
              </test-case>
              <test-case id="1085" name="TestWithRollMatchesCSharp" fullname="KexEdit.Tests.RustCore.RustFrameTests.TestWithRollMatchesCSharp" methodname="TestWithRollMatchesCSharp" classname="KexEdit.Tests.RustCore.RustFrameTests" runstate="Runnable" seed="1665731021" result="Passed" start-time="2025-12-20 22:43:09Z" end-time="2025-12-20 22:43:09Z" duration="0.000225" asserts="0">
                <properties>
                  <property name="retryIteration" value="0" />
                  <property name="repeatIteration" value="0" />
                </properties>
              </test-case>
              <test-case id="1087" name="TestWithYawMatchesCSharp" fullname="KexEdit.Tests.RustCore.RustFrameTests.TestWithYawMatchesCSharp" methodname="TestWithYawMatchesCSharp" classname="KexEdit.Tests.RustCore.RustFrameTests" runstate="Runnable" seed="889858214" result="Passed" start-time="2025-12-20 22:43:09Z" end-time="2025-12-20 22:43:09Z" duration="0.001138" asserts="0">
                <properties>
                  <property name="retryIteration" value="0" />
                  <property name="repeatIteration" value="0" />
                </properties>
              </test-case>
            </test-suite>
          </test-suite>
        </test-suite>
      </test-suite>
      <test-suite type="TestSuite" id="1475" name="KexGraph" fullname="KexGraph" runstate="Runnable" testcasecount="72" result="Passed" start-time="2025-12-20 22:43:09Z" end-time="2025-12-20 22:43:09Z" duration="0.041288" total="72" passed="72" failed="0" inconclusive="0" skipped="0" asserts="0">
        <properties />
        <test-suite type="TestSuite" id="1476" name="Tests" fullname="KexGraph.Tests" runstate="Runnable" testcasecount="72" result="Passed" start-time="2025-12-20 22:43:09Z" end-time="2025-12-20 22:43:09Z" duration="0.040283" total="72" passed="72" failed="0" inconclusive="0" skipped="0" asserts="0">
          <properties />
          <test-suite type="TestFixture" id="1089" name="GraphEdgeTests" fullname="KexGraph.Tests.GraphEdgeTests" classname="KexGraph.Tests.GraphEdgeTests" runstate="Runnable" testcasecount="22" result="Passed" start-time="2025-12-20 22:43:09Z" end-time="2025-12-20 22:43:09Z" duration="0.014373" total="22" passed="22" failed="0" inconclusive="0" skipped="0" asserts="0">
            <properties>
              <property name="Category" value="Unit" />
            </properties>
            <test-case id="1091" name="AddEdge_GeneratesUniqueIds" fullname="KexGraph.Tests.GraphEdgeTests.AddEdge_GeneratesUniqueIds" methodname="AddEdge_GeneratesUniqueIds" classname="KexGraph.Tests.GraphEdgeTests" runstate="Runnable" seed="318425696" result="Passed" start-time="2025-12-20 22:43:09Z" end-time="2025-12-20 22:43:09Z" duration="0.002350" asserts="0">
              <properties>
                <property name="retryIteration" value="0" />
                <property name="repeatIteration" value="0" />
              </properties>
            </test-case>
            <test-case id="1093" name="AddEdge_InvalidSourcePort_ReturnsZero" fullname="KexGraph.Tests.GraphEdgeTests.AddEdge_InvalidSourcePort_ReturnsZero" methodname="AddEdge_InvalidSourcePort_ReturnsZero" classname="KexGraph.Tests.GraphEdgeTests" runstate="Runnable" seed="768873050" result="Passed" start-time="2025-12-20 22:43:09Z" end-time="2025-12-20 22:43:09Z" duration="0.000240" asserts="0">
              <properties>
                <property name="retryIteration" value="0" />
                <property name="repeatIteration" value="0" />
              </properties>
            </test-case>
            <test-case id="1094" name="AddEdge_InvalidTargetPort_ReturnsZero" fullname="KexGraph.Tests.GraphEdgeTests.AddEdge_InvalidTargetPort_ReturnsZero" methodname="AddEdge_InvalidTargetPort_ReturnsZero" classname="KexGraph.Tests.GraphEdgeTests" runstate="Runnable" seed="149502059" result="Passed" start-time="2025-12-20 22:43:09Z" end-time="2025-12-20 22:43:09Z" duration="0.000160" asserts="0">
              <properties>
                <property name="retryIteration" value="0" />
                <property name="repeatIteration" value="0" />
              </properties>
            </test-case>
            <test-case id="1092" name="AddEdge_StoresCorrectSourceAndTarget" fullname="KexGraph.Tests.GraphEdgeTests.AddEdge_StoresCorrectSourceAndTarget" methodname="AddEdge_StoresCorrectSourceAndTarget" classname="KexGraph.Tests.GraphEdgeTests" runstate="Runnable" seed="1986308243" result="Passed" start-time="2025-12-20 22:43:09Z" end-time="2025-12-20 22:43:09Z" duration="0.000753" asserts="0">
              <properties>
                <property name="retryIteration" value="0" />
                <property name="repeatIteration" value="0" />
              </properties>
            </test-case>
            <test-case id="1090" name="AddEdge_ValidPorts_IncreasesEdgeCount" fullname="KexGraph.Tests.GraphEdgeTests.AddEdge_ValidPorts_IncreasesEdgeCount" methodname="AddEdge_ValidPorts_IncreasesEdgeCount" classname="KexGraph.Tests.GraphEdgeTests" runstate="Runnable" seed="870297548" result="Passed" start-time="2025-12-20 22:43:09Z" end-time="2025-12-20 22:43:09Z" duration="0.000166" asserts="0">
              <properties>
                <property name="retryIteration" value="0" />
                <property name="repeatIteration" value="0" />
              </properties>
            </test-case>
            <test-case id="1111" name="FindSinkNodes_AllNodesAreSinks_ReturnsAll" fullname="KexGraph.Tests.GraphEdgeTests.FindSinkNodes_AllNodesAreSinks_ReturnsAll" methodname="FindSinkNodes_AllNodesAreSinks_ReturnsAll" classname="KexGraph.Tests.GraphEdgeTests" runstate="Runnable" seed="1058593423" result="Passed" start-time="2025-12-20 22:43:09Z" end-time="2025-12-20 22:43:09Z" duration="0.001591" asserts="0">
              <properties>
                <property name="retryIteration" value="0" />
                <property name="repeatIteration" value="0" />
              </properties>
            </test-case>
            <test-case id="1110" name="FindSinkNodes_ReturnsNodesWithNoOutgoingEdges" fullname="KexGraph.Tests.GraphEdgeTests.FindSinkNodes_ReturnsNodesWithNoOutgoingEdges" methodname="FindSinkNodes_ReturnsNodesWithNoOutgoingEdges" classname="KexGraph.Tests.GraphEdgeTests" runstate="Runnable" seed="469288477" result="Passed" start-time="2025-12-20 22:43:09Z" end-time="2025-12-20 22:43:09Z" duration="0.000300" asserts="0">
              <properties>
                <property name="retryIteration" value="0" />
                <property name="repeatIteration" value="0" />
              </properties>
            </test-case>
            <test-case id="1108" name="FindSourceNodes_AllNodesAreRoots_ReturnsAll" fullname="KexGraph.Tests.GraphEdgeTests.FindSourceNodes_AllNodesAreRoots_ReturnsAll" methodname="FindSourceNodes_AllNodesAreRoots_ReturnsAll" classname="KexGraph.Tests.GraphEdgeTests" runstate="Runnable" seed="1357984940" result="Passed" start-time="2025-12-20 22:43:09Z" end-time="2025-12-20 22:43:09Z" duration="0.000693" asserts="0">
              <properties>
                <property name="retryIteration" value="0" />
                <property name="repeatIteration" value="0" />
              </properties>
            </test-case>
            <test-case id="1109" name="FindSourceNodes_EmptyGraph_ReturnsEmpty" fullname="KexGraph.Tests.GraphEdgeTests.FindSourceNodes_EmptyGraph_ReturnsEmpty" methodname="FindSourceNodes_EmptyGraph_ReturnsEmpty" classname="KexGraph.Tests.GraphEdgeTests" runstate="Runnable" seed="125399023" result="Passed" start-time="2025-12-20 22:43:09Z" end-time="2025-12-20 22:43:09Z" duration="0.000151" asserts="0">
              <properties>
                <property name="retryIteration" value="0" />
                <property name="repeatIteration" value="0" />
              </properties>
            </test-case>
            <test-case id="1107" name="FindSourceNodes_ReturnsNodesWithNoIncomingEdges" fullname="KexGraph.Tests.GraphEdgeTests.FindSourceNodes_ReturnsNodesWithNoIncomingEdges" methodname="FindSourceNodes_ReturnsNodesWithNoIncomingEdges" classname="KexGraph.Tests.GraphEdgeTests" runstate="Runnable" seed="1349875703" result="Passed" start-time="2025-12-20 22:43:09Z" end-time="2025-12-20 22:43:09Z" duration="0.000269" asserts="0">
              <properties>
                <property name="retryIteration" value="0" />
                <property name="repeatIteration" value="0" />
              </properties>
            </test-case>
            <test-case id="1100" name="GetIncomingEdges_NodeWithIncomingEdges_ReturnsCorrectEdges" fullname="KexGraph.Tests.GraphEdgeTests.GetIncomingEdges_NodeWithIncomingEdges_ReturnsCorrectEdges" methodname="GetIncomingEdges_NodeWithIncomingEdges_ReturnsCorrectEdges" classname="KexGraph.Tests.GraphEdgeTests" runstate="Runnable" seed="1302640392" result="Passed" start-time="2025-12-20 22:43:09Z" end-time="2025-12-20 22:43:09Z" duration="0.000745" asserts="0">
              <properties>
                <property name="retryIteration" value="0" />
                <property name="repeatIteration" value="0" />
              </properties>
            </test-case>
            <test-case id="1101" name="GetIncomingEdges_NodeWithNoIncomingEdges_ReturnsEmptyArray" fullname="KexGraph.Tests.GraphEdgeTests.GetIncomingEdges_NodeWithNoIncomingEdges_ReturnsEmptyArray" methodname="GetIncomingEdges_NodeWithNoIncomingEdges_ReturnsEmptyArray" classname="KexGraph.Tests.GraphEdgeTests" runstate="Runnable" seed="1565823806" result="Passed" start-time="2025-12-20 22:43:09Z" end-time="2025-12-20 22:43:09Z" duration="0.000153" asserts="0">
              <properties>
                <property name="retryIteration" value="0" />
                <property name="repeatIteration" value="0" />
              </properties>
            </test-case>
            <test-case id="1099" name="GetOutgoingEdges_NodeWithNoOutgoingEdges_ReturnsEmptyArray" fullname="KexGraph.Tests.GraphEdgeTests.GetOutgoingEdges_NodeWithNoOutgoingEdges_ReturnsEmptyArray" methodname="GetOutgoingEdges_NodeWithNoOutgoingEdges_ReturnsEmptyArray" classname="KexGraph.Tests.GraphEdgeTests" runstate="Runnable" seed="520652071" result="Passed" start-time="2025-12-20 22:43:09Z" end-time="2025-12-20 22:43:09Z" duration="0.000554" asserts="0">
              <properties>
                <property name="retryIteration" value="0" />
                <property name="repeatIteration" value="0" />
              </properties>
            </test-case>
            <test-case id="1098" name="GetOutgoingEdges_NodeWithOutgoingEdges_ReturnsCorrectEdges" fullname="KexGraph.Tests.GraphEdgeTests.GetOutgoingEdges_NodeWithOutgoingEdges_ReturnsCorrectEdges" methodname="GetOutgoingEdges_NodeWithOutgoingEdges_ReturnsCorrectEdges" classname="KexGraph.Tests.GraphEdgeTests" runstate="Runnable" seed="505797124" result="Passed" start-time="2025-12-20 22:43:09Z" end-time="2025-12-20 22:43:09Z" duration="0.000295" asserts="0">
              <properties>
                <property name="retryIteration" value="0" />
                <property name="repeatIteration" value="0" />
              </properties>
            </test-case>
            <test-case id="1106" name="GetPredecessorNodes_NoIncomingEdges_ReturnsEmpty" fullname="KexGraph.Tests.GraphEdgeTests.GetPredecessorNodes_NoIncomingEdges_ReturnsEmpty" methodname="GetPredecessorNodes_NoIncomingEdges_ReturnsEmpty" classname="KexGraph.Tests.GraphEdgeTests" runstate="Runnable" seed="1495182388" result="Passed" start-time="2025-12-20 22:43:09Z" end-time="2025-12-20 22:43:09Z" duration="0.000588" asserts="0">
              <properties>
                <property name="retryIteration" value="0" />
                <property name="repeatIteration" value="0" />
              </properties>
            </test-case>
            <test-case id="1105" name="GetPredecessorNodes_ReturnsConnectedNodes" fullname="KexGraph.Tests.GraphEdgeTests.GetPredecessorNodes_ReturnsConnectedNodes" methodname="GetPredecessorNodes_ReturnsConnectedNodes" classname="KexGraph.Tests.GraphEdgeTests" runstate="Runnable" seed="103401299" result="Passed" start-time="2025-12-20 22:43:09Z" end-time="2025-12-20 22:43:09Z" duration="0.000256" asserts="0">
              <properties>
                <property name="retryIteration" value="0" />
                <property name="repeatIteration" value="0" />
              </properties>
            </test-case>
            <test-case id="1104" name="GetSuccessorNodes_MultipleEdgesToSameNode_ReturnsOnce" fullname="KexGraph.Tests.GraphEdgeTests.GetSuccessorNodes_MultipleEdgesToSameNode_ReturnsOnce" methodname="GetSuccessorNodes_MultipleEdgesToSameNode_ReturnsOnce" classname="KexGraph.Tests.GraphEdgeTests" runstate="Runnable" seed="801962371" result="Passed" start-time="2025-12-20 22:43:09Z" end-time="2025-12-20 22:43:09Z" duration="0.000707" asserts="0">
              <properties>
                <property name="retryIteration" value="0" />
                <property name="repeatIteration" value="0" />
              </properties>
            </test-case>
            <test-case id="1103" name="GetSuccessorNodes_NoOutgoingEdges_ReturnsEmpty" fullname="KexGraph.Tests.GraphEdgeTests.GetSuccessorNodes_NoOutgoingEdges_ReturnsEmpty" methodname="GetSuccessorNodes_NoOutgoingEdges_ReturnsEmpty" classname="KexGraph.Tests.GraphEdgeTests" runstate="Runnable" seed="861824984" result="Passed" start-time="2025-12-20 22:43:09Z" end-time="2025-12-20 22:43:09Z" duration="0.000155" asserts="0">
              <properties>
                <property name="retryIteration" value="0" />
                <property name="repeatIteration" value="0" />
              </properties>
            </test-case>
            <test-case id="1102" name="GetSuccessorNodes_ReturnsConnectedNodes" fullname="KexGraph.Tests.GraphEdgeTests.GetSuccessorNodes_ReturnsConnectedNodes" methodname="GetSuccessorNodes_ReturnsConnectedNodes" classname="KexGraph.Tests.GraphEdgeTests" runstate="Runnable" seed="1212184547" result="Passed" start-time="2025-12-20 22:43:09Z" end-time="2025-12-20 22:43:09Z" duration="0.000241" asserts="0">
              <properties>
                <property name="retryIteration" value="0" />
                <property name="repeatIteration" value="0" />
              </properties>
            </test-case>
            <test-case id="1095" name="RemoveEdge_DecreasesEdgeCount" fullname="KexGraph.Tests.GraphEdgeTests.RemoveEdge_DecreasesEdgeCount" methodname="RemoveEdge_DecreasesEdgeCount" classname="KexGraph.Tests.GraphEdgeTests" runstate="Runnable" seed="1652564600" result="Passed" start-time="2025-12-20 22:43:09Z" end-time="2025-12-20 22:43:09Z" duration="0.001005" asserts="0">
              <properties>
                <property name="retryIteration" value="0" />
                <property name="repeatIteration" value="0" />
              </properties>
            </test-case>
            <test-case id="1096" name="RemoveEdge_InvalidEdge_DoesNothing" fullname="KexGraph.Tests.GraphEdgeTests.RemoveEdge_InvalidEdge_DoesNothing" methodname="RemoveEdge_InvalidEdge_DoesNothing" classname="KexGraph.Tests.GraphEdgeTests" runstate="Runnable" seed="885122538" result="Passed" start-time="2025-12-20 22:43:09Z" end-time="2025-12-20 22:43:09Z" duration="0.000177" asserts="0">
              <properties>
                <property name="retryIteration" value="0" />
                <property name="repeatIteration" value="0" />
              </properties>
            </test-case>
            <test-case id="1097" name="RemoveEdge_MiddleEdge_MaintainsOtherEdges" fullname="KexGraph.Tests.GraphEdgeTests.RemoveEdge_MiddleEdge_MaintainsOtherEdges" methodname="RemoveEdge_MiddleEdge_MaintainsOtherEdges" classname="KexGraph.Tests.GraphEdgeTests" runstate="Runnable" seed="715216729" result="Passed" start-time="2025-12-20 22:43:09Z" end-time="2025-12-20 22:43:09Z" duration="0.000213" asserts="0">
              <properties>
                <property name="retryIteration" value="0" />
                <property name="repeatIteration" value="0" />
              </properties>
            </test-case>
          </test-suite>
          <test-suite type="TestFixture" id="1112" name="GraphNodeTests" fullname="KexGraph.Tests.GraphNodeTests" classname="KexGraph.Tests.GraphNodeTests" runstate="Runnable" testcasecount="9" result="Passed" start-time="2025-12-20 22:43:09Z" end-time="2025-12-20 22:43:09Z" duration="0.004544" total="9" passed="9" failed="0" inconclusive="0" skipped="0" asserts="0">
            <properties>
              <property name="Category" value="Unit" />
            </properties>
            <test-case id="1114" name="AddNode_GeneratesUniqueIds" fullname="KexGraph.Tests.GraphNodeTests.AddNode_GeneratesUniqueIds" methodname="AddNode_GeneratesUniqueIds" classname="KexGraph.Tests.GraphNodeTests" runstate="Runnable" seed="1031265169" result="Passed" start-time="2025-12-20 22:43:09Z" end-time="2025-12-20 22:43:09Z" duration="0.000159" asserts="0">
              <properties>
                <property name="retryIteration" value="0" />
                <property name="repeatIteration" value="0" />
              </properties>
            </test-case>
            <test-case id="1117" name="AddNode_StoresCorrectPosition" fullname="KexGraph.Tests.GraphNodeTests.AddNode_StoresCorrectPosition" methodname="AddNode_StoresCorrectPosition" classname="KexGraph.Tests.GraphNodeTests" runstate="Runnable" seed="427050830" result="Passed" start-time="2025-12-20 22:43:09Z" end-time="2025-12-20 22:43:09Z" duration="0.000786" asserts="0">
              <properties>
                <property name="retryIteration" value="0" />
                <property name="repeatIteration" value="0" />
              </properties>
            </test-case>
            <test-case id="1118" name="AddNode_StoresCorrectType" fullname="KexGraph.Tests.GraphNodeTests.AddNode_StoresCorrectType" methodname="AddNode_StoresCorrectType" classname="KexGraph.Tests.GraphNodeTests" runstate="Runnable" seed="1128496151" result="Passed" start-time="2025-12-20 22:43:09Z" end-time="2025-12-20 22:43:09Z" duration="0.000222" asserts="0">
              <properties>
                <property name="retryIteration" value="0" />
                <property name="repeatIteration" value="0" />
              </properties>
            </test-case>
            <test-case id="1113" name="AddNode_ValidData_IncreasesCount" fullname="KexGraph.Tests.GraphNodeTests.AddNode_ValidData_IncreasesCount" methodname="AddNode_ValidData_IncreasesCount" classname="KexGraph.Tests.GraphNodeTests" runstate="Runnable" seed="1319770146" result="Passed" start-time="2025-12-20 22:43:09Z" end-time="2025-12-20 22:43:09Z" duration="0.000160" asserts="0">
              <properties>
                <property name="retryIteration" value="0" />
                <property name="repeatIteration" value="0" />
              </properties>
            </test-case>
            <test-case id="1119" name="RemoveNode_DecreasesCount" fullname="KexGraph.Tests.GraphNodeTests.RemoveNode_DecreasesCount" methodname="RemoveNode_DecreasesCount" classname="KexGraph.Tests.GraphNodeTests" runstate="Runnable" seed="1470535892" result="Passed" start-time="2025-12-20 22:43:09Z" end-time="2025-12-20 22:43:09Z" duration="0.001164" asserts="0">
              <properties>
                <property name="retryIteration" value="0" />
                <property name="repeatIteration" value="0" />
              </properties>
            </test-case>
            <test-case id="1120" name="RemoveNode_MakesNodeUnfindable" fullname="KexGraph.Tests.GraphNodeTests.RemoveNode_MakesNodeUnfindable" methodname="RemoveNode_MakesNodeUnfindable" classname="KexGraph.Tests.GraphNodeTests" runstate="Runnable" seed="1897484159" result="Passed" start-time="2025-12-20 22:43:09Z" end-time="2025-12-20 22:43:09Z" duration="0.000134" asserts="0">
              <properties>
                <property name="retryIteration" value="0" />
                <property name="repeatIteration" value="0" />
              </properties>
            </test-case>
            <test-case id="1121" name="RemoveNode_MiddleNode_PreservesOtherNodes" fullname="KexGraph.Tests.GraphNodeTests.RemoveNode_MiddleNode_PreservesOtherNodes" methodname="RemoveNode_MiddleNode_PreservesOtherNodes" classname="KexGraph.Tests.GraphNodeTests" runstate="Runnable" seed="2013609817" result="Passed" start-time="2025-12-20 22:43:09Z" end-time="2025-12-20 22:43:09Z" duration="0.000200" asserts="0">
              <properties>
                <property name="retryIteration" value="0" />
                <property name="repeatIteration" value="0" />
              </properties>
            </test-case>
            <test-case id="1115" name="TryGetNodeIndex_ExistingNode_ReturnsTrue" fullname="KexGraph.Tests.GraphNodeTests.TryGetNodeIndex_ExistingNode_ReturnsTrue" methodname="TryGetNodeIndex_ExistingNode_ReturnsTrue" classname="KexGraph.Tests.GraphNodeTests" runstate="Runnable" seed="1864641128" result="Passed" start-time="2025-12-20 22:43:09Z" end-time="2025-12-20 22:43:09Z" duration="0.000155" asserts="0">
              <properties>
                <property name="retryIteration" value="0" />
                <property name="repeatIteration" value="0" />
              </properties>
            </test-case>
            <test-case id="1116" name="TryGetNodeIndex_NonexistentNode_ReturnsFalse" fullname="KexGraph.Tests.GraphNodeTests.TryGetNodeIndex_NonexistentNode_ReturnsFalse" methodname="TryGetNodeIndex_NonexistentNode_ReturnsFalse" classname="KexGraph.Tests.GraphNodeTests" runstate="Runnable" seed="2062391900" result="Passed" start-time="2025-12-20 22:43:09Z" end-time="2025-12-20 22:43:09Z" duration="0.000130" asserts="0">
              <properties>
                <property name="retryIteration" value="0" />
                <property name="repeatIteration" value="0" />
              </properties>
            </test-case>
          </test-suite>
          <test-suite type="TestFixture" id="1122" name="GraphPortTests" fullname="KexGraph.Tests.GraphPortTests" classname="KexGraph.Tests.GraphPortTests" runstate="Runnable" testcasecount="16" result="Passed" start-time="2025-12-20 22:43:09Z" end-time="2025-12-20 22:43:09Z" duration="0.008070" total="16" passed="16" failed="0" inconclusive="0" skipped="0" asserts="0">
            <properties>
              <property name="Category" value="Unit" />
            </properties>
            <test-case id="1124" name="AddInputPort_GeneratesUniqueIds" fullname="KexGraph.Tests.GraphPortTests.AddInputPort_GeneratesUniqueIds" methodname="AddInputPort_GeneratesUniqueIds" classname="KexGraph.Tests.GraphPortTests" runstate="Runnable" seed="735451228" result="Passed" start-time="2025-12-20 22:43:09Z" end-time="2025-12-20 22:43:09Z" duration="0.000162" asserts="0">
              <properties>
                <property name="retryIteration" value="0" />
                <property name="repeatIteration" value="0" />
              </properties>
            </test-case>
            <test-case id="1127" name="AddInputPort_MarksAsInput" fullname="KexGraph.Tests.GraphPortTests.AddInputPort_MarksAsInput" methodname="AddInputPort_MarksAsInput" classname="KexGraph.Tests.GraphPortTests" runstate="Runnable" seed="1165021264" result="Passed" start-time="2025-12-20 22:43:09Z" end-time="2025-12-20 22:43:09Z" duration="0.000603" asserts="0">
              <properties>
                <property name="retryIteration" value="0" />
                <property name="repeatIteration" value="0" />
              </properties>
            </test-case>
            <test-case id="1126" name="AddInputPort_StoresCorrectOwner" fullname="KexGraph.Tests.GraphPortTests.AddInputPort_StoresCorrectOwner" methodname="AddInputPort_StoresCorrectOwner" classname="KexGraph.Tests.GraphPortTests" runstate="Runnable" seed="908923764" result="Passed" start-time="2025-12-20 22:43:09Z" end-time="2025-12-20 22:43:09Z" duration="0.000221" asserts="0">
              <properties>
                <property name="retryIteration" value="0" />
                <property name="repeatIteration" value="0" />
              </properties>
            </test-case>
            <test-case id="1125" name="AddInputPort_StoresCorrectPortType" fullname="KexGraph.Tests.GraphPortTests.AddInputPort_StoresCorrectPortType" methodname="AddInputPort_StoresCorrectPortType" classname="KexGraph.Tests.GraphPortTests" runstate="Runnable" seed="1256903626" result="Passed" start-time="2025-12-20 22:43:09Z" end-time="2025-12-20 22:43:09Z" duration="0.000286" asserts="0">
              <properties>
                <property name="retryIteration" value="0" />
                <property name="repeatIteration" value="0" />
              </properties>
            </test-case>
            <test-case id="1128" name="AddInputPort_UpdatesNodeInputCount" fullname="KexGraph.Tests.GraphPortTests.AddInputPort_UpdatesNodeInputCount" methodname="AddInputPort_UpdatesNodeInputCount" classname="KexGraph.Tests.GraphPortTests" runstate="Runnable" seed="976834149" result="Passed" start-time="2025-12-20 22:43:09Z" end-time="2025-12-20 22:43:09Z" duration="0.000219" asserts="0">
              <properties>
                <property name="retryIteration" value="0" />
                <property name="repeatIteration" value="0" />
              </properties>
            </test-case>
            <test-case id="1123" name="AddInputPort_ValidNode_IncreasesPortCount" fullname="KexGraph.Tests.GraphPortTests.AddInputPort_ValidNode_IncreasesPortCount" methodname="AddInputPort_ValidNode_IncreasesPortCount" classname="KexGraph.Tests.GraphPortTests" runstate="Runnable" seed="1209305238" result="Passed" start-time="2025-12-20 22:43:09Z" end-time="2025-12-20 22:43:09Z" duration="0.000226" asserts="0">
              <properties>
                <property name="retryIteration" value="0" />
                <property name="repeatIteration" value="0" />
              </properties>
            </test-case>
            <test-case id="1130" name="AddOutputPort_MarksAsOutput" fullname="KexGraph.Tests.GraphPortTests.AddOutputPort_MarksAsOutput" methodname="AddOutputPort_MarksAsOutput" classname="KexGraph.Tests.GraphPortTests" runstate="Runnable" seed="677641676" result="Passed" start-time="2025-12-20 22:43:09Z" end-time="2025-12-20 22:43:09Z" duration="0.000210" asserts="0">
              <properties>
                <property name="retryIteration" value="0" />
                <property name="repeatIteration" value="0" />
              </properties>
            </test-case>
            <test-case id="1131" name="AddOutputPort_UpdatesNodeOutputCount" fullname="KexGraph.Tests.GraphPortTests.AddOutputPort_UpdatesNodeOutputCount" methodname="AddOutputPort_UpdatesNodeOutputCount" classname="KexGraph.Tests.GraphPortTests" runstate="Runnable" seed="757791181" result="Passed" start-time="2025-12-20 22:43:09Z" end-time="2025-12-20 22:43:09Z" duration="0.000216" asserts="0">
              <properties>
                <property name="retryIteration" value="0" />
                <property name="repeatIteration" value="0" />
              </properties>
            </test-case>
            <test-case id="1129" name="AddOutputPort_ValidNode_IncreasesPortCount" fullname="KexGraph.Tests.GraphPortTests.AddOutputPort_ValidNode_IncreasesPortCount" methodname="AddOutputPort_ValidNode_IncreasesPortCount" classname="KexGraph.Tests.GraphPortTests" runstate="Runnable" seed="1849363041" result="Passed" start-time="2025-12-20 22:43:09Z" end-time="2025-12-20 22:43:09Z" duration="0.000156" asserts="0">
              <properties>
                <property name="retryIteration" value="0" />
                <property name="repeatIteration" value="0" />
              </properties>
            </test-case>
            <test-case id="1132" name="GetInputPorts_NodeWithInputs_ReturnsCorrectPorts" fullname="KexGraph.Tests.GraphPortTests.GetInputPorts_NodeWithInputs_ReturnsCorrectPorts" methodname="GetInputPorts_NodeWithInputs_ReturnsCorrectPorts" classname="KexGraph.Tests.GraphPortTests" runstate="Runnable" seed="29797964" result="Passed" start-time="2025-12-20 22:43:09Z" end-time="2025-12-20 22:43:09Z" duration="0.000676" asserts="0">
              <properties>
                <property name="retryIteration" value="0" />
                <property name="repeatIteration" value="0" />
              </properties>
            </test-case>
            <test-case id="1133" name="GetInputPorts_NodeWithNoInputs_ReturnsEmptyArray" fullname="KexGraph.Tests.GraphPortTests.GetInputPorts_NodeWithNoInputs_ReturnsEmptyArray" methodname="GetInputPorts_NodeWithNoInputs_ReturnsEmptyArray" classname="KexGraph.Tests.GraphPortTests" runstate="Runnable" seed="1784221483" result="Passed" start-time="2025-12-20 22:43:09Z" end-time="2025-12-20 22:43:09Z" duration="0.000179" asserts="0">
              <properties>
                <property name="retryIteration" value="0" />
                <property name="repeatIteration" value="0" />
              </properties>
            </test-case>
            <test-case id="1135" name="GetOutputPorts_NodeWithNoOutputs_ReturnsEmptyArray" fullname="KexGraph.Tests.GraphPortTests.GetOutputPorts_NodeWithNoOutputs_ReturnsEmptyArray" methodname="GetOutputPorts_NodeWithNoOutputs_ReturnsEmptyArray" classname="KexGraph.Tests.GraphPortTests" runstate="Runnable" seed="1751593912" result="Passed" start-time="2025-12-20 22:43:09Z" end-time="2025-12-20 22:43:09Z" duration="0.000729" asserts="0">
              <properties>
                <property name="retryIteration" value="0" />
                <property name="repeatIteration" value="0" />
              </properties>
            </test-case>
            <test-case id="1134" name="GetOutputPorts_NodeWithOutputs_ReturnsCorrectPorts" fullname="KexGraph.Tests.GraphPortTests.GetOutputPorts_NodeWithOutputs_ReturnsCorrectPorts" methodname="GetOutputPorts_NodeWithOutputs_ReturnsCorrectPorts" classname="KexGraph.Tests.GraphPortTests" runstate="Runnable" seed="1247027166" result="Passed" start-time="2025-12-20 22:43:09Z" end-time="2025-12-20 22:43:09Z" duration="0.000242" asserts="0">
              <properties>
                <property name="retryIteration" value="0" />
                <property name="repeatIteration" value="0" />
              </properties>
            </test-case>
            <test-case id="1136" name="RemovePort_DecreasesPortCount" fullname="KexGraph.Tests.GraphPortTests.RemovePort_DecreasesPortCount" methodname="RemovePort_DecreasesPortCount" classname="KexGraph.Tests.GraphPortTests" runstate="Runnable" seed="662170008" result="Passed" start-time="2025-12-20 22:43:09Z" end-time="2025-12-20 22:43:09Z" duration="0.001406" asserts="0">
              <properties>
                <property name="retryIteration" value="0" />
                <property name="repeatIteration" value="0" />
              </properties>
            </test-case>
            <test-case id="1137" name="RemovePort_UpdatesNodeInputCount" fullname="KexGraph.Tests.GraphPortTests.RemovePort_UpdatesNodeInputCount" methodname="RemovePort_UpdatesNodeInputCount" classname="KexGraph.Tests.GraphPortTests" runstate="Runnable" seed="1085621171" result="Passed" start-time="2025-12-20 22:43:09Z" end-time="2025-12-20 22:43:09Z" duration="0.000240" asserts="0">
              <properties>
                <property name="retryIteration" value="0" />
                <property name="repeatIteration" value="0" />
              </properties>
            </test-case>
            <test-case id="1138" name="RemovePort_UpdatesNodeOutputCount" fullname="KexGraph.Tests.GraphPortTests.RemovePort_UpdatesNodeOutputCount" methodname="RemovePort_UpdatesNodeOutputCount" classname="KexGraph.Tests.GraphPortTests" runstate="Runnable" seed="910232296" result="Passed" start-time="2025-12-20 22:43:09Z" end-time="2025-12-20 22:43:09Z" duration="0.000220" asserts="0">
              <properties>
                <property name="retryIteration" value="0" />
                <property name="repeatIteration" value="0" />
              </properties>
            </test-case>
          </test-suite>
          <test-suite type="TestFixture" id="1139" name="GraphSerializationTests" fullname="KexGraph.Tests.GraphSerializationTests" classname="KexGraph.Tests.GraphSerializationTests" runstate="Runnable" testcasecount="13" result="Passed" start-time="2025-12-20 22:43:09Z" end-time="2025-12-20 22:43:09Z" duration="0.007079" total="13" passed="13" failed="0" inconclusive="0" skipped="0" asserts="0">
            <properties>
              <property name="Category" value="Unit" />
            </properties>
            <test-case id="1145" name="NextEdgeId_AfterAddingEdge_Increments" fullname="KexGraph.Tests.GraphSerializationTests.NextEdgeId_AfterAddingEdge_Increments" methodname="NextEdgeId_AfterAddingEdge_Increments" classname="KexGraph.Tests.GraphSerializationTests" runstate="Runnable" seed="163435370" result="Passed" start-time="2025-12-20 22:43:09Z" end-time="2025-12-20 22:43:09Z" duration="0.000158" asserts="0">
              <properties>
                <property name="retryIteration" value="0" />
                <property name="repeatIteration" value="0" />
              </properties>
            </test-case>
            <test-case id="1142" name="NextEdgeId_DefaultGraph_StartsAtOne" fullname="KexGraph.Tests.GraphSerializationTests.NextEdgeId_DefaultGraph_StartsAtOne" methodname="NextEdgeId_DefaultGraph_StartsAtOne" classname="KexGraph.Tests.GraphSerializationTests" runstate="Runnable" seed="1915241031" result="Passed" start-time="2025-12-20 22:43:09Z" end-time="2025-12-20 22:43:09Z" duration="0.000118" asserts="0">
              <properties>
                <property name="retryIteration" value="0" />
                <property name="repeatIteration" value="0" />
              </properties>
            </test-case>
            <test-case id="1143" name="NextNodeId_AfterAddingNode_Increments" fullname="KexGraph.Tests.GraphSerializationTests.NextNodeId_AfterAddingNode_Increments" methodname="NextNodeId_AfterAddingNode_Increments" classname="KexGraph.Tests.GraphSerializationTests" runstate="Runnable" seed="2096210792" result="Passed" start-time="2025-12-20 22:43:09Z" end-time="2025-12-20 22:43:09Z" duration="0.000130" asserts="0">
              <properties>
                <property name="retryIteration" value="0" />
                <property name="repeatIteration" value="0" />
              </properties>
            </test-case>
            <test-case id="1140" name="NextNodeId_DefaultGraph_StartsAtOne" fullname="KexGraph.Tests.GraphSerializationTests.NextNodeId_DefaultGraph_StartsAtOne" methodname="NextNodeId_DefaultGraph_StartsAtOne" classname="KexGraph.Tests.GraphSerializationTests" runstate="Runnable" seed="1828814693" result="Passed" start-time="2025-12-20 22:43:09Z" end-time="2025-12-20 22:43:09Z" duration="0.000116" asserts="0">
              <properties>
                <property name="retryIteration" value="0" />
                <property name="repeatIteration" value="0" />
              </properties>
            </test-case>
            <test-case id="1144" name="NextPortId_AfterAddingPort_Increments" fullname="KexGraph.Tests.GraphSerializationTests.NextPortId_AfterAddingPort_Increments" methodname="NextPortId_AfterAddingPort_Increments" classname="KexGraph.Tests.GraphSerializationTests" runstate="Runnable" seed="1853818494" result="Passed" start-time="2025-12-20 22:43:09Z" end-time="2025-12-20 22:43:09Z" duration="0.000127" asserts="0">
              <properties>
                <property name="retryIteration" value="0" />
                <property name="repeatIteration" value="0" />
              </properties>
            </test-case>
            <test-case id="1141" name="NextPortId_DefaultGraph_StartsAtOne" fullname="KexGraph.Tests.GraphSerializationTests.NextPortId_DefaultGraph_StartsAtOne" methodname="NextPortId_DefaultGraph_StartsAtOne" classname="KexGraph.Tests.GraphSerializationTests" runstate="Runnable" seed="1965050051" result="Passed" start-time="2025-12-20 22:43:09Z" end-time="2025-12-20 22:43:09Z" duration="0.000123" asserts="0">
              <properties>
                <property name="retryIteration" value="0" />
                <property name="repeatIteration" value="0" />
              </properties>
            </test-case>
            <test-case id="1152" name="RebuildIndexMaps_AfterNodeRemoval_CorrectIndices" fullname="KexGraph.Tests.GraphSerializationTests.RebuildIndexMaps_AfterNodeRemoval_CorrectIndices" methodname="RebuildIndexMaps_AfterNodeRemoval_CorrectIndices" classname="KexGraph.Tests.GraphSerializationTests" runstate="Runnable" seed="406821464" result="Passed" start-time="2025-12-20 22:43:09Z" end-time="2025-12-20 22:43:09Z" duration="0.001181" asserts="0">
              <properties>
                <property name="retryIteration" value="0" />
                <property name="repeatIteration" value="0" />
              </properties>
            </test-case>
            <test-case id="1151" name="RebuildIndexMaps_CalledMultipleTimes_Idempotent" fullname="KexGraph.Tests.GraphSerializationTests.RebuildIndexMaps_CalledMultipleTimes_Idempotent" methodname="RebuildIndexMaps_CalledMultipleTimes_Idempotent" classname="KexGraph.Tests.GraphSerializationTests" runstate="Runnable" seed="845231470" result="Passed" start-time="2025-12-20 22:43:09Z" end-time="2025-12-20 22:43:09Z" duration="0.000200" asserts="0">
              <properties>
                <property name="retryIteration" value="0" />
                <property name="repeatIteration" value="0" />
              </properties>
            </test-case>
            <test-case id="1146" name="RebuildIndexMaps_EmptyGraph_Succeeds" fullname="KexGraph.Tests.GraphSerializationTests.RebuildIndexMaps_EmptyGraph_Succeeds" methodname="RebuildIndexMaps_EmptyGraph_Succeeds" classname="KexGraph.Tests.GraphSerializationTests" runstate="Runnable" seed="585834983" result="Passed" start-time="2025-12-20 22:43:09Z" end-time="2025-12-20 22:43:09Z" duration="0.000144" asserts="0">
              <properties>
                <property name="retryIteration" value="0" />
                <property name="repeatIteration" value="0" />
              </properties>
            </test-case>
            <test-case id="1149" name="RebuildIndexMaps_FullGraph_RebuildsAllIndexMaps" fullname="KexGraph.Tests.GraphSerializationTests.RebuildIndexMaps_FullGraph_RebuildsAllIndexMaps" methodname="RebuildIndexMaps_FullGraph_RebuildsAllIndexMaps" classname="KexGraph.Tests.GraphSerializationTests" runstate="Runnable" seed="1067115457" result="Passed" start-time="2025-12-20 22:43:09Z" end-time="2025-12-20 22:43:09Z" duration="0.000191" asserts="0">
              <properties>
                <property name="retryIteration" value="0" />
                <property name="repeatIteration" value="0" />
              </properties>
            </test-case>
            <test-case id="1148" name="RebuildIndexMaps_NodesAndPorts_RebuildsPortIndexMap" fullname="KexGraph.Tests.GraphSerializationTests.RebuildIndexMaps_NodesAndPorts_RebuildsPortIndexMap" methodname="RebuildIndexMaps_NodesAndPorts_RebuildsPortIndexMap" classname="KexGraph.Tests.GraphSerializationTests" runstate="Runnable" seed="68082443" result="Passed" start-time="2025-12-20 22:43:09Z" end-time="2025-12-20 22:43:09Z" duration="0.000191" asserts="0">
              <properties>
                <property name="retryIteration" value="0" />
                <property name="repeatIteration" value="0" />
              </properties>
            </test-case>
            <test-case id="1147" name="RebuildIndexMaps_NodesOnly_RebuildsNodeIndexMap" fullname="KexGraph.Tests.GraphSerializationTests.RebuildIndexMaps_NodesOnly_RebuildsNodeIndexMap" methodname="RebuildIndexMaps_NodesOnly_RebuildsNodeIndexMap" classname="KexGraph.Tests.GraphSerializationTests" runstate="Runnable" seed="737315271" result="Passed" start-time="2025-12-20 22:43:09Z" end-time="2025-12-20 22:43:09Z" duration="0.000214" asserts="0">
              <properties>
                <property name="retryIteration" value="0" />
                <property name="repeatIteration" value="0" />
              </properties>
            </test-case>
            <test-case id="1150" name="SimulateRoundTrip_ComplexGraph_PreservesStructure" fullname="KexGraph.Tests.GraphSerializationTests.SimulateRoundTrip_ComplexGraph_PreservesStructure" methodname="SimulateRoundTrip_ComplexGraph_PreservesStructure" classname="KexGraph.Tests.GraphSerializationTests" runstate="Runnable" seed="239575726" result="Passed" start-time="2025-12-20 22:43:09Z" end-time="2025-12-20 22:43:09Z" duration="0.002530" asserts="0">
              <properties>
                <property name="retryIteration" value="0" />
                <property name="repeatIteration" value="0" />
              </properties>
            </test-case>
          </test-suite>
          <test-suite type="TestFixture" id="1153" name="GraphStructureTests" fullname="KexGraph.Tests.GraphStructureTests" classname="KexGraph.Tests.GraphStructureTests" runstate="Runnable" testcasecount="5" result="Passed" start-time="2025-12-20 22:43:09Z" end-time="2025-12-20 22:43:09Z" duration="0.001617" total="5" passed="5" failed="0" inconclusive="0" skipped="0" asserts="0">
            <properties>
              <property name="Category" value="Unit" />
            </properties>
            <test-case id="1154" name="Graph_Create_AllocatesLists" fullname="KexGraph.Tests.GraphStructureTests.Graph_Create_AllocatesLists" methodname="Graph_Create_AllocatesLists" classname="KexGraph.Tests.GraphStructureTests" runstate="Runnable" seed="1826199463" result="Passed" start-time="2025-12-20 22:43:09Z" end-time="2025-12-20 22:43:09Z" duration="0.000172" asserts="0">
              <properties>
                <property name="retryIteration" value="0" />
                <property name="repeatIteration" value="0" />
              </properties>
            </test-case>
            <test-case id="1155" name="Graph_Dispose_FreesMemory" fullname="KexGraph.Tests.GraphStructureTests.Graph_Dispose_FreesMemory" methodname="Graph_Dispose_FreesMemory" classname="KexGraph.Tests.GraphStructureTests" runstate="Runnable" seed="1782462071" result="Passed" start-time="2025-12-20 22:43:09Z" end-time="2025-12-20 22:43:09Z" duration="0.000140" asserts="0">
              <properties>
                <property name="retryIteration" value="0" />
                <property name="repeatIteration" value="0" />
              </properties>
            </test-case>
            <test-case id="1158" name="Graph_EdgeCount_ReturnsCorrectValue" fullname="KexGraph.Tests.GraphStructureTests.Graph_EdgeCount_ReturnsCorrectValue" methodname="Graph_EdgeCount_ReturnsCorrectValue" classname="KexGraph.Tests.GraphStructureTests" runstate="Runnable" seed="2105807416" result="Passed" start-time="2025-12-20 22:43:09Z" end-time="2025-12-20 22:43:09Z" duration="0.000118" asserts="0">
              <properties>
                <property name="retryIteration" value="0" />
                <property name="repeatIteration" value="0" />
              </properties>
            </test-case>
            <test-case id="1156" name="Graph_NodeCount_ReturnsCorrectValue" fullname="KexGraph.Tests.GraphStructureTests.Graph_NodeCount_ReturnsCorrectValue" methodname="Graph_NodeCount_ReturnsCorrectValue" classname="KexGraph.Tests.GraphStructureTests" runstate="Runnable" seed="503808458" result="Passed" start-time="2025-12-20 22:43:09Z" end-time="2025-12-20 22:43:09Z" duration="0.000116" asserts="0">
              <properties>
                <property name="retryIteration" value="0" />
                <property name="repeatIteration" value="0" />
              </properties>
            </test-case>
            <test-case id="1157" name="Graph_PortCount_ReturnsCorrectValue" fullname="KexGraph.Tests.GraphStructureTests.Graph_PortCount_ReturnsCorrectValue" methodname="Graph_PortCount_ReturnsCorrectValue" classname="KexGraph.Tests.GraphStructureTests" runstate="Runnable" seed="1413509288" result="Passed" start-time="2025-12-20 22:43:09Z" end-time="2025-12-20 22:43:09Z" duration="0.000112" asserts="0">
              <properties>
                <property name="retryIteration" value="0" />
                <property name="repeatIteration" value="0" />
              </properties>
            </test-case>
          </test-suite>
          <test-suite type="TestFixture" id="1159" name="GraphValidationTests" fullname="KexGraph.Tests.GraphValidationTests" classname="KexGraph.Tests.GraphValidationTests" runstate="Runnable" testcasecount="7" result="Passed" start-time="2025-12-20 22:43:09Z" end-time="2025-12-20 22:43:09Z" duration="0.003174" total="7" passed="7" failed="0" inconclusive="0" skipped="0" asserts="0">
            <properties>
              <property name="Category" value="Unit" />
            </properties>
            <test-case id="1165" name="HasCycle_ComplexCycle_ReturnsTrue" fullname="KexGraph.Tests.GraphValidationTests.HasCycle_ComplexCycle_ReturnsTrue" methodname="HasCycle_ComplexCycle_ReturnsTrue" classname="KexGraph.Tests.GraphValidationTests" runstate="Runnable" seed="1547305995" result="Passed" start-time="2025-12-20 22:43:09Z" end-time="2025-12-20 22:43:09Z" duration="0.001243" asserts="0">
              <properties>
                <property name="retryIteration" value="0" />
                <property name="repeatIteration" value="0" />
              </properties>
            </test-case>
            <test-case id="1166" name="HasCycle_DiamondShape_ReturnsFalse" fullname="KexGraph.Tests.GraphValidationTests.HasCycle_DiamondShape_ReturnsFalse" methodname="HasCycle_DiamondShape_ReturnsFalse" classname="KexGraph.Tests.GraphValidationTests" runstate="Runnable" seed="600098183" result="Passed" start-time="2025-12-20 22:43:09Z" end-time="2025-12-20 22:43:09Z" duration="0.000195" asserts="0">
              <properties>
                <property name="retryIteration" value="0" />
                <property name="repeatIteration" value="0" />
              </properties>
            </test-case>
            <test-case id="1160" name="HasCycle_EmptyGraph_ReturnsFalse" fullname="KexGraph.Tests.GraphValidationTests.HasCycle_EmptyGraph_ReturnsFalse" methodname="HasCycle_EmptyGraph_ReturnsFalse" classname="KexGraph.Tests.GraphValidationTests" runstate="Runnable" seed="23189524" result="Passed" start-time="2025-12-20 22:43:09Z" end-time="2025-12-20 22:43:09Z" duration="0.000113" asserts="0">
              <properties>
                <property name="retryIteration" value="0" />
                <property name="repeatIteration" value="0" />
              </properties>
            </test-case>
            <test-case id="1162" name="HasCycle_LinearChain_ReturnsFalse" fullname="KexGraph.Tests.GraphValidationTests.HasCycle_LinearChain_ReturnsFalse" methodname="HasCycle_LinearChain_ReturnsFalse" classname="KexGraph.Tests.GraphValidationTests" runstate="Runnable" seed="1641797795" result="Passed" start-time="2025-12-20 22:43:09Z" end-time="2025-12-20 22:43:09Z" duration="0.000165" asserts="0">
              <properties>
                <property name="retryIteration" value="0" />
                <property name="repeatIteration" value="0" />
              </properties>
            </test-case>
            <test-case id="1164" name="HasCycle_SelfLoop_ReturnsTrue" fullname="KexGraph.Tests.GraphValidationTests.HasCycle_SelfLoop_ReturnsTrue" methodname="HasCycle_SelfLoop_ReturnsTrue" classname="KexGraph.Tests.GraphValidationTests" runstate="Runnable" seed="1486445574" result="Passed" start-time="2025-12-20 22:43:09Z" end-time="2025-12-20 22:43:09Z" duration="0.000132" asserts="0">
              <properties>
                <property name="retryIteration" value="0" />
                <property name="repeatIteration" value="0" />
              </properties>
            </test-case>
            <test-case id="1163" name="HasCycle_SimpleCycle_ReturnsTrue" fullname="KexGraph.Tests.GraphValidationTests.HasCycle_SimpleCycle_ReturnsTrue" methodname="HasCycle_SimpleCycle_ReturnsTrue" classname="KexGraph.Tests.GraphValidationTests" runstate="Runnable" seed="1725903191" result="Passed" start-time="2025-12-20 22:43:09Z" end-time="2025-12-20 22:43:09Z" duration="0.000147" asserts="0">
              <properties>
                <property name="retryIteration" value="0" />
                <property name="repeatIteration" value="0" />
              </properties>
            </test-case>
            <test-case id="1161" name="HasCycle_SingleNode_ReturnsFalse" fullname="KexGraph.Tests.GraphValidationTests.HasCycle_SingleNode_ReturnsFalse" methodname="HasCycle_SingleNode_ReturnsFalse" classname="KexGraph.Tests.GraphValidationTests" runstate="Runnable" seed="1384649934" result="Passed" start-time="2025-12-20 22:43:09Z" end-time="2025-12-20 22:43:09Z" duration="0.000117" asserts="0">
              <properties>
                <property name="retryIteration" value="0" />
                <property name="repeatIteration" value="0" />
              </properties>
            </test-case>
          </test-suite>
        </test-suite>
      </test-suite>
      <test-suite type="TestSuite" id="1468" name="NodeGraph" fullname="NodeGraph" runstate="Runnable" testcasecount="31" result="Passed" start-time="2025-12-20 22:43:09Z" end-time="2025-12-20 22:43:09Z" duration="0.018163" total="31" passed="31" failed="0" inconclusive="0" skipped="0" asserts="0">
        <properties />
        <test-suite type="TestSuite" id="1469" name="Tests" fullname="NodeGraph.Tests" runstate="Runnable" testcasecount="31" result="Passed" start-time="2025-12-20 22:43:09Z" end-time="2025-12-20 22:43:09Z" duration="0.017615" total="31" passed="31" failed="0" inconclusive="0" skipped="0" asserts="0">
          <properties />
          <test-suite type="TestFixture" id="1051" name="ConnectionValidatorTests" fullname="NodeGraph.Tests.ConnectionValidatorTests" classname="NodeGraph.Tests.ConnectionValidatorTests" runstate="Runnable" testcasecount="11" result="Passed" start-time="2025-12-20 22:43:09Z" end-time="2025-12-20 22:43:09Z" duration="0.006875" total="11" passed="11" failed="0" inconclusive="0" skipped="0" asserts="0">
            <properties>
              <property name="Category" value="Unit" />
            </properties>
            <test-case id="1058" name="AddValidatedEdge_InvalidConnection_ReturnsZero" fullname="NodeGraph.Tests.ConnectionValidatorTests.AddValidatedEdge_InvalidConnection_ReturnsZero" methodname="AddValidatedEdge_InvalidConnection_ReturnsZero" classname="NodeGraph.Tests.ConnectionValidatorTests" runstate="Runnable" seed="670613335" result="Passed" start-time="2025-12-20 22:43:09Z" end-time="2025-12-20 22:43:09Z" duration="0.000901" asserts="0">
              <properties>
                <property name="retryIteration" value="0" />
                <property name="repeatIteration" value="0" />
              </properties>
            </test-case>
            <test-case id="1057" name="AddValidatedEdge_ValidConnection_CreatesEdge" fullname="NodeGraph.Tests.ConnectionValidatorTests.AddValidatedEdge_ValidConnection_CreatesEdge" methodname="AddValidatedEdge_ValidConnection_CreatesEdge" classname="NodeGraph.Tests.ConnectionValidatorTests" runstate="Runnable" seed="1403751334" result="Passed" start-time="2025-12-20 22:43:09Z" end-time="2025-12-20 22:43:09Z" duration="0.000327" asserts="0">
              <properties>
                <property name="retryIteration" value="0" />
                <property name="repeatIteration" value="0" />
              </properties>
            </test-case>
            <test-case id="1059" name="ValidateAllEdges_ValidGraph_ReturnsTrue" fullname="NodeGraph.Tests.ConnectionValidatorTests.ValidateAllEdges_ValidGraph_ReturnsTrue" methodname="ValidateAllEdges_ValidGraph_ReturnsTrue" classname="NodeGraph.Tests.ConnectionValidatorTests" runstate="Runnable" seed="176467664" result="Passed" start-time="2025-12-20 22:43:09Z" end-time="2025-12-20 22:43:09Z" duration="0.000972" asserts="0">
              <properties>
                <property name="retryIteration" value="0" />
                <property name="repeatIteration" value="0" />
              </properties>
            </test-case>
            <test-case id="1052" name="ValidateConnection_CompatiblePorts_ReturnsSuccess" fullname="NodeGraph.Tests.ConnectionValidatorTests.ValidateConnection_CompatiblePorts_ReturnsSuccess" methodname="ValidateConnection_CompatiblePorts_ReturnsSuccess" classname="NodeGraph.Tests.ConnectionValidatorTests" runstate="Runnable" seed="347720760" result="Passed" start-time="2025-12-20 22:43:09Z" end-time="2025-12-20 22:43:09Z" duration="0.001165" asserts="0">
              <properties>
                <property name="retryIteration" value="0" />
                <property name="repeatIteration" value="0" />
              </properties>
            </test-case>
            <test-case id="1053" name="ValidateConnection_IncompatibleTypes_ReturnsError" fullname="NodeGraph.Tests.ConnectionValidatorTests.ValidateConnection_IncompatibleTypes_ReturnsError" methodname="ValidateConnection_IncompatibleTypes_ReturnsError" classname="NodeGraph.Tests.ConnectionValidatorTests" runstate="Runnable" seed="127639705" result="Passed" start-time="2025-12-20 22:43:09Z" end-time="2025-12-20 22:43:09Z" duration="0.000306" asserts="0">
              <properties>
                <property name="retryIteration" value="0" />
                <property name="repeatIteration" value="0" />
              </properties>
            </test-case>
            <test-case id="1055" name="ValidateConnection_InputToOutput_ReturnsError" fullname="NodeGraph.Tests.ConnectionValidatorTests.ValidateConnection_InputToOutput_ReturnsError" methodname="ValidateConnection_InputToOutput_ReturnsError" classname="NodeGraph.Tests.ConnectionValidatorTests" runstate="Runnable" seed="270405149" result="Passed" start-time="2025-12-20 22:43:09Z" end-time="2025-12-20 22:43:09Z" duration="0.000281" asserts="0">
              <properties>
                <property name="retryIteration" value="0" />
                <property name="repeatIteration" value="0" />
              </properties>
            </test-case>
            <test-case id="1054" name="ValidateConnection_OutputToOutput_ReturnsError" fullname="NodeGraph.Tests.ConnectionValidatorTests.ValidateConnection_OutputToOutput_ReturnsError" methodname="ValidateConnection_OutputToOutput_ReturnsError" classname="NodeGraph.Tests.ConnectionValidatorTests" runstate="Runnable" seed="1030561724" result="Passed" start-time="2025-12-20 22:43:09Z" end-time="2025-12-20 22:43:09Z" duration="0.000281" asserts="0">
              <properties>
                <property name="retryIteration" value="0" />
                <property name="repeatIteration" value="0" />
              </properties>
            </test-case>
            <test-case id="1060" name="ValidateConnection_ScalarToScalarInput_ReturnsSuccess" fullname="NodeGraph.Tests.ConnectionValidatorTests.ValidateConnection_ScalarToScalarInput_ReturnsSuccess" methodname="ValidateConnection_ScalarToScalarInput_ReturnsSuccess" classname="NodeGraph.Tests.ConnectionValidatorTests" runstate="Runnable" seed="1501484385" result="Passed" start-time="2025-12-20 22:43:09Z" end-time="2025-12-20 22:43:09Z" duration="0.000307" asserts="0">
              <properties>
                <property name="retryIteration" value="0" />
                <property name="repeatIteration" value="0" />
              </properties>
            </test-case>
            <test-case id="1062" name="ValidateConnection_ScalarToVectorInput_ReturnsError" fullname="NodeGraph.Tests.ConnectionValidatorTests.ValidateConnection_ScalarToVectorInput_ReturnsError" methodname="ValidateConnection_ScalarToVectorInput_ReturnsError" classname="NodeGraph.Tests.ConnectionValidatorTests" runstate="Runnable" seed="1125020780" result="Passed" start-time="2025-12-20 22:43:09Z" end-time="2025-12-20 22:43:09Z" duration="0.000272" asserts="0">
              <properties>
                <property name="retryIteration" value="0" />
                <property name="repeatIteration" value="0" />
              </properties>
            </test-case>
            <test-case id="1056" name="ValidateConnection_SelfConnection_ReturnsError" fullname="NodeGraph.Tests.ConnectionValidatorTests.ValidateConnection_SelfConnection_ReturnsError" methodname="ValidateConnection_SelfConnection_ReturnsError" classname="NodeGraph.Tests.ConnectionValidatorTests" runstate="Runnable" seed="1262715197" result="Passed" start-time="2025-12-20 22:43:09Z" end-time="2025-12-20 22:43:09Z" duration="0.000255" asserts="0">
              <properties>
                <property name="retryIteration" value="0" />
                <property name="repeatIteration" value="0" />
              </properties>
            </test-case>
            <test-case id="1061" name="ValidateConnection_VectorToPositionInput_ReturnsSuccess" fullname="NodeGraph.Tests.ConnectionValidatorTests.ValidateConnection_VectorToPositionInput_ReturnsSuccess" methodname="ValidateConnection_VectorToPositionInput_ReturnsSuccess" classname="NodeGraph.Tests.ConnectionValidatorTests" runstate="Runnable" seed="441723363" result="Passed" start-time="2025-12-20 22:43:09Z" end-time="2025-12-20 22:43:09Z" duration="0.000289" asserts="0">
              <properties>
                <property name="retryIteration" value="0" />
                <property name="repeatIteration" value="0" />
              </properties>
            </test-case>
          </test-suite>
          <test-suite type="TestFixture" id="1063" name="PortDataTypeTests" fullname="NodeGraph.Tests.PortDataTypeTests" classname="NodeGraph.Tests.PortDataTypeTests" runstate="Runnable" testcasecount="8" result="Passed" start-time="2025-12-20 22:43:09Z" end-time="2025-12-20 22:43:09Z" duration="0.002943" total="8" passed="8" failed="0" inconclusive="0" skipped="0" asserts="0">
            <properties>
              <property name="Category" value="Unit" />
            </properties>
            <test-case id="1064" name="DataType_AnchorPort_ReturnsAnchor" fullname="NodeGraph.Tests.PortDataTypeTests.DataType_AnchorPort_ReturnsAnchor" methodname="DataType_AnchorPort_ReturnsAnchor" classname="NodeGraph.Tests.PortDataTypeTests" runstate="Runnable" seed="63551524" result="Passed" start-time="2025-12-20 22:43:09Z" end-time="2025-12-20 22:43:09Z" duration="0.000581" asserts="0">
              <properties>
                <property name="retryIteration" value="0" />
                <property name="repeatIteration" value="0" />
              </properties>
            </test-case>
            <test-case id="1068" name="DataType_GenericScalarPort_ReturnsScalar" fullname="NodeGraph.Tests.PortDataTypeTests.DataType_GenericScalarPort_ReturnsScalar" methodname="DataType_GenericScalarPort_ReturnsScalar" classname="NodeGraph.Tests.PortDataTypeTests" runstate="Runnable" seed="1511496399" result="Passed" start-time="2025-12-20 22:43:09Z" end-time="2025-12-20 22:43:09Z" duration="0.000103" asserts="0">
              <properties>
                <property name="retryIteration" value="0" />
                <property name="repeatIteration" value="0" />
              </properties>
            </test-case>
            <test-case id="1065" name="DataType_PathPort_ReturnsPath" fullname="NodeGraph.Tests.PortDataTypeTests.DataType_PathPort_ReturnsPath" methodname="DataType_PathPort_ReturnsPath" classname="NodeGraph.Tests.PortDataTypeTests" runstate="Runnable" seed="1147730830" result="Passed" start-time="2025-12-20 22:43:09Z" end-time="2025-12-20 22:43:09Z" duration="0.000097" asserts="0">
              <properties>
                <property name="retryIteration" value="0" />
                <property name="repeatIteration" value="0" />
              </properties>
            </test-case>
            <test-case id="1066" name="DataType_ScalarPorts_ReturnScalar" fullname="NodeGraph.Tests.PortDataTypeTests.DataType_ScalarPorts_ReturnScalar" methodname="DataType_ScalarPorts_ReturnScalar" classname="NodeGraph.Tests.PortDataTypeTests" runstate="Runnable" seed="1931896537" result="Passed" start-time="2025-12-20 22:43:09Z" end-time="2025-12-20 22:43:09Z" duration="0.000141" asserts="0">
              <properties>
                <property name="retryIteration" value="0" />
                <property name="repeatIteration" value="0" />
              </properties>
            </test-case>
            <test-case id="1067" name="DataType_VectorPorts_ReturnVector" fullname="NodeGraph.Tests.PortDataTypeTests.DataType_VectorPorts_ReturnVector" methodname="DataType_VectorPorts_ReturnVector" classname="NodeGraph.Tests.PortDataTypeTests" runstate="Runnable" seed="250836523" result="Passed" start-time="2025-12-20 22:43:09Z" end-time="2025-12-20 22:43:09Z" duration="0.000122" asserts="0">
              <properties>
                <property name="retryIteration" value="0" />
                <property name="repeatIteration" value="0" />
              </properties>
            </test-case>
            <test-case id="1069" name="DefaultValue_Duration_Returns5" fullname="NodeGraph.Tests.PortDataTypeTests.DefaultValue_Duration_Returns5" methodname="DefaultValue_Duration_Returns5" classname="NodeGraph.Tests.PortDataTypeTests" runstate="Runnable" seed="1915621606" result="Passed" start-time="2025-12-20 22:43:09Z" end-time="2025-12-20 22:43:09Z" duration="0.000524" asserts="0">
              <properties>
                <property name="retryIteration" value="0" />
                <property name="repeatIteration" value="0" />
              </properties>
            </test-case>
            <test-case id="1071" name="DefaultValue_StartEnd_Return0And1" fullname="NodeGraph.Tests.PortDataTypeTests.DefaultValue_StartEnd_Return0And1" methodname="DefaultValue_StartEnd_Return0And1" classname="NodeGraph.Tests.PortDataTypeTests" runstate="Runnable" seed="1493809687" result="Passed" start-time="2025-12-20 22:43:09Z" end-time="2025-12-20 22:43:09Z" duration="0.000119" asserts="0">
              <properties>
                <property name="retryIteration" value="0" />
                <property name="repeatIteration" value="0" />
              </properties>
            </test-case>
            <test-case id="1070" name="DefaultValue_Weights_Return0Point5" fullname="NodeGraph.Tests.PortDataTypeTests.DefaultValue_Weights_Return0Point5" methodname="DefaultValue_Weights_Return0Point5" classname="NodeGraph.Tests.PortDataTypeTests" runstate="Runnable" seed="314898864" result="Passed" start-time="2025-12-20 22:43:09Z" end-time="2025-12-20 22:43:09Z" duration="0.000108" asserts="0">
              <properties>
                <property name="retryIteration" value="0" />
                <property name="repeatIteration" value="0" />
              </properties>
            </test-case>
          </test-suite>
          <test-suite type="TestFixture" id="1038" name="TypedGraphTests" fullname="NodeGraph.Tests.TypedGraphTests" classname="NodeGraph.Tests.TypedGraphTests" runstate="Runnable" testcasecount="12" result="Passed" start-time="2025-12-20 22:43:09Z" end-time="2025-12-20 22:43:09Z" duration="0.007010" total="12" passed="12" failed="0" inconclusive="0" skipped="0" asserts="0">
            <properties>
              <property name="Category" value="Unit" />
            </properties>
[...]
            <properties>
              <property name="retryIteration" value="0" />
              <property name="repeatIteration" value="0" />
            </properties>
          </test-case>
          <test-suite type="ParameterizedMethod" id="1434" name="ToIndex_AllPropertiesForNodeType_AreUnique" fullname="Tests.PropertyIndexTests.ToIndex_AllPropertiesForNodeType_AreUnique" classname="Tests.PropertyIndexTests" runstate="Runnable" testcasecount="5" result="Passed" start-time="2025-12-20 22:43:14Z" end-time="2025-12-20 22:43:14Z" duration="0.001349" total="5" passed="5" failed="0" inconclusive="0" skipped="0" asserts="0">
            <properties />
            <test-case id="1429" name="ToIndex_AllPropertiesForNodeType_AreUnique(Force,7)" fullname="Tests.PropertyIndexTests.ToIndex_AllPropertiesForNodeType_AreUnique(Force,7)" methodname="ToIndex_AllPropertiesForNodeType_AreUnique" classname="Tests.PropertyIndexTests" runstate="Runnable" seed="582166961" result="Passed" start-time="2025-12-20 22:43:14Z" end-time="2025-12-20 22:43:14Z" duration="0.000266" asserts="0">
              <properties>
                <property name="retryIteration" value="0" />
                <property name="repeatIteration" value="0" />
              </properties>
            </test-case>
            <test-case id="1430" name="ToIndex_AllPropertiesForNodeType_AreUnique(Geometric,7)" fullname="Tests.PropertyIndexTests.ToIndex_AllPropertiesForNodeType_AreUnique(Geometric,7)" methodname="ToIndex_AllPropertiesForNodeType_AreUnique" classname="Tests.PropertyIndexTests" runstate="Runnable" seed="1944209752" result="Passed" start-time="2025-12-20 22:43:14Z" end-time="2025-12-20 22:43:14Z" duration="0.000099" asserts="0">
              <properties>
                <property name="retryIteration" value="0" />
                <property name="repeatIteration" value="0" />
              </properties>
            </test-case>
            <test-case id="1431" name="ToIndex_AllPropertiesForNodeType_AreUnique(Curved,5)" fullname="Tests.PropertyIndexTests.ToIndex_AllPropertiesForNodeType_AreUnique(Curved,5)" methodname="ToIndex_AllPropertiesForNodeType_AreUnique" classname="Tests.PropertyIndexTests" runstate="Runnable" seed="1150309331" result="Passed" start-time="2025-12-20 22:43:14Z" end-time="2025-12-20 22:43:14Z" duration="0.000077" asserts="0">
              <properties>
                <property name="retryIteration" value="0" />
                <property name="repeatIteration" value="0" />
              </properties>
            </test-case>
            <test-case id="1432" name="ToIndex_AllPropertiesForNodeType_AreUnique(CopyPath,4)" fullname="Tests.PropertyIndexTests.ToIndex_AllPropertiesForNodeType_AreUnique(CopyPath,4)" methodname="ToIndex_AllPropertiesForNodeType_AreUnique" classname="Tests.PropertyIndexTests" runstate="Runnable" seed="768442602" result="Passed" start-time="2025-12-20 22:43:14Z" end-time="2025-12-20 22:43:14Z" duration="0.000076" asserts="0">
              <properties>
                <property name="retryIteration" value="0" />
                <property name="repeatIteration" value="0" />
              </properties>
            </test-case>
            <test-case id="1433" name="ToIndex_AllPropertiesForNodeType_AreUnique(Bridge,5)" fullname="Tests.PropertyIndexTests.ToIndex_AllPropertiesForNodeType_AreUnique(Bridge,5)" methodname="ToIndex_AllPropertiesForNodeType_AreUnique" classname="Tests.PropertyIndexTests" runstate="Runnable" seed="717177836" result="Passed" start-time="2025-12-20 22:43:14Z" end-time="2025-12-20 22:43:14Z" duration="0.000072" asserts="0">
              <properties>
                <property name="retryIteration" value="0" />
                <property name="repeatIteration" value="0" />
              </properties>
            </test-case>
          </test-suite>
          <test-case id="1418" name="ToIndex_NormalForce_Force_Returns1" fullname="Tests.PropertyIndexTests.ToIndex_NormalForce_Force_Returns1" methodname="ToIndex_NormalForce_Force_Returns1" classname="Tests.PropertyIndexTests" runstate="Runnable" seed="1661044547" result="Passed" start-time="2025-12-20 22:43:14Z" end-time="2025-12-20 22:43:14Z" duration="0.000106" asserts="0">
            <properties>
              <property name="retryIteration" value="0" />
              <property name="repeatIteration" value="0" />
            </properties>
          </test-case>
          <test-case id="1419" name="ToIndex_PitchSpeed_Geometric_Returns1" fullname="Tests.PropertyIndexTests.ToIndex_PitchSpeed_Geometric_Returns1" methodname="ToIndex_PitchSpeed_Geometric_Returns1" classname="Tests.PropertyIndexTests" runstate="Runnable" seed="902402923" result="Passed" start-time="2025-12-20 22:43:14Z" end-time="2025-12-20 22:43:14Z" duration="0.000099" asserts="0">
            <properties>
              <property name="retryIteration" value="0" />
              <property name="repeatIteration" value="0" />
            </properties>
          </test-case>
        </test-suite>
        <test-suite type="TestFixture" id="1441" name="QuaternionEquivalenceTests" fullname="Tests.QuaternionEquivalenceTests" classname="Tests.QuaternionEquivalenceTests" runstate="Runnable" testcasecount="3" result="Passed" start-time="2025-12-20 22:43:14Z" end-time="2025-12-20 22:43:14Z" duration="0.007097" total="3" passed="3" failed="0" inconclusive="0" skipped="0" asserts="0">
          <properties>
            <property name="Category" value="Validation" />
          </properties>
          <test-case id="1444" name="CombinedRotation_ReproducesDrift" fullname="Tests.QuaternionEquivalenceTests.CombinedRotation_ReproducesDrift" methodname="CombinedRotation_ReproducesDrift" classname="Tests.QuaternionEquivalenceTests" runstate="Runnable" seed="328500630" result="Passed" start-time="2025-12-20 22:43:14Z" end-time="2025-12-20 22:43:14Z" duration="0.004782" asserts="0">
            <properties>
              <property name="retryIteration" value="0" />
              <property name="repeatIteration" value="0" />
            </properties>
            <output><![CDATA[Direction error: 0.000000e+000 (unity=float3(-0.0003f, 0.0005f, -0.9999998f), rust=float3(-0.0003f, 0.0005f, -0.9999998f))
Unity combined: (0.00025, 0.00015, 3.75E-08, 0.9999999)
Rust combined: (0.00025, 0.00015, 3.75E-08, 0.9999999)
]]></output>
          </test-case>
          <test-case id="1442" name="QuaternionMul_MatchesUnity" fullname="Tests.QuaternionEquivalenceTests.QuaternionMul_MatchesUnity" methodname="QuaternionMul_MatchesUnity" classname="Tests.QuaternionEquivalenceTests" runstate="Runnable" seed="927420614" result="Passed" start-time="2025-12-20 22:43:14Z" end-time="2025-12-20 22:43:14Z" duration="0.000855" asserts="0">
            <properties>
              <property name="retryIteration" value="0" />
              <property name="repeatIteration" value="0" />
            </properties>
          </test-case>
          <test-case id="1443" name="QuaternionMulVec_MatchesUnity" fullname="Tests.QuaternionEquivalenceTests.QuaternionMulVec_MatchesUnity" methodname="QuaternionMulVec_MatchesUnity" classname="Tests.QuaternionEquivalenceTests" runstate="Runnable" seed="1358368571" result="Passed" start-time="2025-12-20 22:43:14Z" end-time="2025-12-20 22:43:14Z" duration="0.000670" asserts="0">
            <properties>
              <property name="retryIteration" value="0" />
              <property name="repeatIteration" value="0" />
            </properties>
          </test-case>
        </test-suite>
        <test-suite type="TestFixture" id="1445" name="ReverseNodeTests" fullname="Tests.ReverseNodeTests" classname="Tests.ReverseNodeTests" runstate="Runnable" testcasecount="6" result="Passed" start-time="2025-12-20 22:43:14Z" end-time="2025-12-20 22:43:14Z" duration="0.002982" total="6" passed="6" failed="0" inconclusive="0" skipped="0" asserts="0">
          <properties />
          <test-case id="1451" name="Build_PreservesLateralForce" fullname="Tests.ReverseNodeTests.Build_PreservesLateralForce" methodname="Build_PreservesLateralForce" classname="Tests.ReverseNodeTests" runstate="Runnable" seed="461631014" result="Passed" start-time="2025-12-20 22:43:14Z" end-time="2025-12-20 22:43:14Z" duration="0.001271" asserts="0">
            <properties>
              <property name="retryIteration" value="0" />
              <property name="repeatIteration" value="0" />
            </properties>
          </test-case>
          <test-case id="1448" name="Build_PreservesNormal" fullname="Tests.ReverseNodeTests.Build_PreservesNormal" methodname="Build_PreservesNormal" classname="Tests.ReverseNodeTests" runstate="Runnable" seed="1387177158" result="Passed" start-time="2025-12-20 22:43:14Z" end-time="2025-12-20 22:43:14Z" duration="0.000152" asserts="0">
            <properties>
              <property name="retryIteration" value="0" />
              <property name="repeatIteration" value="0" />
            </properties>
          </test-case>
          <test-case id="1449" name="Build_PreservesPosition" fullname="Tests.ReverseNodeTests.Build_PreservesPosition" methodname="Build_PreservesPosition" classname="Tests.ReverseNodeTests" runstate="Runnable" seed="1294492872" result="Passed" start-time="2025-12-20 22:43:14Z" end-time="2025-12-20 22:43:14Z" duration="0.000137" asserts="0">
            <properties>
              <property name="retryIteration" value="0" />
              <property name="repeatIteration" value="0" />
            </properties>
          </test-case>
          <test-case id="1450" name="Build_PreservesVelocityAndEnergy" fullname="Tests.ReverseNodeTests.Build_PreservesVelocityAndEnergy" methodname="Build_PreservesVelocityAndEnergy" classname="Tests.ReverseNodeTests" runstate="Runnable" seed="1876896750" result="Passed" start-time="2025-12-20 22:43:14Z" end-time="2025-12-20 22:43:14Z" duration="0.000121" asserts="0">
            <properties>
              <property name="retryIteration" value="0" />
              <property name="repeatIteration" value="0" />
            </properties>
          </test-case>
          <test-case id="1446" name="Build_ReversesDirection" fullname="Tests.ReverseNodeTests.Build_ReversesDirection" methodname="Build_ReversesDirection" classname="Tests.ReverseNodeTests" runstate="Runnable" seed="834995267" result="Passed" start-time="2025-12-20 22:43:14Z" end-time="2025-12-20 22:43:14Z" duration="0.000159" asserts="0">
            <properties>
              <property name="retryIteration" value="0" />
              <property name="repeatIteration" value="0" />
            </properties>
          </test-case>
          <test-case id="1447" name="Build_ReversesLateral" fullname="Tests.ReverseNodeTests.Build_ReversesLateral" methodname="Build_ReversesLateral" classname="Tests.ReverseNodeTests" runstate="Runnable" seed="1948334904" result="Passed" start-time="2025-12-20 22:43:14Z" end-time="2025-12-20 22:43:14Z" duration="0.000142" asserts="0">
            <properties>
              <property name="retryIteration" value="0" />
              <property name="repeatIteration" value="0" />
            </properties>
          </test-case>
        </test-suite>
        <test-suite type="TestFixture" id="1452" name="ReversePathNodeTests" fullname="Tests.ReversePathNodeTests" classname="Tests.ReversePathNodeTests" runstate="Runnable" testcasecount="4" result="Passed" start-time="2025-12-20 22:43:14Z" end-time="2025-12-20 22:43:14Z" duration="0.004045" total="4" passed="4" failed="0" inconclusive="0" skipped="0" asserts="0">
          <properties />
          <test-case id="1453" name="Build_EmptyPath_ReturnsEmpty" fullname="Tests.ReversePathNodeTests.Build_EmptyPath_ReturnsEmpty" methodname="Build_EmptyPath_ReturnsEmpty" classname="Tests.ReversePathNodeTests" runstate="Runnable" seed="1629143476" result="Passed" start-time="2025-12-20 22:43:14Z" end-time="2025-12-20 22:43:14Z" duration="0.001160" asserts="0">
            <properties>
              <property name="retryIteration" value="0" />
              <property name="repeatIteration" value="0" />
            </properties>
          </test-case>
          <test-case id="1455" name="Build_MultiplePpoints_ReversesOrder" fullname="Tests.ReversePathNodeTests.Build_MultiplePpoints_ReversesOrder" methodname="Build_MultiplePpoints_ReversesOrder" classname="Tests.ReversePathNodeTests" runstate="Runnable" seed="1382940944" result="Passed" start-time="2025-12-20 22:43:14Z" end-time="2025-12-20 22:43:14Z" duration="0.000847" asserts="0">
            <properties>
              <property name="retryIteration" value="0" />
              <property name="repeatIteration" value="0" />
            </properties>
          </test-case>
          <test-case id="1456" name="Build_PreservesNormal" fullname="Tests.ReversePathNodeTests.Build_PreservesNormal" methodname="Build_PreservesNormal" classname="Tests.ReversePathNodeTests" runstate="Runnable" seed="1939913135" result="Passed" start-time="2025-12-20 22:43:14Z" end-time="2025-12-20 22:43:14Z" duration="0.000653" asserts="0">
            <properties>
              <property name="retryIteration" value="0" />
              <property name="repeatIteration" value="0" />
            </properties>
          </test-case>
          <test-case id="1454" name="Build_SinglePoint_ReversesOrientation" fullname="Tests.ReversePathNodeTests.Build_SinglePoint_ReversesOrientation" methodname="Build_SinglePoint_ReversesOrientation" classname="Tests.ReversePathNodeTests" runstate="Runnable" seed="1813261877" result="Passed" start-time="2025-12-20 22:43:14Z" end-time="2025-12-20 22:43:14Z" duration="0.000558" asserts="0">
            <properties>
              <property name="retryIteration" value="0" />
              <property name="repeatIteration" value="0" />
            </properties>
          </test-case>
        </test-suite>
        <test-suite type="TestFixture" id="1457" name="RustForceNodeValidationTests" fullname="Tests.RustForceNodeValidationTests" classname="Tests.RustForceNodeValidationTests" runstate="Runnable" testcasecount="3" result="Passed" start-time="2025-12-20 22:43:14Z" end-time="2025-12-20 22:43:14Z" duration="0.117706" total="3" passed="3" failed="0" inconclusive="0" skipped="0" asserts="0">
          <properties>
            <property name="Category" value="Validation" />
          </properties>
          <test-case id="1460" name="RustMatchesBurst_AllTypes_ForceSection" fullname="Tests.RustForceNodeValidationTests.RustMatchesBurst_AllTypes_ForceSection" methodname="RustMatchesBurst_AllTypes_ForceSection" classname="Tests.RustForceNodeValidationTests" runstate="Runnable" seed="11199426" result="Passed" start-time="2025-12-20 22:43:14Z" end-time="2025-12-20 22:43:14Z" duration="0.082073" asserts="0">
            <properties>
              <property name="retryIteration" value="0" />
              <property name="repeatIteration" value="0" />
            </properties>
          </test-case>
          <test-case id="1459" name="RustMatchesBurst_SimpleDistanceSection" fullname="Tests.RustForceNodeValidationTests.RustMatchesBurst_SimpleDistanceSection" methodname="RustMatchesBurst_SimpleDistanceSection" classname="Tests.RustForceNodeValidationTests" runstate="Runnable" seed="1623471245" result="Passed" start-time="2025-12-20 22:43:14Z" end-time="2025-12-20 22:43:14Z" duration="0.017103" asserts="0">
            <properties>
              <property name="retryIteration" value="0" />
              <property name="repeatIteration" value="0" />
            </properties>
          </test-case>
          <test-case id="1458" name="RustMatchesBurst_SimpleTimeSection" fullname="Tests.RustForceNodeValidationTests.RustMatchesBurst_SimpleTimeSection" methodname="RustMatchesBurst_SimpleTimeSection" classname="Tests.RustForceNodeValidationTests" runstate="Runnable" seed="1099839002" result="Passed" start-time="2025-12-20 22:43:14Z" end-time="2025-12-20 22:43:14Z" duration="0.017434" asserts="0">
            <properties>
              <property name="retryIteration" value="0" />
              <property name="repeatIteration" value="0" />
            </properties>
          </test-case>
        </test-suite>
      </test-suite>
      <test-suite type="TestFixture" id="1032" name="TrackMeshExporterTests" fullname="TrackMeshExporterTests" classname="TrackMeshExporterTests" runstate="Runnable" testcasecount="5" result="Passed" start-time="2025-12-20 22:43:14Z" end-time="2025-12-20 22:43:15Z" duration="1.155988" total="5" passed="5" failed="0" inconclusive="0" skipped="0" asserts="0">
        <properties />
        <test-case id="1033" name="BuildJob_TransformsDataCorrectly" fullname="TrackMeshExporterTests.BuildJob_TransformsDataCorrectly" methodname="BuildJob_TransformsDataCorrectly" classname="TrackMeshExporterTests" runstate="Runnable" seed="1949472625" result="Passed" start-time="2025-12-20 22:43:14Z" end-time="2025-12-20 22:43:14Z" duration="0.004950" asserts="0">
          <properties>
            <property name="retryIteration" value="0" />
            <property name="repeatIteration" value="0" />
          </properties>
        </test-case>
        <test-case id="1035" name="ObjWriter_HandlesMultipleMeshes" fullname="TrackMeshExporterTests.ObjWriter_HandlesMultipleMeshes" methodname="ObjWriter_HandlesMultipleMeshes" classname="TrackMeshExporterTests" runstate="Runnable" seed="1433571293" result="Passed" start-time="2025-12-20 22:43:14Z" end-time="2025-12-20 22:43:14Z" duration="0.023899" asserts="0">
          <properties>
            <property name="retryIteration" value="0" />
            <property name="repeatIteration" value="0" />
          </properties>
        </test-case>
        <test-case id="1036" name="ObjWriter_PerformanceWithLargeDataset" fullname="TrackMeshExporterTests.ObjWriter_PerformanceWithLargeDataset" methodname="ObjWriter_PerformanceWithLargeDataset" classname="TrackMeshExporterTests" runstate="Runnable" seed="611465001" result="Passed" start-time="2025-12-20 22:43:14Z" end-time="2025-12-20 22:43:15Z" duration="1.084357" asserts="0">
          <properties>
            <property name="retryIteration" value="0" />
            <property name="repeatIteration" value="0" />
          </properties>
          <output><![CDATA[Performance Test Results:
  Setup: 19ms (100 meshes, 100,000 vertices)
  String Building: 453ms (4.5ms per mesh)
  File Writing: 39ms
  Total Export: 492ms
  File size: 13577KB
]]></output>
        </test-case>
        <test-case id="1034" name="ObjWriter_ProducesValidObjFile" fullname="TrackMeshExporterTests.ObjWriter_ProducesValidObjFile" methodname="ObjWriter_ProducesValidObjFile" classname="TrackMeshExporterTests" runstate="Runnable" seed="1872566967" result="Passed" start-time="2025-12-20 22:43:15Z" end-time="2025-12-20 22:43:15Z" duration="0.014802" asserts="0">
          <properties>
            <property name="retryIteration" value="0" />
            <property name="repeatIteration" value="0" />
          </properties>
        </test-case>
        <test-case id="1037" name="UnsafePointerAccess_DoesNotCorruptMemory" fullname="TrackMeshExporterTests.UnsafePointerAccess_DoesNotCorruptMemory" methodname="UnsafePointerAccess_DoesNotCorruptMemory" classname="TrackMeshExporterTests" runstate="Runnable" seed="1251418589" result="Passed" start-time="2025-12-20 22:43:15Z" end-time="2025-12-20 22:43:15Z" duration="0.003425" asserts="0">
          <properties>
            <property name="retryIteration" value="0" />
            <property name="repeatIteration" value="0" />
          </properties>
          <output><![CDATA[Saving results to: C:/Users/dylan/AppData/LocalLow/IndividualKex/KexEdit\TestResults.xml
]]></output>
        </test-case>
      </test-suite>
    </test-suite>
  </test-suite>
</test-run>