<?xml version="1.0" encoding="utf-8"?>
<test-run id="2" testcasecount="25" result="Passed" total="25" passed="25" failed="0" inconclusive="0" skipped="0" asserts="0" engine-version="3.5.0.0" clr-version="4.0.30319.42000" start-time="2025-12-16 01:52:49Z" end-time="2025-12-16 01:52:49Z" duration="0.0775151">
  <test-suite type="TestSuite" id="1000" name="KexEdit" fullname="KexEdit" runstate="Runnable" testcasecount="3200" result="Passed" start-time="2025-12-16 01:52:49Z" end-time="2025-12-16 01:52:49Z" duration="0.077515" total="25" passed="25" failed="0" inconclusive="0" skipped="0" asserts="0">
    <properties>
      <property name="platform" value="EditMode" />
    </properties>
    <test-suite type="Assembly" id="1379" name="Tests.dll" fullname="C:/Users/dylan/Documents/Games/KexEdit/Library/ScriptAssemblies/Tests.dll" runstate="Runnable" testcasecount="335" result="Passed" start-time="2025-12-16 01:52:49Z" end-time="2025-12-16 01:52:49Z" duration="0.052232" total="25" passed="25" failed="0" inconclusive="0" skipped="0" asserts="0">
      <properties>
        <property name="_PID" value="20548" />
        <property name="_APPDOMAIN" value="Unity Child Domain" />
        <property name="platform" value="EditMode" />
        <property name="EditorOnly" value="True" />
      </properties>
      <test-suite type="TestSuite" id="1380" name="NodeGraph" fullname="NodeGraph" runstate="Runnable" testcasecount="25" result="Passed" start-time="2025-12-16 01:52:49Z" end-time="2025-12-16 01:52:49Z" duration="0.049672" total="25" passed="25" failed="0" inconclusive="0" skipped="0" asserts="0">
        <properties />
        <test-suite type="TestSuite" id="1381" name="Tests" fullname="NodeGraph.Tests" runstate="Runnable" testcasecount="25" result="Passed" start-time="2025-12-16 01:52:49Z" end-time="2025-12-16 01:52:49Z" duration="0.049017" total="25" passed="25" failed="0" inconclusive="0" skipped="0" asserts="0">
          <properties />
          <test-suite type="TestFixture" id="1029" name="ConnectionValidatorTests" fullname="NodeGraph.Tests.ConnectionValidatorTests" classname="NodeGraph.Tests.ConnectionValidatorTests" runstate="Runnable" testcasecount="8" result="Passed" start-time="2025-12-16 01:52:49Z" end-time="2025-12-16 01:52:49Z" duration="0.036429" total="8" passed="8" failed="0" inconclusive="0" skipped="0" asserts="0">
            <properties>
              <property name="Category" value="Unit" />
            </properties>
            <test-case id="1036" name="AddValidatedEdge_InvalidConnection_ReturnsZero" fullname="NodeGraph.Tests.ConnectionValidatorTests.AddValidatedEdge_InvalidConnection_ReturnsZero" methodname="AddValidatedEdge_InvalidConnection_ReturnsZero" classname="NodeGraph.Tests.ConnectionValidatorTests" runstate="Runnable" seed="1042957713" result="Passed" start-time="2025-12-16 01:52:49Z" end-time="2025-12-16 01:52:49Z" duration="0.020810" asserts="0">
              <properties>
                <property name="retryIteration" value="0" />
                <property name="repeatIteration" value="0" />
              </properties>
            </test-case>
            <test-case id="1035" name="AddValidatedEdge_ValidConnection_CreatesEdge" fullname="NodeGraph.Tests.ConnectionValidatorTests.AddValidatedEdge_ValidConnection_CreatesEdge" methodname="AddValidatedEdge_ValidConnection_CreatesEdge" classname="NodeGraph.Tests.ConnectionValidatorTests" runstate="Runnable" seed="1453667874" result="Passed" start-time="2025-12-16 01:52:49Z" end-time="2025-12-16 01:52:49Z" duration="0.000464" asserts="0">
              <properties>
                <property name="retryIteration" value="0" />
                <property name="repeatIteration" value="0" />
              </properties>
            </test-case>
            <test-case id="1037" name="ValidateAllEdges_ValidGraph_ReturnsTrue" fullname="NodeGraph.Tests.ConnectionValidatorTests.ValidateAllEdges_ValidGraph_ReturnsTrue" methodname="ValidateAllEdges_ValidGraph_ReturnsTrue" classname="NodeGraph.Tests.ConnectionValidatorTests" runstate="Runnable" seed="407310175" result="Passed" start-time="2025-12-16 01:52:49Z" end-time="2025-12-16 01:52:49Z" duration="0.001330" asserts="0">
              <properties>
                <property name="retryIteration" value="0" />
                <property name="repeatIteration" value="0" />
              </properties>
            </test-case>
            <test-case id="1030" name="ValidateConnection_CompatiblePorts_ReturnsSuccess" fullname="NodeGraph.Tests.ConnectionValidatorTests.ValidateConnection_CompatiblePorts_ReturnsSuccess" methodname="ValidateConnection_CompatiblePorts_ReturnsSuccess" classname="NodeGraph.Tests.ConnectionValidatorTests" runstate="Runnable" seed="1405591479" result="Passed" start-time="2025-12-16 01:52:49Z" end-time="2025-12-16 01:52:49Z" duration="0.001159" asserts="0">
              <properties>
                <property name="retryIteration" value="0" />
                <property name="repeatIteration" value="0" />
              </properties>
            </test-case>
            <test-case id="1031" name="ValidateConnection_IncompatibleTypes_ReturnsError" fullname="NodeGraph.Tests.ConnectionValidatorTests.ValidateConnection_IncompatibleTypes_ReturnsError" methodname="ValidateConnection_IncompatibleTypes_ReturnsError" classname="NodeGraph.Tests.ConnectionValidatorTests" runstate="Runnable" seed="1029534645" result="Passed" start-time="2025-12-16 01:52:49Z" end-time="2025-12-16 01:52:49Z" duration="0.000414" asserts="0">
              <properties>
                <property name="retryIteration" value="0" />
                <property name="repeatIteration" value="0" />
              </properties>
            </test-case>
            <test-case id="1033" name="ValidateConnection_InputToOutput_ReturnsError" fullname="NodeGraph.Tests.ConnectionValidatorTests.ValidateConnection_InputToOutput_ReturnsError" methodname="ValidateConnection_InputToOutput_ReturnsError" classname="NodeGraph.Tests.ConnectionValidatorTests" runstate="Runnable" seed="117998251" result="Passed" start-time="2025-12-16 01:52:49Z" end-time="2025-12-16 01:52:49Z" duration="0.000302" asserts="0">
              <properties>
                <property name="retryIteration" value="0" />
                <property name="repeatIteration" value="0" />
              </properties>
            </test-case>
            <test-case id="1032" name="ValidateConnection_OutputToOutput_ReturnsError" fullname="NodeGraph.Tests.ConnectionValidatorTests.ValidateConnection_OutputToOutput_ReturnsError" methodname="ValidateConnection_OutputToOutput_ReturnsError" classname="NodeGraph.Tests.ConnectionValidatorTests" runstate="Runnable" seed="394071581" result="Passed" start-time="2025-12-16 01:52:49Z" end-time="2025-12-16 01:52:49Z" duration="0.000278" asserts="0">
              <properties>
                <property name="retryIteration" value="0" />
                <property name="repeatIteration" value="0" />
              </properties>
            </test-case>
            <test-case id="1034" name="ValidateConnection_SelfConnection_ReturnsError" fullname="NodeGraph.Tests.ConnectionValidatorTests.ValidateConnection_SelfConnection_ReturnsError" methodname="ValidateConnection_SelfConnection_ReturnsError" classname="NodeGraph.Tests.ConnectionValidatorTests" runstate="Runnable" seed="688447428" result="Passed" start-time="2025-12-16 01:52:49Z" end-time="2025-12-16 01:52:49Z" duration="0.000259" asserts="0">
              <properties>
                <property name="retryIteration" value="0" />
                <property name="repeatIteration" value="0" />
              </properties>
            </test-case>
          </test-suite>
          <test-suite type="TestFixture" id="1038" name="PortDataTypeTests" fullname="NodeGraph.Tests.PortDataTypeTests" classname="NodeGraph.Tests.PortDataTypeTests" runstate="Runnable" testcasecount="7" result="Passed" start-time="2025-12-16 01:52:49Z" end-time="2025-12-16 01:52:49Z" duration="0.003515" total="7" passed="7" failed="0" inconclusive="0" skipped="0" asserts="0">
            <properties>
              <property name="Category" value="Unit" />
            </properties>
            <test-case id="1039" name="DataType_AnchorPort_ReturnsAnchor" fullname="NodeGraph.Tests.PortDataTypeTests.DataType_AnchorPort_ReturnsAnchor" methodname="DataType_AnchorPort_ReturnsAnchor" classname="NodeGraph.Tests.PortDataTypeTests" runstate="Runnable" seed="263771496" result="Passed" start-time="2025-12-16 01:52:49Z" end-time="2025-12-16 01:52:49Z" duration="0.000577" asserts="0">
              <properties>
                <property name="retryIteration" value="0" />
                <property name="repeatIteration" value="0" />
              </properties>
            </test-case>
            <test-case id="1040" name="DataType_PathPort_ReturnsPath" fullname="NodeGraph.Tests.PortDataTypeTests.DataType_PathPort_ReturnsPath" methodname="DataType_PathPort_ReturnsPath" classname="NodeGraph.Tests.PortDataTypeTests" runstate="Runnable" seed="1573804585" result="Passed" start-time="2025-12-16 01:52:49Z" end-time="2025-12-16 01:52:49Z" duration="0.000106" asserts="0">
              <properties>
                <property name="retryIteration" value="0" />
                <property name="repeatIteration" value="0" />
              </properties>
            </test-case>
            <test-case id="1041" name="DataType_ScalarPorts_ReturnScalar" fullname="NodeGraph.Tests.PortDataTypeTests.DataType_ScalarPorts_ReturnScalar" methodname="DataType_ScalarPorts_ReturnScalar" classname="NodeGraph.Tests.PortDataTypeTests" runstate="Runnable" seed="1977303733" result="Passed" start-time="2025-12-16 01:52:49Z" end-time="2025-12-16 01:52:49Z" duration="0.000122" asserts="0">
              <properties>
                <property name="retryIteration" value="0" />
                <property name="repeatIteration" value="0" />
              </properties>
            </test-case>
            <test-case id="1042" name="DataType_VectorPorts_ReturnVector" fullname="NodeGraph.Tests.PortDataTypeTests.DataType_VectorPorts_ReturnVector" methodname="DataType_VectorPorts_ReturnVector" classname="NodeGraph.Tests.PortDataTypeTests" runstate="Runnable" seed="830840187" result="Passed" start-time="2025-12-16 01:52:49Z" end-time="2025-12-16 01:52:49Z" duration="0.000113" asserts="0">
              <properties>
                <property name="retryIteration" value="0" />
                <property name="repeatIteration" value="0" />
              </properties>
            </test-case>
            <test-case id="1043" name="DefaultValue_Duration_Returns5" fullname="NodeGraph.Tests.PortDataTypeTests.DefaultValue_Duration_Returns5" methodname="DefaultValue_Duration_Returns5" classname="NodeGraph.Tests.PortDataTypeTests" runstate="Runnable" seed="124288574" result="Passed" start-time="2025-12-16 01:52:49Z" end-time="2025-12-16 01:52:49Z" duration="0.000917" asserts="0">
              <properties>
                <property name="retryIteration" value="0" />
                <property name="repeatIteration" value="0" />
              </properties>
            </test-case>
            <test-case id="1045" name="DefaultValue_StartEnd_Return0And1" fullname="NodeGraph.Tests.PortDataTypeTests.DefaultValue_StartEnd_Return0And1" methodname="DefaultValue_StartEnd_Return0And1" classname="NodeGraph.Tests.PortDataTypeTests" runstate="Runnable" seed="887624141" result="Passed" start-time="2025-12-16 01:52:49Z" end-time="2025-12-16 01:52:49Z" duration="0.000116" asserts="0">
              <properties>
                <property name="retryIteration" value="0" />
                <property name="repeatIteration" value="0" />
              </properties>
            </test-case>
            <test-case id="1044" name="DefaultValue_Weights_Return0Point5" fullname="NodeGraph.Tests.PortDataTypeTests.DefaultValue_Weights_Return0Point5" methodname="DefaultValue_Weights_Return0Point5" classname="NodeGraph.Tests.PortDataTypeTests" runstate="Runnable" seed="1211051104" result="Passed" start-time="2025-12-16 01:52:49Z" end-time="2025-12-16 01:52:49Z" duration="0.000108" asserts="0">
              <properties>
                <property name="retryIteration" value="0" />
                <property name="repeatIteration" value="0" />
              </properties>
            </test-case>
          </test-suite>
          <test-suite type="TestFixture" id="1018" name="TypedGraphTests" fullname="NodeGraph.Tests.TypedGraphTests" classname="NodeGraph.Tests.TypedGraphTests" runstate="Runnable" testcasecount="10" result="Passed" start-time="2025-12-16 01:52:49Z" end-time="2025-12-16 01:52:49Z" duration="0.007682" total="10" passed="10" failed="0" inconclusive="0" skipped="0" asserts="0">
            <properties>
              <property name="Category" value="Unit" />
            </properties>
            <test-case id="1021" name="CreateNode_Anchor_CreatesOneOutput" fullname="NodeGraph.Tests.TypedGraphTests.CreateNode_Anchor_CreatesOneOutput" methodname="CreateNode_Anchor_CreatesOneOutput" classname="NodeGraph.Tests.TypedGraphTests" runstate="Runnable" seed="446904819" result="Passed" start-time="2025-12-16 01:52:49Z" end-time="2025-12-16 01:52:49Z" duration="0.000329" asserts="0">
              <properties>
                <property name="retryIteration" value="0" />
                <property name="repeatIteration" value="0" />
              </properties>
            </test-case>
            <test-case id="1020" name="CreateNode_Curved_CreatesSixInputs" fullname="NodeGraph.Tests.TypedGraphTests.CreateNode_Curved_CreatesSixInputs" methodname="CreateNode_Curved_CreatesSixInputs" classname="NodeGraph.Tests.TypedGraphTests" runstate="Runnable" seed="633370310" result="Passed" start-time="2025-12-16 01:52:49Z" end-time="2025-12-16 01:52:49Z" duration="0.000169" asserts="0">
              <properties>
                <property name="retryIteration" value="0" />
                <property name="repeatIteration" value="0" />
              </properties>
            </test-case>
            <test-case id="1019" name="CreateNode_Force_CreatesCorrectPorts" fullname="NodeGraph.Tests.TypedGraphTests.CreateNode_Force_CreatesCorrectPorts" methodname="CreateNode_Force_CreatesCorrectPorts" classname="NodeGraph.Tests.TypedGraphTests" runstate="Runnable" seed="271163366" result="Passed" start-time="2025-12-16 01:52:49Z" end-time="2025-12-16 01:52:49Z" duration="0.000263" asserts="0">
              <properties>
                <property name="retryIteration" value="0" />
                <property name="repeatIteration" value="0" />
              </properties>
            </test-case>
            <test-case id="1028" name="RemoveNodeCascade_RemovesConnectedEdges" fullname="NodeGraph.Tests.TypedGraphTests.RemoveNodeCascade_RemovesConnectedEdges" methodname="RemoveNodeCascade_RemovesConnectedEdges" classname="NodeGraph.Tests.TypedGraphTests" runstate="Runnable" seed="2077755200" result="Passed" start-time="2025-12-16 01:52:49Z" end-time="2025-12-16 01:52:49Z" duration="0.001909" asserts="0">
              <properties>
                <property name="retryIteration" value="0" />
                <property name="repeatIteration" value="0" />
              </properties>
            </test-case>
            <test-case id="1027" name="RemoveNodeCascade_RemovesNodeAndPorts" fullname="NodeGraph.Tests.TypedGraphTests.RemoveNodeCascade_RemovesNodeAndPorts" methodname="RemoveNodeCascade_RemovesNodeAndPorts" classname="NodeGraph.Tests.TypedGraphTests" runstate="Runnable" seed="183914563" result="Passed" start-time="2025-12-16 01:52:49Z" end-time="2025-12-16 01:52:49Z" duration="0.000255" asserts="0">
              <properties>
                <property name="retryIteration" value="0" />
                <property name="repeatIteration" value="0" />
              </properties>
            </test-case>
            <test-case id="1024" name="TryGetInputPort_FindsAnchorPort" fullname="NodeGraph.Tests.TypedGraphTests.TryGetInputPort_FindsAnchorPort" methodname="TryGetInputPort_FindsAnchorPort" classname="NodeGraph.Tests.TypedGraphTests" runstate="Runnable" seed="1459799028" result="Passed" start-time="2025-12-16 01:52:49Z" end-time="2025-12-16 01:52:49Z" duration="0.000791" asserts="0">
              <properties>
                <property name="retryIteration" value="0" />
                <property name="repeatIteration" value="0" />
              </properties>
            </test-case>
            <test-case id="1025" name="TryGetInputPort_NonexistentType_ReturnsFalse" fullname="NodeGraph.Tests.TypedGraphTests.TryGetInputPort_NonexistentType_ReturnsFalse" methodname="TryGetInputPort_NonexistentType_ReturnsFalse" classname="NodeGraph.Tests.TypedGraphTests" runstate="Runnable" seed="1570912036" result="Passed" start-time="2025-12-16 01:52:49Z" end-time="2025-12-16 01:52:49Z" duration="0.000144" asserts="0">
              <properties>
                <property name="retryIteration" value="0" />
                <property name="repeatIteration" value="0" />
              </properties>
            </test-case>
            <test-case id="1022" name="TryGetNodeType_ReturnsCorrectType" fullname="NodeGraph.Tests.TypedGraphTests.TryGetNodeType_ReturnsCorrectType" methodname="TryGetNodeType_ReturnsCorrectType" classname="NodeGraph.Tests.TypedGraphTests" runstate="Runnable" seed="1129354670" result="Passed" start-time="2025-12-16 01:52:49Z" end-time="2025-12-16 01:52:49Z" duration="0.000701" asserts="0">
              <properties>
                <property name="retryIteration" value="0" />
                <property name="repeatIteration" value="0" />
              </properties>
            </test-case>
            <test-case id="1026" name="TryGetOutputPort_FindsPathPort" fullname="NodeGraph.Tests.TypedGraphTests.TryGetOutputPort_FindsPathPort" methodname="TryGetOutputPort_FindsPathPort" classname="NodeGraph.Tests.TypedGraphTests" runstate="Runnable" seed="50344071" result="Passed" start-time="2025-12-16 01:52:49Z" end-time="2025-12-16 01:52:49Z" duration="0.000732" asserts="0">
              <properties>
                <property name="retryIteration" value="0" />
                <property name="repeatIteration" value="0" />
              </properties>
            </test-case>
            <test-case id="1023" name="TryGetPortType_ReturnsCorrectType" fullname="NodeGraph.Tests.TypedGraphTests.TryGetPortType_ReturnsCorrectType" methodname="TryGetPortType_ReturnsCorrectType" classname="NodeGraph.Tests.TypedGraphTests" runstate="Runnable" seed="615438804" result="Passed" start-time="2025-12-16 01:52:49Z" end-time="2025-12-16 01:52:49Z" duration="0.000797" asserts="0">
              <properties>
                <property name="retryIteration" value="0" />
                <property name="repeatIteration" value="0" />
              </properties>
              <output><![CDATA[Saving results to: C:/Users/dylan/AppData/LocalLow/IndividualKex/KexEdit\TestResults.xml
]]></output>
            </test-case>
          </test-suite>
        </test-suite>
      </test-suite>
    </test-suite>
  </test-suite>
</test-run>