<?xml version="1.0" encoding="utf-8"?>
<test-run id="2" testcasecount="5" result="Passed" total="5" passed="5" failed="0" inconclusive="0" skipped="0" asserts="0" engine-version="3.5.0.0" clr-version="4.0.30319.42000" start-time="2026-01-10 03:18:36Z" end-time="2026-01-10 03:18:37Z" duration="1.0474061">
  <test-suite type="TestSuite" id="1000" name="KexEdit" fullname="KexEdit" runstate="Runnable" testcasecount="3385" result="Passed" start-time="2026-01-10 03:18:36Z" end-time="2026-01-10 03:18:37Z" duration="1.047406" total="5" passed="5" failed="0" inconclusive="0" skipped="0" asserts="0">
    <properties>
      <property name="platform" value="EditMode" />
    </properties>
    <test-suite type="Assembly" id="1594" name="Tests.dll" fullname="C:/Users/dylan/Documents/Games/KexEdit/Library/ScriptAssemblies/Tests.dll" runstate="Runnable" testcasecount="520" result="Passed" start-time="2026-01-10 03:18:36Z" end-time="2026-01-10 03:18:37Z" duration="1.019868" total="5" passed="5" failed="0" inconclusive="0" skipped="0" asserts="0">
      <properties>
        <property name="_PID" value="39916" />
        <property name="_APPDOMAIN" value="Unity Child Domain" />
        <property name="platform" value="EditMode" />
        <property name="EditorOnly" value="True" />
      </properties>
      <test-suite type="TestSuite" id="1604" name="Tests" fullname="Tests" runstate="Runnable" testcasecount="384" result="Passed" start-time="2026-01-10 03:18:36Z" end-time="2026-01-10 03:18:37Z" duration="1.016275" total="5" passed="5" failed="0" inconclusive="0" skipped="0" asserts="0">
        <properties />
        <test-suite type="TestFixture" id="1186" name="CoasterGoldTests" fullname="Tests.CoasterGoldTests" classname="Tests.CoasterGoldTests" runstate="Runnable" testcasecount="5" result="Passed" start-time="2026-01-10 03:18:36Z" end-time="2026-01-10 03:18:37Z" duration="1.012051" total="5" passed="5" failed="0" inconclusive="0" skipped="0" asserts="0">
          <properties>
            <property name="Category" value="Golden" />
          </properties>
          <test-case id="1190" name="AllTypes_BridgeSectionsOnly_MatchesGoldData" fullname="Tests.CoasterGoldTests.AllTypes_BridgeSectionsOnly_MatchesGoldData" methodname="AllTypes_BridgeSectionsOnly_MatchesGoldData" classname="Tests.CoasterGoldTests" runstate="Runnable" seed="1575383682" result="Passed" start-time="2026-01-10 03:18:36Z" end-time="2026-01-10 03:18:36Z" duration="0.135343" asserts="0">
            <properties>
              <property name="retryIteration" value="0" />
              <property name="repeatIteration" value="0" />
            </properties>
            <output><![CDATA[=== COASTER DIAGNOSTICS ===
Graph: 21 nodes, 24 edges
=== ALL NODES IN GRAPH ===
=== SCALARS DUMP (41 entries) ===
  Scalar[963443849464] = 47.2000
  Scalar[129542321666] = 0.0000
  Scalar[134573833731] = 0.7000
  Scalar[129542321667] = -1.0000
  Scalar[134573833730] = 0.6000
  Scalar[140362125825] = 0.0000
  Scalar[140362125826] = 0.0000
  Scalar[140362125827] = 0.3711
  Scalar[140362125828] = 10.0000
  Scalar[140362125829] = 1.1000
  Scalar[140362125830] = 0.0210
  Scalar[140362125831] = 0.0000
  Scalar[250606909954] = 0.3000
  Scalar[250606909955] = 0.3000
  Scalar[292723083778] = 0.0000
  Scalar[292723083779] = -1.0000
  Scalar[391038500355] = -1.0000
  Scalar[391038500354] = 0.0000
  Scalar[278777035512] = 3.2000
  Scalar[273520098040] = 4.9000
  Scalar[103062379256] = 2.7000
  Scalar[1081744211960] = 18.5000
  Scalar[57212723461] = 1.1000
  Scalar[57212723460] = 10.0000
  Scalar[57212723463] = 0.0000
  Scalar[57212723462] = 0.0210
  Scalar[57212723457] = -0.0304
  Scalar[57212723459] = -0.2220
  Scalar[1056816019448] = 29.2000
  Scalar[57212723458] = -0.0803
  Scalar[869971024376] = 3.9000
  Scalar[245413976835] = -1.0000
  Scalar[245413976834] = 0.0000
  Scalar[532930305016] = 18.0000
  Scalar[1009422707971] = 0.0000
  Scalar[1009422707970] = 0.0000
  Scalar[1009422707969] = 0.0000
  Scalar[1009422707975] = 0.0000
  Scalar[1009422707974] = 0.0210
  Scalar[1009422707973] = 1.1000
  Scalar[1009422707972] = 10.0000
  [0] id=1088972794 type=Force dur=3.2 no-vec no-vel
  [1] id=4128187575 type=Force dur=29.2 no-vec no-vel
  [2] id=2081759003 type=Force dur=18 no-vec no-vel
  [3] id=402587418 type=Force dur=2.7 no-vec no-vel
  [4] id=3398324313 type=Geometric dur=3.9 no-vec no-vel
  [5] id=1068437882 type=Geometric dur=4.9 no-vec no-vel
  [6] id=3763452536 type=Geometric dur=47.2 no-vec no-vel
  [7] id=4225563327 type=Geometric dur=18.5 no-vec no-vel
  [8] id=3943057453 type=Anchor no-dur no-vec vel-port=3399362681-no-scalar
  [9] id=548289554 type=Anchor no-dur no-vec vel-port=741197621-no-scalar
  [10] id=223487201 type=Anchor no-dur no-vec vel-port=1584921540-no-scalar
  [11] id=525679038 type=Bridge no-dur no-vec no-vel
  [12] id=978933242 type=Bridge no-dur no-vec no-vel
  [13] id=748544271 type=Reverse no-dur no-vec no-vel
  [14] id=1862095302 type=Reverse no-dur no-vec no-vel
  [15] id=1143449546 type=CopyPath no-dur no-vec no-vel
  [16] id=506024694 type=CopyPath no-dur no-vec no-vel
  [17] id=958648347 type=CopyPath no-dur no-vec no-vel
  [18] id=1527494142 type=CopyPath no-dur no-vec no-vel
  [19] id=2080741825 type=ReversePath no-dur no-vec no-vel
  [20] id=311072247 type=ReversePath no-dur no-vec no-vel
=== EDGES (24) ===
  Edge: node 3943057453 (port=2412495142) -> node 3398324313 (port=2962123871)
  Edge: node 3398324313 (port=2692189360) -> node 1068437882 (port=1480624814)
  Edge: node 2081759003 (port=959305938) -> node 4128187575 (port=2493289831)
  Edge: node 4128187575 (port=2579920942) -> node 4225563327 (port=3707806943)
  Edge: node 4225563327 (port=4053737568) -> node 3763452536 (port=4120058990)
  Edge: node 3763452536 (port=4085047698) -> node 525679038 (port=1764097772)
  Edge: node 223487201 (port=1694702241) -> node 525679038 (port=880120380)
  Edge: node 525679038 (port=357320551) -> node 958648347 (port=49893109)
  Edge: node 525679038 (port=485958676) -> node 958648347 (port=754098629)
  Edge: node 958648347 (port=2087697692) -> node 978933242 (port=1703894615)
  Edge: node 548289554 (port=375727787) -> node 978933242 (port=2136017453)
  Edge: node 506024694 (port=1866215305) -> node 1088972794 (port=1529567368)
  Edge: node 1088972794 (port=1145140870) -> node 1862095302 (port=1841461387)
  Edge: node 1862095302 (port=1567613988) -> node 402587418 (port=453269326)
  Edge: node 402587418 (port=932585045) -> node 2081759003 (port=184940493)
  Edge: node 311072247 (port=858466596) -> node 506024694 (port=1963698896)
  Edge: node 1143449546 (port=1357813512) -> node 506024694 (port=782401126)
  Edge: node 3398324313 (port=3087166484) -> node 311072247 (port=1277215123)
  Edge: node 748544271 (port=1239856845) -> node 1143449546 (port=2001271157)
  Edge: node 2080741825 (port=1015403562) -> node 1143449546 (port=1021337306)
  Edge: node 1068437882 (port=603678873) -> node 2080741825 (port=1960736154)
  Edge: node 1068437882 (port=674904489) -> node 748544271 (port=1553995962)
  Edge: node 978933242 (port=1206718633) -> node 1527494142 (port=1809925200)
  Edge: node 978933242 (port=2019972135) -> node 1527494142 (port=1321159574)
=== GOLD FIRST SECTION INPUT ANCHOR ===
  vel=4.2315 frictionOrig=269.3104 dir=(0.000,0.000,1.000)
Checking Bridge nodeId=525679038: 355 points (gold expects 355, gold duration=0 , cumulative offset=1994)
Bridge 525679038: target matches (actual=355 pts, gold=355 pts)
Checking Bridge nodeId=978933242: 176 points (gold expects 176, gold duration=0 , cumulative offset=2349)
Bridge 978933242: target matches (actual=176 pts, gold=176 pts)
Verified 2 Bridge sections
]]></output>
          </test-case>
          <test-case id="1189" name="AllTypes_LoadAndEvaluate_MatchesGoldData" fullname="Tests.CoasterGoldTests.AllTypes_LoadAndEvaluate_MatchesGoldData" methodname="AllTypes_LoadAndEvaluate_MatchesGoldData" classname="Tests.CoasterGoldTests" runstate="Runnable" seed="1166795322" result="Passed" start-time="2026-01-10 03:18:36Z" end-time="2026-01-10 03:18:37Z" duration="0.314664" asserts="0">
            <properties>
              <property name="retryIteration" value="0" />
              <property name="repeatIteration" value="0" />
            </properties>
            <output><![CDATA[=== COASTER DIAGNOSTICS ===
Graph: 21 nodes, 24 edges
=== ALL NODES IN GRAPH ===
=== SCALARS DUMP (41 entries) ===
  Scalar[963443849464] = 47.2000
  Scalar[129542321666] = 0.0000
  Scalar[134573833731] = 0.7000
  Scalar[129542321667] = -1.0000
  Scalar[134573833730] = 0.6000
  Scalar[140362125825] = 0.0000
  Scalar[140362125826] = 0.0000
  Scalar[140362125827] = 0.3711
  Scalar[140362125828] = 10.0000
  Scalar[140362125829] = 1.1000
  Scalar[140362125830] = 0.0210
  Scalar[140362125831] = 0.0000
  Scalar[250606909954] = 0.3000
  Scalar[250606909955] = 0.3000
  Scalar[292723083778] = 0.0000
  Scalar[292723083779] = -1.0000
  Scalar[391038500355] = -1.0000
  Scalar[391038500354] = 0.0000
  Scalar[278777035512] = 3.2000
  Scalar[273520098040] = 4.9000
  Scalar[103062379256] = 2.7000
  Scalar[1081744211960] = 18.5000
  Scalar[57212723461] = 1.1000
  Scalar[57212723460] = 10.0000
  Scalar[57212723463] = 0.0000
  Scalar[57212723462] = 0.0210
  Scalar[57212723457] = -0.0304
  Scalar[57212723459] = -0.2220
  Scalar[1056816019448] = 29.2000
  Scalar[57212723458] = -0.0803
  Scalar[869971024376] = 3.9000
  Scalar[245413976835] = -1.0000
  Scalar[245413976834] = 0.0000
  Scalar[532930305016] = 18.0000
  Scalar[1009422707971] = 0.0000
  Scalar[1009422707970] = 0.0000
  Scalar[1009422707969] = 0.0000
  Scalar[1009422707975] = 0.0000
  Scalar[1009422707974] = 0.0210
  Scalar[1009422707973] = 1.1000
  Scalar[1009422707972] = 10.0000
  [0] id=1088972794 type=Force dur=3.2 no-vec no-vel
  [1] id=4128187575 type=Force dur=29.2 no-vec no-vel
  [2] id=2081759003 type=Force dur=18 no-vec no-vel
  [3] id=402587418 type=Force dur=2.7 no-vec no-vel
  [4] id=3398324313 type=Geometric dur=3.9 no-vec no-vel
  [5] id=1068437882 type=Geometric dur=4.9 no-vec no-vel
  [6] id=3763452536 type=Geometric dur=47.2 no-vec no-vel
  [7] id=4225563327 type=Geometric dur=18.5 no-vec no-vel
  [8] id=3943057453 type=Anchor no-dur no-vec vel-port=3399362681-no-scalar
  [9] id=548289554 type=Anchor no-dur no-vec vel-port=741197621-no-scalar
  [10] id=223487201 type=Anchor no-dur no-vec vel-port=1584921540-no-scalar
  [11] id=525679038 type=Bridge no-dur no-vec no-vel
  [12] id=978933242 type=Bridge no-dur no-vec no-vel
  [13] id=748544271 type=Reverse no-dur no-vec no-vel
  [14] id=1862095302 type=Reverse no-dur no-vec no-vel
  [15] id=1143449546 type=CopyPath no-dur no-vec no-vel
  [16] id=506024694 type=CopyPath no-dur no-vec no-vel
  [17] id=958648347 type=CopyPath no-dur no-vec no-vel
  [18] id=1527494142 type=CopyPath no-dur no-vec no-vel
  [19] id=2080741825 type=ReversePath no-dur no-vec no-vel
  [20] id=311072247 type=ReversePath no-dur no-vec no-vel
=== EDGES (24) ===
  Edge: node 3943057453 (port=2412495142) -> node 3398324313 (port=2962123871)
  Edge: node 3398324313 (port=2692189360) -> node 1068437882 (port=1480624814)
  Edge: node 2081759003 (port=959305938) -> node 4128187575 (port=2493289831)
  Edge: node 4128187575 (port=2579920942) -> node 4225563327 (port=3707806943)
  Edge: node 4225563327 (port=4053737568) -> node 3763452536 (port=4120058990)
  Edge: node 3763452536 (port=4085047698) -> node 525679038 (port=1764097772)
  Edge: node 223487201 (port=1694702241) -> node 525679038 (port=880120380)
  Edge: node 525679038 (port=357320551) -> node 958648347 (port=49893109)
  Edge: node 525679038 (port=485958676) -> node 958648347 (port=754098629)
  Edge: node 958648347 (port=2087697692) -> node 978933242 (port=1703894615)
  Edge: node 548289554 (port=375727787) -> node 978933242 (port=2136017453)
  Edge: node 506024694 (port=1866215305) -> node 1088972794 (port=1529567368)
  Edge: node 1088972794 (port=1145140870) -> node 1862095302 (port=1841461387)
  Edge: node 1862095302 (port=1567613988) -> node 402587418 (port=453269326)
  Edge: node 402587418 (port=932585045) -> node 2081759003 (port=184940493)
  Edge: node 311072247 (port=858466596) -> node 506024694 (port=1963698896)
  Edge: node 1143449546 (port=1357813512) -> node 506024694 (port=782401126)
  Edge: node 3398324313 (port=3087166484) -> node 311072247 (port=1277215123)
  Edge: node 748544271 (port=1239856845) -> node 1143449546 (port=2001271157)
  Edge: node 2080741825 (port=1015403562) -> node 1143449546 (port=1021337306)
  Edge: node 1068437882 (port=603678873) -> node 2080741825 (port=1960736154)
  Edge: node 1068437882 (port=674904489) -> node 748544271 (port=1553995962)
  Edge: node 978933242 (port=1206718633) -> node 1527494142 (port=1809925200)
  Edge: node 978933242 (port=2019972135) -> node 1527494142 (port=1321159574)
=== GOLD FIRST SECTION INPUT ANCHOR ===
  vel=4.2315 frictionOrig=269.3104 dir=(0.000,0.000,1.000)
Checking ForceSection nodeId=1088972794: 320 points (gold expects 320, gold duration=3.2 Time, cumulative offset=0, afterBridge=False)
=== DRIFT ANALYSIS (offset=0) ===
First divergence at index -1
Max drift 0 at index 0
=== FIRST 20 POINTS ===
    [0] Pos: (-0.000002, 2.999993, 0.000023) vs (-0.000002, 2.999993, 0.000023)
    [0] Vel: 4.231463 vs 4.231463, diff=0
    [0] HeartArc: 265.543500 vs 265.543500
    [1] Pos: (-0.000098, 2.999999, 0.041999) vs (-0.000098, 2.999999, 0.041999)
    [1] Vel: 4.229378 vs 4.229378, diff=0
    [1] HeartArc: 265.585500 vs 265.585500
    [2] Pos: (-0.000389, 3.000017, 0.084042) vs (-0.000389, 3.000017, 0.084042)
    [2] Vel: 4.227256 vs 4.227256, diff=0
    [2] HeartArc: 265.627600 vs 265.627600
    [3] Pos: (-0.000872, 3.000045, 0.126064) vs (-0.000872, 3.000045, 0.126064)
    [3] Vel: 4.225101 vs 4.225101, diff=0
    [3] HeartArc: 265.669600 vs 265.669600
    [4] Pos: (-0.001544, 3.000084, 0.168063) vs (-0.001544, 3.000084, 0.168063)
    [4] Vel: 4.222914 vs 4.222914, diff=0
    [4] HeartArc: 265.711600 vs 265.711600
    [5] Pos: (-0.002404, 3.000133, 0.210039) vs (-0.002404, 3.000133, 0.210039)
    [5] Vel: 4.220692 vs 4.220692, diff=0
    [5] HeartArc: 265.753600 vs 265.753600
    [6] Pos: (-0.003450, 3.000193, 0.251990) vs (-0.003450, 3.000193, 0.251990)
    [6] Vel: 4.218435 vs 4.218435, diff=0
    [6] HeartArc: 265.795500 vs 265.795500
    [7] Pos: (-0.004680, 3.000264, 0.293916) vs (-0.004680, 3.000264, 0.293916)
    [7] Vel: 4.216143 vs 4.216143, diff=0
    [7] HeartArc: 265.837500 vs 265.837500
    [8] Pos: (-0.006091, 3.000346, 0.335817) vs (-0.006091, 3.000346, 0.335817)
    [8] Vel: 4.213815 vs 4.213815, diff=0
    [8] HeartArc: 265.879400 vs 265.879400
    [9] Pos: (-0.007681, 3.000441, 0.377692) vs (-0.007681, 3.000441, 0.377692)
    [9] Vel: 4.211451 vs 4.211451, diff=0
    [9] HeartArc: 265.921300 vs 265.921300
    [10] Pos: (-0.009449, 3.000546, 0.419539) vs (-0.009449, 3.000546, 0.419539)
    [10] Vel: 4.209049 vs 4.209049, diff=0
    [10] HeartArc: 265.963200 vs 265.963200
    [11] Pos: (-0.011392, 3.000664, 0.461359) vs (-0.011392, 3.000664, 0.461359)
    [11] Vel: 4.206610 vs 4.206610, diff=0
    [11] HeartArc: 266.005000 vs 266.005000
    [12] Pos: (-0.013508, 3.000794, 0.503151) vs (-0.013508, 3.000794, 0.503151)
    [12] Vel: 4.204133 vs 4.204133, diff=0
    [12] HeartArc: 266.046900 vs 266.046900
    [13] Pos: (-0.015796, 3.000937, 0.544913) vs (-0.015796, 3.000937, 0.544913)
    [13] Vel: 4.201618 vs 4.201618, diff=0
    [13] HeartArc: 266.088700 vs 266.088700
    [14] Pos: (-0.018253, 3.001091, 0.586646) vs (-0.018253, 3.001091, 0.586646)
    [14] Vel: 4.199066 vs 4.199066, diff=0
    [14] HeartArc: 266.130500 vs 266.130500
    [15] Pos: (-0.020877, 3.001258, 0.628349) vs (-0.020877, 3.001258, 0.628349)
    [15] Vel: 4.196475 vs 4.196475, diff=0
    [15] HeartArc: 266.172300 vs 266.172300
    [16] Pos: (-0.023666, 3.001437, 0.670022) vs (-0.023666, 3.001437, 0.670022)
    [16] Vel: 4.193845 vs 4.193845, diff=0
    [16] HeartArc: 266.214100 vs 266.214100
    [17] Pos: (-0.026618, 3.001628, 0.711663) vs (-0.026618, 3.001628, 0.711663)
    [17] Vel: 4.191177 vs 4.191177, diff=0
    [17] HeartArc: 266.255800 vs 266.255800
    [18] Pos: (-0.029731, 3.001832, 0.753273) vs (-0.029731, 3.001832, 0.753273)
    [18] Vel: 4.188470 vs 4.188470, diff=0
    [18] HeartArc: 266.297500 vs 266.297500
    [19] Pos: (-0.033003, 3.002049, 0.794850) vs (-0.033003, 3.002049, 0.794850)
    [19] Vel: 4.185724 vs 4.185724, diff=0
    [19] HeartArc: 266.339300 vs 266.339300
=== SAMPLE POINTS ===
    [50] Pos: (-0.202316, 3.013870, 2.065958) vs (-0.202316, 3.013870, 2.065958)
    [50] Vel: 4.083657 vs 4.083657, diff=0
    [50] HeartArc: 267.622100 vs 267.622100
    [100] Pos: (-0.647360, 3.025229, 4.046704) vs (-0.647360, 3.025229, 4.046704)
    [100] Vel: 3.917004 vs 3.917004, diff=0
    [100] HeartArc: 269.652800 vs 269.652800
    [200] Pos: (-1.416058, 2.696412, 8.055804) vs (-1.416058, 2.696412, 8.055804)
    [200] Vel: 4.348446 vs 4.348446, diff=0
    [200] HeartArc: 273.758300 vs 273.758300
Checking ForceSection nodeId=4128187575: 193 points (gold expects 193, gold duration=29.2 Distance, cumulative offset=320, afterBridge=False)
=== DRIFT ANALYSIS (offset=320) ===
First divergence at index -1
Max drift 0 at index 0
=== FIRST 20 POINTS ===
    [0] Pos: (2.731439, 9.804610, -63.966850) vs (2.731439, 9.804610, -63.966850)
    [0] Vel: 30.221490 vs 30.221490, diff=0
    [0] HeartArc: 359.256400 vs 359.256400
    [1] Pos: (2.740287, 9.772656, -64.265590) vs (2.740287, 9.772656, -64.265590)
    [1] Vel: 30.209840 vs 30.209840, diff=0
    [1] HeartArc: 359.557000 vs 359.557000
    [2] Pos: (2.749751, 9.740829, -64.564090) vs (2.749751, 9.740829, -64.564090)
    [2] Vel: 30.184840 vs 30.184840, diff=0
    [2] HeartArc: 359.857300 vs 359.857300
    [3] Pos: (2.759816, 9.709151, -64.862190) vs (2.759816, 9.709151, -64.862190)
    [3] Vel: 30.143430 vs 30.143430, diff=0
    [3] HeartArc: 360.157300 vs 360.157300
    [4] Pos: (2.770461, 9.677647, -65.159730) vs (2.770461, 9.677647, -65.159730)
    [4] Vel: 30.085870 vs 30.085870, diff=0
    [4] HeartArc: 360.456700 vs 360.456700
    [5] Pos: (2.781665, 9.646340, -65.456550) vs (2.781665, 9.646340, -65.456550)
    [5] Vel: 30.012470 vs 30.012470, diff=0
    [5] HeartArc: 360.755300 vs 360.755300
    [6] Pos: (2.793408, 9.615255, -65.752500) vs (2.793408, 9.615255, -65.752500)
    [6] Vel: 29.923600 vs 29.923600, diff=0
    [6] HeartArc: 361.053200 vs 361.053200
    [7] Pos: (2.805669, 9.584414, -66.047420) vs (2.805669, 9.584414, -66.047420)
    [7] Vel: 29.819640 vs 29.819640, diff=0
    [7] HeartArc: 361.349900 vs 361.349900
    [8] Pos: (2.818425, 9.553835, -66.341170) vs (2.818425, 9.553835, -66.341170)
    [8] Vel: 29.701090 vs 29.701090, diff=0
    [8] HeartArc: 361.645600 vs 361.645600
    [9] Pos: (2.831655, 9.523540, -66.633610) vs (2.831655, 9.523540, -66.633610)
    [9] Vel: 29.568380 vs 29.568380, diff=0
    [9] HeartArc: 361.939900 vs 361.939900
    [10] Pos: (2.845336, 9.493549, -66.924610) vs (2.845336, 9.493549, -66.924610)
    [10] Vel: 29.422030 vs 29.422030, diff=0
    [10] HeartArc: 362.232700 vs 362.232700
    [11] Pos: (2.859447, 9.463881, -67.214010) vs (2.859447, 9.463881, -67.214010)
    [11] Vel: 29.262580 vs 29.262580, diff=0
    [11] HeartArc: 362.524000 vs 362.524000
    [12] Pos: (2.873964, 9.434552, -67.501720) vs (2.873964, 9.434552, -67.501720)
    [12] Vel: 29.090610 vs 29.090610, diff=0
    [12] HeartArc: 362.813500 vs 362.813500
    [13] Pos: (2.888866, 9.405581, -67.787600) vs (2.888866, 9.405581, -67.787600)
    [13] Vel: 28.906710 vs 28.906710, diff=0
    [13] HeartArc: 363.101300 vs 363.101300
    [14] Pos: (2.904129, 9.376982, -68.071540) vs (2.904129, 9.376982, -68.071540)
    [14] Vel: 28.711470 vs 28.711470, diff=0
    [14] HeartArc: 363.387100 vs 363.387100
    [15] Pos: (2.919731, 9.348769, -68.353440) vs (2.919731, 9.348769, -68.353440)
    [15] Vel: 28.505540 vs 28.505540, diff=0
    [15] HeartArc: 363.670800 vs 363.670800
    [16] Pos: (2.935650, 9.320958, -68.633200) vs (2.935650, 9.320958, -68.633200)
    [16] Vel: 28.289530 vs 28.289530, diff=0
    [16] HeartArc: 363.952400 vs 363.952400
    [17] Pos: (2.951863, 9.293560, -68.910720) vs (2.951863, 9.293560, -68.910720)
    [17] Vel: 28.064120 vs 28.064120, diff=0
    [17] HeartArc: 364.231700 vs 364.231700
    [18] Pos: (2.968349, 9.266587, -69.185910) vs (2.968349, 9.266587, -69.185910)
    [18] Vel: 27.829930 vs 27.829930, diff=0
    [18] HeartArc: 364.508700 vs 364.508700
    [19] Pos: (2.985087, 9.240050, -69.458690) vs (2.985087, 9.240050, -69.458690)
    [19] Vel: 27.587650 vs 27.587650, diff=0
    [19] HeartArc: 364.783300 vs 364.783300
=== SAMPLE POINTS ===
    [50] Pos: (3.531886, 8.653698, -76.542140) vs (3.531886, 8.653698, -76.542140)
    [50] Vel: 18.997590 vs 18.997590, diff=0
    [50] HeartArc: 371.912600 vs 371.912600
    [100] Pos: (4.031131, 8.478955, -83.582240) vs (4.031131, 8.478955, -83.582240)
    [100] Vel: 11.321230 vs 11.321230, diff=0
    [100] HeartArc: 378.976200 vs 378.976200
Checking ForceSection nodeId=2081759003: 61 points (gold expects 61, gold duration=18 Distance, cumulative offset=513, afterBridge=False)
=== DRIFT ANALYSIS (offset=513) ===
First divergence at index -1
Max drift 0 at index 0
=== FIRST 20 POINTS ===
    [0] Pos: (2.323235, 10.817130, -45.855420) vs (2.323235, 10.817130, -45.855420)
    [0] Vel: 30.000000 vs 30.000000, diff=0
    [0] HeartArc: 341.104200 vs 341.104200
    [1] Pos: (2.334000, 10.815970, -46.156170) vs (2.334000, 10.815970, -46.156170)
    [1] Vel: 30.002490 vs 30.002490, diff=0
    [1] HeartArc: 341.405100 vs 341.405100
    [2] Pos: (2.344453, 10.814200, -46.456990) vs (2.344453, 10.814200, -46.456990)
    [2] Vel: 30.005060 vs 30.005060, diff=0
    [2] HeartArc: 341.706100 vs 341.706100
    [3] Pos: (2.354601, 10.811820, -46.757890) vs (2.354601, 10.811820, -46.757890)
    [3] Vel: 30.007710 vs 30.007710, diff=0
    [3] HeartArc: 342.007200 vs 342.007200
    [4] Pos: (2.364453, 10.808860, -47.058870) vs (2.364453, 10.808860, -47.058870)
    [4] Vel: 30.010450 vs 30.010450, diff=0
    [4] HeartArc: 342.308300 vs 342.308300
    [5] Pos: (2.374015, 10.805310, -47.359920) vs (2.374015, 10.805310, -47.359920)
    [5] Vel: 30.013250 vs 30.013250, diff=0
    [5] HeartArc: 342.609600 vs 342.609600
    [6] Pos: (2.383297, 10.801180, -47.661050) vs (2.383297, 10.801180, -47.661050)
    [6] Vel: 30.016130 vs 30.016130, diff=0
    [6] HeartArc: 342.910900 vs 342.910900
    [7] Pos: (2.392307, 10.796460, -47.962250) vs (2.392307, 10.796460, -47.962250)
    [7] Vel: 30.019080 vs 30.019080, diff=0
    [7] HeartArc: 343.212200 vs 343.212200
    [8] Pos: (2.401053, 10.791190, -48.263520) vs (2.401053, 10.791190, -48.263520)
    [8] Vel: 30.022090 vs 30.022090, diff=0
    [8] HeartArc: 343.513700 vs 343.513700
    [9] Pos: (2.409544, 10.785340, -48.564850) vs (2.409544, 10.785340, -48.564850)
    [9] Vel: 30.025170 vs 30.025170, diff=0
    [9] HeartArc: 343.815200 vs 343.815200
    [10] Pos: (2.417789, 10.778940, -48.866250) vs (2.417789, 10.778940, -48.866250)
    [10] Vel: 30.028300 vs 30.028300, diff=0
    [10] HeartArc: 344.116800 vs 344.116800
    [11] Pos: (2.425797, 10.771980, -49.167710) vs (2.425797, 10.771980, -49.167710)
    [11] Vel: 30.031480 vs 30.031480, diff=0
    [11] HeartArc: 344.418400 vs 344.418400
    [12] Pos: (2.433575, 10.764470, -49.469220) vs (2.433575, 10.764470, -49.469220)
    [12] Vel: 30.034710 vs 30.034710, diff=0
    [12] HeartArc: 344.720100 vs 344.720100
    [13] Pos: (2.441134, 10.756420, -49.770790) vs (2.441134, 10.756420, -49.770790)
    [13] Vel: 30.038000 vs 30.038000, diff=0
    [13] HeartArc: 345.021900 vs 345.021900
    [14] Pos: (2.448483, 10.747830, -50.072420) vs (2.448483, 10.747830, -50.072420)
    [14] Vel: 30.041320 vs 30.041320, diff=0
    [14] HeartArc: 345.323700 vs 345.323700
    [15] Pos: (2.455631, 10.738700, -50.374100) vs (2.455631, 10.738700, -50.374100)
    [15] Vel: 30.044690 vs 30.044690, diff=0
    [15] HeartArc: 345.625600 vs 345.625600
    [16] Pos: (2.462587, 10.729030, -50.675830) vs (2.462587, 10.729030, -50.675830)
    [16] Vel: 30.048110 vs 30.048110, diff=0
    [16] HeartArc: 345.927600 vs 345.927600
    [17] Pos: (2.469361, 10.718850, -50.977610) vs (2.469361, 10.718850, -50.977610)
    [17] Vel: 30.051550 vs 30.051550, diff=0
    [17] HeartArc: 346.229600 vs 346.229600
    [18] Pos: (2.475963, 10.708130, -51.279430) vs (2.475963, 10.708130, -51.279430)
    [18] Vel: 30.055030 vs 30.055030, diff=0
    [18] HeartArc: 346.531700 vs 346.531700
    [19] Pos: (2.482402, 10.696900, -51.581300) vs (2.482402, 10.696900, -51.581300)
    [19] Vel: 30.058540 vs 30.058540, diff=0
    [19] HeartArc: 346.833900 vs 346.833900
=== SAMPLE POINTS ===
    [50] Pos: (2.656538, 10.100630, -60.948410) vs (2.656538, 10.100630, -60.948410)
    [50] Vel: 30.177780 vs 30.177780, diff=0
    [50] HeartArc: 356.222500 vs 356.222500
Checking ForceSection nodeId=402587418: 270 points (gold expects 270, gold duration=2.7 Time, cumulative offset=574, afterBridge=False)
=== DRIFT ANALYSIS (offset=574) ===
First divergence at index -1
Max drift 0 at index 0
=== FIRST 20 POINTS ===
    [0] Pos: (-0.341344, 1.193471, 13.999010) vs (-0.341344, 1.193471, 13.999010)
    [0] Vel: 6.646587 vs 6.646587, diff=0
    [0] HeartArc: 280.045500 vs 280.045500
    [1] Pos: (-0.364681, 1.211919, 13.944500) vs (-0.364681, 1.211919, 13.944500)
    [1] Vel: 6.647899 vs 6.647899, diff=0
    [1] HeartArc: 280.107600 vs 280.107600
    [2] Pos: (-0.387451, 1.230306, 13.889870) vs (-0.387451, 1.230306, 13.889870)
    [2] Vel: 6.654116 vs 6.654116, diff=0
    [2] HeartArc: 280.169600 vs 280.169600
    [3] Pos: (-0.409738, 1.248708, 13.834910) vs (-0.409738, 1.248708, 13.834910)
    [3] Vel: 6.664459 vs 6.664459, diff=0
    [3] HeartArc: 280.231700 vs 280.231700
    [4] Pos: (-0.431561, 1.267145, 13.779580) vs (-0.431561, 1.267145, 13.779580)
    [4] Vel: 6.678910 vs 6.678910, diff=0
    [4] HeartArc: 280.293900 vs 280.293900
    [5] Pos: (-0.452933, 1.285629, 13.723840) vs (-0.452933, 1.285629, 13.723840)
    [5] Vel: 6.697452 vs 6.697452, diff=0
    [5] HeartArc: 280.356400 vs 280.356400
    [6] Pos: (-0.473868, 1.304176, 13.667650) vs (-0.473868, 1.304176, 13.667650)
    [6] Vel: 6.720064 vs 6.720064, diff=0
    [6] HeartArc: 280.419200 vs 280.419200
    [7] Pos: (-0.494378, 1.322799, 13.610990) vs (-0.494378, 1.322799, 13.610990)
    [7] Vel: 6.746730 vs 6.746730, diff=0
    [7] HeartArc: 280.482300 vs 280.482300
    [8] Pos: (-0.514474, 1.341511, 13.553800) vs (-0.514474, 1.341511, 13.553800)
    [8] Vel: 6.777430 vs 6.777430, diff=0
    [8] HeartArc: 280.545700 vs 280.545700
    [9] Pos: (-0.534166, 1.360326, 13.496070) vs (-0.534166, 1.360326, 13.496070)
    [9] Vel: 6.812140 vs 6.812140, diff=0
    [9] HeartArc: 280.609600 vs 280.609600
    [10] Pos: (-0.553465, 1.379257, 13.437750) vs (-0.553465, 1.379257, 13.437750)
    [10] Vel: 6.850841 vs 6.850841, diff=0
    [10] HeartArc: 280.673800 vs 280.673800
    [11] Pos: (-0.572379, 1.398318, 13.378800) vs (-0.572379, 1.398318, 13.378800)
    [11] Vel: 6.893510 vs 6.893510, diff=0
    [11] HeartArc: 280.738600 vs 280.738600
    [12] Pos: (-0.590918, 1.417519, 13.319200) vs (-0.590918, 1.417519, 13.319200)
    [12] Vel: 6.940123 vs 6.940123, diff=0
    [12] HeartArc: 280.803900 vs 280.803900
    [13] Pos: (-0.609088, 1.436875, 13.258910) vs (-0.609088, 1.436875, 13.258910)
    [13] Vel: 6.990656 vs 6.990656, diff=0
    [13] HeartArc: 280.869800 vs 280.869800
    [14] Pos: (-0.626897, 1.456396, 13.197890) vs (-0.626897, 1.456396, 13.197890)
    [14] Vel: 7.045086 vs 7.045086, diff=0
    [14] HeartArc: 280.936300 vs 280.936300
    [15] Pos: (-0.644351, 1.476096, 13.136110) vs (-0.644351, 1.476096, 13.136110)
    [15] Vel: 7.103385 vs 7.103385, diff=0
    [15] HeartArc: 281.003400 vs 281.003400
    [16] Pos: (-0.661456, 1.495986, 13.073540) vs (-0.661456, 1.495986, 13.073540)
    [16] Vel: 7.165526 vs 7.165526, diff=0
    [16] HeartArc: 281.071300 vs 281.071300
    [17] Pos: (-0.678218, 1.516077, 13.010130) vs (-0.678218, 1.516077, 13.010130)
    [17] Vel: 7.231485 vs 7.231485, diff=0
    [17] HeartArc: 281.139900 vs 281.139900
    [18] Pos: (-0.694642, 1.536380, 12.945870) vs (-0.694642, 1.536380, 12.945870)
    [18] Vel: 7.301229 vs 7.301229, diff=0
    [18] HeartArc: 281.209200 vs 281.209200
    [19] Pos: (-0.710731, 1.556908, 12.880710) vs (-0.710731, 1.556908, 12.880710)
    [19] Vel: 7.374732 vs 7.374732, diff=0
    [19] HeartArc: 281.279400 vs 281.279400
=== SAMPLE POINTS ===
    [50] Pos: (-1.050489, 2.353728, 10.251950) vs (-1.050489, 2.353728, 10.251950)
    [50] Vel: 11.316820 vs 11.316820, diff=0
    [50] HeartArc: 284.050900 vs 284.050900
    [100] Pos: (-0.910993, 4.521158, 2.358793) vs (-0.910993, 4.521158, 2.358793)
    [100] Vel: 21.502080 vs 21.502080, diff=0
    [100] HeartArc: 292.241100 vs 292.241100
    [200] Pos: (1.116811, 9.640079, -25.148790) vs (1.116811, 9.640079, -25.148790)
    [200] Vel: 30.000000 vs 30.000000, diff=0
    [200] HeartArc: 320.316100 vs 320.316100
Checking GeometricSection nodeId=3398324313: 390 points (gold expects 390, gold duration=3.9 Time, cumulative offset=844, afterBridge=False)
=== DRIFT ANALYSIS (offset=844) ===
First divergence at index -1
Max drift 0 at index 0
=== FIRST 20 POINTS ===
    [0] Pos: (0.000000, 3.000000, 0.000000) vs (0.000000, 3.000000, 0.000000)
    [0] Vel: 10.000000 vs 10.000000, diff=0
    [0] HeartArc: 0.000000 vs 0.000000
    [1] Pos: (0.000050, 3.000050, -0.100004) vs (0.000050, 3.000050, -0.100004)
    [1] Vel: 10.000450 vs 10.000450, diff=0
    [1] HeartArc: 0.100004 vs 0.100004
    [2] Pos: (0.000200, 3.000200, -0.200022) vs (0.000200, 3.000200, -0.200022)
    [2] Vel: 10.001780 vs 10.001780, diff=0
    [2] HeartArc: 0.200022 vs 0.200022
    [3] Pos: (0.000450, 3.000451, -0.300061) vs (0.000450, 3.000451, -0.300061)
    [3] Vel: 10.004000 vs 10.004000, diff=0
    [3] HeartArc: 0.300062 vs 0.300062
    [4] Pos: (0.000800, 3.000801, -0.400131) vs (0.000800, 3.000801, -0.400131)
    [4] Vel: 10.007100 vs 10.007100, diff=0
    [4] HeartArc: 0.400133 vs 0.400133
    [5] Pos: (0.001251, 3.001252, -0.500240) vs (0.001251, 3.001252, -0.500240)
    [5] Vel: 10.011090 vs 10.011090, diff=0
    [5] HeartArc: 0.500244 vs 0.500244
    [6] Pos: (0.001802, 3.001803, -0.600396) vs (0.001802, 3.001803, -0.600396)
    [6] Vel: 10.015960 vs 10.015960, diff=0
    [6] HeartArc: 0.600404 vs 0.600404
    [7] Pos: (0.002454, 3.002455, -0.700609) vs (0.002454, 3.002455, -0.700609)
    [7] Vel: 10.021710 vs 10.021710, diff=0
    [7] HeartArc: 0.700621 vs 0.700621
    [8] Pos: (0.003206, 3.003207, -0.800887) vs (0.003206, 3.003207, -0.800887)
    [8] Vel: 10.028330 vs 10.028330, diff=0
    [8] HeartArc: 0.800904 vs 0.800904
    [9] Pos: (0.004060, 3.004061, -0.901238) vs (0.004060, 3.004061, -0.901238)
    [9] Vel: 10.035840 vs 10.035840, diff=0
    [9] HeartArc: 0.901262 vs 0.901262
    [10] Pos: (0.005015, 3.005017, -1.001671) vs (0.005015, 3.005017, -1.001671)
    [10] Vel: 10.044210 vs 10.044210, diff=0
    [10] HeartArc: 1.001704 vs 1.001704
    [11] Pos: (0.006072, 3.006074, -1.102194) vs (0.006072, 3.006074, -1.102194)
    [11] Vel: 10.053460 vs 10.053460, diff=0
    [11] HeartArc: 1.102239 vs 1.102239
    [12] Pos: (0.007231, 3.007233, -1.202817) vs (0.007231, 3.007233, -1.202817)
    [12] Vel: 10.063580 vs 10.063580, diff=0
    [12] HeartArc: 1.202875 vs 1.202875
    [13] Pos: (0.008492, 3.008495, -1.303547) vs (0.008492, 3.008495, -1.303547)
    [13] Vel: 10.074560 vs 10.074560, diff=0
    [13] HeartArc: 1.303620 vs 1.303620
    [14] Pos: (0.009856, 3.009860, -1.404392) vs (0.009856, 3.009860, -1.404392)
    [14] Vel: 10.086420 vs 10.086420, diff=0
    [14] HeartArc: 1.404485 vs 1.404485
    [15] Pos: (0.011324, 3.011329, -1.505362) vs (0.011324, 3.011329, -1.505362)
    [15] Vel: 10.099130 vs 10.099130, diff=0
    [15] HeartArc: 1.505476 vs 1.505476
    [16] Pos: (0.012895, 3.012901, -1.606465) vs (0.012895, 3.012901, -1.606465)
    [16] Vel: 10.112710 vs 10.112710, diff=0
    [16] HeartArc: 1.606603 vs 1.606603
    [17] Pos: (0.014570, 3.014578, -1.707708) vs (0.014570, 3.014578, -1.707708)
    [17] Vel: 10.127140 vs 10.127140, diff=0
    [17] HeartArc: 1.707874 vs 1.707874
    [18] Pos: (0.016350, 3.016361, -1.809101) vs (0.016350, 3.016361, -1.809101)
    [18] Vel: 10.142430 vs 10.142430, diff=0
    [18] HeartArc: 1.809298 vs 1.809298
    [19] Pos: (0.018236, 3.018248, -1.910652) vs (0.018236, 3.018248, -1.910652)
    [19] Vel: 10.158570 vs 10.158570, diff=0
    [19] HeartArc: 1.910884 vs 1.910884
=== SAMPLE POINTS ===
    [50] Pos: (0.133418, 3.134028, -5.180913) vs (0.133418, 3.134028, -5.180913)
    [50] Vel: 11.067990 vs 11.067990, diff=0
    [50] HeartArc: 5.185504 vs 5.185504
    [100] Pos: (0.630589, 3.642294, -11.353180) vs (0.630589, 3.642294, -11.353180)
    [100] Vel: 14.000140 vs 14.000140, diff=0
    [100] HeartArc: 11.400380 vs 11.400380
    [200] Pos: (3.927125, 7.238939, -28.928950) vs (3.927125, 7.238939, -28.928950)
    [200] Vel: 22.722560 vs 22.722560, diff=0
    [200] HeartArc: 29.679670 vs 29.679670
Checking GeometricSection nodeId=1068437882: 324 points (gold expects 324, gold duration=4.9 Time, cumulative offset=1234, afterBridge=False)
=== DRIFT ANALYSIS (offset=1234) ===
First divergence at index -1
Max drift 0 at index 0
=== FIRST 20 POINTS ===
    [0] Pos: (23.002340, 34.137710, -69.554600) vs (23.002340, 34.137710, -69.554600)
    [0] Vel: 30.000000 vs 30.000000, diff=0
    [0] HeartArc: 82.799950 vs 82.799950
    [1] Pos: (23.122710, 34.350460, -69.722540) vs (23.122710, 34.350460, -69.722540)
    [1] Vel: 29.927410 vs 29.927410, diff=0
    [1] HeartArc: 83.096520 vs 83.096520
    [2] Pos: (23.242740, 34.563300, -69.889310) vs (23.242740, 34.563300, -69.889310)
    [2] Vel: 29.854620 vs 29.854620, diff=0
    [2] HeartArc: 83.392360 vs 83.392360
    [3] Pos: (23.362420, 34.776250, -70.054920) vs (23.362420, 34.776250, -70.054920)
    [3] Vel: 29.781620 vs 29.781620, diff=0
    [3] HeartArc: 83.687480 vs 83.687480
    [4] Pos: (23.481740, 34.989270, -70.219380) vs (23.481740, 34.989270, -70.219380)
    [4] Vel: 29.708430 vs 29.708430, diff=0
    [4] HeartArc: 83.981870 vs 83.981870
    [5] Pos: (23.600710, 35.202370, -70.382680) vs (23.600710, 35.202370, -70.382680)
    [5] Vel: 29.635020 vs 29.635020, diff=0
    [5] HeartArc: 84.275530 vs 84.275530
    [6] Pos: (23.719320, 35.415540, -70.544820) vs (23.719320, 35.415540, -70.544820)
    [6] Vel: 29.561420 vs 29.561420, diff=0
    [6] HeartArc: 84.568440 vs 84.568440
    [7] Pos: (23.837570, 35.628780, -70.705800) vs (23.837570, 35.628780, -70.705800)
    [7] Vel: 29.487610 vs 29.487610, diff=0
    [7] HeartArc: 84.860630 vs 84.860630
    [8] Pos: (23.955440, 35.842080, -70.865640) vs (23.955440, 35.842080, -70.865640)
    [8] Vel: 29.413610 vs 29.413610, diff=0
    [8] HeartArc: 85.152070 vs 85.152070
    [9] Pos: (24.072940, 36.055430, -71.024330) vs (24.072940, 36.055430, -71.024330)
    [9] Vel: 29.339410 vs 29.339410, diff=0
    [9] HeartArc: 85.442770 vs 85.442770
    [10] Pos: (24.190070, 36.268830, -71.181860) vs (24.190070, 36.268830, -71.181860)
    [10] Vel: 29.265000 vs 29.265000, diff=0
    [10] HeartArc: 85.732730 vs 85.732730
    [11] Pos: (24.306810, 36.482270, -71.338260) vs (24.306810, 36.482270, -71.338260)
    [11] Vel: 29.190400 vs 29.190400, diff=0
    [11] HeartArc: 86.021940 vs 86.021940
    [12] Pos: (24.423170, 36.695740, -71.493510) vs (24.423170, 36.695740, -71.493510)
    [12] Vel: 29.115590 vs 29.115590, diff=0
    [12] HeartArc: 86.310410 vs 86.310410
    [13] Pos: (24.539140, 36.909240, -71.647620) vs (24.539140, 36.909240, -71.647620)
    [13] Vel: 29.040600 vs 29.040600, diff=0
    [13] HeartArc: 86.598130 vs 86.598130
    [14] Pos: (24.654710, 37.122760, -71.800600) vs (24.654710, 37.122760, -71.800600)
    [14] Vel: 28.965400 vs 28.965400, diff=0
    [14] HeartArc: 86.885090 vs 86.885090
    [15] Pos: (24.769890, 37.336290, -71.952440) vs (24.769890, 37.336290, -71.952440)
    [15] Vel: 28.890010 vs 28.890010, diff=0
    [15] HeartArc: 87.171310 vs 87.171310
    [16] Pos: (24.884670, 37.549840, -72.103140) vs (24.884670, 37.549840, -72.103140)
    [16] Vel: 28.814420 vs 28.814420, diff=0
    [16] HeartArc: 87.456770 vs 87.456770
    [17] Pos: (24.999040, 37.763380, -72.252720) vs (24.999040, 37.763380, -72.252720)
    [17] Vel: 28.738640 vs 28.738640, diff=0
    [17] HeartArc: 87.741480 vs 87.741480
    [18] Pos: (25.113010, 37.976920, -72.401180) vs (25.113010, 37.976920, -72.401180)
    [18] Vel: 28.662670 vs 28.662670, diff=0
    [18] HeartArc: 88.025430 vs 88.025430
    [19] Pos: (25.226560, 38.190450, -72.548500) vs (25.226560, 38.190450, -72.548500)
    [19] Vel: 28.586500 vs 28.586500, diff=0
    [19] HeartArc: 88.308610 vs 88.308610
=== SAMPLE POINTS ===
    [50] Pos: (28.523370, 44.769780, -76.573560) vs (28.523370, 44.769780, -76.573560)
    [50] Vel: 26.133060 vs 26.133060, diff=0
    [50] HeartArc: 96.700060 vs 96.700060
    [100] Pos: (32.779340, 54.877490, -81.051180) vs (32.779340, 54.877490, -81.051180)
    [100] Vel: 21.838560 vs 21.838560, diff=0
    [100] HeartArc: 108.558400 vs 108.558400
    [200] Pos: (36.987020, 70.768250, -84.611720) vs (36.987020, 70.768250, -84.611720)
    [200] Vel: 12.347660 vs 12.347660, diff=0
    [200] HeartArc: 125.441800 vs 125.441800
Checking GeometricSection nodeId=3763452536: 270 points (gold expects 270, gold duration=47.2 Distance, cumulative offset=1558, afterBridge=False)
=== DRIFT ANALYSIS (offset=1558) ===
First divergence at index -1
Max drift 0 at index 0
=== FIRST 20 POINTS ===
    [0] Pos: (3.499276, 12.083170, -101.671800) vs (3.499276, 12.083170, -101.671800)
    [0] Vel: 11.740000 vs 11.740000, diff=0
    [0] HeartArc: 403.534600 vs 403.534600
    [1] Pos: (3.565847, 12.093910, -101.591600) vs (3.565847, 12.093910, -101.591600)
    [1] Vel: 11.724790 vs 11.724790, diff=0
    [1] HeartArc: 403.639300 vs 403.639300
    [2] Pos: (3.632218, 12.103350, -101.511300) vs (3.632218, 12.103350, -101.511300)
    [2] Vel: 11.710780 vs 11.710780, diff=0
    [2] HeartArc: 403.743900 vs 403.743900
    [3] Pos: (3.698386, 12.111510, -101.430900) vs (3.698386, 12.111510, -101.430900)
    [3] Vel: 11.697980 vs 11.697980, diff=0
    [3] HeartArc: 403.848400 vs 403.848400
    [4] Pos: (3.764350, 12.118400, -101.350500) vs (3.764350, 12.118400, -101.350500)
    [4] Vel: 11.686380 vs 11.686380, diff=0
    [4] HeartArc: 403.952600 vs 403.952600
    [5] Pos: (3.830107, 12.124010, -101.269900) vs (3.830107, 12.124010, -101.269900)
    [5] Vel: 11.675980 vs 11.675980, diff=0
    [5] HeartArc: 404.056800 vs 404.056800
    [6] Pos: (3.895655, 12.128350, -101.189300) vs (3.895655, 12.128350, -101.189300)
    [6] Vel: 11.666800 vs 11.666800, diff=0
    [6] HeartArc: 404.160800 vs 404.160800
    [7] Pos: (3.960991, 12.131420, -101.108600) vs (3.960991, 12.131420, -101.108600)
    [7] Vel: 11.658810 vs 11.658810, diff=0
    [7] HeartArc: 404.264600 vs 404.264600
    [8] Pos: (4.026114, 12.133240, -101.027800) vs (4.026114, 12.133240, -101.027800)
    [8] Vel: 11.652040 vs 11.652040, diff=0
    [8] HeartArc: 404.368400 vs 404.368400
    [9] Pos: (4.091021, 12.133790, -100.946900) vs (4.091021, 12.133790, -100.946900)
    [9] Vel: 11.646470 vs 11.646470, diff=0
    [9] HeartArc: 404.472100 vs 404.472100
    [10] Pos: (4.155711, 12.133090, -100.866000) vs (4.155711, 12.133090, -100.866000)
    [10] Vel: 11.642100 vs 11.642100, diff=0
    [10] HeartArc: 404.575800 vs 404.575800
    [11] Pos: (4.220181, 12.131140, -100.784900) vs (4.220181, 12.131140, -100.784900)
    [11] Vel: 11.638940 vs 11.638940, diff=0
    [11] HeartArc: 404.679300 vs 404.679300
    [12] Pos: (4.284431, 12.127940, -100.703900) vs (4.284431, 12.127940, -100.703900)
    [12] Vel: 11.636980 vs 11.636980, diff=0
    [12] HeartArc: 404.782800 vs 404.782800
    [13] Pos: (4.348457, 12.123500, -100.622700) vs (4.348457, 12.123500, -100.622700)
    [13] Vel: 11.636220 vs 11.636220, diff=0
    [13] HeartArc: 404.886300 vs 404.886300
    [14] Pos: (4.412259, 12.117800, -100.541500) vs (4.412259, 12.117800, -100.541500)
    [14] Vel: 11.636680 vs 11.636680, diff=0
    [14] HeartArc: 404.989700 vs 404.989700
    [15] Pos: (4.475833, 12.110870, -100.460300) vs (4.475833, 12.110870, -100.460300)
    [15] Vel: 11.638330 vs 11.638330, diff=0
    [15] HeartArc: 405.093100 vs 405.093100
    [16] Pos: (4.539179, 12.102690, -100.379000) vs (4.539179, 12.102690, -100.379000)
    [16] Vel: 11.641180 vs 11.641180, diff=0
    [16] HeartArc: 405.196500 vs 405.196500
    [17] Pos: (4.602294, 12.093260, -100.297600) vs (4.602294, 12.093260, -100.297600)
    [17] Vel: 11.645240 vs 11.645240, diff=0
    [17] HeartArc: 405.299900 vs 405.299900
    [18] Pos: (4.665177, 12.082600, -100.216200) vs (4.665177, 12.082600, -100.216200)
    [18] Vel: 11.650490 vs 11.650490, diff=0
    [18] HeartArc: 405.403300 vs 405.403300
    [19] Pos: (4.727825, 12.070690, -100.134800) vs (4.727825, 12.070690, -100.134800)
    [19] Vel: 11.656950 vs 11.656950, diff=0
    [19] HeartArc: 405.506700 vs 405.506700
=== SAMPLE POINTS ===
    [50] Pos: (6.539193, 11.068920, -97.615680) vs (6.539193, 11.068920, -97.615680)
    [50] Vel: 12.445070 vs 12.445070, diff=0
    [50] HeartArc: 408.787400 vs 408.787400
    [100] Pos: (8.599149, 6.485870, -94.225640) vs (8.599149, 6.485870, -94.225640)
    [100] Vel: 15.878270 vs 15.878270, diff=0
    [100] HeartArc: 414.977800 vs 414.977800
    [200] Pos: (7.546810, -5.178763, -103.276800) vs (7.546810, -5.178763, -103.276800)
    [200] Vel: 22.319420 vs 22.319420, diff=0
    [200] HeartArc: 432.736400 vs 432.736400
Checking GeometricSection nodeId=4225563327: 166 points (gold expects 166, gold duration=18.5 Distance, cumulative offset=1828, afterBridge=False)
=== DRIFT ANALYSIS (offset=1828) ===
First divergence at index -1
Max drift 0 at index 0
=== FIRST 20 POINTS ===
    [0] Pos: (2.339263, 9.400868, -92.223050) vs (2.339263, 9.400868, -92.223050)
    [0] Vel: 10.000000 vs 10.000000, diff=0
    [0] HeartArc: 387.940000 vs 387.940000
    [1] Pos: (2.292817, 9.415960, -92.308290) vs (2.292817, 9.415960, -92.308290)
    [1] Vel: 9.940254 vs 9.940254, diff=0
    [1] HeartArc: 388.038300 vs 388.038300
    [2] Pos: (2.246080, 9.430957, -92.393460) vs (2.246080, 9.430957, -92.393460)
    [2] Vel: 9.941015 vs 9.941015, diff=0
    [2] HeartArc: 388.136600 vs 388.136600
    [3] Pos: (2.199047, 9.445858, -92.478550) vs (2.199047, 9.445858, -92.478550)
    [3] Vel: 9.942294 vs 9.942294, diff=0
    [3] HeartArc: 388.234900 vs 388.234900
    [4] Pos: (2.151714, 9.460666, -92.563610) vs (2.151714, 9.460666, -92.563610)
    [4] Vel: 9.944082 vs 9.944082, diff=0
    [4] HeartArc: 388.333400 vs 388.333400
    [5] Pos: (2.104078, 9.475380, -92.648620) vs (2.104078, 9.475380, -92.648620)
    [5] Vel: 9.946377 vs 9.946377, diff=0
    [5] HeartArc: 388.431900 vs 388.431900
    [6] Pos: (2.056137, 9.490001, -92.733590) vs (2.056137, 9.490001, -92.733590)
    [6] Vel: 9.949179 vs 9.949179, diff=0
    [6] HeartArc: 388.530600 vs 388.530600
    [7] Pos: (2.007891, 9.504531, -92.818530) vs (2.007891, 9.504531, -92.818530)
    [7] Vel: 9.952480 vs 9.952480, diff=0
    [7] HeartArc: 388.629300 vs 388.629300
    [8] Pos: (1.959339, 9.518971, -92.903460) vs (1.959339, 9.518971, -92.903460)
    [8] Vel: 9.956285 vs 9.956285, diff=0
    [8] HeartArc: 388.728200 vs 388.728200
    [9] Pos: (1.910483, 9.533321, -92.988370) vs (1.910483, 9.533321, -92.988370)
    [9] Vel: 9.960582 vs 9.960582, diff=0
    [9] HeartArc: 388.827200 vs 388.827200
    [10] Pos: (1.861323, 9.547583, -93.073260) vs (1.861323, 9.547583, -93.073260)
    [10] Vel: 9.965377 vs 9.965377, diff=0
    [10] HeartArc: 388.926300 vs 388.926300
    [11] Pos: (1.811862, 9.561757, -93.158160) vs (1.811862, 9.561757, -93.158160)
    [11] Vel: 9.970660 vs 9.970660, diff=0
    [11] HeartArc: 389.025600 vs 389.025600
    [12] Pos: (1.762105, 9.575846, -93.243060) vs (1.762105, 9.575846, -93.243060)
    [12] Vel: 9.976435 vs 9.976435, diff=0
    [12] HeartArc: 389.125000 vs 389.125000
    [13] Pos: (1.712055, 9.589849, -93.328000) vs (1.712055, 9.589849, -93.328000)
    [13] Vel: 9.982692 vs 9.982692, diff=0
    [13] HeartArc: 389.224600 vs 389.224600
    [14] Pos: (1.661717, 9.603769, -93.412950) vs (1.661717, 9.603769, -93.412950)
    [14] Vel: 9.989433 vs 9.989433, diff=0
    [14] HeartArc: 389.324300 vs 389.324300
    [15] Pos: (1.611098, 9.617609, -93.497930) vs (1.611098, 9.617609, -93.497930)
    [15] Vel: 9.996652 vs 9.996652, diff=0
    [15] HeartArc: 389.424200 vs 389.424200
    [16] Pos: (1.560205, 9.631370, -93.582950) vs (1.560205, 9.631370, -93.582950)
    [16] Vel: 10.004350 vs 10.004350, diff=0
    [16] HeartArc: 389.524300 vs 389.524300
    [17] Pos: (1.509046, 9.645050, -93.668040) vs (1.509046, 9.645050, -93.668040)
    [17] Vel: 10.012510 vs 10.012510, diff=0
    [17] HeartArc: 389.624500 vs 389.624500
    [18] Pos: (1.457630, 9.658654, -93.753160) vs (1.457630, 9.658654, -93.753160)
    [18] Vel: 10.021150 vs 10.021150, diff=0
    [18] HeartArc: 389.724900 vs 389.724900
    [19] Pos: (1.405967, 9.672183, -93.838360) vs (1.405967, 9.672183, -93.838360)
    [19] Vel: 10.030250 vs 10.030250, diff=0
    [19] HeartArc: 389.825400 vs 389.825400
=== SAMPLE POINTS ===
    [50] Pos: (-0.215229, 10.066930, -96.557370) vs (-0.215229, 10.066930, -96.557370)
    [50] Vel: 10.514630 vs 10.514630, diff=0
    [50] HeartArc: 393.016100 vs 393.016100
    [100] Pos: (-0.957636, 10.808610, -101.171800) vs (-0.957636, 10.808610, -101.171800)
    [100] Vel: 11.566090 vs 11.566090, diff=0
    [100] HeartArc: 397.899800 vs 397.899800
Skipping Bridge nodeId=525679038: legacy .kex format doesn't store target anchor data
Skipping Bridge nodeId=978933242: legacy .kex format doesn't store target anchor data
Checking CopyPathSection nodeId=1143449546: 338 points (gold expects 338, gold duration=0 , cumulative offset=2525, afterBridge=True)
CopyPathSection 1143449546: endpoints match (actual=338 pts, gold=338 pts)
Checking CopyPathSection nodeId=506024694: 507 points (gold expects 507, gold duration=0 , cumulative offset=2863, afterBridge=True)
CopyPathSection 506024694: endpoints match (actual=507 pts, gold=507 pts)
Checking CopyPathSection nodeId=958648347: 400 points (gold expects 400, gold duration=0 , cumulative offset=3370, afterBridge=True)
CopyPathSection 958648347: endpoints match (actual=400 pts, gold=400 pts)
Checking CopyPathSection nodeId=1527494142: 226 points (gold expects 226, gold duration=0 , cumulative offset=3770, afterBridge=True)
CopyPathSection 1527494142: endpoints match (actual=226 pts, gold=226 pts)
Verified 12 sections (total 3996 cumulative points)
]]></output>
          </test-case>
          <test-case id="1188" name="Circuit_LoadAndEvaluate_MatchesGoldData" fullname="Tests.CoasterGoldTests.Circuit_LoadAndEvaluate_MatchesGoldData" methodname="Circuit_LoadAndEvaluate_MatchesGoldData" classname="Tests.CoasterGoldTests" runstate="Runnable" seed="1642473901" result="Passed" start-time="2026-01-10 03:18:37Z" end-time="2026-01-10 03:18:37Z" duration="0.311321" asserts="0">
            <properties>
              <property name="retryIteration" value="0" />
              <property name="repeatIteration" value="0" />
            </properties>
            <output><![CDATA[=== COASTER DIAGNOSTICS ===
Graph: 9 nodes, 8 edges
=== ALL NODES IN GRAPH ===
=== SCALARS DUMP (34 entries) ===
  Scalar[2049] = 10.0000
  Scalar[1537] = 10.0000
  Scalar[1025] = 0.0000
  Scalar[2050] = 180.0000
  Scalar[1538] = 30.0000
  Scalar[1026] = 0.0000
  Scalar[2051] = -1.0000
  Scalar[1539] = 90.0000
  Scalar[1027] = 0.0000
  Scalar[2052] = 0.0000
  Scalar[1540] = 0.0000
  Scalar[1028] = 10.0000
  Scalar[2053] = 0.0000
  Scalar[1541] = 0.0000
  Scalar[1029] = 1.1000
  Scalar[1030] = 0.0210
  Scalar[1031] = 0.0000
  Scalar[760] = 3.0000
  Scalar[1793] = 10.0000
  Scalar[1281] = 0.0000
  Scalar[2306] = 0.3000
  Scalar[1794] = 30.0000
  Scalar[1282] = 0.0000
  Scalar[2307] = 0.3000
  Scalar[1795] = -90.0000
  Scalar[1283] = 0.0000
  Scalar[1796] = 0.0000
  Scalar[1284] = 10.0000
  Scalar[1797] = 0.0000
  Scalar[1285] = 1.1000
  Scalar[1286] = 0.0210
  Scalar[1287] = 0.0000
  Scalar[504] = 10.0000
  Scalar[1016] = 21.3000
  [0] id=3 type=Force dur=21.3 no-vec no-vel
  [1] id=2 type=Geometric dur=3 no-vec no-vel
  [2] id=1 type=Geometric dur=10 no-vec no-vel
  [3] id=5 type=Anchor no-dur no-vec vel-port=1036066974-no-scalar
  [4] id=4 type=Anchor no-dur no-vec vel-port=503702767-no-scalar
  [5] id=6 type=Curved no-dur no-vec no-vel
  [6] id=7 type=Curved no-dur no-vec no-vel
  [7] id=8 type=Curved no-dur no-vec no-vel
  [8] id=9 type=Bridge no-dur no-vec no-vel
=== EDGES (8) ===
  Edge: node 5 (port=211009355) -> node 9 (port=177205343)
  Edge: node 4 (port=1925794602) -> node 2 (port=3602558409)
  Edge: node 2 (port=3178775487) -> node 8 (port=269297272)
  Edge: node 8 (port=1503834113) -> node 6 (port=1261011877)
  Edge: node 6 (port=622058193) -> node 1 (port=179557120)
  Edge: node 1 (port=102916347) -> node 7 (port=1704568298)
  Edge: node 7 (port=1788358049) -> node 3 (port=992265250)
  Edge: node 3 (port=1158689508) -> node 9 (port=339169808)
=== GOLD FIRST SECTION INPUT ANCHOR ===
  vel=3.5970 frictionOrig=86.8206 dir=(0.004,-0.055,0.998)
Checking ForceSection nodeId=3: 2130 points (gold expects 2130, gold duration=21.3 Time, cumulative offset=0, afterBridge=False)
=== DRIFT ANALYSIS (offset=0) ===
First divergence at index -1
Max drift 0 at index 0
=== FIRST 20 POINTS ===
    [0] Pos: (-19.799510, 20.566510, 33.304730) vs (-19.799510, 20.566510, 33.304730)
    [0] Vel: 3.597004 vs 3.597004, diff=0
    [0] HeartArc: 86.916630 vs 86.916630
    [1] Pos: (-19.799330, 20.564260, 33.344590) vs (-19.799330, 20.564260, 33.344590)
    [1] Vel: 3.600546 vs 3.600546, diff=0
    [1] HeartArc: 86.956550 vs 86.956550
    [2] Pos: (-19.799160, 20.561860, 33.384470) vs (-19.799160, 20.561860, 33.384470)
    [2] Vel: 3.604440 vs 3.604440, diff=0
    [2] HeartArc: 86.996510 vs 86.996510
    [3] Pos: (-19.798980, 20.559310, 33.424390) vs (-19.798980, 20.559310, 33.424390)
    [3] Vel: 3.608691 vs 3.608691, diff=0
    [3] HeartArc: 87.036510 vs 87.036510
    [4] Pos: (-19.798810, 20.556610, 33.464360) vs (-19.798810, 20.556610, 33.464360)
    [4] Vel: 3.613302 vs 3.613302, diff=0
    [4] HeartArc: 87.076570 vs 87.076570
    [5] Pos: (-19.798640, 20.553770, 33.504370) vs (-19.798640, 20.553770, 33.504370)
    [5] Vel: 3.618262 vs 3.618262, diff=0
    [5] HeartArc: 87.116680 vs 87.116680
    [6] Pos: (-19.798460, 20.550770, 33.544450) vs (-19.798460, 20.550770, 33.544450)
    [6] Vel: 3.623588 vs 3.623588, diff=0
    [6] HeartArc: 87.156880 vs 87.156880
    [7] Pos: (-19.798290, 20.547620, 33.584590) vs (-19.798290, 20.547620, 33.584590)
    [7] Vel: 3.629270 vs 3.629270, diff=0
    [7] HeartArc: 87.197140 vs 87.197140
    [8] Pos: (-19.798110, 20.544320, 33.624800) vs (-19.798110, 20.544320, 33.624800)
    [8] Vel: 3.635315 vs 3.635315, diff=0
    [8] HeartArc: 87.237490 vs 87.237490
    [9] Pos: (-19.797930, 20.540860, 33.665090) vs (-19.797930, 20.540860, 33.665090)
    [9] Vel: 3.641732 vs 3.641732, diff=0
    [9] HeartArc: 87.277920 vs 87.277920
    [10] Pos: (-19.797760, 20.537250, 33.705470) vs (-19.797760, 20.537250, 33.705470)
    [10] Vel: 3.648513 vs 3.648513, diff=0
    [10] HeartArc: 87.318470 vs 87.318470
    [11] Pos: (-19.797580, 20.533470, 33.745940) vs (-19.797580, 20.533470, 33.745940)
    [11] Vel: 3.655667 vs 3.655667, diff=0
    [11] HeartArc: 87.359120 vs 87.359120
    [12] Pos: (-19.797410, 20.529520, 33.786520) vs (-19.797410, 20.529520, 33.786520)
    [12] Vel: 3.663201 vs 3.663201, diff=0
    [12] HeartArc: 87.399880 vs 87.399880
    [13] Pos: (-19.797230, 20.525410, 33.827190) vs (-19.797230, 20.525410, 33.827190)
    [13] Vel: 3.671108 vs 3.671108, diff=0
    [13] HeartArc: 87.440770 vs 87.440770
    [14] Pos: (-19.797050, 20.521120, 33.867990) vs (-19.797050, 20.521120, 33.867990)
    [14] Vel: 3.679405 vs 3.679405, diff=0
    [14] HeartArc: 87.481780 vs 87.481780
    [15] Pos: (-19.796870, 20.516660, 33.908900) vs (-19.796870, 20.516660, 33.908900)
    [15] Vel: 3.688090 vs 3.688090, diff=0
    [15] HeartArc: 87.522930 vs 87.522930
    [16] Pos: (-19.796690, 20.512020, 33.949930) vs (-19.796690, 20.512020, 33.949930)
    [16] Vel: 3.697164 vs 3.697164, diff=0
    [16] HeartArc: 87.564230 vs 87.564230
    [17] Pos: (-19.796510, 20.507200, 33.991100) vs (-19.796510, 20.507200, 33.991100)
    [17] Vel: 3.706640 vs 3.706640, diff=0
    [17] HeartArc: 87.605680 vs 87.605680
    [18] Pos: (-19.796330, 20.502190, 34.032400) vs (-19.796330, 20.502190, 34.032400)
    [18] Vel: 3.716519 vs 3.716519, diff=0
    [18] HeartArc: 87.647290 vs 87.647290
    [19] Pos: (-19.796150, 20.496980, 34.073850) vs (-19.796150, 20.496980, 34.073850)
    [19] Vel: 3.726808 vs 3.726808, diff=0
    [19] HeartArc: 87.689060 vs 87.689060
=== SAMPLE POINTS ===
    [50] Pos: (-19.790140, 20.208540, 35.451360) vs (-19.790140, 20.208540, 35.451360)
    [50] Vel: 4.285831 vs 4.285831, diff=0
    [50] HeartArc: 89.098080 vs 89.098080
    [100] Pos: (-19.778570, 18.800440, 38.099570) vs (-19.778570, 18.800440, 38.099570)
    [100] Vel: 6.445111 vs 6.445111, diff=0
    [100] HeartArc: 92.115610 vs 92.115610
    [200] Pos: (-19.753260, 10.126990, 43.898720) vs (-19.753260, 10.126990, 43.898720)
    [200] Vel: 14.201200 vs 14.201200, diff=0
    [200] HeartArc: 102.629300 vs 102.629300
    [500] Pos: (-19.592000, 15.279840, 80.835550) vs (-19.592000, 15.279840, 80.835550)
    [500] Vel: 9.534562 vs 9.534562, diff=0
    [500] HeartArc: 147.757300 vs 147.757300
    [1000] Pos: (-19.301790, 1.979284, 147.308500) vs (-19.301790, 1.979284, 147.308500)
    [1000] Vel: 17.899580 vs 17.899580, diff=0
    [1000] HeartArc: 222.116300 vs 222.116300
    [1500] Pos: (0.228991, 11.978750, 126.168300) vs (0.228991, 11.978750, 126.168300)
    [1500] Vel: 9.566273 vs 9.566273, diff=0
    [1500] HeartArc: 295.518500 vs 295.518500
Checking GeometricSection nodeId=2: 300 points (gold expects 300, gold duration=3 Time, cumulative offset=2130, afterBridge=False)
=== DRIFT ANALYSIS (offset=2130) ===
First divergence at index -1
Max drift 0 at index 0
=== FIRST 20 POINTS ===
    [0] Pos: (0.000000, 3.000000, 0.000000) vs (0.000000, 3.000000, 0.000000)
    [0] Vel: 10.000000 vs 10.000000, diff=0
    [0] HeartArc: 0.000000 vs 0.000000
    [1] Pos: (0.000000, 3.000000, -0.030000) vs (0.000000, 3.000000, -0.030000)
    [1] Vel: 3.000000 vs 3.000000, diff=0
    [1] HeartArc: 0.030000 vs 0.030000
    [2] Pos: (0.000000, 3.000000, -0.060000) vs (0.000000, 3.000000, -0.060000)
    [2] Vel: 3.000000 vs 3.000000, diff=0
    [2] HeartArc: 0.060000 vs 0.060000
    [3] Pos: (0.000000, 3.000000, -0.090000) vs (0.000000, 3.000000, -0.090000)
    [3] Vel: 3.000000 vs 3.000000, diff=0
    [3] HeartArc: 0.090000 vs 0.090000
    [4] Pos: (0.000000, 3.000000, -0.120000) vs (0.000000, 3.000000, -0.120000)
    [4] Vel: 3.000000 vs 3.000000, diff=0
    [4] HeartArc: 0.120000 vs 0.120000
    [5] Pos: (0.000000, 3.000000, -0.150000) vs (0.000000, 3.000000, -0.150000)
    [5] Vel: 3.000000 vs 3.000000, diff=0
    [5] HeartArc: 0.150000 vs 0.150000
    [6] Pos: (0.000000, 3.000000, -0.180000) vs (0.000000, 3.000000, -0.180000)
    [6] Vel: 3.000000 vs 3.000000, diff=0
    [6] HeartArc: 0.180000 vs 0.180000
    [7] Pos: (0.000000, 3.000000, -0.210000) vs (0.000000, 3.000000, -0.210000)
    [7] Vel: 3.000000 vs 3.000000, diff=0
    [7] HeartArc: 0.210000 vs 0.210000
    [8] Pos: (0.000000, 3.000000, -0.240000) vs (0.000000, 3.000000, -0.240000)
    [8] Vel: 3.000000 vs 3.000000, diff=0
    [8] HeartArc: 0.240000 vs 0.240000
    [9] Pos: (0.000000, 3.000000, -0.270000) vs (0.000000, 3.000000, -0.270000)
    [9] Vel: 3.000000 vs 3.000000, diff=0
    [9] HeartArc: 0.270000 vs 0.270000
    [10] Pos: (0.000000, 3.000000, -0.300000) vs (0.000000, 3.000000, -0.300000)
    [10] Vel: 3.000000 vs 3.000000, diff=0
    [10] HeartArc: 0.300000 vs 0.300000
    [11] Pos: (0.000000, 3.000000, -0.330000) vs (0.000000, 3.000000, -0.330000)
    [11] Vel: 3.000000 vs 3.000000, diff=0
    [11] HeartArc: 0.330000 vs 0.330000
    [12] Pos: (0.000000, 3.000000, -0.360000) vs (0.000000, 3.000000, -0.360000)
    [12] Vel: 3.000000 vs 3.000000, diff=0
    [12] HeartArc: 0.360000 vs 0.360000
    [13] Pos: (0.000000, 3.000000, -0.390000) vs (0.000000, 3.000000, -0.390000)
    [13] Vel: 3.000000 vs 3.000000, diff=0
    [13] HeartArc: 0.390000 vs 0.390000
    [14] Pos: (0.000000, 3.000000, -0.420000) vs (0.000000, 3.000000, -0.420000)
    [14] Vel: 3.000000 vs 3.000000, diff=0
    [14] HeartArc: 0.420000 vs 0.420000
    [15] Pos: (0.000000, 3.000000, -0.450000) vs (0.000000, 3.000000, -0.450000)
    [15] Vel: 3.000000 vs 3.000000, diff=0
    [15] HeartArc: 0.450000 vs 0.450000
    [16] Pos: (0.000000, 3.000000, -0.480000) vs (0.000000, 3.000000, -0.480000)
    [16] Vel: 3.000000 vs 3.000000, diff=0
    [16] HeartArc: 0.480000 vs 0.480000
    [17] Pos: (0.000000, 3.000000, -0.510000) vs (0.000000, 3.000000, -0.510000)
    [17] Vel: 3.000000 vs 3.000000, diff=0
    [17] HeartArc: 0.510000 vs 0.510000
    [18] Pos: (0.000000, 3.000000, -0.540000) vs (0.000000, 3.000000, -0.540000)
    [18] Vel: 3.000000 vs 3.000000, diff=0
    [18] HeartArc: 0.540000 vs 0.540000
    [19] Pos: (0.000000, 3.000000, -0.570000) vs (0.000000, 3.000000, -0.570000)
    [19] Vel: 3.000000 vs 3.000000, diff=0
    [19] HeartArc: 0.570000 vs 0.570000
=== SAMPLE POINTS ===
    [50] Pos: (0.000000, 3.000000, -1.499999) vs (0.000000, 3.000000, -1.499999)
    [50] Vel: 3.000000 vs 3.000000, diff=0
    [50] HeartArc: 1.499999 vs 1.499999
    [100] Pos: (0.000000, 3.000000, -3.000005) vs (0.000000, 3.000000, -3.000005)
    [100] Vel: 3.000000 vs 3.000000, diff=0
    [100] HeartArc: 3.000005 vs 3.000005
    [200] Pos: (0.000000, 3.000000, -5.999994) vs (0.000000, 3.000000, -5.999994)
    [200] Vel: 3.000000 vs 3.000000, diff=0
    [200] HeartArc: 5.999994 vs 5.999994
Checking GeometricSection nodeId=1: 1000 points (gold expects 1000, gold duration=10 Time, cumulative offset=2430, afterBridge=False)
=== DRIFT ANALYSIS (offset=2430) ===
First divergence at index -1
Max drift 0 at index 0
=== FIRST 20 POINTS ===
    [0] Pos: (-19.965110, 3.090099, -4.364336) vs (-19.965110, 3.090099, -4.364336)
    [0] Vel: 3.597004 vs 3.597004, diff=0
    [0] HeartArc: 45.152870 vs 45.152870
    [1] Pos: (-19.964970, 3.106402, -4.332273) vs (-19.964970, 3.106402, -4.332273)
    [1] Vel: 3.597004 vs 3.597004, diff=0
    [1] HeartArc: 45.188840 vs 45.188840
    [2] Pos: (-19.964830, 3.122705, -4.300211) vs (-19.964830, 3.122705, -4.300211)
    [2] Vel: 3.597004 vs 3.597004, diff=0
    [2] HeartArc: 45.224810 vs 45.224810
    [3] Pos: (-19.964690, 3.139008, -4.268148) vs (-19.964690, 3.139008, -4.268148)
    [3] Vel: 3.597004 vs 3.597004, diff=0
    [3] HeartArc: 45.260780 vs 45.260780
    [4] Pos: (-19.964550, 3.155311, -4.236086) vs (-19.964550, 3.155311, -4.236086)
    [4] Vel: 3.597004 vs 3.597004, diff=0
    [4] HeartArc: 45.296750 vs 45.296750
    [5] Pos: (-19.964410, 3.171614, -4.204023) vs (-19.964410, 3.171614, -4.204023)
    [5] Vel: 3.597004 vs 3.597004, diff=0
    [5] HeartArc: 45.332720 vs 45.332720
    [6] Pos: (-19.964270, 3.187917, -4.171961) vs (-19.964270, 3.187917, -4.171961)
    [6] Vel: 3.597004 vs 3.597004, diff=0
    [6] HeartArc: 45.368690 vs 45.368690
    [7] Pos: (-19.964130, 3.204220, -4.139898) vs (-19.964130, 3.204220, -4.139898)
    [7] Vel: 3.597004 vs 3.597004, diff=0
    [7] HeartArc: 45.404660 vs 45.404660
    [8] Pos: (-19.963990, 3.220523, -4.107836) vs (-19.963990, 3.220523, -4.107836)
    [8] Vel: 3.597004 vs 3.597004, diff=0
    [8] HeartArc: 45.440620 vs 45.440620
    [9] Pos: (-19.963840, 3.236826, -4.075773) vs (-19.963840, 3.236826, -4.075773)
    [9] Vel: 3.597004 vs 3.597004, diff=0
    [9] HeartArc: 45.476590 vs 45.476590
    [10] Pos: (-19.963700, 3.253129, -4.043711) vs (-19.963700, 3.253129, -4.043711)
    [10] Vel: 3.597004 vs 3.597004, diff=0
    [10] HeartArc: 45.512560 vs 45.512560
    [11] Pos: (-19.963560, 3.269433, -4.011648) vs (-19.963560, 3.269433, -4.011648)
    [11] Vel: 3.597004 vs 3.597004, diff=0
    [11] HeartArc: 45.548530 vs 45.548530
    [12] Pos: (-19.963420, 3.285736, -3.979585) vs (-19.963420, 3.285736, -3.979585)
    [12] Vel: 3.597004 vs 3.597004, diff=0
    [12] HeartArc: 45.584500 vs 45.584500
    [13] Pos: (-19.963280, 3.302039, -3.947522) vs (-19.963280, 3.302039, -3.947522)
    [13] Vel: 3.597004 vs 3.597004, diff=0
    [13] HeartArc: 45.620470 vs 45.620470
    [14] Pos: (-19.963140, 3.318342, -3.915459) vs (-19.963140, 3.318342, -3.915459)
    [14] Vel: 3.597004 vs 3.597004, diff=0
    [14] HeartArc: 45.656440 vs 45.656440
    [15] Pos: (-19.963000, 3.334645, -3.883396) vs (-19.963000, 3.334645, -3.883396)
    [15] Vel: 3.597004 vs 3.597004, diff=0
    [15] HeartArc: 45.692410 vs 45.692410
    [16] Pos: (-19.962860, 3.350948, -3.851333) vs (-19.962860, 3.350948, -3.851333)
    [16] Vel: 3.597004 vs 3.597004, diff=0
    [16] HeartArc: 45.728370 vs 45.728370
    [17] Pos: (-19.962720, 3.367251, -3.819270) vs (-19.962720, 3.367251, -3.819270)
    [17] Vel: 3.597004 vs 3.597004, diff=0
    [17] HeartArc: 45.764340 vs 45.764340
    [18] Pos: (-19.962570, 3.383554, -3.787207) vs (-19.962570, 3.383554, -3.787207)
    [18] Vel: 3.597004 vs 3.597004, diff=0
    [18] HeartArc: 45.800310 vs 45.800310
    [19] Pos: (-19.962430, 3.399857, -3.755144) vs (-19.962430, 3.399857, -3.755144)
    [19] Vel: 3.597004 vs 3.597004, diff=0
    [19] HeartArc: 45.836280 vs 45.836280
=== SAMPLE POINTS ===
    [50] Pos: (-19.958060, 3.905252, -2.761191) vs (-19.958060, 3.905252, -2.761191)
    [50] Vel: 3.597004 vs 3.597004, diff=0
    [50] HeartArc: 46.951310 vs 46.951310
    [100] Pos: (-19.951000, 4.720405, -1.158047) vs (-19.951000, 4.720405, -1.158047)
    [100] Vel: 3.597004 vs 3.597004, diff=0
    [100] HeartArc: 48.749750 vs 48.749750
    [200] Pos: (-19.936890, 6.350711, 2.048237) vs (-19.936890, 6.350711, 2.048237)
    [200] Vel: 3.597004 vs 3.597004, diff=0
    [200] HeartArc: 52.346630 vs 52.346630
    [500] Pos: (-19.894540, 11.241820, 11.667020) vs (-19.894540, 11.241820, 11.667020)
    [500] Vel: 3.597004 vs 3.597004, diff=0
    [500] HeartArc: 63.137260 vs 63.137260
Checking CurvedSection nodeId=6: 147 points (gold expects 147, gold duration=0 , cumulative offset=3430, afterBridge=False)
=== DRIFT ANALYSIS (offset=3430) ===
First divergence at index -1
Max drift 0 at index 0
=== FIRST 20 POINTS ===
    [0] Pos: (-19.984840, 2.136768, -8.885284) vs (-19.984840, 2.136768, -8.885284)
    [0] Vel: 3.597004 vs 3.597004, diff=0
    [0] HeartArc: 40.478980 vs 40.478980
    [1] Pos: (-19.984700, 2.135074, -8.853316) vs (-19.984700, 2.135074, -8.853316)
    [1] Vel: 3.597004 vs 3.597004, diff=0
    [1] HeartArc: 40.511000 vs 40.511000
    [2] Pos: (-19.984560, 2.133494, -8.821342) vs (-19.984560, 2.133494, -8.821342)
    [2] Vel: 3.597004 vs 3.597004, diff=0
    [2] HeartArc: 40.543010 vs 40.543010
    [3] Pos: (-19.984420, 2.132029, -8.789363) vs (-19.984420, 2.132029, -8.789363)
    [3] Vel: 3.597004 vs 3.597004, diff=0
    [3] HeartArc: 40.575020 vs 40.575020
    [4] Pos: (-19.984290, 2.130680, -8.757380) vs (-19.984290, 2.130680, -8.757380)
    [4] Vel: 3.597004 vs 3.597004, diff=0
    [4] HeartArc: 40.607040 vs 40.607040
    [5] Pos: (-19.984150, 2.129445, -8.725389) vs (-19.984150, 2.129445, -8.725389)
    [5] Vel: 3.597004 vs 3.597004, diff=0
    [5] HeartArc: 40.639050 vs 40.639050
    [6] Pos: (-19.984010, 2.128326, -8.693397) vs (-19.984010, 2.128326, -8.693397)
    [6] Vel: 3.597004 vs 3.597004, diff=0
    [6] HeartArc: 40.671060 vs 40.671060
    [7] Pos: (-19.983870, 2.127322, -8.661400) vs (-19.983870, 2.127322, -8.661400)
    [7] Vel: 3.597004 vs 3.597004, diff=0
    [7] HeartArc: 40.703080 vs 40.703080
    [8] Pos: (-19.983730, 2.126432, -8.629399) vs (-19.983730, 2.126432, -8.629399)
    [8] Vel: 3.597004 vs 3.597004, diff=0
    [8] HeartArc: 40.735090 vs 40.735090
    [9] Pos: (-19.983590, 2.125658, -8.597396) vs (-19.983590, 2.125658, -8.597396)
    [9] Vel: 3.597004 vs 3.597004, diff=0
    [9] HeartArc: 40.767100 vs 40.767100
    [10] Pos: (-19.983450, 2.125000, -8.565389) vs (-19.983450, 2.125000, -8.565389)
    [10] Vel: 3.597004 vs 3.597004, diff=0
    [10] HeartArc: 40.799110 vs 40.799110
    [11] Pos: (-19.983310, 2.124456, -8.533381) vs (-19.983310, 2.124456, -8.533381)
    [11] Vel: 3.597004 vs 3.597004, diff=0
    [11] HeartArc: 40.831130 vs 40.831130
    [12] Pos: (-19.983170, 2.124027, -8.501371) vs (-19.983170, 2.124027, -8.501371)
    [12] Vel: 3.597004 vs 3.597004, diff=0
    [12] HeartArc: 40.863140 vs 40.863140
    [13] Pos: (-19.983030, 2.123713, -8.469360) vs (-19.983030, 2.123713, -8.469360)
    [13] Vel: 3.597004 vs 3.597004, diff=0
    [13] HeartArc: 40.895150 vs 40.895150
    [14] Pos: (-19.982890, 2.123515, -8.437348) vs (-19.982890, 2.123515, -8.437348)
    [14] Vel: 3.597004 vs 3.597004, diff=0
    [14] HeartArc: 40.927170 vs 40.927170
    [15] Pos: (-19.982760, 2.123431, -8.405336) vs (-19.982760, 2.123431, -8.405336)
    [15] Vel: 3.597004 vs 3.597004, diff=0
    [15] HeartArc: 40.959180 vs 40.959180
    [16] Pos: (-19.982620, 2.123463, -8.373323) vs (-19.982620, 2.123463, -8.373323)
    [16] Vel: 3.597004 vs 3.597004, diff=0
    [16] HeartArc: 40.991190 vs 40.991190
    [17] Pos: (-19.982480, 2.123610, -8.341311) vs (-19.982480, 2.123610, -8.341311)
    [17] Vel: 3.597004 vs 3.597004, diff=0
    [17] HeartArc: 41.023200 vs 41.023200
    [18] Pos: (-19.982340, 2.123872, -8.309299) vs (-19.982340, 2.123872, -8.309299)
    [18] Vel: 3.597004 vs 3.597004, diff=0
    [18] HeartArc: 41.055220 vs 41.055220
    [19] Pos: (-19.982200, 2.124249, -8.277288) vs (-19.982200, 2.124249, -8.277288)
    [19] Vel: 3.597004 vs 3.597004, diff=0
    [19] HeartArc: 41.087230 vs 41.087230
=== SAMPLE POINTS ===
    [50] Pos: (-19.977880, 2.192971, -7.287782) vs (-19.977880, 2.192971, -7.287782)
    [50] Vel: 3.597004 vs 3.597004, diff=0
    [50] HeartArc: 42.079630 vs 42.079630
    [100] Pos: (-19.971060, 2.534034, -5.726099) vs (-19.971060, 2.534034, -5.726099)
    [100] Vel: 3.597004 vs 3.597004, diff=0
    [100] HeartArc: 43.680280 vs 43.680280
Checking CurvedSection nodeId=7: 147 points (gold expects 147, gold duration=0 , cumulative offset=3577, afterBridge=False)
=== DRIFT ANALYSIS (offset=3577) ===
First divergence at index -1
Max drift 0 at index 0
=== FIRST 20 POINTS ===
    [0] Pos: (-19.824110, 19.377520, 27.666230) vs (-19.824110, 19.377520, 27.666230)
    [0] Vel: 3.597004 vs 3.597004, diff=0
    [0] HeartArc: 81.087500 vs 81.087500
    [1] Pos: (-19.823960, 19.395560, 27.701850) vs (-19.823960, 19.395560, 27.701850)
    [1] Vel: 3.597004 vs 3.597004, diff=0
    [1] HeartArc: 81.127430 vs 81.127430
    [2] Pos: (-19.823800, 19.413460, 27.737540) vs (-19.823800, 19.413460, 27.737540)
    [2] Vel: 3.597004 vs 3.597004, diff=0
    [2] HeartArc: 81.167350 vs 81.167350
    [3] Pos: (-19.823640, 19.431240, 27.773290) vs (-19.823640, 19.431240, 27.773290)
    [3] Vel: 3.597004 vs 3.597004, diff=0
    [3] HeartArc: 81.207280 vs 81.207280
    [4] Pos: (-19.823490, 19.448880, 27.809100) vs (-19.823490, 19.448880, 27.809100)
    [4] Vel: 3.597004 vs 3.597004, diff=0
    [4] HeartArc: 81.247200 vs 81.247200
    [5] Pos: (-19.823330, 19.466400, 27.844980) vs (-19.823330, 19.466400, 27.844980)
    [5] Vel: 3.597004 vs 3.597004, diff=0
    [5] HeartArc: 81.287120 vs 81.287120
    [6] Pos: (-19.823170, 19.483790, 27.880920) vs (-19.823170, 19.483790, 27.880920)
    [6] Vel: 3.597004 vs 3.597004, diff=0
    [6] HeartArc: 81.327050 vs 81.327050
    [7] Pos: (-19.823020, 19.501050, 27.916930) vs (-19.823020, 19.501050, 27.916930)
    [7] Vel: 3.597004 vs 3.597004, diff=0
    [7] HeartArc: 81.366970 vs 81.366970
    [8] Pos: (-19.822860, 19.518180, 27.952990) vs (-19.822860, 19.518180, 27.952990)
    [8] Vel: 3.597004 vs 3.597004, diff=0
    [8] HeartArc: 81.406900 vs 81.406900
    [9] Pos: (-19.822700, 19.535180, 27.989120) vs (-19.822700, 19.535180, 27.989120)
    [9] Vel: 3.597004 vs 3.597004, diff=0
    [9] HeartArc: 81.446820 vs 81.446820
    [10] Pos: (-19.822550, 19.552050, 28.025300) vs (-19.822550, 19.552050, 28.025300)
    [10] Vel: 3.597004 vs 3.597004, diff=0
    [10] HeartArc: 81.486750 vs 81.486750
    [11] Pos: (-19.822390, 19.568790, 28.061550) vs (-19.822390, 19.568790, 28.061550)
    [11] Vel: 3.597004 vs 3.597004, diff=0
    [11] HeartArc: 81.526670 vs 81.526670
    [12] Pos: (-19.822230, 19.585400, 28.097860) vs (-19.822230, 19.585400, 28.097860)
    [12] Vel: 3.597004 vs 3.597004, diff=0
    [12] HeartArc: 81.566600 vs 81.566600
    [13] Pos: (-19.822070, 19.601880, 28.134230) vs (-19.822070, 19.601880, 28.134230)
    [13] Vel: 3.597004 vs 3.597004, diff=0
    [13] HeartArc: 81.606530 vs 81.606530
    [14] Pos: (-19.821910, 19.618230, 28.170660) vs (-19.821910, 19.618230, 28.170660)
    [14] Vel: 3.597004 vs 3.597004, diff=0
    [14] HeartArc: 81.646450 vs 81.646450
    [15] Pos: (-19.821750, 19.634440, 28.207140) vs (-19.821750, 19.634440, 28.207140)
    [15] Vel: 3.597004 vs 3.597004, diff=0
    [15] HeartArc: 81.686380 vs 81.686380
    [16] Pos: (-19.821590, 19.650520, 28.243680) vs (-19.821590, 19.650520, 28.243680)
    [16] Vel: 3.597004 vs 3.597004, diff=0
    [16] HeartArc: 81.726300 vs 81.726300
    [17] Pos: (-19.821430, 19.666480, 28.280290) vs (-19.821430, 19.666480, 28.280290)
    [17] Vel: 3.597004 vs 3.597004, diff=0
    [17] HeartArc: 81.766230 vs 81.766230
    [18] Pos: (-19.821270, 19.682300, 28.316940) vs (-19.821270, 19.682300, 28.316940)
    [18] Vel: 3.597004 vs 3.597004, diff=0
    [18] HeartArc: 81.806150 vs 81.806150
    [19] Pos: (-19.821110, 19.697990, 28.353660) vs (-19.821110, 19.697990, 28.353660)
    [19] Vel: 3.597004 vs 3.597004, diff=0
    [19] HeartArc: 81.846080 vs 81.846080
=== SAMPLE POINTS ===
    [50] Pos: (-19.816040, 20.117900, 29.517290) vs (-19.816040, 20.117900, 29.517290)
    [50] Vel: 3.597004 vs 3.597004, diff=0
    [50] HeartArc: 83.083770 vs 83.083770
    [100] Pos: (-19.807490, 20.515200, 31.470920) vs (-19.807490, 20.515200, 31.470920)
    [100] Vel: 3.597004 vs 3.597004, diff=0
    [100] HeartArc: 85.080020 vs 85.080020
Checking CurvedSection nodeId=8: 1118 points (gold expects 1118, gold duration=0 , cumulative offset=3724, afterBridge=False)
=== DRIFT ANALYSIS (offset=3724) ===
First divergence at index -1
Max drift 0 at index 0
=== FIRST 20 POINTS ===
    [0] Pos: (0.000000, 3.000000, -8.969998) vs (0.000000, 3.000000, -8.969998)
    [0] Vel: 3.000000 vs 3.000000, diff=0
    [0] HeartArc: 8.969998 vs 8.969998
    [1] Pos: (-0.000045, 2.999999, -9.000056) vs (-0.000045, 2.999999, -9.000056)
    [1] Vel: 2.997941 vs 2.997941, diff=0
    [1] HeartArc: 9.000056 vs 9.000056
    [2] Pos: (-0.000181, 2.999997, -9.030094) vs (-0.000181, 2.999997, -9.030094)
    [2] Vel: 2.995886 vs 2.995886, diff=0
    [2] HeartArc: 9.030094 vs 9.030094
    [3] Pos: (-0.000406, 2.999993, -9.060109) vs (-0.000406, 2.999993, -9.060109)
    [3] Vel: 2.993838 vs 2.993838, diff=0
    [3] HeartArc: 9.060110 vs 9.060110
    [4] Pos: (-0.000721, 2.999987, -9.090103) vs (-0.000721, 2.999987, -9.090103)
    [4] Vel: 2.991794 vs 2.991794, diff=0
    [4] HeartArc: 9.090106 vs 9.090106
    [5] Pos: (-0.001126, 2.999980, -9.120076) vs (-0.001126, 2.999980, -9.120076)
    [5] Vel: 2.989755 vs 2.989755, diff=0
    [5] HeartArc: 9.120082 vs 9.120082
    [6] Pos: (-0.001620, 2.999972, -9.150026) vs (-0.001620, 2.999972, -9.150026)
    [6] Vel: 2.987721 vs 2.987721, diff=0
    [6] HeartArc: 9.150036 vs 9.150036
    [7] Pos: (-0.002204, 2.999962, -9.179955) vs (-0.002204, 2.999962, -9.179955)
    [7] Vel: 2.985693 vs 2.985693, diff=0
    [7] HeartArc: 9.179971 vs 9.179971
    [8] Pos: (-0.002877, 2.999950, -9.209862) vs (-0.002877, 2.999950, -9.209862)
    [8] Vel: 2.983670 vs 2.983670, diff=0
    [8] HeartArc: 9.209885 vs 9.209885
    [9] Pos: (-0.003638, 2.999937, -9.239746) vs (-0.003638, 2.999937, -9.239746)
    [9] Vel: 2.981652 vs 2.981652, diff=0
    [9] HeartArc: 9.239779 vs 9.239779
    [10] Pos: (-0.004489, 2.999922, -9.269608) vs (-0.004489, 2.999922, -9.269608)
    [10] Vel: 2.979639 vs 2.979639, diff=0
    [10] HeartArc: 9.269652 vs 9.269652
    [11] Pos: (-0.005427, 2.999905, -9.299446) vs (-0.005427, 2.999905, -9.299446)
    [11] Vel: 2.977631 vs 2.977631, diff=0
    [11] HeartArc: 9.299505 vs 9.299505
    [12] Pos: (-0.006455, 2.999887, -9.329261) vs (-0.006455, 2.999887, -9.329261)
    [12] Vel: 2.975627 vs 2.975627, diff=0
    [12] HeartArc: 9.329338 vs 9.329338
    [13] Pos: (-0.007570, 2.999868, -9.359054) vs (-0.007570, 2.999868, -9.359054)
    [13] Vel: 2.973630 vs 2.973630, diff=0
    [13] HeartArc: 9.359152 vs 9.359152
    [14] Pos: (-0.008773, 2.999847, -9.388824) vs (-0.008773, 2.999847, -9.388824)
    [14] Vel: 2.971638 vs 2.971638, diff=0
    [14] HeartArc: 9.388946 vs 9.388946
    [15] Pos: (-0.010064, 2.999825, -9.418569) vs (-0.010064, 2.999825, -9.418569)
    [15] Vel: 2.969650 vs 2.969650, diff=0
    [15] HeartArc: 9.418718 vs 9.418718
    [16] Pos: (-0.011443, 2.999800, -9.448290) vs (-0.011443, 2.999800, -9.448290)
    [16] Vel: 2.967668 vs 2.967668, diff=0
    [16] HeartArc: 9.448472 vs 9.448472
    [17] Pos: (-0.012909, 2.999774, -9.477987) vs (-0.012909, 2.999774, -9.477987)
    [17] Vel: 2.965692 vs 2.965692, diff=0
    [17] HeartArc: 9.478206 vs 9.478206
    [18] Pos: (-0.014462, 2.999747, -9.507660) vs (-0.014462, 2.999747, -9.507660)
    [18] Vel: 2.963719 vs 2.963719, diff=0
    [18] HeartArc: 9.507919 vs 9.507919
    [19] Pos: (-0.016103, 2.999719, -9.537309) vs (-0.016103, 2.999719, -9.537309)
    [19] Vel: 2.961751 vs 2.961751, diff=0
    [19] HeartArc: 9.537614 vs 9.537614
=== SAMPLE POINTS ===
    [50] Pos: (-0.109098, 2.998093, -10.443220) vs (-0.109098, 2.998093, -10.443220)
    [50] Vel: 2.903273 vs 2.903273, diff=0
    [50] HeartArc: 10.448600 vs 10.448600
    [100] Pos: (-0.420883, 2.992612, -11.840840) vs (-0.420883, 2.992612, -11.840840)
    [100] Vel: 2.818980 vs 2.818980, diff=0
    [100] HeartArc: 11.881810 vs 11.881810
    [200] Pos: (-1.562692, 2.972041, -14.338060) vs (-1.562692, 2.972041, -14.338060)
    [200] Vel: 2.686295 vs 2.686295, diff=0
    [200] HeartArc: 14.636460 vs 14.636460
    [500] Pos: (-7.760507, 2.842520, -18.716450) vs (-7.760507, 2.842520, -18.716450)
    [500] Vel: 2.559281 vs 2.559281, diff=0
    [500] HeartArc: 22.421000 vs 22.421000
    [1000] Pos: (-19.234380, 2.342045, -12.785890) vs (-19.234380, 2.342045, -12.785890)
    [1000] Vel: 3.250708 vs 3.250708, diff=0
    [1000] HeartArc: 36.474840 vs 36.474840
Skipping Bridge nodeId=9: legacy .kex format doesn't store target anchor data
Verified 6 sections (total 5145 cumulative points)
]]></output>
          </test-case>
          <test-case id="1187" name="Shuttle_LoadAndEvaluate_MatchesGoldData" fullname="Tests.CoasterGoldTests.Shuttle_LoadAndEvaluate_MatchesGoldData" methodname="Shuttle_LoadAndEvaluate_MatchesGoldData" classname="Tests.CoasterGoldTests" runstate="Runnable" seed="1337948047" result="Passed" start-time="2026-01-10 03:18:37Z" end-time="2026-01-10 03:18:37Z" duration="0.212770" asserts="0">
            <properties>
              <property name="retryIteration" value="0" />
              <property name="repeatIteration" value="0" />
            </properties>
            <output><![CDATA[=== COASTER DIAGNOSTICS ===
Graph: 16 nodes, 19 edges
=== ALL NODES IN GRAPH ===
=== SCALARS DUMP (24 entries) ===
  Scalar[1537] = 0.0000
  Scalar[1538] = 0.0000
  Scalar[1539] = 0.0000
  Scalar[1540] = 0.1000
  Scalar[1541] = 1.1000
  Scalar[1542] = 0.0210
  Scalar[1543] = 0.0000
  Scalar[866976309497] = -1.0000
  Scalar[553398309890] = 0.0000
  Scalar[553398309891] = -1.0000
  Scalar[866976309251] = -1.0000
  Scalar[866976309250] = 0.0000
  Scalar[760] = 50.0000
  Scalar[1272] = 2.0000
  Scalar[1273] = -1.0000
  Scalar[1092524439554] = 0.0000
  Scalar[1092524439555] = -1.0000
  Scalar[504] = 2.5000
  Scalar[1016] = 1.0000
  Scalar[1528] = 6.6000
  Scalar[2041] = -1.0000
  Scalar[1017] = -1.0000
  Scalar[1090047430915] = -1.0000
  Scalar[1090047430914] = 0.0000
  [0] id=5 type=Force dur=6.6 no-vec no-vel
  [1] id=4 type=Geometric dur=2 no-vec no-vel
  [2] id=2 type=Geometric dur=50.00001 no-vec no-vel
  [3] id=3 type=Geometric dur=1 no-vec no-vel
  [4] id=1 type=Geometric dur=2.5 no-vec no-vel
  [5] id=6 type=Anchor no-dur no-vec vel-port=2211444262-no-scalar
  [6] id=7 type=Reverse no-dur no-vec no-vel
  [7] id=8 type=Reverse no-dur no-vec no-vel
  [8] id=3386626208 type=CopyPath no-dur no-vec no-vel
  [9] id=4257997777 type=CopyPath no-dur no-vec no-vel
  [10] id=4267673592 type=CopyPath no-dur no-vec no-vel
  [11] id=2161712148 type=CopyPath no-dur no-vec no-vel
  [12] id=13 type=ReversePath no-dur no-vec no-vel
  [13] id=14 type=ReversePath no-dur no-vec no-vel
  [14] id=16 type=ReversePath no-dur no-vec no-vel
  [15] id=15 type=ReversePath no-dur no-vec no-vel
=== EDGES (19) ===
  Edge: node 5 (port=3397609991) -> node 16 (port=499895499)
  Edge: node 5 (port=3551060890) -> node 2 (port=1752105906)
  Edge: node 16 (port=1027114524) -> node 4257997777 (port=3832904716)
  Edge: node 1 (port=2545387420) -> node 13 (port=1132287077)
  Edge: node 15 (port=363071863) -> node 4267673592 (port=4168242533)
  Edge: node 8 (port=1984287434) -> node 4267673592 (port=2738126404)
  Edge: node 1 (port=3698306244) -> node 5 (port=3807449982)
  Edge: node 4257997777 (port=3919281599) -> node 2161712148 (port=3286014599)
  Edge: node 13 (port=1858037438) -> node 2161712148 (port=2619590779)
  Edge: node 1 (port=2545387420) -> node 14 (port=2504405529)
  Edge: node 4267673592 (port=2837056071) -> node 4257997777 (port=2392787693)
  Edge: node 3386626208 (port=3273838424) -> node 3 (port=3470377393)
  Edge: node 14 (port=3765982659) -> node 3386626208 (port=4145549934)
  Edge: node 7 (port=3444455266) -> node 3386626208 (port=3073046030)
  Edge: node 2 (port=1592716920) -> node 15 (port=1440202488)
  Edge: node 2 (port=1769637745) -> node 8 (port=1176360213)
  Edge: node 2 (port=1769637745) -> node 4 (port=740216124)
  Edge: node 6 (port=2737928590) -> node 1 (port=2335877407)
  Edge: node 1 (port=3698306244) -> node 7 (port=3127128704)
=== GOLD FIRST SECTION INPUT ANCHOR ===
  vel=30.0000 frictionOrig=44.6496 dir=(0.000,0.000,-1.000)
Checking ForceSection nodeId=5: 660 points (gold expects 660, gold duration=6.6 Time, cumulative offset=0, afterBridge=False)
=== DRIFT ANALYSIS (offset=0) ===
First divergence at index -1
Max drift 0 at index 0
=== FIRST 20 POINTS ===
    [0] Pos: (0.000000, 3.000000, -44.949640) vs (0.000000, 3.000000, -44.949640)
    [0] Vel: 30.000000 vs 30.000000, diff=0
    [0] HeartArc: 44.949640 vs 44.949640
    [1] Pos: (0.000000, 3.000000, -45.249640) vs (0.000000, 3.000000, -45.249640)
    [1] Vel: 29.997760 vs 29.997760, diff=0
    [1] HeartArc: 45.249640 vs 45.249640
    [2] Pos: (0.000000, 3.000001, -45.549610) vs (0.000000, 3.000001, -45.549610)
    [2] Vel: 29.995520 vs 29.995520, diff=0
    [2] HeartArc: 45.549610 vs 45.549610
    [3] Pos: (0.000000, 3.000004, -45.849560) vs (0.000000, 3.000004, -45.849560)
    [3] Vel: 29.993280 vs 29.993280, diff=0
    [3] HeartArc: 45.849560 vs 45.849560
    [4] Pos: (0.000000, 3.000011, -46.149470) vs (0.000000, 3.000011, -46.149470)
    [4] Vel: 29.991040 vs 29.991040, diff=0
    [4] HeartArc: 46.149470 vs 46.149470
    [5] Pos: (0.000000, 3.000025, -46.449350) vs (0.000000, 3.000025, -46.449350)
    [5] Vel: 29.988800 vs 29.988800, diff=0
    [5] HeartArc: 46.449350 vs 46.449350
[...]
    [14] HeartArc: 49.146430 vs 49.146430
    [15] Pos: (0.000001, 3.001511, -49.445860) vs (0.000001, 3.001511, -49.445860)
    [15] Vel: 29.965910 vs 29.965910, diff=0
    [15] HeartArc: 49.445860 vs 49.445860
    [16] Pos: (0.000001, 3.001934, -49.745240) vs (0.000001, 3.001934, -49.745240)
    [16] Vel: 29.963540 vs 29.963540, diff=0
    [16] HeartArc: 49.745240 vs 49.745240
    [17] Pos: (0.000001, 3.002440, -50.044550) vs (0.000001, 3.002440, -50.044550)
    [17] Vel: 29.961130 vs 29.961130, diff=0
    [17] HeartArc: 50.044550 vs 50.044550
    [18] Pos: (0.000002, 3.003038, -50.343800) vs (0.000002, 3.003038, -50.343800)
    [18] Vel: 29.958700 vs 29.958700, diff=0
    [18] HeartArc: 50.343800 vs 50.343800
    [19] Pos: (0.000002, 3.003739, -50.642990) vs (0.000002, 3.003739, -50.642990)
    [19] Vel: 29.956230 vs 29.956230, diff=0
    [19] HeartArc: 50.642990 vs 50.642990
=== SAMPLE POINTS ===
    [50] Pos: (0.000293, 3.152895, -59.872330) vs (0.000293, 3.152895, -59.872330)
    [50] Vel: 29.837650 vs 29.837650, diff=0
    [50] HeartArc: 59.874060 vs 59.874060
    [100] Pos: (0.010764, 5.002080, -74.270510) vs (0.010764, 5.002080, -74.270510)
    [100] Vel: 29.099860 vs 29.099860, diff=0
    [100] HeartArc: 74.418720 vs 74.418720
    [200] Pos: (0.271650, 20.414070, -93.219800) vs (0.271650, 20.414070, -93.219800)
    [200] Vel: 22.803960 vs 22.803960, diff=0
    [200] HeartArc: 99.900210 vs 99.900210
    [500] Pos: (3.130465, 11.351900, -83.182510) vs (3.130465, 11.351900, -83.182510)
    [500] Vel: 26.127590 vs 26.127590, diff=0
    [500] HeartArc: 150.151800 vs 150.151800
Checking GeometricSection nodeId=4: 200 points (gold expects 200, gold duration=2 Time, cumulative offset=660, afterBridge=False)
=== DRIFT ANALYSIS (offset=660) ===
First divergence at index -1
Max drift 0 at index 0
=== FIRST 20 POINTS ===
    [0] Pos: (3.391815, 43.997280, -145.254600) vs (3.391815, 43.997280, -145.254600)
    [0] Vel: 0.076685 vs 0.076685, diff=0
    [0] HeartArc: 233.524700 vs 233.524700
    [1] Pos: (3.391752, 44.085600, -145.301500) vs (3.391752, 44.085600, -145.301500)
    [1] Vel: 10.000000 vs 10.000000, diff=0
    [1] HeartArc: 233.624700 vs 233.624700
    [2] Pos: (3.391690, 44.173920, -145.348400) vs (3.391690, 44.173920, -145.348400)
    [2] Vel: 10.000000 vs 10.000000, diff=0
    [2] HeartArc: 233.724700 vs 233.724700
    [3] Pos: (3.391628, 44.262240, -145.395300) vs (3.391628, 44.262240, -145.395300)
    [3] Vel: 10.000000 vs 10.000000, diff=0
    [3] HeartArc: 233.824700 vs 233.824700
    [4] Pos: (3.391565, 44.350560, -145.442200) vs (3.391565, 44.350560, -145.442200)
    [4] Vel: 10.000000 vs 10.000000, diff=0
    [4] HeartArc: 233.924700 vs 233.924700
    [5] Pos: (3.391503, 44.438870, -145.489100) vs (3.391503, 44.438870, -145.489100)
    [5] Vel: 10.000000 vs 10.000000, diff=0
    [5] HeartArc: 234.024700 vs 234.024700
    [6] Pos: (3.391440, 44.527190, -145.536000) vs (3.391440, 44.527190, -145.536000)
    [6] Vel: 10.000000 vs 10.000000, diff=0
    [6] HeartArc: 234.124700 vs 234.124700
    [7] Pos: (3.391378, 44.615510, -145.582900) vs (3.391378, 44.615510, -145.582900)
    [7] Vel: 10.000000 vs 10.000000, diff=0
    [7] HeartArc: 234.224700 vs 234.224700
    [8] Pos: (3.391315, 44.703830, -145.629800) vs (3.391315, 44.703830, -145.629800)
    [8] Vel: 10.000000 vs 10.000000, diff=0
    [8] HeartArc: 234.324700 vs 234.324700
    [9] Pos: (3.391253, 44.792140, -145.676700) vs (3.391253, 44.792140, -145.676700)
    [9] Vel: 10.000000 vs 10.000000, diff=0
    [9] HeartArc: 234.424700 vs 234.424700
    [10] Pos: (3.391190, 44.880460, -145.723600) vs (3.391190, 44.880460, -145.723600)
    [10] Vel: 10.000000 vs 10.000000, diff=0
    [10] HeartArc: 234.524700 vs 234.524700
    [11] Pos: (3.391128, 44.968780, -145.770500) vs (3.391128, 44.968780, -145.770500)
    [11] Vel: 10.000000 vs 10.000000, diff=0
    [11] HeartArc: 234.624700 vs 234.624700
    [12] Pos: (3.391065, 45.057100, -145.817400) vs (3.391065, 45.057100, -145.817400)
    [12] Vel: 10.000000 vs 10.000000, diff=0
    [12] HeartArc: 234.724700 vs 234.724700
    [13] Pos: (3.391003, 45.145420, -145.864300) vs (3.391003, 45.145420, -145.864300)
    [13] Vel: 10.000000 vs 10.000000, diff=0
    [13] HeartArc: 234.824800 vs 234.824800
    [14] Pos: (3.390940, 45.233730, -145.911200) vs (3.390940, 45.233730, -145.911200)
    [14] Vel: 10.000000 vs 10.000000, diff=0
    [14] HeartArc: 234.924800 vs 234.924800
    [15] Pos: (3.390878, 45.322050, -145.958100) vs (3.390878, 45.322050, -145.958100)
    [15] Vel: 10.000000 vs 10.000000, diff=0
    [15] HeartArc: 235.024800 vs 235.024800
    [16] Pos: (3.390815, 45.410370, -146.005100) vs (3.390815, 45.410370, -146.005100)
    [16] Vel: 10.000000 vs 10.000000, diff=0
    [16] HeartArc: 235.124800 vs 235.124800
    [17] Pos: (3.390753, 45.498690, -146.052000) vs (3.390753, 45.498690, -146.052000)
    [17] Vel: 10.000000 vs 10.000000, diff=0
    [17] HeartArc: 235.224800 vs 235.224800
    [18] Pos: (3.390691, 45.587010, -146.098900) vs (3.390691, 45.587010, -146.098900)
    [18] Vel: 10.000000 vs 10.000000, diff=0
    [18] HeartArc: 235.324800 vs 235.324800
    [19] Pos: (3.390628, 45.675320, -146.145800) vs (3.390628, 45.675320, -146.145800)
    [19] Vel: 10.000000 vs 10.000000, diff=0
    [19] HeartArc: 235.424800 vs 235.424800
=== SAMPLE POINTS ===
    [50] Pos: (3.388692, 48.413180, -147.599800) vs (3.388692, 48.413180, -147.599800)
    [50] Vel: 10.000000 vs 10.000000, diff=0
    [50] HeartArc: 238.525000 vs 238.525000
    [100] Pos: (3.385568, 52.829070, -149.945100) vs (3.385568, 52.829070, -149.945100)
    [100] Vel: 10.000000 vs 10.000000, diff=0
    [100] HeartArc: 243.525300 vs 243.525300
Checking GeometricSection nodeId=2: 301 points (gold expects 301, gold duration=50.00001 Distance, cumulative offset=860, afterBridge=False)
=== DRIFT ANALYSIS (offset=860) ===
First divergence at index -1
Max drift 0 at index 0
=== FIRST 20 POINTS ===
    [0] Pos: (3.421504, 10.418930, -122.876600) vs (3.421504, 10.418930, -122.876600)
    [0] Vel: 26.132330 vs 26.132330, diff=0
    [0] HeartArc: 192.800800 vs 192.800800
    [1] Pos: (3.421222, 10.570740, -123.089300) vs (3.421222, 10.570740, -123.089300)
    [1] Vel: 26.071200 vs 26.071200, diff=0
    [1] HeartArc: 193.062100 vs 193.062100
    [2] Pos: (3.420942, 10.723980, -123.300200) vs (3.420942, 10.723980, -123.300200)
    [2] Vel: 26.009380 vs 26.009380, diff=0
    [2] HeartArc: 193.322800 vs 193.322800
    [3] Pos: (3.420665, 10.878610, -123.509400) vs (3.420665, 10.878610, -123.509400)
    [3] Vel: 25.946870 vs 25.946870, diff=0
    [3] HeartArc: 193.582900 vs 193.582900
    [4] Pos: (3.420389, 11.034610, -123.716700) vs (3.420389, 11.034610, -123.716700)
    [4] Vel: 25.883690 vs 25.883690, diff=0
    [4] HeartArc: 193.842400 vs 193.842400
    [5] Pos: (3.420117, 11.191950, -123.922200) vs (3.420117, 11.191950, -123.922200)
    [5] Vel: 25.819840 vs 25.819840, diff=0
    [5] HeartArc: 194.101200 vs 194.101200
    [6] Pos: (3.419846, 11.350600, -124.125900) vs (3.419846, 11.350600, -124.125900)
    [6] Vel: 25.755330 vs 25.755330, diff=0
    [6] HeartArc: 194.359400 vs 194.359400
    [7] Pos: (3.419578, 11.510510, -124.327800) vs (3.419578, 11.510510, -124.327800)
    [7] Vel: 25.690170 vs 25.690170, diff=0
    [7] HeartArc: 194.617000 vs 194.617000
    [8] Pos: (3.419313, 11.671670, -124.527900) vs (3.419313, 11.671670, -124.527900)
    [8] Vel: 25.624370 vs 25.624370, diff=0
    [8] HeartArc: 194.873900 vs 194.873900
    [9] Pos: (3.419050, 11.834030, -124.726100) vs (3.419050, 11.834030, -124.726100)
    [9] Vel: 25.557940 vs 25.557940, diff=0
    [9] HeartArc: 195.130100 vs 195.130100
    [10] Pos: (3.418789, 11.997560, -124.922500) vs (3.418789, 11.997560, -124.922500)
    [10] Vel: 25.490880 vs 25.490880, diff=0
    [10] HeartArc: 195.385700 vs 195.385700
    [11] Pos: (3.418531, 12.162240, -125.117100) vs (3.418531, 12.162240, -125.117100)
    [11] Vel: 25.423200 vs 25.423200, diff=0
    [11] HeartArc: 195.640600 vs 195.640600
    [12] Pos: (3.418276, 12.328020, -125.309800) vs (3.418276, 12.328020, -125.309800)
    [12] Vel: 25.354930 vs 25.354930, diff=0
    [12] HeartArc: 195.894800 vs 195.894800
    [13] Pos: (3.418022, 12.494870, -125.500700) vs (3.418022, 12.494870, -125.500700)
    [13] Vel: 25.286060 vs 25.286060, diff=0
    [13] HeartArc: 196.148400 vs 196.148400
    [14] Pos: (3.417772, 12.662760, -125.689800) vs (3.417772, 12.662760, -125.689800)
    [14] Vel: 25.216600 vs 25.216600, diff=0
    [14] HeartArc: 196.401200 vs 196.401200
    [15] Pos: (3.417523, 12.831640, -125.877100) vs (3.417523, 12.831640, -125.877100)
    [15] Vel: 25.146570 vs 25.146570, diff=0
    [15] HeartArc: 196.653400 vs 196.653400
    [16] Pos: (3.417277, 13.001490, -126.062500) vs (3.417277, 13.001490, -126.062500)
    [16] Vel: 25.075980 vs 25.075980, diff=0
    [16] HeartArc: 196.904900 vs 196.904900
    [17] Pos: (3.417033, 13.172270, -126.246100) vs (3.417033, 13.172270, -126.246100)
    [17] Vel: 25.004830 vs 25.004830, diff=0
    [17] HeartArc: 197.155600 vs 197.155600
    [18] Pos: (3.416792, 13.343950, -126.427900) vs (3.416792, 13.343950, -126.427900)
    [18] Vel: 24.933140 vs 24.933140, diff=0
    [18] HeartArc: 197.405700 vs 197.405700
    [19] Pos: (3.416553, 13.516490, -126.607900) vs (3.416553, 13.516490, -126.607900)
    [19] Vel: 24.860920 vs 24.860920, diff=0
    [19] HeartArc: 197.655000 vs 197.655000
=== SAMPLE POINTS ===
    [50] Pos: (3.410250, 19.109230, -131.358800) vs (3.410250, 19.109230, -131.358800)
    [50] Vel: 22.413800 vs 22.413800, diff=0
    [50] HeartArc: 205.003800 vs 205.003800
    [100] Pos: (3.403272, 27.780960, -136.619200) vs (3.403272, 27.780960, -136.619200)
    [100] Vel: 18.053740 vs 18.053740, diff=0
    [100] HeartArc: 215.152300 vs 215.152300
    [200] Pos: (3.394755, 39.825940, -143.038800) vs (3.394755, 39.825940, -143.038800)
    [200] Vel: 9.152776 vs 9.152776, diff=0
    [200] HeartArc: 228.801300 vs 228.801300
Checking GeometricSection nodeId=3: 100 points (gold expects 100, gold duration=1 Time, cumulative offset=1161, afterBridge=False)
=== DRIFT ANALYSIS (offset=1161) ===
First divergence at index -1
Max drift 0 at index 0
=== FIRST 20 POINTS ===
    [0] Pos: (0.000000, 3.000000, 0.000000) vs (0.000000, 3.000000, 0.000000)
    [0] Vel: 29.662830 vs 29.662830, diff=0
    [0] HeartArc: 89.899280 vs 89.899280
    [1] Pos: (0.000000, 3.000000, 0.100000) vs (0.000000, 3.000000, 0.100000)
    [1] Vel: 10.000000 vs 10.000000, diff=0
    [1] HeartArc: 89.999280 vs 89.999280
    [2] Pos: (0.000000, 3.000000, 0.200000) vs (0.000000, 3.000000, 0.200000)
    [2] Vel: 10.000000 vs 10.000000, diff=0
    [2] HeartArc: 90.099270 vs 90.099270
    [3] Pos: (0.000000, 3.000000, 0.300000) vs (0.000000, 3.000000, 0.300000)
    [3] Vel: 10.000000 vs 10.000000, diff=0
    [3] HeartArc: 90.199270 vs 90.199270
    [4] Pos: (0.000000, 3.000000, 0.400000) vs (0.000000, 3.000000, 0.400000)
    [4] Vel: 10.000000 vs 10.000000, diff=0
    [4] HeartArc: 90.299270 vs 90.299270
    [5] Pos: (0.000000, 3.000000, 0.500000) vs (0.000000, 3.000000, 0.500000)
    [5] Vel: 10.000000 vs 10.000000, diff=0
    [5] HeartArc: 90.399270 vs 90.399270
    [6] Pos: (0.000000, 3.000000, 0.600000) vs (0.000000, 3.000000, 0.600000)
    [6] Vel: 10.000000 vs 10.000000, diff=0
    [6] HeartArc: 90.499270 vs 90.499270
    [7] Pos: (0.000000, 3.000000, 0.700000) vs (0.000000, 3.000000, 0.700000)
    [7] Vel: 10.000000 vs 10.000000, diff=0
    [7] HeartArc: 90.599270 vs 90.599270
    [8] Pos: (0.000000, 3.000000, 0.800000) vs (0.000000, 3.000000, 0.800000)
    [8] Vel: 10.000000 vs 10.000000, diff=0
    [8] HeartArc: 90.699260 vs 90.699260
    [9] Pos: (0.000000, 3.000000, 0.900000) vs (0.000000, 3.000000, 0.900000)
    [9] Vel: 10.000000 vs 10.000000, diff=0
    [9] HeartArc: 90.799260 vs 90.799260
    [10] Pos: (0.000000, 3.000000, 1.000000) vs (0.000000, 3.000000, 1.000000)
    [10] Vel: 10.000000 vs 10.000000, diff=0
    [10] HeartArc: 90.899260 vs 90.899260
    [11] Pos: (0.000000, 3.000000, 1.100000) vs (0.000000, 3.000000, 1.100000)
    [11] Vel: 10.000000 vs 10.000000, diff=0
    [11] HeartArc: 90.999260 vs 90.999260
    [12] Pos: (0.000000, 3.000000, 1.200000) vs (0.000000, 3.000000, 1.200000)
    [12] Vel: 10.000000 vs 10.000000, diff=0
    [12] HeartArc: 91.099260 vs 91.099260
    [13] Pos: (0.000000, 3.000000, 1.300000) vs (0.000000, 3.000000, 1.300000)
    [13] Vel: 10.000000 vs 10.000000, diff=0
    [13] HeartArc: 91.199260 vs 91.199260
    [14] Pos: (0.000000, 3.000000, 1.400000) vs (0.000000, 3.000000, 1.400000)
    [14] Vel: 10.000000 vs 10.000000, diff=0
    [14] HeartArc: 91.299260 vs 91.299260
    [15] Pos: (0.000000, 3.000000, 1.500000) vs (0.000000, 3.000000, 1.500000)
    [15] Vel: 10.000000 vs 10.000000, diff=0
    [15] HeartArc: 91.399250 vs 91.399250
    [16] Pos: (0.000000, 3.000000, 1.600000) vs (0.000000, 3.000000, 1.600000)
    [16] Vel: 10.000000 vs 10.000000, diff=0
    [16] HeartArc: 91.499250 vs 91.499250
    [17] Pos: (0.000000, 3.000000, 1.699999) vs (0.000000, 3.000000, 1.699999)
    [17] Vel: 10.000000 vs 10.000000, diff=0
    [17] HeartArc: 91.599250 vs 91.599250
    [18] Pos: (0.000000, 3.000000, 1.799999) vs (0.000000, 3.000000, 1.799999)
    [18] Vel: 10.000000 vs 10.000000, diff=0
    [18] HeartArc: 91.699250 vs 91.699250
    [19] Pos: (0.000000, 3.000000, 1.899999) vs (0.000000, 3.000000, 1.899999)
    [19] Vel: 10.000000 vs 10.000000, diff=0
    [19] HeartArc: 91.799250 vs 91.799250
=== SAMPLE POINTS ===
    [50] Pos: (0.000000, 3.000000, 5.000001) vs (0.000000, 3.000000, 5.000001)
    [50] Vel: 10.000000 vs 10.000000, diff=0
    [50] HeartArc: 94.899200 vs 94.899200
Checking GeometricSection nodeId=1: 250 points (gold expects 250, gold duration=2.5 Time, cumulative offset=1261, afterBridge=False)
=== DRIFT ANALYSIS (offset=1261) ===
First divergence at index -1
Max drift 0 at index 0
=== FIRST 20 POINTS ===
    [0] Pos: (0.000000, 3.000000, 0.000000) vs (0.000000, 3.000000, 0.000000)
    [0] Vel: 0.100000 vs 0.100000, diff=0
    [0] HeartArc: 0.000000 vs 0.000000
    [1] Pos: (0.000000, 3.000000, -0.001019) vs (0.000000, 3.000000, -0.001019)
    [1] Vel: 0.101921 vs 0.101921, diff=0
    [1] HeartArc: 0.001019 vs 0.001019
    [2] Pos: (0.000000, 3.000000, -0.002096) vs (0.000000, 3.000000, -0.002096)
    [2] Vel: 0.107674 vs 0.107674, diff=0
    [2] HeartArc: 0.002096 vs 0.002096
    [3] Pos: (0.000000, 3.000000, -0.003268) vs (0.000000, 3.000000, -0.003268)
    [3] Vel: 0.117248 vs 0.117248, diff=0
    [3] HeartArc: 0.003268 vs 0.003268
    [4] Pos: (0.000000, 3.000000, -0.004575) vs (0.000000, 3.000000, -0.004575)
    [4] Vel: 0.130628 vs 0.130628, diff=0
    [4] HeartArc: 0.004575 vs 0.004575
    [5] Pos: (0.000000, 3.000000, -0.006053) vs (0.000000, 3.000000, -0.006053)
    [5] Vel: 0.147805 vs 0.147805, diff=0
    [5] HeartArc: 0.006053 vs 0.006053
    [6] Pos: (0.000000, 3.000000, -0.007740) vs (0.000000, 3.000000, -0.007740)
    [6] Vel: 0.168759 vs 0.168759, diff=0
    [6] HeartArc: 0.007740 vs 0.007740
    [7] Pos: (0.000000, 3.000000, -0.009675) vs (0.000000, 3.000000, -0.009675)
    [7] Vel: 0.193479 vs 0.193479, diff=0
    [7] HeartArc: 0.009675 vs 0.009675
    [8] Pos: (0.000000, 3.000000, -0.011895) vs (0.000000, 3.000000, -0.011895)
    [8] Vel: 0.221948 vs 0.221948, diff=0
    [8] HeartArc: 0.011895 vs 0.011895
    [9] Pos: (0.000000, 3.000000, -0.014436) vs (0.000000, 3.000000, -0.014436)
    [9] Vel: 0.254151 vs 0.254151, diff=0
    [9] HeartArc: 0.014436 vs 0.014436
    [10] Pos: (0.000000, 3.000000, -0.017337) vs (0.000000, 3.000000, -0.017337)
    [10] Vel: 0.290072 vs 0.290072, diff=0
    [10] HeartArc: 0.017337 vs 0.017337
    [11] Pos: (0.000000, 3.000000, -0.020634) vs (0.000000, 3.000000, -0.020634)
    [11] Vel: 0.329695 vs 0.329695, diff=0
    [11] HeartArc: 0.020634 vs 0.020634
    [12] Pos: (0.000000, 3.000000, -0.024364) vs (0.000000, 3.000000, -0.024364)
    [12] Vel: 0.373001 vs 0.373001, diff=0
    [12] HeartArc: 0.024364 vs 0.024364
    [13] Pos: (0.000000, 3.000000, -0.028564) vs (0.000000, 3.000000, -0.028564)
    [13] Vel: 0.419973 vs 0.419973, diff=0
    [13] HeartArc: 0.028564 vs 0.028564
    [14] Pos: (0.000000, 3.000000, -0.033269) vs (0.000000, 3.000000, -0.033269)
    [14] Vel: 0.470593 vs 0.470593, diff=0
    [14] HeartArc: 0.033269 vs 0.033269
    [15] Pos: (0.000000, 3.000000, -0.038518) vs (0.000000, 3.000000, -0.038518)
    [15] Vel: 0.524841 vs 0.524841, diff=0
    [15] HeartArc: 0.038518 vs 0.038518
    [16] Pos: (0.000000, 3.000000, -0.044345) vs (0.000000, 3.000000, -0.044345)
    [16] Vel: 0.582699 vs 0.582699, diff=0
    [16] HeartArc: 0.044345 vs 0.044345
    [17] Pos: (0.000000, 3.000000, -0.050786) vs (0.000000, 3.000000, -0.050786)
    [17] Vel: 0.644146 vs 0.644146, diff=0
    [17] HeartArc: 0.050786 vs 0.050786
    [18] Pos: (0.000000, 3.000000, -0.057878) vs (0.000000, 3.000000, -0.057878)
    [18] Vel: 0.709162 vs 0.709162, diff=0
    [18] HeartArc: 0.057878 vs 0.057878
    [19] Pos: (0.000000, 3.000000, -0.065655) vs (0.000000, 3.000000, -0.065655)
    [19] Vel: 0.777724 vs 0.777724, diff=0
    [19] HeartArc: 0.065655 vs 0.065655
=== SAMPLE POINTS ===
    [50] Pos: (0.000000, 3.000000, -0.828643) vs (0.000000, 3.000000, -0.828643)
    [50] Vel: 4.519876 vs 4.519876, diff=0
    [50] HeartArc: 0.828643 vs 0.828643
    [100] Pos: (0.000000, 3.000000, -5.631693) vs (0.000000, 3.000000, -5.631693)
    [100] Vel: 15.050000 vs 15.050000, diff=0
    [100] HeartArc: 5.631693 vs 5.631693
    [200] Pos: (0.000000, 3.000000, -30.249510) vs (0.000000, 3.000000, -30.249510)
    [200] Vel: 30.000000 vs 30.000000, diff=0
    [200] HeartArc: 30.249510 vs 30.249510
Checking CopyPathSection nodeId=3386626208: 152 points (gold expects 152, gold duration=0 , cumulative offset=1511, afterBridge=False)
CopyPathSection 3386626208: endpoints match (actual=152 pts, gold=152 pts)
Checking CopyPathSection nodeId=4257997777: 762 points (gold expects 762, gold duration=0 , cumulative offset=1663, afterBridge=False)
CopyPathSection 4257997777: endpoints match (actual=762 pts, gold=762 pts)
Checking CopyPathSection nodeId=4267673592: 317 points (gold expects 317, gold duration=0 , cumulative offset=2425, afterBridge=False)
CopyPathSection 4267673592: endpoints match (actual=317 pts, gold=317 pts)
Checking CopyPathSection nodeId=2161712148: 431 points (gold expects 431, gold duration=0 , cumulative offset=2742, afterBridge=False)
CopyPathSection 2161712148: endpoints match (actual=431 pts, gold=431 pts)
Verified 9 sections (total 3173 cumulative points)
]]></output>
          </test-case>
          <test-case id="1191" name="Switch_LoadAndEvaluate_EndpointsMatch" fullname="Tests.CoasterGoldTests.Switch_LoadAndEvaluate_EndpointsMatch" methodname="Switch_LoadAndEvaluate_EndpointsMatch" classname="Tests.CoasterGoldTests" runstate="Runnable" seed="789883318" result="Passed" start-time="2026-01-10 03:18:37Z" end-time="2026-01-10 03:18:37Z" duration="0.024710" asserts="0">
            <properties>
              <property name="retryIteration" value="0" />
              <property name="repeatIteration" value="0" />
            </properties>
            <output><![CDATA[ForceSection 95447995: endpoints match (actual=240 pts, gold=240 pts)
ForceSection 2263683009: endpoints match (actual=180 pts, gold=180 pts)
GeometricSection 3399729608: endpoints match (actual=100 pts, gold=100 pts)
GeometricSection 4047254207: endpoints match (actual=294 pts, gold=294 pts)
GeometricSection 1701814688: endpoints match (actual=200 pts, gold=200 pts)
CopyPathSection 4255949925: endpoints match (actual=309 pts, gold=309 pts)
CopyPathSection 4000197215: endpoints match (actual=51 pts, gold=51 pts)
Saving results to: C:/Users/dylan/AppData/LocalLow/IndividualKex/KexEdit\TestResults.xml
]]></output>
          </test-case>
        </test-suite>
      </test-suite>
    </test-suite>
  </test-suite>
</test-run>