<?xml version="1.0" encoding="utf-8"?>
<test-run id="2" testcasecount="430" result="Failed(Child)" total="430" passed="428" failed="2" inconclusive="0" skipped="0" asserts="0" engine-version="3.5.0.0" clr-version="4.0.30319.42000" start-time="2025-12-23 18:39:41Z" end-time="2025-12-23 18:39:59Z" duration="17.9634864">
  <test-suite type="TestSuite" id="1000" name="KexEdit" fullname="KexEdit" runstate="Runnable" testcasecount="3295" result="Failed" site="Child" start-time="2025-12-23 18:39:41Z" end-time="2025-12-23 18:39:59Z" duration="17.963486" total="430" passed="428" failed="2" inconclusive="0" skipped="0" asserts="0">
    <properties>
      <property name="platform" value="EditMode" />
    </properties>
    <failure>
      <message><![CDATA[One or more child tests had errors]]></message>
    </failure>
    <test-suite type="Assembly" id="1486" name="Tests.dll" fullname="/Users/dylanebert/KexEdit/Library/ScriptAssemblies/Tests.dll" runstate="Runnable" testcasecount="430" result="Failed" site="Child" start-time="2025-12-23 18:39:41Z" end-time="2025-12-23 18:39:59Z" duration="17.951856" total="430" passed="428" failed="2" inconclusive="0" skipped="0" asserts="0">
      <properties>
        <property name="_PID" value="17315" />
        <property name="_APPDOMAIN" value="Unity Child Domain" />
        <property name="platform" value="EditMode" />
        <property name="EditorOnly" value="True" />
      </properties>
      <failure>
        <message><![CDATA[One or more child tests had errors]]></message>
      </failure>
      <test-suite type="TestFixture" id="1001" name="CoasterEvaluatorTests" fullname="CoasterEvaluatorTests" classname="CoasterEvaluatorTests" runstate="Runnable" testcasecount="10" result="Passed" start-time="2025-12-23 18:39:41Z" end-time="2025-12-23 18:39:42Z" duration="0.086847" total="10" passed="10" failed="0" inconclusive="0" skipped="0" asserts="0">
        <properties />
        <test-case id="1006" name="Evaluate_AnchorToCurved_ProducesPathAndOutputAnchor" fullname="CoasterEvaluatorTests.Evaluate_AnchorToCurved_ProducesPathAndOutputAnchor" methodname="Evaluate_AnchorToCurved_ProducesPathAndOutputAnchor" classname="CoasterEvaluatorTests" runstate="Runnable" seed="581604943" result="Passed" start-time="2025-12-23 18:39:41Z" end-time="2025-12-23 18:39:42Z" duration="0.043282" asserts="0">
          <properties>
            <property name="retryIteration" value="0" />
            <property name="repeatIteration" value="0" />
          </properties>
        </test-case>
        <test-case id="1004" name="Evaluate_AnchorToForce_ProducesPathAndOutputAnchor" fullname="CoasterEvaluatorTests.Evaluate_AnchorToForce_ProducesPathAndOutputAnchor" methodname="Evaluate_AnchorToForce_ProducesPathAndOutputAnchor" classname="CoasterEvaluatorTests" runstate="Runnable" seed="880340555" result="Passed" start-time="2025-12-23 18:39:42Z" end-time="2025-12-23 18:39:42Z" duration="0.008779" asserts="0">
          <properties>
            <property name="retryIteration" value="0" />
            <property name="repeatIteration" value="0" />
          </properties>
        </test-case>
        <test-case id="1005" name="Evaluate_AnchorToGeometric_ProducesPathAndOutputAnchor" fullname="CoasterEvaluatorTests.Evaluate_AnchorToGeometric_ProducesPathAndOutputAnchor" methodname="Evaluate_AnchorToGeometric_ProducesPathAndOutputAnchor" classname="CoasterEvaluatorTests" runstate="Runnable" seed="831331772" result="Passed" start-time="2025-12-23 18:39:42Z" end-time="2025-12-23 18:39:42Z" duration="0.005223" asserts="0">
          <properties>
            <property name="retryIteration" value="0" />
            <property name="repeatIteration" value="0" />
          </properties>
        </test-case>
        <test-case id="1007" name="Evaluate_AnchorToReverse_ReversesDirection" fullname="CoasterEvaluatorTests.Evaluate_AnchorToReverse_ReversesDirection" methodname="Evaluate_AnchorToReverse_ReversesDirection" classname="CoasterEvaluatorTests" runstate="Runnable" seed="1419581856" result="Passed" start-time="2025-12-23 18:39:42Z" end-time="2025-12-23 18:39:42Z" duration="0.001833" asserts="0">
          <properties>
            <property name="retryIteration" value="0" />
            <property name="repeatIteration" value="0" />
          </properties>
        </test-case>
        <test-case id="1010" name="Evaluate_Bridge_CreatesBezierPath" fullname="CoasterEvaluatorTests.Evaluate_Bridge_CreatesBezierPath" methodname="Evaluate_Bridge_CreatesBezierPath" classname="CoasterEvaluatorTests" runstate="Runnable" seed="1278639938" result="Passed" start-time="2025-12-23 18:39:42Z" end-time="2025-12-23 18:39:42Z" duration="0.010088" asserts="0">
          <properties>
            <property name="retryIteration" value="0" />
            <property name="repeatIteration" value="0" />
          </properties>
        </test-case>
        <test-case id="1002" name="Evaluate_EmptyCoaster_ReturnsEmptyResult" fullname="CoasterEvaluatorTests.Evaluate_EmptyCoaster_ReturnsEmptyResult" methodname="Evaluate_EmptyCoaster_ReturnsEmptyResult" classname="CoasterEvaluatorTests" runstate="Runnable" seed="1886260870" result="Passed" start-time="2025-12-23 18:39:42Z" end-time="2025-12-23 18:39:42Z" duration="0.000315" asserts="0">
          <properties>
            <property name="retryIteration" value="0" />
            <property name="repeatIteration" value="0" />
          </properties>
        </test-case>
        <test-case id="1009" name="Evaluate_ForceToCopyPath_CopiesPath" fullname="CoasterEvaluatorTests.Evaluate_ForceToCopyPath_CopiesPath" methodname="Evaluate_ForceToCopyPath_CopiesPath" classname="CoasterEvaluatorTests" runstate="Runnable" seed="641592705" result="Passed" start-time="2025-12-23 18:39:42Z" end-time="2025-12-23 18:39:42Z" duration="0.006931" asserts="0">
          <properties>
            <property name="retryIteration" value="0" />
            <property name="repeatIteration" value="0" />
          </properties>
        </test-case>
        <test-case id="1008" name="Evaluate_ForceToReversePath_ReversesPath" fullname="CoasterEvaluatorTests.Evaluate_ForceToReversePath_ReversesPath" methodname="Evaluate_ForceToReversePath_ReversesPath" classname="CoasterEvaluatorTests" runstate="Runnable" seed="1429715776" result="Passed" start-time="2025-12-23 18:39:42Z" end-time="2025-12-23 18:39:42Z" duration="0.002038" asserts="0">
          <properties>
            <property name="retryIteration" value="0" />
            <property name="repeatIteration" value="0" />
          </properties>
        </test-case>
        <test-case id="1011" name="Evaluate_ScalarNodeInjectsToCurvedRadius" fullname="CoasterEvaluatorTests.Evaluate_ScalarNodeInjectsToCurvedRadius" methodname="Evaluate_ScalarNodeInjectsToCurvedRadius" classname="CoasterEvaluatorTests" runstate="Runnable" seed="1343071304" result="Passed" start-time="2025-12-23 18:39:42Z" end-time="2025-12-23 18:39:42Z" duration="0.000666" asserts="0">
          <properties>
            <property name="retryIteration" value="0" />
            <property name="repeatIteration" value="0" />
          </properties>
        </test-case>
        <test-case id="1003" name="Evaluate_SingleAnchorNode_ProducesOutputAnchor" fullname="CoasterEvaluatorTests.Evaluate_SingleAnchorNode_ProducesOutputAnchor" methodname="Evaluate_SingleAnchorNode_ProducesOutputAnchor" classname="CoasterEvaluatorTests" runstate="Runnable" seed="657424625" result="Passed" start-time="2025-12-23 18:39:42Z" end-time="2025-12-23 18:39:42Z" duration="0.000218" asserts="0">
          <properties>
            <property name="retryIteration" value="0" />
            <property name="repeatIteration" value="0" />
          </properties>
        </test-case>
      </test-suite>
      <test-suite type="TestFixture" id="1012" name="CoasterTests" fullname="CoasterTests" classname="CoasterTests" runstate="Runnable" testcasecount="7" result="Passed" start-time="2025-12-23 18:39:42Z" end-time="2025-12-23 18:39:42Z" duration="0.003995" total="7" passed="7" failed="0" inconclusive="0" skipped="0" asserts="0">
        <properties />
        <test-case id="1015" name="AddAnchorNode_StoresPositionAndRotation" fullname="CoasterTests.AddAnchorNode_StoresPositionAndRotation" methodname="AddAnchorNode_StoresPositionAndRotation" classname="CoasterTests" runstate="Runnable" seed="122490573" result="Passed" start-time="2025-12-23 18:39:42Z" end-time="2025-12-23 18:39:42Z" duration="0.000920" asserts="0">
          <properties>
            <property name="retryIteration" value="0" />
            <property name="repeatIteration" value="0" />
          </properties>
        </test-case>
        <test-case id="1016" name="AddForceNode_StoresDurationAndKeyframes" fullname="CoasterTests.AddForceNode_StoresDurationAndKeyframes" methodname="AddForceNode_StoresDurationAndKeyframes" classname="CoasterTests" runstate="Runnable" seed="849816884" result="Passed" start-time="2025-12-23 18:39:42Z" end-time="2025-12-23 18:39:42Z" duration="0.001156" asserts="0">
          <properties>
            <property name="retryIteration" value="0" />
            <property name="repeatIteration" value="0" />
          </properties>
        </test-case>
        <test-case id="1013" name="Create_InitializesEmptyCoaster" fullname="CoasterTests.Create_InitializesEmptyCoaster" methodname="Create_InitializesEmptyCoaster" classname="CoasterTests" runstate="Runnable" seed="1946158693" result="Passed" start-time="2025-12-23 18:39:42Z" end-time="2025-12-23 18:39:42Z" duration="0.000208" asserts="0">
          <properties>
            <property name="retryIteration" value="0" />
            <property name="repeatIteration" value="0" />
          </properties>
        </test-case>
        <test-case id="1014" name="Dispose_CleansUpAllContainers" fullname="CoasterTests.Dispose_CleansUpAllContainers" methodname="Dispose_CleansUpAllContainers" classname="CoasterTests" runstate="Runnable" seed="574049893" result="Passed" start-time="2025-12-23 18:39:42Z" end-time="2025-12-23 18:39:42Z" duration="0.000154" asserts="0">
          <properties>
            <property name="retryIteration" value="0" />
            <property name="repeatIteration" value="0" />
          </properties>
        </test-case>
        <test-case id="1017" name="GeometricNode_SteeringSupportedViaHashSet" fullname="CoasterTests.GeometricNode_SteeringSupportedViaHashSet" methodname="GeometricNode_SteeringSupportedViaHashSet" classname="CoasterTests" runstate="Runnable" seed="2065052128" result="Passed" start-time="2025-12-23 18:39:42Z" end-time="2025-12-23 18:39:42Z" duration="0.000187" asserts="0">
          <properties>
            <property name="retryIteration" value="0" />
            <property name="repeatIteration" value="0" />
          </properties>
        </test-case>
        <test-case id="1018" name="ScalarNode_StoresValue" fullname="CoasterTests.ScalarNode_StoresValue" methodname="ScalarNode_StoresValue" classname="CoasterTests" runstate="Runnable" seed="872160433" result="Passed" start-time="2025-12-23 18:39:42Z" end-time="2025-12-23 18:39:42Z" duration="0.000113" asserts="0">
          <properties>
            <property name="retryIteration" value="0" />
            <property name="repeatIteration" value="0" />
          </properties>
        </test-case>
        <test-case id="1019" name="VectorNode_StoresValue" fullname="CoasterTests.VectorNode_StoresValue" methodname="VectorNode_StoresValue" classname="CoasterTests" runstate="Runnable" seed="1699047381" result="Passed" start-time="2025-12-23 18:39:42Z" end-time="2025-12-23 18:39:42Z" duration="0.000094" asserts="0">
          <properties>
            <property name="retryIteration" value="0" />
            <property name="repeatIteration" value="0" />
          </properties>
        </test-case>
      </test-suite>
      <test-suite type="TestSuite" id="1491" name="KexEdit" fullname="KexEdit" runstate="Runnable" testcasecount="6" result="Passed" start-time="2025-12-23 18:39:42Z" end-time="2025-12-23 18:39:42Z" duration="0.623408" total="6" passed="6" failed="0" inconclusive="0" skipped="0" asserts="0">
        <properties />
        <test-suite type="TestSuite" id="1492" name="Tests" fullname="KexEdit.Tests" runstate="Runnable" testcasecount="6" result="Passed" start-time="2025-12-23 18:39:42Z" end-time="2025-12-23 18:39:42Z" duration="0.623018" total="6" passed="6" failed="0" inconclusive="0" skipped="0" asserts="0">
          <properties />
          <test-suite type="TestSuite" id="1493" name="RustCore" fullname="KexEdit.Tests.RustCore" runstate="Runnable" testcasecount="6" result="Passed" start-time="2025-12-23 18:39:42Z" end-time="2025-12-23 18:39:42Z" duration="0.622769" total="6" passed="6" failed="0" inconclusive="0" skipped="0" asserts="0">
            <properties />
            <test-suite type="TestFixture" id="1077" name="RustFrameTests" fullname="KexEdit.Tests.RustCore.RustFrameTests" classname="KexEdit.Tests.RustCore.RustFrameTests" runstate="Runnable" testcasecount="6" result="Passed" start-time="2025-12-23 18:39:42Z" end-time="2025-12-23 18:39:42Z" duration="0.622283" total="6" passed="6" failed="0" inconclusive="0" skipped="0" asserts="0">
              <properties />
              <test-case id="1083" name="TestRollMatchesCSharp" fullname="KexEdit.Tests.RustCore.RustFrameTests.TestRollMatchesCSharp" methodname="TestRollMatchesCSharp" classname="KexEdit.Tests.RustCore.RustFrameTests" runstate="Runnable" seed="70839555" result="Passed" start-time="2025-12-23 18:39:42Z" end-time="2025-12-23 18:39:42Z" duration="0.617408" asserts="0">
                <properties>
                  <property name="retryIteration" value="0" />
                  <property name="repeatIteration" value="0" />
                </properties>
              </test-case>
              <test-case id="1079" name="TestRotateAroundMatchesCSharp" fullname="KexEdit.Tests.RustCore.RustFrameTests.TestRotateAroundMatchesCSharp" methodname="TestRotateAroundMatchesCSharp" classname="KexEdit.Tests.RustCore.RustFrameTests" runstate="Runnable" seed="939948242" result="Passed" start-time="2025-12-23 18:39:42Z" end-time="2025-12-23 18:39:42Z" duration="0.001254" asserts="0">
                <properties>
                  <property name="retryIteration" value="0" />
                  <property name="repeatIteration" value="0" />
                </properties>
              </test-case>
              <test-case id="1078" name="TestRustFrameConversion" fullname="KexEdit.Tests.RustCore.RustFrameTests.TestRustFrameConversion" methodname="TestRustFrameConversion" classname="KexEdit.Tests.RustCore.RustFrameTests" runstate="Runnable" seed="438149671" result="Passed" start-time="2025-12-23 18:39:42Z" end-time="2025-12-23 18:39:42Z" duration="0.001185" asserts="0">
                <properties>
                  <property name="retryIteration" value="0" />
                  <property name="repeatIteration" value="0" />
                </properties>
              </test-case>
              <test-case id="1081" name="TestWithPitchMatchesCSharp" fullname="KexEdit.Tests.RustCore.RustFrameTests.TestWithPitchMatchesCSharp" methodname="TestWithPitchMatchesCSharp" classname="KexEdit.Tests.RustCore.RustFrameTests" runstate="Runnable" seed="991587976" result="Passed" start-time="2025-12-23 18:39:42Z" end-time="2025-12-23 18:39:42Z" duration="0.000256" asserts="0">
                <properties>
                  <property name="retryIteration" value="0" />
                  <property name="repeatIteration" value="0" />
                </properties>
              </test-case>
              <test-case id="1080" name="TestWithRollMatchesCSharp" fullname="KexEdit.Tests.RustCore.RustFrameTests.TestWithRollMatchesCSharp" methodname="TestWithRollMatchesCSharp" classname="KexEdit.Tests.RustCore.RustFrameTests" runstate="Runnable" seed="1622903105" result="Passed" start-time="2025-12-23 18:39:42Z" end-time="2025-12-23 18:39:42Z" duration="0.000329" asserts="0">
                <properties>
                  <property name="retryIteration" value="0" />
                  <property name="repeatIteration" value="0" />
                </properties>
              </test-case>
              <test-case id="1082" name="TestWithYawMatchesCSharp" fullname="KexEdit.Tests.RustCore.RustFrameTests.TestWithYawMatchesCSharp" methodname="TestWithYawMatchesCSharp" classname="KexEdit.Tests.RustCore.RustFrameTests" runstate="Runnable" seed="85343024" result="Passed" start-time="2025-12-23 18:39:42Z" end-time="2025-12-23 18:39:42Z" duration="0.000345" asserts="0">
                <properties>
                  <property name="retryIteration" value="0" />
                  <property name="repeatIteration" value="0" />
                </properties>
              </test-case>
            </test-suite>
          </test-suite>
        </test-suite>
      </test-suite>
      <test-suite type="TestSuite" id="1494" name="KexGraph" fullname="KexGraph" runstate="Runnable" testcasecount="72" result="Passed" start-time="2025-12-23 18:39:42Z" end-time="2025-12-23 18:39:42Z" duration="0.128114" total="72" passed="72" failed="0" inconclusive="0" skipped="0" asserts="0">
        <properties />
        <test-suite type="TestSuite" id="1495" name="Tests" fullname="KexGraph.Tests" runstate="Runnable" testcasecount="72" result="Passed" start-time="2025-12-23 18:39:42Z" end-time="2025-12-23 18:39:42Z" duration="0.126846" total="72" passed="72" failed="0" inconclusive="0" skipped="0" asserts="0">
          <properties />
          <test-suite type="TestFixture" id="1084" name="GraphEdgeTests" fullname="KexGraph.Tests.GraphEdgeTests" classname="KexGraph.Tests.GraphEdgeTests" runstate="Runnable" testcasecount="22" result="Passed" start-time="2025-12-23 18:39:42Z" end-time="2025-12-23 18:39:42Z" duration="0.011466" total="22" passed="22" failed="0" inconclusive="0" skipped="0" asserts="0">
            <properties>
              <property name="Category" value="Unit" />
            </properties>
            <test-case id="1086" name="AddEdge_GeneratesUniqueIds" fullname="KexGraph.Tests.GraphEdgeTests.AddEdge_GeneratesUniqueIds" methodname="AddEdge_GeneratesUniqueIds" classname="KexGraph.Tests.GraphEdgeTests" runstate="Runnable" seed="1442192355" result="Passed" start-time="2025-12-23 18:39:42Z" end-time="2025-12-23 18:39:42Z" duration="0.000571" asserts="0">
              <properties>
                <property name="retryIteration" value="0" />
                <property name="repeatIteration" value="0" />
              </properties>
            </test-case>
            <test-case id="1088" name="AddEdge_InvalidSourcePort_ReturnsZero" fullname="KexGraph.Tests.GraphEdgeTests.AddEdge_InvalidSourcePort_ReturnsZero" methodname="AddEdge_InvalidSourcePort_ReturnsZero" classname="KexGraph.Tests.GraphEdgeTests" runstate="Runnable" seed="278855001" result="Passed" start-time="2025-12-23 18:39:42Z" end-time="2025-12-23 18:39:42Z" duration="0.000190" asserts="0">
              <properties>
                <property name="retryIteration" value="0" />
                <property name="repeatIteration" value="0" />
              </properties>
            </test-case>
            <test-case id="1089" name="AddEdge_InvalidTargetPort_ReturnsZero" fullname="KexGraph.Tests.GraphEdgeTests.AddEdge_InvalidTargetPort_ReturnsZero" methodname="AddEdge_InvalidTargetPort_ReturnsZero" classname="KexGraph.Tests.GraphEdgeTests" runstate="Runnable" seed="1318870594" result="Passed" start-time="2025-12-23 18:39:42Z" end-time="2025-12-23 18:39:42Z" duration="0.000093" asserts="0">
              <properties>
                <property name="retryIteration" value="0" />
                <property name="repeatIteration" value="0" />
              </properties>
            </test-case>
            <test-case id="1087" name="AddEdge_StoresCorrectSourceAndTarget" fullname="KexGraph.Tests.GraphEdgeTests.AddEdge_StoresCorrectSourceAndTarget" methodname="AddEdge_StoresCorrectSourceAndTarget" classname="KexGraph.Tests.GraphEdgeTests" runstate="Runnable" seed="910976476" result="Passed" start-time="2025-12-23 18:39:42Z" end-time="2025-12-23 18:39:42Z" duration="0.000195" asserts="0">
              <properties>
                <property name="retryIteration" value="0" />
                <property name="repeatIteration" value="0" />
              </properties>
            </test-case>
            <test-case id="1085" name="AddEdge_ValidPorts_IncreasesEdgeCount" fullname="KexGraph.Tests.GraphEdgeTests.AddEdge_ValidPorts_IncreasesEdgeCount" methodname="AddEdge_ValidPorts_IncreasesEdgeCount" classname="KexGraph.Tests.GraphEdgeTests" runstate="Runnable" seed="381695293" result="Passed" start-time="2025-12-23 18:39:42Z" end-time="2025-12-23 18:39:42Z" duration="0.000138" asserts="0">
              <properties>
                <property name="retryIteration" value="0" />
                <property name="repeatIteration" value="0" />
              </properties>
            </test-case>
            <test-case id="1106" name="FindSinkNodes_AllNodesAreSinks_ReturnsAll" fullname="KexGraph.Tests.GraphEdgeTests.FindSinkNodes_AllNodesAreSinks_ReturnsAll" methodname="FindSinkNodes_AllNodesAreSinks_ReturnsAll" classname="KexGraph.Tests.GraphEdgeTests" runstate="Runnable" seed="1627505730" result="Passed" start-time="2025-12-23 18:39:42Z" end-time="2025-12-23 18:39:42Z" duration="0.002165" asserts="0">
              <properties>
                <property name="retryIteration" value="0" />
                <property name="repeatIteration" value="0" />
              </properties>
            </test-case>
            <test-case id="1105" name="FindSinkNodes_ReturnsNodesWithNoOutgoingEdges" fullname="KexGraph.Tests.GraphEdgeTests.FindSinkNodes_ReturnsNodesWithNoOutgoingEdges" methodname="FindSinkNodes_ReturnsNodesWithNoOutgoingEdges" classname="KexGraph.Tests.GraphEdgeTests" runstate="Runnable" seed="1354879792" result="Passed" start-time="2025-12-23 18:39:42Z" end-time="2025-12-23 18:39:42Z" duration="0.000232" asserts="0">
              <properties>
                <property name="retryIteration" value="0" />
                <property name="repeatIteration" value="0" />
              </properties>
            </test-case>
            <test-case id="1103" name="FindSourceNodes_AllNodesAreRoots_ReturnsAll" fullname="KexGraph.Tests.GraphEdgeTests.FindSourceNodes_AllNodesAreRoots_ReturnsAll" methodname="FindSourceNodes_AllNodesAreRoots_ReturnsAll" classname="KexGraph.Tests.GraphEdgeTests" runstate="Runnable" seed="1556745870" result="Passed" start-time="2025-12-23 18:39:42Z" end-time="2025-12-23 18:39:42Z" duration="0.000166" asserts="0">
              <properties>
                <property name="retryIteration" value="0" />
                <property name="repeatIteration" value="0" />
              </properties>
            </test-case>
            <test-case id="1104" name="FindSourceNodes_EmptyGraph_ReturnsEmpty" fullname="KexGraph.Tests.GraphEdgeTests.FindSourceNodes_EmptyGraph_ReturnsEmpty" methodname="FindSourceNodes_EmptyGraph_ReturnsEmpty" classname="KexGraph.Tests.GraphEdgeTests" runstate="Runnable" seed="1203403595" result="Passed" start-time="2025-12-23 18:39:42Z" end-time="2025-12-23 18:39:42Z" duration="0.000081" asserts="0">
              <properties>
                <property name="retryIteration" value="0" />
                <property name="repeatIteration" value="0" />
              </properties>
            </test-case>
            <test-case id="1102" name="FindSourceNodes_ReturnsNodesWithNoIncomingEdges" fullname="KexGraph.Tests.GraphEdgeTests.FindSourceNodes_ReturnsNodesWithNoIncomingEdges" methodname="FindSourceNodes_ReturnsNodesWithNoIncomingEdges" classname="KexGraph.Tests.GraphEdgeTests" runstate="Runnable" seed="151651189" result="Passed" start-time="2025-12-23 18:39:42Z" end-time="2025-12-23 18:39:42Z" duration="0.000152" asserts="0">
              <properties>
                <property name="retryIteration" value="0" />
                <property name="repeatIteration" value="0" />
              </properties>
            </test-case>
            <test-case id="1095" name="GetIncomingEdges_NodeWithIncomingEdges_ReturnsCorrectEdges" fullname="KexGraph.Tests.GraphEdgeTests.GetIncomingEdges_NodeWithIncomingEdges_ReturnsCorrectEdges" methodname="GetIncomingEdges_NodeWithIncomingEdges_ReturnsCorrectEdges" classname="KexGraph.Tests.GraphEdgeTests" runstate="Runnable" seed="1429675866" result="Passed" start-time="2025-12-23 18:39:42Z" end-time="2025-12-23 18:39:42Z" duration="0.000148" asserts="0">
              <properties>
                <property name="retryIteration" value="0" />
                <property name="repeatIteration" value="0" />
              </properties>
            </test-case>
            <test-case id="1096" name="GetIncomingEdges_NodeWithNoIncomingEdges_ReturnsEmptyArray" fullname="KexGraph.Tests.GraphEdgeTests.GetIncomingEdges_NodeWithNoIncomingEdges_ReturnsEmptyArray" methodname="GetIncomingEdges_NodeWithNoIncomingEdges_ReturnsEmptyArray" classname="KexGraph.Tests.GraphEdgeTests" runstate="Runnable" seed="1368917502" result="Passed" start-time="2025-12-23 18:39:42Z" end-time="2025-12-23 18:39:42Z" duration="0.000109" asserts="0">
              <properties>
                <property name="retryIteration" value="0" />
                <property name="repeatIteration" value="0" />
              </properties>
            </test-case>
            <test-case id="1094" name="GetOutgoingEdges_NodeWithNoOutgoingEdges_ReturnsEmptyArray" fullname="KexGraph.Tests.GraphEdgeTests.GetOutgoingEdges_NodeWithNoOutgoingEdges_ReturnsEmptyArray" methodname="GetOutgoingEdges_NodeWithNoOutgoingEdges_ReturnsEmptyArray" classname="KexGraph.Tests.GraphEdgeTests" runstate="Runnable" seed="1169243804" result="Passed" start-time="2025-12-23 18:39:42Z" end-time="2025-12-23 18:39:42Z" duration="0.000140" asserts="0">
              <properties>
                <property name="retryIteration" value="0" />
                <property name="repeatIteration" value="0" />
              </properties>
            </test-case>
            <test-case id="1093" name="GetOutgoingEdges_NodeWithOutgoingEdges_ReturnsCorrectEdges" fullname="KexGraph.Tests.GraphEdgeTests.GetOutgoingEdges_NodeWithOutgoingEdges_ReturnsCorrectEdges" methodname="GetOutgoingEdges_NodeWithOutgoingEdges_ReturnsCorrectEdges" classname="KexGraph.Tests.GraphEdgeTests" runstate="Runnable" seed="1165442359" result="Passed" start-time="2025-12-23 18:39:42Z" end-time="2025-12-23 18:39:42Z" duration="0.000163" asserts="0">
              <properties>
                <property name="retryIteration" value="0" />
                <property name="repeatIteration" value="0" />
              </properties>
            </test-case>
            <test-case id="1101" name="GetPredecessorNodes_NoIncomingEdges_ReturnsEmpty" fullname="KexGraph.Tests.GraphEdgeTests.GetPredecessorNodes_NoIncomingEdges_ReturnsEmpty" methodname="GetPredecessorNodes_NoIncomingEdges_ReturnsEmpty" classname="KexGraph.Tests.GraphEdgeTests" runstate="Runnable" seed="930885150" result="Passed" start-time="2025-12-23 18:39:42Z" end-time="2025-12-23 18:39:42Z" duration="0.000134" asserts="0">
              <properties>
                <property name="retryIteration" value="0" />
                <property name="repeatIteration" value="0" />
              </properties>
            </test-case>
            <test-case id="1100" name="GetPredecessorNodes_ReturnsConnectedNodes" fullname="KexGraph.Tests.GraphEdgeTests.GetPredecessorNodes_ReturnsConnectedNodes" methodname="GetPredecessorNodes_ReturnsConnectedNodes" classname="KexGraph.Tests.GraphEdgeTests" runstate="Runnable" seed="1451550408" result="Passed" start-time="2025-12-23 18:39:42Z" end-time="2025-12-23 18:39:42Z" duration="0.000217" asserts="0">
              <properties>
                <property name="retryIteration" value="0" />
                <property name="repeatIteration" value="0" />
              </properties>
            </test-case>
            <test-case id="1099" name="GetSuccessorNodes_MultipleEdgesToSameNode_ReturnsOnce" fullname="KexGraph.Tests.GraphEdgeTests.GetSuccessorNodes_MultipleEdgesToSameNode_ReturnsOnce" methodname="GetSuccessorNodes_MultipleEdgesToSameNode_ReturnsOnce" classname="KexGraph.Tests.GraphEdgeTests" runstate="Runnable" seed="1330124442" result="Passed" start-time="2025-12-23 18:39:42Z" end-time="2025-12-23 18:39:42Z" duration="0.000197" asserts="0">
              <properties>
                <property name="retryIteration" value="0" />
                <property name="repeatIteration" value="0" />
              </properties>
            </test-case>
            <test-case id="1098" name="GetSuccessorNodes_NoOutgoingEdges_ReturnsEmpty" fullname="KexGraph.Tests.GraphEdgeTests.GetSuccessorNodes_NoOutgoingEdges_ReturnsEmpty" methodname="GetSuccessorNodes_NoOutgoingEdges_ReturnsEmpty" classname="KexGraph.Tests.GraphEdgeTests" runstate="Runnable" seed="530272913" result="Passed" start-time="2025-12-23 18:39:42Z" end-time="2025-12-23 18:39:42Z" duration="0.000095" asserts="0">
              <properties>
                <property name="retryIteration" value="0" />
                <property name="repeatIteration" value="0" />
              </properties>
            </test-case>
            <test-case id="1097" name="GetSuccessorNodes_ReturnsConnectedNodes" fullname="KexGraph.Tests.GraphEdgeTests.GetSuccessorNodes_ReturnsConnectedNodes" methodname="GetSuccessorNodes_ReturnsConnectedNodes" classname="KexGraph.Tests.GraphEdgeTests" runstate="Runnable" seed="1025834841" result="Passed" start-time="2025-12-23 18:39:42Z" end-time="2025-12-23 18:39:42Z" duration="0.000172" asserts="0">
              <properties>
                <property name="retryIteration" value="0" />
                <property name="repeatIteration" value="0" />
              </properties>
            </test-case>
            <test-case id="1090" name="RemoveEdge_DecreasesEdgeCount" fullname="KexGraph.Tests.GraphEdgeTests.RemoveEdge_DecreasesEdgeCount" methodname="RemoveEdge_DecreasesEdgeCount" classname="KexGraph.Tests.GraphEdgeTests" runstate="Runnable" seed="760720157" result="Passed" start-time="2025-12-23 18:39:42Z" end-time="2025-12-23 18:39:42Z" duration="0.001751" asserts="0">
              <properties>
                <property name="retryIteration" value="0" />
                <property name="repeatIteration" value="0" />
              </properties>
            </test-case>
            <test-case id="1091" name="RemoveEdge_InvalidEdge_DoesNothing" fullname="KexGraph.Tests.GraphEdgeTests.RemoveEdge_InvalidEdge_DoesNothing" methodname="RemoveEdge_InvalidEdge_DoesNothing" classname="KexGraph.Tests.GraphEdgeTests" runstate="Runnable" seed="1517222553" result="Passed" start-time="2025-12-23 18:39:42Z" end-time="2025-12-23 18:39:42Z" duration="0.000139" asserts="0">
              <properties>
                <property name="retryIteration" value="0" />
                <property name="repeatIteration" value="0" />
              </properties>
            </test-case>
            <test-case id="1092" name="RemoveEdge_MiddleEdge_MaintainsOtherEdges" fullname="KexGraph.Tests.GraphEdgeTests.RemoveEdge_MiddleEdge_MaintainsOtherEdges" methodname="RemoveEdge_MiddleEdge_MaintainsOtherEdges" classname="KexGraph.Tests.GraphEdgeTests" runstate="Runnable" seed="1785824484" result="Passed" start-time="2025-12-23 18:39:42Z" end-time="2025-12-23 18:39:42Z" duration="0.000269" asserts="0">
              <properties>
                <property name="retryIteration" value="0" />
                <property name="repeatIteration" value="0" />
              </properties>
            </test-case>
          </test-suite>
          <test-suite type="TestFixture" id="1107" name="GraphNodeTests" fullname="KexGraph.Tests.GraphNodeTests" classname="KexGraph.Tests.GraphNodeTests" runstate="Runnable" testcasecount="9" result="Passed" start-time="2025-12-23 18:39:42Z" end-time="2025-12-23 18:39:42Z" duration="0.005292" total="9" passed="9" failed="0" inconclusive="0" skipped="0" asserts="0">
            <properties>
              <property name="Category" value="Unit" />
            </properties>
            <test-case id="1109" name="AddNode_GeneratesUniqueIds" fullname="KexGraph.Tests.GraphNodeTests.AddNode_GeneratesUniqueIds" methodname="AddNode_GeneratesUniqueIds" classname="KexGraph.Tests.GraphNodeTests" runstate="Runnable" seed="1459481756" result="Passed" start-time="2025-12-23 18:39:42Z" end-time="2025-12-23 18:39:42Z" duration="0.000212" asserts="0">
              <properties>
                <property name="retryIteration" value="0" />
                <property name="repeatIteration" value="0" />
              </properties>
            </test-case>
            <test-case id="1112" name="AddNode_StoresCorrectPosition" fullname="KexGraph.Tests.GraphNodeTests.AddNode_StoresCorrectPosition" methodname="AddNode_StoresCorrectPosition" classname="KexGraph.Tests.GraphNodeTests" runstate="Runnable" seed="1356861001" result="Passed" start-time="2025-12-23 18:39:42Z" end-time="2025-12-23 18:39:42Z" duration="0.000284" asserts="0">
              <properties>
                <property name="retryIteration" value="0" />
                <property name="repeatIteration" value="0" />
              </properties>
            </test-case>
            <test-case id="1113" name="AddNode_StoresCorrectType" fullname="KexGraph.Tests.GraphNodeTests.AddNode_StoresCorrectType" methodname="AddNode_StoresCorrectType" classname="KexGraph.Tests.GraphNodeTests" runstate="Runnable" seed="1277234963" result="Passed" start-time="2025-12-23 18:39:42Z" end-time="2025-12-23 18:39:42Z" duration="0.000161" asserts="0">
              <properties>
                <property name="retryIteration" value="0" />
                <property name="repeatIteration" value="0" />
              </properties>
            </test-case>
            <test-case id="1108" name="AddNode_ValidData_IncreasesCount" fullname="KexGraph.Tests.GraphNodeTests.AddNode_ValidData_IncreasesCount" methodname="AddNode_ValidData_IncreasesCount" classname="KexGraph.Tests.GraphNodeTests" runstate="Runnable" seed="872684650" result="Passed" start-time="2025-12-23 18:39:42Z" end-time="2025-12-23 18:39:42Z" duration="0.000097" asserts="0">
              <properties>
                <property name="retryIteration" value="0" />
                <property name="repeatIteration" value="0" />
              </properties>
            </test-case>
            <test-case id="1114" name="RemoveNode_DecreasesCount" fullname="KexGraph.Tests.GraphNodeTests.RemoveNode_DecreasesCount" methodname="RemoveNode_DecreasesCount" classname="KexGraph.Tests.GraphNodeTests" runstate="Runnable" seed="595374731" result="Passed" start-time="2025-12-23 18:39:42Z" end-time="2025-12-23 18:39:42Z" duration="0.001856" asserts="0">
              <properties>
                <property name="retryIteration" value="0" />
                <property name="repeatIteration" value="0" />
              </properties>
            </test-case>
            <test-case id="1115" name="RemoveNode_MakesNodeUnfindable" fullname="KexGraph.Tests.GraphNodeTests.RemoveNode_MakesNodeUnfindable" methodname="RemoveNode_MakesNodeUnfindable" classname="KexGraph.Tests.GraphNodeTests" runstate="Runnable" seed="1979210635" result="Passed" start-time="2025-12-23 18:39:42Z" end-time="2025-12-23 18:39:42Z" duration="0.000113" asserts="0">
              <properties>
                <property name="retryIteration" value="0" />
                <property name="repeatIteration" value="0" />
              </properties>
            </test-case>
            <test-case id="1116" name="RemoveNode_MiddleNode_PreservesOtherNodes" fullname="KexGraph.Tests.GraphNodeTests.RemoveNode_MiddleNode_PreservesOtherNodes" methodname="RemoveNode_MiddleNode_PreservesOtherNodes" classname="KexGraph.Tests.GraphNodeTests" runstate="Runnable" seed="1172840995" result="Passed" start-time="2025-12-23 18:39:42Z" end-time="2025-12-23 18:39:42Z" duration="0.000167" asserts="0">
              <properties>
                <property name="retryIteration" value="0" />
                <property name="repeatIteration" value="0" />
              </properties>
            </test-case>
            <test-case id="1110" name="TryGetNodeIndex_ExistingNode_ReturnsTrue" fullname="KexGraph.Tests.GraphNodeTests.TryGetNodeIndex_ExistingNode_ReturnsTrue" methodname="TryGetNodeIndex_ExistingNode_ReturnsTrue" classname="KexGraph.Tests.GraphNodeTests" runstate="Runnable" seed="1108705261" result="Passed" start-time="2025-12-23 18:39:42Z" end-time="2025-12-23 18:39:42Z" duration="0.000119" asserts="0">
              <properties>
                <property name="retryIteration" value="0" />
                <property name="repeatIteration" value="0" />
              </properties>
            </test-case>
            <test-case id="1111" name="TryGetNodeIndex_NonexistentNode_ReturnsFalse" fullname="KexGraph.Tests.GraphNodeTests.TryGetNodeIndex_NonexistentNode_ReturnsFalse" methodname="TryGetNodeIndex_NonexistentNode_ReturnsFalse" classname="KexGraph.Tests.GraphNodeTests" runstate="Runnable" seed="188578405" result="Passed" start-time="2025-12-23 18:39:42Z" end-time="2025-12-23 18:39:42Z" duration="0.000113" asserts="0">
              <properties>
                <property name="retryIteration" value="0" />
                <property name="repeatIteration" value="0" />
              </properties>
            </test-case>
          </test-suite>
          <test-suite type="TestFixture" id="1117" name="GraphPortTests" fullname="KexGraph.Tests.GraphPortTests" classname="KexGraph.Tests.GraphPortTests" runstate="Runnable" testcasecount="16" result="Passed" start-time="2025-12-23 18:39:42Z" end-time="2025-12-23 18:39:42Z" duration="0.033126" total="16" passed="16" failed="0" inconclusive="0" skipped="0" asserts="0">
            <properties>
              <property name="Category" value="Unit" />
            </properties>
            <test-case id="1119" name="AddInputPort_GeneratesUniqueIds" fullname="KexGraph.Tests.GraphPortTests.AddInputPort_GeneratesUniqueIds" methodname="AddInputPort_GeneratesUniqueIds" classname="KexGraph.Tests.GraphPortTests" runstate="Runnable" seed="1477256770" result="Passed" start-time="2025-12-23 18:39:42Z" end-time="2025-12-23 18:39:42Z" duration="0.000133" asserts="0">
              <properties>
                <property name="retryIteration" value="0" />
                <property name="repeatIteration" value="0" />
              </properties>
            </test-case>
            <test-case id="1122" name="AddInputPort_MarksAsInput" fullname="KexGraph.Tests.GraphPortTests.AddInputPort_MarksAsInput" methodname="AddInputPort_MarksAsInput" classname="KexGraph.Tests.GraphPortTests" runstate="Runnable" seed="160731514" result="Passed" start-time="2025-12-23 18:39:42Z" end-time="2025-12-23 18:39:42Z" duration="0.000149" asserts="0">
              <properties>
                <property name="retryIteration" value="0" />
                <property name="repeatIteration" value="0" />
              </properties>
            </test-case>
            <test-case id="1121" name="AddInputPort_StoresCorrectOwner" fullname="KexGraph.Tests.GraphPortTests.AddInputPort_StoresCorrectOwner" methodname="AddInputPort_StoresCorrectOwner" classname="KexGraph.Tests.GraphPortTests" runstate="Runnable" seed="1515029993" result="Passed" start-time="2025-12-23 18:39:42Z" end-time="2025-12-23 18:39:42Z" duration="0.000124" asserts="0">
              <properties>
                <property name="retryIteration" value="0" />
                <property name="repeatIteration" value="0" />
              </properties>
            </test-case>
            <test-case id="1120" name="AddInputPort_StoresCorrectPortType" fullname="KexGraph.Tests.GraphPortTests.AddInputPort_StoresCorrectPortType" methodname="AddInputPort_StoresCorrectPortType" classname="KexGraph.Tests.GraphPortTests" runstate="Runnable" seed="1179326503" result="Passed" start-time="2025-12-23 18:39:42Z" end-time="2025-12-23 18:39:42Z" duration="0.000109" asserts="0">
              <properties>
                <property name="retryIteration" value="0" />
                <property name="repeatIteration" value="0" />
              </properties>
            </test-case>
            <test-case id="1123" name="AddInputPort_UpdatesNodeInputCount" fullname="KexGraph.Tests.GraphPortTests.AddInputPort_UpdatesNodeInputCount" methodname="AddInputPort_UpdatesNodeInputCount" classname="KexGraph.Tests.GraphPortTests" runstate="Runnable" seed="1139646834" result="Passed" start-time="2025-12-23 18:39:42Z" end-time="2025-12-23 18:39:42Z" duration="0.000162" asserts="0">
              <properties>
                <property name="retryIteration" value="0" />
                <property name="repeatIteration" value="0" />
              </properties>
            </test-case>
            <test-case id="1118" name="AddInputPort_ValidNode_IncreasesPortCount" fullname="KexGraph.Tests.GraphPortTests.AddInputPort_ValidNode_IncreasesPortCount" methodname="AddInputPort_ValidNode_IncreasesPortCount" classname="KexGraph.Tests.GraphPortTests" runstate="Runnable" seed="584989669" result="Passed" start-time="2025-12-23 18:39:42Z" end-time="2025-12-23 18:39:42Z" duration="0.000217" asserts="0">
              <properties>
                <property name="retryIteration" value="0" />
                <property name="repeatIteration" value="0" />
              </properties>
            </test-case>
            <test-case id="1125" name="AddOutputPort_MarksAsOutput" fullname="KexGraph.Tests.GraphPortTests.AddOutputPort_MarksAsOutput" methodname="AddOutputPort_MarksAsOutput" classname="KexGraph.Tests.GraphPortTests" runstate="Runnable" seed="46701655" result="Passed" start-time="2025-12-23 18:39:42Z" end-time="2025-12-23 18:39:42Z" duration="0.000173" asserts="0">
              <properties>
                <property name="retryIteration" value="0" />
                <property name="repeatIteration" value="0" />
              </properties>
            </test-case>
            <test-case id="1126" name="AddOutputPort_UpdatesNodeOutputCount" fullname="KexGraph.Tests.GraphPortTests.AddOutputPort_UpdatesNodeOutputCount" methodname="AddOutputPort_UpdatesNodeOutputCount" classname="KexGraph.Tests.GraphPortTests" runstate="Runnable" seed="160271745" result="Passed" start-time="2025-12-23 18:39:42Z" end-time="2025-12-23 18:39:42Z" duration="0.000165" asserts="0">
              <properties>
                <property name="retryIteration" value="0" />
                <property name="repeatIteration" value="0" />
              </properties>
            </test-case>
            <test-case id="1124" name="AddOutputPort_ValidNode_IncreasesPortCount" fullname="KexGraph.Tests.GraphPortTests.AddOutputPort_ValidNode_IncreasesPortCount" methodname="AddOutputPort_ValidNode_IncreasesPortCount" classname="KexGraph.Tests.GraphPortTests" runstate="Runnable" seed="1485877842" result="Passed" start-time="2025-12-23 18:39:42Z" end-time="2025-12-23 18:39:42Z" duration="0.000156" asserts="0">
              <properties>
                <property name="retryIteration" value="0" />
                <property name="repeatIteration" value="0" />
              </properties>
            </test-case>
            <test-case id="1127" name="GetInputPorts_NodeWithInputs_ReturnsCorrectPorts" fullname="KexGraph.Tests.GraphPortTests.GetInputPorts_NodeWithInputs_ReturnsCorrectPorts" methodname="GetInputPorts_NodeWithInputs_ReturnsCorrectPorts" classname="KexGraph.Tests.GraphPortTests" runstate="Runnable" seed="1041356063" result="Passed" start-time="2025-12-23 18:39:42Z" end-time="2025-12-23 18:39:42Z" duration="0.000248" asserts="0">
              <properties>
                <property name="retryIteration" value="0" />
                <property name="repeatIteration" value="0" />
              </properties>
            </test-case>
            <test-case id="1128" name="GetInputPorts_NodeWithNoInputs_ReturnsEmptyArray" fullname="KexGraph.Tests.GraphPortTests.GetInputPorts_NodeWithNoInputs_ReturnsEmptyArray" methodname="GetInputPorts_NodeWithNoInputs_ReturnsEmptyArray" classname="KexGraph.Tests.GraphPortTests" runstate="Runnable" seed="944058456" result="Passed" start-time="2025-12-23 18:39:42Z" end-time="2025-12-23 18:39:42Z" duration="0.000101" asserts="0">
              <properties>
                <property name="retryIteration" value="0" />
                <property name="repeatIteration" value="0" />
              </properties>
            </test-case>
            <test-case id="1130" name="GetOutputPorts_NodeWithNoOutputs_ReturnsEmptyArray" fullname="KexGraph.Tests.GraphPortTests.GetOutputPorts_NodeWithNoOutputs_ReturnsEmptyArray" methodname="GetOutputPorts_NodeWithNoOutputs_ReturnsEmptyArray" classname="KexGraph.Tests.GraphPortTests" runstate="Runnable" seed="332159030" result="Passed" start-time="2025-12-23 18:39:42Z" end-time="2025-12-23 18:39:42Z" duration="0.000117" asserts="0">
              <properties>
                <property name="retryIteration" value="0" />
                <property name="repeatIteration" value="0" />
              </properties>
            </test-case>
            <test-case id="1129" name="GetOutputPorts_NodeWithOutputs_ReturnsCorrectPorts" fullname="KexGraph.Tests.GraphPortTests.GetOutputPorts_NodeWithOutputs_ReturnsCorrectPorts" methodname="GetOutputPorts_NodeWithOutputs_ReturnsCorrectPorts" classname="KexGraph.Tests.GraphPortTests" runstate="Runnable" seed="838418829" result="Passed" start-time="2025-12-23 18:39:42Z" end-time="2025-12-23 18:39:42Z" duration="0.000150" asserts="0">
              <properties>
                <property name="retryIteration" value="0" />
                <property name="repeatIteration" value="0" />
              </properties>
            </test-case>
            <test-case id="1131" name="RemovePort_DecreasesPortCount" fullname="KexGraph.Tests.GraphPortTests.RemovePort_DecreasesPortCount" methodname="RemovePort_DecreasesPortCount" classname="KexGraph.Tests.GraphPortTests" runstate="Runnable" seed="979345130" result="Passed" start-time="2025-12-23 18:39:42Z" end-time="2025-12-23 18:39:42Z" duration="0.025052" asserts="0">
              <properties>
                <property name="retryIteration" value="0" />
                <property name="repeatIteration" value="0" />
              </properties>
            </test-case>
            <test-case id="1132" name="RemovePort_UpdatesNodeInputCount" fullname="KexGraph.Tests.GraphPortTests.RemovePort_UpdatesNodeInputCount" methodname="RemovePort_UpdatesNodeInputCount" classname="KexGraph.Tests.GraphPortTests" runstate="Runnable" seed="95030097" result="Passed" start-time="2025-12-23 18:39:42Z" end-time="2025-12-23 18:39:42Z" duration="0.000404" asserts="0">
              <properties>
                <property name="retryIteration" value="0" />
                <property name="repeatIteration" value="0" />
              </properties>
            </test-case>
            <test-case id="1133" name="RemovePort_UpdatesNodeOutputCount" fullname="KexGraph.Tests.GraphPortTests.RemovePort_UpdatesNodeOutputCount" methodname="RemovePort_UpdatesNodeOutputCount" classname="KexGraph.Tests.GraphPortTests" runstate="Runnable" seed="421292119" result="Passed" start-time="2025-12-23 18:39:42Z" end-time="2025-12-23 18:39:42Z" duration="0.001903" asserts="0">
              <properties>
                <property name="retryIteration" value="0" />
                <property name="repeatIteration" value="0" />
              </properties>
            </test-case>
          </test-suite>
          <test-suite type="TestFixture" id="1134" name="GraphSerializationTests" fullname="KexGraph.Tests.GraphSerializationTests" classname="KexGraph.Tests.GraphSerializationTests" runstate="Runnable" testcasecount="13" result="Passed" start-time="2025-12-23 18:39:42Z" end-time="2025-12-23 18:39:42Z" duration="0.035594" total="13" passed="13" failed="0" inconclusive="0" skipped="0" asserts="0">
            <properties>
              <property name="Category" value="Unit" />
            </properties>
            <test-case id="1140" name="NextEdgeId_AfterAddingEdge_Increments" fullname="KexGraph.Tests.GraphSerializationTests.NextEdgeId_AfterAddingEdge_Increments" methodname="NextEdgeId_AfterAddingEdge_Increments" classname="KexGraph.Tests.GraphSerializationTests" runstate="Runnable" seed="100038069" result="Passed" start-time="2025-12-23 18:39:42Z" end-time="2025-12-23 18:39:42Z" duration="0.000435" asserts="0">
              <properties>
                <property name="retryIteration" value="0" />
                <property name="repeatIteration" value="0" />
              </properties>
            </test-case>
            <test-case id="1137" name="NextEdgeId_DefaultGraph_StartsAtOne" fullname="KexGraph.Tests.GraphSerializationTests.NextEdgeId_DefaultGraph_StartsAtOne" methodname="NextEdgeId_DefaultGraph_StartsAtOne" classname="KexGraph.Tests.GraphSerializationTests" runstate="Runnable" seed="2059638686" result="Passed" start-time="2025-12-23 18:39:42Z" end-time="2025-12-23 18:39:42Z" duration="0.000139" asserts="0">
              <properties>
                <property name="retryIteration" value="0" />
                <property name="repeatIteration" value="0" />
              </properties>
            </test-case>
            <test-case id="1138" name="NextNodeId_AfterAddingNode_Increments" fullname="KexGraph.Tests.GraphSerializationTests.NextNodeId_AfterAddingNode_Increments" methodname="NextNodeId_AfterAddingNode_Increments" classname="KexGraph.Tests.GraphSerializationTests" runstate="Runnable" seed="1654702555" result="Passed" start-time="2025-12-23 18:39:42Z" end-time="2025-12-23 18:39:42Z" duration="0.000153" asserts="0">
              <properties>
                <property name="retryIteration" value="0" />
                <property name="repeatIteration" value="0" />
              </properties>
            </test-case>
            <test-case id="1135" name="NextNodeId_DefaultGraph_StartsAtOne" fullname="KexGraph.Tests.GraphSerializationTests.NextNodeId_DefaultGraph_StartsAtOne" methodname="NextNodeId_DefaultGraph_StartsAtOne" classname="KexGraph.Tests.GraphSerializationTests" runstate="Runnable" seed="1064414448" result="Passed" start-time="2025-12-23 18:39:42Z" end-time="2025-12-23 18:39:42Z" duration="0.000118" asserts="0">
              <properties>
                <property name="retryIteration" value="0" />
                <property name="repeatIteration" value="0" />
              </properties>
            </test-case>
            <test-case id="1139" name="NextPortId_AfterAddingPort_Increments" fullname="KexGraph.Tests.GraphSerializationTests.NextPortId_AfterAddingPort_Increments" methodname="NextPortId_AfterAddingPort_Increments" classname="KexGraph.Tests.GraphSerializationTests" runstate="Runnable" seed="452166788" result="Passed" start-time="2025-12-23 18:39:42Z" end-time="2025-12-23 18:39:42Z" duration="0.000108" asserts="0">
              <properties>
                <property name="retryIteration" value="0" />
                <property name="repeatIteration" value="0" />
              </properties>
            </test-case>
            <test-case id="1136" name="NextPortId_DefaultGraph_StartsAtOne" fullname="KexGraph.Tests.GraphSerializationTests.NextPortId_DefaultGraph_StartsAtOne" methodname="NextPortId_DefaultGraph_StartsAtOne" classname="KexGraph.Tests.GraphSerializationTests" runstate="Runnable" seed="1623514926" result="Passed" start-time="2025-12-23 18:39:42Z" end-time="2025-12-23 18:39:42Z" duration="0.000088" asserts="0">
              <properties>
                <property name="retryIteration" value="0" />
                <property name="repeatIteration" value="0" />
              </properties>
            </test-case>
            <test-case id="1147" name="RebuildIndexMaps_AfterNodeRemoval_CorrectIndices" fullname="KexGraph.Tests.GraphSerializationTests.RebuildIndexMaps_AfterNodeRemoval_CorrectIndices" methodname="RebuildIndexMaps_AfterNodeRemoval_CorrectIndices" classname="KexGraph.Tests.GraphSerializationTests" runstate="Runnable" seed="102111186" result="Passed" start-time="2025-12-23 18:39:42Z" end-time="2025-12-23 18:39:42Z" duration="0.002797" asserts="0">
              <properties>
                <property name="retryIteration" value="0" />
                <property name="repeatIteration" value="0" />
              </properties>
            </test-case>
            <test-case id="1146" name="RebuildIndexMaps_CalledMultipleTimes_Idempotent" fullname="KexGraph.Tests.GraphSerializationTests.RebuildIndexMaps_CalledMultipleTimes_Idempotent" methodname="RebuildIndexMaps_CalledMultipleTimes_Idempotent" classname="KexGraph.Tests.GraphSerializationTests" runstate="Runnable" seed="1898419978" result="Passed" start-time="2025-12-23 18:39:42Z" end-time="2025-12-23 18:39:42Z" duration="0.000212" asserts="0">
              <properties>
                <property name="retryIteration" value="0" />
                <property name="repeatIteration" value="0" />
              </properties>
            </test-case>
            <test-case id="1141" name="RebuildIndexMaps_EmptyGraph_Succeeds" fullname="KexGraph.Tests.GraphSerializationTests.RebuildIndexMaps_EmptyGraph_Succeeds" methodname="RebuildIndexMaps_EmptyGraph_Succeeds" classname="KexGraph.Tests.GraphSerializationTests" runstate="Runnable" seed="2052119306" result="Passed" start-time="2025-12-23 18:39:42Z" end-time="2025-12-23 18:39:42Z" duration="0.000165" asserts="0">
              <properties>
                <property name="retryIteration" value="0" />
                <property name="repeatIteration" value="0" />
              </properties>
            </test-case>
            <test-case id="1144" name="RebuildIndexMaps_FullGraph_RebuildsAllIndexMaps" fullname="KexGraph.Tests.GraphSerializationTests.RebuildIndexMaps_FullGraph_RebuildsAllIndexMaps" methodname="RebuildIndexMaps_FullGraph_RebuildsAllIndexMaps" classname="KexGraph.Tests.GraphSerializationTests" runstate="Runnable" seed="2047145817" result="Passed" start-time="2025-12-23 18:39:42Z" end-time="2025-12-23 18:39:42Z" duration="0.000234" asserts="0">
              <properties>
                <property name="retryIteration" value="0" />
                <property name="repeatIteration" value="0" />
              </properties>
            </test-case>
            <test-case id="1143" name="RebuildIndexMaps_NodesAndPorts_RebuildsPortIndexMap" fullname="KexGraph.Tests.GraphSerializationTests.RebuildIndexMaps_NodesAndPorts_RebuildsPortIndexMap" methodname="RebuildIndexMaps_NodesAndPorts_RebuildsPortIndexMap" classname="KexGraph.Tests.GraphSerializationTests" runstate="Runnable" seed="1814935738" result="Passed" start-time="2025-12-23 18:39:42Z" end-time="2025-12-23 18:39:42Z" duration="0.000202" asserts="0">
              <properties>
                <property name="retryIteration" value="0" />
                <property name="repeatIteration" value="0" />
              </properties>
            </test-case>
            <test-case id="1142" name="RebuildIndexMaps_NodesOnly_RebuildsNodeIndexMap" fullname="KexGraph.Tests.GraphSerializationTests.RebuildIndexMaps_NodesOnly_RebuildsNodeIndexMap" methodname="RebuildIndexMaps_NodesOnly_RebuildsNodeIndexMap" classname="KexGraph.Tests.GraphSerializationTests" runstate="Runnable" seed="414864920" result="Passed" start-time="2025-12-23 18:39:42Z" end-time="2025-12-23 18:39:42Z" duration="0.000142" asserts="0">
              <properties>
                <property name="retryIteration" value="0" />
                <property name="repeatIteration" value="0" />
              </properties>
            </test-case>
            <test-case id="1145" name="SimulateRoundTrip_ComplexGraph_PreservesStructure" fullname="KexGraph.Tests.GraphSerializationTests.SimulateRoundTrip_ComplexGraph_PreservesStructure" methodname="SimulateRoundTrip_ComplexGraph_PreservesStructure" classname="KexGraph.Tests.GraphSerializationTests" runstate="Runnable" seed="980483667" result="Passed" start-time="2025-12-23 18:39:42Z" end-time="2025-12-23 18:39:42Z" duration="0.003688" asserts="0">
              <properties>
                <property name="retryIteration" value="0" />
                <property name="repeatIteration" value="0" />
              </properties>
            </test-case>
          </test-suite>
          <test-suite type="TestFixture" id="1148" name="GraphStructureTests" fullname="KexGraph.Tests.GraphStructureTests" classname="KexGraph.Tests.GraphStructureTests" runstate="Runnable" testcasecount="5" result="Passed" start-time="2025-12-23 18:39:42Z" end-time="2025-12-23 18:39:42Z" duration="0.003493" total="5" passed="5" failed="0" inconclusive="0" skipped="0" asserts="0">
            <properties>
              <property name="Category" value="Unit" />
            </properties>
            <test-case id="1149" name="Graph_Create_AllocatesLists" fullname="KexGraph.Tests.GraphStructureTests.Graph_Create_AllocatesLists" methodname="Graph_Create_AllocatesLists" classname="KexGraph.Tests.GraphStructureTests" runstate="Runnable" seed="1273390142" result="Passed" start-time="2025-12-23 18:39:42Z" end-time="2025-12-23 18:39:42Z" duration="0.000226" asserts="0">
              <properties>
                <property name="retryIteration" value="0" />
                <property name="repeatIteration" value="0" />
              </properties>
            </test-case>
            <test-case id="1150" name="Graph_Dispose_FreesMemory" fullname="KexGraph.Tests.GraphStructureTests.Graph_Dispose_FreesMemory" methodname="Graph_Dispose_FreesMemory" classname="KexGraph.Tests.GraphStructureTests" runstate="Runnable" seed="2121845340" result="Passed" start-time="2025-12-23 18:39:42Z" end-time="2025-12-23 18:39:42Z" duration="0.000119" asserts="0">
              <properties>
                <property name="retryIteration" value="0" />
                <property name="repeatIteration" value="0" />
              </properties>
            </test-case>
            <test-case id="1153" name="Graph_EdgeCount_ReturnsCorrectValue" fullname="KexGraph.Tests.GraphStructureTests.Graph_EdgeCount_ReturnsCorrectValue" methodname="Graph_EdgeCount_ReturnsCorrectValue" classname="KexGraph.Tests.GraphStructureTests" runstate="Runnable" seed="1873658398" result="Passed" start-time="2025-12-23 18:39:42Z" end-time="2025-12-23 18:39:42Z" duration="0.000112" asserts="0">
              <properties>
                <property name="retryIteration" value="0" />
                <property name="repeatIteration" value="0" />
              </properties>
            </test-case>
            <test-case id="1151" name="Graph_NodeCount_ReturnsCorrectValue" fullname="KexGraph.Tests.GraphStructureTests.Graph_NodeCount_ReturnsCorrectValue" methodname="Graph_NodeCount_ReturnsCorrectValue" classname="KexGraph.Tests.GraphStructureTests" runstate="Runnable" seed="446265052" result="Passed" start-time="2025-12-23 18:39:42Z" end-time="2025-12-23 18:39:42Z" duration="0.000419" asserts="0">
              <properties>
                <property name="retryIteration" value="0" />
                <property name="repeatIteration" value="0" />
              </properties>
            </test-case>
            <test-case id="1152" name="Graph_PortCount_ReturnsCorrectValue" fullname="KexGraph.Tests.GraphStructureTests.Graph_PortCount_ReturnsCorrectValue" methodname="Graph_PortCount_ReturnsCorrectValue" classname="KexGraph.Tests.GraphStructureTests" runstate="Runnable" seed="593927458" result="Passed" start-time="2025-12-23 18:39:42Z" end-time="2025-12-23 18:39:42Z" duration="0.000093" asserts="0">
              <properties>
                <property name="retryIteration" value="0" />
                <property name="repeatIteration" value="0" />
              </properties>
            </test-case>
          </test-suite>
          <test-suite type="TestFixture" id="1154" name="GraphValidationTests" fullname="KexGraph.Tests.GraphValidationTests" classname="KexGraph.Tests.GraphValidationTests" runstate="Runnable" testcasecount="7" result="Passed" start-time="2025-12-23 18:39:42Z" end-time="2025-12-23 18:39:42Z" duration="0.034956" total="7" passed="7" failed="0" inconclusive="0" skipped="0" asserts="0">
            <properties>
              <property name="Category" value="Unit" />
            </properties>
            <test-case id="1160" name="HasCycle_ComplexCycle_ReturnsTrue" fullname="KexGraph.Tests.GraphValidationTests.HasCycle_ComplexCycle_ReturnsTrue" methodname="HasCycle_ComplexCycle_ReturnsTrue" classname="KexGraph.Tests.GraphValidationTests" runstate="Runnable" seed="841071385" result="Passed" start-time="2025-12-23 18:39:42Z" end-time="2025-12-23 18:39:42Z" duration="0.003550" asserts="0">
              <properties>
                <property name="retryIteration" value="0" />
                <property name="repeatIteration" value="0" />
              </properties>
            </test-case>
            <test-case id="1161" name="HasCycle_DiamondShape_ReturnsFalse" fullname="KexGraph.Tests.GraphValidationTests.HasCycle_DiamondShape_ReturnsFalse" methodname="HasCycle_DiamondShape_ReturnsFalse" classname="KexGraph.Tests.GraphValidationTests" runstate="Runnable" seed="345046598" result="Passed" start-time="2025-12-23 18:39:42Z" end-time="2025-12-23 18:39:42Z" duration="0.018274" asserts="0">
              <properties>
                <property name="retryIteration" value="0" />
                <property name="repeatIteration" value="0" />
              </properties>
            </test-case>
            <test-case id="1155" name="HasCycle_EmptyGraph_ReturnsFalse" fullname="KexGraph.Tests.GraphValidationTests.HasCycle_EmptyGraph_ReturnsFalse" methodname="HasCycle_EmptyGraph_ReturnsFalse" classname="KexGraph.Tests.GraphValidationTests" runstate="Runnable" seed="1585620865" result="Passed" start-time="2025-12-23 18:39:42Z" end-time="2025-12-23 18:39:42Z" duration="0.000308" asserts="0">
              <properties>
                <property name="retryIteration" value="0" />
                <property name="repeatIteration" value="0" />
              </properties>
            </test-case>
            <test-case id="1157" name="HasCycle_LinearChain_ReturnsFalse" fullname="KexGraph.Tests.GraphValidationTests.HasCycle_LinearChain_ReturnsFalse" methodname="HasCycle_LinearChain_ReturnsFalse" classname="KexGraph.Tests.GraphValidationTests" runstate="Runnable" seed="1426664466" result="Passed" start-time="2025-12-23 18:39:42Z" end-time="2025-12-23 18:39:42Z" duration="0.000193" asserts="0">
              <properties>
                <property name="retryIteration" value="0" />
                <property name="repeatIteration" value="0" />
              </properties>
            </test-case>
            <test-case id="1159" name="HasCycle_SelfLoop_ReturnsTrue" fullname="KexGraph.Tests.GraphValidationTests.HasCycle_SelfLoop_ReturnsTrue" methodname="HasCycle_SelfLoop_ReturnsTrue" classname="KexGraph.Tests.GraphValidationTests" runstate="Runnable" seed="1678058300" result="Passed" start-time="2025-12-23 18:39:42Z" end-time="2025-12-23 18:39:42Z" duration="0.000101" asserts="0">
              <properties>
                <property name="retryIteration" value="0" />
                <property name="repeatIteration" value="0" />
              </properties>
            </test-case>
            <test-case id="1158" name="HasCycle_SimpleCycle_ReturnsTrue" fullname="KexGraph.Tests.GraphValidationTests.HasCycle_SimpleCycle_ReturnsTrue" methodname="HasCycle_SimpleCycle_ReturnsTrue" classname="KexGraph.Tests.GraphValidationTests" runstate="Runnable" seed="2082731676" result="Passed" start-time="2025-12-23 18:39:42Z" end-time="2025-12-23 18:39:42Z" duration="0.000120" asserts="0">
              <properties>
                <property name="retryIteration" value="0" />
                <property name="repeatIteration" value="0" />
              </properties>
            </test-case>
            <test-case id="1156" name="HasCycle_SingleNode_ReturnsFalse" fullname="KexGraph.Tests.GraphValidationTests.HasCycle_SingleNode_ReturnsFalse" methodname="HasCycle_SingleNode_ReturnsFalse" classname="KexGraph.Tests.GraphValidationTests" runstate="Runnable" seed="635151691" result="Passed" start-time="2025-12-23 18:39:42Z" end-time="2025-12-23 18:39:42Z" duration="0.000088" asserts="0">
              <properties>
                <property name="retryIteration" value="0" />
                <property name="repeatIteration" value="0" />
              </properties>
            </test-case>
          </test-suite>
        </test-suite>
      </test-suite>
      <test-suite type="TestSuite" id="1487" name="NodeGraph" fullname="NodeGraph" runstate="Runnable" testcasecount="27" result="Passed" start-time="2025-12-23 18:39:42Z" end-time="2025-12-23 18:39:42Z" duration="0.033046" total="27" passed="27" failed="0" inconclusive="0" skipped="0" asserts="0">
        <properties />
        <test-suite type="TestSuite" id="1488" name="Tests" fullname="NodeGraph.Tests" runstate="Runnable" testcasecount="27" result="Passed" start-time="2025-12-23 18:39:42Z" end-time="2025-12-23 18:39:42Z" duration="0.030821" total="27" passed="27" failed="0" inconclusive="0" skipped="0" asserts="0">
          <properties />
          <test-suite type="TestFixture" id="1055" name="ConnectionValidatorTests" fullname="NodeGraph.Tests.ConnectionValidatorTests" classname="NodeGraph.Tests.ConnectionValidatorTests" runstate="Runnable" testcasecount="11" result="Passed" start-time="2025-12-23 18:39:42Z" end-time="2025-12-23 18:39:42Z" duration="0.011745" total="11" passed="11" failed="0" inconclusive="0" skipped="0" asserts="0">
            <properties>
              <property name="Category" value="Unit" />
            </properties>
            <test-case id="1062" name="AddValidatedEdge_InvalidConnection_ReturnsZero" fullname="NodeGraph.Tests.ConnectionValidatorTests.AddValidatedEdge_InvalidConnection_ReturnsZero" methodname="AddValidatedEdge_InvalidConnection_ReturnsZero" classname="NodeGraph.Tests.ConnectionValidatorTests" runstate="Runnable" seed="1709026540" result="Passed" start-time="2025-12-23 18:39:42Z" end-time="2025-12-23 18:39:42Z" duration="0.005211" asserts="0">
              <properties>
                <property name="retryIteration" value="0" />
                <property name="repeatIteration" value="0" />
              </properties>
            </test-case>
            <test-case id="1061" name="AddValidatedEdge_ValidConnection_CreatesEdge" fullname="NodeGraph.Tests.ConnectionValidatorTests.AddValidatedEdge_ValidConnection_CreatesEdge" methodname="AddValidatedEdge_ValidConnection_CreatesEdge" classname="NodeGraph.Tests.ConnectionValidatorTests" runstate="Runnable" seed="1289478720" result="Passed" start-time="2025-12-23 18:39:42Z" end-time="2025-12-23 18:39:42Z" duration="0.000396" asserts="0">
              <properties>
                <property name="retryIteration" value="0" />
                <property name="repeatIteration" value="0" />
              </properties>
            </test-case>
            <test-case id="1063" name="ValidateAllEdges_ValidGraph_ReturnsTrue" fullname="NodeGraph.Tests.ConnectionValidatorTests.ValidateAllEdges_ValidGraph_ReturnsTrue" methodname="ValidateAllEdges_ValidGraph_ReturnsTrue" classname="NodeGraph.Tests.ConnectionValidatorTests" runstate="Runnable" seed="1999683394" result="Passed" start-time="2025-12-23 18:39:42Z" end-time="2025-12-23 18:39:42Z" duration="0.001586" asserts="0">
              <properties>
                <property name="retryIteration" value="0" />
                <property name="repeatIteration" value="0" />
              </properties>
            </test-case>
            <test-case id="1056" name="ValidateConnection_CompatiblePorts_ReturnsSuccess" fullname="NodeGraph.Tests.ConnectionValidatorTests.ValidateConnection_CompatiblePorts_ReturnsSuccess" methodname="ValidateConnection_CompatiblePorts_ReturnsSuccess" classname="NodeGraph.Tests.ConnectionValidatorTests" runstate="Runnable" seed="1450404054" result="Passed" start-time="2025-12-23 18:39:42Z" end-time="2025-12-23 18:39:42Z" duration="0.000247" asserts="0">
              <properties>
                <property name="retryIteration" value="0" />
                <property name="repeatIteration" value="0" />
              </properties>
            </test-case>
            <test-case id="1057" name="ValidateConnection_IncompatibleTypes_ReturnsError" fullname="NodeGraph.Tests.ConnectionValidatorTests.ValidateConnection_IncompatibleTypes_ReturnsError" methodname="ValidateConnection_IncompatibleTypes_ReturnsError" classname="NodeGraph.Tests.ConnectionValidatorTests" runstate="Runnable" seed="1923653490" result="Passed" start-time="2025-12-23 18:39:42Z" end-time="2025-12-23 18:39:42Z" duration="0.000477" asserts="0">
              <properties>
                <property name="retryIteration" value="0" />
                <property name="repeatIteration" value="0" />
              </properties>
            </test-case>
            <test-case id="1059" name="ValidateConnection_InputToOutput_ReturnsError" fullname="NodeGraph.Tests.ConnectionValidatorTests.ValidateConnection_InputToOutput_ReturnsError" methodname="ValidateConnection_InputToOutput_ReturnsError" classname="NodeGraph.Tests.ConnectionValidatorTests" runstate="Runnable" seed="1154174692" result="Passed" start-time="2025-12-23 18:39:42Z" end-time="2025-12-23 18:39:42Z" duration="0.000284" asserts="0">
              <properties>
                <property name="retryIteration" value="0" />
                <property name="repeatIteration" value="0" />
              </properties>
            </test-case>
            <test-case id="1058" name="ValidateConnection_OutputToOutput_ReturnsError" fullname="NodeGraph.Tests.ConnectionValidatorTests.ValidateConnection_OutputToOutput_ReturnsError" methodname="ValidateConnection_OutputToOutput_ReturnsError" classname="NodeGraph.Tests.ConnectionValidatorTests" runstate="Runnable" seed="603337897" result="Passed" start-time="2025-12-23 18:39:42Z" end-time="2025-12-23 18:39:42Z" duration="0.000230" asserts="0">
              <properties>
                <property name="retryIteration" value="0" />
                <property name="repeatIteration" value="0" />
              </properties>
            </test-case>
            <test-case id="1064" name="ValidateConnection_ScalarToScalarInput_ReturnsSuccess" fullname="NodeGraph.Tests.ConnectionValidatorTests.ValidateConnection_ScalarToScalarInput_ReturnsSuccess" methodname="ValidateConnection_ScalarToScalarInput_ReturnsSuccess" classname="NodeGraph.Tests.ConnectionValidatorTests" runstate="Runnable" seed="1925990630" result="Passed" start-time="2025-12-23 18:39:42Z" end-time="2025-12-23 18:39:42Z" duration="0.000192" asserts="0">
              <properties>
                <property name="retryIteration" value="0" />
                <property name="repeatIteration" value="0" />
              </properties>
            </test-case>
            <test-case id="1066" name="ValidateConnection_ScalarToVectorInput_ReturnsError" fullname="NodeGraph.Tests.ConnectionValidatorTests.ValidateConnection_ScalarToVectorInput_ReturnsError" methodname="ValidateConnection_ScalarToVectorInput_ReturnsError" classname="NodeGraph.Tests.ConnectionValidatorTests" runstate="Runnable" seed="675234526" result="Passed" start-time="2025-12-23 18:39:42Z" end-time="2025-12-23 18:39:42Z" duration="0.000176" asserts="0">
              <properties>
                <property name="retryIteration" value="0" />
                <property name="repeatIteration" value="0" />
              </properties>
            </test-case>
            <test-case id="1060" name="ValidateConnection_SelfConnection_ReturnsError" fullname="NodeGraph.Tests.ConnectionValidatorTests.ValidateConnection_SelfConnection_ReturnsError" methodname="ValidateConnection_SelfConnection_ReturnsError" classname="NodeGraph.Tests.ConnectionValidatorTests" runstate="Runnable" seed="576329896" result="Passed" start-time="2025-12-23 18:39:42Z" end-time="2025-12-23 18:39:42Z" duration="0.000173" asserts="0">
              <properties>
                <property name="retryIteration" value="0" />
                <property name="repeatIteration" value="0" />
              </properties>
            </test-case>
            <test-case id="1065" name="ValidateConnection_VectorToPositionInput_ReturnsSuccess" fullname="NodeGraph.Tests.ConnectionValidatorTests.ValidateConnection_VectorToPositionInput_ReturnsSuccess" methodname="ValidateConnection_VectorToPositionInput_ReturnsSuccess" classname="NodeGraph.Tests.ConnectionValidatorTests" runstate="Runnable" seed="1916820475" result="Passed" start-time="2025-12-23 18:39:42Z" end-time="2025-12-23 18:39:42Z" duration="0.000158" asserts="0">
              <properties>
                <property name="retryIteration" value="0" />
                <property name="repeatIteration" value="0" />
              </properties>
            </test-case>
          </test-suite>
          <test-suite type="TestFixture" id="1037" name="PortSpecLookupTests" fullname="NodeGraph.Tests.PortSpecLookupTests" classname="NodeGraph.Tests.PortSpecLookupTests" runstate="Runnable" testcasecount="7" result="Passed" start-time="2025-12-23 18:39:42Z" end-time="2025-12-23 18:39:42Z" duration="0.007588" total="7" passed="7" failed="0" inconclusive="0" skipped="0" asserts="0">
            <properties>
              <property name="Category" value="Unit" />
            </properties>
            <test-case id="1042" name="TryGetInput_FindsCorrectPort" fullname="NodeGraph.Tests.PortSpecLookupTests.TryGetInput_FindsCorrectPort" methodname="TryGetInput_FindsCorrectPort" classname="NodeGraph.Tests.PortSpecLookupTests" runstate="Runnable" seed="571800779" result="Passed" start-time="2025-12-23 18:39:42Z" end-time="2025-12-23 18:39:42Z" duration="0.000375" asserts="0">
              <properties>
                <property name="retryIteration" value="0" />
                <property name="repeatIteration" value="0" />
              </properties>
            </test-case>
            <test-case id="1043" name="TryGetInput_InvalidIndex_ReturnsFalse" fullname="NodeGraph.Tests.PortSpecLookupTests.TryGetInput_InvalidIndex_ReturnsFalse" methodname="TryGetInput_InvalidIndex_ReturnsFalse" classname="NodeGraph.Tests.PortSpecLookupTests" runstate="Runnable" seed="942307779" result="Passed" start-time="2025-12-23 18:39:42Z" end-time="2025-12-23 18:39:42Z" duration="0.000237" asserts="0">
              <properties>
                <property name="retryIteration" value="0" />
                <property name="repeatIteration" value="0" />
              </properties>
            </test-case>
            <test-case id="1039" name="TryGetInputBySpec_Bridge_FindsBothAnchors" fullname="NodeGraph.Tests.PortSpecLookupTests.TryGetInputBySpec_Bridge_FindsBothAnchors" methodname="TryGetInputBySpec_Bridge_FindsBothAnchors" classname="NodeGraph.Tests.PortSpecLookupTests" runstate="Runnable" seed="448327004" result="Passed" start-time="2025-12-23 18:39:42Z" end-time="2025-12-23 18:39:42Z" duration="0.001615" asserts="0">
              <properties>
                <property name="retryIteration" value="0" />
                <property name="repeatIteration" value="0" />
              </properties>
            </test-case>
            <test-case id="1038" name="TryGetInputBySpec_FindsCorrectPort" fullname="NodeGraph.Tests.PortSpecLookupTests.TryGetInputBySpec_FindsCorrectPort" methodname="TryGetInputBySpec_FindsCorrectPort" classname="NodeGraph.Tests.PortSpecLookupTests" runstate="Runnable" seed="1220553439" result="Passed" start-time="2025-12-23 18:39:42Z" end-time="2025-12-23 18:39:42Z" duration="0.000235" asserts="0">
              <properties>
                <property name="retryIteration" value="0" />
                <property name="repeatIteration" value="0" />
              </properties>
            </test-case>
            <test-case id="1040" name="TryGetInputBySpec_NonexistentIndex_ReturnsFalse" fullname="NodeGraph.Tests.PortSpecLookupTests.TryGetInputBySpec_NonexistentIndex_ReturnsFalse" methodname="TryGetInputBySpec_NonexistentIndex_ReturnsFalse" classname="NodeGraph.Tests.PortSpecLookupTests" runstate="Runnable" seed="1331053222" result="Passed" start-time="2025-12-23 18:39:42Z" end-time="2025-12-23 18:39:42Z" duration="0.000124" asserts="0">
              <properties>
                <property name="retryIteration" value="0" />
                <property name="repeatIteration" value="0" />
              </properties>
            </test-case>
            <test-case id="1044" name="TryGetOutput_FindsCorrectPort" fullname="NodeGraph.Tests.PortSpecLookupTests.TryGetOutput_FindsCorrectPort" methodname="TryGetOutput_FindsCorrectPort" classname="NodeGraph.Tests.PortSpecLookupTests" runstate="Runnable" seed="2133388211" result="Passed" start-time="2025-12-23 18:39:42Z" end-time="2025-12-23 18:39:42Z" duration="0.000992" asserts="0">
              <properties>
                <property name="retryIteration" value="0" />
                <property name="repeatIteration" value="0" />
              </properties>
            </test-case>
            <test-case id="1041" name="TryGetOutputBySpec_FindsPathPort" fullname="NodeGraph.Tests.PortSpecLookupTests.TryGetOutputBySpec_FindsPathPort" methodname="TryGetOutputBySpec_FindsPathPort" classname="NodeGraph.Tests.PortSpecLookupTests" runstate="Runnable" seed="1397242298" result="Passed" start-time="2025-12-23 18:39:42Z" end-time="2025-12-23 18:39:42Z" duration="0.001548" asserts="0">
              <properties>
                <property name="retryIteration" value="0" />
                <property name="repeatIteration" value="0" />
              </properties>
            </test-case>
          </test-suite>
          <test-suite type="TestFixture" id="1045" name="TypedGraphTests" fullname="NodeGraph.Tests.TypedGraphTests" classname="NodeGraph.Tests.TypedGraphTests" runstate="Runnable" testcasecount="9" result="Passed" start-time="2025-12-23 18:39:42Z" end-time="2025-12-23 18:39:42Z" duration="0.009533" total="9" passed="9" failed="0" inconclusive="0" skipped="0" asserts="0">
            <properties>
              <property name="Category" value="Unit" />
            </properties>
            <test-case id="1048" name="CreateNode_Anchor_CreatesOneOutput" fullname="NodeGraph.Tests.TypedGraphTests.CreateNode_Anchor_CreatesOneOutput" methodname="CreateNode_Anchor_CreatesOneOutput" classname="NodeGraph.Tests.TypedGraphTests" runstate="Runnable" seed="28712873" result="Passed" start-time="2025-12-23 18:39:42Z" end-time="2025-12-23 18:39:42Z" duration="0.000192" asserts="0">
              <properties>
                <property name="retryIteration" value="0" />
                <property name="repeatIteration" value="0" />
              </properties>
            </test-case>
            <test-case id="1047" name="CreateNode_Curved_CreatesSixInputs" fullname="NodeGraph.Tests.TypedGraphTests.CreateNode_Curved_CreatesSixInputs" methodname="CreateNode_Curved_CreatesSixInputs" classname="NodeGraph.Tests.TypedGraphTests" runstate="Runnable" seed="1910683778" result="Passed" start-time="2025-12-23 18:39:42Z" end-time="2025-12-23 18:39:42Z" duration="0.000151" asserts="0">
              <properties>
                <property name="retryIteration" value="0" />
                <property name="repeatIteration" value="0" />
              </properties>
            </test-case>
[...]
            <properties />
            <test-case id="1435" name="ToIndex_AllPropertiesForNodeType_AreUnique(Force,7)" fullname="Tests.PropertyIndexTests.ToIndex_AllPropertiesForNodeType_AreUnique(Force,7)" methodname="ToIndex_AllPropertiesForNodeType_AreUnique" classname="Tests.PropertyIndexTests" runstate="Runnable" seed="785304894" result="Passed" start-time="2025-12-23 18:39:51Z" end-time="2025-12-23 18:39:51Z" duration="0.000676" asserts="0">
              <properties>
                <property name="retryIteration" value="0" />
                <property name="repeatIteration" value="0" />
              </properties>
            </test-case>
            <test-case id="1436" name="ToIndex_AllPropertiesForNodeType_AreUnique(Geometric,7)" fullname="Tests.PropertyIndexTests.ToIndex_AllPropertiesForNodeType_AreUnique(Geometric,7)" methodname="ToIndex_AllPropertiesForNodeType_AreUnique" classname="Tests.PropertyIndexTests" runstate="Runnable" seed="1261216311" result="Passed" start-time="2025-12-23 18:39:51Z" end-time="2025-12-23 18:39:51Z" duration="0.000524" asserts="0">
              <properties>
                <property name="retryIteration" value="0" />
                <property name="repeatIteration" value="0" />
              </properties>
            </test-case>
            <test-case id="1437" name="ToIndex_AllPropertiesForNodeType_AreUnique(Curved,5)" fullname="Tests.PropertyIndexTests.ToIndex_AllPropertiesForNodeType_AreUnique(Curved,5)" methodname="ToIndex_AllPropertiesForNodeType_AreUnique" classname="Tests.PropertyIndexTests" runstate="Runnable" seed="667812480" result="Passed" start-time="2025-12-23 18:39:51Z" end-time="2025-12-23 18:39:51Z" duration="0.000600" asserts="0">
              <properties>
                <property name="retryIteration" value="0" />
                <property name="repeatIteration" value="0" />
              </properties>
            </test-case>
            <test-case id="1438" name="ToIndex_AllPropertiesForNodeType_AreUnique(CopyPath,4)" fullname="Tests.PropertyIndexTests.ToIndex_AllPropertiesForNodeType_AreUnique(CopyPath,4)" methodname="ToIndex_AllPropertiesForNodeType_AreUnique" classname="Tests.PropertyIndexTests" runstate="Runnable" seed="1140380476" result="Passed" start-time="2025-12-23 18:39:51Z" end-time="2025-12-23 18:39:51Z" duration="0.000356" asserts="0">
              <properties>
                <property name="retryIteration" value="0" />
                <property name="repeatIteration" value="0" />
              </properties>
            </test-case>
            <test-case id="1439" name="ToIndex_AllPropertiesForNodeType_AreUnique(Bridge,5)" fullname="Tests.PropertyIndexTests.ToIndex_AllPropertiesForNodeType_AreUnique(Bridge,5)" methodname="ToIndex_AllPropertiesForNodeType_AreUnique" classname="Tests.PropertyIndexTests" runstate="Runnable" seed="1935461396" result="Passed" start-time="2025-12-23 18:39:51Z" end-time="2025-12-23 18:39:51Z" duration="0.000758" asserts="0">
              <properties>
                <property name="retryIteration" value="0" />
                <property name="repeatIteration" value="0" />
              </properties>
            </test-case>
          </test-suite>
          <test-case id="1424" name="ToIndex_NormalForce_Force_Returns1" fullname="Tests.PropertyIndexTests.ToIndex_NormalForce_Force_Returns1" methodname="ToIndex_NormalForce_Force_Returns1" classname="Tests.PropertyIndexTests" runstate="Runnable" seed="424390369" result="Passed" start-time="2025-12-23 18:39:51Z" end-time="2025-12-23 18:39:51Z" duration="0.000260" asserts="0">
            <properties>
              <property name="retryIteration" value="0" />
              <property name="repeatIteration" value="0" />
            </properties>
          </test-case>
          <test-case id="1425" name="ToIndex_PitchSpeed_Geometric_Returns1" fullname="Tests.PropertyIndexTests.ToIndex_PitchSpeed_Geometric_Returns1" methodname="ToIndex_PitchSpeed_Geometric_Returns1" classname="Tests.PropertyIndexTests" runstate="Runnable" seed="142581412" result="Passed" start-time="2025-12-23 18:39:51Z" end-time="2025-12-23 18:39:51Z" duration="0.000978" asserts="0">
            <properties>
              <property name="retryIteration" value="0" />
              <property name="repeatIteration" value="0" />
            </properties>
          </test-case>
        </test-suite>
        <test-suite type="TestFixture" id="1460" name="QuaternionEquivalenceTests" fullname="Tests.QuaternionEquivalenceTests" classname="Tests.QuaternionEquivalenceTests" runstate="Runnable" testcasecount="3" result="Passed" start-time="2025-12-23 18:39:51Z" end-time="2025-12-23 18:39:51Z" duration="0.011238" total="3" passed="3" failed="0" inconclusive="0" skipped="0" asserts="0">
          <properties>
            <property name="Category" value="Validation" />
          </properties>
          <test-case id="1463" name="CombinedRotation_ReproducesDrift" fullname="Tests.QuaternionEquivalenceTests.CombinedRotation_ReproducesDrift" methodname="CombinedRotation_ReproducesDrift" classname="Tests.QuaternionEquivalenceTests" runstate="Runnable" seed="1803584606" result="Passed" start-time="2025-12-23 18:39:51Z" end-time="2025-12-23 18:39:51Z" duration="0.004456" asserts="0">
            <properties>
              <property name="retryIteration" value="0" />
              <property name="repeatIteration" value="0" />
            </properties>
            <output><![CDATA[Direction error: 0.000000e+000 (unity=float3(-0.0003f, 0.0005f, -0.9999998f), rust=float3(-0.0003f, 0.0005f, -0.9999998f))
Unity combined: (0.00025, 0.00015, 3.75E-08, 0.9999999)
Rust combined: (0.00025, 0.00015, 3.75E-08, 0.9999999)
]]></output>
          </test-case>
          <test-case id="1461" name="QuaternionMul_MatchesUnity" fullname="Tests.QuaternionEquivalenceTests.QuaternionMul_MatchesUnity" methodname="QuaternionMul_MatchesUnity" classname="Tests.QuaternionEquivalenceTests" runstate="Runnable" seed="1230220442" result="Passed" start-time="2025-12-23 18:39:51Z" end-time="2025-12-23 18:39:51Z" duration="0.000937" asserts="0">
            <properties>
              <property name="retryIteration" value="0" />
              <property name="repeatIteration" value="0" />
            </properties>
          </test-case>
          <test-case id="1462" name="QuaternionMulVec_MatchesUnity" fullname="Tests.QuaternionEquivalenceTests.QuaternionMulVec_MatchesUnity" methodname="QuaternionMulVec_MatchesUnity" classname="Tests.QuaternionEquivalenceTests" runstate="Runnable" seed="2075740119" result="Passed" start-time="2025-12-23 18:39:51Z" end-time="2025-12-23 18:39:51Z" duration="0.000572" asserts="0">
            <properties>
              <property name="retryIteration" value="0" />
              <property name="repeatIteration" value="0" />
            </properties>
          </test-case>
        </test-suite>
        <test-suite type="TestFixture" id="1464" name="ReverseNodeTests" fullname="Tests.ReverseNodeTests" classname="Tests.ReverseNodeTests" runstate="Runnable" testcasecount="6" result="Passed" start-time="2025-12-23 18:39:51Z" end-time="2025-12-23 18:39:51Z" duration="0.020185" total="6" passed="6" failed="0" inconclusive="0" skipped="0" asserts="0">
          <properties />
          <test-case id="1470" name="Build_PreservesLateralForce" fullname="Tests.ReverseNodeTests.Build_PreservesLateralForce" methodname="Build_PreservesLateralForce" classname="Tests.ReverseNodeTests" runstate="Runnable" seed="611913988" result="Passed" start-time="2025-12-23 18:39:51Z" end-time="2025-12-23 18:39:51Z" duration="0.000758" asserts="0">
            <properties>
              <property name="retryIteration" value="0" />
              <property name="repeatIteration" value="0" />
            </properties>
          </test-case>
          <test-case id="1467" name="Build_PreservesNormal" fullname="Tests.ReverseNodeTests.Build_PreservesNormal" methodname="Build_PreservesNormal" classname="Tests.ReverseNodeTests" runstate="Runnable" seed="390225187" result="Passed" start-time="2025-12-23 18:39:51Z" end-time="2025-12-23 18:39:51Z" duration="0.000558" asserts="0">
            <properties>
              <property name="retryIteration" value="0" />
              <property name="repeatIteration" value="0" />
            </properties>
          </test-case>
          <test-case id="1468" name="Build_PreservesPosition" fullname="Tests.ReverseNodeTests.Build_PreservesPosition" methodname="Build_PreservesPosition" classname="Tests.ReverseNodeTests" runstate="Runnable" seed="1596251461" result="Passed" start-time="2025-12-23 18:39:51Z" end-time="2025-12-23 18:39:51Z" duration="0.000603" asserts="0">
            <properties>
              <property name="retryIteration" value="0" />
              <property name="repeatIteration" value="0" />
            </properties>
          </test-case>
          <test-case id="1469" name="Build_PreservesVelocityAndEnergy" fullname="Tests.ReverseNodeTests.Build_PreservesVelocityAndEnergy" methodname="Build_PreservesVelocityAndEnergy" classname="Tests.ReverseNodeTests" runstate="Runnable" seed="1643417142" result="Passed" start-time="2025-12-23 18:39:51Z" end-time="2025-12-23 18:39:51Z" duration="0.000751" asserts="0">
            <properties>
              <property name="retryIteration" value="0" />
              <property name="repeatIteration" value="0" />
            </properties>
          </test-case>
          <test-case id="1465" name="Build_ReversesDirection" fullname="Tests.ReverseNodeTests.Build_ReversesDirection" methodname="Build_ReversesDirection" classname="Tests.ReverseNodeTests" runstate="Runnable" seed="1895934962" result="Passed" start-time="2025-12-23 18:39:51Z" end-time="2025-12-23 18:39:51Z" duration="0.000232" asserts="0">
            <properties>
              <property name="retryIteration" value="0" />
              <property name="repeatIteration" value="0" />
            </properties>
          </test-case>
          <test-case id="1466" name="Build_ReversesLateral" fullname="Tests.ReverseNodeTests.Build_ReversesLateral" methodname="Build_ReversesLateral" classname="Tests.ReverseNodeTests" runstate="Runnable" seed="1168755843" result="Passed" start-time="2025-12-23 18:39:51Z" end-time="2025-12-23 18:39:51Z" duration="0.000171" asserts="0">
            <properties>
              <property name="retryIteration" value="0" />
              <property name="repeatIteration" value="0" />
            </properties>
          </test-case>
        </test-suite>
        <test-suite type="TestFixture" id="1471" name="ReversePathNodeTests" fullname="Tests.ReversePathNodeTests" classname="Tests.ReversePathNodeTests" runstate="Runnable" testcasecount="4" result="Passed" start-time="2025-12-23 18:39:51Z" end-time="2025-12-23 18:39:51Z" duration="0.010330" total="4" passed="4" failed="0" inconclusive="0" skipped="0" asserts="0">
          <properties />
          <test-case id="1472" name="Build_EmptyPath_ReturnsEmpty" fullname="Tests.ReversePathNodeTests.Build_EmptyPath_ReturnsEmpty" methodname="Build_EmptyPath_ReturnsEmpty" classname="Tests.ReversePathNodeTests" runstate="Runnable" seed="988242484" result="Passed" start-time="2025-12-23 18:39:51Z" end-time="2025-12-23 18:39:51Z" duration="0.000607" asserts="0">
            <properties>
              <property name="retryIteration" value="0" />
              <property name="repeatIteration" value="0" />
            </properties>
          </test-case>
          <test-case id="1474" name="Build_MultiplePpoints_ReversesOrder" fullname="Tests.ReversePathNodeTests.Build_MultiplePpoints_ReversesOrder" methodname="Build_MultiplePpoints_ReversesOrder" classname="Tests.ReversePathNodeTests" runstate="Runnable" seed="2067384999" result="Passed" start-time="2025-12-23 18:39:51Z" end-time="2025-12-23 18:39:51Z" duration="0.001373" asserts="0">
            <properties>
              <property name="retryIteration" value="0" />
              <property name="repeatIteration" value="0" />
            </properties>
          </test-case>
          <test-case id="1475" name="Build_PreservesNormal" fullname="Tests.ReversePathNodeTests.Build_PreservesNormal" methodname="Build_PreservesNormal" classname="Tests.ReversePathNodeTests" runstate="Runnable" seed="460012534" result="Passed" start-time="2025-12-23 18:39:51Z" end-time="2025-12-23 18:39:51Z" duration="0.001664" asserts="0">
            <properties>
              <property name="retryIteration" value="0" />
              <property name="repeatIteration" value="0" />
            </properties>
          </test-case>
          <test-case id="1473" name="Build_SinglePoint_ReversesOrientation" fullname="Tests.ReversePathNodeTests.Build_SinglePoint_ReversesOrientation" methodname="Build_SinglePoint_ReversesOrientation" classname="Tests.ReversePathNodeTests" runstate="Runnable" seed="1505771579" result="Passed" start-time="2025-12-23 18:39:51Z" end-time="2025-12-23 18:39:51Z" duration="0.001068" asserts="0">
            <properties>
              <property name="retryIteration" value="0" />
              <property name="repeatIteration" value="0" />
            </properties>
          </test-case>
        </test-suite>
        <test-suite type="TestFixture" id="1476" name="RustForceNodeValidationTests" fullname="Tests.RustForceNodeValidationTests" classname="Tests.RustForceNodeValidationTests" runstate="Runnable" testcasecount="3" result="Passed" start-time="2025-12-23 18:39:51Z" end-time="2025-12-23 18:39:51Z" duration="0.570002" total="3" passed="3" failed="0" inconclusive="0" skipped="0" asserts="0">
          <properties>
            <property name="Category" value="Validation" />
          </properties>
          <test-case id="1479" name="RustMatchesBurst_AllTypes_ForceSection" fullname="Tests.RustForceNodeValidationTests.RustMatchesBurst_AllTypes_ForceSection" methodname="RustMatchesBurst_AllTypes_ForceSection" classname="Tests.RustForceNodeValidationTests" runstate="Runnable" seed="1719763010" result="Passed" start-time="2025-12-23 18:39:51Z" end-time="2025-12-23 18:39:51Z" duration="0.498210" asserts="0">
            <properties>
              <property name="retryIteration" value="0" />
              <property name="repeatIteration" value="0" />
            </properties>
          </test-case>
          <test-case id="1478" name="RustMatchesBurst_SimpleDistanceSection" fullname="Tests.RustForceNodeValidationTests.RustMatchesBurst_SimpleDistanceSection" methodname="RustMatchesBurst_SimpleDistanceSection" classname="Tests.RustForceNodeValidationTests" runstate="Runnable" seed="2039084204" result="Passed" start-time="2025-12-23 18:39:51Z" end-time="2025-12-23 18:39:51Z" duration="0.026825" asserts="0">
            <properties>
              <property name="retryIteration" value="0" />
              <property name="repeatIteration" value="0" />
            </properties>
          </test-case>
          <test-case id="1477" name="RustMatchesBurst_SimpleTimeSection" fullname="Tests.RustForceNodeValidationTests.RustMatchesBurst_SimpleTimeSection" methodname="RustMatchesBurst_SimpleTimeSection" classname="Tests.RustForceNodeValidationTests" runstate="Runnable" seed="252107154" result="Passed" start-time="2025-12-23 18:39:51Z" end-time="2025-12-23 18:39:51Z" duration="0.040159" asserts="0">
            <properties>
              <property name="retryIteration" value="0" />
              <property name="repeatIteration" value="0" />
            </properties>
          </test-case>
        </test-suite>
      </test-suite>
      <test-suite type="TestFixture" id="1031" name="TrackMeshExporterTests" fullname="TrackMeshExporterTests" classname="TrackMeshExporterTests" runstate="Runnable" testcasecount="5" result="Failed" site="Child" start-time="2025-12-23 18:39:51Z" end-time="2025-12-23 18:39:59Z" duration="8.074042" total="5" passed="4" failed="1" inconclusive="0" skipped="0" asserts="0">
        <properties />
        <failure>
          <message><![CDATA[One or more child tests had errors]]></message>
        </failure>
        <test-case id="1032" name="BuildJob_TransformsDataCorrectly" fullname="TrackMeshExporterTests.BuildJob_TransformsDataCorrectly" methodname="BuildJob_TransformsDataCorrectly" classname="TrackMeshExporterTests" runstate="Runnable" seed="1829290548" result="Passed" start-time="2025-12-23 18:39:51Z" end-time="2025-12-23 18:39:51Z" duration="0.008942" asserts="0">
          <properties>
            <property name="retryIteration" value="0" />
            <property name="repeatIteration" value="0" />
          </properties>
        </test-case>
        <test-case id="1034" name="ObjWriter_HandlesMultipleMeshes" fullname="TrackMeshExporterTests.ObjWriter_HandlesMultipleMeshes" methodname="ObjWriter_HandlesMultipleMeshes" classname="TrackMeshExporterTests" runstate="Runnable" seed="535085720" result="Passed" start-time="2025-12-23 18:39:51Z" end-time="2025-12-23 18:39:51Z" duration="0.010304" asserts="0">
          <properties>
            <property name="retryIteration" value="0" />
            <property name="repeatIteration" value="0" />
          </properties>
        </test-case>
        <test-case id="1035" name="ObjWriter_PerformanceWithLargeDataset" fullname="TrackMeshExporterTests.ObjWriter_PerformanceWithLargeDataset" methodname="ObjWriter_PerformanceWithLargeDataset" classname="TrackMeshExporterTests" runstate="Runnable" seed="1989513175" result="Failed" start-time="2025-12-23 18:39:51Z" end-time="2025-12-23 18:39:59Z" duration="8.021670" asserts="0">
          <properties>
            <property name="retryIteration" value="0" />
            <property name="repeatIteration" value="0" />
          </properties>
          <failure>
            <message><![CDATA[  String building should be under 4 seconds (took 4228ms)
  Expected: less than 4000
  But was:  4228
]]></message>
            <stack-trace><![CDATA[at TrackMeshExporterTests.ObjWriter_PerformanceWithLargeDataset () [0x0086a] in /Users/dylanebert/KexEdit/Assets/Tests/TrackMeshExporterTests.cs:357
]]></stack-trace>
          </failure>
          <output><![CDATA[Performance Test Results:
  Setup: 14ms (100 meshes, 100,000 vertices)
  String Building: 4228ms (42.3ms per mesh)
  File Writing: 21ms
  Total Export: 4249ms
  File size: 13186KB
]]></output>
        </test-case>
        <test-case id="1033" name="ObjWriter_ProducesValidObjFile" fullname="TrackMeshExporterTests.ObjWriter_ProducesValidObjFile" methodname="ObjWriter_ProducesValidObjFile" classname="TrackMeshExporterTests" runstate="Runnable" seed="205152221" result="Passed" start-time="2025-12-23 18:39:59Z" end-time="2025-12-23 18:39:59Z" duration="0.003769" asserts="0">
          <properties>
            <property name="retryIteration" value="0" />
            <property name="repeatIteration" value="0" />
          </properties>
        </test-case>
        <test-case id="1036" name="UnsafePointerAccess_DoesNotCorruptMemory" fullname="TrackMeshExporterTests.UnsafePointerAccess_DoesNotCorruptMemory" methodname="UnsafePointerAccess_DoesNotCorruptMemory" classname="TrackMeshExporterTests" runstate="Runnable" seed="954918285" result="Passed" start-time="2025-12-23 18:39:59Z" end-time="2025-12-23 18:39:59Z" duration="0.003039" asserts="0">
          <properties>
            <property name="retryIteration" value="0" />
            <property name="repeatIteration" value="0" />
          </properties>
          <output><![CDATA[Saving results to: /Users/dylanebert/Library/Application Support/IndividualKex/KexEdit/TestResults.xml
]]></output>
        </test-case>
      </test-suite>
    </test-suite>
  </test-suite>
</test-run>