<?xml version="1.0" encoding="utf-8"?>
<test-run id="2" testcasecount="507" result="Passed" total="507" passed="507" failed="0" inconclusive="0" skipped="0" asserts="0" engine-version="3.5.0.0" clr-version="4.0.30319.42000" start-time="2026-01-11 23:00:08Z" end-time="2026-01-11 23:00:11Z" duration="3.4268279">
  <test-suite type="TestSuite" id="1000" name="KexEdit" fullname="KexEdit" runstate="Runnable" testcasecount="3372" result="Passed" start-time="2026-01-11 23:00:08Z" end-time="2026-01-11 23:00:11Z" duration="3.426828" total="507" passed="507" failed="0" inconclusive="0" skipped="0" asserts="0">
    <properties>
      <property name="platform" value="EditMode" />
    </properties>
    <test-suite type="Assembly" id="1579" name="Tests.dll" fullname="C:/Users/dylan/Documents/Games/KexEdit/Library/ScriptAssemblies/Tests.dll" runstate="Runnable" testcasecount="507" result="Passed" start-time="2026-01-11 23:00:08Z" end-time="2026-01-11 23:00:11Z" duration="3.400346" total="507" passed="507" failed="0" inconclusive="0" skipped="0" asserts="0">
      <properties>
        <property name="_PID" value="29836" />
        <property name="_APPDOMAIN" value="Unity Child Domain" />
        <property name="platform" value="EditMode" />
        <property name="EditorOnly" value="True" />
      </properties>
      <test-suite type="TestFixture" id="1001" name="CoasterEvaluatorTests" fullname="CoasterEvaluatorTests" classname="CoasterEvaluatorTests" runstate="Runnable" testcasecount="9" result="Passed" start-time="2026-01-11 23:00:08Z" end-time="2026-01-11 23:00:08Z" duration="0.085167" total="9" passed="9" failed="0" inconclusive="0" skipped="0" asserts="0">
        <properties />
        <test-case id="1006" name="Evaluate_AnchorToCurved_ProducesPathAndOutputAnchor" fullname="CoasterEvaluatorTests.Evaluate_AnchorToCurved_ProducesPathAndOutputAnchor" methodname="Evaluate_AnchorToCurved_ProducesPathAndOutputAnchor" classname="CoasterEvaluatorTests" runstate="Runnable" seed="1561841547" result="Passed" start-time="2026-01-11 23:00:08Z" end-time="2026-01-11 23:00:08Z" duration="0.056111" asserts="0">
          <properties>
            <property name="retryIteration" value="0" />
            <property name="repeatIteration" value="0" />
          </properties>
        </test-case>
        <test-case id="1004" name="Evaluate_AnchorToForce_ProducesPathAndOutputAnchor" fullname="CoasterEvaluatorTests.Evaluate_AnchorToForce_ProducesPathAndOutputAnchor" methodname="Evaluate_AnchorToForce_ProducesPathAndOutputAnchor" classname="CoasterEvaluatorTests" runstate="Runnable" seed="545429294" result="Passed" start-time="2026-01-11 23:00:08Z" end-time="2026-01-11 23:00:08Z" duration="0.006578" asserts="0">
          <properties>
            <property name="retryIteration" value="0" />
            <property name="repeatIteration" value="0" />
          </properties>
        </test-case>
        <test-case id="1005" name="Evaluate_AnchorToGeometric_ProducesPathAndOutputAnchor" fullname="CoasterEvaluatorTests.Evaluate_AnchorToGeometric_ProducesPathAndOutputAnchor" methodname="Evaluate_AnchorToGeometric_ProducesPathAndOutputAnchor" classname="CoasterEvaluatorTests" runstate="Runnable" seed="650711245" result="Passed" start-time="2026-01-11 23:00:08Z" end-time="2026-01-11 23:00:08Z" duration="0.001052" asserts="0">
          <properties>
            <property name="retryIteration" value="0" />
            <property name="repeatIteration" value="0" />
          </properties>
        </test-case>
        <test-case id="1007" name="Evaluate_AnchorToReverse_ReversesDirection" fullname="CoasterEvaluatorTests.Evaluate_AnchorToReverse_ReversesDirection" methodname="Evaluate_AnchorToReverse_ReversesDirection" classname="CoasterEvaluatorTests" runstate="Runnable" seed="1933742431" result="Passed" start-time="2026-01-11 23:00:08Z" end-time="2026-01-11 23:00:08Z" duration="0.001104" asserts="0">
          <properties>
            <property name="retryIteration" value="0" />
            <property name="repeatIteration" value="0" />
          </properties>
        </test-case>
        <test-case id="1009" name="Evaluate_Bridge_CreatesBezierPath" fullname="CoasterEvaluatorTests.Evaluate_Bridge_CreatesBezierPath" methodname="Evaluate_Bridge_CreatesBezierPath" classname="CoasterEvaluatorTests" runstate="Runnable" seed="397852694" result="Passed" start-time="2026-01-11 23:00:08Z" end-time="2026-01-11 23:00:08Z" duration="0.000935" asserts="0">
          <properties>
            <property name="retryIteration" value="0" />
            <property name="repeatIteration" value="0" />
          </properties>
        </test-case>
        <test-case id="1002" name="Evaluate_EmptyCoaster_ReturnsEmptyResult" fullname="CoasterEvaluatorTests.Evaluate_EmptyCoaster_ReturnsEmptyResult" methodname="Evaluate_EmptyCoaster_ReturnsEmptyResult" classname="CoasterEvaluatorTests" runstate="Runnable" seed="457178718" result="Passed" start-time="2026-01-11 23:00:08Z" end-time="2026-01-11 23:00:08Z" duration="0.000404" asserts="0">
          <properties>
            <property name="retryIteration" value="0" />
            <property name="repeatIteration" value="0" />
          </properties>
        </test-case>
        <test-case id="1008" name="Evaluate_ForceToCopyPath_CopiesPath" fullname="CoasterEvaluatorTests.Evaluate_ForceToCopyPath_CopiesPath" methodname="Evaluate_ForceToCopyPath_CopiesPath" classname="CoasterEvaluatorTests" runstate="Runnable" seed="1590324606" result="Passed" start-time="2026-01-11 23:00:08Z" end-time="2026-01-11 23:00:08Z" duration="0.001005" asserts="0">
          <properties>
            <property name="retryIteration" value="0" />
            <property name="repeatIteration" value="0" />
          </properties>
        </test-case>
        <test-case id="1010" name="Evaluate_ScalarNodeInjectsToCurvedRadius" fullname="CoasterEvaluatorTests.Evaluate_ScalarNodeInjectsToCurvedRadius" methodname="Evaluate_ScalarNodeInjectsToCurvedRadius" classname="CoasterEvaluatorTests" runstate="Runnable" seed="2082115584" result="Passed" start-time="2026-01-11 23:00:08Z" end-time="2026-01-11 23:00:08Z" duration="0.000858" asserts="0">
          <properties>
            <property name="retryIteration" value="0" />
            <property name="repeatIteration" value="0" />
          </properties>
        </test-case>
        <test-case id="1003" name="Evaluate_SingleAnchorNode_ProducesOutputAnchor" fullname="CoasterEvaluatorTests.Evaluate_SingleAnchorNode_ProducesOutputAnchor" methodname="Evaluate_SingleAnchorNode_ProducesOutputAnchor" classname="CoasterEvaluatorTests" runstate="Runnable" seed="1152039939" result="Passed" start-time="2026-01-11 23:00:08Z" end-time="2026-01-11 23:00:08Z" duration="0.000318" asserts="0">
          <properties>
            <property name="retryIteration" value="0" />
            <property name="repeatIteration" value="0" />
          </properties>
        </test-case>
      </test-suite>
      <test-suite type="TestFixture" id="1011" name="CoasterTests" fullname="CoasterTests" classname="CoasterTests" runstate="Runnable" testcasecount="7" result="Passed" start-time="2026-01-11 23:00:08Z" end-time="2026-01-11 23:00:08Z" duration="0.010640" total="7" passed="7" failed="0" inconclusive="0" skipped="0" asserts="0">
        <properties />
        <test-case id="1014" name="AddAnchorNode_StoresPositionAndRotation" fullname="CoasterTests.AddAnchorNode_StoresPositionAndRotation" methodname="AddAnchorNode_StoresPositionAndRotation" classname="CoasterTests" runstate="Runnable" seed="26461697" result="Passed" start-time="2026-01-11 23:00:08Z" end-time="2026-01-11 23:00:08Z" duration="0.002227" asserts="0">
          <properties>
            <property name="retryIteration" value="0" />
            <property name="repeatIteration" value="0" />
          </properties>
        </test-case>
        <test-case id="1015" name="AddForceNode_StoresDurationAndKeyframes" fullname="CoasterTests.AddForceNode_StoresDurationAndKeyframes" methodname="AddForceNode_StoresDurationAndKeyframes" classname="CoasterTests" runstate="Runnable" seed="56678851" result="Passed" start-time="2026-01-11 23:00:08Z" end-time="2026-01-11 23:00:08Z" duration="0.004598" asserts="0">
          <properties>
            <property name="retryIteration" value="0" />
            <property name="repeatIteration" value="0" />
          </properties>
        </test-case>
        <test-case id="1012" name="Create_InitializesEmptyCoaster" fullname="CoasterTests.Create_InitializesEmptyCoaster" methodname="Create_InitializesEmptyCoaster" classname="CoasterTests" runstate="Runnable" seed="481952514" result="Passed" start-time="2026-01-11 23:00:08Z" end-time="2026-01-11 23:00:08Z" duration="0.000570" asserts="0">
          <properties>
            <property name="retryIteration" value="0" />
            <property name="repeatIteration" value="0" />
          </properties>
        </test-case>
        <test-case id="1013" name="Dispose_CleansUpAllContainers" fullname="CoasterTests.Dispose_CleansUpAllContainers" methodname="Dispose_CleansUpAllContainers" classname="CoasterTests" runstate="Runnable" seed="1290429332" result="Passed" start-time="2026-01-11 23:00:08Z" end-time="2026-01-11 23:00:08Z" duration="0.000377" asserts="0">
          <properties>
            <property name="retryIteration" value="0" />
            <property name="repeatIteration" value="0" />
          </properties>
        </test-case>
        <test-case id="1016" name="GeometricNode_SteeringSupportedViaFlags" fullname="CoasterTests.GeometricNode_SteeringSupportedViaFlags" methodname="GeometricNode_SteeringSupportedViaFlags" classname="CoasterTests" runstate="Runnable" seed="1379901853" result="Passed" start-time="2026-01-11 23:00:08Z" end-time="2026-01-11 23:00:08Z" duration="0.000471" asserts="0">
          <properties>
            <property name="retryIteration" value="0" />
            <property name="repeatIteration" value="0" />
          </properties>
        </test-case>
        <test-case id="1017" name="ScalarNode_StoresValue" fullname="CoasterTests.ScalarNode_StoresValue" methodname="ScalarNode_StoresValue" classname="CoasterTests" runstate="Runnable" seed="1232970678" result="Passed" start-time="2026-01-11 23:00:08Z" end-time="2026-01-11 23:00:08Z" duration="0.000209" asserts="0">
          <properties>
            <property name="retryIteration" value="0" />
            <property name="repeatIteration" value="0" />
          </properties>
        </test-case>
        <test-case id="1018" name="VectorNode_StoresValue" fullname="CoasterTests.VectorNode_StoresValue" methodname="VectorNode_StoresValue" classname="CoasterTests" runstate="Runnable" seed="81741057" result="Passed" start-time="2026-01-11 23:00:08Z" end-time="2026-01-11 23:00:08Z" duration="0.000234" asserts="0">
          <properties>
            <property name="retryIteration" value="0" />
            <property name="repeatIteration" value="0" />
          </properties>
        </test-case>
      </test-suite>
      <test-suite type="TestSuite" id="1584" name="KexEdit" fullname="KexEdit" runstate="Runnable" testcasecount="78" result="Passed" start-time="2026-01-11 23:00:08Z" end-time="2026-01-11 23:00:08Z" duration="0.077085" total="78" passed="78" failed="0" inconclusive="0" skipped="0" asserts="0">
        <properties />
        <test-suite type="TestSuite" id="1587" name="Graph" fullname="KexEdit.Graph" runstate="Runnable" testcasecount="72" result="Passed" start-time="2026-01-11 23:00:08Z" end-time="2026-01-11 23:00:08Z" duration="0.058464" total="72" passed="72" failed="0" inconclusive="0" skipped="0" asserts="0">
          <properties />
          <test-suite type="TestSuite" id="1588" name="Tests" fullname="KexEdit.Graph.Tests" runstate="Runnable" testcasecount="72" result="Passed" start-time="2026-01-11 23:00:08Z" end-time="2026-01-11 23:00:08Z" duration="0.057525" total="72" passed="72" failed="0" inconclusive="0" skipped="0" asserts="0">
            <properties />
            <test-suite type="TestFixture" id="1073" name="GraphEdgeTests" fullname="KexEdit.Graph.Tests.GraphEdgeTests" classname="KexEdit.Graph.Tests.GraphEdgeTests" runstate="Runnable" testcasecount="22" result="Passed" start-time="2026-01-11 23:00:08Z" end-time="2026-01-11 23:00:08Z" duration="0.021365" total="22" passed="22" failed="0" inconclusive="0" skipped="0" asserts="0">
              <properties>
                <property name="Category" value="Unit" />
              </properties>
              <test-case id="1075" name="AddEdge_GeneratesUniqueIds" fullname="KexEdit.Graph.Tests.GraphEdgeTests.AddEdge_GeneratesUniqueIds" methodname="AddEdge_GeneratesUniqueIds" classname="KexEdit.Graph.Tests.GraphEdgeTests" runstate="Runnable" seed="285933101" result="Passed" start-time="2026-01-11 23:00:08Z" end-time="2026-01-11 23:00:08Z" duration="0.003131" asserts="0">
                <properties>
                  <property name="retryIteration" value="0" />
                  <property name="repeatIteration" value="0" />
                </properties>
              </test-case>
              <test-case id="1077" name="AddEdge_InvalidSourcePort_ReturnsZero" fullname="KexEdit.Graph.Tests.GraphEdgeTests.AddEdge_InvalidSourcePort_ReturnsZero" methodname="AddEdge_InvalidSourcePort_ReturnsZero" classname="KexEdit.Graph.Tests.GraphEdgeTests" runstate="Runnable" seed="1127685643" result="Passed" start-time="2026-01-11 23:00:08Z" end-time="2026-01-11 23:00:08Z" duration="0.000331" asserts="0">
                <properties>
                  <property name="retryIteration" value="0" />
                  <property name="repeatIteration" value="0" />
                </properties>
              </test-case>
              <test-case id="1078" name="AddEdge_InvalidTargetPort_ReturnsZero" fullname="KexEdit.Graph.Tests.GraphEdgeTests.AddEdge_InvalidTargetPort_ReturnsZero" methodname="AddEdge_InvalidTargetPort_ReturnsZero" classname="KexEdit.Graph.Tests.GraphEdgeTests" runstate="Runnable" seed="1625927157" result="Passed" start-time="2026-01-11 23:00:08Z" end-time="2026-01-11 23:00:08Z" duration="0.000414" asserts="0">
                <properties>
                  <property name="retryIteration" value="0" />
                  <property name="repeatIteration" value="0" />
                </properties>
              </test-case>
              <test-case id="1076" name="AddEdge_StoresCorrectSourceAndTarget" fullname="KexEdit.Graph.Tests.GraphEdgeTests.AddEdge_StoresCorrectSourceAndTarget" methodname="AddEdge_StoresCorrectSourceAndTarget" classname="KexEdit.Graph.Tests.GraphEdgeTests" runstate="Runnable" seed="1246734807" result="Passed" start-time="2026-01-11 23:00:08Z" end-time="2026-01-11 23:00:08Z" duration="0.001770" asserts="0">
                <properties>
                  <property name="retryIteration" value="0" />
                  <property name="repeatIteration" value="0" />
                </properties>
              </test-case>
              <test-case id="1074" name="AddEdge_ValidPorts_IncreasesEdgeCount" fullname="KexEdit.Graph.Tests.GraphEdgeTests.AddEdge_ValidPorts_IncreasesEdgeCount" methodname="AddEdge_ValidPorts_IncreasesEdgeCount" classname="KexEdit.Graph.Tests.GraphEdgeTests" runstate="Runnable" seed="253462218" result="Passed" start-time="2026-01-11 23:00:08Z" end-time="2026-01-11 23:00:08Z" duration="0.000381" asserts="0">
                <properties>
                  <property name="retryIteration" value="0" />
                  <property name="repeatIteration" value="0" />
                </properties>
              </test-case>
              <test-case id="1095" name="FindSinkNodes_AllNodesAreSinks_ReturnsAll" fullname="KexEdit.Graph.Tests.GraphEdgeTests.FindSinkNodes_AllNodesAreSinks_ReturnsAll" methodname="FindSinkNodes_AllNodesAreSinks_ReturnsAll" classname="KexEdit.Graph.Tests.GraphEdgeTests" runstate="Runnable" seed="817674089" result="Passed" start-time="2026-01-11 23:00:08Z" end-time="2026-01-11 23:00:08Z" duration="0.002642" asserts="0">
                <properties>
                  <property name="retryIteration" value="0" />
                  <property name="repeatIteration" value="0" />
                </properties>
              </test-case>
              <test-case id="1094" name="FindSinkNodes_ReturnsNodesWithNoOutgoingEdges" fullname="KexEdit.Graph.Tests.GraphEdgeTests.FindSinkNodes_ReturnsNodesWithNoOutgoingEdges" methodname="FindSinkNodes_ReturnsNodesWithNoOutgoingEdges" classname="KexEdit.Graph.Tests.GraphEdgeTests" runstate="Runnable" seed="1986579686" result="Passed" start-time="2026-01-11 23:00:08Z" end-time="2026-01-11 23:00:08Z" duration="0.000475" asserts="0">
                <properties>
                  <property name="retryIteration" value="0" />
                  <property name="repeatIteration" value="0" />
                </properties>
              </test-case>
              <test-case id="1092" name="FindSourceNodes_AllNodesAreRoots_ReturnsAll" fullname="KexEdit.Graph.Tests.GraphEdgeTests.FindSourceNodes_AllNodesAreRoots_ReturnsAll" methodname="FindSourceNodes_AllNodesAreRoots_ReturnsAll" classname="KexEdit.Graph.Tests.GraphEdgeTests" runstate="Runnable" seed="62867020" result="Passed" start-time="2026-01-11 23:00:08Z" end-time="2026-01-11 23:00:08Z" duration="0.001105" asserts="0">
                <properties>
                  <property name="retryIteration" value="0" />
                  <property name="repeatIteration" value="0" />
                </properties>
              </test-case>
              <test-case id="1093" name="FindSourceNodes_EmptyGraph_ReturnsEmpty" fullname="KexEdit.Graph.Tests.GraphEdgeTests.FindSourceNodes_EmptyGraph_ReturnsEmpty" methodname="FindSourceNodes_EmptyGraph_ReturnsEmpty" classname="KexEdit.Graph.Tests.GraphEdgeTests" runstate="Runnable" seed="1023374760" result="Passed" start-time="2026-01-11 23:00:08Z" end-time="2026-01-11 23:00:08Z" duration="0.000269" asserts="0">
                <properties>
                  <property name="retryIteration" value="0" />
                  <property name="repeatIteration" value="0" />
                </properties>
              </test-case>
              <test-case id="1091" name="FindSourceNodes_ReturnsNodesWithNoIncomingEdges" fullname="KexEdit.Graph.Tests.GraphEdgeTests.FindSourceNodes_ReturnsNodesWithNoIncomingEdges" methodname="FindSourceNodes_ReturnsNodesWithNoIncomingEdges" classname="KexEdit.Graph.Tests.GraphEdgeTests" runstate="Runnable" seed="2139190631" result="Passed" start-time="2026-01-11 23:00:08Z" end-time="2026-01-11 23:00:08Z" duration="0.000448" asserts="0">
                <properties>
                  <property name="retryIteration" value="0" />
                  <property name="repeatIteration" value="0" />
                </properties>
              </test-case>
              <test-case id="1084" name="GetIncomingEdges_NodeWithIncomingEdges_ReturnsCorrectEdges" fullname="KexEdit.Graph.Tests.GraphEdgeTests.GetIncomingEdges_NodeWithIncomingEdges_ReturnsCorrectEdges" methodname="GetIncomingEdges_NodeWithIncomingEdges_ReturnsCorrectEdges" classname="KexEdit.Graph.Tests.GraphEdgeTests" runstate="Runnable" seed="51456858" result="Passed" start-time="2026-01-11 23:00:08Z" end-time="2026-01-11 23:00:08Z" duration="0.000958" asserts="0">
                <properties>
                  <property name="retryIteration" value="0" />
                  <property name="repeatIteration" value="0" />
                </properties>
              </test-case>
              <test-case id="1085" name="GetIncomingEdges_NodeWithNoIncomingEdges_ReturnsEmptyArray" fullname="KexEdit.Graph.Tests.GraphEdgeTests.GetIncomingEdges_NodeWithNoIncomingEdges_ReturnsEmptyArray" methodname="GetIncomingEdges_NodeWithNoIncomingEdges_ReturnsEmptyArray" classname="KexEdit.Graph.Tests.GraphEdgeTests" runstate="Runnable" seed="1726915064" result="Passed" start-time="2026-01-11 23:00:08Z" end-time="2026-01-11 23:00:08Z" duration="0.000200" asserts="0">
                <properties>
                  <property name="retryIteration" value="0" />
                  <property name="repeatIteration" value="0" />
                </properties>
              </test-case>
              <test-case id="1083" name="GetOutgoingEdges_NodeWithNoOutgoingEdges_ReturnsEmptyArray" fullname="KexEdit.Graph.Tests.GraphEdgeTests.GetOutgoingEdges_NodeWithNoOutgoingEdges_ReturnsEmptyArray" methodname="GetOutgoingEdges_NodeWithNoOutgoingEdges_ReturnsEmptyArray" classname="KexEdit.Graph.Tests.GraphEdgeTests" runstate="Runnable" seed="385445700" result="Passed" start-time="2026-01-11 23:00:08Z" end-time="2026-01-11 23:00:08Z" duration="0.000608" asserts="0">
                <properties>
                  <property name="retryIteration" value="0" />
                  <property name="repeatIteration" value="0" />
                </properties>
              </test-case>
              <test-case id="1082" name="GetOutgoingEdges_NodeWithOutgoingEdges_ReturnsCorrectEdges" fullname="KexEdit.Graph.Tests.GraphEdgeTests.GetOutgoingEdges_NodeWithOutgoingEdges_ReturnsCorrectEdges" methodname="GetOutgoingEdges_NodeWithOutgoingEdges_ReturnsCorrectEdges" classname="KexEdit.Graph.Tests.GraphEdgeTests" runstate="Runnable" seed="754604275" result="Passed" start-time="2026-01-11 23:00:08Z" end-time="2026-01-11 23:00:08Z" duration="0.000278" asserts="0">
                <properties>
                  <property name="retryIteration" value="0" />
                  <property name="repeatIteration" value="0" />
                </properties>
              </test-case>
              <test-case id="1090" name="GetPredecessorNodes_NoIncomingEdges_ReturnsEmpty" fullname="KexEdit.Graph.Tests.GraphEdgeTests.GetPredecessorNodes_NoIncomingEdges_ReturnsEmpty" methodname="GetPredecessorNodes_NoIncomingEdges_ReturnsEmpty" classname="KexEdit.Graph.Tests.GraphEdgeTests" runstate="Runnable" seed="1362081898" result="Passed" start-time="2026-01-11 23:00:08Z" end-time="2026-01-11 23:00:08Z" duration="0.000787" asserts="0">
                <properties>
                  <property name="retryIteration" value="0" />
                  <property name="repeatIteration" value="0" />
                </properties>
              </test-case>
              <test-case id="1089" name="GetPredecessorNodes_ReturnsConnectedNodes" fullname="KexEdit.Graph.Tests.GraphEdgeTests.GetPredecessorNodes_ReturnsConnectedNodes" methodname="GetPredecessorNodes_ReturnsConnectedNodes" classname="KexEdit.Graph.Tests.GraphEdgeTests" runstate="Runnable" seed="423162203" result="Passed" start-time="2026-01-11 23:00:08Z" end-time="2026-01-11 23:00:08Z" duration="0.000360" asserts="0">
                <properties>
                  <property name="retryIteration" value="0" />
                  <property name="repeatIteration" value="0" />
                </properties>
              </test-case>
              <test-case id="1088" name="GetSuccessorNodes_MultipleEdgesToSameNode_ReturnsOnce" fullname="KexEdit.Graph.Tests.GraphEdgeTests.GetSuccessorNodes_MultipleEdgesToSameNode_ReturnsOnce" methodname="GetSuccessorNodes_MultipleEdgesToSameNode_ReturnsOnce" classname="KexEdit.Graph.Tests.GraphEdgeTests" runstate="Runnable" seed="685866003" result="Passed" start-time="2026-01-11 23:00:08Z" end-time="2026-01-11 23:00:08Z" duration="0.000853" asserts="0">
                <properties>
                  <property name="retryIteration" value="0" />
                  <property name="repeatIteration" value="0" />
                </properties>
              </test-case>
              <test-case id="1087" name="GetSuccessorNodes_NoOutgoingEdges_ReturnsEmpty" fullname="KexEdit.Graph.Tests.GraphEdgeTests.GetSuccessorNodes_NoOutgoingEdges_ReturnsEmpty" methodname="GetSuccessorNodes_NoOutgoingEdges_ReturnsEmpty" classname="KexEdit.Graph.Tests.GraphEdgeTests" runstate="Runnable" seed="1932489937" result="Passed" start-time="2026-01-11 23:00:08Z" end-time="2026-01-11 23:00:08Z" duration="0.000200" asserts="0">
                <properties>
                  <property name="retryIteration" value="0" />
                  <property name="repeatIteration" value="0" />
                </properties>
              </test-case>
              <test-case id="1086" name="GetSuccessorNodes_ReturnsConnectedNodes" fullname="KexEdit.Graph.Tests.GraphEdgeTests.GetSuccessorNodes_ReturnsConnectedNodes" methodname="GetSuccessorNodes_ReturnsConnectedNodes" classname="KexEdit.Graph.Tests.GraphEdgeTests" runstate="Runnable" seed="1145928374" result="Passed" start-time="2026-01-11 23:00:08Z" end-time="2026-01-11 23:00:08Z" duration="0.000302" asserts="0">
                <properties>
                  <property name="retryIteration" value="0" />
                  <property name="repeatIteration" value="0" />
                </properties>
              </test-case>
              <test-case id="1079" name="RemoveEdge_DecreasesEdgeCount" fullname="KexEdit.Graph.Tests.GraphEdgeTests.RemoveEdge_DecreasesEdgeCount" methodname="RemoveEdge_DecreasesEdgeCount" classname="KexEdit.Graph.Tests.GraphEdgeTests" runstate="Runnable" seed="1357309602" result="Passed" start-time="2026-01-11 23:00:08Z" end-time="2026-01-11 23:00:08Z" duration="0.001261" asserts="0">
                <properties>
                  <property name="retryIteration" value="0" />
                  <property name="repeatIteration" value="0" />
                </properties>
              </test-case>
              <test-case id="1080" name="RemoveEdge_InvalidEdge_DoesNothing" fullname="KexEdit.Graph.Tests.GraphEdgeTests.RemoveEdge_InvalidEdge_DoesNothing" methodname="RemoveEdge_InvalidEdge_DoesNothing" classname="KexEdit.Graph.Tests.GraphEdgeTests" runstate="Runnable" seed="832757261" result="Passed" start-time="2026-01-11 23:00:08Z" end-time="2026-01-11 23:00:08Z" duration="0.000195" asserts="0">
                <properties>
                  <property name="retryIteration" value="0" />
                  <property name="repeatIteration" value="0" />
                </properties>
              </test-case>
              <test-case id="1081" name="RemoveEdge_MiddleEdge_MaintainsOtherEdges" fullname="KexEdit.Graph.Tests.GraphEdgeTests.RemoveEdge_MiddleEdge_MaintainsOtherEdges" methodname="RemoveEdge_MiddleEdge_MaintainsOtherEdges" classname="KexEdit.Graph.Tests.GraphEdgeTests" runstate="Runnable" seed="2071591964" result="Passed" start-time="2026-01-11 23:00:08Z" end-time="2026-01-11 23:00:08Z" duration="0.000692" asserts="0">
                <properties>
                  <property name="retryIteration" value="0" />
                  <property name="repeatIteration" value="0" />
                </properties>
              </test-case>
            </test-suite>
            <test-suite type="TestFixture" id="1096" name="GraphNodeTests" fullname="KexEdit.Graph.Tests.GraphNodeTests" classname="KexEdit.Graph.Tests.GraphNodeTests" runstate="Runnable" testcasecount="9" result="Passed" start-time="2026-01-11 23:00:08Z" end-time="2026-01-11 23:00:08Z" duration="0.007640" total="9" passed="9" failed="0" inconclusive="0" skipped="0" asserts="0">
              <properties>
                <property name="Category" value="Unit" />
              </properties>
              <test-case id="1098" name="AddNode_GeneratesUniqueIds" fullname="KexEdit.Graph.Tests.GraphNodeTests.AddNode_GeneratesUniqueIds" methodname="AddNode_GeneratesUniqueIds" classname="KexEdit.Graph.Tests.GraphNodeTests" runstate="Runnable" seed="663453415" result="Passed" start-time="2026-01-11 23:00:08Z" end-time="2026-01-11 23:00:08Z" duration="0.000329" asserts="0">
                <properties>
                  <property name="retryIteration" value="0" />
                  <property name="repeatIteration" value="0" />
                </properties>
              </test-case>
              <test-case id="1101" name="AddNode_StoresCorrectPosition" fullname="KexEdit.Graph.Tests.GraphNodeTests.AddNode_StoresCorrectPosition" methodname="AddNode_StoresCorrectPosition" classname="KexEdit.Graph.Tests.GraphNodeTests" runstate="Runnable" seed="1385877651" result="Passed" start-time="2026-01-11 23:00:08Z" end-time="2026-01-11 23:00:08Z" duration="0.001507" asserts="0">
                <properties>
                  <property name="retryIteration" value="0" />
                  <property name="repeatIteration" value="0" />
                </properties>
              </test-case>
              <test-case id="1102" name="AddNode_StoresCorrectType" fullname="KexEdit.Graph.Tests.GraphNodeTests.AddNode_StoresCorrectType" methodname="AddNode_StoresCorrectType" classname="KexEdit.Graph.Tests.GraphNodeTests" runstate="Runnable" seed="355201190" result="Passed" start-time="2026-01-11 23:00:08Z" end-time="2026-01-11 23:00:08Z" duration="0.000303" asserts="0">
                <properties>
                  <property name="retryIteration" value="0" />
                  <property name="repeatIteration" value="0" />
                </properties>
              </test-case>
              <test-case id="1097" name="AddNode_ValidData_IncreasesCount" fullname="KexEdit.Graph.Tests.GraphNodeTests.AddNode_ValidData_IncreasesCount" methodname="AddNode_ValidData_IncreasesCount" classname="KexEdit.Graph.Tests.GraphNodeTests" runstate="Runnable" seed="1754786099" result="Passed" start-time="2026-01-11 23:00:08Z" end-time="2026-01-11 23:00:08Z" duration="0.000183" asserts="0">
                <properties>
                  <property name="retryIteration" value="0" />
                  <property name="repeatIteration" value="0" />
                </properties>
              </test-case>
              <test-case id="1103" name="RemoveNode_DecreasesCount" fullname="KexEdit.Graph.Tests.GraphNodeTests.RemoveNode_DecreasesCount" methodname="RemoveNode_DecreasesCount" classname="KexEdit.Graph.Tests.GraphNodeTests" runstate="Runnable" seed="384046727" result="Passed" start-time="2026-01-11 23:00:08Z" end-time="2026-01-11 23:00:08Z" duration="0.001456" asserts="0">
                <properties>
                  <property name="retryIteration" value="0" />
                  <property name="repeatIteration" value="0" />
                </properties>
              </test-case>
              <test-case id="1104" name="RemoveNode_MakesNodeUnfindable" fullname="KexEdit.Graph.Tests.GraphNodeTests.RemoveNode_MakesNodeUnfindable" methodname="RemoveNode_MakesNodeUnfindable" classname="KexEdit.Graph.Tests.GraphNodeTests" runstate="Runnable" seed="1096748172" result="Passed" start-time="2026-01-11 23:00:08Z" end-time="2026-01-11 23:00:08Z" duration="0.000167" asserts="0">
                <properties>
                  <property name="retryIteration" value="0" />
                  <property name="repeatIteration" value="0" />
                </properties>
              </test-case>
              <test-case id="1105" name="RemoveNode_MiddleNode_PreservesOtherNodes" fullname="KexEdit.Graph.Tests.GraphNodeTests.RemoveNode_MiddleNode_PreservesOtherNodes" methodname="RemoveNode_MiddleNode_PreservesOtherNodes" classname="KexEdit.Graph.Tests.GraphNodeTests" runstate="Runnable" seed="6805194" result="Passed" start-time="2026-01-11 23:00:08Z" end-time="2026-01-11 23:00:08Z" duration="0.000296" asserts="0">
                <properties>
                  <property name="retryIteration" value="0" />
                  <property name="repeatIteration" value="0" />
                </properties>
              </test-case>
              <test-case id="1099" name="TryGetNodeIndex_ExistingNode_ReturnsTrue" fullname="KexEdit.Graph.Tests.GraphNodeTests.TryGetNodeIndex_ExistingNode_ReturnsTrue" methodname="TryGetNodeIndex_ExistingNode_ReturnsTrue" classname="KexEdit.Graph.Tests.GraphNodeTests" runstate="Runnable" seed="1650284601" result="Passed" start-time="2026-01-11 23:00:08Z" end-time="2026-01-11 23:00:08Z" duration="0.000165" asserts="0">
                <properties>
                  <property name="retryIteration" value="0" />
                  <property name="repeatIteration" value="0" />
                </properties>
              </test-case>
              <test-case id="1100" name="TryGetNodeIndex_NonexistentNode_ReturnsFalse" fullname="KexEdit.Graph.Tests.GraphNodeTests.TryGetNodeIndex_NonexistentNode_ReturnsFalse" methodname="TryGetNodeIndex_NonexistentNode_ReturnsFalse" classname="KexEdit.Graph.Tests.GraphNodeTests" runstate="Runnable" seed="632897897" result="Passed" start-time="2026-01-11 23:00:08Z" end-time="2026-01-11 23:00:08Z" duration="0.000342" asserts="0">
                <properties>
                  <property name="retryIteration" value="0" />
                  <property name="repeatIteration" value="0" />
                </properties>
              </test-case>
            </test-suite>
            <test-suite type="TestFixture" id="1106" name="GraphPortTests" fullname="KexEdit.Graph.Tests.GraphPortTests" classname="KexEdit.Graph.Tests.GraphPortTests" runstate="Runnable" testcasecount="16" result="Passed" start-time="2026-01-11 23:00:08Z" end-time="2026-01-11 23:00:08Z" duration="0.010116" total="16" passed="16" failed="0" inconclusive="0" skipped="0" asserts="0">
              <properties>
                <property name="Category" value="Unit" />
              </properties>
              <test-case id="1108" name="AddInputPort_GeneratesUniqueIds" fullname="KexEdit.Graph.Tests.GraphPortTests.AddInputPort_GeneratesUniqueIds" methodname="AddInputPort_GeneratesUniqueIds" classname="KexEdit.Graph.Tests.GraphPortTests" runstate="Runnable" seed="1588523082" result="Passed" start-time="2026-01-11 23:00:08Z" end-time="2026-01-11 23:00:08Z" duration="0.000200" asserts="0">
                <properties>
                  <property name="retryIteration" value="0" />
                  <property name="repeatIteration" value="0" />
                </properties>
              </test-case>
              <test-case id="1111" name="AddInputPort_MarksAsInput" fullname="KexEdit.Graph.Tests.GraphPortTests.AddInputPort_MarksAsInput" methodname="AddInputPort_MarksAsInput" classname="KexEdit.Graph.Tests.GraphPortTests" runstate="Runnable" seed="545104905" result="Passed" start-time="2026-01-11 23:00:08Z" end-time="2026-01-11 23:00:08Z" duration="0.000808" asserts="0">
                <properties>
                  <property name="retryIteration" value="0" />
                  <property name="repeatIteration" value="0" />
                </properties>
              </test-case>
              <test-case id="1110" name="AddInputPort_StoresCorrectOwner" fullname="KexEdit.Graph.Tests.GraphPortTests.AddInputPort_StoresCorrectOwner" methodname="AddInputPort_StoresCorrectOwner" classname="KexEdit.Graph.Tests.GraphPortTests" runstate="Runnable" seed="1088141668" result="Passed" start-time="2026-01-11 23:00:08Z" end-time="2026-01-11 23:00:08Z" duration="0.000249" asserts="0">
                <properties>
                  <property name="retryIteration" value="0" />
                  <property name="repeatIteration" value="0" />
                </properties>
              </test-case>
              <test-case id="1109" name="AddInputPort_StoresCorrectPortType" fullname="KexEdit.Graph.Tests.GraphPortTests.AddInputPort_StoresCorrectPortType" methodname="AddInputPort_StoresCorrectPortType" classname="KexEdit.Graph.Tests.GraphPortTests" runstate="Runnable" seed="857931764" result="Passed" start-time="2026-01-11 23:00:08Z" end-time="2026-01-11 23:00:08Z" duration="0.000222" asserts="0">
                <properties>
                  <property name="retryIteration" value="0" />
                  <property name="repeatIteration" value="0" />
                </properties>
              </test-case>
              <test-case id="1112" name="AddInputPort_UpdatesNodeInputCount" fullname="KexEdit.Graph.Tests.GraphPortTests.AddInputPort_UpdatesNodeInputCount" methodname="AddInputPort_UpdatesNodeInputCount" classname="KexEdit.Graph.Tests.GraphPortTests" runstate="Runnable" seed="187801339" result="Passed" start-time="2026-01-11 23:00:08Z" end-time="2026-01-11 23:00:08Z" duration="0.000273" asserts="0">
                <properties>
                  <property name="retryIteration" value="0" />
                  <property name="repeatIteration" value="0" />
                </properties>
              </test-case>
              <test-case id="1107" name="AddInputPort_ValidNode_IncreasesPortCount" fullname="KexEdit.Graph.Tests.GraphPortTests.AddInputPort_ValidNode_IncreasesPortCount" methodname="AddInputPort_ValidNode_IncreasesPortCount" classname="KexEdit.Graph.Tests.GraphPortTests" runstate="Runnable" seed="545708705" result="Passed" start-time="2026-01-11 23:00:08Z" end-time="2026-01-11 23:00:08Z" duration="0.000266" asserts="0">
                <properties>
                  <property name="retryIteration" value="0" />
                  <property name="repeatIteration" value="0" />
                </properties>
              </test-case>
              <test-case id="1114" name="AddOutputPort_MarksAsOutput" fullname="KexEdit.Graph.Tests.GraphPortTests.AddOutputPort_MarksAsOutput" methodname="AddOutputPort_MarksAsOutput" classname="KexEdit.Graph.Tests.GraphPortTests" runstate="Runnable" seed="641325032" result="Passed" start-time="2026-01-11 23:00:08Z" end-time="2026-01-11 23:00:08Z" duration="0.000222" asserts="0">
                <properties>
                  <property name="retryIteration" value="0" />
                  <property name="repeatIteration" value="0" />
                </properties>
              </test-case>
              <test-case id="1115" name="AddOutputPort_UpdatesNodeOutputCount" fullname="KexEdit.Graph.Tests.GraphPortTests.AddOutputPort_UpdatesNodeOutputCount" methodname="AddOutputPort_UpdatesNodeOutputCount" classname="KexEdit.Graph.Tests.GraphPortTests" runstate="Runnable" seed="1366096592" result="Passed" start-time="2026-01-11 23:00:08Z" end-time="2026-01-11 23:00:08Z" duration="0.000228" asserts="0">
                <properties>
                  <property name="retryIteration" value="0" />
                  <property name="repeatIteration" value="0" />
                </properties>
              </test-case>
              <test-case id="1113" name="AddOutputPort_ValidNode_IncreasesPortCount" fullname="KexEdit.Graph.Tests.GraphPortTests.AddOutputPort_ValidNode_IncreasesPortCount" methodname="AddOutputPort_ValidNode_IncreasesPortCount" classname="KexEdit.Graph.Tests.GraphPortTests" runstate="Runnable" seed="1054216232" result="Passed" start-time="2026-01-11 23:00:08Z" end-time="2026-01-11 23:00:08Z" duration="0.000164" asserts="0">
                <properties>
                  <property name="retryIteration" value="0" />
                  <property name="repeatIteration" value="0" />
                </properties>
              </test-case>
              <test-case id="1116" name="GetInputPorts_NodeWithInputs_ReturnsCorrectPorts" fullname="KexEdit.Graph.Tests.GraphPortTests.GetInputPorts_NodeWithInputs_ReturnsCorrectPorts" methodname="GetInputPorts_NodeWithInputs_ReturnsCorrectPorts" classname="KexEdit.Graph.Tests.GraphPortTests" runstate="Runnable" seed="1121780326" result="Passed" start-time="2026-01-11 23:00:08Z" end-time="2026-01-11 23:00:08Z" duration="0.000769" asserts="0">
                <properties>
                  <property name="retryIteration" value="0" />
                  <property name="repeatIteration" value="0" />
                </properties>
              </test-case>
              <test-case id="1117" name="GetInputPorts_NodeWithNoInputs_ReturnsEmptyArray" fullname="KexEdit.Graph.Tests.GraphPortTests.GetInputPorts_NodeWithNoInputs_ReturnsEmptyArray" methodname="GetInputPorts_NodeWithNoInputs_ReturnsEmptyArray" classname="KexEdit.Graph.Tests.GraphPortTests" runstate="Runnable" seed="358788143" result="Passed" start-time="2026-01-11 23:00:08Z" end-time="2026-01-11 23:00:08Z" duration="0.000173" asserts="0">
                <properties>
                  <property name="retryIteration" value="0" />
                  <property name="repeatIteration" value="0" />
                </properties>
              </test-case>
              <test-case id="1119" name="GetOutputPorts_NodeWithNoOutputs_ReturnsEmptyArray" fullname="KexEdit.Graph.Tests.GraphPortTests.GetOutputPorts_NodeWithNoOutputs_ReturnsEmptyArray" methodname="GetOutputPorts_NodeWithNoOutputs_ReturnsEmptyArray" classname="KexEdit.Graph.Tests.GraphPortTests" runstate="Runnable" seed="369362536" result="Passed" start-time="2026-01-11 23:00:08Z" end-time="2026-01-11 23:00:08Z" duration="0.000621" asserts="0">
                <properties>
                  <property name="retryIteration" value="0" />
                  <property name="repeatIteration" value="0" />
                </properties>
              </test-case>
              <test-case id="1118" name="GetOutputPorts_NodeWithOutputs_ReturnsCorrectPorts" fullname="KexEdit.Graph.Tests.GraphPortTests.GetOutputPorts_NodeWithOutputs_ReturnsCorrectPorts" methodname="GetOutputPorts_NodeWithOutputs_ReturnsCorrectPorts" classname="KexEdit.Graph.Tests.GraphPortTests" runstate="Runnable" seed="152231619" result="Passed" start-time="2026-01-11 23:00:08Z" end-time="2026-01-11 23:00:08Z" duration="0.000250" asserts="0">
                <properties>
                  <property name="retryIteration" value="0" />
                  <property name="repeatIteration" value="0" />
                </properties>
              </test-case>
              <test-case id="1120" name="RemovePort_DecreasesPortCount" fullname="KexEdit.Graph.Tests.GraphPortTests.RemovePort_DecreasesPortCount" methodname="RemovePort_DecreasesPortCount" classname="KexEdit.Graph.Tests.GraphPortTests" runstate="Runnable" seed="1984358845" result="Passed" start-time="2026-01-11 23:00:08Z" end-time="2026-01-11 23:00:08Z" duration="0.001963" asserts="0">
                <properties>
                  <property name="retryIteration" value="0" />
                  <property name="repeatIteration" value="0" />
                </properties>
              </test-case>
              <test-case id="1121" name="RemovePort_UpdatesNodeInputCount" fullname="KexEdit.Graph.Tests.GraphPortTests.RemovePort_UpdatesNodeInputCount" methodname="RemovePort_UpdatesNodeInputCount" classname="KexEdit.Graph.Tests.GraphPortTests" runstate="Runnable" seed="770271051" result="Passed" start-time="2026-01-11 23:00:08Z" end-time="2026-01-11 23:00:08Z" duration="0.000291" asserts="0">
                <properties>
                  <property name="retryIteration" value="0" />
                  <property name="repeatIteration" value="0" />
                </properties>
              </test-case>
              <test-case id="1122" name="RemovePort_UpdatesNodeOutputCount" fullname="KexEdit.Graph.Tests.GraphPortTests.RemovePort_UpdatesNodeOutputCount" methodname="RemovePort_UpdatesNodeOutputCount" classname="KexEdit.Graph.Tests.GraphPortTests" runstate="Runnable" seed="1023987976" result="Passed" start-time="2026-01-11 23:00:08Z" end-time="2026-01-11 23:00:08Z" duration="0.000239" asserts="0">
                <properties>
                  <property name="retryIteration" value="0" />
                  <property name="repeatIteration" value="0" />
                </properties>
              </test-case>
            </test-suite>
            <test-suite type="TestFixture" id="1123" name="GraphSerializationTests" fullname="KexEdit.Graph.Tests.GraphSerializationTests" classname="KexEdit.Graph.Tests.GraphSerializationTests" runstate="Runnable" testcasecount="13" result="Passed" start-time="2026-01-11 23:00:08Z" end-time="2026-01-11 23:00:08Z" duration="0.008883" total="13" passed="13" failed="0" inconclusive="0" skipped="0" asserts="0">
              <properties>
                <property name="Category" value="Unit" />
              </properties>
              <test-case id="1129" name="NextEdgeId_AfterAddingEdge_Increments" fullname="KexEdit.Graph.Tests.GraphSerializationTests.NextEdgeId_AfterAddingEdge_Increments" methodname="NextEdgeId_AfterAddingEdge_Increments" classname="KexEdit.Graph.Tests.GraphSerializationTests" runstate="Runnable" seed="1860162850" result="Passed" start-time="2026-01-11 23:00:08Z" end-time="2026-01-11 23:00:08Z" duration="0.000187" asserts="0">
                <properties>
                  <property name="retryIteration" value="0" />
                  <property name="repeatIteration" value="0" />
                </properties>
              </test-case>
              <test-case id="1126" name="NextEdgeId_DefaultGraph_StartsAtOne" fullname="KexEdit.Graph.Tests.GraphSerializationTests.NextEdgeId_DefaultGraph_StartsAtOne" methodname="NextEdgeId_DefaultGraph_StartsAtOne" classname="KexEdit.Graph.Tests.GraphSerializationTests" runstate="Runnable" seed="656777618" result="Passed" start-time="2026-01-11 23:00:08Z" end-time="2026-01-11 23:00:08Z" duration="0.000279" asserts="0">
                <properties>
                  <property name="retryIteration" value="0" />
                  <property name="repeatIteration" value="0" />
                </properties>
              </test-case>
              <test-case id="1127" name="NextNodeId_AfterAddingNode_Increments" fullname="KexEdit.Graph.Tests.GraphSerializationTests.NextNodeId_AfterAddingNode_Increments" methodname="NextNodeId_AfterAddingNode_Increments" classname="KexEdit.Graph.Tests.GraphSerializationTests" runstate="Runnable" seed="2039412019" result="Passed" start-time="2026-01-11 23:00:08Z" end-time="2026-01-11 23:00:08Z" duration="0.000137" asserts="0">
                <properties>
                  <property name="retryIteration" value="0" />
                  <property name="repeatIteration" value="0" />
                </properties>
              </test-case>
              <test-case id="1124" name="NextNodeId_DefaultGraph_StartsAtOne" fullname="KexEdit.Graph.Tests.GraphSerializationTests.NextNodeId_DefaultGraph_StartsAtOne" methodname="NextNodeId_DefaultGraph_StartsAtOne" classname="KexEdit.Graph.Tests.GraphSerializationTests" runstate="Runnable" seed="2026429199" result="Passed" start-time="2026-01-11 23:00:08Z" end-time="2026-01-11 23:00:08Z" duration="0.000129" asserts="0">
                <properties>
                  <property name="retryIteration" value="0" />
                  <property name="repeatIteration" value="0" />
                </properties>
              </test-case>
              <test-case id="1128" name="NextPortId_AfterAddingPort_Increments" fullname="KexEdit.Graph.Tests.GraphSerializationTests.NextPortId_AfterAddingPort_Increments" methodname="NextPortId_AfterAddingPort_Increments" classname="KexEdit.Graph.Tests.GraphSerializationTests" runstate="Runnable" seed="718098387" result="Passed" start-time="2026-01-11 23:00:08Z" end-time="2026-01-11 23:00:08Z" duration="0.000140" asserts="0">
                <properties>
                  <property name="retryIteration" value="0" />
                  <property name="repeatIteration" value="0" />
                </properties>
              </test-case>
              <test-case id="1125" name="NextPortId_DefaultGraph_StartsAtOne" fullname="KexEdit.Graph.Tests.GraphSerializationTests.NextPortId_DefaultGraph_StartsAtOne" methodname="NextPortId_DefaultGraph_StartsAtOne" classname="KexEdit.Graph.Tests.GraphSerializationTests" runstate="Runnable" seed="1885737891" result="Passed" start-time="2026-01-11 23:00:08Z" end-time="2026-01-11 23:00:08Z" duration="0.000129" asserts="0">
                <properties>
                  <property name="retryIteration" value="0" />
                  <property name="repeatIteration" value="0" />
                </properties>
              </test-case>
              <test-case id="1136" name="RebuildIndexMaps_AfterNodeRemoval_CorrectIndices" fullname="KexEdit.Graph.Tests.GraphSerializationTests.RebuildIndexMaps_AfterNodeRemoval_CorrectIndices" methodname="RebuildIndexMaps_AfterNodeRemoval_CorrectIndices" classname="KexEdit.Graph.Tests.GraphSerializationTests" runstate="Runnable" seed="1277123389" result="Passed" start-time="2026-01-11 23:00:08Z" end-time="2026-01-11 23:00:08Z" duration="0.001430" asserts="0">
                <properties>
                  <property name="retryIteration" value="0" />
                  <property name="repeatIteration" value="0" />
                </properties>
              </test-case>
              <test-case id="1135" name="RebuildIndexMaps_CalledMultipleTimes_Idempotent" fullname="KexEdit.Graph.Tests.GraphSerializationTests.RebuildIndexMaps_CalledMultipleTimes_Idempotent" methodname="RebuildIndexMaps_CalledMultipleTimes_Idempotent" classname="KexEdit.Graph.Tests.GraphSerializationTests" runstate="Runnable" seed="187131130" result="Passed" start-time="2026-01-11 23:00:08Z" end-time="2026-01-11 23:00:08Z" duration="0.000177" asserts="0">
                <properties>
                  <property name="retryIteration" value="0" />
                  <property name="repeatIteration" value="0" />
                </properties>
              </test-case>
              <test-case id="1130" name="RebuildIndexMaps_EmptyGraph_Succeeds" fullname="KexEdit.Graph.Tests.GraphSerializationTests.RebuildIndexMaps_EmptyGraph_Succeeds" methodname="RebuildIndexMaps_EmptyGraph_Succeeds" classname="KexEdit.Graph.Tests.GraphSerializationTests" runstate="Runnable" seed="323344796" result="Passed" start-time="2026-01-11 23:00:08Z" end-time="2026-01-11 23:00:08Z" duration="0.000155" asserts="0">
                <properties>
                  <property name="retryIteration" value="0" />
                  <property name="repeatIteration" value="0" />
                </properties>
              </test-case>
              <test-case id="1133" name="RebuildIndexMaps_FullGraph_RebuildsAllIndexMaps" fullname="KexEdit.Graph.Tests.GraphSerializationTests.RebuildIndexMaps_FullGraph_RebuildsAllIndexMaps" methodname="RebuildIndexMaps_FullGraph_RebuildsAllIndexMaps" classname="KexEdit.Graph.Tests.GraphSerializationTests" runstate="Runnable" seed="1045565614" result="Passed" start-time="2026-01-11 23:00:08Z" end-time="2026-01-11 23:00:08Z" duration="0.000219" asserts="0">
                <properties>
                  <property name="retryIteration" value="0" />
                  <property name="repeatIteration" value="0" />
                </properties>
              </test-case>
              <test-case id="1132" name="RebuildIndexMaps_NodesAndPorts_RebuildsPortIndexMap" fullname="KexEdit.Graph.Tests.GraphSerializationTests.RebuildIndexMaps_NodesAndPorts_RebuildsPortIndexMap" methodname="RebuildIndexMaps_NodesAndPorts_RebuildsPortIndexMap" classname="KexEdit.Graph.Tests.GraphSerializationTests" runstate="Runnable" seed="1944404526" result="Passed" start-time="2026-01-11 23:00:08Z" end-time="2026-01-11 23:00:08Z" duration="0.000204" asserts="0">
                <properties>
                  <property name="retryIteration" value="0" />
                  <property name="repeatIteration" value="0" />
                </properties>
              </test-case>
              <test-case id="1131" name="RebuildIndexMaps_NodesOnly_RebuildsNodeIndexMap" fullname="KexEdit.Graph.Tests.GraphSerializationTests.RebuildIndexMaps_NodesOnly_RebuildsNodeIndexMap" methodname="RebuildIndexMaps_NodesOnly_RebuildsNodeIndexMap" classname="KexEdit.Graph.Tests.GraphSerializationTests" runstate="Runnable" seed="1689548285" result="Passed" start-time="2026-01-11 23:00:08Z" end-time="2026-01-11 23:00:08Z" duration="0.000225" asserts="0">
                <properties>
                  <property name="retryIteration" value="0" />
                  <property name="repeatIteration" value="0" />
                </properties>
              </test-case>
              <test-case id="1134" name="SimulateRoundTrip_ComplexGraph_PreservesStructure" fullname="KexEdit.Graph.Tests.GraphSerializationTests.SimulateRoundTrip_ComplexGraph_PreservesStructure" methodname="SimulateRoundTrip_ComplexGraph_PreservesStructure" classname="KexEdit.Graph.Tests.GraphSerializationTests" runstate="Runnable" seed="2028957437" result="Passed" start-time="2026-01-11 23:00:08Z" end-time="2026-01-11 23:00:08Z" duration="0.003177" asserts="0">
                <properties>
                  <property name="retryIteration" value="0" />
                  <property name="repeatIteration" value="0" />
                </properties>
              </test-case>
            </test-suite>
            <test-suite type="TestFixture" id="1137" name="GraphStructureTests" fullname="KexEdit.Graph.Tests.GraphStructureTests" classname="KexEdit.Graph.Tests.GraphStructureTests" runstate="Runnable" testcasecount="5" result="Passed" start-time="2026-01-11 23:00:08Z" end-time="2026-01-11 23:00:08Z" duration="0.002296" total="5" passed="5" failed="0" inconclusive="0" skipped="0" asserts="0">
              <properties>
                <property name="Category" value="Unit" />
              </properties>
              <test-case id="1138" name="Graph_Create_AllocatesLists" fullname="KexEdit.Graph.Tests.GraphStructureTests.Graph_Create_AllocatesLists" methodname="Graph_Create_AllocatesLists" classname="KexEdit.Graph.Tests.GraphStructureTests" runstate="Runnable" seed="5571583" result="Passed" start-time="2026-01-11 23:00:08Z" end-time="2026-01-11 23:00:08Z" duration="0.000240" asserts="0">
                <properties>
                  <property name="retryIteration" value="0" />
                  <property name="repeatIteration" value="0" />
                </properties>
              </test-case>
              <test-case id="1139" name="Graph_Dispose_FreesMemory" fullname="KexEdit.Graph.Tests.GraphStructureTests.Graph_Dispose_FreesMemory" methodname="Graph_Dispose_FreesMemory" classname="KexEdit.Graph.Tests.GraphStructureTests" runstate="Runnable" seed="2139101356" result="Passed" start-time="2026-01-11 23:00:08Z" end-time="2026-01-11 23:00:08Z" duration="0.000163" asserts="0">
                <properties>
                  <property name="retryIteration" value="0" />
                  <property name="repeatIteration" value="0" />
                </properties>
              </test-case>
              <test-case id="1142" name="Graph_EdgeCount_ReturnsCorrectValue" fullname="KexEdit.Graph.Tests.GraphStructureTests.Graph_EdgeCount_ReturnsCorrectValue" methodname="Graph_EdgeCount_ReturnsCorrectValue" classname="KexEdit.Graph.Tests.GraphStructureTests" runstate="Runnable" seed="1560977009" result="Passed" start-time="2026-01-11 23:00:08Z" end-time="2026-01-11 23:00:08Z" duration="0.000261" asserts="0">
                <properties>
                  <property name="retryIteration" value="0" />
                  <property name="repeatIteration" value="0" />
                </properties>
              </test-case>
              <test-case id="1140" name="Graph_NodeCount_ReturnsCorrectValue" fullname="KexEdit.Graph.Tests.GraphStructureTests.Graph_NodeCount_ReturnsCorrectValue" methodname="Graph_NodeCount_ReturnsCorrectValue" classname="KexEdit.Graph.Tests.GraphStructureTests" runstate="Runnable" seed="2109630766" result="Passed" start-time="2026-01-11 23:00:08Z" end-time="2026-01-11 23:00:08Z" duration="0.000129" asserts="0">
                <properties>
                  <property name="retryIteration" value="0" />
                  <property name="repeatIteration" value="0" />
                </properties>
              </test-case>
              <test-case id="1141" name="Graph_PortCount_ReturnsCorrectValue" fullname="KexEdit.Graph.Tests.GraphStructureTests.Graph_PortCount_ReturnsCorrectValue" methodname="Graph_PortCount_ReturnsCorrectValue" classname="KexEdit.Graph.Tests.GraphStructureTests" runstate="Runnable" seed="617786298" result="Passed" start-time="2026-01-11 23:00:08Z" end-time="2026-01-11 23:00:08Z" duration="0.000125" asserts="0">
                <properties>
                  <property name="retryIteration" value="0" />
                  <property name="repeatIteration" value="0" />
                </properties>
              </test-case>
            </test-suite>
            <test-suite type="TestFixture" id="1143" name="GraphValidationTests" fullname="KexEdit.Graph.Tests.GraphValidationTests" classname="KexEdit.Graph.Tests.GraphValidationTests" runstate="Runnable" testcasecount="7" result="Passed" start-time="2026-01-11 23:00:08Z" end-time="2026-01-11 23:00:08Z" duration="0.005202" total="7" passed="7" failed="0" inconclusive="0" skipped="0" asserts="0">
              <properties>
                <property name="Category" value="Unit" />
              </properties>
              <test-case id="1149" name="HasCycle_ComplexCycle_ReturnsTrue" fullname="KexEdit.Graph.Tests.GraphValidationTests.HasCycle_ComplexCycle_ReturnsTrue" methodname="HasCycle_ComplexCycle_ReturnsTrue" classname="KexEdit.Graph.Tests.GraphValidationTests" runstate="Runnable" seed="1787443072" result="Passed" start-time="2026-01-11 23:00:08Z" end-time="2026-01-11 23:00:08Z" duration="0.002337" asserts="0">
                <properties>
                  <property name="retryIteration" value="0" />
                  <property name="repeatIteration" value="0" />
                </properties>
              </test-case>
              <test-case id="1150" name="HasCycle_DiamondShape_ReturnsFalse" fullname="KexEdit.Graph.Tests.GraphValidationTests.HasCycle_DiamondShape_ReturnsFalse" methodname="HasCycle_DiamondShape_ReturnsFalse" classname="KexEdit.Graph.Tests.GraphValidationTests" runstate="Runnable" seed="801074328" result="Passed" start-time="2026-01-11 23:00:08Z" end-time="2026-01-11 23:00:08Z" duration="0.000364" asserts="0">
                <properties>
                  <property name="retryIteration" value="0" />
                  <property name="repeatIteration" value="0" />
                </properties>
              </test-case>
              <test-case id="1144" name="HasCycle_EmptyGraph_ReturnsFalse" fullname="KexEdit.Graph.Tests.GraphValidationTests.HasCycle_EmptyGraph_ReturnsFalse" methodname="HasCycle_EmptyGraph_ReturnsFalse" classname="KexEdit.Graph.Tests.GraphValidationTests" runstate="Runnable" seed="1785563601" result="Passed" start-time="2026-01-11 23:00:08Z" end-time="2026-01-11 23:00:08Z" duration="0.000219" asserts="0">
                <properties>
                  <property name="retryIteration" value="0" />
                  <property name="repeatIteration" value="0" />
                </properties>
              </test-case>
              <test-case id="1146" name="HasCycle_LinearChain_ReturnsFalse" fullname="KexEdit.Graph.Tests.GraphValidationTests.HasCycle_LinearChain_ReturnsFalse" methodname="HasCycle_LinearChain_ReturnsFalse" classname="KexEdit.Graph.Tests.GraphValidationTests" runstate="Runnable" seed="284370881" result="Passed" start-time="2026-01-11 23:00:08Z" end-time="2026-01-11 23:00:08Z" duration="0.000253" asserts="0">
                <properties>
                  <property name="retryIteration" value="0" />
                  <property name="repeatIteration" value="0" />
                </properties>
              </test-case>
              <test-case id="1148" name="HasCycle_SelfLoop_ReturnsTrue" fullname="KexEdit.Graph.Tests.GraphValidationTests.HasCycle_SelfLoop_ReturnsTrue" methodname="HasCycle_SelfLoop_ReturnsTrue" classname="KexEdit.Graph.Tests.GraphValidationTests" runstate="Runnable" seed="1896168887" result="Passed" start-time="2026-01-11 23:00:08Z" end-time="2026-01-11 23:00:08Z" duration="0.000240" asserts="0">
                <properties>
                  <property name="retryIteration" value="0" />
                  <property name="repeatIteration" value="0" />
                </properties>
              </test-case>
              <test-case id="1147" name="HasCycle_SimpleCycle_ReturnsTrue" fullname="KexEdit.Graph.Tests.GraphValidationTests.HasCycle_SimpleCycle_ReturnsTrue" methodname="HasCycle_SimpleCycle_ReturnsTrue" classname="KexEdit.Graph.Tests.GraphValidationTests" runstate="Runnable" seed="498513215" result="Passed" start-time="2026-01-11 23:00:08Z" end-time="2026-01-11 23:00:08Z" duration="0.000211" asserts="0">
                <properties>
                  <property name="retryIteration" value="0" />
                  <property name="repeatIteration" value="0" />
                </properties>
              </test-case>
              <test-case id="1145" name="HasCycle_SingleNode_ReturnsFalse" fullname="KexEdit.Graph.Tests.GraphValidationTests.HasCycle_SingleNode_ReturnsFalse" methodname="HasCycle_SingleNode_ReturnsFalse" classname="KexEdit.Graph.Tests.GraphValidationTests" runstate="Runnable" seed="727706941" result="Passed" start-time="2026-01-11 23:00:08Z" end-time="2026-01-11 23:00:08Z" duration="0.000170" asserts="0">
                <properties>
                  <property name="retryIteration" value="0" />
                  <property name="repeatIteration" value="0" />
                </properties>
              </test-case>
            </test-suite>
          </test-suite>
        </test-suite>
        <test-suite type="TestSuite" id="1585" name="Tests" fullname="KexEdit.Tests" runstate="Runnable" testcasecount="6" result="Passed" start-time="2026-01-11 23:00:08Z" end-time="2026-01-11 23:00:08Z" duration="0.017344" total="6" passed="6" failed="0" inconclusive="0" skipped="0" asserts="0">
          <properties />
          <test-suite type="TestSuite" id="1586" name="RustCore" fullname="KexEdit.Tests.RustCore" runstate="Runnable" testcasecount="6" result="Passed" start-time="2026-01-11 23:00:08Z" end-time="2026-01-11 23:00:08Z" duration="0.016330" total="6" passed="6" failed="0" inconclusive="0" skipped="0" asserts="0">
            <properties />
            <test-suite type="TestFixture" id="1066" name="RustFrameTests" fullname="KexEdit.Tests.RustCore.RustFrameTests" classname="KexEdit.Tests.RustCore.RustFrameTests" runstate="Runnable" testcasecount="6" result="Passed" start-time="2026-01-11 23:00:08Z" end-time="2026-01-11 23:00:08Z" duration="0.015574" total="6" passed="6" failed="0" inconclusive="0" skipped="0" asserts="0">
              <properties />
              <test-case id="1072" name="TestRollMatchesCSharp" fullname="KexEdit.Tests.RustCore.RustFrameTests.TestRollMatchesCSharp" methodname="TestRollMatchesCSharp" classname="KexEdit.Tests.RustCore.RustFrameTests" runstate="Runnable" seed="467434359" result="Passed" start-time="2026-01-11 23:00:08Z" end-time="2026-01-11 23:00:08Z" duration="0.005670" asserts="0">
                <properties>
                  <property name="retryIteration" value="0" />
                  <property name="repeatIteration" value="0" />
                </properties>
              </test-case>
              <test-case id="1068" name="TestRotateAroundMatchesCSharp" fullname="KexEdit.Tests.RustCore.RustFrameTests.TestRotateAroundMatchesCSharp" methodname="TestRotateAroundMatchesCSharp" classname="KexEdit.Tests.RustCore.RustFrameTests" runstate="Runnable" seed="147981305" result="Passed" start-time="2026-01-11 23:00:08Z" end-time="2026-01-11 23:00:08Z" duration="0.003166" asserts="0">
                <properties>
                  <property name="retryIteration" value="0" />
                  <property name="repeatIteration" value="0" />
                </properties>
              </test-case>
              <test-case id="1067" name="TestRustFrameConversion" fullname="KexEdit.Tests.RustCore.RustFrameTests.TestRustFrameConversion" methodname="TestRustFrameConversion" classname="KexEdit.Tests.RustCore.RustFrameTests" runstate="Runnable" seed="1736900603" result="Passed" start-time="2026-01-11 23:00:08Z" end-time="2026-01-11 23:00:08Z" duration="0.000332" asserts="0">
                <properties>
                  <property name="retryIteration" value="0" />
                  <property name="repeatIteration" value="0" />
                </properties>
              </test-case>
              <test-case id="1070" name="TestWithPitchMatchesCSharp" fullname="KexEdit.Tests.RustCore.RustFrameTests.TestWithPitchMatchesCSharp" methodname="TestWithPitchMatchesCSharp" classname="KexEdit.Tests.RustCore.RustFrameTests" runstate="Runnable" seed="777493731" result="Passed" start-time="2026-01-11 23:00:08Z" end-time="2026-01-11 23:00:08Z" duration="0.002279" asserts="0">
                <properties>
                  <property name="retryIteration" value="0" />
                  <property name="repeatIteration" value="0" />
                </properties>
              </test-case>
              <test-case id="1069" name="TestWithRollMatchesCSharp" fullname="KexEdit.Tests.RustCore.RustFrameTests.TestWithRollMatchesCSharp" methodname="TestWithRollMatchesCSharp" classname="KexEdit.Tests.RustCore.RustFrameTests" runstate="Runnable" seed="879378526" result="Passed" start-time="2026-01-11 23:00:08Z" end-time="2026-01-11 23:00:08Z" duration="0.000602" asserts="0">
                <properties>
                  <property name="retryIteration" value="0" />
                  <property name="repeatIteration" value="0" />
                </properties>
              </test-case>
              <test-case id="1071" name="TestWithYawMatchesCSharp" fullname="KexEdit.Tests.RustCore.RustFrameTests.TestWithYawMatchesCSharp" methodname="TestWithYawMatchesCSharp" classname="KexEdit.Tests.RustCore.RustFrameTests" runstate="Runnable" seed="84935149" result="Passed" start-time="2026-01-11 23:00:08Z" end-time="2026-01-11 23:00:08Z" duration="0.001504" asserts="0">
                <properties>
                  <property name="retryIteration" value="0" />
                  <property name="repeatIteration" value="0" />
                </properties>
              </test-case>
            </test-suite>
          </test-suite>
        </test-suite>
      </test-suite>
      <test-suite type="TestSuite" id="1580" name="NodeGraph" fullname="NodeGraph" runstate="Runnable" testcasecount="27" result="Passed" start-time="2026-01-11 23:00:08Z" end-time="2026-01-11 23:00:08Z" duration="0.027908" total="27" passed="27" failed="0" inconclusive="0" skipped="0" asserts="0">
        <properties />
        <test-suite type="TestSuite" id="1581" name="Tests" fullname="NodeGraph.Tests" runstate="Runnable" testcasecount="27" result="Passed" start-time="2026-01-11 23:00:08Z" end-time="2026-01-11 23:00:08Z" duration="0.026806" total="27" passed="27" failed="0" inconclusive="0" skipped="0" asserts="0">
          <properties />
          <test-suite type="TestFixture" id="1044" name="ConnectionValidatorTests" fullname="NodeGraph.Tests.ConnectionValidatorTests" classname="NodeGraph.Tests.ConnectionValidatorTests" runstate="Runnable" testcasecount="11" result="Passed" start-time="2026-01-11 23:00:08Z" end-time="2026-01-11 23:00:08Z" duration="0.011528" total="11" passed="11" failed="0" inconclusive="0" skipped="0" asserts="0">
            <properties>
              <property name="Category" value="Unit" />
            </properties>
            <test-case id="1051" name="AddValidatedEdge_InvalidConnection_ReturnsZero" fullname="NodeGraph.Tests.ConnectionValidatorTests.AddValidatedEdge_InvalidConnection_ReturnsZero" methodname="AddValidatedEdge_InvalidConnection_ReturnsZero" classname="NodeGraph.Tests.ConnectionValidatorTests" runstate="Runnable" seed="1910735213" result="Passed" start-time="2026-01-11 23:00:08Z" end-time="2026-01-11 23:00:08Z" duration="0.001521" asserts="0">
              <properties>
                <property name="retryIteration" value="0" />
                <property name="repeatIteration" value="0" />
              </properties>
            </test-case>
            <test-case id="1050" name="AddValidatedEdge_ValidConnection_CreatesEdge" fullname="NodeGraph.Tests.ConnectionValidatorTests.AddValidatedEdge_ValidConnection_CreatesEdge" methodname="AddValidatedEdge_ValidConnection_CreatesEdge" classname="NodeGraph.Tests.ConnectionValidatorTests" runstate="Runnable" seed="152915066" result="Passed" start-time="2026-01-11 23:00:08Z" end-time="2026-01-11 23:00:08Z" duration="0.000525" asserts="0">
              <properties>
                <property name="retryIteration" value="0" />
                <property name="repeatIteration" value="0" />
              </properties>
            </test-case>
            <test-case id="1052" name="ValidateAllEdges_ValidGraph_ReturnsTrue" fullname="NodeGraph.Tests.ConnectionValidatorTests.ValidateAllEdges_ValidGraph_ReturnsTrue" methodname="ValidateAllEdges_ValidGraph_ReturnsTrue" classname="NodeGraph.Tests.ConnectionValidatorTests" runstate="Runnable" seed="854805536" result="Passed" start-time="2026-01-11 23:00:08Z" end-time="2026-01-11 23:00:08Z" duration="0.001596" asserts="0">
              <properties>
                <property name="retryIteration" value="0" />
                <property name="repeatIteration" value="0" />
              </properties>
            </test-case>
            <test-case id="1045" name="ValidateConnection_CompatiblePorts_ReturnsSuccess" fullname="NodeGraph.Tests.ConnectionValidatorTests.ValidateConnection_CompatiblePorts_ReturnsSuccess" methodname="ValidateConnection_CompatiblePorts_ReturnsSuccess" classname="NodeGraph.Tests.ConnectionValidatorTests" runstate="Runnable" seed="2024188858" result="Passed" start-time="2026-01-11 23:00:08Z" end-time="2026-01-11 23:00:08Z" duration="0.001666" asserts="0">
              <properties>
                <property name="retryIteration" value="0" />
                <property name="repeatIteration" value="0" />
              </properties>
            </test-case>
            <test-case id="1046" name="ValidateConnection_IncompatibleTypes_ReturnsError" fullname="NodeGraph.Tests.ConnectionValidatorTests.ValidateConnection_IncompatibleTypes_ReturnsError" methodname="ValidateConnection_IncompatibleTypes_ReturnsError" classname="NodeGraph.Tests.ConnectionValidatorTests" runstate="Runnable" seed="2024468093" result="Passed" start-time="2026-01-11 23:00:08Z" end-time="2026-01-11 23:00:08Z" duration="0.000476" asserts="0">
              <properties>
                <property name="retryIteration" value="0" />
                <property name="repeatIteration" value="0" />
              </properties>
            </test-case>
            <test-case id="1048" name="ValidateConnection_InputToOutput_ReturnsError" fullname="NodeGraph.Tests.ConnectionValidatorTests.ValidateConnection_InputToOutput_ReturnsError" methodname="ValidateConnection_InputToOutput_ReturnsError" classname="NodeGraph.Tests.ConnectionValidatorTests" runstate="Runnable" seed="776259906" result="Passed" start-time="2026-01-11 23:00:08Z" end-time="2026-01-11 23:00:08Z" duration="0.000977" asserts="0">
              <properties>
                <property name="retryIteration" value="0" />
                <property name="repeatIteration" value="0" />
              </properties>
            </test-case>
            <test-case id="1047" name="ValidateConnection_OutputToOutput_ReturnsError" fullname="NodeGraph.Tests.ConnectionValidatorTests.ValidateConnection_OutputToOutput_ReturnsError" methodname="ValidateConnection_OutputToOutput_ReturnsError" classname="NodeGraph.Tests.ConnectionValidatorTests" runstate="Runnable" seed="504964043" result="Passed" start-time="2026-01-11 23:00:08Z" end-time="2026-01-11 23:00:08Z" duration="0.000685" asserts="0">
              <properties>
                <property name="retryIteration" value="0" />
                <property name="repeatIteration" value="0" />
              </properties>
            </test-case>
            <test-case id="1053" name="ValidateConnection_ScalarToScalarInput_ReturnsSuccess" fullname="NodeGraph.Tests.ConnectionValidatorTests.ValidateConnection_ScalarToScalarInput_ReturnsSuccess" methodname="ValidateConnection_ScalarToScalarInput_ReturnsSuccess" classname="NodeGraph.Tests.ConnectionValidatorTests" runstate="Runnable" seed="750989852" result="Passed" start-time="2026-01-11 23:00:08Z" end-time="2026-01-11 23:00:08Z" duration="0.000517" asserts="0">
              <properties>
                <property name="retryIteration" value="0" />
                <property name="repeatIteration" value="0" />
              </properties>
            </test-case>
            <test-case id="1055" name="ValidateConnection_ScalarToVectorInput_ReturnsError" fullname="NodeGraph.Tests.ConnectionValidatorTests.ValidateConnection_ScalarToVectorInput_ReturnsError" methodname="ValidateConnection_ScalarToVectorInput_ReturnsError" classname="NodeGraph.Tests.ConnectionValidatorTests" runstate="Runnable" seed="1043970130" result="Passed" start-time="2026-01-11 23:00:08Z" end-time="2026-01-11 23:00:08Z" duration="0.000430" asserts="0">
              <properties>
                <property name="retryIteration" value="0" />
                <property name="repeatIteration" value="0" />
              </properties>
            </test-case>
            <test-case id="1049" name="ValidateConnection_SelfConnection_ReturnsError" fullname="NodeGraph.Tests.ConnectionValidatorTests.ValidateConnection_SelfConnection_ReturnsError" methodname="ValidateConnection_SelfConnection_ReturnsError" classname="NodeGraph.Tests.ConnectionValidatorTests" runstate="Runnable" seed="1221489365" result="Passed" start-time="2026-01-11 23:00:08Z" end-time="2026-01-11 23:00:08Z" duration="0.000435" asserts="0">
              <properties>
                <property name="retryIteration" value="0" />
                <property name="repeatIteration" value="0" />
              </properties>
            </test-case>
            <test-case id="1054" name="ValidateConnection_VectorToPositionInput_ReturnsSuccess" fullname="NodeGraph.Tests.ConnectionValidatorTests.ValidateConnection_VectorToPositionInput_ReturnsSuccess" methodname="ValidateConnection_VectorToPositionInput_ReturnsSuccess" classname="NodeGraph.Tests.ConnectionValidatorTests" runstate="Runnable" seed="1252419345" result="Passed" start-time="2026-01-11 23:00:08Z" end-time="2026-01-11 23:00:08Z" duration="0.000401" asserts="0">
              <properties>
                <property name="retryIteration" value="0" />
                <property name="repeatIteration" value="0" />
              </properties>
            </test-case>
          </test-suite>
          <test-suite type="TestFixture" id="1026" name="PortSpecLookupTests" fullname="NodeGraph.Tests.PortSpecLookupTests" classname="NodeGraph.Tests.PortSpecLookupTests" runstate="Runnable" testcasecount="7" result="Passed" start-time="2026-01-11 23:00:08Z" end-time="2026-01-11 23:00:08Z" duration="0.007628" total="7" passed="7" failed="0" inconclusive="0" skipped="0" asserts="0">
            <properties>
              <property name="Category" value="Unit" />
            </properties>
            <test-case id="1031" name="TryGetInput_FindsCorrectPort" fullname="NodeGraph.Tests.PortSpecLookupTests.TryGetInput_FindsCorrectPort" methodname="TryGetInput_FindsCorrectPort" classname="NodeGraph.Tests.PortSpecLookupTests" runstate="Runnable" seed="1351532289" result="Passed" start-time="2026-01-11 23:00:08Z" end-time="2026-01-11 23:00:08Z" duration="0.001459" asserts="0">
              <properties>
                <property name="retryIteration" value="0" />
                <property name="repeatIteration" value="0" />
              </properties>
            </test-case>
            <test-case id="1032" name="TryGetInput_InvalidIndex_ReturnsFalse" fullname="NodeGraph.Tests.PortSpecLookupTests.TryGetInput_InvalidIndex_ReturnsFalse" methodname="TryGetInput_InvalidIndex_ReturnsFalse" classname="NodeGraph.Tests.PortSpecLookupTests" runstate="Runnable" seed="1970027130" result="Passed" start-time="2026-01-11 23:00:08Z" end-time="2026-01-11 23:00:08Z" duration="0.000328" asserts="0">
              <properties>
                <property name="retryIteration" value="0" />
                <property name="repeatIteration" value="0" />
              </properties>
            </test-case>
            <test-case id="1028" name="TryGetInputBySpec_Bridge_FindsBothAnchors" fullname="NodeGraph.Tests.PortSpecLookupTests.TryGetInputBySpec_Bridge_FindsBothAnchors" methodname="TryGetInputBySpec_Bridge_FindsBothAnchors" classname="NodeGraph.Tests.PortSpecLookupTests" runstate="Runnable" seed="405475761" result="Passed" start-time="2026-01-11 23:00:08Z" end-time="2026-01-11 23:00:08Z" duration="0.001461" asserts="0">
              <properties>
                <property name="retryIteration" value="0" />
                <property name="repeatIteration" value="0" />
              </properties>
            </test-case>
            <test-case id="1027" name="TryGetInputBySpec_FindsCorrectPort" fullname="NodeGraph.Tests.PortSpecLookupTests.TryGetInputBySpec_FindsCorrectPort" methodname="TryGetInputBySpec_FindsCorrectPort" classname="NodeGraph.Tests.PortSpecLookupTests" runstate="Runnable" seed="573029" result="Passed" start-time="2026-01-11 23:00:08Z" end-time="2026-01-11 23:00:08Z" duration="0.000359" asserts="0">
              <properties>
                <property name="retryIteration" value="0" />
                <property name="repeatIteration" value="0" />
              </properties>
            </test-case>
            <test-case id="1029" name="TryGetInputBySpec_NonexistentIndex_ReturnsFalse" fullname="NodeGraph.Tests.PortSpecLookupTests.TryGetInputBySpec_NonexistentIndex_ReturnsFalse" methodname="TryGetInputBySpec_NonexistentIndex_ReturnsFalse" classname="NodeGraph.Tests.PortSpecLookupTests" runstate="Runnable" seed="1945497082" result="Passed" start-time="2026-01-11 23:00:08Z" end-time="2026-01-11 23:00:08Z" duration="0.000171" asserts="0">
              <properties>
                <property name="retryIteration" value="0" />
                <property name="repeatIteration" value="0" />
              </properties>
            </test-case>
            <test-case id="1033" name="TryGetOutput_FindsCorrectPort" fullname="NodeGraph.Tests.PortSpecLookupTests.TryGetOutput_FindsCorrectPort" methodname="TryGetOutput_FindsCorrectPort" classname="NodeGraph.Tests.PortSpecLookupTests" runstate="Runnable" seed="942010893" result="Passed" start-time="2026-01-11 23:00:08Z" end-time="2026-01-11 23:00:08Z" duration="0.000945" asserts="0">
              <properties>
                <property name="retryIteration" value="0" />
                <property name="repeatIteration" value="0" />
              </properties>
            </test-case>
            <test-case id="1030" name="TryGetOutputBySpec_FindsPathPort" fullname="NodeGraph.Tests.PortSpecLookupTests.TryGetOutputBySpec_FindsPathPort" methodname="TryGetOutputBySpec_FindsPathPort" classname="NodeGraph.Tests.PortSpecLookupTests" runstate="Runnable" seed="1774637099" result="Passed" start-time="2026-01-11 23:00:08Z" end-time="2026-01-11 23:00:08Z" duration="0.001025" asserts="0">
              <properties>
                <property name="retryIteration" value="0" />
                <property name="repeatIteration" value="0" />
              </properties>
            </test-case>
          </test-suite>
          <test-suite type="TestFixture" id="1034" name="TypedGraphTests" fullname="NodeGraph.Tests.TypedGraphTests" classname="NodeGraph.Tests.TypedGraphTests" runstate="Runnable" testcasecount="9" result="Passed" start-time="2026-01-11 23:00:08Z" end-time="2026-01-11 23:00:08Z" duration="0.006689" total="9" passed="9" failed="0" inconclusive="0" skipped="0" asserts="0">
            <properties>
              <property name="Category" value="Unit" />
            </properties>
            <test-case id="1037" name="CreateNode_Anchor_CreatesOneOutput" fullname="NodeGraph.Tests.TypedGraphTests.CreateNode_Anchor_CreatesOneOutput" methodname="CreateNode_Anchor_CreatesOneOutput" classname="NodeGraph.Tests.TypedGraphTests" runstate="Runnable" seed="453147240" result="Passed" start-time="2026-01-11 23:00:08Z" end-time="2026-01-11 23:00:08Z" duration="0.000256" asserts="0">
[...]
              <properties>
                <property name="retryIteration" value="0" />
                <property name="repeatIteration" value="0" />
              </properties>
              <reason>
                <message><![CDATA[Extreme overhang did not crash or hang]]></message>
              </reason>
            </test-case>
          </test-suite>
          <test-suite type="TestFixture" id="1560" name="ShuttleTraversalTests" fullname="Tests.Trains.ShuttleTraversalTests" classname="Tests.Trains.ShuttleTraversalTests" runstate="Runnable" testcasecount="3" result="Passed" start-time="2026-01-11 23:00:11Z" end-time="2026-01-11 23:00:11Z" duration="0.051641" total="3" passed="3" failed="0" inconclusive="0" skipped="0" asserts="0">
            <properties>
              <property name="Category" value="Unit" />
            </properties>
            <test-case id="1563" name="Shuttle_EndOfTrack_OverhangingCarsOnCorrectSide" fullname="Tests.Trains.ShuttleTraversalTests.Shuttle_EndOfTrack_OverhangingCarsOnCorrectSide" methodname="Shuttle_EndOfTrack_OverhangingCarsOnCorrectSide" classname="Tests.Trains.ShuttleTraversalTests" runstate="Runnable" seed="1710843259" result="Passed" start-time="2026-01-11 23:00:11Z" end-time="2026-01-11 23:00:11Z" duration="0.007782" asserts="0">
              <properties>
                <property name="retryIteration" value="0" />
                <property name="repeatIteration" value="0" />
              </properties>
            </test-case>
            <test-case id="1562" name="Shuttle_SplinePositioning_CarsRemainRigidWithOverhang" fullname="Tests.Trains.ShuttleTraversalTests.Shuttle_SplinePositioning_CarsRemainRigidWithOverhang" methodname="Shuttle_SplinePositioning_CarsRemainRigidWithOverhang" classname="Tests.Trains.ShuttleTraversalTests" runstate="Runnable" seed="1384436176" result="Passed" start-time="2026-01-11 23:00:11Z" end-time="2026-01-11 23:00:11Z" duration="0.022029" asserts="0">
              <properties>
                <property name="retryIteration" value="0" />
                <property name="repeatIteration" value="0" />
              </properties>
            </test-case>
            <test-case id="1561" name="Shuttle_TraverseFullTrack_CarsRemainRigid" fullname="Tests.Trains.ShuttleTraversalTests.Shuttle_TraverseFullTrack_CarsRemainRigid" methodname="Shuttle_TraverseFullTrack_CarsRemainRigid" classname="Tests.Trains.ShuttleTraversalTests" runstate="Runnable" seed="1982513091" result="Passed" start-time="2026-01-11 23:00:11Z" end-time="2026-01-11 23:00:11Z" duration="0.020039" asserts="0">
              <properties>
                <property name="retryIteration" value="0" />
                <property name="repeatIteration" value="0" />
              </properties>
            </test-case>
          </test-suite>
          <test-suite type="TestFixture" id="1564" name="SpatialContinuationTests" fullname="Tests.Trains.SpatialContinuationTests" classname="Tests.Trains.SpatialContinuationTests" runstate="Runnable" testcasecount="10" result="Passed" start-time="2026-01-11 23:00:11Z" end-time="2026-01-11 23:00:11Z" duration="0.043307" total="10" passed="10" failed="0" inconclusive="0" skipped="0" asserts="0">
            <properties>
              <property name="Category" value="Unit" />
            </properties>
            <test-case id="1571" name="Circuit_Scenario5_CircuitCompletion_PositionsMatch" fullname="Tests.Trains.SpatialContinuationTests.Circuit_Scenario5_CircuitCompletion_PositionsMatch" methodname="Circuit_Scenario5_CircuitCompletion_PositionsMatch" classname="Tests.Trains.SpatialContinuationTests" runstate="Runnable" seed="800721451" result="Passed" start-time="2026-01-11 23:00:11Z" end-time="2026-01-11 23:00:11Z" duration="0.006184" asserts="0">
              <properties>
                <property name="retryIteration" value="0" />
                <property name="repeatIteration" value="0" />
              </properties>
            </test-case>
            <test-case id="1572" name="Circuit_Scenario6_CircuitCompletion_DirectionsAreAligned" fullname="Tests.Trains.SpatialContinuationTests.Circuit_Scenario6_CircuitCompletion_DirectionsAreAligned" methodname="Circuit_Scenario6_CircuitCompletion_DirectionsAreAligned" classname="Tests.Trains.SpatialContinuationTests" runstate="Runnable" seed="144434338" result="Passed" start-time="2026-01-11 23:00:11Z" end-time="2026-01-11 23:00:11Z" duration="0.005160" asserts="0">
              <properties>
                <property name="retryIteration" value="0" />
                <property name="repeatIteration" value="0" />
              </properties>
            </test-case>
            <test-case id="1570" name="Shuttle_Diagnostic_LastSectionNextPointsToCorrectCosmetic" fullname="Tests.Trains.SpatialContinuationTests.Shuttle_Diagnostic_LastSectionNextPointsToCorrectCosmetic" methodname="Shuttle_Diagnostic_LastSectionNextPointsToCorrectCosmetic" classname="Tests.Trains.SpatialContinuationTests" runstate="Runnable" seed="1682059251" result="Passed" start-time="2026-01-11 23:00:11Z" end-time="2026-01-11 23:00:11Z" duration="0.004401" asserts="0">
              <properties>
                <property name="retryIteration" value="0" />
                <property name="repeatIteration" value="0" />
              </properties>
            </test-case>
            <test-case id="1569" name="Shuttle_LastTraversalIsRev_ExitPointIsStartIndex" fullname="Tests.Trains.SpatialContinuationTests.Shuttle_LastTraversalIsRev_ExitPointIsStartIndex" methodname="Shuttle_LastTraversalIsRev_ExitPointIsStartIndex" classname="Tests.Trains.SpatialContinuationTests" runstate="Runnable" seed="619828499" result="Passed" start-time="2026-01-11 23:00:11Z" end-time="2026-01-11 23:00:11Z" duration="0.003261" asserts="0">
              <properties>
                <property name="retryIteration" value="0" />
                <property name="repeatIteration" value="0" />
              </properties>
            </test-case>
            <test-case id="1566" name="Shuttle_Scenario1_FirstTraversalPrev_HasOppositeDirection" fullname="Tests.Trains.SpatialContinuationTests.Shuttle_Scenario1_FirstTraversalPrev_HasOppositeDirection" methodname="Shuttle_Scenario1_FirstTraversalPrev_HasOppositeDirection" classname="Tests.Trains.SpatialContinuationTests" runstate="Runnable" seed="471964646" result="Passed" start-time="2026-01-11 23:00:11Z" end-time="2026-01-11 23:00:11Z" duration="0.003378" asserts="0">
              <properties>
                <property name="retryIteration" value="0" />
                <property name="repeatIteration" value="0" />
              </properties>
            </test-case>
            <test-case id="1565" name="Shuttle_Scenario1_FirstTraversalPrev_IsCosmetic" fullname="Tests.Trains.SpatialContinuationTests.Shuttle_Scenario1_FirstTraversalPrev_IsCosmetic" methodname="Shuttle_Scenario1_FirstTraversalPrev_IsCosmetic" classname="Tests.Trains.SpatialContinuationTests" runstate="Runnable" seed="895929247" result="Passed" start-time="2026-01-11 23:00:11Z" end-time="2026-01-11 23:00:11Z" duration="0.002797" asserts="0">
              <properties>
                <property name="retryIteration" value="0" />
                <property name="repeatIteration" value="0" />
              </properties>
            </test-case>
            <test-case id="1568" name="Shuttle_Scenario4_LastTraversalNext_HasSameDirection" fullname="Tests.Trains.SpatialContinuationTests.Shuttle_Scenario4_LastTraversalNext_HasSameDirection" methodname="Shuttle_Scenario4_LastTraversalNext_HasSameDirection" classname="Tests.Trains.SpatialContinuationTests" runstate="Runnable" seed="850601559" result="Passed" start-time="2026-01-11 23:00:11Z" end-time="2026-01-11 23:00:11Z" duration="0.003515" asserts="0">
              <properties>
                <property name="retryIteration" value="0" />
                <property name="repeatIteration" value="0" />
              </properties>
            </test-case>
            <test-case id="1567" name="Shuttle_Scenario4_LastTraversalNext_IsCosmetic" fullname="Tests.Trains.SpatialContinuationTests.Shuttle_Scenario4_LastTraversalNext_IsCosmetic" methodname="Shuttle_Scenario4_LastTraversalNext_IsCosmetic" classname="Tests.Trains.SpatialContinuationTests" runstate="Runnable" seed="1899342238" result="Passed" start-time="2026-01-11 23:00:11Z" end-time="2026-01-11 23:00:11Z" duration="0.003348" asserts="0">
              <properties>
                <property name="retryIteration" value="0" />
                <property name="repeatIteration" value="0" />
              </properties>
            </test-case>
            <test-case id="1574" name="Shuttle_TraversalEndpoints_CosmeticContinuationsHaveFrameAlignment" fullname="Tests.Trains.SpatialContinuationTests.Shuttle_TraversalEndpoints_CosmeticContinuationsHaveFrameAlignment" methodname="Shuttle_TraversalEndpoints_CosmeticContinuationsHaveFrameAlignment" classname="Tests.Trains.SpatialContinuationTests" runstate="Runnable" seed="1893020906" result="Passed" start-time="2026-01-11 23:00:11Z" end-time="2026-01-11 23:00:11Z" duration="0.004560" asserts="0">
              <properties>
                <property name="retryIteration" value="0" />
                <property name="repeatIteration" value="0" />
              </properties>
            </test-case>
            <test-case id="1573" name="Switch_SpikeSection_HasSameTrainDirectionAsCopyPathExit" fullname="Tests.Trains.SpatialContinuationTests.Switch_SpikeSection_HasSameTrainDirectionAsCopyPathExit" methodname="Switch_SpikeSection_HasSameTrainDirectionAsCopyPathExit" classname="Tests.Trains.SpatialContinuationTests" runstate="Runnable" seed="926437360" result="Passed" start-time="2026-01-11 23:00:11Z" end-time="2026-01-11 23:00:11Z" duration="0.003513" asserts="0">
              <properties>
                <property name="retryIteration" value="0" />
                <property name="repeatIteration" value="0" />
              </properties>
            </test-case>
          </test-suite>
          <test-suite type="TestFixture" id="1575" name="SwitchTraversalTests" fullname="Tests.Trains.SwitchTraversalTests" classname="Tests.Trains.SwitchTraversalTests" runstate="Runnable" testcasecount="3" result="Passed" start-time="2026-01-11 23:00:11Z" end-time="2026-01-11 23:00:11Z" duration="0.037081" total="3" passed="3" failed="0" inconclusive="0" skipped="0" asserts="0">
            <properties>
              <property name="Category" value="Unit" />
            </properties>
            <test-case id="1577" name="Switch_TraverseFullTrack_DirectionsRemainSmooth" fullname="Tests.Trains.SwitchTraversalTests.Switch_TraverseFullTrack_DirectionsRemainSmooth" methodname="Switch_TraverseFullTrack_DirectionsRemainSmooth" classname="Tests.Trains.SwitchTraversalTests" runstate="Runnable" seed="1700549007" result="Passed" start-time="2026-01-11 23:00:11Z" end-time="2026-01-11 23:00:11Z" duration="0.013088" asserts="0">
              <properties>
                <property name="retryIteration" value="0" />
                <property name="repeatIteration" value="0" />
              </properties>
            </test-case>
            <test-case id="1576" name="Switch_TraverseFullTrack_PositionsRemainSmooth" fullname="Tests.Trains.SwitchTraversalTests.Switch_TraverseFullTrack_PositionsRemainSmooth" methodname="Switch_TraverseFullTrack_PositionsRemainSmooth" classname="Tests.Trains.SwitchTraversalTests" runstate="Runnable" seed="1893995424" result="Passed" start-time="2026-01-11 23:00:11Z" end-time="2026-01-11 23:00:11Z" duration="0.011899" asserts="0">
              <properties>
                <property name="retryIteration" value="0" />
                <property name="repeatIteration" value="0" />
              </properties>
            </test-case>
            <test-case id="1578" name="Switch_TraverseFullTrack_SpacingRemainsSTable" fullname="Tests.Trains.SwitchTraversalTests.Switch_TraverseFullTrack_SpacingRemainsSTable" methodname="Switch_TraverseFullTrack_SpacingRemainsSTable" classname="Tests.Trains.SwitchTraversalTests" runstate="Runnable" seed="507087377" result="Passed" start-time="2026-01-11 23:00:11Z" end-time="2026-01-11 23:00:11Z" duration="0.010173" asserts="0">
              <properties>
                <property name="retryIteration" value="0" />
                <property name="repeatIteration" value="0" />
              </properties>
            </test-case>
          </test-suite>
        </test-suite>
        <test-suite type="TestFixture" id="1542" name="ViewStateSerializationTests" fullname="Tests.ViewStateSerializationTests" classname="Tests.ViewStateSerializationTests" runstate="Runnable" testcasecount="5" result="Passed" start-time="2026-01-11 23:00:11Z" end-time="2026-01-11 23:00:11Z" duration="0.005526" total="5" passed="5" failed="0" inconclusive="0" skipped="0" asserts="0">
          <properties />
          <test-case id="1546" name="CoasterWithUIState_RoundTrip_PreservesAll" fullname="Tests.ViewStateSerializationTests.CoasterWithUIState_RoundTrip_PreservesAll" methodname="CoasterWithUIState_RoundTrip_PreservesAll" classname="Tests.ViewStateSerializationTests" runstate="Runnable" seed="1855563309" result="Passed" start-time="2026-01-11 23:00:11Z" end-time="2026-01-11 23:00:11Z" duration="0.001282" asserts="0">
            <properties>
              <property name="retryIteration" value="0" />
              <property name="repeatIteration" value="0" />
            </properties>
          </test-case>
          <test-case id="1544" name="UIStateChunk_Default_HasSensibleValues" fullname="Tests.ViewStateSerializationTests.UIStateChunk_Default_HasSensibleValues" methodname="UIStateChunk_Default_HasSensibleValues" classname="Tests.ViewStateSerializationTests" runstate="Runnable" seed="1437796090" result="Passed" start-time="2026-01-11 23:00:11Z" end-time="2026-01-11 23:00:11Z" duration="0.000499" asserts="0">
            <properties>
              <property name="retryIteration" value="0" />
              <property name="repeatIteration" value="0" />
            </properties>
          </test-case>
          <test-case id="1545" name="UIStateChunk_MissingChunk_ReturnsDefault" fullname="Tests.ViewStateSerializationTests.UIStateChunk_MissingChunk_ReturnsDefault" methodname="UIStateChunk_MissingChunk_ReturnsDefault" classname="Tests.ViewStateSerializationTests" runstate="Runnable" seed="1522809048" result="Passed" start-time="2026-01-11 23:00:11Z" end-time="2026-01-11 23:00:11Z" duration="0.000472" asserts="0">
            <properties>
              <property name="retryIteration" value="0" />
              <property name="repeatIteration" value="0" />
            </properties>
          </test-case>
          <test-case id="1543" name="UIStateChunk_RoundTrip_PreservesViewState" fullname="Tests.ViewStateSerializationTests.UIStateChunk_RoundTrip_PreservesViewState" methodname="UIStateChunk_RoundTrip_PreservesViewState" classname="Tests.ViewStateSerializationTests" runstate="Runnable" seed="1305934783" result="Passed" start-time="2026-01-11 23:00:11Z" end-time="2026-01-11 23:00:11Z" duration="0.000612" asserts="0">
            <properties>
              <property name="retryIteration" value="0" />
              <property name="repeatIteration" value="0" />
            </properties>
          </test-case>
          <test-case id="1547" name="UIStateChunk_WithUnknownExtensions_StillLoads" fullname="Tests.ViewStateSerializationTests.UIStateChunk_WithUnknownExtensions_StillLoads" methodname="UIStateChunk_WithUnknownExtensions_StillLoads" classname="Tests.ViewStateSerializationTests" runstate="Runnable" seed="946822778" result="Passed" start-time="2026-01-11 23:00:11Z" end-time="2026-01-11 23:00:11Z" duration="0.000414" asserts="0">
            <properties>
              <property name="retryIteration" value="0" />
              <property name="repeatIteration" value="0" />
            </properties>
          </test-case>
        </test-suite>
        <test-suite type="TestFixture" id="1548" name="YOffsetDriftTests" fullname="Tests.YOffsetDriftTests" classname="Tests.YOffsetDriftTests" runstate="Runnable" testcasecount="4" result="Passed" start-time="2026-01-11 23:00:11Z" end-time="2026-01-11 23:00:11Z" duration="0.416871" total="4" passed="4" failed="0" inconclusive="0" skipped="0" asserts="0">
          <properties>
            <property name="Category" value="Stability" />
          </properties>
          <test-case id="1552" name="Circuit_ForceSection1_LargeYOffset_ShapeIdentical" fullname="Tests.YOffsetDriftTests.Circuit_ForceSection1_LargeYOffset_ShapeIdentical" methodname="Circuit_ForceSection1_LargeYOffset_ShapeIdentical" classname="Tests.YOffsetDriftTests" runstate="Runnable" seed="1025631776" result="Passed" start-time="2026-01-11 23:00:11Z" end-time="2026-01-11 23:00:11Z" duration="0.080695" asserts="0">
            <properties>
              <property name="retryIteration" value="0" />
              <property name="repeatIteration" value="0" />
            </properties>
            <output><![CDATA[Large Y Offset Test (Y offset: 10):
  Points: 2130
  Max direction diff: 2.691E-005 at point 1975
  Max XZ drift: 2.415E-003 at point 2129
]]></output>
          </test-case>
          <test-case id="1549" name="Circuit_ForceSection1_YOffset_DirectionIdentical" fullname="Tests.YOffsetDriftTests.Circuit_ForceSection1_YOffset_DirectionIdentical" methodname="Circuit_ForceSection1_YOffset_DirectionIdentical" classname="Tests.YOffsetDriftTests" runstate="Runnable" seed="147312378" result="Passed" start-time="2026-01-11 23:00:11Z" end-time="2026-01-11 23:00:11Z" duration="0.081386" asserts="0">
            <properties>
              <property name="retryIteration" value="0" />
              <property name="repeatIteration" value="0" />
            </properties>
            <output><![CDATA[Direction/Frame Drift Test (Y offset: 0.1):
  Points: 2130
  Max direction diff: 2.950E-005 at point 1769
  Max normal diff: 2.543E-005
  Max lateral diff: 1.894E-005
]]></output>
          </test-case>
          <test-case id="1551" name="Circuit_ForceSection1_YOffset_NoXZDrift" fullname="Tests.YOffsetDriftTests.Circuit_ForceSection1_YOffset_NoXZDrift" methodname="Circuit_ForceSection1_YOffset_NoXZDrift" classname="Tests.YOffsetDriftTests" runstate="Runnable" seed="394321810" result="Passed" start-time="2026-01-11 23:00:11Z" end-time="2026-01-11 23:00:11Z" duration="0.084398" asserts="0">
            <properties>
              <property name="retryIteration" value="0" />
              <property name="repeatIteration" value="0" />
            </properties>
            <output><![CDATA[XZ Drift Test (Y offset: 0.1):
  Points: 2130
  Max X drift: 2.224E-003 at point 2129
  Max Z drift: 1.949E-003
  Baseline end: (-0.1180, 2.9953, 44.8662)
  Offset end:   (-0.1202, 3.0939, 44.8643)
  End diff: (-2.224E-003, 0.0986, -1.949E-003)
]]></output>
          </test-case>
          <test-case id="1550" name="Circuit_ForceSection1_YOffset_VelocityIdentical" fullname="Tests.YOffsetDriftTests.Circuit_ForceSection1_YOffset_VelocityIdentical" methodname="Circuit_ForceSection1_YOffset_VelocityIdentical" classname="Tests.YOffsetDriftTests" runstate="Runnable" seed="2112622865" result="Passed" start-time="2026-01-11 23:00:11Z" end-time="2026-01-11 23:00:11Z" duration="0.168564" asserts="0">
            <properties>
              <property name="retryIteration" value="0" />
              <property name="repeatIteration" value="0" />
            </properties>
            <output><![CDATA[Velocity Invariance Test (Y offset: 0.1):
  Points: 2130
  Max velocity diff: 8.354E-004 at point 2129
  Baseline final vel: 15.2077
  Offset final vel: 15.2086
Saving results to: C:/Users/dylan/AppData/LocalLow/IndividualKex/KexEdit\TestResults.xml
]]></output>
          </test-case>
        </test-suite>
      </test-suite>
    </test-suite>
  </test-suite>
</test-run>