<?xml version="1.0" encoding="utf-8"?>
<test-run id="2" testcasecount="1" result="Passed" total="1" passed="1" failed="0" inconclusive="0" skipped="0" asserts="0" engine-version="3.5.0.0" clr-version="4.0.30319.42000" start-time="2025-12-20 20:18:39Z" end-time="2025-12-20 20:18:39Z" duration="0.3770763">
  <test-suite type="TestSuite" id="1000" name="KexEdit" fullname="KexEdit" runstate="Runnable" testcasecount="3278" result="Passed" start-time="2025-12-20 20:18:39Z" end-time="2025-12-20 20:18:39Z" duration="0.377076" total="1" passed="1" failed="0" inconclusive="0" skipped="0" asserts="0">
    <properties>
      <property name="platform" value="EditMode" />
    </properties>
    <test-suite type="Assembly" id="1465" name="Tests.dll" fullname="C:/Users/dylan/Documents/Games/KexEdit/Library/ScriptAssemblies/Tests.dll" runstate="Runnable" testcasecount="413" result="Passed" start-time="2025-12-20 20:18:39Z" end-time="2025-12-20 20:18:39Z" duration="0.325010" total="1" passed="1" failed="0" inconclusive="0" skipped="0" asserts="0">
      <properties>
        <property name="_PID" value="35692" />
        <property name="_APPDOMAIN" value="Unity Child Domain" />
        <property name="platform" value="EditMode" />
        <property name="EditorOnly" value="True" />
      </properties>
      <test-suite type="TestSuite" id="1475" name="Tests" fullname="Tests" runstate="Runnable" testcasecount="262" result="Passed" start-time="2025-12-20 20:18:39Z" end-time="2025-12-20 20:18:39Z" duration="0.314349" total="1" passed="1" failed="0" inconclusive="0" skipped="0" asserts="0">
        <properties />
        <test-suite type="TestFixture" id="1230" name="CoasterGoldTests" fullname="Tests.CoasterGoldTests" classname="Tests.CoasterGoldTests" runstate="Runnable" testcasecount="2" result="Passed" start-time="2025-12-20 20:18:39Z" end-time="2025-12-20 20:18:39Z" duration="0.306156" total="1" passed="1" failed="0" inconclusive="0" skipped="0" asserts="0">
          <properties>
            <property name="Category" value="Golden" />
          </properties>
          <test-case id="1231" name="Shuttle_LoadAndEvaluate_MatchesGoldData" fullname="Tests.CoasterGoldTests.Shuttle_LoadAndEvaluate_MatchesGoldData" methodname="Shuttle_LoadAndEvaluate_MatchesGoldData" classname="Tests.CoasterGoldTests" runstate="Runnable" seed="1457236255" result="Passed" start-time="2025-12-20 20:18:39Z" end-time="2025-12-20 20:18:39Z" duration="0.293157" asserts="0">
            <properties>
              <property name="retryIteration" value="0" />
              <property name="repeatIteration" value="0" />
            </properties>
            <output><![CDATA[=== COASTER DIAGNOSTICS ===
Graph: 16 nodes, 19 edges
=== ALL NODES IN GRAPH ===
  [0] id=5 type=Force dur=6.6 vel=30.00 e=469.71 h=1.10 f=0.0210 r=0.0000
  [1] id=3 type=Geometric dur=1 vel=29.66 e=468.97 h=1.10 f=0.0210 r=0.0000
  [2] id=1 type=Geometric dur=2.5 vel=0.10 e=19.72 h=1.10 f=0.0210 r=0.0000
  [3] id=4 type=Geometric dur=2 vel=0.00 e=467.42 h=1.10 f=0.0210 r=0.0000
  [4] id=2 type=Geometric dur=50.00001 vel=26.14 e=467.71 h=1.10 f=0.0210 r=0.0000
  [5] id=6 type=Anchor no-dur vel=0.10 e=19.72 h=1.10 f=0.0210 r=0.0000
  [6] id=8 type=Reverse no-dur vel=0.00 e=467.42 h=1.10 f=0.0210 r=0.0000
  [7] id=7 type=Reverse no-dur vel=30.00 e=469.71 h=1.10 f=0.0210 r=0.0000
  [8] id=2161712148 type=CopyPath no-dur vel=27.01 e=424.88 h=1.10 f=0.0210 r=0.0000
  [9] id=4267673592 type=CopyPath no-dur vel=0.00 e=467.42 h=1.10 f=0.0210 r=0.0000
  [10] id=4257997777 type=CopyPath no-dur vel=25.46 e=426.57 h=1.10 f=0.0210 r=0.0000
  [11] id=3386626208 type=CopyPath no-dur vel=30.00 e=469.77 h=1.10 f=0.0210 r=0.0000
  [12] id=16 type=ReversePath no-dur vel=10.00 e=40.29 h=1.10 f=0.0210 r=0.0000
  [13] id=15 type=ReversePath no-dur vel=10.00 e=40.29 h=1.10 f=0.0210 r=0.0000
  [14] id=14 type=ReversePath no-dur vel=10.00 e=40.29 h=1.10 f=0.0210 r=0.0000
  [15] id=13 type=ReversePath no-dur vel=10.00 e=40.29 h=1.10 f=0.0210 r=0.0000
=== ANCHOR NODE 6 DATA ===
  vel=0.1000 frictionOrig=0.0000 dir=(0.000,0.000,-1.000)
=== GOLD FIRST SECTION INPUT ANCHOR ===
  vel=0.1000 frictionOrig=0.0000 dir=(0.000,0.000,-1.000)
Checking GeometricSection nodeId=1: 250 points (gold expects 250, gold duration=2.5 Time)
[0] actual: pos=(0.000,3.000,0.000) dir=(0.000,0.000,-1.000) vel=0.1000
[0] gold:   pos=(0.000,3.000,0.000) dir=(0.000,0.000,-1.000) vel=0.1000
[1] actual: pos=(0.000,3.000,-0.001) dir=(0.000,0.000,-1.000) vel=0.1019
[1] gold:   pos=(0.000,3.000,-0.001) dir=(0.000,0.000,-1.000) vel=0.1019
[2] actual: pos=(0.000,3.000,-0.002) dir=(0.000,0.000,-1.000) vel=0.1077
[2] gold:   pos=(0.000,3.000,-0.002) dir=(0.000,0.000,-1.000) vel=0.1077
=== DRIFT ANALYSIS ===
First divergence at index -1
Max drift 0.000183105469 at index 249
=== FIRST 20 POINTS ===
    [0] Pos: (0.000000, 3.000000, 0.000000) vs (0.000000, 3.000000, 0.000000)
    [0] Vel: 0.100000 vs 0.100000, diff=0
    [0] Energy: 19.716370 vs 19.716370, diff=0
    [0] HeartArc: 0.000000 vs 0.000000
    [1] Pos: (0.000000, 3.000000, -0.001019) vs (0.000000, 3.000000, -0.001019)
    [1] Vel: 0.101921 vs 0.101921, diff=0
    [1] Energy: 19.716560 vs 19.716560, diff=0
    [1] HeartArc: 0.001019 vs 0.001019
    [2] Pos: (0.000000, 3.000000, -0.002096) vs (0.000000, 3.000000, -0.002096)
    [2] Vel: 0.107674 vs 0.107674, diff=0
    [2] Energy: 19.717160 vs 19.717160, diff=0
    [2] HeartArc: 0.002096 vs 0.002096
    [3] Pos: (0.000000, 3.000000, -0.003268) vs (0.000000, 3.000000, -0.003268)
    [3] Vel: 0.117248 vs 0.117248, diff=0
    [3] Energy: 19.718240 vs 19.718240, diff=0
    [3] HeartArc: 0.003268 vs 0.003268
    [4] Pos: (0.000000, 3.000000, -0.004575) vs (0.000000, 3.000000, -0.004575)
    [4] Vel: 0.130628 vs 0.130628, diff=0
    [4] Energy: 19.719900 vs 19.719900, diff=0
    [4] HeartArc: 0.004575 vs 0.004575
    [5] Pos: (0.000000, 3.000000, -0.006053) vs (0.000000, 3.000000, -0.006053)
    [5] Vel: 0.147805 vs 0.147805, diff=0
    [5] Energy: 19.722290 vs 19.722290, diff=0
    [5] HeartArc: 0.006053 vs 0.006053
    [6] Pos: (0.000000, 3.000000, -0.007740) vs (0.000000, 3.000000, -0.007740)
    [6] Vel: 0.168759 vs 0.168759, diff=0
    [6] Energy: 19.725610 vs 19.725610, diff=0
    [6] HeartArc: 0.007740 vs 0.007740
    [7] Pos: (0.000000, 3.000000, -0.009675) vs (0.000000, 3.000000, -0.009675)
    [7] Vel: 0.193479 vs 0.193479, diff=0
    [7] Energy: 19.730080 vs 19.730080, diff=0
    [7] HeartArc: 0.009675 vs 0.009675
    [8] Pos: (0.000000, 3.000000, -0.011895) vs (0.000000, 3.000000, -0.011895)
    [8] Vel: 0.221948 vs 0.221948, diff=0
    [8] Energy: 19.736000 vs 19.736000, diff=0
    [8] HeartArc: 0.011895 vs 0.011895
    [9] Pos: (0.000000, 3.000000, -0.014436) vs (0.000000, 3.000000, -0.014436)
    [9] Vel: 0.254151 vs 0.254151, diff=0
    [9] Energy: 19.743660 vs 19.743660, diff=0
    [9] HeartArc: 0.014436 vs 0.014436
    [10] Pos: (0.000000, 3.000000, -0.017337) vs (0.000000, 3.000000, -0.017337)
    [10] Vel: 0.290072 vs 0.290072, diff=0
    [10] Energy: 19.753440 vs 19.753440, diff=0
    [10] HeartArc: 0.017337 vs 0.017337
    [11] Pos: (0.000000, 3.000000, -0.020634) vs (0.000000, 3.000000, -0.020634)
    [11] Vel: 0.329695 vs 0.329695, diff=0
    [11] Energy: 19.765720 vs 19.765720, diff=0
    [11] HeartArc: 0.020634 vs 0.020634
    [12] Pos: (0.000000, 3.000000, -0.024364) vs (0.000000, 3.000000, -0.024364)
    [12] Vel: 0.373001 vs 0.373001, diff=0
    [12] Energy: 19.780930 vs 19.780930, diff=0
    [12] HeartArc: 0.024364 vs 0.024364
    [13] Pos: (0.000000, 3.000000, -0.028564) vs (0.000000, 3.000000, -0.028564)
    [13] Vel: 0.419973 vs 0.419973, diff=0
    [13] Energy: 19.799550 vs 19.799550, diff=0
    [13] HeartArc: 0.028564 vs 0.028564
    [14] Pos: (0.000000, 3.000000, -0.033269) vs (0.000000, 3.000000, -0.033269)
    [14] Vel: 0.470593 vs 0.470593, diff=0
    [14] Energy: 19.822100 vs 19.822100, diff=0
    [14] HeartArc: 0.033269 vs 0.033269
    [15] Pos: (0.000000, 3.000000, -0.038518) vs (0.000000, 3.000000, -0.038518)
    [15] Vel: 0.524841 vs 0.524841, diff=0
    [15] Energy: 19.849100 vs 19.849100, diff=0
    [15] HeartArc: 0.038518 vs 0.038518
    [16] Pos: (0.000000, 3.000000, -0.044345) vs (0.000000, 3.000000, -0.044345)
    [16] Vel: 0.582699 vs 0.582699, diff=0
    [16] Energy: 19.881140 vs 19.881140, diff=0
    [16] HeartArc: 0.044345 vs 0.044345
    [17] Pos: (0.000000, 3.000000, -0.050786) vs (0.000000, 3.000000, -0.050786)
    [17] Vel: 0.644146 vs 0.644146, diff=0
    [17] Energy: 19.918830 vs 19.918830, diff=0
    [17] HeartArc: 0.050786 vs 0.050786
    [18] Pos: (0.000000, 3.000000, -0.057878) vs (0.000000, 3.000000, -0.057878)
    [18] Vel: 0.709162 vs 0.709162, diff=0
    [18] Energy: 19.962820 vs 19.962820, diff=0
    [18] HeartArc: 0.057878 vs 0.057878
    [19] Pos: (0.000000, 3.000000, -0.065655) vs (0.000000, 3.000000, -0.065655)
    [19] Vel: 0.777724 vs 0.777724, diff=0
    [19] Energy: 20.013790 vs 20.013790, diff=0
    [19] HeartArc: 0.065655 vs 0.065655
=== SAMPLE POINTS ===
    [50] Pos: (0.000000, 3.000000, -0.828643) vs (0.000000, 3.000000, -0.828643)
    [50] Vel: 4.519876 vs 4.519876, diff=0
    [50] Energy: 29.926010 vs 29.926010, diff=0
    [50] HeartArc: 0.828643 vs 0.828643
    [100] Pos: (0.000000, 3.000000, -5.631693) vs (0.000000, 3.000000, -5.631693)
    [100] Vel: 15.050000 vs 15.050000, diff=0
    [100] Energy: 132.962600 vs 132.962600, diff=0
    [100] HeartArc: 5.631693 vs 5.631693
    [200] Pos: (0.000000, 3.000000, -30.249510) vs (0.000000, 3.000000, -30.249490)
    [200] Vel: 30.000000 vs 30.000000, diff=0
    [200] Energy: 469.711400 vs 469.711400, diff=0
    [200] HeartArc: 30.249510 vs 30.249490
Checking ForceSection nodeId=5: 660 points (gold expects 660, gold duration=6.6 Time)
[0] actual: pos=(0.000,3.000,-44.950) dir=(0.000,0.000,-1.000) vel=30.0000
[0] gold:   pos=(0.000,3.000,-44.949) dir=(0.000,0.000,-1.000) vel=30.0000
[1] actual: pos=(0.000,3.000,-45.250) dir=(0.000,0.000,-1.000) vel=29.9957
[1] gold:   pos=(0.000,3.000,-45.249) dir=(0.000,0.000,-1.000) vel=29.9957
[2] actual: pos=(0.000,3.000,-45.550) dir=(0.000,0.000,-1.000) vel=29.9935
[2] gold:   pos=(0.000,3.000,-45.549) dir=(0.000,0.000,-1.000) vel=29.9935
=== DRIFT ANALYSIS ===
First divergence at index -1
Max drift 0.000228881836 at index 655
=== FIRST 20 POINTS ===
    [0] Pos: (0.000000, 3.000000, -44.949640) vs (0.000000, 3.000000, -44.949460)
    [0] Vel: 30.000000 vs 30.000000, diff=0
    [0] Energy: 469.711400 vs 469.711400, diff=0
    [0] HeartArc: 44.949640 vs 44.949460
    [1] Pos: (0.000000, 3.000000, -45.249640) vs (0.000000, 3.000000, -45.249460)
    [1] Vel: 29.995700 vs 29.995700, diff=0
    [1] Energy: 469.706000 vs 469.706000, diff=0
    [1] HeartArc: 45.249640 vs 45.249460
    [2] Pos: (0.000000, 3.000001, -45.549590) vs (0.000000, 3.000001, -45.549410)
    [2] Vel: 29.993460 vs 29.993460, diff=0
    [2] Energy: 469.700600 vs 469.700600, diff=0
    [2] HeartArc: 45.549600 vs 45.549420
    [3] Pos: (0.000000, 3.000004, -45.849520) vs (0.000000, 3.000004, -45.849330)
    [3] Vel: 29.991220 vs 29.991220, diff=0
    [3] Energy: 469.695200 vs 469.695200, diff=0
    [3] HeartArc: 45.849530 vs 45.849350
    [4] Pos: (0.000000, 3.000011, -46.149410) vs (0.000000, 3.000011, -46.149230)
    [4] Vel: 29.988980 vs 29.988980, diff=0
    [4] Energy: 469.689800 vs 469.689800, diff=0
    [4] HeartArc: 46.149440 vs 46.149260
    [5] Pos: (0.000000, 3.000025, -46.449270) vs (0.000000, 3.000025, -46.449090)
    [5] Vel: 29.986730 vs 29.986730, diff=0
    [5] Energy: 469.684400 vs 469.684400, diff=0
    [5] HeartArc: 46.449330 vs 46.449150
    [6] Pos: (0.000000, 3.000048, -46.749090) vs (0.000000, 3.000048, -46.748910)
    [6] Vel: 29.984490 vs 29.984490, diff=0
    [6] Energy: 469.679000 vs 469.679000, diff=0
    [6] HeartArc: 46.749200 vs 46.749020
    [7] Pos: (0.000000, 3.000085, -47.048880) vs (0.000000, 3.000085, -47.048700)
    [7] Vel: 29.982230 vs 29.982230, diff=0
    [7] Energy: 469.673600 vs 469.673600, diff=0
    [7] HeartArc: 47.049050 vs 47.048860
    [8] Pos: (0.000000, 3.000140, -47.348630) vs (0.000000, 3.000140, -47.348450)
    [8] Vel: 29.979980 vs 29.979980, diff=0
    [8] Energy: 469.668200 vs 469.668200, diff=0
    [8] HeartArc: 47.348870 vs 47.348690
    [9] Pos: (0.000000, 3.000218, -47.648340) vs (0.000000, 3.000218, -47.648160)
    [9] Vel: 29.977710 vs 29.977710, diff=0
    [9] Energy: 469.662800 vs 469.662800, diff=0
    [9] HeartArc: 47.648670 vs 47.648490
    [10] Pos: (0.000000, 3.000324, -47.948000) vs (0.000000, 3.000324, -47.947820)
    [10] Vel: 29.975440 vs 29.975440, diff=0
    [10] Energy: 469.657300 vs 469.657300, diff=0
    [10] HeartArc: 47.948450 vs 47.948270
    [11] Pos: (0.000000, 3.000464, -48.247620) vs (0.000000, 3.000464, -48.247440)
    [11] Vel: 29.973150 vs 29.973150, diff=0
    [11] Energy: 469.651900 vs 469.651900, diff=0
    [11] HeartArc: 48.248200 vs 48.248020
    [12] Pos: (0.000000, 3.000645, -48.547190) vs (0.000000, 3.000645, -48.547000)
    [12] Vel: 29.970860 vs 29.970860, diff=0
    [12] Energy: 469.646600 vs 469.646600, diff=0
    [12] HeartArc: 48.547940 vs 48.547750
    [13] Pos: (0.000000, 3.000875, -48.846710) vs (0.000000, 3.000875, -48.846520)
    [13] Vel: 29.968540 vs 29.968540, diff=0
    [13] Energy: 469.641200 vs 469.641200, diff=0
    [13] HeartArc: 48.847640 vs 48.847460
    [14] Pos: (0.000000, 3.001161, -49.146170) vs (0.000000, 3.001161, -49.145990)
    [14] Vel: 29.966210 vs 29.966210, diff=0
    [14] Energy: 469.635800 vs 469.635800, diff=0
    [14] HeartArc: 49.147330 vs 49.147150
    [15] Pos: (0.000001, 3.001511, -49.445580) vs (0.000001, 3.001511, -49.445400)
    [15] Vel: 29.963850 vs 29.963850, diff=0
    [15] Energy: 469.630500 vs 469.630500, diff=0
    [15] HeartArc: 49.446990 vs 49.446810
    [16] Pos: (0.000001, 3.001934, -49.744930) vs (0.000001, 3.001934, -49.744750)
    [16] Vel: 29.961480 vs 29.961480, diff=0
    [16] Energy: 469.625100 vs 469.625100, diff=0
    [16] HeartArc: 49.746630 vs 49.746450
    [17] Pos: (0.000001, 3.002440, -50.044230) vs (0.000001, 3.002440, -50.044040)
    [17] Vel: 29.959070 vs 29.959070, diff=0
    [17] Energy: 469.619700 vs 469.619700, diff=0
    [17] HeartArc: 50.046250 vs 50.046060
    [18] Pos: (0.000002, 3.003038, -50.343460) vs (0.000002, 3.003038, -50.343280)
    [18] Vel: 29.956640 vs 29.956640, diff=0
    [18] Energy: 469.614300 vs 469.614300, diff=0
    [18] HeartArc: 50.345840 vs 50.345650
    [19] Pos: (0.000002, 3.003739, -50.642630) vs (0.000002, 3.003739, -50.642440)
    [19] Vel: 29.954170 vs 29.954170, diff=0
    [19] Energy: 469.609000 vs 469.609000, diff=0
    [19] HeartArc: 50.645400 vs 50.645220
=== SAMPLE POINTS ===
    [50] Pos: (0.000293, 3.152895, -59.871320) vs (0.000293, 3.152895, -59.871140)
    [50] Vel: 29.835580 vs 29.835580, diff=0
    [50] Energy: 469.443100 vs 469.443100, diff=0
    [50] HeartArc: 59.916230 vs 59.916050
    [100] Pos: (0.010764, 5.002076, -74.268460) vs (0.010764, 5.002074, -74.268270)
    [100] Vel: 29.097740 vs 29.097740, diff=0
    [100] Energy: 469.184800 vs 469.184800, diff=0
    [100] HeartArc: 74.696480 vs 74.696300
    [200] Pos: (0.271643, 20.413510, -93.214920) vs (0.271643, 20.413520, -93.214750)
    [200] Vel: 22.801460 vs 22.801460, diff=0
    [200] Energy: 468.803400 vs 468.803400, diff=0
    [200] HeartArc: 101.277500 vs 101.277300
    [500] Pos: (3.130609, 11.337640, -83.177880) vs (3.130605, 11.337750, -83.177790)
    [500] Vel: 26.130580 vs 26.130540, diff=4.19617E-05
    [500] Energy: 468.389300 vs 468.389300, diff=0
    [500] HeartArc: 156.241900 vs 156.241700
Checking GeometricSection nodeId=2: 302 points (gold expects 302, gold duration=50.00001 Distance)
[0] actual: pos=(3.424,10.401,-122.878) dir=(-0.001,0.577,-0.816) vel=26.1366
[0] gold:   pos=(3.424,10.402,-122.878) dir=(-0.001,0.577,-0.816) vel=26.1365
[1] actual: pos=(3.424,10.553,-123.091) dir=(-0.001,0.584,-0.812) vel=26.0754
[1] gold:   pos=(3.424,10.553,-123.090) dir=(-0.001,0.584,-0.812) vel=26.0754
[2] actual: pos=(3.423,10.706,-123.302) dir=(-0.001,0.591,-0.807) vel=26.0136
[2] gold:   pos=(3.423,10.707,-123.301) dir=(-0.001,0.591,-0.807) vel=26.0136
=== DRIFT ANALYSIS ===
First divergence at index -1
Max drift 0.000708699226 at index 299
=== FIRST 20 POINTS ===
    [0] Pos: (3.423978, 10.401360, -122.877800) vs (3.423964, 10.401570, -122.877600)
    [0] Vel: 26.136550 vs 26.136470, diff=7.6294E-05
    [0] Energy: 467.707400 vs 467.707400, diff=0
    [0] HeartArc: 200.385400 vs 200.385000
    [1] Pos: (3.423707, 10.553160, -123.090600) vs (3.423693, 10.553360, -123.090300)
    [1] Vel: 26.075430 vs 26.075360, diff=7.6294E-05
    [1] Energy: 467.703800 vs 467.703800, diff=0
    [1] HeartArc: 200.656000 vs 200.655600
    [2] Pos: (3.423439, 10.706380, -123.301500) vs (3.423424, 10.706590, -123.301300)
    [2] Vel: 26.013620 vs 26.013550, diff=7.6294E-05
    [2] Energy: 467.700300 vs 467.700300, diff=0
    [2] HeartArc: 200.926000 vs 200.925600
    [3] Pos: (3.423173, 10.861000, -123.510700) vs (3.423158, 10.861210, -123.510500)
    [3] Vel: 25.951140 vs 25.951060, diff=7.82013E-05
    [3] Energy: 467.696700 vs 467.696700, diff=0
    [3] HeartArc: 201.195400 vs 201.195000
    [4] Pos: (3.422909, 11.016990, -123.718100) vs (3.422894, 11.017200, -123.717900)
    [4] Vel: 25.887970 vs 25.887890, diff=7.82013E-05
    [4] Energy: 467.693200 vs 467.693200, diff=0
    [4] HeartArc: 201.464100 vs 201.463600
    [5] Pos: (3.422647, 11.174320, -123.923700) vs (3.422632, 11.174530, -123.923500)
    [5] Vel: 25.824130 vs 25.824050, diff=8.01086E-05
    [5] Energy: 467.689800 vs 467.689800, diff=0
    [5] HeartArc: 201.732100 vs 201.731600
    [6] Pos: (3.422388, 11.332950, -124.127500) vs (3.422373, 11.333160, -124.127200)
    [6] Vel: 25.759640 vs 25.759560, diff=8.01086E-05
    [6] Energy: 467.686300 vs 467.686300, diff=0
    [6] HeartArc: 201.999400 vs 201.999000
    [7] Pos: (3.422131, 11.492860, -124.329400) vs (3.422116, 11.493070, -124.329200)
    [7] Vel: 25.694490 vs 25.694410, diff=8.2016E-05
    [7] Energy: 467.682900 vs 467.682900, diff=0
    [7] HeartArc: 202.266000 vs 202.265600
    [8] Pos: (3.421877, 11.654010, -124.529500) vs (3.421861, 11.654220, -124.529300)
    [8] Vel: 25.628700 vs 25.628620, diff=8.2016E-05
    [8] Energy: 467.679500 vs 467.679500, diff=0
    [8] HeartArc: 202.531900 vs 202.531600
    [9] Pos: (3.421624, 11.816360, -124.727800) vs (3.421609, 11.816580, -124.727600)
    [9] Vel: 25.562280 vs 25.562200, diff=8.01086E-05
    [9] Energy: 467.676100 vs 467.676100, diff=0
    [9] HeartArc: 202.797100 vs 202.796800
    [10] Pos: (3.421375, 11.979890, -124.924300) vs (3.421359, 11.980110, -124.924100)
    [10] Vel: 25.495240 vs 25.495160, diff=8.01086E-05
    [10] Energy: 467.672800 vs 467.672800, diff=0
    [10] HeartArc: 203.061600 vs 203.061200
    [11] Pos: (3.421127, 12.144560, -125.118900) vs (3.421111, 12.144780, -125.118700)
    [11] Vel: 25.427580 vs 25.427500, diff=8.01086E-05
    [11] Energy: 467.669500 vs 467.669500, diff=0
    [11] HeartArc: 203.325400 vs 203.325000
    [12] Pos: (3.420882, 12.310340, -125.311800) vs (3.420866, 12.310550, -125.311500)
    [12] Vel: 25.359310 vs 25.359230, diff=8.01086E-05
    [12] Energy: 467.666200 vs 467.666200, diff=0
    [12] HeartArc: 203.588400 vs 203.588000
    [13] Pos: (3.420639, 12.477190, -125.502700) vs (3.420623, 12.477400, -125.502500)
    [13] Vel: 25.290460 vs 25.290370, diff=8.2016E-05
    [13] Energy: 467.662900 vs 467.662900, diff=0
    [13] HeartArc: 203.850700 vs 203.850300
    [14] Pos: (3.420398, 12.645070, -125.691900) vs (3.420382, 12.645290, -125.691600)
    [14] Vel: 25.221010 vs 25.220930, diff=8.2016E-05
    [14] Energy: 467.659700 vs 467.659700, diff=0
    [14] HeartArc: 204.112200 vs 204.111800
    [15] Pos: (3.420160, 12.813960, -125.879200) vs (3.420144, 12.814170, -125.878900)
    [15] Vel: 25.151000 vs 25.150910, diff=8.58307E-05
    [15] Energy: 467.656500 vs 467.656500, diff=0
    [15] HeartArc: 204.372900 vs 204.372500
    [16] Pos: (3.419924, 12.983810, -126.064700) vs (3.419908, 12.984030, -126.064400)
    [16] Vel: 25.080420 vs 25.080330, diff=8.58307E-05
    [16] Energy: 467.653300 vs 467.653300, diff=0
    [16] HeartArc: 204.632800 vs 204.632500
    [17] Pos: (3.419690, 13.154590, -126.248400) vs (3.419674, 13.154810, -126.248100)
    [17] Vel: 25.009280 vs 25.009200, diff=8.58307E-05
    [17] Energy: 467.650200 vs 467.650200, diff=0
    [17] HeartArc: 204.892000 vs 204.891600
    [18] Pos: (3.419458, 13.326270, -126.430200) vs (3.419443, 13.326490, -126.429900)
    [18] Vel: 24.937600 vs 24.937520, diff=8.58307E-05
    [18] Energy: 467.647000 vs 467.647000, diff=0
    [18] HeartArc: 205.150400 vs 205.150000
    [19] Pos: (3.419229, 13.498810, -126.610300) vs (3.419214, 13.499030, -126.610000)
    [19] Vel: 24.865390 vs 24.865300, diff=8.58307E-05
    [19] Energy: 467.643900 vs 467.643900, diff=0
    [19] HeartArc: 205.407900 vs 205.407600
=== SAMPLE POINTS ===
    [50] Pos: (3.413182, 19.091950, -131.363000) vs (3.413166, 19.092160, -131.362600)
    [50] Vel: 22.418580 vs 22.418480, diff=9.34601E-05
    [50] Energy: 467.561000 vs 467.561000, diff=0
    [50] HeartArc: 212.961600 vs 212.961200
    [100] Pos: (3.406487, 27.765030, -136.625800) vs (3.406469, 27.765230, -136.625400)
    [100] Vel: 18.058920 vs 18.058820, diff=0.000106812
    [100] Energy: 467.476400 vs 467.476400, diff=0
    [100] HeartArc: 223.243300 vs 223.242800
    [200] Pos: (3.398312, 39.813730, -143.050300) vs (3.398294, 39.813960, -143.049700)
    [200] Vel: 9.158886 vs 9.158649, diff=0.000236511
    [200] Energy: 467.420100 vs 467.420100, diff=0
    [200] HeartArc: 236.909700 vs 236.909100
Skipping CopyPathSection nodeId=4267673592 (needs investigation)
Skipping CopyPathSection nodeId=4257997777 (needs investigation)
Skipping CopyPathSection nodeId=2161712148 (needs investigation)
Verified 3 sections point-by-point
Saving results to: C:/Users/dylan/AppData/LocalLow/IndividualKex/KexEdit\TestResults.xml
]]></output>
          </test-case>
        </test-suite>
      </test-suite>
    </test-suite>
  </test-suite>
</test-run>