<?xml version="1.0" encoding="utf-8"?>
<test-run id="2" testcasecount="5" result="Failed(Child)" total="5" passed="0" failed="5" inconclusive="0" skipped="0" asserts="0" engine-version="3.5.0.0" clr-version="4.0.30319.42000" start-time="2026-01-09 21:22:56Z" end-time="2026-01-09 21:22:57Z" duration="0.8483623">
  <test-suite type="TestSuite" id="1000" name="KexEdit" fullname="KexEdit" runstate="Runnable" testcasecount="3405" result="Failed" site="Child" start-time="2026-01-09 21:22:56Z" end-time="2026-01-09 21:22:57Z" duration="0.848362" total="5" passed="0" failed="5" inconclusive="0" skipped="0" asserts="0">
    <properties>
      <property name="platform" value="EditMode" />
    </properties>
    <failure>
      <message><![CDATA[One or more child tests had errors]]></message>
    </failure>
    <test-suite type="Assembly" id="1619" name="Tests.dll" fullname="C:/Users/dylan/Documents/Games/KexEdit/Library/ScriptAssemblies/Tests.dll" runstate="Runnable" testcasecount="540" result="Failed" site="Child" start-time="2026-01-09 21:22:56Z" end-time="2026-01-09 21:22:57Z" duration="0.814843" total="5" passed="0" failed="5" inconclusive="0" skipped="0" asserts="0">
      <properties>
        <property name="_PID" value="7260" />
        <property name="_APPDOMAIN" value="Unity Child Domain" />
        <property name="platform" value="EditMode" />
        <property name="EditorOnly" value="True" />
      </properties>
      <failure>
        <message><![CDATA[One or more child tests had errors]]></message>
      </failure>
      <test-suite type="TestSuite" id="1629" name="Tests" fullname="Tests" runstate="Runnable" testcasecount="404" result="Failed" site="Child" start-time="2026-01-09 21:22:56Z" end-time="2026-01-09 21:22:57Z" duration="0.808241" total="5" passed="0" failed="5" inconclusive="0" skipped="0" asserts="0">
        <properties />
        <failure>
          <message><![CDATA[One or more child tests had errors]]></message>
        </failure>
        <test-suite type="TestFixture" id="1580" name="YOffsetDriftTests" fullname="Tests.YOffsetDriftTests" classname="Tests.YOffsetDriftTests" runstate="Runnable" testcasecount="5" result="Failed" site="Child" start-time="2026-01-09 21:22:56Z" end-time="2026-01-09 21:22:57Z" duration="0.803590" total="5" passed="0" failed="5" inconclusive="0" skipped="0" asserts="0">
          <properties>
            <property name="Category" value="Stability" />
          </properties>
          <failure>
            <message><![CDATA[One or more child tests had errors]]></message>
          </failure>
          <test-case id="1584" name="Veloci_ForceSection1_LargeYOffset_ShapeIdentical" fullname="Tests.YOffsetDriftTests.Veloci_ForceSection1_LargeYOffset_ShapeIdentical" methodname="Veloci_ForceSection1_LargeYOffset_ShapeIdentical" classname="Tests.YOffsetDriftTests" runstate="Runnable" seed="1819642678" result="Failed" start-time="2026-01-09 21:22:56Z" end-time="2026-01-09 21:22:56Z" duration="0.169127" asserts="0">
            <properties>
              <property name="retryIteration" value="0" />
              <property name="repeatIteration" value="0" />
            </properties>
            <failure>
              <message><![CDATA[  Direction differs at point 3363
  Expected: less than or equal to 9.99999975E-06f
  But was:  0.000173222768f
]]></message>
              <stack-trace><![CDATA[at Tests.YOffsetDriftTests.Veloci_ForceSection1_LargeYOffset_ShapeIdentical () [0x00162] in C:\Users\dylan\Documents\Games\KexEdit\Assets\Tests\YOffsetDriftTests.cs:284
]]></stack-trace>
            </failure>
            <output><![CDATA[Large Y Offset Test (Y offset: 10):
  Points: 3468
  Max direction diff: 1.732E-004 at point 3363
  Max XZ drift: 4.341E-003 at point 3202
]]></output>
          </test-case>
          <test-case id="1581" name="Veloci_ForceSection1_YOffset_DirectionIdentical" fullname="Tests.YOffsetDriftTests.Veloci_ForceSection1_YOffset_DirectionIdentical" methodname="Veloci_ForceSection1_YOffset_DirectionIdentical" classname="Tests.YOffsetDriftTests" runstate="Runnable" seed="605575917" result="Failed" start-time="2026-01-09 21:22:56Z" end-time="2026-01-09 21:22:57Z" duration="0.144052" asserts="0">
            <properties>
              <property name="retryIteration" value="0" />
              <property name="repeatIteration" value="0" />
            </properties>
            <failure>
              <message><![CDATA[  Direction differs at point 3357
  Expected: less than or equal to 9.99999997E-07f
  But was:  3.70329326E-05f
]]></message>
              <stack-trace><![CDATA[at Tests.YOffsetDriftTests.Veloci_ForceSection1_YOffset_DirectionIdentical () [0x00195] in C:\Users\dylan\Documents\Games\KexEdit\Assets\Tests\YOffsetDriftTests.cs:147
]]></stack-trace>
            </failure>
            <output><![CDATA[Direction/Frame Drift Test (Y offset: 0.1):
  Points: 3468
  Max direction diff: 3.703E-005 at point 3357
  Max normal diff: 3.468E-005
  Max lateral diff: 3.309E-005
]]></output>
          </test-case>
          <test-case id="1583" name="Veloci_ForceSection1_YOffset_NoXZDrift" fullname="Tests.YOffsetDriftTests.Veloci_ForceSection1_YOffset_NoXZDrift" methodname="Veloci_ForceSection1_YOffset_NoXZDrift" classname="Tests.YOffsetDriftTests" runstate="Runnable" seed="1613870192" result="Failed" start-time="2026-01-09 21:22:57Z" end-time="2026-01-09 21:22:57Z" duration="0.178824" asserts="0">
            <properties>
              <property name="retryIteration" value="0" />
              <property name="repeatIteration" value="0" />
            </properties>
            <failure>
              <message><![CDATA[  X drift at point 3334
  Expected: less than or equal to 9.99999975E-05f
  But was:  0.00121879578f
]]></message>
              <stack-trace><![CDATA[at Tests.YOffsetDriftTests.Veloci_ForceSection1_YOffset_NoXZDrift () [0x00214] in C:\Users\dylan\Documents\Games\KexEdit\Assets\Tests\YOffsetDriftTests.cs:239
]]></stack-trace>
            </failure>
            <output><![CDATA[XZ Drift Test (Y offset: 0.1):
  Points: 3468
  Max X drift: 1.219E-003 at point 3334
  Max Z drift: 8.011E-004
  Baseline end: (-4.3092, 15.1059, 74.5765)
  Offset end:   (-4.3099, 15.2060, 74.5766)
  End diff: (-6.762E-004, 0.1001, 9.918E-005)
]]></output>
          </test-case>
          <test-case id="1582" name="Veloci_ForceSection1_YOffset_VelocityIdentical" fullname="Tests.YOffsetDriftTests.Veloci_ForceSection1_YOffset_VelocityIdentical" methodname="Veloci_ForceSection1_YOffset_VelocityIdentical" classname="Tests.YOffsetDriftTests" runstate="Runnable" seed="312282822" result="Failed" start-time="2026-01-09 21:22:57Z" end-time="2026-01-09 21:22:57Z" duration="0.125111" asserts="0">
            <properties>
              <property name="retryIteration" value="0" />
              <property name="repeatIteration" value="0" />
            </properties>
            <failure>
              <message><![CDATA[  Velocity differs at point 3243
  Expected: less than or equal to 9.99999975E-06f
  But was:  0.000205993652f
]]></message>
              <stack-trace><![CDATA[at Tests.YOffsetDriftTests.Veloci_ForceSection1_YOffset_VelocityIdentical () [0x00117] in C:\Users\dylan\Documents\Games\KexEdit\Assets\Tests\YOffsetDriftTests.cs:190
]]></stack-trace>
            </failure>
            <output><![CDATA[Velocity Invariance Test (Y offset: 0.1):
  Points: 3468
  Max velocity diff: 2.060E-004 at point 3243
  Baseline final vel: 24.7870
  Offset final vel: 24.7869
]]></output>
          </test-case>
          <test-case id="1585" name="Veloci_ForceSection2_YOffset_ShapeIdentical" fullname="Tests.YOffsetDriftTests.Veloci_ForceSection2_YOffset_ShapeIdentical" methodname="Veloci_ForceSection2_YOffset_ShapeIdentical" classname="Tests.YOffsetDriftTests" runstate="Runnable" seed="2092523253" result="Failed" start-time="2026-01-09 21:22:57Z" end-time="2026-01-09 21:22:57Z" duration="0.173243" asserts="0">
            <properties>
              <property name="retryIteration" value="0" />
              <property name="repeatIteration" value="0" />
            </properties>
            <failure>
              <message><![CDATA[  Direction differs
  Expected: less than or equal to 9.99999997E-07f
  But was:  0.000422673329f
]]></message>
              <stack-trace><![CDATA[at Tests.YOffsetDriftTests.Veloci_ForceSection2_YOffset_ShapeIdentical () [0x00139] in C:\Users\dylan\Documents\Games\KexEdit\Assets\Tests\YOffsetDriftTests.cs:328
]]></stack-trace>
            </failure>
            <output><![CDATA[Force Section 2 Y-Offset Test:
  Points: 3095
  Max direction diff: 4.227E-004
  Max XZ drift: 5.180E-002
Saving results to: C:/Users/dylan/AppData/LocalLow/IndividualKex/KexEdit\TestResults.xml
]]></output>
          </test-case>
        </test-suite>
      </test-suite>
    </test-suite>
  </test-suite>
</test-run>