<?xml version="1.0" encoding="utf-8"?>
<test-run id="2" testcasecount="16" result="Passed" total="16" passed="16" failed="0" inconclusive="0" skipped="0" asserts="0" engine-version="3.5.0.0" clr-version="4.0.30319.42000" start-time="2026-01-11 23:11:06Z" end-time="2026-01-11 23:11:08Z" duration="2.3241269">
  <test-suite type="TestSuite" id="1000" name="KexEdit" fullname="KexEdit" runstate="Runnable" testcasecount="3388" result="Passed" start-time="2026-01-11 23:11:06Z" end-time="2026-01-11 23:11:08Z" duration="2.324127" total="16" passed="16" failed="0" inconclusive="0" skipped="0" asserts="0">
    <properties>
      <property name="platform" value="EditMode" />
    </properties>
    <test-suite type="Assembly" id="1596" name="Tests.dll" fullname="C:/Users/dylan/Documents/Games/KexEdit/Library/ScriptAssemblies/Tests.dll" runstate="Runnable" testcasecount="523" result="Passed" start-time="2026-01-11 23:11:06Z" end-time="2026-01-11 23:11:08Z" duration="2.294650" total="16" passed="16" failed="0" inconclusive="0" skipped="0" asserts="0">
      <properties>
        <property name="_PID" value="8340" />
        <property name="_APPDOMAIN" value="Unity Child Domain" />
        <property name="platform" value="EditMode" />
        <property name="EditorOnly" value="True" />
      </properties>
      <test-suite type="TestSuite" id="1606" name="Tests" fullname="Tests" runstate="Runnable" testcasecount="387" result="Passed" start-time="2026-01-11 23:11:06Z" end-time="2026-01-11 23:11:08Z" duration="2.289772" total="16" passed="16" failed="0" inconclusive="0" skipped="0" asserts="0">
        <properties />
        <test-suite type="TestFixture" id="1341" name="KexdGoldTests" fullname="Tests.KexdGoldTests" classname="Tests.KexdGoldTests" runstate="Runnable" testcasecount="16" result="Passed" start-time="2026-01-11 23:11:06Z" end-time="2026-01-11 23:11:08Z" duration="2.285169" total="16" passed="16" failed="0" inconclusive="0" skipped="0" asserts="0">
          <properties>
            <property name="Category" value="Golden" />
          </properties>
          <test-case id="1344" name="AllTypesKexd_CSharp_MatchesGoldData" fullname="Tests.KexdGoldTests.AllTypesKexd_CSharp_MatchesGoldData" methodname="AllTypesKexd_CSharp_MatchesGoldData" classname="Tests.KexdGoldTests" runstate="Runnable" seed="106185343" result="Passed" start-time="2026-01-11 23:11:06Z" end-time="2026-01-11 23:11:06Z" duration="0.416265" asserts="0">
            <properties>
              <property name="retryIteration" value="0" />
              <property name="repeatIteration" value="0" />
            </properties>
            <output><![CDATA[Checking ForceSection nodeId=1088972794: 320 points (gold expects 320, gold duration=3.2 Time, cumulative offset=0, afterBridge=False)
=== DRIFT ANALYSIS (offset=0) ===
First divergence at index -1
Max drift 0 at index 0
=== FIRST 20 POINTS ===
    [0] Pos: (-0.000008, 2.999985, 0.000000) vs (-0.000008, 2.999985, 0.000000)
    [0] Vel: 4.231463 vs 4.231463, diff=0
    [0] HeartArc: 265.543400 vs 265.543400
    [1] Pos: (-0.000104, 2.999992, 0.041979) vs (-0.000104, 2.999992, 0.041979)
    [1] Vel: 4.229378 vs 4.229378, diff=0
    [1] HeartArc: 265.585400 vs 265.585400
    [2] Pos: (-0.000395, 3.000009, 0.084023) vs (-0.000395, 3.000009, 0.084023)
    [2] Vel: 4.227256 vs 4.227256, diff=0
    [2] HeartArc: 265.627400 vs 265.627400
    [3] Pos: (-0.000878, 3.000037, 0.126045) vs (-0.000878, 3.000037, 0.126045)
    [3] Vel: 4.225102 vs 4.225102, diff=0
    [3] HeartArc: 265.669400 vs 265.669400
    [4] Pos: (-0.001550, 3.000076, 0.168044) vs (-0.001550, 3.000076, 0.168044)
    [4] Vel: 4.222914 vs 4.222914, diff=0
    [4] HeartArc: 265.711400 vs 265.711400
    [5] Pos: (-0.002410, 3.000124, 0.210019) vs (-0.002410, 3.000124, 0.210019)
    [5] Vel: 4.220693 vs 4.220693, diff=0
    [5] HeartArc: 265.753400 vs 265.753400
    [6] Pos: (-0.003456, 3.000184, 0.251971) vs (-0.003456, 3.000184, 0.251971)
    [6] Vel: 4.218436 vs 4.218436, diff=0
    [6] HeartArc: 265.795400 vs 265.795400
    [7] Pos: (-0.004685, 3.000255, 0.293897) vs (-0.004685, 3.000255, 0.293897)
    [7] Vel: 4.216145 vs 4.216145, diff=0
    [7] HeartArc: 265.837300 vs 265.837300
    [8] Pos: (-0.006096, 3.000337, 0.335798) vs (-0.006096, 3.000337, 0.335798)
    [8] Vel: 4.213818 vs 4.213818, diff=0
    [8] HeartArc: 265.879200 vs 265.879200
    [9] Pos: (-0.007687, 3.000431, 0.377672) vs (-0.007687, 3.000431, 0.377672)
    [9] Vel: 4.211453 vs 4.211453, diff=0
    [9] HeartArc: 265.921100 vs 265.921100
    [10] Pos: (-0.009454, 3.000537, 0.419520) vs (-0.009454, 3.000537, 0.419520)
    [10] Vel: 4.209052 vs 4.209052, diff=0
    [10] HeartArc: 265.963000 vs 265.963000
    [11] Pos: (-0.011398, 3.000655, 0.461340) vs (-0.011398, 3.000655, 0.461340)
    [11] Vel: 4.206613 vs 4.206613, diff=0
    [11] HeartArc: 266.004900 vs 266.004900
    [12] Pos: (-0.013514, 3.000785, 0.503131) vs (-0.013514, 3.000785, 0.503131)
    [12] Vel: 4.204136 vs 4.204136, diff=0
    [12] HeartArc: 266.046700 vs 266.046700
    [13] Pos: (-0.015802, 3.000927, 0.544894) vs (-0.015802, 3.000927, 0.544894)
    [13] Vel: 4.201622 vs 4.201622, diff=0
    [13] HeartArc: 266.088600 vs 266.088600
    [14] Pos: (-0.018259, 3.001081, 0.586627) vs (-0.018259, 3.001081, 0.586627)
    [14] Vel: 4.199070 vs 4.199070, diff=0
    [14] HeartArc: 266.130400 vs 266.130400
    [15] Pos: (-0.020883, 3.001248, 0.628330) vs (-0.020883, 3.001248, 0.628330)
    [15] Vel: 4.196479 vs 4.196479, diff=0
    [15] HeartArc: 266.172100 vs 266.172100
    [16] Pos: (-0.023672, 3.001427, 0.670003) vs (-0.023672, 3.001427, 0.670003)
    [16] Vel: 4.193850 vs 4.193850, diff=0
    [16] HeartArc: 266.213900 vs 266.213900
    [17] Pos: (-0.026624, 3.001618, 0.711644) vs (-0.026624, 3.001618, 0.711644)
    [17] Vel: 4.191182 vs 4.191182, diff=0
    [17] HeartArc: 266.255700 vs 266.255700
    [18] Pos: (-0.029737, 3.001822, 0.753254) vs (-0.029737, 3.001822, 0.753254)
    [18] Vel: 4.188476 vs 4.188476, diff=0
    [18] HeartArc: 266.297400 vs 266.297400
    [19] Pos: (-0.033009, 3.002038, 0.794831) vs (-0.033009, 3.002038, 0.794831)
    [19] Vel: 4.185730 vs 4.185730, diff=0
    [19] HeartArc: 266.339100 vs 266.339100
=== SAMPLE POINTS ===
    [50] Pos: (-0.202322, 3.013855, 2.065942) vs (-0.202322, 3.013855, 2.065942)
    [50] Vel: 4.083673 vs 4.083673, diff=0
    [50] HeartArc: 267.621900 vs 267.621900
    [100] Pos: (-0.647367, 3.025206, 4.046700) vs (-0.647367, 3.025206, 4.046700)
    [100] Vel: 3.917041 vs 3.917041, diff=0
    [100] HeartArc: 269.652600 vs 269.652600
    [200] Pos: (-1.416064, 2.696375, 8.055848) vs (-1.416064, 2.696375, 8.055848)
    [200] Vel: 4.348509 vs 4.348509, diff=0
    [200] HeartArc: 273.758200 vs 273.758200
Checking ForceSection nodeId=4128187575: 193 points (gold expects 193, gold duration=29.2 Distance, cumulative offset=320, afterBridge=False)
=== DRIFT ANALYSIS (offset=320) ===
First divergence at index -1
Max drift 0 at index 0
=== FIRST 20 POINTS ===
    [0] Pos: (2.731810, 9.804457, -63.966710) vs (2.731810, 9.804457, -63.966710)
    [0] Vel: 30.221490 vs 30.221490, diff=0
    [0] HeartArc: 359.256300 vs 359.256300
    [1] Pos: (2.740659, 9.772503, -64.265450) vs (2.740659, 9.772503, -64.265450)
    [1] Vel: 30.209840 vs 30.209840, diff=0
    [1] HeartArc: 359.556900 vs 359.556900
    [2] Pos: (2.750125, 9.740674, -64.563940) vs (2.750125, 9.740674, -64.563940)
    [2] Vel: 30.184840 vs 30.184840, diff=0
    [2] HeartArc: 359.857200 vs 359.857200
    [3] Pos: (2.760191, 9.708995, -64.862040) vs (2.760191, 9.708995, -64.862040)
    [3] Vel: 30.143430 vs 30.143430, diff=0
    [3] HeartArc: 360.157100 vs 360.157100
    [4] Pos: (2.770838, 9.677490, -65.159580) vs (2.770838, 9.677490, -65.159580)
    [4] Vel: 30.085860 vs 30.085860, diff=0
    [4] HeartArc: 360.456500 vs 360.456500
    [5] Pos: (2.782043, 9.646184, -65.456400) vs (2.782043, 9.646184, -65.456400)
    [5] Vel: 30.012460 vs 30.012460, diff=0
    [5] HeartArc: 360.755200 vs 360.755200
    [6] Pos: (2.793788, 9.615098, -65.752340) vs (2.793788, 9.615098, -65.752340)
    [6] Vel: 29.923590 vs 29.923590, diff=0
    [6] HeartArc: 361.053000 vs 361.053000
    [7] Pos: (2.806050, 9.584254, -66.047260) vs (2.806050, 9.584254, -66.047260)
    [7] Vel: 29.819640 vs 29.819640, diff=0
    [7] HeartArc: 361.349800 vs 361.349800
    [8] Pos: (2.818807, 9.553675, -66.341010) vs (2.818807, 9.553675, -66.341010)
    [8] Vel: 29.701080 vs 29.701080, diff=0
    [8] HeartArc: 361.645400 vs 361.645400
    [9] Pos: (2.832039, 9.523380, -66.633450) vs (2.832039, 9.523380, -66.633450)
    [9] Vel: 29.568370 vs 29.568370, diff=0
    [9] HeartArc: 361.939700 vs 361.939700
    [10] Pos: (2.845722, 9.493390, -66.924440) vs (2.845722, 9.493390, -66.924440)
    [10] Vel: 29.422010 vs 29.422010, diff=0
    [10] HeartArc: 362.232600 vs 362.232600
    [11] Pos: (2.859834, 9.463721, -67.213840) vs (2.859834, 9.463721, -67.213840)
    [11] Vel: 29.262570 vs 29.262570, diff=0
    [11] HeartArc: 362.523800 vs 362.523800
    [12] Pos: (2.874353, 9.434393, -67.501540) vs (2.874353, 9.434393, -67.501540)
    [12] Vel: 29.090590 vs 29.090590, diff=0
    [12] HeartArc: 362.813400 vs 362.813400
    [13] Pos: (2.889256, 9.405422, -67.787420) vs (2.889256, 9.405422, -67.787420)
    [13] Vel: 28.906690 vs 28.906690, diff=0
    [13] HeartArc: 363.101100 vs 363.101100
    [14] Pos: (2.904520, 9.376822, -68.071370) vs (2.904520, 9.376822, -68.071370)
    [14] Vel: 28.711450 vs 28.711450, diff=0
    [14] HeartArc: 363.386900 vs 363.386900
    [15] Pos: (2.920124, 9.348611, -68.353260) vs (2.920124, 9.348611, -68.353260)
    [15] Vel: 28.505520 vs 28.505520, diff=0
    [15] HeartArc: 363.670600 vs 363.670600
    [16] Pos: (2.936044, 9.320800, -68.633020) vs (2.936044, 9.320800, -68.633020)
    [16] Vel: 28.289510 vs 28.289510, diff=0
    [16] HeartArc: 363.952200 vs 363.952200
    [17] Pos: (2.952260, 9.293403, -68.910530) vs (2.952260, 9.293403, -68.910530)
    [17] Vel: 28.064090 vs 28.064090, diff=0
    [17] HeartArc: 364.231500 vs 364.231500
    [18] Pos: (2.968747, 9.266430, -69.185720) vs (2.968747, 9.266430, -69.185720)
    [18] Vel: 27.829910 vs 27.829910, diff=0
    [18] HeartArc: 364.508500 vs 364.508500
    [19] Pos: (2.985486, 9.239892, -69.458510) vs (2.985486, 9.239892, -69.458510)
    [19] Vel: 27.587620 vs 27.587620, diff=0
    [19] HeartArc: 364.783100 vs 364.783100
=== SAMPLE POINTS ===
    [50] Pos: (3.532322, 8.653537, -76.541960) vs (3.532322, 8.653537, -76.541960)
    [50] Vel: 18.997550 vs 18.997550, diff=0
    [50] HeartArc: 371.912500 vs 371.912500
    [100] Pos: (4.031615, 8.478788, -83.582080) vs (4.031615, 8.478788, -83.582080)
    [100] Vel: 11.321150 vs 11.321150, diff=0
    [100] HeartArc: 378.976100 vs 378.976100
Checking ForceSection nodeId=2081759003: 61 points (gold expects 61, gold duration=18 Distance, cumulative offset=513, afterBridge=False)
=== DRIFT ANALYSIS (offset=513) ===
First divergence at index -1
Max drift 0 at index 0
=== FIRST 20 POINTS ===
    [0] Pos: (2.323513, 10.817000, -45.855290) vs (2.323513, 10.817000, -45.855290)
    [0] Vel: 30.000000 vs 30.000000, diff=0
    [0] HeartArc: 341.104000 vs 341.104000
    [1] Pos: (2.334280, 10.815830, -46.156040) vs (2.334280, 10.815830, -46.156040)
    [1] Vel: 30.002490 vs 30.002490, diff=0
    [1] HeartArc: 341.405000 vs 341.405000
    [2] Pos: (2.344735, 10.814060, -46.456860) vs (2.344735, 10.814060, -46.456860)
    [2] Vel: 30.005060 vs 30.005060, diff=0
    [2] HeartArc: 341.706000 vs 341.706000
    [3] Pos: (2.354884, 10.811690, -46.757760) vs (2.354884, 10.811690, -46.757760)
    [3] Vel: 30.007710 vs 30.007710, diff=0
    [3] HeartArc: 342.007000 vs 342.007000
    [4] Pos: (2.364737, 10.808730, -47.058740) vs (2.364737, 10.808730, -47.058740)
    [4] Vel: 30.010450 vs 30.010450, diff=0
    [4] HeartArc: 342.308200 vs 342.308200
    [5] Pos: (2.374301, 10.805170, -47.359790) vs (2.374301, 10.805170, -47.359790)
    [5] Vel: 30.013260 vs 30.013260, diff=0
    [5] HeartArc: 342.609400 vs 342.609400
    [6] Pos: (2.383584, 10.801040, -47.660920) vs (2.383584, 10.801040, -47.660920)
    [6] Vel: 30.016140 vs 30.016140, diff=0
    [6] HeartArc: 342.910700 vs 342.910700
    [7] Pos: (2.392596, 10.796330, -47.962120) vs (2.392596, 10.796330, -47.962120)
    [7] Vel: 30.019080 vs 30.019080, diff=0
    [7] HeartArc: 343.212100 vs 343.212100
    [8] Pos: (2.401343, 10.791050, -48.263380) vs (2.401343, 10.791050, -48.263380)
    [8] Vel: 30.022100 vs 30.022100, diff=0
    [8] HeartArc: 343.513500 vs 343.513500
    [9] Pos: (2.409836, 10.785200, -48.564710) vs (2.409836, 10.785200, -48.564710)
    [9] Vel: 30.025170 vs 30.025170, diff=0
    [9] HeartArc: 343.815000 vs 343.815000
    [10] Pos: (2.418082, 10.778800, -48.866110) vs (2.418082, 10.778800, -48.866110)
    [10] Vel: 30.028300 vs 30.028300, diff=0
    [10] HeartArc: 344.116600 vs 344.116600
    [11] Pos: (2.426091, 10.771840, -49.167570) vs (2.426091, 10.771840, -49.167570)
    [11] Vel: 30.031480 vs 30.031480, diff=0
    [11] HeartArc: 344.418200 vs 344.418200
    [12] Pos: (2.433871, 10.764330, -49.469080) vs (2.433871, 10.764330, -49.469080)
    [12] Vel: 30.034720 vs 30.034720, diff=0
    [12] HeartArc: 344.719900 vs 344.719900
    [13] Pos: (2.441431, 10.756280, -49.770650) vs (2.441431, 10.756280, -49.770650)
    [13] Vel: 30.038000 vs 30.038000, diff=0
    [13] HeartArc: 345.021700 vs 345.021700
    [14] Pos: (2.448781, 10.747690, -50.072280) vs (2.448781, 10.747690, -50.072280)
    [14] Vel: 30.041320 vs 30.041320, diff=0
    [14] HeartArc: 345.323600 vs 345.323600
    [15] Pos: (2.455931, 10.738560, -50.373960) vs (2.455931, 10.738560, -50.373960)
    [15] Vel: 30.044690 vs 30.044690, diff=0
    [15] HeartArc: 345.625500 vs 345.625500
    [16] Pos: (2.462889, 10.728900, -50.675690) vs (2.462889, 10.728900, -50.675690)
    [16] Vel: 30.048100 vs 30.048100, diff=0
    [16] HeartArc: 345.927500 vs 345.927500
    [17] Pos: (2.469665, 10.718710, -50.977470) vs (2.469665, 10.718710, -50.977470)
    [17] Vel: 30.051550 vs 30.051550, diff=0
    [17] HeartArc: 346.229500 vs 346.229500
    [18] Pos: (2.476268, 10.708000, -51.279290) vs (2.476268, 10.708000, -51.279290)
    [18] Vel: 30.055030 vs 30.055030, diff=0
    [18] HeartArc: 346.531600 vs 346.531600
    [19] Pos: (2.482708, 10.696760, -51.581160) vs (2.482708, 10.696760, -51.581160)
    [19] Vel: 30.058540 vs 30.058540, diff=0
    [19] HeartArc: 346.833700 vs 346.833700
=== SAMPLE POINTS ===
    [50] Pos: (2.656893, 10.100480, -60.948270) vs (2.656893, 10.100480, -60.948270)
    [50] Vel: 30.177780 vs 30.177780, diff=0
    [50] HeartArc: 356.222400 vs 356.222400
Checking ForceSection nodeId=402587418: 270 points (gold expects 270, gold duration=2.7 Time, cumulative offset=574, afterBridge=False)
=== DRIFT ANALYSIS (offset=574) ===
First divergence at index -1
Max drift 0 at index 0
=== FIRST 20 POINTS ===
    [0] Pos: (-0.341344, 1.193414, 13.999130) vs (-0.341344, 1.193414, 13.999130)
    [0] Vel: 6.646654 vs 6.646654, diff=0
    [0] HeartArc: 280.045400 vs 280.045400
    [1] Pos: (-0.364680, 1.211863, 13.944620) vs (-0.364680, 1.211863, 13.944620)
    [1] Vel: 6.647899 vs 6.647899, diff=0
    [1] HeartArc: 280.107500 vs 280.107500
    [2] Pos: (-0.387450, 1.230250, 13.889990) vs (-0.387450, 1.230250, 13.889990)
    [2] Vel: 6.654116 vs 6.654116, diff=0
    [2] HeartArc: 280.169500 vs 280.169500
    [3] Pos: (-0.409737, 1.248652, 13.835030) vs (-0.409737, 1.248652, 13.835030)
    [3] Vel: 6.664459 vs 6.664459, diff=0
    [3] HeartArc: 280.231600 vs 280.231600
    [4] Pos: (-0.431559, 1.267088, 13.779700) vs (-0.431559, 1.267088, 13.779700)
    [4] Vel: 6.678910 vs 6.678910, diff=0
    [4] HeartArc: 280.293900 vs 280.293900
    [5] Pos: (-0.452932, 1.285573, 13.723960) vs (-0.452932, 1.285573, 13.723960)
    [5] Vel: 6.697452 vs 6.697452, diff=0
    [5] HeartArc: 280.356400 vs 280.356400
    [6] Pos: (-0.473867, 1.304119, 13.667770) vs (-0.473867, 1.304119, 13.667770)
    [6] Vel: 6.720064 vs 6.720064, diff=0
    [6] HeartArc: 280.419100 vs 280.419100
    [7] Pos: (-0.494376, 1.322742, 13.611100) vs (-0.494376, 1.322742, 13.611100)
    [7] Vel: 6.746730 vs 6.746730, diff=0
    [7] HeartArc: 280.482200 vs 280.482200
    [8] Pos: (-0.514472, 1.341455, 13.553920) vs (-0.514472, 1.341455, 13.553920)
    [8] Vel: 6.777430 vs 6.777430, diff=0
    [8] HeartArc: 280.545700 vs 280.545700
    [9] Pos: (-0.534164, 1.360270, 13.496180) vs (-0.534164, 1.360270, 13.496180)
    [9] Vel: 6.812140 vs 6.812140, diff=0
    [9] HeartArc: 280.609500 vs 280.609500
    [10] Pos: (-0.553463, 1.379201, 13.437860) vs (-0.553463, 1.379201, 13.437860)
    [10] Vel: 6.850841 vs 6.850841, diff=0
    [10] HeartArc: 280.673800 vs 280.673800
    [11] Pos: (-0.572377, 1.398261, 13.378920) vs (-0.572377, 1.398261, 13.378920)
    [11] Vel: 6.893510 vs 6.893510, diff=0
    [11] HeartArc: 280.738500 vs 280.738500
    [12] Pos: (-0.590915, 1.417462, 13.319320) vs (-0.590915, 1.417462, 13.319320)
    [12] Vel: 6.940123 vs 6.940123, diff=0
    [12] HeartArc: 280.803800 vs 280.803800
    [13] Pos: (-0.609085, 1.436818, 13.259020) vs (-0.609085, 1.436818, 13.259020)
    [13] Vel: 6.990656 vs 6.990656, diff=0
    [13] HeartArc: 280.869700 vs 280.869700
    [14] Pos: (-0.626894, 1.456340, 13.198000) vs (-0.626894, 1.456340, 13.198000)
    [14] Vel: 7.045086 vs 7.045086, diff=0
    [14] HeartArc: 280.936200 vs 280.936200
    [15] Pos: (-0.644348, 1.476039, 13.136220) vs (-0.644348, 1.476039, 13.136220)
    [15] Vel: 7.103385 vs 7.103385, diff=0
    [15] HeartArc: 281.003400 vs 281.003400
    [16] Pos: (-0.661453, 1.495929, 13.073650) vs (-0.661453, 1.495929, 13.073650)
    [16] Vel: 7.165526 vs 7.165526, diff=0
    [16] HeartArc: 281.071200 vs 281.071200
    [17] Pos: (-0.678215, 1.516020, 13.010250) vs (-0.678215, 1.516020, 13.010250)
    [17] Vel: 7.231485 vs 7.231485, diff=0
    [17] HeartArc: 281.139800 vs 281.139800
    [18] Pos: (-0.694638, 1.536323, 12.945980) vs (-0.694638, 1.536323, 12.945980)
    [18] Vel: 7.301229 vs 7.301229, diff=0
    [18] HeartArc: 281.209200 vs 281.209200
    [19] Pos: (-0.710727, 1.556850, 12.880820) vs (-0.710727, 1.556850, 12.880820)
    [19] Vel: 7.374732 vs 7.374732, diff=0
    [19] HeartArc: 281.279400 vs 281.279400
=== SAMPLE POINTS ===
    [50] Pos: (-1.050476, 2.353667, 10.252070) vs (-1.050476, 2.353667, 10.252070)
    [50] Vel: 11.316820 vs 11.316820, diff=0
    [50] HeartArc: 284.050800 vs 284.050800
    [100] Pos: (-0.910945, 4.521090, 2.358910) vs (-0.910945, 4.521090, 2.358910)
    [100] Vel: 21.502080 vs 21.502080, diff=0
    [100] HeartArc: 292.241100 vs 292.241100
    [200] Pos: (1.116986, 9.639971, -25.148680) vs (1.116986, 9.639971, -25.148680)
    [200] Vel: 30.000000 vs 30.000000, diff=0
    [200] HeartArc: 320.316000 vs 320.316000
Checking GeometricSection nodeId=3398324313: 390 points (gold expects 390, gold duration=3.9 Time, cumulative offset=844, afterBridge=False)
=== DRIFT ANALYSIS (offset=844) ===
First divergence at index -1
Max drift 0 at index 0
=== FIRST 20 POINTS ===
    [0] Pos: (0.000000, 3.000000, 0.000000) vs (0.000000, 3.000000, 0.000000)
    [0] Vel: 10.000000 vs 10.000000, diff=0
    [0] HeartArc: 0.000000 vs 0.000000
    [1] Pos: (0.000050, 3.000050, -0.100004) vs (0.000050, 3.000050, -0.100004)
    [1] Vel: 10.000450 vs 10.000450, diff=0
    [1] HeartArc: 0.100004 vs 0.100004
    [2] Pos: (0.000200, 3.000200, -0.200022) vs (0.000200, 3.000200, -0.200022)
    [2] Vel: 10.001780 vs 10.001780, diff=0
    [2] HeartArc: 0.200022 vs 0.200022
    [3] Pos: (0.000450, 3.000451, -0.300061) vs (0.000450, 3.000451, -0.300061)
    [3] Vel: 10.004000 vs 10.004000, diff=0
    [3] HeartArc: 0.300062 vs 0.300062
    [4] Pos: (0.000800, 3.000801, -0.400131) vs (0.000800, 3.000801, -0.400131)
    [4] Vel: 10.007100 vs 10.007100, diff=0
    [4] HeartArc: 0.400133 vs 0.400133
    [5] Pos: (0.001251, 3.001252, -0.500240) vs (0.001251, 3.001252, -0.500240)
    [5] Vel: 10.011090 vs 10.011090, diff=0
    [5] HeartArc: 0.500244 vs 0.500244
    [6] Pos: (0.001802, 3.001803, -0.600396) vs (0.001802, 3.001803, -0.600396)
    [6] Vel: 10.015960 vs 10.015960, diff=0
    [6] HeartArc: 0.600404 vs 0.600404
    [7] Pos: (0.002454, 3.002455, -0.700609) vs (0.002454, 3.002455, -0.700609)
    [7] Vel: 10.021710 vs 10.021710, diff=0
    [7] HeartArc: 0.700621 vs 0.700621
    [8] Pos: (0.003206, 3.003207, -0.800887) vs (0.003206, 3.003207, -0.800887)
    [8] Vel: 10.028330 vs 10.028330, diff=0
    [8] HeartArc: 0.800904 vs 0.800904
    [9] Pos: (0.004060, 3.004061, -0.901238) vs (0.004060, 3.004061, -0.901238)
    [9] Vel: 10.035840 vs 10.035840, diff=0
    [9] HeartArc: 0.901262 vs 0.901262
    [10] Pos: (0.005015, 3.005017, -1.001671) vs (0.005015, 3.005017, -1.001671)
    [10] Vel: 10.044210 vs 10.044210, diff=0
    [10] HeartArc: 1.001704 vs 1.001704
    [11] Pos: (0.006072, 3.006074, -1.102194) vs (0.006072, 3.006074, -1.102194)
    [11] Vel: 10.053460 vs 10.053460, diff=0
    [11] HeartArc: 1.102239 vs 1.102239
    [12] Pos: (0.007231, 3.007233, -1.202817) vs (0.007231, 3.007233, -1.202817)
    [12] Vel: 10.063580 vs 10.063580, diff=0
    [12] HeartArc: 1.202875 vs 1.202875
    [13] Pos: (0.008492, 3.008495, -1.303547) vs (0.008492, 3.008495, -1.303547)
    [13] Vel: 10.074560 vs 10.074560, diff=0
    [13] HeartArc: 1.303620 vs 1.303620
    [14] Pos: (0.009856, 3.009860, -1.404392) vs (0.009856, 3.009860, -1.404392)
    [14] Vel: 10.086420 vs 10.086420, diff=0
    [14] HeartArc: 1.404485 vs 1.404485
    [15] Pos: (0.011324, 3.011329, -1.505362) vs (0.011324, 3.011329, -1.505362)
    [15] Vel: 10.099130 vs 10.099130, diff=0
    [15] HeartArc: 1.505476 vs 1.505476
    [16] Pos: (0.012895, 3.012901, -1.606465) vs (0.012895, 3.012901, -1.606465)
    [16] Vel: 10.112710 vs 10.112710, diff=0
    [16] HeartArc: 1.606603 vs 1.606603
    [17] Pos: (0.014570, 3.014578, -1.707708) vs (0.014570, 3.014578, -1.707708)
    [17] Vel: 10.127140 vs 10.127140, diff=0
    [17] HeartArc: 1.707874 vs 1.707874
    [18] Pos: (0.016350, 3.016361, -1.809101) vs (0.016350, 3.016361, -1.809101)
    [18] Vel: 10.142430 vs 10.142430, diff=0
    [18] HeartArc: 1.809298 vs 1.809298
    [19] Pos: (0.018236, 3.018248, -1.910652) vs (0.018236, 3.018248, -1.910652)
    [19] Vel: 10.158570 vs 10.158570, diff=0
    [19] HeartArc: 1.910884 vs 1.910884
=== SAMPLE POINTS ===
    [50] Pos: (0.133418, 3.134028, -5.180913) vs (0.133418, 3.134028, -5.180913)
    [50] Vel: 11.067990 vs 11.067990, diff=0
    [50] HeartArc: 5.185504 vs 5.185504
    [100] Pos: (0.630589, 3.642294, -11.353180) vs (0.630589, 3.642294, -11.353180)
    [100] Vel: 14.000140 vs 14.000140, diff=0
    [100] HeartArc: 11.400380 vs 11.400380
    [200] Pos: (3.927125, 7.238941, -28.928950) vs (3.927125, 7.238941, -28.928950)
    [200] Vel: 22.722560 vs 22.722560, diff=0
    [200] HeartArc: 29.679670 vs 29.679670
Checking GeometricSection nodeId=1068437882: 324 points (gold expects 324, gold duration=4.9 Time, cumulative offset=1234, afterBridge=False)
=== DRIFT ANALYSIS (offset=1234) ===
First divergence at index -1
Max drift 0 at index 0
=== FIRST 20 POINTS ===
    [0] Pos: (23.002340, 34.137710, -69.554600) vs (23.002340, 34.137710, -69.554600)
    [0] Vel: 30.000000 vs 30.000000, diff=0
    [0] HeartArc: 82.799950 vs 82.799950
    [1] Pos: (23.122710, 34.350460, -69.722530) vs (23.122710, 34.350460, -69.722530)
    [1] Vel: 29.927410 vs 29.927410, diff=0
    [1] HeartArc: 83.096520 vs 83.096520
    [2] Pos: (23.242740, 34.563310, -69.889310) vs (23.242740, 34.563310, -69.889310)
    [2] Vel: 29.854620 vs 29.854620, diff=0
    [2] HeartArc: 83.392360 vs 83.392360
    [3] Pos: (23.362420, 34.776250, -70.054920) vs (23.362420, 34.776250, -70.054920)
    [3] Vel: 29.781620 vs 29.781620, diff=0
    [3] HeartArc: 83.687480 vs 83.687480
    [4] Pos: (23.481740, 34.989270, -70.219370) vs (23.481740, 34.989270, -70.219370)
    [4] Vel: 29.708430 vs 29.708430, diff=0
    [4] HeartArc: 83.981870 vs 83.981870
    [5] Pos: (23.600710, 35.202370, -70.382670) vs (23.600710, 35.202370, -70.382670)
    [5] Vel: 29.635030 vs 29.635030, diff=0
    [5] HeartArc: 84.275520 vs 84.275520
    [6] Pos: (23.719320, 35.415540, -70.544810) vs (23.719320, 35.415540, -70.544810)
    [6] Vel: 29.561420 vs 29.561420, diff=0
    [6] HeartArc: 84.568440 vs 84.568440
    [7] Pos: (23.837570, 35.628780, -70.705800) vs (23.837570, 35.628780, -70.705800)
    [7] Vel: 29.487620 vs 29.487620, diff=0
    [7] HeartArc: 84.860620 vs 84.860620
    [8] Pos: (23.955440, 35.842080, -70.865630) vs (23.955440, 35.842080, -70.865630)
    [8] Vel: 29.413610 vs 29.413610, diff=0
    [8] HeartArc: 85.152050 vs 85.152050
    [9] Pos: (24.072940, 36.055430, -71.024320) vs (24.072940, 36.055430, -71.024320)
    [9] Vel: 29.339410 vs 29.339410, diff=0
    [9] HeartArc: 85.442760 vs 85.442760
    [10] Pos: (24.190070, 36.268830, -71.181850) vs (24.190070, 36.268830, -71.181850)
    [10] Vel: 29.265010 vs 29.265010, diff=0
    [10] HeartArc: 85.732710 vs 85.732710
    [11] Pos: (24.306810, 36.482270, -71.338250) vs (24.306810, 36.482270, -71.338250)
    [11] Vel: 29.190400 vs 29.190400, diff=0
    [11] HeartArc: 86.021930 vs 86.021930
    [12] Pos: (24.423170, 36.695740, -71.493500) vs (24.423170, 36.695740, -71.493500)
    [12] Vel: 29.115600 vs 29.115600, diff=0
    [12] HeartArc: 86.310390 vs 86.310390
    [13] Pos: (24.539140, 36.909230, -71.647610) vs (24.539140, 36.909230, -71.647610)
    [13] Vel: 29.040610 vs 29.040610, diff=0
    [13] HeartArc: 86.598110 vs 86.598110
    [14] Pos: (24.654710, 37.122750, -71.800580) vs (24.654710, 37.122750, -71.800580)
    [14] Vel: 28.965410 vs 28.965410, diff=0
    [14] HeartArc: 86.885070 vs 86.885070
    [15] Pos: (24.769890, 37.336290, -71.952420) vs (24.769890, 37.336290, -71.952420)
    [15] Vel: 28.890020 vs 28.890020, diff=0
    [15] HeartArc: 87.171290 vs 87.171290
    [16] Pos: (24.884670, 37.549830, -72.103130) vs (24.884670, 37.549830, -72.103130)
    [16] Vel: 28.814430 vs 28.814430, diff=0
    [16] HeartArc: 87.456750 vs 87.456750
    [17] Pos: (24.999040, 37.763370, -72.252710) vs (24.999040, 37.763370, -72.252710)
    [17] Vel: 28.738650 vs 28.738650, diff=0
    [17] HeartArc: 87.741460 vs 87.741460
    [18] Pos: (25.113010, 37.976920, -72.401160) vs (25.113010, 37.976920, -72.401160)
    [18] Vel: 28.662670 vs 28.662670, diff=0
    [18] HeartArc: 88.025410 vs 88.025410
    [19] Pos: (25.226560, 38.190440, -72.548480) vs (25.226560, 38.190440, -72.548480)
    [19] Vel: 28.586510 vs 28.586510, diff=0
    [19] HeartArc: 88.308590 vs 88.308590
=== SAMPLE POINTS ===
    [50] Pos: (28.523370, 44.769770, -76.573560) vs (28.523370, 44.769770, -76.573560)
    [50] Vel: 26.133060 vs 26.133060, diff=0
    [50] HeartArc: 96.700040 vs 96.700040
    [100] Pos: (32.779350, 54.877480, -81.051190) vs (32.779350, 54.877480, -81.051190)
    [100] Vel: 21.838560 vs 21.838560, diff=0
    [100] HeartArc: 108.558400 vs 108.558400
    [200] Pos: (36.987040, 70.768250, -84.611730) vs (36.987040, 70.768250, -84.611730)
    [200] Vel: 12.347650 vs 12.347650, diff=0
    [200] HeartArc: 125.441800 vs 125.441800
Checking GeometricSection nodeId=3763452536: 270 points (gold expects 270, gold duration=47.2 Distance, cumulative offset=1558, afterBridge=False)
=== DRIFT ANALYSIS (offset=1558) ===
First divergence at index -1
Max drift 0 at index 0
=== FIRST 20 POINTS ===
    [0] Pos: (3.499950, 12.083040, -101.671500) vs (3.499950, 12.083040, -101.671500)
    [0] Vel: 11.740000 vs 11.740000, diff=0
    [0] HeartArc: 403.534500 vs 403.534500
    [1] Pos: (3.566521, 12.093770, -101.591300) vs (3.566521, 12.093770, -101.591300)
    [1] Vel: 11.724790 vs 11.724790, diff=0
    [1] HeartArc: 403.639300 vs 403.639300
    [2] Pos: (3.632892, 12.103220, -101.511000) vs (3.632892, 12.103220, -101.511000)
    [2] Vel: 11.710780 vs 11.710780, diff=0
    [2] HeartArc: 403.743800 vs 403.743800
    [3] Pos: (3.699060, 12.111380, -101.430600) vs (3.699060, 12.111380, -101.430600)
    [3] Vel: 11.697980 vs 11.697980, diff=0
    [3] HeartArc: 403.848300 vs 403.848300
    [4] Pos: (3.765023, 12.118260, -101.350200) vs (3.765023, 12.118260, -101.350200)
    [4] Vel: 11.686380 vs 11.686380, diff=0
    [4] HeartArc: 403.952500 vs 403.952500
    [5] Pos: (3.830780, 12.123870, -101.269600) vs (3.830780, 12.123870, -101.269600)
    [5] Vel: 11.675980 vs 11.675980, diff=0
    [5] HeartArc: 404.056700 vs 404.056700
    [6] Pos: (3.896327, 12.128210, -101.189000) vs (3.896327, 12.128210, -101.189000)
    [6] Vel: 11.666790 vs 11.666790, diff=0
    [6] HeartArc: 404.160700 vs 404.160700
    [7] Pos: (3.961662, 12.131280, -101.108300) vs (3.961662, 12.131280, -101.108300)
    [7] Vel: 11.658810 vs 11.658810, diff=0
    [7] HeartArc: 404.264600 vs 404.264600
    [8] Pos: (4.026784, 12.133100, -101.027500) vs (4.026784, 12.133100, -101.027500)
    [8] Vel: 11.652030 vs 11.652030, diff=0
    [8] HeartArc: 404.368400 vs 404.368400
    [9] Pos: (4.091691, 12.133650, -100.946600) vs (4.091691, 12.133650, -100.946600)
    [9] Vel: 11.646460 vs 11.646460, diff=0
    [9] HeartArc: 404.472100 vs 404.472100
    [10] Pos: (4.156381, 12.132950, -100.865700) vs (4.156381, 12.132950, -100.865700)
    [10] Vel: 11.642100 vs 11.642100, diff=0
    [10] HeartArc: 404.575700 vs 404.575700
    [11] Pos: (4.220851, 12.131010, -100.784600) vs (4.220851, 12.131010, -100.784600)
    [11] Vel: 11.638930 vs 11.638930, diff=0
    [11] HeartArc: 404.679300 vs 404.679300
    [12] Pos: (4.285100, 12.127810, -100.703600) vs (4.285100, 12.127810, -100.703600)
    [12] Vel: 11.636980 vs 11.636980, diff=0
    [12] HeartArc: 404.782700 vs 404.782700
    [13] Pos: (4.349125, 12.123360, -100.622400) vs (4.349125, 12.123360, -100.622400)
    [13] Vel: 11.636220 vs 11.636220, diff=0
    [13] HeartArc: 404.886200 vs 404.886200
    [14] Pos: (4.412926, 12.117670, -100.541200) vs (4.412926, 12.117670, -100.541200)
    [14] Vel: 11.636670 vs 11.636670, diff=0
    [14] HeartArc: 404.989600 vs 404.989600
    [15] Pos: (4.476501, 12.110730, -100.460000) vs (4.476501, 12.110730, -100.460000)
    [15] Vel: 11.638320 vs 11.638320, diff=0
    [15] HeartArc: 405.093000 vs 405.093000
    [16] Pos: (4.539846, 12.102550, -100.378600) vs (4.539846, 12.102550, -100.378600)
    [16] Vel: 11.641180 vs 11.641180, diff=0
    [16] HeartArc: 405.196400 vs 405.196400
    [17] Pos: (4.602961, 12.093130, -100.297300) vs (4.602961, 12.093130, -100.297300)
    [17] Vel: 11.645230 vs 11.645230, diff=0
    [17] HeartArc: 405.299800 vs 405.299800
    [18] Pos: (4.665843, 12.082460, -100.215900) vs (4.665843, 12.082460, -100.215900)
    [18] Vel: 11.650490 vs 11.650490, diff=0
    [18] HeartArc: 405.403200 vs 405.403200
    [19] Pos: (4.728491, 12.070550, -100.134500) vs (4.728491, 12.070550, -100.134500)
    [19] Vel: 11.656950 vs 11.656950, diff=0
    [19] HeartArc: 405.506700 vs 405.506700
=== SAMPLE POINTS ===
    [50] Pos: (6.539845, 11.068780, -97.615320) vs (6.539845, 11.068780, -97.615320)
    [50] Vel: 12.445060 vs 12.445060, diff=0
    [50] HeartArc: 408.787500 vs 408.787500
    [100] Pos: (8.599792, 6.485742, -94.225270) vs (8.599792, 6.485742, -94.225270)
    [100] Vel: 15.878260 vs 15.878260, diff=0
    [100] HeartArc: 414.977800 vs 414.977800
    [200] Pos: (7.547494, -5.178905, -103.276500) vs (7.547494, -5.178905, -103.276500)
    [200] Vel: 22.319420 vs 22.319420, diff=0
    [200] HeartArc: 432.736500 vs 432.736500
Checking GeometricSection nodeId=4225563327: 166 points (gold expects 166, gold duration=18.5 Distance, cumulative offset=1828, afterBridge=False)
=== DRIFT ANALYSIS (offset=1828) ===
First divergence at index -1
Max drift 0 at index 0
=== FIRST 20 POINTS ===
    [0] Pos: (2.339823, 9.400703, -92.222890) vs (2.339823, 9.400703, -92.222890)
    [0] Vel: 10.000000 vs 10.000000, diff=0
    [0] HeartArc: 387.940000 vs 387.940000
    [1] Pos: (2.293378, 9.415795, -92.308120) vs (2.293378, 9.415795, -92.308120)
    [1] Vel: 9.940254 vs 9.940254, diff=0
    [1] HeartArc: 388.038200 vs 388.038200
    [2] Pos: (2.246642, 9.430793, -92.393290) vs (2.246642, 9.430793, -92.393290)
    [2] Vel: 9.941015 vs 9.941015, diff=0
    [2] HeartArc: 388.136500 vs 388.136500
    [3] Pos: (2.199609, 9.445695, -92.478390) vs (2.199609, 9.445695, -92.478390)
    [3] Vel: 9.942294 vs 9.942294, diff=0
    [3] HeartArc: 388.234900 vs 388.234900
    [4] Pos: (2.152277, 9.460503, -92.563440) vs (2.152277, 9.460503, -92.563440)
    [4] Vel: 9.944082 vs 9.944082, diff=0
    [4] HeartArc: 388.333300 vs 388.333300
    [5] Pos: (2.104642, 9.475217, -92.648450) vs (2.104642, 9.475217, -92.648450)
    [5] Vel: 9.946377 vs 9.946377, diff=0
    [5] HeartArc: 388.431900 vs 388.431900
    [6] Pos: (2.056702, 9.489839, -92.733410) vs (2.056702, 9.489839, -92.733410)
    [6] Vel: 9.949179 vs 9.949179, diff=0
    [6] HeartArc: 388.530500 vs 388.530500
    [7] Pos: (2.008457, 9.504369, -92.818360) vs (2.008457, 9.504369, -92.818360)
    [7] Vel: 9.952480 vs 9.952480, diff=0
    [7] HeartArc: 388.629300 vs 388.629300
    [8] Pos: (1.959906, 9.518809, -92.903280) vs (1.959906, 9.518809, -92.903280)
    [8] Vel: 9.956285 vs 9.956285, diff=0
    [8] HeartArc: 388.728200 vs 388.728200
    [9] Pos: (1.911051, 9.533159, -92.988180) vs (1.911051, 9.533159, -92.988180)
    [9] Vel: 9.960582 vs 9.960582, diff=0
    [9] HeartArc: 388.827200 vs 388.827200
    [10] Pos: (1.861892, 9.547421, -93.073090) vs (1.861892, 9.547421, -93.073090)
    [10] Vel: 9.965377 vs 9.965377, diff=0
    [10] HeartArc: 388.926300 vs 388.926300
    [11] Pos: (1.812433, 9.561596, -93.157990) vs (1.812433, 9.561596, -93.157990)
    [11] Vel: 9.970660 vs 9.970660, diff=0
    [11] HeartArc: 389.025600 vs 389.025600
    [12] Pos: (1.762676, 9.575686, -93.242900) vs (1.762676, 9.575686, -93.242900)
    [12] Vel: 9.976435 vs 9.976435, diff=0
    [12] HeartArc: 389.125000 vs 389.125000
    [13] Pos: (1.712627, 9.589690, -93.327830) vs (1.712627, 9.589690, -93.327830)
    [13] Vel: 9.982692 vs 9.982692, diff=0
    [13] HeartArc: 389.224600 vs 389.224600
    [14] Pos: (1.662290, 9.603611, -93.412790) vs (1.662290, 9.603611, -93.412790)
    [14] Vel: 9.989433 vs 9.989433, diff=0
    [14] HeartArc: 389.324300 vs 389.324300
    [15] Pos: (1.611672, 9.617451, -93.497770) vs (1.611672, 9.617451, -93.497770)
    [15] Vel: 9.996652 vs 9.996652, diff=0
    [15] HeartArc: 389.424200 vs 389.424200
    [16] Pos: (1.560780, 9.631211, -93.582790) vs (1.560780, 9.631211, -93.582790)
    [16] Vel: 10.004350 vs 10.004350, diff=0
    [16] HeartArc: 389.524300 vs 389.524300
    [17] Pos: (1.509622, 9.644892, -93.667870) vs (1.509622, 9.644892, -93.667870)
    [17] Vel: 10.012510 vs 10.012510, diff=0
    [17] HeartArc: 389.624500 vs 389.624500
    [18] Pos: (1.458207, 9.658496, -93.753010) vs (1.458207, 9.658496, -93.753010)
    [18] Vel: 10.021150 vs 10.021150, diff=0
    [18] HeartArc: 389.724900 vs 389.724900
    [19] Pos: (1.406545, 9.672025, -93.838200) vs (1.406545, 9.672025, -93.838200)
    [19] Vel: 10.030250 vs 10.030250, diff=0
    [19] HeartArc: 389.825400 vs 389.825400
=== SAMPLE POINTS ===
    [50] Pos: (-0.214617, 10.066780, -96.557230) vs (-0.214617, 10.066780, -96.557230)
    [50] Vel: 10.514630 vs 10.514630, diff=0
    [50] HeartArc: 393.016100 vs 393.016100
    [100] Pos: (-0.956967, 10.808460, -101.171700) vs (-0.956967, 10.808460, -101.171700)
    [100] Vel: 11.566080 vs 11.566080, diff=0
    [100] HeartArc: 397.899700 vs 397.899700
Skipping Bridge nodeId=525679038: legacy .kex format doesn't store target anchor data
Skipping Bridge nodeId=978933242: legacy .kex format doesn't store target anchor data
Checking CopyPathSection nodeId=1143449546: 338 points (gold expects 338, gold duration=0 , cumulative offset=2525, afterBridge=True)
CopyPathSection 1143449546: endpoints match (actual=338 pts, gold=338 pts)
Checking CopyPathSection nodeId=506024694: 507 points (gold expects 507, gold duration=0 , cumulative offset=2863, afterBridge=True)
CopyPathSection 506024694: endpoints match (actual=507 pts, gold=507 pts)
Checking CopyPathSection nodeId=958648347: 400 points (gold expects 400, gold duration=0 , cumulative offset=3370, afterBridge=True)
CopyPathSection 958648347: endpoints match (actual=400 pts, gold=400 pts)
Checking CopyPathSection nodeId=1527494142: 226 points (gold expects 226, gold duration=0 , cumulative offset=3770, afterBridge=True)
CopyPathSection 1527494142: endpoints match (actual=226 pts, gold=226 pts)
Verified 12 sections (total 3996 cumulative points)
]]></output>
          </test-case>
          <test-case id="1352" name="AllTypesKexd_CSharp_RoundTrip_PreservesData" fullname="Tests.KexdGoldTests.AllTypesKexd_CSharp_RoundTrip_PreservesData" methodname="AllTypesKexd_CSharp_RoundTrip_PreservesData" classname="Tests.KexdGoldTests" runstate="Runnable" seed="2002961986" result="Passed" start-time="2026-01-11 23:11:06Z" end-time="2026-01-11 23:11:06Z" duration="0.010679" asserts="0">
            <properties>
              <property name="retryIteration" value="0" />
              <property name="repeatIteration" value="0" />
            </properties>
          </test-case>
          <test-case id="1348" name="AllTypesKexd_Rust_MatchesGoldData" fullname="Tests.KexdGoldTests.AllTypesKexd_Rust_MatchesGoldData" methodname="AllTypesKexd_Rust_MatchesGoldData" classname="Tests.KexdGoldTests" runstate="Runnable" seed="1416222298" result="Passed" start-time="2026-01-11 23:11:06Z" end-time="2026-01-11 23:11:07Z" duration="0.422918" asserts="0">
            <properties>
              <property name="retryIteration" value="0" />
              <property name="repeatIteration" value="0" />
            </properties>
            <output><![CDATA[Checking ForceSection nodeId=1088972794: 320 points (gold expects 320, gold duration=3.2 Time, cumulative offset=0, afterBridge=False)
=== DRIFT ANALYSIS (offset=0) ===
First divergence at index -1
Max drift 0 at index 0
=== FIRST 20 POINTS ===
    [0] Pos: (-0.000008, 2.999985, 0.000000) vs (-0.000008, 2.999985, 0.000000)
    [0] Vel: 4.231463 vs 4.231463, diff=0
    [0] HeartArc: 265.543400 vs 265.543400
    [1] Pos: (-0.000104, 2.999992, 0.041979) vs (-0.000104, 2.999992, 0.041979)
    [1] Vel: 4.229378 vs 4.229378, diff=0
    [1] HeartArc: 265.585400 vs 265.585400
    [2] Pos: (-0.000395, 3.000009, 0.084023) vs (-0.000395, 3.000009, 0.084023)
    [2] Vel: 4.227256 vs 4.227256, diff=0
    [2] HeartArc: 265.627400 vs 265.627400
    [3] Pos: (-0.000878, 3.000037, 0.126045) vs (-0.000878, 3.000037, 0.126045)
    [3] Vel: 4.225102 vs 4.225102, diff=0
    [3] HeartArc: 265.669400 vs 265.669400
    [4] Pos: (-0.001550, 3.000076, 0.168044) vs (-0.001550, 3.000076, 0.168044)
    [4] Vel: 4.222914 vs 4.222914, diff=0
    [4] HeartArc: 265.711400 vs 265.711400
    [5] Pos: (-0.002410, 3.000124, 0.210019) vs (-0.002410, 3.000124, 0.210019)
    [5] Vel: 4.220693 vs 4.220693, diff=0
    [5] HeartArc: 265.753400 vs 265.753400
    [6] Pos: (-0.003456, 3.000184, 0.251971) vs (-0.003456, 3.000184, 0.251971)
    [6] Vel: 4.218436 vs 4.218436, diff=0
    [6] HeartArc: 265.795400 vs 265.795400
    [7] Pos: (-0.004685, 3.000255, 0.293897) vs (-0.004685, 3.000255, 0.293897)
    [7] Vel: 4.216145 vs 4.216145, diff=0
    [7] HeartArc: 265.837300 vs 265.837300
    [8] Pos: (-0.006096, 3.000337, 0.335798) vs (-0.006096, 3.000337, 0.335798)
    [8] Vel: 4.213818 vs 4.213818, diff=0
    [8] HeartArc: 265.879200 vs 265.879200
    [9] Pos: (-0.007687, 3.000431, 0.377672) vs (-0.007687, 3.000431, 0.377672)
    [9] Vel: 4.211453 vs 4.211453, diff=0
    [9] HeartArc: 265.921100 vs 265.921100
    [10] Pos: (-0.009454, 3.000537, 0.419520) vs (-0.009454, 3.000537, 0.419520)
    [10] Vel: 4.209052 vs 4.209052, diff=0
    [10] HeartArc: 265.963000 vs 265.963000
    [11] Pos: (-0.011398, 3.000655, 0.461340) vs (-0.011398, 3.000655, 0.461340)
    [11] Vel: 4.206613 vs 4.206613, diff=0
    [11] HeartArc: 266.004900 vs 266.004900
    [12] Pos: (-0.013514, 3.000785, 0.503131) vs (-0.013514, 3.000785, 0.503131)
    [12] Vel: 4.204136 vs 4.204136, diff=0
    [12] HeartArc: 266.046700 vs 266.046700
    [13] Pos: (-0.015802, 3.000927, 0.544894) vs (-0.015802, 3.000927, 0.544894)
    [13] Vel: 4.201622 vs 4.201622, diff=0
    [13] HeartArc: 266.088600 vs 266.088600
    [14] Pos: (-0.018259, 3.001081, 0.586627) vs (-0.018259, 3.001081, 0.586627)
    [14] Vel: 4.199070 vs 4.199070, diff=0
    [14] HeartArc: 266.130400 vs 266.130400
    [15] Pos: (-0.020883, 3.001248, 0.628330) vs (-0.020883, 3.001248, 0.628330)
    [15] Vel: 4.196479 vs 4.196479, diff=0
    [15] HeartArc: 266.172100 vs 266.172100
    [16] Pos: (-0.023672, 3.001427, 0.670003) vs (-0.023672, 3.001427, 0.670003)
    [16] Vel: 4.193850 vs 4.193850, diff=0
    [16] HeartArc: 266.213900 vs 266.213900
    [17] Pos: (-0.026624, 3.001618, 0.711644) vs (-0.026624, 3.001618, 0.711644)
    [17] Vel: 4.191182 vs 4.191182, diff=0
    [17] HeartArc: 266.255700 vs 266.255700
    [18] Pos: (-0.029737, 3.001822, 0.753254) vs (-0.029737, 3.001822, 0.753254)
    [18] Vel: 4.188476 vs 4.188476, diff=0
    [18] HeartArc: 266.297400 vs 266.297400
    [19] Pos: (-0.033009, 3.002038, 0.794831) vs (-0.033009, 3.002038, 0.794831)
    [19] Vel: 4.185730 vs 4.185730, diff=0
    [19] HeartArc: 266.339100 vs 266.339100
=== SAMPLE POINTS ===
    [50] Pos: (-0.202322, 3.013855, 2.065942) vs (-0.202322, 3.013855, 2.065942)
    [50] Vel: 4.083673 vs 4.083673, diff=0
    [50] HeartArc: 267.621900 vs 267.621900
    [100] Pos: (-0.647367, 3.025206, 4.046700) vs (-0.647367, 3.025206, 4.046700)
    [100] Vel: 3.917041 vs 3.917041, diff=0
    [100] HeartArc: 269.652600 vs 269.652600
    [200] Pos: (-1.416064, 2.696375, 8.055848) vs (-1.416064, 2.696375, 8.055848)
    [200] Vel: 4.348509 vs 4.348509, diff=0
    [200] HeartArc: 273.758200 vs 273.758200
Checking ForceSection nodeId=4128187575: 193 points (gold expects 193, gold duration=29.2 Distance, cumulative offset=320, afterBridge=False)
=== DRIFT ANALYSIS (offset=320) ===
First divergence at index -1
Max drift 0 at index 0
=== FIRST 20 POINTS ===
    [0] Pos: (2.731810, 9.804457, -63.966710) vs (2.731810, 9.804457, -63.966710)
    [0] Vel: 30.221490 vs 30.221490, diff=0
    [0] HeartArc: 359.256300 vs 359.256300
    [1] Pos: (2.740659, 9.772503, -64.265450) vs (2.740659, 9.772503, -64.265450)
    [1] Vel: 30.209840 vs 30.209840, diff=0
    [1] HeartArc: 359.556900 vs 359.556900
    [2] Pos: (2.750125, 9.740674, -64.563940) vs (2.750125, 9.740674, -64.563940)
    [2] Vel: 30.184840 vs 30.184840, diff=0
    [2] HeartArc: 359.857200 vs 359.857200
    [3] Pos: (2.760191, 9.708995, -64.862040) vs (2.760191, 9.708995, -64.862040)
    [3] Vel: 30.143430 vs 30.143430, diff=0
    [3] HeartArc: 360.157100 vs 360.157100
    [4] Pos: (2.770838, 9.677490, -65.159580) vs (2.770838, 9.677490, -65.159580)
    [4] Vel: 30.085860 vs 30.085860, diff=0
    [4] HeartArc: 360.456500 vs 360.456500
    [5] Pos: (2.782043, 9.646184, -65.456400) vs (2.782043, 9.646184, -65.456400)
    [5] Vel: 30.012460 vs 30.012460, diff=0
    [5] HeartArc: 360.755200 vs 360.755200
    [6] Pos: (2.793788, 9.615098, -65.752340) vs (2.793788, 9.615098, -65.752340)
    [6] Vel: 29.923590 vs 29.923590, diff=0
    [6] HeartArc: 361.053000 vs 361.053000
    [7] Pos: (2.806050, 9.584254, -66.047260) vs (2.806050, 9.584254, -66.047260)
    [7] Vel: 29.819640 vs 29.819640, diff=0
    [7] HeartArc: 361.349800 vs 361.349800
    [8] Pos: (2.818807, 9.553675, -66.341010) vs (2.818807, 9.553675, -66.341010)
    [8] Vel: 29.701080 vs 29.701080, diff=0
    [8] HeartArc: 361.645400 vs 361.645400
    [9] Pos: (2.832039, 9.523380, -66.633450) vs (2.832039, 9.523380, -66.633450)
    [9] Vel: 29.568370 vs 29.568370, diff=0
    [9] HeartArc: 361.939700 vs 361.939700
    [10] Pos: (2.845722, 9.493390, -66.924440) vs (2.845722, 9.493390, -66.924440)
    [10] Vel: 29.422010 vs 29.422010, diff=0
    [10] HeartArc: 362.232600 vs 362.232600
    [11] Pos: (2.859834, 9.463721, -67.213840) vs (2.859834, 9.463721, -67.213840)
    [11] Vel: 29.262570 vs 29.262570, diff=0
    [11] HeartArc: 362.523800 vs 362.523800
    [12] Pos: (2.874353, 9.434393, -67.501540) vs (2.874353, 9.434393, -67.501540)
    [12] Vel: 29.090590 vs 29.090590, diff=0
    [12] HeartArc: 362.813400 vs 362.813400
    [13] Pos: (2.889256, 9.405422, -67.787420) vs (2.889256, 9.405422, -67.787420)
    [13] Vel: 28.906690 vs 28.906690, diff=0
    [13] HeartArc: 363.101100 vs 363.101100
    [14] Pos: (2.904520, 9.376822, -68.071370) vs (2.904520, 9.376822, -68.071370)
    [14] Vel: 28.711450 vs 28.711450, diff=0
    [14] HeartArc: 363.386900 vs 363.386900
    [15] Pos: (2.920124, 9.348611, -68.353260) vs (2.920124, 9.348611, -68.353260)
    [15] Vel: 28.505520 vs 28.505520, diff=0
    [15] HeartArc: 363.670600 vs 363.670600
    [16] Pos: (2.936044, 9.320800, -68.633020) vs (2.936044, 9.320800, -68.633020)
    [16] Vel: 28.289510 vs 28.289510, diff=0
    [16] HeartArc: 363.952200 vs 363.952200
    [17] Pos: (2.952260, 9.293403, -68.910530) vs (2.952260, 9.293403, -68.910530)
    [17] Vel: 28.064090 vs 28.064090, diff=0
    [17] HeartArc: 364.231500 vs 364.231500
    [18] Pos: (2.968747, 9.266430, -69.185720) vs (2.968747, 9.266430, -69.185720)
    [18] Vel: 27.829910 vs 27.829910, diff=0
    [18] HeartArc: 364.508500 vs 364.508500
    [19] Pos: (2.985486, 9.239892, -69.458510) vs (2.985486, 9.239892, -69.458510)
    [19] Vel: 27.587620 vs 27.587620, diff=0
    [19] HeartArc: 364.783100 vs 364.783100
=== SAMPLE POINTS ===
    [50] Pos: (3.532322, 8.653537, -76.541960) vs (3.532322, 8.653537, -76.541960)
    [50] Vel: 18.997550 vs 18.997550, diff=0
    [50] HeartArc: 371.912500 vs 371.912500
    [100] Pos: (4.031615, 8.478788, -83.582080) vs (4.031615, 8.478788, -83.582080)
    [100] Vel: 11.321150 vs 11.321150, diff=0
    [100] HeartArc: 378.976100 vs 378.976100
Checking ForceSection nodeId=2081759003: 61 points (gold expects 61, gold duration=18 Distance, cumulative offset=513, afterBridge=False)
=== DRIFT ANALYSIS (offset=513) ===
First divergence at index -1
Max drift 0 at index 0
=== FIRST 20 POINTS ===
    [0] Pos: (2.323513, 10.817000, -45.855290) vs (2.323513, 10.817000, -45.855290)
    [0] Vel: 30.000000 vs 30.000000, diff=0
    [0] HeartArc: 341.104000 vs 341.104000
    [1] Pos: (2.334280, 10.815830, -46.156040) vs (2.334280, 10.815830, -46.156040)
    [1] Vel: 30.002490 vs 30.002490, diff=0
    [1] HeartArc: 341.405000 vs 341.405000
    [2] Pos: (2.344735, 10.814060, -46.456860) vs (2.344735, 10.814060, -46.456860)
    [2] Vel: 30.005060 vs 30.005060, diff=0
    [2] HeartArc: 341.706000 vs 341.706000
    [3] Pos: (2.354884, 10.811690, -46.757760) vs (2.354884, 10.811690, -46.757760)
    [3] Vel: 30.007710 vs 30.007710, diff=0
    [3] HeartArc: 342.007000 vs 342.007000
    [4] Pos: (2.364737, 10.808730, -47.058740) vs (2.364737, 10.808730, -47.058740)
    [4] Vel: 30.010450 vs 30.010450, diff=0
    [4] HeartArc: 342.308200 vs 342.308200
    [5] Pos: (2.374301, 10.805170, -47.359790) vs (2.374301, 10.805170, -47.359790)
    [5] Vel: 30.013260 vs 30.013260, diff=0
    [5] HeartArc: 342.609400 vs 342.609400
    [6] Pos: (2.383584, 10.801040, -47.660920) vs (2.383584, 10.801040, -47.660920)
    [6] Vel: 30.016140 vs 30.016140, diff=0
    [6] HeartArc: 342.910700 vs 342.910700
    [7] Pos: (2.392596, 10.796330, -47.962120) vs (2.392596, 10.796330, -47.962120)
    [7] Vel: 30.019080 vs 30.019080, diff=0
    [7] HeartArc: 343.212100 vs 343.212100
    [8] Pos: (2.401343, 10.791050, -48.263380) vs (2.401343, 10.791050, -48.263380)
    [8] Vel: 30.022100 vs 30.022100, diff=0
    [8] HeartArc: 343.513500 vs 343.513500
    [9] Pos: (2.409836, 10.785200, -48.564710) vs (2.409836, 10.785200, -48.564710)
    [9] Vel: 30.025170 vs 30.025170, diff=0
    [9] HeartArc: 343.815000 vs 343.815000
    [10] Pos: (2.418082, 10.778800, -48.866110) vs (2.418082, 10.778800, -48.866110)
    [10] Vel: 30.028300 vs 30.028300, diff=0
    [10] HeartArc: 344.116600 vs 344.116600
    [11] Pos: (2.426091, 10.771840, -49.167570) vs (2.426091, 10.771840, -49.167570)
    [11] Vel: 30.031480 vs 30.031480, diff=0
    [11] HeartArc: 344.418200 vs 344.418200
    [12] Pos: (2.433871, 10.764330, -49.469080) vs (2.433871, 10.764330, -49.469080)
    [12] Vel: 30.034720 vs 30.034720, diff=0
    [12] HeartArc: 344.719900 vs 344.719900
    [13] Pos: (2.441431, 10.756280, -49.770650) vs (2.441431, 10.756280, -49.770650)
    [13] Vel: 30.038000 vs 30.038000, diff=0
    [13] HeartArc: 345.021700 vs 345.021700
    [14] Pos: (2.448781, 10.747690, -50.072280) vs (2.448781, 10.747690, -50.072280)
    [14] Vel: 30.041320 vs 30.041320, diff=0
    [14] HeartArc: 345.323600 vs 345.323600
    [15] Pos: (2.455931, 10.738560, -50.373960) vs (2.455931, 10.738560, -50.373960)
    [15] Vel: 30.044690 vs 30.044690, diff=0
    [15] HeartArc: 345.625500 vs 345.625500
    [16] Pos: (2.462889, 10.728900, -50.675690) vs (2.462889, 10.728900, -50.675690)
    [16] Vel: 30.048100 vs 30.048100, diff=0
    [16] HeartArc: 345.927500 vs 345.927500
    [17] Pos: (2.469665, 10.718710, -50.977470) vs (2.469665, 10.718710, -50.977470)
    [17] Vel: 30.051550 vs 30.051550, diff=0
    [17] HeartArc: 346.229500 vs 346.229500
    [18] Pos: (2.476268, 10.708000, -51.279290) vs (2.476268, 10.708000, -51.279290)
    [18] Vel: 30.055030 vs 30.055030, diff=0
    [18] HeartArc: 346.531600 vs 346.531600
    [19] Pos: (2.482708, 10.696760, -51.581160) vs (2.482708, 10.696760, -51.581160)
    [19] Vel: 30.058540 vs 30.058540, diff=0
    [19] HeartArc: 346.833700 vs 346.833700
=== SAMPLE POINTS ===
    [50] Pos: (2.656893, 10.100480, -60.948270) vs (2.656893, 10.100480, -60.948270)
    [50] Vel: 30.177780 vs 30.177780, diff=0
    [50] HeartArc: 356.222400 vs 356.222400
Checking ForceSection nodeId=402587418: 270 points (gold expects 270, gold duration=2.7 Time, cumulative offset=574, afterBridge=False)
=== DRIFT ANALYSIS (offset=574) ===
First divergence at index -1
Max drift 0 at index 0
=== FIRST 20 POINTS ===
    [0] Pos: (-0.341344, 1.193414, 13.999130) vs (-0.341344, 1.193414, 13.999130)
    [0] Vel: 6.646654 vs 6.646654, diff=0
    [0] HeartArc: 280.045400 vs 280.045400
    [1] Pos: (-0.364680, 1.211863, 13.944620) vs (-0.364680, 1.211863, 13.944620)
    [1] Vel: 6.647899 vs 6.647899, diff=0
    [1] HeartArc: 280.107500 vs 280.107500
    [2] Pos: (-0.387450, 1.230250, 13.889990) vs (-0.387450, 1.230250, 13.889990)
    [2] Vel: 6.654116 vs 6.654116, diff=0
    [2] HeartArc: 280.169500 vs 280.169500
    [3] Pos: (-0.409737, 1.248652, 13.835030) vs (-0.409737, 1.248652, 13.835030)
    [3] Vel: 6.664459 vs 6.664459, diff=0
    [3] HeartArc: 280.231600 vs 280.231600
    [4] Pos: (-0.431559, 1.267088, 13.779700) vs (-0.431559, 1.267088, 13.779700)
    [4] Vel: 6.678910 vs 6.678910, diff=0
    [4] HeartArc: 280.293900 vs 280.293900
    [5] Pos: (-0.452932, 1.285573, 13.723960) vs (-0.452932, 1.285573, 13.723960)
    [5] Vel: 6.697452 vs 6.697452, diff=0
    [5] HeartArc: 280.356400 vs 280.356400
    [6] Pos: (-0.473867, 1.304119, 13.667770) vs (-0.473867, 1.304119, 13.667770)
    [6] Vel: 6.720064 vs 6.720064, diff=0
    [6] HeartArc: 280.419100 vs 280.419100
    [7] Pos: (-0.494376, 1.322742, 13.611100) vs (-0.494376, 1.322742, 13.611100)
    [7] Vel: 6.746730 vs 6.746730, diff=0
    [7] HeartArc: 280.482200 vs 280.482200
    [8] Pos: (-0.514472, 1.341455, 13.553920) vs (-0.514472, 1.341455, 13.553920)
    [8] Vel: 6.777430 vs 6.777430, diff=0
    [8] HeartArc: 280.545700 vs 280.545700
    [9] Pos: (-0.534164, 1.360270, 13.496180) vs (-0.534164, 1.360270, 13.496180)
    [9] Vel: 6.812140 vs 6.812140, diff=0
    [9] HeartArc: 280.609500 vs 280.609500
    [10] Pos: (-0.553463, 1.379201, 13.437860) vs (-0.553463, 1.379201, 13.437860)
    [10] Vel: 6.850841 vs 6.850841, diff=0
    [10] HeartArc: 280.673800 vs 280.673800
    [11] Pos: (-0.572377, 1.398261, 13.378920) vs (-0.572377, 1.398261, 13.378920)
    [11] Vel: 6.893510 vs 6.893510, diff=0
    [11] HeartArc: 280.738500 vs 280.738500
    [12] Pos: (-0.590915, 1.417462, 13.319320) vs (-0.590915, 1.417462, 13.319320)
    [12] Vel: 6.940123 vs 6.940123, diff=0
    [12] HeartArc: 280.803800 vs 280.803800
    [13] Pos: (-0.609085, 1.436818, 13.259020) vs (-0.609085, 1.436818, 13.259020)
    [13] Vel: 6.990656 vs 6.990656, diff=0
    [13] HeartArc: 280.869700 vs 280.869700
    [14] Pos: (-0.626894, 1.456340, 13.198000) vs (-0.626894, 1.456340, 13.198000)
    [14] Vel: 7.045086 vs 7.045086, diff=0
    [14] HeartArc: 280.936200 vs 280.936200
    [15] Pos: (-0.644348, 1.476039, 13.136220) vs (-0.644348, 1.476039, 13.136220)
    [15] Vel: 7.103385 vs 7.103385, diff=0
    [15] HeartArc: 281.003400 vs 281.003400
    [16] Pos: (-0.661453, 1.495929, 13.073650) vs (-0.661453, 1.495929, 13.073650)
    [16] Vel: 7.165526 vs 7.165526, diff=0
    [16] HeartArc: 281.071200 vs 281.071200
    [17] Pos: (-0.678215, 1.516020, 13.010250) vs (-0.678215, 1.516020, 13.010250)
    [17] Vel: 7.231485 vs 7.231485, diff=0
    [17] HeartArc: 281.139800 vs 281.139800
    [18] Pos: (-0.694638, 1.536323, 12.945980) vs (-0.694638, 1.536323, 12.945980)
    [18] Vel: 7.301229 vs 7.301229, diff=0
    [18] HeartArc: 281.209200 vs 281.209200
    [19] Pos: (-0.710727, 1.556850, 12.880820) vs (-0.710727, 1.556850, 12.880820)
    [19] Vel: 7.374732 vs 7.374732, diff=0
    [19] HeartArc: 281.279400 vs 281.279400
=== SAMPLE POINTS ===
    [50] Pos: (-1.050476, 2.353667, 10.252070) vs (-1.050476, 2.353667, 10.252070)
    [50] Vel: 11.316820 vs 11.316820, diff=0
    [50] HeartArc: 284.050800 vs 284.050800
    [100] Pos: (-0.910945, 4.521090, 2.358910) vs (-0.910945, 4.521090, 2.358910)
    [100] Vel: 21.502080 vs 21.502080, diff=0
    [100] HeartArc: 292.241100 vs 292.241100
    [200] Pos: (1.116986, 9.639971, -25.148680) vs (1.116986, 9.639971, -25.148680)
    [200] Vel: 30.000000 vs 30.000000, diff=0
    [200] HeartArc: 320.316000 vs 320.316000
Checking GeometricSection nodeId=3398324313: 390 points (gold expects 390, gold duration=3.9 Time, cumulative offset=844, afterBridge=False)
=== DRIFT ANALYSIS (offset=844) ===
First divergence at index -1
Max drift 0 at index 0
=== FIRST 20 POINTS ===
    [0] Pos: (0.000000, 3.000000, 0.000000) vs (0.000000, 3.000000, 0.000000)
    [0] Vel: 10.000000 vs 10.000000, diff=0
    [0] HeartArc: 0.000000 vs 0.000000
    [1] Pos: (0.000050, 3.000050, -0.100004) vs (0.000050, 3.000050, -0.100004)
    [1] Vel: 10.000450 vs 10.000450, diff=0
    [1] HeartArc: 0.100004 vs 0.100004
    [2] Pos: (0.000200, 3.000200, -0.200022) vs (0.000200, 3.000200, -0.200022)
    [2] Vel: 10.001780 vs 10.001780, diff=0
    [2] HeartArc: 0.200022 vs 0.200022
    [3] Pos: (0.000450, 3.000451, -0.300061) vs (0.000450, 3.000451, -0.300061)
    [3] Vel: 10.004000 vs 10.004000, diff=0
    [3] HeartArc: 0.300062 vs 0.300062
    [4] Pos: (0.000800, 3.000801, -0.400131) vs (0.000800, 3.000801, -0.400131)
    [4] Vel: 10.007100 vs 10.007100, diff=0
    [4] HeartArc: 0.400133 vs 0.400133
    [5] Pos: (0.001251, 3.001252, -0.500240) vs (0.001251, 3.001252, -0.500240)
    [5] Vel: 10.011090 vs 10.011090, diff=0
    [5] HeartArc: 0.500244 vs 0.500244
    [6] Pos: (0.001802, 3.001803, -0.600396) vs (0.001802, 3.001803, -0.600396)
    [6] Vel: 10.015960 vs 10.015960, diff=0
    [6] HeartArc: 0.600404 vs 0.600404
    [7] Pos: (0.002454, 3.002455, -0.700609) vs (0.002454, 3.002455, -0.700609)
    [7] Vel: 10.021710 vs 10.021710, diff=0
    [7] HeartArc: 0.700621 vs 0.700621
    [8] Pos: (0.003206, 3.003207, -0.800887) vs (0.003206, 3.003207, -0.800887)
    [8] Vel: 10.028330 vs 10.028330, diff=0
    [8] HeartArc: 0.800904 vs 0.800904
    [9] Pos: (0.004060, 3.004061, -0.901238) vs (0.004060, 3.004061, -0.901238)
    [9] Vel: 10.035840 vs 10.035840, diff=0
    [9] HeartArc: 0.901262 vs 0.901262
    [10] Pos: (0.005015, 3.005017, -1.001671) vs (0.005015, 3.005017, -1.001671)
    [10] Vel: 10.044210 vs 10.044210, diff=0
    [10] HeartArc: 1.001704 vs 1.001704
    [11] Pos: (0.006072, 3.006074, -1.102194) vs (0.006072, 3.006074, -1.102194)
    [11] Vel: 10.053460 vs 10.053460, diff=0
    [11] HeartArc: 1.102239 vs 1.102239
    [12] Pos: (0.007231, 3.007233, -1.202817) vs (0.007231, 3.007233, -1.202817)
    [12] Vel: 10.063580 vs 10.063580, diff=0
    [12] HeartArc: 1.202875 vs 1.202875
    [13] Pos: (0.008492, 3.008495, -1.303547) vs (0.008492, 3.008495, -1.303547)
    [13] Vel: 10.074560 vs 10.074560, diff=0
    [13] HeartArc: 1.303620 vs 1.303620
    [14] Pos: (0.009856, 3.009860, -1.404392) vs (0.009856, 3.009860, -1.404392)
    [14] Vel: 10.086420 vs 10.086420, diff=0
    [14] HeartArc: 1.404485 vs 1.404485
    [15] Pos: (0.011324, 3.011329, -1.505362) vs (0.011324, 3.011329, -1.505362)
    [15] Vel: 10.099130 vs 10.099130, diff=0
    [15] HeartArc: 1.505476 vs 1.505476
    [16] Pos: (0.012895, 3.012901, -1.606465) vs (0.012895, 3.012901, -1.606465)
    [16] Vel: 10.112710 vs 10.112710, diff=0
    [16] HeartArc: 1.606603 vs 1.606603
    [17] Pos: (0.014570, 3.014578, -1.707708) vs (0.014570, 3.014578, -1.707708)
    [17] Vel: 10.127140 vs 10.127140, diff=0
    [17] HeartArc: 1.707874 vs 1.707874
    [18] Pos: (0.016350, 3.016361, -1.809101) vs (0.016350, 3.016361, -1.809101)
    [18] Vel: 10.142430 vs 10.142430, diff=0
    [18] HeartArc: 1.809298 vs 1.809298
    [19] Pos: (0.018236, 3.018248, -1.910652) vs (0.018236, 3.018248, -1.910652)
    [19] Vel: 10.158570 vs 10.158570, diff=0
    [19] HeartArc: 1.910884 vs 1.910884
=== SAMPLE POINTS ===
    [50] Pos: (0.133418, 3.134028, -5.180913) vs (0.133418, 3.134028, -5.180913)
    [50] Vel: 11.067990 vs 11.067990, diff=0
    [50] HeartArc: 5.185504 vs 5.185504
    [100] Pos: (0.630589, 3.642294, -11.353180) vs (0.630589, 3.642294, -11.353180)
    [100] Vel: 14.000140 vs 14.000140, diff=0
    [100] HeartArc: 11.400380 vs 11.400380
    [200] Pos: (3.927125, 7.238941, -28.928950) vs (3.927125, 7.238941, -28.928950)
    [200] Vel: 22.722560 vs 22.722560, diff=0
    [200] HeartArc: 29.679670 vs 29.679670
Checking GeometricSection nodeId=1068437882: 324 points (gold expects 324, gold duration=4.9 Time, cumulative offset=1234, afterBridge=False)
=== DRIFT ANALYSIS (offset=1234) ===
First divergence at index -1
Max drift 0 at index 0
=== FIRST 20 POINTS ===
    [0] Pos: (23.002340, 34.137710, -69.554600) vs (23.002340, 34.137710, -69.554600)
    [0] Vel: 30.000000 vs 30.000000, diff=0
    [0] HeartArc: 82.799950 vs 82.799950
    [1] Pos: (23.122710, 34.350460, -69.722530) vs (23.122710, 34.350460, -69.722530)
    [1] Vel: 29.927410 vs 29.927410, diff=0
    [1] HeartArc: 83.096520 vs 83.096520
    [2] Pos: (23.242740, 34.563310, -69.889310) vs (23.242740, 34.563310, -69.889310)
    [2] Vel: 29.854620 vs 29.854620, diff=0
    [2] HeartArc: 83.392360 vs 83.392360
    [3] Pos: (23.362420, 34.776250, -70.054920) vs (23.362420, 34.776250, -70.054920)
    [3] Vel: 29.781620 vs 29.781620, diff=0
    [3] HeartArc: 83.687480 vs 83.687480
    [4] Pos: (23.481740, 34.989270, -70.219370) vs (23.481740, 34.989270, -70.219370)
    [4] Vel: 29.708430 vs 29.708430, diff=0
    [4] HeartArc: 83.981870 vs 83.981870
    [5] Pos: (23.600710, 35.202370, -70.382670) vs (23.600710, 35.202370, -70.382670)
    [5] Vel: 29.635030 vs 29.635030, diff=0
    [5] HeartArc: 84.275520 vs 84.275520
    [6] Pos: (23.719320, 35.415540, -70.544810) vs (23.719320, 35.415540, -70.544810)
    [6] Vel: 29.561420 vs 29.561420, diff=0
    [6] HeartArc: 84.568440 vs 84.568440
    [7] Pos: (23.837570, 35.628780, -70.705800) vs (23.837570, 35.628780, -70.705800)
    [7] Vel: 29.487620 vs 29.487620, diff=0
    [7] HeartArc: 84.860620 vs 84.860620
    [8] Pos: (23.955440, 35.842080, -70.865630) vs (23.955440, 35.842080, -70.865630)
    [8] Vel: 29.413610 vs 29.413610, diff=0
    [8] HeartArc: 85.152050 vs 85.152050
    [9] Pos: (24.072940, 36.055430, -71.024320) vs (24.072940, 36.055430, -71.024320)
    [9] Vel: 29.339410 vs 29.339410, diff=0
    [9] HeartArc: 85.442760 vs 85.442760
    [10] Pos: (24.190070, 36.268830, -71.181850) vs (24.190070, 36.268830, -71.181850)
    [10] Vel: 29.265010 vs 29.265010, diff=0
    [10] HeartArc: 85.732710 vs 85.732710
    [11] Pos: (24.306810, 36.482270, -71.338250) vs (24.306810, 36.482270, -71.338250)
    [11] Vel: 29.190400 vs 29.190400, diff=0
    [11] HeartArc: 86.021930 vs 86.021930
    [12] Pos: (24.423170, 36.695740, -71.493500) vs (24.423170, 36.695740, -71.493500)
    [12] Vel: 29.115600 vs 29.115600, diff=0
    [12] HeartArc: 86.310390 vs 86.310390
    [13] Pos: (24.539140, 36.909230, -71.647610) vs (24.539140, 36.909230, -71.647610)
    [13] Vel: 29.040610 vs 29.040610, diff=0
    [13] HeartArc: 86.598110 vs 86.598110
    [14] Pos: (24.654710, 37.122750, -71.800580) vs (24.654710, 37.122750, -71.800580)
    [14] Vel: 28.965410 vs 28.965410, diff=0
    [14] HeartArc: 86.885070 vs 86.885070
    [15] Pos: (24.769890, 37.336290, -71.952420) vs (24.769890, 37.336290, -71.952420)
    [15] Vel: 28.890020 vs 28.890020, diff=0
    [15] HeartArc: 87.171290 vs 87.171290
    [16] Pos: (24.884670, 37.549830, -72.103130) vs (24.884670, 37.549830, -72.103130)
    [16] Vel: 28.814430 vs 28.814430, diff=0
    [16] HeartArc: 87.456750 vs 87.456750
    [17] Pos: (24.999040, 37.763370, -72.252710) vs (24.999040, 37.763370, -72.252710)
    [17] Vel: 28.738650 vs 28.738650, diff=0
    [17] HeartArc: 87.741460 vs 87.741460
    [18] Pos: (25.113010, 37.976920, -72.401160) vs (25.113010, 37.976920, -72.401160)
    [18] Vel: 28.662670 vs 28.662670, diff=0
    [18] HeartArc: 88.025410 vs 88.025410
    [19] Pos: (25.226560, 38.190440, -72.548480) vs (25.226560, 38.190440, -72.548480)
    [19] Vel: 28.586510 vs 28.586510, diff=0
    [19] HeartArc: 88.308590 vs 88.308590
=== SAMPLE POINTS ===
    [50] Pos: (28.523370, 44.769770, -76.573560) vs (28.523370, 44.769770, -76.573560)
    [50] Vel: 26.133060 vs 26.133060, diff=0
    [50] HeartArc: 96.700040 vs 96.700040
    [100] Pos: (32.779350, 54.877480, -81.051190) vs (32.779350, 54.877480, -81.051190)
    [100] Vel: 21.838560 vs 21.838560, diff=0
    [100] HeartArc: 108.558400 vs 108.558400
    [200] Pos: (36.987040, 70.768250, -84.611730) vs (36.987040, 70.768250, -84.611730)
    [200] Vel: 12.347650 vs 12.347650, diff=0
    [200] HeartArc: 125.441800 vs 125.441800
Checking GeometricSection nodeId=3763452536: 270 points (gold expects 270, gold duration=47.2 Distance, cumulative offset=1558, afterBridge=False)
=== DRIFT ANALYSIS (offset=1558) ===
First divergence at index -1
Max drift 0 at index 0
=== FIRST 20 POINTS ===
    [0] Pos: (3.499950, 12.083040, -101.671500) vs (3.499950, 12.083040, -101.671500)
    [0] Vel: 11.740000 vs 11.740000, diff=0
    [0] HeartArc: 403.534500 vs 403.534500
    [1] Pos: (3.566521, 12.093770, -101.591300) vs (3.566521, 12.093770, -101.591300)
    [1] Vel: 11.724790 vs 11.724790, diff=0
    [1] HeartArc: 403.639300 vs 403.639300
    [2] Pos: (3.632892, 12.103220, -101.511000) vs (3.632892, 12.103220, -101.511000)
    [2] Vel: 11.710780 vs 11.710780, diff=0
    [2] HeartArc: 403.743800 vs 403.743800
    [3] Pos: (3.699060, 12.111380, -101.430600) vs (3.699060, 12.111380, -101.430600)
    [3] Vel: 11.697980 vs 11.697980, diff=0
    [3] HeartArc: 403.848300 vs 403.848300
    [4] Pos: (3.765023, 12.118260, -101.350200) vs (3.765023, 12.118260, -101.350200)
    [4] Vel: 11.686380 vs 11.686380, diff=0
    [4] HeartArc: 403.952500 vs 403.952500
    [5] Pos: (3.830780, 12.123870, -101.269600) vs (3.830780, 12.123870, -101.269600)
    [5] Vel: 11.675980 vs 11.675980, diff=0
    [5] HeartArc: 404.056700 vs 404.056700
    [6] Pos: (3.896327, 12.128210, -101.189000) vs (3.896327, 12.128210, -101.189000)
    [6] Vel: 11.666790 vs 11.666790, diff=0
    [6] HeartArc: 404.160700 vs 404.160700
    [7] Pos: (3.961662, 12.131280, -101.108300) vs (3.961662, 12.131280, -101.108300)
    [7] Vel: 11.658810 vs 11.658810, diff=0
    [7] HeartArc: 404.264600 vs 404.264600
    [8] Pos: (4.026784, 12.133100, -101.027500) vs (4.026784, 12.133100, -101.027500)
    [8] Vel: 11.652030 vs 11.652030, diff=0
    [8] HeartArc: 404.368400 vs 404.368400
    [9] Pos: (4.091691, 12.133650, -100.946600) vs (4.091691, 12.133650, -100.946600)
    [9] Vel: 11.646460 vs 11.646460, diff=0
    [9] HeartArc: 404.472100 vs 404.472100
    [10] Pos: (4.156381, 12.132950, -100.865700) vs (4.156381, 12.132950, -100.865700)
    [10] Vel: 11.642100 vs 11.642100, diff=0
    [10] HeartArc: 404.575700 vs 404.575700
    [11] Pos: (4.220851, 12.131010, -100.784600) vs (4.220851, 12.131010, -100.784600)
    [11] Vel: 11.638930 vs 11.638930, diff=0
    [11] HeartArc: 404.679300 vs 404.679300
    [12] Pos: (4.285100, 12.127810, -100.703600) vs (4.285100, 12.127810, -100.703600)
    [12] Vel: 11.636980 vs 11.636980, diff=0
    [12] HeartArc: 404.782700 vs 404.782700
    [13] Pos: (4.349125, 12.123360, -100.622400) vs (4.349125, 12.123360, -100.622400)
    [13] Vel: 11.636220 vs 11.636220, diff=0
    [13] HeartArc: 404.886200 vs 404.886200
    [14] Pos: (4.412926, 12.117670, -100.541200) vs (4.412926, 12.117670, -100.541200)
    [14] Vel: 11.636670 vs 11.636670, diff=0
    [14] HeartArc: 404.989600 vs 404.989600
    [15] Pos: (4.476501, 12.110730, -100.460000) vs (4.476501, 12.110730, -100.460000)
    [15] Vel: 11.638320 vs 11.638320, diff=0
    [15] HeartArc: 405.093000 vs 405.093000
    [16] Pos: (4.539846, 12.102550, -100.378600) vs (4.539846, 12.102550, -100.378600)
    [16] Vel: 11.641180 vs 11.641180, diff=0
    [16] HeartArc: 405.196400 vs 405.196400
    [17] Pos: (4.602961, 12.093130, -100.297300) vs (4.602961, 12.093130, -100.297300)
    [17] Vel: 11.645230 vs 11.645230, diff=0
    [17] HeartArc: 405.299800 vs 405.299800
    [18] Pos: (4.665843, 12.082460, -100.215900) vs (4.665843, 12.082460, -100.215900)
    [18] Vel: 11.650490 vs 11.650490, diff=0
    [18] HeartArc: 405.403200 vs 405.403200
    [19] Pos: (4.728491, 12.070550, -100.134500) vs (4.728491, 12.070550, -100.134500)
    [19] Vel: 11.656950 vs 11.656950, diff=0
    [19] HeartArc: 405.506700 vs 405.506700
=== SAMPLE POINTS ===
    [50] Pos: (6.539845, 11.068780, -97.615320) vs (6.539845, 11.068780, -97.615320)
    [50] Vel: 12.445060 vs 12.445060, diff=0
    [50] HeartArc: 408.787500 vs 408.787500
    [100] Pos: (8.599792, 6.485742, -94.225270) vs (8.599792, 6.485742, -94.225270)
    [100] Vel: 15.878260 vs 15.878260, diff=0
    [100] HeartArc: 414.977800 vs 414.977800
    [200] Pos: (7.547494, -5.178905, -103.276500) vs (7.547494, -5.178905, -103.276500)
    [200] Vel: 22.319420 vs 22.319420, diff=0
    [200] HeartArc: 432.736500 vs 432.736500
Checking GeometricSection nodeId=4225563327: 166 points (gold expects 166, gold duration=18.5 Distance, cumulative offset=1828, afterBridge=False)
=== DRIFT ANALYSIS (offset=1828) ===
First divergence at index -1
Max drift 0 at index 0
=== FIRST 20 POINTS ===
    [0] Pos: (2.339823, 9.400703, -92.222890) vs (2.339823, 9.400703, -92.222890)
    [0] Vel: 10.000000 vs 10.000000, diff=0
    [0] HeartArc: 387.940000 vs 387.940000
    [1] Pos: (2.293378, 9.415795, -92.308120) vs (2.293378, 9.415795, -92.308120)
    [1] Vel: 9.940254 vs 9.940254, diff=0
    [1] HeartArc: 388.038200 vs 388.038200
    [2] Pos: (2.246642, 9.430793, -92.393290) vs (2.246642, 9.430793, -92.393290)
    [2] Vel: 9.941015 vs 9.941015, diff=0
    [2] HeartArc: 388.136500 vs 388.136500
    [3] Pos: (2.199609, 9.445695, -92.478390) vs (2.199609, 9.445695, -92.478390)
    [3] Vel: 9.942294 vs 9.942294, diff=0
    [3] HeartArc: 388.234900 vs 388.234900
    [4] Pos: (2.152277, 9.460503, -92.563440) vs (2.152277, 9.460503, -92.563440)
    [4] Vel: 9.944082 vs 9.944082, diff=0
    [4] HeartArc: 388.333300 vs 388.333300
    [5] Pos: (2.104642, 9.475217, -92.648450) vs (2.104642, 9.475217, -92.648450)
    [5] Vel: 9.946377 vs 9.946377, diff=0
    [5] HeartArc: 388.431900 vs 388.431900
    [6] Pos: (2.056702, 9.489839, -92.733410) vs (2.056702, 9.489839, -92.733410)
    [6] Vel: 9.949179 vs 9.949179, diff=0
    [6] HeartArc: 388.530500 vs 388.530500
    [7] Pos: (2.008457, 9.504369, -92.818360) vs (2.008457, 9.504369, -92.818360)
    [7] Vel: 9.952480 vs 9.952480, diff=0
    [7] HeartArc: 388.629300 vs 388.629300
    [8] Pos: (1.959906, 9.518809, -92.903280) vs (1.959906, 9.518809, -92.903280)
    [8] Vel: 9.956285 vs 9.956285, diff=0
    [8] HeartArc: 388.728200 vs 388.728200
    [9] Pos: (1.911051, 9.533159, -92.988180) vs (1.911051, 9.533159, -92.988180)
    [9] Vel: 9.960582 vs 9.960582, diff=0
    [9] HeartArc: 388.827200 vs 388.827200
    [10] Pos: (1.861892, 9.547421, -93.073090) vs (1.861892, 9.547421, -93.073090)
    [10] Vel: 9.965377 vs 9.965377, diff=0
    [10] HeartArc: 388.926300 vs 388.926300
    [11] Pos: (1.812433, 9.561596, -93.157990) vs (1.812433, 9.561596, -93.157990)
    [11] Vel: 9.970660 vs 9.970660, diff=0
    [11] HeartArc: 389.025600 vs 389.025600
    [12] Pos: (1.762676, 9.575686, -93.242900) vs (1.762676, 9.575686, -93.242900)
    [12] Vel: 9.976435 vs 9.976435, diff=0
    [12] HeartArc: 389.125000 vs 389.125000
    [13] Pos: (1.712627, 9.589690, -93.327830) vs (1.712627, 9.589690, -93.327830)
    [13] Vel: 9.982692 vs 9.982692, diff=0
    [13] HeartArc: 389.224600 vs 389.224600
    [14] Pos: (1.662290, 9.603611, -93.412790) vs (1.662290, 9.603611, -93.412790)
    [14] Vel: 9.989433 vs 9.989433, diff=0
    [14] HeartArc: 389.324300 vs 389.324300
    [15] Pos: (1.611672, 9.617451, -93.497770) vs (1.611672, 9.617451, -93.497770)
    [15] Vel: 9.996652 vs 9.996652, diff=0
    [15] HeartArc: 389.424200 vs 389.424200
    [16] Pos: (1.560780, 9.631211, -93.582790) vs (1.560780, 9.631211, -93.582790)
    [16] Vel: 10.004350 vs 10.004350, diff=0
    [16] HeartArc: 389.524300 vs 389.524300
    [17] Pos: (1.509622, 9.644892, -93.667870) vs (1.509622, 9.644892, -93.667870)
    [17] Vel: 10.012510 vs 10.012510, diff=0
    [17] HeartArc: 389.624500 vs 389.624500
    [18] Pos: (1.458207, 9.658496, -93.753010) vs (1.458207, 9.658496, -93.753010)
    [18] Vel: 10.021150 vs 10.021150, diff=0
    [18] HeartArc: 389.724900 vs 389.724900
    [19] Pos: (1.406545, 9.672025, -93.838200) vs (1.406545, 9.672025, -93.838200)
    [19] Vel: 10.030250 vs 10.030250, diff=0
    [19] HeartArc: 389.825400 vs 389.825400
=== SAMPLE POINTS ===
    [50] Pos: (-0.214617, 10.066780, -96.557230) vs (-0.214617, 10.066780, -96.557230)
    [50] Vel: 10.514630 vs 10.514630, diff=0
    [50] HeartArc: 393.016100 vs 393.016100
    [100] Pos: (-0.956967, 10.808460, -101.171700) vs (-0.956967, 10.808460, -101.171700)
    [100] Vel: 11.566080 vs 11.566080, diff=0
    [100] HeartArc: 397.899700 vs 397.899700
Skipping Bridge nodeId=525679038: legacy .kex format doesn't store target anchor data
Skipping Bridge nodeId=978933242: legacy .kex format doesn't store target anchor data
Checking CopyPathSection nodeId=1143449546: 338 points (gold expects 338, gold duration=0 , cumulative offset=2525, afterBridge=True)
CopyPathSection 1143449546: endpoints match (actual=338 pts, gold=338 pts)
Checking CopyPathSection nodeId=506024694: 507 points (gold expects 507, gold duration=0 , cumulative offset=2863, afterBridge=True)
CopyPathSection 506024694: endpoints match (actual=507 pts, gold=507 pts)
Checking CopyPathSection nodeId=958648347: 400 points (gold expects 400, gold duration=0 , cumulative offset=3370, afterBridge=True)
CopyPathSection 958648347: endpoints match (actual=400 pts, gold=400 pts)
Checking CopyPathSection nodeId=1527494142: 226 points (gold expects 226, gold duration=0 , cumulative offset=3770, afterBridge=True)
CopyPathSection 1527494142: endpoints match (actual=226 pts, gold=226 pts)
Verified 12 sections (total 3996 cumulative points)
]]></output>
          </test-case>
          <test-case id="1356" name="AllTypesKexd_Rust_RoundTrip_PreservesData" fullname="Tests.KexdGoldTests.AllTypesKexd_Rust_RoundTrip_PreservesData" methodname="AllTypesKexd_Rust_RoundTrip_PreservesData" classname="Tests.KexdGoldTests" runstate="Runnable" seed="1308073117" result="Passed" start-time="2026-01-11 23:11:07Z" end-time="2026-01-11 23:11:07Z" duration="0.004736" asserts="0">
            <properties>
              <property name="retryIteration" value="0" />
              <property name="repeatIteration" value="0" />
            </properties>
          </test-case>
          <test-case id="1342" name="CircuitKexd_CSharp_MatchesGoldData" fullname="Tests.KexdGoldTests.CircuitKexd_CSharp_MatchesGoldData" methodname="CircuitKexd_CSharp_MatchesGoldData" classname="Tests.KexdGoldTests" runstate="Runnable" seed="1895866872" result="Passed" start-time="2026-01-11 23:11:07Z" end-time="2026-01-11 23:11:07Z" duration="0.483926" asserts="0">
            <properties>
              <property name="retryIteration" value="0" />
              <property name="repeatIteration" value="0" />
            </properties>
            <output><![CDATA[Checking ForceSection nodeId=3: 2130 points (gold expects 2130, gold duration=21.3 Time, cumulative offset=0, afterBridge=False)
=== DRIFT ANALYSIS (offset=0) ===
First divergence at index -1
Max drift 0 at index 0
=== FIRST 20 POINTS ===
    [0] Pos: (-19.799480, 20.566510, 33.304780) vs (-19.799480, 20.566510, 33.304780)
    [0] Vel: 3.597003 vs 3.597003, diff=0
    [0] HeartArc: 86.916690 vs 86.916690
    [1] Pos: (-19.799300, 20.564250, 33.344640) vs (-19.799300, 20.564250, 33.344640)
    [1] Vel: 3.600545 vs 3.600545, diff=0
    [1] HeartArc: 86.956600 vs 86.956600
    [2] Pos: (-19.799130, 20.561850, 33.384520) vs (-19.799130, 20.561850, 33.384520)
    [2] Vel: 3.604439 vs 3.604439, diff=0
    [2] HeartArc: 86.996560 vs 86.996560
    [3] Pos: (-19.798960, 20.559310, 33.424440) vs (-19.798960, 20.559310, 33.424440)
    [3] Vel: 3.608690 vs 3.608690, diff=0
    [3] HeartArc: 87.036570 vs 87.036570
    [4] Pos: (-19.798780, 20.556610, 33.464410) vs (-19.798780, 20.556610, 33.464410)
    [4] Vel: 3.613296 vs 3.613296, diff=0
    [4] HeartArc: 87.076620 vs 87.076620
    [5] Pos: (-19.798610, 20.553770, 33.504420) vs (-19.798610, 20.553770, 33.504420)
    [5] Vel: 3.618255 vs 3.618255, diff=0
    [5] HeartArc: 87.116740 vs 87.116740
    [6] Pos: (-19.798430, 20.550770, 33.544500) vs (-19.798430, 20.550770, 33.544500)
    [6] Vel: 3.623582 vs 3.623582, diff=0
    [6] HeartArc: 87.156930 vs 87.156930
    [7] Pos: (-19.798250, 20.547620, 33.584640) vs (-19.798250, 20.547620, 33.584640)
    [7] Vel: 3.629263 vs 3.629263, diff=0
    [7] HeartArc: 87.197190 vs 87.197190
    [8] Pos: (-19.798080, 20.544320, 33.624850) vs (-19.798080, 20.544320, 33.624850)
    [8] Vel: 3.635309 vs 3.635309, diff=0
    [8] HeartArc: 87.237540 vs 87.237540
    [9] Pos: (-19.797900, 20.540860, 33.665140) vs (-19.797900, 20.540860, 33.665140)
    [9] Vel: 3.641725 vs 3.641725, diff=0
    [9] HeartArc: 87.277980 vs 87.277980
    [10] Pos: (-19.797730, 20.537250, 33.705520) vs (-19.797730, 20.537250, 33.705520)
    [10] Vel: 3.648507 vs 3.648507, diff=0
    [10] HeartArc: 87.318520 vs 87.318520
    [11] Pos: (-19.797550, 20.533470, 33.745990) vs (-19.797550, 20.533470, 33.745990)
    [11] Vel: 3.655661 vs 3.655661, diff=0
    [11] HeartArc: 87.359170 vs 87.359170
    [12] Pos: (-19.797370, 20.529520, 33.786570) vs (-19.797370, 20.529520, 33.786570)
    [12] Vel: 3.663195 vs 3.663195, diff=0
    [12] HeartArc: 87.399930 vs 87.399930
    [13] Pos: (-19.797200, 20.525410, 33.827240) vs (-19.797200, 20.525410, 33.827240)
    [13] Vel: 3.671101 vs 3.671101, diff=0
    [13] HeartArc: 87.440820 vs 87.440820
    [14] Pos: (-19.797020, 20.521120, 33.868040) vs (-19.797020, 20.521120, 33.868040)
    [14] Vel: 3.679398 vs 3.679398, diff=0
    [14] HeartArc: 87.481830 vs 87.481830
    [15] Pos: (-19.796840, 20.516660, 33.908950) vs (-19.796840, 20.516660, 33.908950)
    [15] Vel: 3.688083 vs 3.688083, diff=0
    [15] HeartArc: 87.522990 vs 87.522990
    [16] Pos: (-19.796660, 20.512020, 33.949980) vs (-19.796660, 20.512020, 33.949980)
    [16] Vel: 3.697157 vs 3.697157, diff=0
    [16] HeartArc: 87.564290 vs 87.564290
    [17] Pos: (-19.796480, 20.507200, 33.991150) vs (-19.796480, 20.507200, 33.991150)
    [17] Vel: 3.706633 vs 3.706633, diff=0
    [17] HeartArc: 87.605740 vs 87.605740
    [18] Pos: (-19.796300, 20.502190, 34.032450) vs (-19.796300, 20.502190, 34.032450)
    [18] Vel: 3.716512 vs 3.716512, diff=0
    [18] HeartArc: 87.647340 vs 87.647340
    [19] Pos: (-19.796120, 20.496990, 34.073900) vs (-19.796120, 20.496990, 34.073900)
    [19] Vel: 3.726797 vs 3.726797, diff=0
    [19] HeartArc: 87.689110 vs 87.689110
=== SAMPLE POINTS ===
    [50] Pos: (-19.790100, 20.208550, 35.451410) vs (-19.790100, 20.208550, 35.451410)
    [50] Vel: 4.285811 vs 4.285811, diff=0
    [50] HeartArc: 89.098130 vs 89.098130
    [100] Pos: (-19.778520, 18.800450, 38.099590) vs (-19.778520, 18.800450, 38.099590)
    [100] Vel: 6.445088 vs 6.445088, diff=0
    [100] HeartArc: 92.115640 vs 92.115640
    [200] Pos: (-19.753180, 10.127010, 43.898720) vs (-19.753180, 10.127010, 43.898720)
    [200] Vel: 14.201190 vs 14.201190, diff=0
    [200] HeartArc: 102.629300 vs 102.629300
    [500] Pos: (-19.591780, 15.279880, 80.835400) vs (-19.591780, 15.279880, 80.835400)
    [500] Vel: 9.534508 vs 9.534508, diff=0
    [500] HeartArc: 147.757200 vs 147.757200
    [1000] Pos: (-19.301290, 1.979242, 147.308200) vs (-19.301290, 1.979242, 147.308200)
    [1000] Vel: 17.899620 vs 17.899620, diff=0
    [1000] HeartArc: 222.116000 vs 222.116000
    [1500] Pos: (0.229104, 11.978730, 126.167800) vs (0.229104, 11.978730, 126.167800)
    [1500] Vel: 9.566305 vs 9.566305, diff=0
    [1500] HeartArc: 295.518200 vs 295.518200
Checking GeometricSection nodeId=2: 300 points (gold expects 300, gold duration=3 Time, cumulative offset=2130, afterBridge=False)
=== DRIFT ANALYSIS (offset=2130) ===
First divergence at index -1
Max drift 0 at index 0
=== FIRST 20 POINTS ===
    [0] Pos: (0.000000, 3.000000, 0.000000) vs (0.000000, 3.000000, 0.000000)
    [0] Vel: 10.000000 vs 10.000000, diff=0
    [0] HeartArc: 0.000000 vs 0.000000
    [1] Pos: (0.000000, 3.000000, -0.030000) vs (0.000000, 3.000000, -0.030000)
    [1] Vel: 3.000000 vs 3.000000, diff=0
    [1] HeartArc: 0.030000 vs 0.030000
    [2] Pos: (0.000000, 3.000000, -0.060000) vs (0.000000, 3.000000, -0.060000)
    [2] Vel: 3.000000 vs 3.000000, diff=0
    [2] HeartArc: 0.060000 vs 0.060000
    [3] Pos: (0.000000, 3.000000, -0.090000) vs (0.000000, 3.000000, -0.090000)
    [3] Vel: 3.000000 vs 3.000000, diff=0
    [3] HeartArc: 0.090000 vs 0.090000
    [4] Pos: (0.000000, 3.000000, -0.120000) vs (0.000000, 3.000000, -0.120000)
    [4] Vel: 3.000000 vs 3.000000, diff=0
    [4] HeartArc: 0.120000 vs 0.120000
    [5] Pos: (0.000000, 3.000000, -0.150000) vs (0.000000, 3.000000, -0.150000)
    [5] Vel: 3.000000 vs 3.000000, diff=0
    [5] HeartArc: 0.150000 vs 0.150000
    [6] Pos: (0.000000, 3.000000, -0.180000) vs (0.000000, 3.000000, -0.180000)
    [6] Vel: 3.000000 vs 3.000000, diff=0
    [6] HeartArc: 0.180000 vs 0.180000
    [7] Pos: (0.000000, 3.000000, -0.210000) vs (0.000000, 3.000000, -0.210000)
    [7] Vel: 3.000000 vs 3.000000, diff=0
    [7] HeartArc: 0.210000 vs 0.210000
    [8] Pos: (0.000000, 3.000000, -0.240000) vs (0.000000, 3.000000, -0.240000)
    [8] Vel: 3.000000 vs 3.000000, diff=0
    [8] HeartArc: 0.240000 vs 0.240000
    [9] Pos: (0.000000, 3.000000, -0.270000) vs (0.000000, 3.000000, -0.270000)
    [9] Vel: 3.000000 vs 3.000000, diff=0
    [9] HeartArc: 0.270000 vs 0.270000
    [10] Pos: (0.000000, 3.000000, -0.300000) vs (0.000000, 3.000000, -0.300000)
    [10] Vel: 3.000000 vs 3.000000, diff=0
    [10] HeartArc: 0.300000 vs 0.300000
    [11] Pos: (0.000000, 3.000000, -0.330000) vs (0.000000, 3.000000, -0.330000)
    [11] Vel: 3.000000 vs 3.000000, diff=0
    [11] HeartArc: 0.330000 vs 0.330000
    [12] Pos: (0.000000, 3.000000, -0.360000) vs (0.000000, 3.000000, -0.360000)
    [12] Vel: 3.000000 vs 3.000000, diff=0
    [12] HeartArc: 0.360000 vs 0.360000
[...]
    [6] Pos: (3.391445, 44.527200, -145.536100) vs (3.391445, 44.527200, -145.536100)
    [6] Vel: 10.000000 vs 10.000000, diff=0
    [6] HeartArc: 234.124900 vs 234.124900
    [7] Pos: (3.391383, 44.615520, -145.583000) vs (3.391383, 44.615520, -145.583000)
    [7] Vel: 10.000000 vs 10.000000, diff=0
    [7] HeartArc: 234.224900 vs 234.224900
    [8] Pos: (3.391320, 44.703830, -145.629900) vs (3.391320, 44.703830, -145.629900)
    [8] Vel: 10.000000 vs 10.000000, diff=0
    [8] HeartArc: 234.324900 vs 234.324900
    [9] Pos: (3.391258, 44.792150, -145.676800) vs (3.391258, 44.792150, -145.676800)
    [9] Vel: 10.000000 vs 10.000000, diff=0
    [9] HeartArc: 234.424900 vs 234.424900
    [10] Pos: (3.391196, 44.880470, -145.723700) vs (3.391196, 44.880470, -145.723700)
    [10] Vel: 10.000000 vs 10.000000, diff=0
    [10] HeartArc: 234.524900 vs 234.524900
    [11] Pos: (3.391133, 44.968790, -145.770600) vs (3.391133, 44.968790, -145.770600)
    [11] Vel: 10.000000 vs 10.000000, diff=0
    [11] HeartArc: 234.624900 vs 234.624900
    [12] Pos: (3.391071, 45.057110, -145.817500) vs (3.391071, 45.057110, -145.817500)
    [12] Vel: 10.000000 vs 10.000000, diff=0
    [12] HeartArc: 234.724900 vs 234.724900
    [13] Pos: (3.391008, 45.145420, -145.864400) vs (3.391008, 45.145420, -145.864400)
    [13] Vel: 10.000000 vs 10.000000, diff=0
    [13] HeartArc: 234.825000 vs 234.825000
    [14] Pos: (3.390946, 45.233740, -145.911300) vs (3.390946, 45.233740, -145.911300)
    [14] Vel: 10.000000 vs 10.000000, diff=0
    [14] HeartArc: 234.925000 vs 234.925000
    [15] Pos: (3.390883, 45.322060, -145.958200) vs (3.390883, 45.322060, -145.958200)
    [15] Vel: 10.000000 vs 10.000000, diff=0
    [15] HeartArc: 235.025000 vs 235.025000
    [16] Pos: (3.390821, 45.410380, -146.005100) vs (3.390821, 45.410380, -146.005100)
    [16] Vel: 10.000000 vs 10.000000, diff=0
    [16] HeartArc: 235.125000 vs 235.125000
    [17] Pos: (3.390758, 45.498700, -146.052000) vs (3.390758, 45.498700, -146.052000)
    [17] Vel: 10.000000 vs 10.000000, diff=0
    [17] HeartArc: 235.225000 vs 235.225000
    [18] Pos: (3.390696, 45.587010, -146.098900) vs (3.390696, 45.587010, -146.098900)
    [18] Vel: 10.000000 vs 10.000000, diff=0
    [18] HeartArc: 235.325000 vs 235.325000
    [19] Pos: (3.390633, 45.675330, -146.145800) vs (3.390633, 45.675330, -146.145800)
    [19] Vel: 10.000000 vs 10.000000, diff=0
    [19] HeartArc: 235.425000 vs 235.425000
=== SAMPLE POINTS ===
    [50] Pos: (3.388697, 48.413190, -147.599900) vs (3.388697, 48.413190, -147.599900)
    [50] Vel: 10.000000 vs 10.000000, diff=0
    [50] HeartArc: 238.525200 vs 238.525200
    [100] Pos: (3.385574, 52.829080, -149.945200) vs (3.385574, 52.829080, -149.945200)
    [100] Vel: 10.000000 vs 10.000000, diff=0
    [100] HeartArc: 243.525500 vs 243.525500
Checking GeometricSection nodeId=2: 301 points (gold expects 301, gold duration=50.00001 Distance, cumulative offset=860, afterBridge=False)
=== DRIFT ANALYSIS (offset=860) ===
First divergence at index -1
Max drift 0 at index 0
=== FIRST 20 POINTS ===
    [0] Pos: (3.421510, 10.418850, -122.876500) vs (3.421510, 10.418850, -122.876500)
    [0] Vel: 26.132360 vs 26.132360, diff=0
    [0] HeartArc: 192.800800 vs 192.800800
    [1] Pos: (3.421228, 10.570660, -123.089300) vs (3.421228, 10.570660, -123.089300)
    [1] Vel: 26.071230 vs 26.071230, diff=0
    [1] HeartArc: 193.062200 vs 193.062200
    [2] Pos: (3.420948, 10.723900, -123.300200) vs (3.420948, 10.723900, -123.300200)
    [2] Vel: 26.009410 vs 26.009410, diff=0
    [2] HeartArc: 193.322900 vs 193.322900
    [3] Pos: (3.420670, 10.878530, -123.509300) vs (3.420670, 10.878530, -123.509300)
    [3] Vel: 25.946910 vs 25.946910, diff=0
    [3] HeartArc: 193.583000 vs 193.583000
    [4] Pos: (3.420395, 11.034540, -123.716600) vs (3.420395, 11.034540, -123.716600)
    [4] Vel: 25.883730 vs 25.883730, diff=0
    [4] HeartArc: 193.842400 vs 193.842400
    [5] Pos: (3.420122, 11.191870, -123.922200) vs (3.420122, 11.191870, -123.922200)
    [5] Vel: 25.819880 vs 25.819880, diff=0
    [5] HeartArc: 194.101300 vs 194.101300
    [6] Pos: (3.419852, 11.350520, -124.125900) vs (3.419852, 11.350520, -124.125900)
    [6] Vel: 25.755370 vs 25.755370, diff=0
    [6] HeartArc: 194.359500 vs 194.359500
    [7] Pos: (3.419584, 11.510430, -124.327800) vs (3.419584, 11.510430, -124.327800)
    [7] Vel: 25.690210 vs 25.690210, diff=0
    [7] HeartArc: 194.617000 vs 194.617000
    [8] Pos: (3.419319, 11.671590, -124.527800) vs (3.419319, 11.671590, -124.527800)
    [8] Vel: 25.624400 vs 25.624400, diff=0
    [8] HeartArc: 194.873900 vs 194.873900
    [9] Pos: (3.419056, 11.833950, -124.726100) vs (3.419056, 11.833950, -124.726100)
    [9] Vel: 25.557970 vs 25.557970, diff=0
    [9] HeartArc: 195.130100 vs 195.130100
    [10] Pos: (3.418795, 11.997490, -124.922500) vs (3.418795, 11.997490, -124.922500)
    [10] Vel: 25.490910 vs 25.490910, diff=0
    [10] HeartArc: 195.385700 vs 195.385700
    [11] Pos: (3.418537, 12.162160, -125.117100) vs (3.418537, 12.162160, -125.117100)
    [11] Vel: 25.423240 vs 25.423240, diff=0
    [11] HeartArc: 195.640600 vs 195.640600
    [12] Pos: (3.418281, 12.327940, -125.309800) vs (3.418281, 12.327940, -125.309800)
    [12] Vel: 25.354960 vs 25.354960, diff=0
    [12] HeartArc: 195.894900 vs 195.894900
    [13] Pos: (3.418028, 12.494790, -125.500700) vs (3.418028, 12.494790, -125.500700)
    [13] Vel: 25.286090 vs 25.286090, diff=0
    [13] HeartArc: 196.148400 vs 196.148400
    [14] Pos: (3.417777, 12.662680, -125.689800) vs (3.417777, 12.662680, -125.689800)
    [14] Vel: 25.216640 vs 25.216640, diff=0
    [14] HeartArc: 196.401300 vs 196.401300
    [15] Pos: (3.417529, 12.831560, -125.877000) vs (3.417529, 12.831560, -125.877000)
    [15] Vel: 25.146610 vs 25.146610, diff=0
    [15] HeartArc: 196.653400 vs 196.653400
    [16] Pos: (3.417283, 13.001410, -126.062500) vs (3.417283, 13.001410, -126.062500)
    [16] Vel: 25.076020 vs 25.076020, diff=0
    [16] HeartArc: 196.904900 vs 196.904900
    [17] Pos: (3.417039, 13.172200, -126.246100) vs (3.417039, 13.172200, -126.246100)
    [17] Vel: 25.004870 vs 25.004870, diff=0
    [17] HeartArc: 197.155700 vs 197.155700
    [18] Pos: (3.416798, 13.343870, -126.427900) vs (3.416798, 13.343870, -126.427900)
    [18] Vel: 24.933180 vs 24.933180, diff=0
    [18] HeartArc: 197.405700 vs 197.405700
    [19] Pos: (3.416559, 13.516410, -126.607900) vs (3.416559, 13.516410, -126.607900)
    [19] Vel: 24.860950 vs 24.860950, diff=0
    [19] HeartArc: 197.655000 vs 197.655000
=== SAMPLE POINTS ===
    [50] Pos: (3.410256, 19.109160, -131.358800) vs (3.410256, 19.109160, -131.358800)
    [50] Vel: 22.413840 vs 22.413840, diff=0
    [50] HeartArc: 205.003800 vs 205.003800
    [100] Pos: (3.403278, 27.780900, -136.619200) vs (3.403278, 27.780900, -136.619200)
    [100] Vel: 18.053780 vs 18.053780, diff=0
    [100] HeartArc: 215.152400 vs 215.152400
    [200] Pos: (3.394760, 39.825920, -143.038800) vs (3.394760, 39.825920, -143.038800)
    [200] Vel: 9.152807 vs 9.152807, diff=0
    [200] HeartArc: 228.801500 vs 228.801500
Checking GeometricSection nodeId=3: 100 points (gold expects 100, gold duration=1 Time, cumulative offset=1161, afterBridge=False)
=== DRIFT ANALYSIS (offset=1161) ===
First divergence at index -1
Max drift 0 at index 0
=== FIRST 20 POINTS ===
    [0] Pos: (0.000000, 3.000000, 0.000000) vs (0.000000, 3.000000, 0.000000)
    [0] Vel: 29.662830 vs 29.662830, diff=0
    [0] HeartArc: 89.899280 vs 89.899280
    [1] Pos: (0.000000, 3.000000, 0.100000) vs (0.000000, 3.000000, 0.100000)
    [1] Vel: 10.000000 vs 10.000000, diff=0
    [1] HeartArc: 89.999280 vs 89.999280
    [2] Pos: (0.000000, 3.000000, 0.200000) vs (0.000000, 3.000000, 0.200000)
    [2] Vel: 10.000000 vs 10.000000, diff=0
    [2] HeartArc: 90.099270 vs 90.099270
    [3] Pos: (0.000000, 3.000000, 0.300000) vs (0.000000, 3.000000, 0.300000)
    [3] Vel: 10.000000 vs 10.000000, diff=0
    [3] HeartArc: 90.199270 vs 90.199270
    [4] Pos: (0.000000, 3.000000, 0.400000) vs (0.000000, 3.000000, 0.400000)
    [4] Vel: 10.000000 vs 10.000000, diff=0
    [4] HeartArc: 90.299270 vs 90.299270
    [5] Pos: (0.000000, 3.000000, 0.500000) vs (0.000000, 3.000000, 0.500000)
    [5] Vel: 10.000000 vs 10.000000, diff=0
    [5] HeartArc: 90.399270 vs 90.399270
    [6] Pos: (0.000000, 3.000000, 0.600000) vs (0.000000, 3.000000, 0.600000)
    [6] Vel: 10.000000 vs 10.000000, diff=0
    [6] HeartArc: 90.499270 vs 90.499270
    [7] Pos: (0.000000, 3.000000, 0.700000) vs (0.000000, 3.000000, 0.700000)
    [7] Vel: 10.000000 vs 10.000000, diff=0
    [7] HeartArc: 90.599270 vs 90.599270
    [8] Pos: (0.000000, 3.000000, 0.800000) vs (0.000000, 3.000000, 0.800000)
    [8] Vel: 10.000000 vs 10.000000, diff=0
    [8] HeartArc: 90.699260 vs 90.699260
    [9] Pos: (0.000000, 3.000000, 0.900000) vs (0.000000, 3.000000, 0.900000)
    [9] Vel: 10.000000 vs 10.000000, diff=0
    [9] HeartArc: 90.799260 vs 90.799260
    [10] Pos: (0.000000, 3.000000, 1.000000) vs (0.000000, 3.000000, 1.000000)
    [10] Vel: 10.000000 vs 10.000000, diff=0
    [10] HeartArc: 90.899260 vs 90.899260
    [11] Pos: (0.000000, 3.000000, 1.100000) vs (0.000000, 3.000000, 1.100000)
    [11] Vel: 10.000000 vs 10.000000, diff=0
    [11] HeartArc: 90.999260 vs 90.999260
    [12] Pos: (0.000000, 3.000000, 1.200000) vs (0.000000, 3.000000, 1.200000)
    [12] Vel: 10.000000 vs 10.000000, diff=0
    [12] HeartArc: 91.099260 vs 91.099260
    [13] Pos: (0.000000, 3.000000, 1.300000) vs (0.000000, 3.000000, 1.300000)
    [13] Vel: 10.000000 vs 10.000000, diff=0
    [13] HeartArc: 91.199260 vs 91.199260
    [14] Pos: (0.000000, 3.000000, 1.400000) vs (0.000000, 3.000000, 1.400000)
    [14] Vel: 10.000000 vs 10.000000, diff=0
    [14] HeartArc: 91.299260 vs 91.299260
    [15] Pos: (0.000000, 3.000000, 1.500000) vs (0.000000, 3.000000, 1.500000)
    [15] Vel: 10.000000 vs 10.000000, diff=0
    [15] HeartArc: 91.399250 vs 91.399250
    [16] Pos: (0.000000, 3.000000, 1.600000) vs (0.000000, 3.000000, 1.600000)
    [16] Vel: 10.000000 vs 10.000000, diff=0
    [16] HeartArc: 91.499250 vs 91.499250
    [17] Pos: (0.000000, 3.000000, 1.699999) vs (0.000000, 3.000000, 1.699999)
    [17] Vel: 10.000000 vs 10.000000, diff=0
    [17] HeartArc: 91.599250 vs 91.599250
    [18] Pos: (0.000000, 3.000000, 1.799999) vs (0.000000, 3.000000, 1.799999)
    [18] Vel: 10.000000 vs 10.000000, diff=0
    [18] HeartArc: 91.699250 vs 91.699250
    [19] Pos: (0.000000, 3.000000, 1.899999) vs (0.000000, 3.000000, 1.899999)
    [19] Vel: 10.000000 vs 10.000000, diff=0
    [19] HeartArc: 91.799250 vs 91.799250
=== SAMPLE POINTS ===
    [50] Pos: (0.000000, 3.000000, 5.000001) vs (0.000000, 3.000000, 5.000001)
    [50] Vel: 10.000000 vs 10.000000, diff=0
    [50] HeartArc: 94.899200 vs 94.899200
Checking GeometricSection nodeId=1: 250 points (gold expects 250, gold duration=2.5 Time, cumulative offset=1261, afterBridge=False)
=== DRIFT ANALYSIS (offset=1261) ===
First divergence at index -1
Max drift 0 at index 0
=== FIRST 20 POINTS ===
    [0] Pos: (0.000000, 3.000000, 0.000000) vs (0.000000, 3.000000, 0.000000)
    [0] Vel: 0.100000 vs 0.100000, diff=0
    [0] HeartArc: 0.000000 vs 0.000000
    [1] Pos: (0.000000, 3.000000, -0.001019) vs (0.000000, 3.000000, -0.001019)
    [1] Vel: 0.101921 vs 0.101921, diff=0
    [1] HeartArc: 0.001019 vs 0.001019
    [2] Pos: (0.000000, 3.000000, -0.002096) vs (0.000000, 3.000000, -0.002096)
    [2] Vel: 0.107674 vs 0.107674, diff=0
    [2] HeartArc: 0.002096 vs 0.002096
    [3] Pos: (0.000000, 3.000000, -0.003268) vs (0.000000, 3.000000, -0.003268)
    [3] Vel: 0.117248 vs 0.117248, diff=0
    [3] HeartArc: 0.003268 vs 0.003268
    [4] Pos: (0.000000, 3.000000, -0.004575) vs (0.000000, 3.000000, -0.004575)
    [4] Vel: 0.130628 vs 0.130628, diff=0
    [4] HeartArc: 0.004575 vs 0.004575
    [5] Pos: (0.000000, 3.000000, -0.006053) vs (0.000000, 3.000000, -0.006053)
    [5] Vel: 0.147805 vs 0.147805, diff=0
    [5] HeartArc: 0.006053 vs 0.006053
    [6] Pos: (0.000000, 3.000000, -0.007740) vs (0.000000, 3.000000, -0.007740)
    [6] Vel: 0.168759 vs 0.168759, diff=0
    [6] HeartArc: 0.007740 vs 0.007740
    [7] Pos: (0.000000, 3.000000, -0.009675) vs (0.000000, 3.000000, -0.009675)
    [7] Vel: 0.193479 vs 0.193479, diff=0
    [7] HeartArc: 0.009675 vs 0.009675
    [8] Pos: (0.000000, 3.000000, -0.011895) vs (0.000000, 3.000000, -0.011895)
    [8] Vel: 0.221948 vs 0.221948, diff=0
    [8] HeartArc: 0.011895 vs 0.011895
    [9] Pos: (0.000000, 3.000000, -0.014436) vs (0.000000, 3.000000, -0.014436)
    [9] Vel: 0.254151 vs 0.254151, diff=0
    [9] HeartArc: 0.014436 vs 0.014436
    [10] Pos: (0.000000, 3.000000, -0.017337) vs (0.000000, 3.000000, -0.017337)
    [10] Vel: 0.290072 vs 0.290072, diff=0
    [10] HeartArc: 0.017337 vs 0.017337
    [11] Pos: (0.000000, 3.000000, -0.020634) vs (0.000000, 3.000000, -0.020634)
    [11] Vel: 0.329695 vs 0.329695, diff=0
    [11] HeartArc: 0.020634 vs 0.020634
    [12] Pos: (0.000000, 3.000000, -0.024364) vs (0.000000, 3.000000, -0.024364)
    [12] Vel: 0.373001 vs 0.373001, diff=0
    [12] HeartArc: 0.024364 vs 0.024364
    [13] Pos: (0.000000, 3.000000, -0.028564) vs (0.000000, 3.000000, -0.028564)
    [13] Vel: 0.419973 vs 0.419973, diff=0
    [13] HeartArc: 0.028564 vs 0.028564
    [14] Pos: (0.000000, 3.000000, -0.033269) vs (0.000000, 3.000000, -0.033269)
    [14] Vel: 0.470593 vs 0.470593, diff=0
    [14] HeartArc: 0.033269 vs 0.033269
    [15] Pos: (0.000000, 3.000000, -0.038518) vs (0.000000, 3.000000, -0.038518)
    [15] Vel: 0.524841 vs 0.524841, diff=0
    [15] HeartArc: 0.038518 vs 0.038518
    [16] Pos: (0.000000, 3.000000, -0.044345) vs (0.000000, 3.000000, -0.044345)
    [16] Vel: 0.582699 vs 0.582699, diff=0
    [16] HeartArc: 0.044345 vs 0.044345
    [17] Pos: (0.000000, 3.000000, -0.050786) vs (0.000000, 3.000000, -0.050786)
    [17] Vel: 0.644146 vs 0.644146, diff=0
    [17] HeartArc: 0.050786 vs 0.050786
    [18] Pos: (0.000000, 3.000000, -0.057878) vs (0.000000, 3.000000, -0.057878)
    [18] Vel: 0.709162 vs 0.709162, diff=0
    [18] HeartArc: 0.057878 vs 0.057878
    [19] Pos: (0.000000, 3.000000, -0.065655) vs (0.000000, 3.000000, -0.065655)
    [19] Vel: 0.777724 vs 0.777724, diff=0
    [19] HeartArc: 0.065655 vs 0.065655
=== SAMPLE POINTS ===
    [50] Pos: (0.000000, 3.000000, -0.828643) vs (0.000000, 3.000000, -0.828643)
    [50] Vel: 4.519876 vs 4.519876, diff=0
    [50] HeartArc: 0.828643 vs 0.828643
    [100] Pos: (0.000000, 3.000000, -5.631693) vs (0.000000, 3.000000, -5.631693)
    [100] Vel: 15.050000 vs 15.050000, diff=0
    [100] HeartArc: 5.631693 vs 5.631693
    [200] Pos: (0.000000, 3.000000, -30.249510) vs (0.000000, 3.000000, -30.249510)
    [200] Vel: 30.000000 vs 30.000000, diff=0
    [200] HeartArc: 30.249510 vs 30.249510
Checking CopyPathSection nodeId=3386626208: 152 points (gold expects 152, gold duration=0 , cumulative offset=1511, afterBridge=False)
CopyPathSection 3386626208: endpoints match (actual=152 pts, gold=152 pts)
Checking CopyPathSection nodeId=4257997777: 762 points (gold expects 762, gold duration=0 , cumulative offset=1663, afterBridge=False)
CopyPathSection 4257997777: endpoints match (actual=762 pts, gold=762 pts)
Checking CopyPathSection nodeId=4267673592: 317 points (gold expects 317, gold duration=0 , cumulative offset=2425, afterBridge=False)
CopyPathSection 4267673592: endpoints match (actual=317 pts, gold=317 pts)
Checking CopyPathSection nodeId=2161712148: 431 points (gold expects 431, gold duration=0 , cumulative offset=2742, afterBridge=False)
CopyPathSection 2161712148: endpoints match (actual=431 pts, gold=431 pts)
Verified 9 sections (total 3173 cumulative points)
]]></output>
          </test-case>
          <test-case id="1357" name="ShuttleKexd_Rust_RoundTrip_PreservesData" fullname="Tests.KexdGoldTests.ShuttleKexd_Rust_RoundTrip_PreservesData" methodname="ShuttleKexd_Rust_RoundTrip_PreservesData" classname="Tests.KexdGoldTests" runstate="Runnable" seed="532343661" result="Passed" start-time="2026-01-11 23:11:08Z" end-time="2026-01-11 23:11:08Z" duration="0.001319" asserts="0">
            <properties>
              <property name="retryIteration" value="0" />
              <property name="repeatIteration" value="0" />
            </properties>
          </test-case>
          <test-case id="1343" name="SwitchKexd_CSharp_MatchesGoldData" fullname="Tests.KexdGoldTests.SwitchKexd_CSharp_MatchesGoldData" methodname="SwitchKexd_CSharp_MatchesGoldData" classname="Tests.KexdGoldTests" runstate="Runnable" seed="206924603" result="Passed" start-time="2026-01-11 23:11:08Z" end-time="2026-01-11 23:11:08Z" duration="0.035500" asserts="0">
            <properties>
              <property name="retryIteration" value="0" />
              <property name="repeatIteration" value="0" />
            </properties>
            <output><![CDATA[ForceSection 95447995: endpoints match (actual=240 pts, gold=240 pts)
ForceSection 2263683009: endpoints match (actual=180 pts, gold=180 pts)
GeometricSection 3399729608: endpoints match (actual=100 pts, gold=100 pts)
GeometricSection 4047254207: endpoints match (actual=294 pts, gold=294 pts)
GeometricSection 1701814688: endpoints match (actual=200 pts, gold=200 pts)
CopyPathSection 4255949925: endpoints match (actual=309 pts, gold=309 pts)
CopyPathSection 4000197215: endpoints match (actual=51 pts, gold=51 pts)
]]></output>
          </test-case>
          <test-case id="1351" name="SwitchKexd_CSharp_RoundTrip_PreservesData" fullname="Tests.KexdGoldTests.SwitchKexd_CSharp_RoundTrip_PreservesData" methodname="SwitchKexd_CSharp_RoundTrip_PreservesData" classname="Tests.KexdGoldTests" runstate="Runnable" seed="2139561372" result="Passed" start-time="2026-01-11 23:11:08Z" end-time="2026-01-11 23:11:08Z" duration="0.001426" asserts="0">
            <properties>
              <property name="retryIteration" value="0" />
              <property name="repeatIteration" value="0" />
            </properties>
          </test-case>
          <test-case id="1347" name="SwitchKexd_Rust_MatchesGoldData" fullname="Tests.KexdGoldTests.SwitchKexd_Rust_MatchesGoldData" methodname="SwitchKexd_Rust_MatchesGoldData" classname="Tests.KexdGoldTests" runstate="Runnable" seed="874027112" result="Passed" start-time="2026-01-11 23:11:08Z" end-time="2026-01-11 23:11:08Z" duration="0.033784" asserts="0">
            <properties>
              <property name="retryIteration" value="0" />
              <property name="repeatIteration" value="0" />
            </properties>
            <output><![CDATA[ForceSection 95447995: endpoints match (actual=240 pts, gold=240 pts)
ForceSection 2263683009: endpoints match (actual=180 pts, gold=180 pts)
GeometricSection 3399729608: endpoints match (actual=100 pts, gold=100 pts)
GeometricSection 4047254207: endpoints match (actual=294 pts, gold=294 pts)
GeometricSection 1701814688: endpoints match (actual=200 pts, gold=200 pts)
CopyPathSection 4255949925: endpoints match (actual=309 pts, gold=309 pts)
CopyPathSection 4000197215: endpoints match (actual=51 pts, gold=51 pts)
]]></output>
          </test-case>
          <test-case id="1355" name="SwitchKexd_Rust_RoundTrip_PreservesData" fullname="Tests.KexdGoldTests.SwitchKexd_Rust_RoundTrip_PreservesData" methodname="SwitchKexd_Rust_RoundTrip_PreservesData" classname="Tests.KexdGoldTests" runstate="Runnable" seed="2082703757" result="Passed" start-time="2026-01-11 23:11:08Z" end-time="2026-01-11 23:11:08Z" duration="0.001268" asserts="0">
            <properties>
              <property name="retryIteration" value="0" />
              <property name="repeatIteration" value="0" />
            </properties>
            <output><![CDATA[Saving results to: C:/Users/dylan/AppData/LocalLow/IndividualKex/KexEdit\TestResults.xml
]]></output>
          </test-case>
        </test-suite>
      </test-suite>
    </test-suite>
  </test-suite>
</test-run>