<?xml version="1.0" encoding="utf-8"?>
<test-run id="2" testcasecount="5" result="Passed" total="5" passed="5" failed="0" inconclusive="0" skipped="0" asserts="0" engine-version="3.5.0.0" clr-version="4.0.30319.42000" start-time="2026-01-08 02:58:18Z" end-time="2026-01-08 02:58:18Z" duration="0.0777853">
  <test-suite type="TestSuite" id="1000" name="KexEdit" fullname="KexEdit" runstate="Runnable" testcasecount="3396" result="Passed" start-time="2026-01-08 02:58:18Z" end-time="2026-01-08 02:58:18Z" duration="0.077785" total="5" passed="5" failed="0" inconclusive="0" skipped="0" asserts="0">
    <properties>
      <property name="platform" value="EditMode" />
    </properties>
    <test-suite type="Assembly" id="1607" name="Tests.dll" fullname="C:/Users/dylan/Documents/Games/KexEdit/Library/ScriptAssemblies/Tests.dll" runstate="Runnable" testcasecount="531" result="Passed" start-time="2026-01-08 02:58:18Z" end-time="2026-01-08 02:58:18Z" duration="0.043676" total="5" passed="5" failed="0" inconclusive="0" skipped="0" asserts="0">
      <properties>
        <property name="_PID" value="28628" />
        <property name="_APPDOMAIN" value="Unity Child Domain" />
        <property name="platform" value="EditMode" />
        <property name="EditorOnly" value="True" />
      </properties>
      <test-suite type="TestSuite" id="1617" name="Tests" fullname="Tests" runstate="Runnable" testcasecount="395" result="Passed" start-time="2026-01-08 02:58:18Z" end-time="2026-01-08 02:58:18Z" duration="0.037819" total="5" passed="5" failed="0" inconclusive="0" skipped="0" asserts="0">
        <properties />
        <test-suite type="TestFixture" id="1559" name="TrackMeshExporterTests" fullname="Tests.TrackMeshExporterTests" classname="Tests.TrackMeshExporterTests" runstate="Runnable" testcasecount="5" result="Passed" start-time="2026-01-08 02:58:18Z" end-time="2026-01-08 02:58:18Z" duration="0.033693" total="5" passed="5" failed="0" inconclusive="0" skipped="0" asserts="0">
          <properties>
            <property name="Category" value="Unit" />
          </properties>
          <test-case id="1563" name="DeformedMesh_VertexNormals_ConsistentWithFaceWinding" fullname="Tests.TrackMeshExporterTests.DeformedMesh_VertexNormals_ConsistentWithFaceWinding" methodname="DeformedMesh_VertexNormals_ConsistentWithFaceWinding" classname="Tests.TrackMeshExporterTests" runstate="Runnable" seed="1755730457" result="Passed" start-time="2026-01-08 02:58:18Z" end-time="2026-01-08 02:58:18Z" duration="0.015516" asserts="0">
            <properties>
              <property name="retryIteration" value="0" />
              <property name="repeatIteration" value="0" />
            </properties>
          </test-case>
          <test-case id="1564" name="ObjExport_HandednessConversion_GeometricNormalMatchesVertexNormal" fullname="Tests.TrackMeshExporterTests.ObjExport_HandednessConversion_GeometricNormalMatchesVertexNormal" methodname="ObjExport_HandednessConversion_GeometricNormalMatchesVertexNormal" classname="Tests.TrackMeshExporterTests" runstate="Runnable" seed="462348592" result="Passed" start-time="2026-01-08 02:58:18Z" end-time="2026-01-08 02:58:18Z" duration="0.001233" asserts="0">
            <properties>
              <property name="retryIteration" value="0" />
              <property name="repeatIteration" value="0" />
            </properties>
          </test-case>
          <test-case id="1562" name="SegmentDeformation_MultipleSegments_EachDeformsToCorrectRange" fullname="Tests.TrackMeshExporterTests.SegmentDeformation_MultipleSegments_EachDeformsToCorrectRange" methodname="SegmentDeformation_MultipleSegments_EachDeformsToCorrectRange" classname="Tests.TrackMeshExporterTests" runstate="Runnable" seed="34394411" result="Passed" start-time="2026-01-08 02:58:18Z" end-time="2026-01-08 02:58:18Z" duration="0.003309" asserts="0">
            <properties>
              <property name="retryIteration" value="0" />
              <property name="repeatIteration" value="0" />
            </properties>
          </test-case>
          <test-case id="1560" name="SegmentDeformation_UsesSegmentStartArc_NotSectionArc" fullname="Tests.TrackMeshExporterTests.SegmentDeformation_UsesSegmentStartArc_NotSectionArc" methodname="SegmentDeformation_UsesSegmentStartArc_NotSectionArc" classname="Tests.TrackMeshExporterTests" runstate="Runnable" seed="1790793818" result="Passed" start-time="2026-01-08 02:58:18Z" end-time="2026-01-08 02:58:18Z" duration="0.000586" asserts="0">
            <properties>
              <property name="retryIteration" value="0" />
              <property name="repeatIteration" value="0" />
            </properties>
          </test-case>
          <test-case id="1561" name="SegmentDeformation_WrongParameters_WouldStartAtSectionArc" fullname="Tests.TrackMeshExporterTests.SegmentDeformation_WrongParameters_WouldStartAtSectionArc" methodname="SegmentDeformation_WrongParameters_WouldStartAtSectionArc" classname="Tests.TrackMeshExporterTests" runstate="Runnable" seed="2045243627" result="Passed" start-time="2026-01-08 02:58:18Z" end-time="2026-01-08 02:58:18Z" duration="0.000514" asserts="0">
            <properties>
              <property name="retryIteration" value="0" />
              <property name="repeatIteration" value="0" />
            </properties>
            <output><![CDATA[Saving results to: C:/Users/dylan/AppData/LocalLow/IndividualKex/KexEdit\TestResults.xml
]]></output>
          </test-case>
        </test-suite>
      </test-suite>
    </test-suite>
  </test-suite>
</test-run>