<?xml version="1.0" encoding="utf-8"?>
<test-run id="2" testcasecount="1" result="Passed" total="1" passed="1" failed="0" inconclusive="0" skipped="0" asserts="0" engine-version="3.5.0.0" clr-version="4.0.30319.42000" start-time="2025-12-20 20:50:48Z" end-time="2025-12-20 20:50:48Z" duration="0.4341358">
  <test-suite type="TestSuite" id="1000" name="KexEdit" fullname="KexEdit" runstate="Runnable" testcasecount="3280" result="Passed" start-time="2025-12-20 20:50:48Z" end-time="2025-12-20 20:50:48Z" duration="0.434136" total="1" passed="1" failed="0" inconclusive="0" skipped="0" asserts="0">
    <properties>
      <property name="platform" value="EditMode" />
    </properties>
    <test-suite type="Assembly" id="1467" name="Tests.dll" fullname="C:/Users/dylan/Documents/Games/KexEdit/Library/ScriptAssemblies/Tests.dll" runstate="Runnable" testcasecount="415" result="Passed" start-time="2025-12-20 20:50:48Z" end-time="2025-12-20 20:50:48Z" duration="0.394382" total="1" passed="1" failed="0" inconclusive="0" skipped="0" asserts="0">
      <properties>
        <property name="_PID" value="11272" />
        <property name="_APPDOMAIN" value="Unity Child Domain" />
        <property name="platform" value="EditMode" />
        <property name="EditorOnly" value="True" />
      </properties>
      <test-suite type="TestSuite" id="1477" name="Tests" fullname="Tests" runstate="Runnable" testcasecount="264" result="Passed" start-time="2025-12-20 20:50:48Z" end-time="2025-12-20 20:50:48Z" duration="0.390507" total="1" passed="1" failed="0" inconclusive="0" skipped="0" asserts="0">
        <properties />
        <test-suite type="TestFixture" id="1199" name="BuildBridgeSectionSystemTests" fullname="Tests.BuildBridgeSectionSystemTests" classname="Tests.BuildBridgeSectionSystemTests" runstate="Runnable" testcasecount="1" result="Passed" start-time="2025-12-20 20:50:48Z" end-time="2025-12-20 20:50:48Z" duration="0.386455" total="1" passed="1" failed="0" inconclusive="0" skipped="0" asserts="0">
          <properties>
            <property name="Category" value="Golden" />
          </properties>
          <test-case id="1200" name="AllTypes_BridgeSection1_MatchesGoldData" fullname="Tests.BuildBridgeSectionSystemTests.AllTypes_BridgeSection1_MatchesGoldData" methodname="AllTypes_BridgeSection1_MatchesGoldData" classname="Tests.BuildBridgeSectionSystemTests" runstate="Runnable" seed="530637143" result="Passed" start-time="2025-12-20 20:50:48Z" end-time="2025-12-20 20:50:48Z" duration="0.374582" asserts="0">
            <properties>
              <property name="retryIteration" value="0" />
              <property name="repeatIteration" value="0" />
            </properties>
            <output><![CDATA[[PointComparer] Max drift 1.52587891E-05 at index 145
Saving results to: C:/Users/dylan/AppData/LocalLow/IndividualKex/KexEdit\TestResults.xml
]]></output>
          </test-case>
        </test-suite>
      </test-suite>
    </test-suite>
  </test-suite>
</test-run>