<?xml version="1.0" encoding="utf-8"?>
<test-run id="2" testcasecount="520" result="Failed(Child)" total="520" passed="498" failed="19" inconclusive="3" skipped="0" asserts="0" engine-version="3.5.0.0" clr-version="4.0.30319.42000" start-time="2026-01-10 04:43:29Z" end-time="2026-01-10 04:43:37Z" duration="7.6755225">
  <test-suite type="TestSuite" id="1000" name="KexEdit" fullname="KexEdit" runstate="Runnable" testcasecount="3385" result="Failed" site="Child" start-time="2026-01-10 04:43:29Z" end-time="2026-01-10 04:43:37Z" duration="7.675523" total="520" passed="498" failed="19" inconclusive="3" skipped="0" asserts="0">
    <properties>
      <property name="platform" value="EditMode" />
    </properties>
    <failure>
      <message><![CDATA[One or more child tests had errors]]></message>
    </failure>
    <test-suite type="Assembly" id="1594" name="Tests.dll" fullname="C:/Users/dylan/Documents/Games/KexEdit/Library/ScriptAssemblies/Tests.dll" runstate="Runnable" testcasecount="520" result="Failed" site="Child" start-time="2026-01-10 04:43:29Z" end-time="2026-01-10 04:43:37Z" duration="7.651486" total="520" passed="498" failed="19" inconclusive="3" skipped="0" asserts="0">
      <properties>
        <property name="_PID" value="27720" />
        <property name="_APPDOMAIN" value="Unity Child Domain" />
        <property name="platform" value="EditMode" />
        <property name="EditorOnly" value="True" />
      </properties>
      <failure>
        <message><![CDATA[One or more child tests had errors]]></message>
      </failure>
      <test-suite type="TestFixture" id="1001" name="CoasterEvaluatorTests" fullname="CoasterEvaluatorTests" classname="CoasterEvaluatorTests" runstate="Runnable" testcasecount="9" result="Passed" start-time="2026-01-10 04:43:29Z" end-time="2026-01-10 04:43:29Z" duration="0.052068" total="9" passed="9" failed="0" inconclusive="0" skipped="0" asserts="0">
        <properties />
        <test-case id="1006" name="Evaluate_AnchorToCurved_ProducesPathAndOutputAnchor" fullname="CoasterEvaluatorTests.Evaluate_AnchorToCurved_ProducesPathAndOutputAnchor" methodname="Evaluate_AnchorToCurved_ProducesPathAndOutputAnchor" classname="CoasterEvaluatorTests" runstate="Runnable" seed="1734320450" result="Passed" start-time="2026-01-10 04:43:29Z" end-time="2026-01-10 04:43:29Z" duration="0.030995" asserts="0">
          <properties>
            <property name="retryIteration" value="0" />
            <property name="repeatIteration" value="0" />
          </properties>
        </test-case>
        <test-case id="1004" name="Evaluate_AnchorToForce_ProducesPathAndOutputAnchor" fullname="CoasterEvaluatorTests.Evaluate_AnchorToForce_ProducesPathAndOutputAnchor" methodname="Evaluate_AnchorToForce_ProducesPathAndOutputAnchor" classname="CoasterEvaluatorTests" runstate="Runnable" seed="441780543" result="Passed" start-time="2026-01-10 04:43:29Z" end-time="2026-01-10 04:43:29Z" duration="0.004929" asserts="0">
          <properties>
            <property name="retryIteration" value="0" />
            <property name="repeatIteration" value="0" />
          </properties>
        </test-case>
        <test-case id="1005" name="Evaluate_AnchorToGeometric_ProducesPathAndOutputAnchor" fullname="CoasterEvaluatorTests.Evaluate_AnchorToGeometric_ProducesPathAndOutputAnchor" methodname="Evaluate_AnchorToGeometric_ProducesPathAndOutputAnchor" classname="CoasterEvaluatorTests" runstate="Runnable" seed="1543577428" result="Passed" start-time="2026-01-10 04:43:29Z" end-time="2026-01-10 04:43:29Z" duration="0.000701" asserts="0">
          <properties>
            <property name="retryIteration" value="0" />
            <property name="repeatIteration" value="0" />
          </properties>
        </test-case>
        <test-case id="1007" name="Evaluate_AnchorToReverse_ReversesDirection" fullname="CoasterEvaluatorTests.Evaluate_AnchorToReverse_ReversesDirection" methodname="Evaluate_AnchorToReverse_ReversesDirection" classname="CoasterEvaluatorTests" runstate="Runnable" seed="2104054104" result="Passed" start-time="2026-01-10 04:43:29Z" end-time="2026-01-10 04:43:29Z" duration="0.000631" asserts="0">
          <properties>
            <property name="retryIteration" value="0" />
            <property name="repeatIteration" value="0" />
          </properties>
        </test-case>
        <test-case id="1009" name="Evaluate_Bridge_CreatesBezierPath" fullname="CoasterEvaluatorTests.Evaluate_Bridge_CreatesBezierPath" methodname="Evaluate_Bridge_CreatesBezierPath" classname="CoasterEvaluatorTests" runstate="Runnable" seed="510525814" result="Passed" start-time="2026-01-10 04:43:29Z" end-time="2026-01-10 04:43:29Z" duration="0.000684" asserts="0">
          <properties>
            <property name="retryIteration" value="0" />
            <property name="repeatIteration" value="0" />
          </properties>
        </test-case>
        <test-case id="1002" name="Evaluate_EmptyCoaster_ReturnsEmptyResult" fullname="CoasterEvaluatorTests.Evaluate_EmptyCoaster_ReturnsEmptyResult" methodname="Evaluate_EmptyCoaster_ReturnsEmptyResult" classname="CoasterEvaluatorTests" runstate="Runnable" seed="1725918601" result="Passed" start-time="2026-01-10 04:43:29Z" end-time="2026-01-10 04:43:29Z" duration="0.000281" asserts="0">
          <properties>
            <property name="retryIteration" value="0" />
            <property name="repeatIteration" value="0" />
          </properties>
        </test-case>
        <test-case id="1008" name="Evaluate_ForceToCopyPath_CopiesPath" fullname="CoasterEvaluatorTests.Evaluate_ForceToCopyPath_CopiesPath" methodname="Evaluate_ForceToCopyPath_CopiesPath" classname="CoasterEvaluatorTests" runstate="Runnable" seed="481056620" result="Passed" start-time="2026-01-10 04:43:29Z" end-time="2026-01-10 04:43:29Z" duration="0.000827" asserts="0">
          <properties>
            <property name="retryIteration" value="0" />
            <property name="repeatIteration" value="0" />
          </properties>
        </test-case>
        <test-case id="1010" name="Evaluate_ScalarNodeInjectsToCurvedRadius" fullname="CoasterEvaluatorTests.Evaluate_ScalarNodeInjectsToCurvedRadius" methodname="Evaluate_ScalarNodeInjectsToCurvedRadius" classname="CoasterEvaluatorTests" runstate="Runnable" seed="1029001170" result="Passed" start-time="2026-01-10 04:43:29Z" end-time="2026-01-10 04:43:29Z" duration="0.000693" asserts="0">
          <properties>
            <property name="retryIteration" value="0" />
            <property name="repeatIteration" value="0" />
          </properties>
        </test-case>
        <test-case id="1003" name="Evaluate_SingleAnchorNode_ProducesOutputAnchor" fullname="CoasterEvaluatorTests.Evaluate_SingleAnchorNode_ProducesOutputAnchor" methodname="Evaluate_SingleAnchorNode_ProducesOutputAnchor" classname="CoasterEvaluatorTests" runstate="Runnable" seed="1815769686" result="Passed" start-time="2026-01-10 04:43:29Z" end-time="2026-01-10 04:43:29Z" duration="0.000241" asserts="0">
          <properties>
            <property name="retryIteration" value="0" />
            <property name="repeatIteration" value="0" />
          </properties>
        </test-case>
      </test-suite>
      <test-suite type="TestFixture" id="1011" name="CoasterTests" fullname="CoasterTests" classname="CoasterTests" runstate="Runnable" testcasecount="7" result="Passed" start-time="2026-01-10 04:43:29Z" end-time="2026-01-10 04:43:29Z" duration="0.008141" total="7" passed="7" failed="0" inconclusive="0" skipped="0" asserts="0">
        <properties />
        <test-case id="1014" name="AddAnchorNode_StoresPositionAndRotation" fullname="CoasterTests.AddAnchorNode_StoresPositionAndRotation" methodname="AddAnchorNode_StoresPositionAndRotation" classname="CoasterTests" runstate="Runnable" seed="626711276" result="Passed" start-time="2026-01-10 04:43:29Z" end-time="2026-01-10 04:43:29Z" duration="0.001634" asserts="0">
          <properties>
            <property name="retryIteration" value="0" />
            <property name="repeatIteration" value="0" />
          </properties>
        </test-case>
        <test-case id="1015" name="AddForceNode_StoresDurationAndKeyframes" fullname="CoasterTests.AddForceNode_StoresDurationAndKeyframes" methodname="AddForceNode_StoresDurationAndKeyframes" classname="CoasterTests" runstate="Runnable" seed="1660549875" result="Passed" start-time="2026-01-10 04:43:29Z" end-time="2026-01-10 04:43:29Z" duration="0.003525" asserts="0">
          <properties>
            <property name="retryIteration" value="0" />
            <property name="repeatIteration" value="0" />
          </properties>
        </test-case>
        <test-case id="1012" name="Create_InitializesEmptyCoaster" fullname="CoasterTests.Create_InitializesEmptyCoaster" methodname="Create_InitializesEmptyCoaster" classname="CoasterTests" runstate="Runnable" seed="1114885756" result="Passed" start-time="2026-01-10 04:43:29Z" end-time="2026-01-10 04:43:29Z" duration="0.000435" asserts="0">
          <properties>
            <property name="retryIteration" value="0" />
            <property name="repeatIteration" value="0" />
          </properties>
        </test-case>
        <test-case id="1013" name="Dispose_CleansUpAllContainers" fullname="CoasterTests.Dispose_CleansUpAllContainers" methodname="Dispose_CleansUpAllContainers" classname="CoasterTests" runstate="Runnable" seed="1881963111" result="Passed" start-time="2026-01-10 04:43:29Z" end-time="2026-01-10 04:43:29Z" duration="0.000311" asserts="0">
          <properties>
            <property name="retryIteration" value="0" />
            <property name="repeatIteration" value="0" />
          </properties>
        </test-case>
        <test-case id="1016" name="GeometricNode_SteeringSupportedViaFlags" fullname="CoasterTests.GeometricNode_SteeringSupportedViaFlags" methodname="GeometricNode_SteeringSupportedViaFlags" classname="CoasterTests" runstate="Runnable" seed="2032402981" result="Passed" start-time="2026-01-10 04:43:29Z" end-time="2026-01-10 04:43:29Z" duration="0.000402" asserts="0">
          <properties>
            <property name="retryIteration" value="0" />
            <property name="repeatIteration" value="0" />
          </properties>
        </test-case>
        <test-case id="1017" name="ScalarNode_StoresValue" fullname="CoasterTests.ScalarNode_StoresValue" methodname="ScalarNode_StoresValue" classname="CoasterTests" runstate="Runnable" seed="278152557" result="Passed" start-time="2026-01-10 04:43:29Z" end-time="2026-01-10 04:43:29Z" duration="0.000183" asserts="0">
          <properties>
            <property name="retryIteration" value="0" />
            <property name="repeatIteration" value="0" />
          </properties>
        </test-case>
        <test-case id="1018" name="VectorNode_StoresValue" fullname="CoasterTests.VectorNode_StoresValue" methodname="VectorNode_StoresValue" classname="CoasterTests" runstate="Runnable" seed="1488968328" result="Passed" start-time="2026-01-10 04:43:29Z" end-time="2026-01-10 04:43:29Z" duration="0.000207" asserts="0">
          <properties>
            <property name="retryIteration" value="0" />
            <property name="repeatIteration" value="0" />
          </properties>
        </test-case>
      </test-suite>
      <test-suite type="TestSuite" id="1599" name="KexEdit" fullname="KexEdit" runstate="Runnable" testcasecount="78" result="Passed" start-time="2026-01-10 04:43:29Z" end-time="2026-01-10 04:43:29Z" duration="0.055988" total="78" passed="78" failed="0" inconclusive="0" skipped="0" asserts="0">
        <properties />
        <test-suite type="TestSuite" id="1602" name="Graph" fullname="KexEdit.Graph" runstate="Runnable" testcasecount="72" result="Passed" start-time="2026-01-10 04:43:29Z" end-time="2026-01-10 04:43:29Z" duration="0.043602" total="72" passed="72" failed="0" inconclusive="0" skipped="0" asserts="0">
          <properties />
          <test-suite type="TestSuite" id="1603" name="Tests" fullname="KexEdit.Graph.Tests" runstate="Runnable" testcasecount="72" result="Passed" start-time="2026-01-10 04:43:29Z" end-time="2026-01-10 04:43:29Z" duration="0.042728" total="72" passed="72" failed="0" inconclusive="0" skipped="0" asserts="0">
            <properties />
            <test-suite type="TestFixture" id="1073" name="GraphEdgeTests" fullname="KexEdit.Graph.Tests.GraphEdgeTests" classname="KexEdit.Graph.Tests.GraphEdgeTests" runstate="Runnable" testcasecount="22" result="Passed" start-time="2026-01-10 04:43:29Z" end-time="2026-01-10 04:43:29Z" duration="0.015753" total="22" passed="22" failed="0" inconclusive="0" skipped="0" asserts="0">
              <properties>
                <property name="Category" value="Unit" />
              </properties>
              <test-case id="1075" name="AddEdge_GeneratesUniqueIds" fullname="KexEdit.Graph.Tests.GraphEdgeTests.AddEdge_GeneratesUniqueIds" methodname="AddEdge_GeneratesUniqueIds" classname="KexEdit.Graph.Tests.GraphEdgeTests" runstate="Runnable" seed="133038034" result="Passed" start-time="2026-01-10 04:43:29Z" end-time="2026-01-10 04:43:29Z" duration="0.002647" asserts="0">
                <properties>
                  <property name="retryIteration" value="0" />
                  <property name="repeatIteration" value="0" />
                </properties>
              </test-case>
              <test-case id="1077" name="AddEdge_InvalidSourcePort_ReturnsZero" fullname="KexEdit.Graph.Tests.GraphEdgeTests.AddEdge_InvalidSourcePort_ReturnsZero" methodname="AddEdge_InvalidSourcePort_ReturnsZero" classname="KexEdit.Graph.Tests.GraphEdgeTests" runstate="Runnable" seed="1594269552" result="Passed" start-time="2026-01-10 04:43:29Z" end-time="2026-01-10 04:43:29Z" duration="0.000260" asserts="0">
                <properties>
                  <property name="retryIteration" value="0" />
                  <property name="repeatIteration" value="0" />
                </properties>
              </test-case>
              <test-case id="1078" name="AddEdge_InvalidTargetPort_ReturnsZero" fullname="KexEdit.Graph.Tests.GraphEdgeTests.AddEdge_InvalidTargetPort_ReturnsZero" methodname="AddEdge_InvalidTargetPort_ReturnsZero" classname="KexEdit.Graph.Tests.GraphEdgeTests" runstate="Runnable" seed="341004360" result="Passed" start-time="2026-01-10 04:43:29Z" end-time="2026-01-10 04:43:29Z" duration="0.000157" asserts="0">
                <properties>
                  <property name="retryIteration" value="0" />
                  <property name="repeatIteration" value="0" />
                </properties>
              </test-case>
              <test-case id="1076" name="AddEdge_StoresCorrectSourceAndTarget" fullname="KexEdit.Graph.Tests.GraphEdgeTests.AddEdge_StoresCorrectSourceAndTarget" methodname="AddEdge_StoresCorrectSourceAndTarget" classname="KexEdit.Graph.Tests.GraphEdgeTests" runstate="Runnable" seed="1031409158" result="Passed" start-time="2026-01-10 04:43:29Z" end-time="2026-01-10 04:43:29Z" duration="0.000765" asserts="0">
                <properties>
                  <property name="retryIteration" value="0" />
                  <property name="repeatIteration" value="0" />
                </properties>
              </test-case>
              <test-case id="1074" name="AddEdge_ValidPorts_IncreasesEdgeCount" fullname="KexEdit.Graph.Tests.GraphEdgeTests.AddEdge_ValidPorts_IncreasesEdgeCount" methodname="AddEdge_ValidPorts_IncreasesEdgeCount" classname="KexEdit.Graph.Tests.GraphEdgeTests" runstate="Runnable" seed="2040609622" result="Passed" start-time="2026-01-10 04:43:29Z" end-time="2026-01-10 04:43:29Z" duration="0.000169" asserts="0">
                <properties>
                  <property name="retryIteration" value="0" />
                  <property name="repeatIteration" value="0" />
                </properties>
              </test-case>
              <test-case id="1095" name="FindSinkNodes_AllNodesAreSinks_ReturnsAll" fullname="KexEdit.Graph.Tests.GraphEdgeTests.FindSinkNodes_AllNodesAreSinks_ReturnsAll" methodname="FindSinkNodes_AllNodesAreSinks_ReturnsAll" classname="KexEdit.Graph.Tests.GraphEdgeTests" runstate="Runnable" seed="811509547" result="Passed" start-time="2026-01-10 04:43:29Z" end-time="2026-01-10 04:43:29Z" duration="0.001674" asserts="0">
                <properties>
                  <property name="retryIteration" value="0" />
                  <property name="repeatIteration" value="0" />
                </properties>
              </test-case>
              <test-case id="1094" name="FindSinkNodes_ReturnsNodesWithNoOutgoingEdges" fullname="KexEdit.Graph.Tests.GraphEdgeTests.FindSinkNodes_ReturnsNodesWithNoOutgoingEdges" methodname="FindSinkNodes_ReturnsNodesWithNoOutgoingEdges" classname="KexEdit.Graph.Tests.GraphEdgeTests" runstate="Runnable" seed="905126199" result="Passed" start-time="2026-01-10 04:43:29Z" end-time="2026-01-10 04:43:29Z" duration="0.000294" asserts="0">
                <properties>
                  <property name="retryIteration" value="0" />
                  <property name="repeatIteration" value="0" />
                </properties>
              </test-case>
              <test-case id="1092" name="FindSourceNodes_AllNodesAreRoots_ReturnsAll" fullname="KexEdit.Graph.Tests.GraphEdgeTests.FindSourceNodes_AllNodesAreRoots_ReturnsAll" methodname="FindSourceNodes_AllNodesAreRoots_ReturnsAll" classname="KexEdit.Graph.Tests.GraphEdgeTests" runstate="Runnable" seed="481492597" result="Passed" start-time="2026-01-10 04:43:29Z" end-time="2026-01-10 04:43:29Z" duration="0.000716" asserts="0">
                <properties>
                  <property name="retryIteration" value="0" />
                  <property name="repeatIteration" value="0" />
                </properties>
              </test-case>
              <test-case id="1093" name="FindSourceNodes_EmptyGraph_ReturnsEmpty" fullname="KexEdit.Graph.Tests.GraphEdgeTests.FindSourceNodes_EmptyGraph_ReturnsEmpty" methodname="FindSourceNodes_EmptyGraph_ReturnsEmpty" classname="KexEdit.Graph.Tests.GraphEdgeTests" runstate="Runnable" seed="1489627435" result="Passed" start-time="2026-01-10 04:43:29Z" end-time="2026-01-10 04:43:29Z" duration="0.000147" asserts="0">
                <properties>
                  <property name="retryIteration" value="0" />
                  <property name="repeatIteration" value="0" />
                </properties>
              </test-case>
              <test-case id="1091" name="FindSourceNodes_ReturnsNodesWithNoIncomingEdges" fullname="KexEdit.Graph.Tests.GraphEdgeTests.FindSourceNodes_ReturnsNodesWithNoIncomingEdges" methodname="FindSourceNodes_ReturnsNodesWithNoIncomingEdges" classname="KexEdit.Graph.Tests.GraphEdgeTests" runstate="Runnable" seed="2077671490" result="Passed" start-time="2026-01-10 04:43:29Z" end-time="2026-01-10 04:43:29Z" duration="0.000272" asserts="0">
                <properties>
                  <property name="retryIteration" value="0" />
                  <property name="repeatIteration" value="0" />
                </properties>
              </test-case>
              <test-case id="1084" name="GetIncomingEdges_NodeWithIncomingEdges_ReturnsCorrectEdges" fullname="KexEdit.Graph.Tests.GraphEdgeTests.GetIncomingEdges_NodeWithIncomingEdges_ReturnsCorrectEdges" methodname="GetIncomingEdges_NodeWithIncomingEdges_ReturnsCorrectEdges" classname="KexEdit.Graph.Tests.GraphEdgeTests" runstate="Runnable" seed="257441156" result="Passed" start-time="2026-01-10 04:43:29Z" end-time="2026-01-10 04:43:29Z" duration="0.000691" asserts="0">
                <properties>
                  <property name="retryIteration" value="0" />
                  <property name="repeatIteration" value="0" />
                </properties>
              </test-case>
              <test-case id="1085" name="GetIncomingEdges_NodeWithNoIncomingEdges_ReturnsEmptyArray" fullname="KexEdit.Graph.Tests.GraphEdgeTests.GetIncomingEdges_NodeWithNoIncomingEdges_ReturnsEmptyArray" methodname="GetIncomingEdges_NodeWithNoIncomingEdges_ReturnsEmptyArray" classname="KexEdit.Graph.Tests.GraphEdgeTests" runstate="Runnable" seed="243153451" result="Passed" start-time="2026-01-10 04:43:29Z" end-time="2026-01-10 04:43:29Z" duration="0.000154" asserts="0">
                <properties>
                  <property name="retryIteration" value="0" />
                  <property name="repeatIteration" value="0" />
                </properties>
              </test-case>
              <test-case id="1083" name="GetOutgoingEdges_NodeWithNoOutgoingEdges_ReturnsEmptyArray" fullname="KexEdit.Graph.Tests.GraphEdgeTests.GetOutgoingEdges_NodeWithNoOutgoingEdges_ReturnsEmptyArray" methodname="GetOutgoingEdges_NodeWithNoOutgoingEdges_ReturnsEmptyArray" classname="KexEdit.Graph.Tests.GraphEdgeTests" runstate="Runnable" seed="1538517486" result="Passed" start-time="2026-01-10 04:43:29Z" end-time="2026-01-10 04:43:29Z" duration="0.000546" asserts="0">
                <properties>
                  <property name="retryIteration" value="0" />
                  <property name="repeatIteration" value="0" />
                </properties>
              </test-case>
              <test-case id="1082" name="GetOutgoingEdges_NodeWithOutgoingEdges_ReturnsCorrectEdges" fullname="KexEdit.Graph.Tests.GraphEdgeTests.GetOutgoingEdges_NodeWithOutgoingEdges_ReturnsCorrectEdges" methodname="GetOutgoingEdges_NodeWithOutgoingEdges_ReturnsCorrectEdges" classname="KexEdit.Graph.Tests.GraphEdgeTests" runstate="Runnable" seed="1702864429" result="Passed" start-time="2026-01-10 04:43:29Z" end-time="2026-01-10 04:43:29Z" duration="0.000256" asserts="0">
                <properties>
                  <property name="retryIteration" value="0" />
                  <property name="repeatIteration" value="0" />
                </properties>
              </test-case>
              <test-case id="1090" name="GetPredecessorNodes_NoIncomingEdges_ReturnsEmpty" fullname="KexEdit.Graph.Tests.GraphEdgeTests.GetPredecessorNodes_NoIncomingEdges_ReturnsEmpty" methodname="GetPredecessorNodes_NoIncomingEdges_ReturnsEmpty" classname="KexEdit.Graph.Tests.GraphEdgeTests" runstate="Runnable" seed="10208668" result="Passed" start-time="2026-01-10 04:43:29Z" end-time="2026-01-10 04:43:29Z" duration="0.000584" asserts="0">
                <properties>
                  <property name="retryIteration" value="0" />
                  <property name="repeatIteration" value="0" />
                </properties>
              </test-case>
              <test-case id="1089" name="GetPredecessorNodes_ReturnsConnectedNodes" fullname="KexEdit.Graph.Tests.GraphEdgeTests.GetPredecessorNodes_ReturnsConnectedNodes" methodname="GetPredecessorNodes_ReturnsConnectedNodes" classname="KexEdit.Graph.Tests.GraphEdgeTests" runstate="Runnable" seed="1695080048" result="Passed" start-time="2026-01-10 04:43:29Z" end-time="2026-01-10 04:43:29Z" duration="0.000258" asserts="0">
                <properties>
                  <property name="retryIteration" value="0" />
                  <property name="repeatIteration" value="0" />
                </properties>
              </test-case>
              <test-case id="1088" name="GetSuccessorNodes_MultipleEdgesToSameNode_ReturnsOnce" fullname="KexEdit.Graph.Tests.GraphEdgeTests.GetSuccessorNodes_MultipleEdgesToSameNode_ReturnsOnce" methodname="GetSuccessorNodes_MultipleEdgesToSameNode_ReturnsOnce" classname="KexEdit.Graph.Tests.GraphEdgeTests" runstate="Runnable" seed="612890755" result="Passed" start-time="2026-01-10 04:43:29Z" end-time="2026-01-10 04:43:29Z" duration="0.000684" asserts="0">
                <properties>
                  <property name="retryIteration" value="0" />
                  <property name="repeatIteration" value="0" />
                </properties>
              </test-case>
              <test-case id="1087" name="GetSuccessorNodes_NoOutgoingEdges_ReturnsEmpty" fullname="KexEdit.Graph.Tests.GraphEdgeTests.GetSuccessorNodes_NoOutgoingEdges_ReturnsEmpty" methodname="GetSuccessorNodes_NoOutgoingEdges_ReturnsEmpty" classname="KexEdit.Graph.Tests.GraphEdgeTests" runstate="Runnable" seed="2067109329" result="Passed" start-time="2026-01-10 04:43:29Z" end-time="2026-01-10 04:43:29Z" duration="0.000261" asserts="0">
                <properties>
                  <property name="retryIteration" value="0" />
                  <property name="repeatIteration" value="0" />
                </properties>
              </test-case>
              <test-case id="1086" name="GetSuccessorNodes_ReturnsConnectedNodes" fullname="KexEdit.Graph.Tests.GraphEdgeTests.GetSuccessorNodes_ReturnsConnectedNodes" methodname="GetSuccessorNodes_ReturnsConnectedNodes" classname="KexEdit.Graph.Tests.GraphEdgeTests" runstate="Runnable" seed="1465001838" result="Passed" start-time="2026-01-10 04:43:29Z" end-time="2026-01-10 04:43:29Z" duration="0.000436" asserts="0">
                <properties>
                  <property name="retryIteration" value="0" />
                  <property name="repeatIteration" value="0" />
                </properties>
              </test-case>
              <test-case id="1079" name="RemoveEdge_DecreasesEdgeCount" fullname="KexEdit.Graph.Tests.GraphEdgeTests.RemoveEdge_DecreasesEdgeCount" methodname="RemoveEdge_DecreasesEdgeCount" classname="KexEdit.Graph.Tests.GraphEdgeTests" runstate="Runnable" seed="59899648" result="Passed" start-time="2026-01-10 04:43:29Z" end-time="2026-01-10 04:43:29Z" duration="0.001601" asserts="0">
                <properties>
                  <property name="retryIteration" value="0" />
                  <property name="repeatIteration" value="0" />
                </properties>
              </test-case>
              <test-case id="1080" name="RemoveEdge_InvalidEdge_DoesNothing" fullname="KexEdit.Graph.Tests.GraphEdgeTests.RemoveEdge_InvalidEdge_DoesNothing" methodname="RemoveEdge_InvalidEdge_DoesNothing" classname="KexEdit.Graph.Tests.GraphEdgeTests" runstate="Runnable" seed="1736156227" result="Passed" start-time="2026-01-10 04:43:29Z" end-time="2026-01-10 04:43:29Z" duration="0.000186" asserts="0">
                <properties>
                  <property name="retryIteration" value="0" />
                  <property name="repeatIteration" value="0" />
                </properties>
              </test-case>
              <test-case id="1081" name="RemoveEdge_MiddleEdge_MaintainsOtherEdges" fullname="KexEdit.Graph.Tests.GraphEdgeTests.RemoveEdge_MiddleEdge_MaintainsOtherEdges" methodname="RemoveEdge_MiddleEdge_MaintainsOtherEdges" classname="KexEdit.Graph.Tests.GraphEdgeTests" runstate="Runnable" seed="1733197830" result="Passed" start-time="2026-01-10 04:43:29Z" end-time="2026-01-10 04:43:29Z" duration="0.000227" asserts="0">
                <properties>
                  <property name="retryIteration" value="0" />
                  <property name="repeatIteration" value="0" />
                </properties>
              </test-case>
            </test-suite>
            <test-suite type="TestFixture" id="1096" name="GraphNodeTests" fullname="KexEdit.Graph.Tests.GraphNodeTests" classname="KexEdit.Graph.Tests.GraphNodeTests" runstate="Runnable" testcasecount="9" result="Passed" start-time="2026-01-10 04:43:29Z" end-time="2026-01-10 04:43:29Z" duration="0.004976" total="9" passed="9" failed="0" inconclusive="0" skipped="0" asserts="0">
              <properties>
                <property name="Category" value="Unit" />
              </properties>
              <test-case id="1098" name="AddNode_GeneratesUniqueIds" fullname="KexEdit.Graph.Tests.GraphNodeTests.AddNode_GeneratesUniqueIds" methodname="AddNode_GeneratesUniqueIds" classname="KexEdit.Graph.Tests.GraphNodeTests" runstate="Runnable" seed="1382420056" result="Passed" start-time="2026-01-10 04:43:29Z" end-time="2026-01-10 04:43:29Z" duration="0.000172" asserts="0">
                <properties>
                  <property name="retryIteration" value="0" />
                  <property name="repeatIteration" value="0" />
                </properties>
              </test-case>
              <test-case id="1101" name="AddNode_StoresCorrectPosition" fullname="KexEdit.Graph.Tests.GraphNodeTests.AddNode_StoresCorrectPosition" methodname="AddNode_StoresCorrectPosition" classname="KexEdit.Graph.Tests.GraphNodeTests" runstate="Runnable" seed="278807983" result="Passed" start-time="2026-01-10 04:43:29Z" end-time="2026-01-10 04:43:29Z" duration="0.000935" asserts="0">
                <properties>
                  <property name="retryIteration" value="0" />
                  <property name="repeatIteration" value="0" />
                </properties>
              </test-case>
              <test-case id="1102" name="AddNode_StoresCorrectType" fullname="KexEdit.Graph.Tests.GraphNodeTests.AddNode_StoresCorrectType" methodname="AddNode_StoresCorrectType" classname="KexEdit.Graph.Tests.GraphNodeTests" runstate="Runnable" seed="153169274" result="Passed" start-time="2026-01-10 04:43:29Z" end-time="2026-01-10 04:43:29Z" duration="0.000228" asserts="0">
                <properties>
                  <property name="retryIteration" value="0" />
                  <property name="repeatIteration" value="0" />
                </properties>
              </test-case>
              <test-case id="1097" name="AddNode_ValidData_IncreasesCount" fullname="KexEdit.Graph.Tests.GraphNodeTests.AddNode_ValidData_IncreasesCount" methodname="AddNode_ValidData_IncreasesCount" classname="KexEdit.Graph.Tests.GraphNodeTests" runstate="Runnable" seed="283315553" result="Passed" start-time="2026-01-10 04:43:29Z" end-time="2026-01-10 04:43:29Z" duration="0.000142" asserts="0">
                <properties>
                  <property name="retryIteration" value="0" />
                  <property name="repeatIteration" value="0" />
                </properties>
              </test-case>
              <test-case id="1103" name="RemoveNode_DecreasesCount" fullname="KexEdit.Graph.Tests.GraphNodeTests.RemoveNode_DecreasesCount" methodname="RemoveNode_DecreasesCount" classname="KexEdit.Graph.Tests.GraphNodeTests" runstate="Runnable" seed="1848452398" result="Passed" start-time="2026-01-10 04:43:29Z" end-time="2026-01-10 04:43:29Z" duration="0.001304" asserts="0">
                <properties>
                  <property name="retryIteration" value="0" />
                  <property name="repeatIteration" value="0" />
                </properties>
              </test-case>
              <test-case id="1104" name="RemoveNode_MakesNodeUnfindable" fullname="KexEdit.Graph.Tests.GraphNodeTests.RemoveNode_MakesNodeUnfindable" methodname="RemoveNode_MakesNodeUnfindable" classname="KexEdit.Graph.Tests.GraphNodeTests" runstate="Runnable" seed="167455361" result="Passed" start-time="2026-01-10 04:43:29Z" end-time="2026-01-10 04:43:29Z" duration="0.000149" asserts="0">
                <properties>
                  <property name="retryIteration" value="0" />
                  <property name="repeatIteration" value="0" />
                </properties>
              </test-case>
              <test-case id="1105" name="RemoveNode_MiddleNode_PreservesOtherNodes" fullname="KexEdit.Graph.Tests.GraphNodeTests.RemoveNode_MiddleNode_PreservesOtherNodes" methodname="RemoveNode_MiddleNode_PreservesOtherNodes" classname="KexEdit.Graph.Tests.GraphNodeTests" runstate="Runnable" seed="1147879604" result="Passed" start-time="2026-01-10 04:43:29Z" end-time="2026-01-10 04:43:29Z" duration="0.000212" asserts="0">
                <properties>
                  <property name="retryIteration" value="0" />
                  <property name="repeatIteration" value="0" />
                </properties>
              </test-case>
              <test-case id="1099" name="TryGetNodeIndex_ExistingNode_ReturnsTrue" fullname="KexEdit.Graph.Tests.GraphNodeTests.TryGetNodeIndex_ExistingNode_ReturnsTrue" methodname="TryGetNodeIndex_ExistingNode_ReturnsTrue" classname="KexEdit.Graph.Tests.GraphNodeTests" runstate="Runnable" seed="1872839676" result="Passed" start-time="2026-01-10 04:43:29Z" end-time="2026-01-10 04:43:29Z" duration="0.000152" asserts="0">
                <properties>
                  <property name="retryIteration" value="0" />
                  <property name="repeatIteration" value="0" />
                </properties>
              </test-case>
              <test-case id="1100" name="TryGetNodeIndex_NonexistentNode_ReturnsFalse" fullname="KexEdit.Graph.Tests.GraphNodeTests.TryGetNodeIndex_NonexistentNode_ReturnsFalse" methodname="TryGetNodeIndex_NonexistentNode_ReturnsFalse" classname="KexEdit.Graph.Tests.GraphNodeTests" runstate="Runnable" seed="1077474475" result="Passed" start-time="2026-01-10 04:43:29Z" end-time="2026-01-10 04:43:29Z" duration="0.000131" asserts="0">
                <properties>
                  <property name="retryIteration" value="0" />
                  <property name="repeatIteration" value="0" />
                </properties>
              </test-case>
            </test-suite>
            <test-suite type="TestFixture" id="1106" name="GraphPortTests" fullname="KexEdit.Graph.Tests.GraphPortTests" classname="KexEdit.Graph.Tests.GraphPortTests" runstate="Runnable" testcasecount="16" result="Passed" start-time="2026-01-10 04:43:29Z" end-time="2026-01-10 04:43:29Z" duration="0.008045" total="16" passed="16" failed="0" inconclusive="0" skipped="0" asserts="0">
              <properties>
                <property name="Category" value="Unit" />
              </properties>
              <test-case id="1108" name="AddInputPort_GeneratesUniqueIds" fullname="KexEdit.Graph.Tests.GraphPortTests.AddInputPort_GeneratesUniqueIds" methodname="AddInputPort_GeneratesUniqueIds" classname="KexEdit.Graph.Tests.GraphPortTests" runstate="Runnable" seed="851412472" result="Passed" start-time="2026-01-10 04:43:29Z" end-time="2026-01-10 04:43:29Z" duration="0.000173" asserts="0">
                <properties>
                  <property name="retryIteration" value="0" />
                  <property name="repeatIteration" value="0" />
                </properties>
              </test-case>
              <test-case id="1111" name="AddInputPort_MarksAsInput" fullname="KexEdit.Graph.Tests.GraphPortTests.AddInputPort_MarksAsInput" methodname="AddInputPort_MarksAsInput" classname="KexEdit.Graph.Tests.GraphPortTests" runstate="Runnable" seed="288108456" result="Passed" start-time="2026-01-10 04:43:29Z" end-time="2026-01-10 04:43:29Z" duration="0.000672" asserts="0">
                <properties>
                  <property name="retryIteration" value="0" />
                  <property name="repeatIteration" value="0" />
                </properties>
              </test-case>
              <test-case id="1110" name="AddInputPort_StoresCorrectOwner" fullname="KexEdit.Graph.Tests.GraphPortTests.AddInputPort_StoresCorrectOwner" methodname="AddInputPort_StoresCorrectOwner" classname="KexEdit.Graph.Tests.GraphPortTests" runstate="Runnable" seed="822523156" result="Passed" start-time="2026-01-10 04:43:29Z" end-time="2026-01-10 04:43:29Z" duration="0.000239" asserts="0">
                <properties>
                  <property name="retryIteration" value="0" />
                  <property name="repeatIteration" value="0" />
                </properties>
              </test-case>
              <test-case id="1109" name="AddInputPort_StoresCorrectPortType" fullname="KexEdit.Graph.Tests.GraphPortTests.AddInputPort_StoresCorrectPortType" methodname="AddInputPort_StoresCorrectPortType" classname="KexEdit.Graph.Tests.GraphPortTests" runstate="Runnable" seed="1315447232" result="Passed" start-time="2026-01-10 04:43:29Z" end-time="2026-01-10 04:43:29Z" duration="0.000215" asserts="0">
                <properties>
                  <property name="retryIteration" value="0" />
                  <property name="repeatIteration" value="0" />
                </properties>
              </test-case>
              <test-case id="1112" name="AddInputPort_UpdatesNodeInputCount" fullname="KexEdit.Graph.Tests.GraphPortTests.AddInputPort_UpdatesNodeInputCount" methodname="AddInputPort_UpdatesNodeInputCount" classname="KexEdit.Graph.Tests.GraphPortTests" runstate="Runnable" seed="1214146130" result="Passed" start-time="2026-01-10 04:43:29Z" end-time="2026-01-10 04:43:29Z" duration="0.000220" asserts="0">
                <properties>
                  <property name="retryIteration" value="0" />
                  <property name="repeatIteration" value="0" />
                </properties>
              </test-case>
              <test-case id="1107" name="AddInputPort_ValidNode_IncreasesPortCount" fullname="KexEdit.Graph.Tests.GraphPortTests.AddInputPort_ValidNode_IncreasesPortCount" methodname="AddInputPort_ValidNode_IncreasesPortCount" classname="KexEdit.Graph.Tests.GraphPortTests" runstate="Runnable" seed="694243813" result="Passed" start-time="2026-01-10 04:43:29Z" end-time="2026-01-10 04:43:29Z" duration="0.000241" asserts="0">
                <properties>
                  <property name="retryIteration" value="0" />
                  <property name="repeatIteration" value="0" />
                </properties>
              </test-case>
              <test-case id="1114" name="AddOutputPort_MarksAsOutput" fullname="KexEdit.Graph.Tests.GraphPortTests.AddOutputPort_MarksAsOutput" methodname="AddOutputPort_MarksAsOutput" classname="KexEdit.Graph.Tests.GraphPortTests" runstate="Runnable" seed="1150925934" result="Passed" start-time="2026-01-10 04:43:29Z" end-time="2026-01-10 04:43:29Z" duration="0.000208" asserts="0">
                <properties>
                  <property name="retryIteration" value="0" />
                  <property name="repeatIteration" value="0" />
                </properties>
              </test-case>
              <test-case id="1115" name="AddOutputPort_UpdatesNodeOutputCount" fullname="KexEdit.Graph.Tests.GraphPortTests.AddOutputPort_UpdatesNodeOutputCount" methodname="AddOutputPort_UpdatesNodeOutputCount" classname="KexEdit.Graph.Tests.GraphPortTests" runstate="Runnable" seed="2082836112" result="Passed" start-time="2026-01-10 04:43:29Z" end-time="2026-01-10 04:43:29Z" duration="0.000216" asserts="0">
                <properties>
                  <property name="retryIteration" value="0" />
                  <property name="repeatIteration" value="0" />
                </properties>
              </test-case>
              <test-case id="1113" name="AddOutputPort_ValidNode_IncreasesPortCount" fullname="KexEdit.Graph.Tests.GraphPortTests.AddOutputPort_ValidNode_IncreasesPortCount" methodname="AddOutputPort_ValidNode_IncreasesPortCount" classname="KexEdit.Graph.Tests.GraphPortTests" runstate="Runnable" seed="218252189" result="Passed" start-time="2026-01-10 04:43:29Z" end-time="2026-01-10 04:43:29Z" duration="0.000141" asserts="0">
                <properties>
                  <property name="retryIteration" value="0" />
                  <property name="repeatIteration" value="0" />
                </properties>
              </test-case>
              <test-case id="1116" name="GetInputPorts_NodeWithInputs_ReturnsCorrectPorts" fullname="KexEdit.Graph.Tests.GraphPortTests.GetInputPorts_NodeWithInputs_ReturnsCorrectPorts" methodname="GetInputPorts_NodeWithInputs_ReturnsCorrectPorts" classname="KexEdit.Graph.Tests.GraphPortTests" runstate="Runnable" seed="480101547" result="Passed" start-time="2026-01-10 04:43:29Z" end-time="2026-01-10 04:43:29Z" duration="0.000659" asserts="0">
                <properties>
                  <property name="retryIteration" value="0" />
                  <property name="repeatIteration" value="0" />
                </properties>
              </test-case>
              <test-case id="1117" name="GetInputPorts_NodeWithNoInputs_ReturnsEmptyArray" fullname="KexEdit.Graph.Tests.GraphPortTests.GetInputPorts_NodeWithNoInputs_ReturnsEmptyArray" methodname="GetInputPorts_NodeWithNoInputs_ReturnsEmptyArray" classname="KexEdit.Graph.Tests.GraphPortTests" runstate="Runnable" seed="1646914979" result="Passed" start-time="2026-01-10 04:43:29Z" end-time="2026-01-10 04:43:29Z" duration="0.000156" asserts="0">
                <properties>
                  <property name="retryIteration" value="0" />
                  <property name="repeatIteration" value="0" />
                </properties>
              </test-case>
              <test-case id="1119" name="GetOutputPorts_NodeWithNoOutputs_ReturnsEmptyArray" fullname="KexEdit.Graph.Tests.GraphPortTests.GetOutputPorts_NodeWithNoOutputs_ReturnsEmptyArray" methodname="GetOutputPorts_NodeWithNoOutputs_ReturnsEmptyArray" classname="KexEdit.Graph.Tests.GraphPortTests" runstate="Runnable" seed="336785599" result="Passed" start-time="2026-01-10 04:43:29Z" end-time="2026-01-10 04:43:29Z" duration="0.000567" asserts="0">
                <properties>
                  <property name="retryIteration" value="0" />
                  <property name="repeatIteration" value="0" />
                </properties>
              </test-case>
              <test-case id="1118" name="GetOutputPorts_NodeWithOutputs_ReturnsCorrectPorts" fullname="KexEdit.Graph.Tests.GraphPortTests.GetOutputPorts_NodeWithOutputs_ReturnsCorrectPorts" methodname="GetOutputPorts_NodeWithOutputs_ReturnsCorrectPorts" classname="KexEdit.Graph.Tests.GraphPortTests" runstate="Runnable" seed="1384399401" result="Passed" start-time="2026-01-10 04:43:29Z" end-time="2026-01-10 04:43:29Z" duration="0.000257" asserts="0">
                <properties>
                  <property name="retryIteration" value="0" />
                  <property name="repeatIteration" value="0" />
                </properties>
              </test-case>
              <test-case id="1120" name="RemovePort_DecreasesPortCount" fullname="KexEdit.Graph.Tests.GraphPortTests.RemovePort_DecreasesPortCount" methodname="RemovePort_DecreasesPortCount" classname="KexEdit.Graph.Tests.GraphPortTests" runstate="Runnable" seed="1037487739" result="Passed" start-time="2026-01-10 04:43:29Z" end-time="2026-01-10 04:43:29Z" duration="0.001535" asserts="0">
                <properties>
                  <property name="retryIteration" value="0" />
                  <property name="repeatIteration" value="0" />
                </properties>
              </test-case>
              <test-case id="1121" name="RemovePort_UpdatesNodeInputCount" fullname="KexEdit.Graph.Tests.GraphPortTests.RemovePort_UpdatesNodeInputCount" methodname="RemovePort_UpdatesNodeInputCount" classname="KexEdit.Graph.Tests.GraphPortTests" runstate="Runnable" seed="1277685607" result="Passed" start-time="2026-01-10 04:43:29Z" end-time="2026-01-10 04:43:29Z" duration="0.000243" asserts="0">
                <properties>
                  <property name="retryIteration" value="0" />
                  <property name="repeatIteration" value="0" />
                </properties>
              </test-case>
              <test-case id="1122" name="RemovePort_UpdatesNodeOutputCount" fullname="KexEdit.Graph.Tests.GraphPortTests.RemovePort_UpdatesNodeOutputCount" methodname="RemovePort_UpdatesNodeOutputCount" classname="KexEdit.Graph.Tests.GraphPortTests" runstate="Runnable" seed="1216707785" result="Passed" start-time="2026-01-10 04:43:29Z" end-time="2026-01-10 04:43:29Z" duration="0.000223" asserts="0">
                <properties>
                  <property name="retryIteration" value="0" />
                  <property name="repeatIteration" value="0" />
                </properties>
              </test-case>
            </test-suite>
            <test-suite type="TestFixture" id="1123" name="GraphSerializationTests" fullname="KexEdit.Graph.Tests.GraphSerializationTests" classname="KexEdit.Graph.Tests.GraphSerializationTests" runstate="Runnable" testcasecount="13" result="Passed" start-time="2026-01-10 04:43:29Z" end-time="2026-01-10 04:43:29Z" duration="0.007366" total="13" passed="13" failed="0" inconclusive="0" skipped="0" asserts="0">
              <properties>
                <property name="Category" value="Unit" />
              </properties>
              <test-case id="1129" name="NextEdgeId_AfterAddingEdge_Increments" fullname="KexEdit.Graph.Tests.GraphSerializationTests.NextEdgeId_AfterAddingEdge_Increments" methodname="NextEdgeId_AfterAddingEdge_Increments" classname="KexEdit.Graph.Tests.GraphSerializationTests" runstate="Runnable" seed="1940248112" result="Passed" start-time="2026-01-10 04:43:29Z" end-time="2026-01-10 04:43:29Z" duration="0.000173" asserts="0">
                <properties>
                  <property name="retryIteration" value="0" />
                  <property name="repeatIteration" value="0" />
                </properties>
              </test-case>
              <test-case id="1126" name="NextEdgeId_DefaultGraph_StartsAtOne" fullname="KexEdit.Graph.Tests.GraphSerializationTests.NextEdgeId_DefaultGraph_StartsAtOne" methodname="NextEdgeId_DefaultGraph_StartsAtOne" classname="KexEdit.Graph.Tests.GraphSerializationTests" runstate="Runnable" seed="643139845" result="Passed" start-time="2026-01-10 04:43:29Z" end-time="2026-01-10 04:43:29Z" duration="0.000122" asserts="0">
                <properties>
                  <property name="retryIteration" value="0" />
                  <property name="repeatIteration" value="0" />
                </properties>
              </test-case>
              <test-case id="1127" name="NextNodeId_AfterAddingNode_Increments" fullname="KexEdit.Graph.Tests.GraphSerializationTests.NextNodeId_AfterAddingNode_Increments" methodname="NextNodeId_AfterAddingNode_Increments" classname="KexEdit.Graph.Tests.GraphSerializationTests" runstate="Runnable" seed="326387720" result="Passed" start-time="2026-01-10 04:43:29Z" end-time="2026-01-10 04:43:29Z" duration="0.000128" asserts="0">
                <properties>
                  <property name="retryIteration" value="0" />
                  <property name="repeatIteration" value="0" />
                </properties>
              </test-case>
              <test-case id="1124" name="NextNodeId_DefaultGraph_StartsAtOne" fullname="KexEdit.Graph.Tests.GraphSerializationTests.NextNodeId_DefaultGraph_StartsAtOne" methodname="NextNodeId_DefaultGraph_StartsAtOne" classname="KexEdit.Graph.Tests.GraphSerializationTests" runstate="Runnable" seed="561569289" result="Passed" start-time="2026-01-10 04:43:29Z" end-time="2026-01-10 04:43:29Z" duration="0.000116" asserts="0">
                <properties>
                  <property name="retryIteration" value="0" />
                  <property name="repeatIteration" value="0" />
                </properties>
              </test-case>
              <test-case id="1128" name="NextPortId_AfterAddingPort_Increments" fullname="KexEdit.Graph.Tests.GraphSerializationTests.NextPortId_AfterAddingPort_Increments" methodname="NextPortId_AfterAddingPort_Increments" classname="KexEdit.Graph.Tests.GraphSerializationTests" runstate="Runnable" seed="1698404020" result="Passed" start-time="2026-01-10 04:43:29Z" end-time="2026-01-10 04:43:29Z" duration="0.000131" asserts="0">
                <properties>
                  <property name="retryIteration" value="0" />
                  <property name="repeatIteration" value="0" />
                </properties>
              </test-case>
              <test-case id="1125" name="NextPortId_DefaultGraph_StartsAtOne" fullname="KexEdit.Graph.Tests.GraphSerializationTests.NextPortId_DefaultGraph_StartsAtOne" methodname="NextPortId_DefaultGraph_StartsAtOne" classname="KexEdit.Graph.Tests.GraphSerializationTests" runstate="Runnable" seed="1030723470" result="Passed" start-time="2026-01-10 04:43:29Z" end-time="2026-01-10 04:43:29Z" duration="0.000114" asserts="0">
                <properties>
                  <property name="retryIteration" value="0" />
                  <property name="repeatIteration" value="0" />
                </properties>
              </test-case>
              <test-case id="1136" name="RebuildIndexMaps_AfterNodeRemoval_CorrectIndices" fullname="KexEdit.Graph.Tests.GraphSerializationTests.RebuildIndexMaps_AfterNodeRemoval_CorrectIndices" methodname="RebuildIndexMaps_AfterNodeRemoval_CorrectIndices" classname="KexEdit.Graph.Tests.GraphSerializationTests" runstate="Runnable" seed="299388731" result="Passed" start-time="2026-01-10 04:43:29Z" end-time="2026-01-10 04:43:29Z" duration="0.001230" asserts="0">
                <properties>
                  <property name="retryIteration" value="0" />
                  <property name="repeatIteration" value="0" />
                </properties>
              </test-case>
              <test-case id="1135" name="RebuildIndexMaps_CalledMultipleTimes_Idempotent" fullname="KexEdit.Graph.Tests.GraphSerializationTests.RebuildIndexMaps_CalledMultipleTimes_Idempotent" methodname="RebuildIndexMaps_CalledMultipleTimes_Idempotent" classname="KexEdit.Graph.Tests.GraphSerializationTests" runstate="Runnable" seed="222235619" result="Passed" start-time="2026-01-10 04:43:29Z" end-time="2026-01-10 04:43:29Z" duration="0.000155" asserts="0">
                <properties>
                  <property name="retryIteration" value="0" />
                  <property name="repeatIteration" value="0" />
                </properties>
              </test-case>
              <test-case id="1130" name="RebuildIndexMaps_EmptyGraph_Succeeds" fullname="KexEdit.Graph.Tests.GraphSerializationTests.RebuildIndexMaps_EmptyGraph_Succeeds" methodname="RebuildIndexMaps_EmptyGraph_Succeeds" classname="KexEdit.Graph.Tests.GraphSerializationTests" runstate="Runnable" seed="186243599" result="Passed" start-time="2026-01-10 04:43:29Z" end-time="2026-01-10 04:43:29Z" duration="0.000146" asserts="0">
                <properties>
                  <property name="retryIteration" value="0" />
                  <property name="repeatIteration" value="0" />
                </properties>
              </test-case>
              <test-case id="1133" name="RebuildIndexMaps_FullGraph_RebuildsAllIndexMaps" fullname="KexEdit.Graph.Tests.GraphSerializationTests.RebuildIndexMaps_FullGraph_RebuildsAllIndexMaps" methodname="RebuildIndexMaps_FullGraph_RebuildsAllIndexMaps" classname="KexEdit.Graph.Tests.GraphSerializationTests" runstate="Runnable" seed="1588272988" result="Passed" start-time="2026-01-10 04:43:29Z" end-time="2026-01-10 04:43:29Z" duration="0.000202" asserts="0">
                <properties>
                  <property name="retryIteration" value="0" />
                  <property name="repeatIteration" value="0" />
                </properties>
              </test-case>
              <test-case id="1132" name="RebuildIndexMaps_NodesAndPorts_RebuildsPortIndexMap" fullname="KexEdit.Graph.Tests.GraphSerializationTests.RebuildIndexMaps_NodesAndPorts_RebuildsPortIndexMap" methodname="RebuildIndexMaps_NodesAndPorts_RebuildsPortIndexMap" classname="KexEdit.Graph.Tests.GraphSerializationTests" runstate="Runnable" seed="1124371679" result="Passed" start-time="2026-01-10 04:43:29Z" end-time="2026-01-10 04:43:29Z" duration="0.000196" asserts="0">
                <properties>
                  <property name="retryIteration" value="0" />
                  <property name="repeatIteration" value="0" />
                </properties>
              </test-case>
              <test-case id="1131" name="RebuildIndexMaps_NodesOnly_RebuildsNodeIndexMap" fullname="KexEdit.Graph.Tests.GraphSerializationTests.RebuildIndexMaps_NodesOnly_RebuildsNodeIndexMap" methodname="RebuildIndexMaps_NodesOnly_RebuildsNodeIndexMap" classname="KexEdit.Graph.Tests.GraphSerializationTests" runstate="Runnable" seed="410280956" result="Passed" start-time="2026-01-10 04:43:29Z" end-time="2026-01-10 04:43:29Z" duration="0.000212" asserts="0">
                <properties>
                  <property name="retryIteration" value="0" />
                  <property name="repeatIteration" value="0" />
                </properties>
              </test-case>
              <test-case id="1134" name="SimulateRoundTrip_ComplexGraph_PreservesStructure" fullname="KexEdit.Graph.Tests.GraphSerializationTests.SimulateRoundTrip_ComplexGraph_PreservesStructure" methodname="SimulateRoundTrip_ComplexGraph_PreservesStructure" classname="KexEdit.Graph.Tests.GraphSerializationTests" runstate="Runnable" seed="615151320" result="Passed" start-time="2026-01-10 04:43:29Z" end-time="2026-01-10 04:43:29Z" duration="0.002692" asserts="0">
                <properties>
                  <property name="retryIteration" value="0" />
                  <property name="repeatIteration" value="0" />
                </properties>
              </test-case>
            </test-suite>
            <test-suite type="TestFixture" id="1137" name="GraphStructureTests" fullname="KexEdit.Graph.Tests.GraphStructureTests" classname="KexEdit.Graph.Tests.GraphStructureTests" runstate="Runnable" testcasecount="5" result="Passed" start-time="2026-01-10 04:43:29Z" end-time="2026-01-10 04:43:29Z" duration="0.001662" total="5" passed="5" failed="0" inconclusive="0" skipped="0" asserts="0">
              <properties>
                <property name="Category" value="Unit" />
              </properties>
              <test-case id="1138" name="Graph_Create_AllocatesLists" fullname="KexEdit.Graph.Tests.GraphStructureTests.Graph_Create_AllocatesLists" methodname="Graph_Create_AllocatesLists" classname="KexEdit.Graph.Tests.GraphStructureTests" runstate="Runnable" seed="305005780" result="Passed" start-time="2026-01-10 04:43:29Z" end-time="2026-01-10 04:43:29Z" duration="0.000184" asserts="0">
                <properties>
                  <property name="retryIteration" value="0" />
                  <property name="repeatIteration" value="0" />
                </properties>
              </test-case>
              <test-case id="1139" name="Graph_Dispose_FreesMemory" fullname="KexEdit.Graph.Tests.GraphStructureTests.Graph_Dispose_FreesMemory" methodname="Graph_Dispose_FreesMemory" classname="KexEdit.Graph.Tests.GraphStructureTests" runstate="Runnable" seed="1325992143" result="Passed" start-time="2026-01-10 04:43:29Z" end-time="2026-01-10 04:43:29Z" duration="0.000145" asserts="0">
                <properties>
                  <property name="retryIteration" value="0" />
                  <property name="repeatIteration" value="0" />
                </properties>
              </test-case>
              <test-case id="1142" name="Graph_EdgeCount_ReturnsCorrectValue" fullname="KexEdit.Graph.Tests.GraphStructureTests.Graph_EdgeCount_ReturnsCorrectValue" methodname="Graph_EdgeCount_ReturnsCorrectValue" classname="KexEdit.Graph.Tests.GraphStructureTests" runstate="Runnable" seed="1103843645" result="Passed" start-time="2026-01-10 04:43:29Z" end-time="2026-01-10 04:43:29Z" duration="0.000134" asserts="0">
                <properties>
                  <property name="retryIteration" value="0" />
                  <property name="repeatIteration" value="0" />
                </properties>
              </test-case>
              <test-case id="1140" name="Graph_NodeCount_ReturnsCorrectValue" fullname="KexEdit.Graph.Tests.GraphStructureTests.Graph_NodeCount_ReturnsCorrectValue" methodname="Graph_NodeCount_ReturnsCorrectValue" classname="KexEdit.Graph.Tests.GraphStructureTests" runstate="Runnable" seed="1176272281" result="Passed" start-time="2026-01-10 04:43:29Z" end-time="2026-01-10 04:43:29Z" duration="0.000117" asserts="0">
                <properties>
                  <property name="retryIteration" value="0" />
                  <property name="repeatIteration" value="0" />
                </properties>
              </test-case>
              <test-case id="1141" name="Graph_PortCount_ReturnsCorrectValue" fullname="KexEdit.Graph.Tests.GraphStructureTests.Graph_PortCount_ReturnsCorrectValue" methodname="Graph_PortCount_ReturnsCorrectValue" classname="KexEdit.Graph.Tests.GraphStructureTests" runstate="Runnable" seed="480435827" result="Passed" start-time="2026-01-10 04:43:29Z" end-time="2026-01-10 04:43:29Z" duration="0.000117" asserts="0">
                <properties>
                  <property name="retryIteration" value="0" />
                  <property name="repeatIteration" value="0" />
                </properties>
              </test-case>
            </test-suite>
            <test-suite type="TestFixture" id="1143" name="GraphValidationTests" fullname="KexEdit.Graph.Tests.GraphValidationTests" classname="KexEdit.Graph.Tests.GraphValidationTests" runstate="Runnable" testcasecount="7" result="Passed" start-time="2026-01-10 04:43:29Z" end-time="2026-01-10 04:43:29Z" duration="0.003474" total="7" passed="7" failed="0" inconclusive="0" skipped="0" asserts="0">
              <properties>
                <property name="Category" value="Unit" />
              </properties>
              <test-case id="1149" name="HasCycle_ComplexCycle_ReturnsTrue" fullname="KexEdit.Graph.Tests.GraphValidationTests.HasCycle_ComplexCycle_ReturnsTrue" methodname="HasCycle_ComplexCycle_ReturnsTrue" classname="KexEdit.Graph.Tests.GraphValidationTests" runstate="Runnable" seed="2094192763" result="Passed" start-time="2026-01-10 04:43:29Z" end-time="2026-01-10 04:43:29Z" duration="0.001392" asserts="0">
                <properties>
                  <property name="retryIteration" value="0" />
                  <property name="repeatIteration" value="0" />
                </properties>
              </test-case>
              <test-case id="1150" name="HasCycle_DiamondShape_ReturnsFalse" fullname="KexEdit.Graph.Tests.GraphValidationTests.HasCycle_DiamondShape_ReturnsFalse" methodname="HasCycle_DiamondShape_ReturnsFalse" classname="KexEdit.Graph.Tests.GraphValidationTests" runstate="Runnable" seed="323258115" result="Passed" start-time="2026-01-10 04:43:29Z" end-time="2026-01-10 04:43:29Z" duration="0.000212" asserts="0">
                <properties>
                  <property name="retryIteration" value="0" />
                  <property name="repeatIteration" value="0" />
                </properties>
              </test-case>
              <test-case id="1144" name="HasCycle_EmptyGraph_ReturnsFalse" fullname="KexEdit.Graph.Tests.GraphValidationTests.HasCycle_EmptyGraph_ReturnsFalse" methodname="HasCycle_EmptyGraph_ReturnsFalse" classname="KexEdit.Graph.Tests.GraphValidationTests" runstate="Runnable" seed="431891277" result="Passed" start-time="2026-01-10 04:43:29Z" end-time="2026-01-10 04:43:29Z" duration="0.000122" asserts="0">
                <properties>
                  <property name="retryIteration" value="0" />
                  <property name="repeatIteration" value="0" />
                </properties>
              </test-case>
              <test-case id="1146" name="HasCycle_LinearChain_ReturnsFalse" fullname="KexEdit.Graph.Tests.GraphValidationTests.HasCycle_LinearChain_ReturnsFalse" methodname="HasCycle_LinearChain_ReturnsFalse" classname="KexEdit.Graph.Tests.GraphValidationTests" runstate="Runnable" seed="712373706" result="Passed" start-time="2026-01-10 04:43:29Z" end-time="2026-01-10 04:43:29Z" duration="0.000166" asserts="0">
                <properties>
                  <property name="retryIteration" value="0" />
                  <property name="repeatIteration" value="0" />
                </properties>
              </test-case>
              <test-case id="1148" name="HasCycle_SelfLoop_ReturnsTrue" fullname="KexEdit.Graph.Tests.GraphValidationTests.HasCycle_SelfLoop_ReturnsTrue" methodname="HasCycle_SelfLoop_ReturnsTrue" classname="KexEdit.Graph.Tests.GraphValidationTests" runstate="Runnable" seed="2063290897" result="Passed" start-time="2026-01-10 04:43:29Z" end-time="2026-01-10 04:43:29Z" duration="0.000139" asserts="0">
                <properties>
                  <property name="retryIteration" value="0" />
                  <property name="repeatIteration" value="0" />
                </properties>
              </test-case>
              <test-case id="1147" name="HasCycle_SimpleCycle_ReturnsTrue" fullname="KexEdit.Graph.Tests.GraphValidationTests.HasCycle_SimpleCycle_ReturnsTrue" methodname="HasCycle_SimpleCycle_ReturnsTrue" classname="KexEdit.Graph.Tests.GraphValidationTests" runstate="Runnable" seed="293261485" result="Passed" start-time="2026-01-10 04:43:29Z" end-time="2026-01-10 04:43:29Z" duration="0.000159" asserts="0">
                <properties>
                  <property name="retryIteration" value="0" />
                  <property name="repeatIteration" value="0" />
                </properties>
              </test-case>
              <test-case id="1145" name="HasCycle_SingleNode_ReturnsFalse" fullname="KexEdit.Graph.Tests.GraphValidationTests.HasCycle_SingleNode_ReturnsFalse" methodname="HasCycle_SingleNode_ReturnsFalse" classname="KexEdit.Graph.Tests.GraphValidationTests" runstate="Runnable" seed="299329992" result="Passed" start-time="2026-01-10 04:43:29Z" end-time="2026-01-10 04:43:29Z" duration="0.000134" asserts="0">
                <properties>
                  <property name="retryIteration" value="0" />
                  <property name="repeatIteration" value="0" />
                </properties>
              </test-case>
            </test-suite>
          </test-suite>
        </test-suite>
        <test-suite type="TestSuite" id="1600" name="Tests" fullname="KexEdit.Tests" runstate="Runnable" testcasecount="6" result="Passed" start-time="2026-01-10 04:43:29Z" end-time="2026-01-10 04:43:29Z" duration="0.011336" total="6" passed="6" failed="0" inconclusive="0" skipped="0" asserts="0">
          <properties />
          <test-suite type="TestSuite" id="1601" name="RustCore" fullname="KexEdit.Tests.RustCore" runstate="Runnable" testcasecount="6" result="Passed" start-time="2026-01-10 04:43:29Z" end-time="2026-01-10 04:43:29Z" duration="0.010876" total="6" passed="6" failed="0" inconclusive="0" skipped="0" asserts="0">
            <properties />
            <test-suite type="TestFixture" id="1066" name="RustFrameTests" fullname="KexEdit.Tests.RustCore.RustFrameTests" classname="KexEdit.Tests.RustCore.RustFrameTests" runstate="Runnable" testcasecount="6" result="Passed" start-time="2026-01-10 04:43:29Z" end-time="2026-01-10 04:43:29Z" duration="0.010442" total="6" passed="6" failed="0" inconclusive="0" skipped="0" asserts="0">
              <properties />
              <test-case id="1072" name="TestRollMatchesCSharp" fullname="KexEdit.Tests.RustCore.RustFrameTests.TestRollMatchesCSharp" methodname="TestRollMatchesCSharp" classname="KexEdit.Tests.RustCore.RustFrameTests" runstate="Runnable" seed="955421360" result="Passed" start-time="2026-01-10 04:43:29Z" end-time="2026-01-10 04:43:29Z" duration="0.003828" asserts="0">
                <properties>
                  <property name="retryIteration" value="0" />
                  <property name="repeatIteration" value="0" />
                </properties>
              </test-case>
              <test-case id="1068" name="TestRotateAroundMatchesCSharp" fullname="KexEdit.Tests.RustCore.RustFrameTests.TestRotateAroundMatchesCSharp" methodname="TestRotateAroundMatchesCSharp" classname="KexEdit.Tests.RustCore.RustFrameTests" runstate="Runnable" seed="1396585075" result="Passed" start-time="2026-01-10 04:43:29Z" end-time="2026-01-10 04:43:29Z" duration="0.002057" asserts="0">
                <properties>
                  <property name="retryIteration" value="0" />
                  <property name="repeatIteration" value="0" />
                </properties>
              </test-case>
              <test-case id="1067" name="TestRustFrameConversion" fullname="KexEdit.Tests.RustCore.RustFrameTests.TestRustFrameConversion" methodname="TestRustFrameConversion" classname="KexEdit.Tests.RustCore.RustFrameTests" runstate="Runnable" seed="1174922973" result="Passed" start-time="2026-01-10 04:43:29Z" end-time="2026-01-10 04:43:29Z" duration="0.000216" asserts="0">
                <properties>
                  <property name="retryIteration" value="0" />
                  <property name="repeatIteration" value="0" />
                </properties>
              </test-case>
              <test-case id="1070" name="TestWithPitchMatchesCSharp" fullname="KexEdit.Tests.RustCore.RustFrameTests.TestWithPitchMatchesCSharp" methodname="TestWithPitchMatchesCSharp" classname="KexEdit.Tests.RustCore.RustFrameTests" runstate="Runnable" seed="950135899" result="Passed" start-time="2026-01-10 04:43:29Z" end-time="2026-01-10 04:43:29Z" duration="0.001457" asserts="0">
                <properties>
                  <property name="retryIteration" value="0" />
                  <property name="repeatIteration" value="0" />
                </properties>
              </test-case>
              <test-case id="1069" name="TestWithRollMatchesCSharp" fullname="KexEdit.Tests.RustCore.RustFrameTests.TestWithRollMatchesCSharp" methodname="TestWithRollMatchesCSharp" classname="KexEdit.Tests.RustCore.RustFrameTests" runstate="Runnable" seed="1890718874" result="Passed" start-time="2026-01-10 04:43:29Z" end-time="2026-01-10 04:43:29Z" duration="0.000291" asserts="0">
                <properties>
                  <property name="retryIteration" value="0" />
                  <property name="repeatIteration" value="0" />
                </properties>
              </test-case>
              <test-case id="1071" name="TestWithYawMatchesCSharp" fullname="KexEdit.Tests.RustCore.RustFrameTests.TestWithYawMatchesCSharp" methodname="TestWithYawMatchesCSharp" classname="KexEdit.Tests.RustCore.RustFrameTests" runstate="Runnable" seed="1034808704" result="Passed" start-time="2026-01-10 04:43:29Z" end-time="2026-01-10 04:43:29Z" duration="0.001249" asserts="0">
                <properties>
                  <property name="retryIteration" value="0" />
                  <property name="repeatIteration" value="0" />
                </properties>
              </test-case>
            </test-suite>
          </test-suite>
        </test-suite>
      </test-suite>
      <test-suite type="TestSuite" id="1595" name="NodeGraph" fullname="NodeGraph" runstate="Runnable" testcasecount="27" result="Passed" start-time="2026-01-10 04:43:29Z" end-time="2026-01-10 04:43:29Z" duration="0.022115" total="27" passed="27" failed="0" inconclusive="0" skipped="0" asserts="0">
        <properties />
        <test-suite type="TestSuite" id="1596" name="Tests" fullname="NodeGraph.Tests" runstate="Runnable" testcasecount="27" result="Passed" start-time="2026-01-10 04:43:29Z" end-time="2026-01-10 04:43:29Z" duration="0.021276" total="27" passed="27" failed="0" inconclusive="0" skipped="0" asserts="0">
          <properties />
          <test-suite type="TestFixture" id="1044" name="ConnectionValidatorTests" fullname="NodeGraph.Tests.ConnectionValidatorTests" classname="NodeGraph.Tests.ConnectionValidatorTests" runstate="Runnable" testcasecount="11" result="Passed" start-time="2026-01-10 04:43:29Z" end-time="2026-01-10 04:43:29Z" duration="0.008731" total="11" passed="11" failed="0" inconclusive="0" skipped="0" asserts="0">
            <properties>
              <property name="Category" value="Unit" />
            </properties>
            <test-case id="1051" name="AddValidatedEdge_InvalidConnection_ReturnsZero" fullname="NodeGraph.Tests.ConnectionValidatorTests.AddValidatedEdge_InvalidConnection_ReturnsZero" methodname="AddValidatedEdge_InvalidConnection_ReturnsZero" classname="NodeGraph.Tests.ConnectionValidatorTests" runstate="Runnable" seed="1924206878" result="Passed" start-time="2026-01-10 04:43:29Z" end-time="2026-01-10 04:43:29Z" duration="0.001189" asserts="0">
              <properties>
                <property name="retryIteration" value="0" />
                <property name="repeatIteration" value="0" />
              </properties>
            </test-case>
            <test-case id="1050" name="AddValidatedEdge_ValidConnection_CreatesEdge" fullname="NodeGraph.Tests.ConnectionValidatorTests.AddValidatedEdge_ValidConnection_CreatesEdge" methodname="AddValidatedEdge_ValidConnection_CreatesEdge" classname="NodeGraph.Tests.ConnectionValidatorTests" runstate="Runnable" seed="729101140" result="Passed" start-time="2026-01-10 04:43:29Z" end-time="2026-01-10 04:43:29Z" duration="0.000407" asserts="0">
              <properties>
                <property name="retryIteration" value="0" />
                <property name="repeatIteration" value="0" />
              </properties>
            </test-case>
            <test-case id="1052" name="ValidateAllEdges_ValidGraph_ReturnsTrue" fullname="NodeGraph.Tests.ConnectionValidatorTests.ValidateAllEdges_ValidGraph_ReturnsTrue" methodname="ValidateAllEdges_ValidGraph_ReturnsTrue" classname="NodeGraph.Tests.ConnectionValidatorTests" runstate="Runnable" seed="1272784379" result="Passed" start-time="2026-01-10 04:43:29Z" end-time="2026-01-10 04:43:29Z" duration="0.001191" asserts="0">
              <properties>
                <property name="retryIteration" value="0" />
                <property name="repeatIteration" value="0" />
              </properties>
            </test-case>
            <test-case id="1045" name="ValidateConnection_CompatiblePorts_ReturnsSuccess" fullname="NodeGraph.Tests.ConnectionValidatorTests.ValidateConnection_CompatiblePorts_ReturnsSuccess" methodname="ValidateConnection_CompatiblePorts_ReturnsSuccess" classname="NodeGraph.Tests.ConnectionValidatorTests" runstate="Runnable" seed="849223247" result="Passed" start-time="2026-01-10 04:43:29Z" end-time="2026-01-10 04:43:29Z" duration="0.001790" asserts="0">
              <properties>
                <property name="retryIteration" value="0" />
                <property name="repeatIteration" value="0" />
              </properties>
            </test-case>
            <test-case id="1046" name="ValidateConnection_IncompatibleTypes_ReturnsError" fullname="NodeGraph.Tests.ConnectionValidatorTests.ValidateConnection_IncompatibleTypes_ReturnsError" methodname="ValidateConnection_IncompatibleTypes_ReturnsError" classname="NodeGraph.Tests.ConnectionValidatorTests" runstate="Runnable" seed="1806272185" result="Passed" start-time="2026-01-10 04:43:29Z" end-time="2026-01-10 04:43:29Z" duration="0.000394" asserts="0">
              <properties>
                <property name="retryIteration" value="0" />
                <property name="repeatIteration" value="0" />
              </properties>
            </test-case>
            <test-case id="1048" name="ValidateConnection_InputToOutput_ReturnsError" fullname="NodeGraph.Tests.ConnectionValidatorTests.ValidateConnection_InputToOutput_ReturnsError" methodname="ValidateConnection_InputToOutput_ReturnsError" classname="NodeGraph.Tests.ConnectionValidatorTests" runstate="Runnable" seed="233435367" result="Passed" start-time="2026-01-10 04:43:29Z" end-time="2026-01-10 04:43:29Z" duration="0.000370" asserts="0">
              <properties>
                <property name="retryIteration" value="0" />
                <property name="repeatIteration" value="0" />
              </properties>
            </test-case>
            <test-case id="1047" name="ValidateConnection_OutputToOutput_ReturnsError" fullname="NodeGraph.Tests.ConnectionValidatorTests.ValidateConnection_OutputToOutput_ReturnsError" methodname="ValidateConnection_OutputToOutput_ReturnsError" classname="NodeGraph.Tests.ConnectionValidatorTests" runstate="Runnable" seed="951164006" result="Passed" start-time="2026-01-10 04:43:29Z" end-time="2026-01-10 04:43:29Z" duration="0.000358" asserts="0">
              <properties>
                <property name="retryIteration" value="0" />
                <property name="repeatIteration" value="0" />
              </properties>
            </test-case>
            <test-case id="1053" name="ValidateConnection_ScalarToScalarInput_ReturnsSuccess" fullname="NodeGraph.Tests.ConnectionValidatorTests.ValidateConnection_ScalarToScalarInput_ReturnsSuccess" methodname="ValidateConnection_ScalarToScalarInput_ReturnsSuccess" classname="NodeGraph.Tests.ConnectionValidatorTests" runstate="Runnable" seed="1835006472" result="Passed" start-time="2026-01-10 04:43:29Z" end-time="2026-01-10 04:43:29Z" duration="0.000330" asserts="0">
              <properties>
                <property name="retryIteration" value="0" />
                <property name="repeatIteration" value="0" />
              </properties>
            </test-case>
            <test-case id="1055" name="ValidateConnection_ScalarToVectorInput_ReturnsError" fullname="NodeGraph.Tests.ConnectionValidatorTests.ValidateConnection_ScalarToVectorInput_ReturnsError" methodname="ValidateConnection_ScalarToVectorInput_ReturnsError" classname="NodeGraph.Tests.ConnectionValidatorTests" runstate="Runnable" seed="2076434151" result="Passed" start-time="2026-01-10 04:43:29Z" end-time="2026-01-10 04:43:29Z" duration="0.000307" asserts="0">
              <properties>
                <property name="retryIteration" value="0" />
                <property name="repeatIteration" value="0" />
              </properties>
            </test-case>
            <test-case id="1049" name="ValidateConnection_SelfConnection_ReturnsError" fullname="NodeGraph.Tests.ConnectionValidatorTests.ValidateConnection_SelfConnection_ReturnsError" methodname="ValidateConnection_SelfConnection_ReturnsError" classname="NodeGraph.Tests.ConnectionValidatorTests" runstate="Runnable" seed="1834189648" result="Passed" start-time="2026-01-10 04:43:29Z" end-time="2026-01-10 04:43:29Z" duration="0.000289" asserts="0">
              <properties>
                <property name="retryIteration" value="0" />
                <property name="repeatIteration" value="0" />
              </properties>
            </test-case>
            <test-case id="1054" name="ValidateConnection_VectorToPositionInput_ReturnsSuccess" fullname="NodeGraph.Tests.ConnectionValidatorTests.ValidateConnection_VectorToPositionInput_ReturnsSuccess" methodname="ValidateConnection_VectorToPositionInput_ReturnsSuccess" classname="NodeGraph.Tests.ConnectionValidatorTests" runstate="Runnable" seed="753624639" result="Passed" start-time="2026-01-10 04:43:29Z" end-time="2026-01-10 04:43:29Z" duration="0.000292" asserts="0">
              <properties>
                <property name="retryIteration" value="0" />
                <property name="repeatIteration" value="0" />
              </properties>
            </test-case>
          </test-suite>
          <test-suite type="TestFixture" id="1026" name="PortSpecLookupTests" fullname="NodeGraph.Tests.PortSpecLookupTests" classname="NodeGraph.Tests.PortSpecLookupTests" runstate="Runnable" testcasecount="7" result="Passed" start-time="2026-01-10 04:43:29Z" end-time="2026-01-10 04:43:29Z" duration="0.005849" total="7" passed="7" failed="0" inconclusive="0" skipped="0" asserts="0">
            <properties>
              <property name="Category" value="Unit" />
            </properties>
            <test-case id="1031" name="TryGetInput_FindsCorrectPort" fullname="NodeGraph.Tests.PortSpecLookupTests.TryGetInput_FindsCorrectPort" methodname="TryGetInput_FindsCorrectPort" classname="NodeGraph.Tests.PortSpecLookupTests" runstate="Runnable" seed="316813764" result="Passed" start-time="2026-01-10 04:43:29Z" end-time="2026-01-10 04:43:29Z" duration="0.001018" asserts="0">
              <properties>
                <property name="retryIteration" value="0" />
                <property name="repeatIteration" value="0" />
              </properties>
            </test-case>
            <test-case id="1032" name="TryGetInput_InvalidIndex_ReturnsFalse" fullname="NodeGraph.Tests.PortSpecLookupTests.TryGetInput_InvalidIndex_ReturnsFalse" methodname="TryGetInput_InvalidIndex_ReturnsFalse" classname="NodeGraph.Tests.PortSpecLookupTests" runstate="Runnable" seed="1764331764" result="Passed" start-time="2026-01-10 04:43:29Z" end-time="2026-01-10 04:43:29Z" duration="0.000176" asserts="0">
              <properties>
                <property name="retryIteration" value="0" />
                <property name="repeatIteration" value="0" />
              </properties>
            </test-case>
            <test-case id="1028" name="TryGetInputBySpec_Bridge_FindsBothAnchors" fullname="NodeGraph.Tests.PortSpecLookupTests.TryGetInputBySpec_Bridge_FindsBothAnchors" methodname="TryGetInputBySpec_Bridge_FindsBothAnchors" classname="NodeGraph.Tests.PortSpecLookupTests" runstate="Runnable" seed="2074861841" result="Passed" start-time="2026-01-10 04:43:29Z" end-time="2026-01-10 04:43:29Z" duration="0.001090" asserts="0">
              <properties>
                <property name="retryIteration" value="0" />
                <property name="repeatIteration" value="0" />
              </properties>
            </test-case>
            <test-case id="1027" name="TryGetInputBySpec_FindsCorrectPort" fullname="NodeGraph.Tests.PortSpecLookupTests.TryGetInputBySpec_FindsCorrectPort" methodname="TryGetInputBySpec_FindsCorrectPort" classname="NodeGraph.Tests.PortSpecLookupTests" runstate="Runnable" seed="965925411" result="Passed" start-time="2026-01-10 04:43:29Z" end-time="2026-01-10 04:43:29Z" duration="0.000261" asserts="0">
              <properties>
                <property name="retryIteration" value="0" />
                <property name="repeatIteration" value="0" />
              </properties>
            </test-case>
            <test-case id="1029" name="TryGetInputBySpec_NonexistentIndex_ReturnsFalse" fullname="NodeGraph.Tests.PortSpecLookupTests.TryGetInputBySpec_NonexistentIndex_ReturnsFalse" methodname="TryGetInputBySpec_NonexistentIndex_ReturnsFalse" classname="NodeGraph.Tests.PortSpecLookupTests" runstate="Runnable" seed="1946857960" result="Passed" start-time="2026-01-10 04:43:29Z" end-time="2026-01-10 04:43:29Z" duration="0.000153" asserts="0">
              <properties>
                <property name="retryIteration" value="0" />
                <property name="repeatIteration" value="0" />
              </properties>
            </test-case>
            <test-case id="1033" name="TryGetOutput_FindsCorrectPort" fullname="NodeGraph.Tests.PortSpecLookupTests.TryGetOutput_FindsCorrectPort" methodname="TryGetOutput_FindsCorrectPort" classname="NodeGraph.Tests.PortSpecLookupTests" runstate="Runnable" seed="486589318" result="Passed" start-time="2026-01-10 04:43:29Z" end-time="2026-01-10 04:43:29Z" duration="0.000744" asserts="0">
              <properties>
                <property name="retryIteration" value="0" />
                <property name="repeatIteration" value="0" />
              </properties>
            </test-case>
            <test-case id="1030" name="TryGetOutputBySpec_FindsPathPort" fullname="NodeGraph.Tests.PortSpecLookupTests.TryGetOutputBySpec_FindsPathPort" methodname="TryGetOutputBySpec_FindsPathPort" classname="NodeGraph.Tests.PortSpecLookupTests" runstate="Runnable" seed="807468185" result="Passed" start-time="2026-01-10 04:43:29Z" end-time="2026-01-10 04:43:29Z" duration="0.000906" asserts="0">
              <properties>
                <property name="retryIteration" value="0" />
                <property name="repeatIteration" value="0" />
              </properties>
            </test-case>
          </test-suite>
          <test-suite type="TestFixture" id="1034" name="TypedGraphTests" fullname="NodeGraph.Tests.TypedGraphTests" classname="NodeGraph.Tests.TypedGraphTests" runstate="Runnable" testcasecount="9" result="Passed" start-time="2026-01-10 04:43:29Z" end-time="2026-01-10 04:43:29Z" duration="0.005801" total="9" passed="9" failed="0" inconclusive="0" skipped="0" asserts="0">
            <properties>
              <property name="Category" value="Unit" />
            </properties>
[...]
  at System.Reflection.RuntimeMethodInfo.Invoke (System.Object obj, System.Reflection.BindingFlags invokeAttr, System.Reflection.Binder binder, System.Object[] parameters, System.Globalization.CultureInfo culture) [0x0006a] in <1eb9db207454431c84a47bcd81e79c37>:0 ]]></stack-trace>
              </failure>
            </test-case>
            <test-case id="1578" name="Shuttle_LastTraversalIsRev_ExitPointIsStartIndex" fullname="Tests.Trains.SpatialContinuationTests.Shuttle_LastTraversalIsRev_ExitPointIsStartIndex" methodname="Shuttle_LastTraversalIsRev_ExitPointIsStartIndex" classname="Tests.Trains.SpatialContinuationTests" runstate="Runnable" seed="621958540" result="Passed" start-time="2026-01-10 04:43:36Z" end-time="2026-01-10 04:43:36Z" duration="0.003284" asserts="0">
              <properties>
                <property name="retryIteration" value="0" />
                <property name="repeatIteration" value="0" />
              </properties>
            </test-case>
            <test-case id="1575" name="Shuttle_Scenario1_FirstTraversalPrev_HasOppositeDirection" fullname="Tests.Trains.SpatialContinuationTests.Shuttle_Scenario1_FirstTraversalPrev_HasOppositeDirection" methodname="Shuttle_Scenario1_FirstTraversalPrev_HasOppositeDirection" classname="Tests.Trains.SpatialContinuationTests" runstate="Runnable" seed="1066232036" result="Inconclusive" start-time="2026-01-10 04:43:36Z" end-time="2026-01-10 04:43:36Z" duration="0.003669" asserts="0">
              <properties>
                <property name="retryIteration" value="0" />
                <property name="repeatIteration" value="0" />
              </properties>
              <reason>
                <message><![CDATA[No Prev found - test blocked]]></message>
              </reason>
            </test-case>
            <test-case id="1574" name="Shuttle_Scenario1_FirstTraversalPrev_IsCosmetic" fullname="Tests.Trains.SpatialContinuationTests.Shuttle_Scenario1_FirstTraversalPrev_IsCosmetic" methodname="Shuttle_Scenario1_FirstTraversalPrev_IsCosmetic" classname="Tests.Trains.SpatialContinuationTests" runstate="Runnable" seed="1228448349" result="Failed" start-time="2026-01-10 04:43:36Z" end-time="2026-01-10 04:43:36Z" duration="0.003420" asserts="0">
              <properties>
                <property name="retryIteration" value="0" />
                <property name="repeatIteration" value="0" />
              </properties>
              <failure>
                <message><![CDATA[  First traversal section should have a Prev for back car overhang
  Expected: True
  But was:  False
]]></message>
                <stack-trace><![CDATA[at Tests.Trains.SpatialContinuationTests+<>c.<Shuttle_Scenario1_FirstTraversalPrev_IsCosmetic>b__5_0 (KexEdit.Track.Track& track) [0x00020] in C:\Users\dylan\Documents\Games\KexEdit\Assets\Tests\Trains\SpatialContinuationTests.cs:63
at Tests.Trains.SpatialContinuationTests.WithTrack (System.String path, Tests.Trains.SpatialContinuationTests+TrackTest test) [0x00047] in C:\Users\dylan\Documents\Games\KexEdit\Assets\Tests\Trains\SpatialContinuationTests.cs:374
at Tests.Trains.SpatialContinuationTests.Shuttle_Scenario1_FirstTraversalPrev_IsCosmetic () [0x00000] in C:\Users\dylan\Documents\Games\KexEdit\Assets\Tests\Trains\SpatialContinuationTests.cs:59
]]></stack-trace>
              </failure>
            </test-case>
            <test-case id="1577" name="Shuttle_Scenario4_LastTraversalNext_HasSameDirection" fullname="Tests.Trains.SpatialContinuationTests.Shuttle_Scenario4_LastTraversalNext_HasSameDirection" methodname="Shuttle_Scenario4_LastTraversalNext_HasSameDirection" classname="Tests.Trains.SpatialContinuationTests" runstate="Runnable" seed="1002619134" result="Inconclusive" start-time="2026-01-10 04:43:36Z" end-time="2026-01-10 04:43:36Z" duration="0.003619" asserts="0">
              <properties>
                <property name="retryIteration" value="0" />
                <property name="repeatIteration" value="0" />
              </properties>
              <reason>
                <message><![CDATA[No Next found - test blocked]]></message>
              </reason>
            </test-case>
            <test-case id="1576" name="Shuttle_Scenario4_LastTraversalNext_IsCosmetic" fullname="Tests.Trains.SpatialContinuationTests.Shuttle_Scenario4_LastTraversalNext_IsCosmetic" methodname="Shuttle_Scenario4_LastTraversalNext_IsCosmetic" classname="Tests.Trains.SpatialContinuationTests" runstate="Runnable" seed="794720786" result="Failed" start-time="2026-01-10 04:43:36Z" end-time="2026-01-10 04:43:36Z" duration="0.003071" asserts="0">
              <properties>
                <property name="retryIteration" value="0" />
                <property name="repeatIteration" value="0" />
              </properties>
              <failure>
                <message><![CDATA[  Last traversal section (idx=8) should have Next for back car overhang
  Expected: True
  But was:  False
]]></message>
                <stack-trace><![CDATA[at Tests.Trains.SpatialContinuationTests+<>c.<Shuttle_Scenario4_LastTraversalNext_IsCosmetic>b__7_0 (KexEdit.Track.Track& track) [0x00030] in C:\Users\dylan\Documents\Games\KexEdit\Assets\Tests\Trains\SpatialContinuationTests.cs:105
at Tests.Trains.SpatialContinuationTests.WithTrack (System.String path, Tests.Trains.SpatialContinuationTests+TrackTest test) [0x00047] in C:\Users\dylan\Documents\Games\KexEdit\Assets\Tests\Trains\SpatialContinuationTests.cs:374
at Tests.Trains.SpatialContinuationTests.Shuttle_Scenario4_LastTraversalNext_IsCosmetic () [0x00000] in C:\Users\dylan\Documents\Games\KexEdit\Assets\Tests\Trains\SpatialContinuationTests.cs:101
]]></stack-trace>
              </failure>
            </test-case>
            <test-case id="1583" name="Shuttle_TraversalEndpoints_CosmeticContinuationsHaveFrameAlignment" fullname="Tests.Trains.SpatialContinuationTests.Shuttle_TraversalEndpoints_CosmeticContinuationsHaveFrameAlignment" methodname="Shuttle_TraversalEndpoints_CosmeticContinuationsHaveFrameAlignment" classname="Tests.Trains.SpatialContinuationTests" runstate="Runnable" seed="267541931" result="Passed" start-time="2026-01-10 04:43:36Z" end-time="2026-01-10 04:43:36Z" duration="0.003823" asserts="0">
              <properties>
                <property name="retryIteration" value="0" />
                <property name="repeatIteration" value="0" />
              </properties>
            </test-case>
            <test-case id="1582" name="Switch_SpikeSection_HasSameTrainDirectionAsCopyPathExit" fullname="Tests.Trains.SpatialContinuationTests.Switch_SpikeSection_HasSameTrainDirectionAsCopyPathExit" methodname="Switch_SpikeSection_HasSameTrainDirectionAsCopyPathExit" classname="Tests.Trains.SpatialContinuationTests" runstate="Runnable" seed="1998620918" result="Inconclusive" start-time="2026-01-10 04:43:36Z" end-time="2026-01-10 04:43:36Z" duration="0.003394" asserts="0">
              <properties>
                <property name="retryIteration" value="0" />
                <property name="repeatIteration" value="0" />
              </properties>
              <reason>
                <message><![CDATA[REV section at spike position not found]]></message>
              </reason>
            </test-case>
          </test-suite>
          <test-suite type="TestFixture" id="1584" name="SwitchTraversalTests" fullname="Tests.Trains.SwitchTraversalTests" classname="Tests.Trains.SwitchTraversalTests" runstate="Runnable" testcasecount="3" result="Failed" site="Child" start-time="2026-01-10 04:43:36Z" end-time="2026-01-10 04:43:36Z" duration="0.024380" total="3" passed="0" failed="3" inconclusive="0" skipped="0" asserts="0">
            <properties>
              <property name="Category" value="Unit" />
            </properties>
            <failure>
              <message><![CDATA[One or more child tests had errors]]></message>
            </failure>
            <test-case id="1586" name="Switch_TraverseFullTrack_DirectionsRemainSmooth" fullname="Tests.Trains.SwitchTraversalTests.Switch_TraverseFullTrack_DirectionsRemainSmooth" methodname="Switch_TraverseFullTrack_DirectionsRemainSmooth" classname="Tests.Trains.SwitchTraversalTests" runstate="Runnable" seed="23501718" result="Failed" start-time="2026-01-10 04:43:36Z" end-time="2026-01-10 04:43:36Z" duration="0.008270" asserts="0">
              <properties>
                <property name="retryIteration" value="0" />
                <property name="repeatIteration" value="0" />
              </properties>
              <failure>
                <message><![CDATA[  Direction flip at step 456, car 0: dot=0.290
  Expected: greater than 0.899999976f
  But was:  0.289727598f
]]></message>
                <stack-trace><![CDATA[at Tests.Trains.SwitchTraversalTests+<>c.<Switch_TraverseFullTrack_DirectionsRemainSmooth>b__4_0 (KexEdit.Track.Track& track) [0x000ff] in C:\Users\dylan\Documents\Games\KexEdit\Assets\Tests\Trains\SwitchTraversalTests.cs:81
at Tests.Trains.SwitchTraversalTests.WithTrack (System.String path, Tests.Trains.SwitchTraversalTests+TrackTest test) [0x00047] in C:\Users\dylan\Documents\Games\KexEdit\Assets\Tests\Trains\SwitchTraversalTests.cs:135
at Tests.Trains.SwitchTraversalTests.Switch_TraverseFullTrack_DirectionsRemainSmooth () [0x00000] in C:\Users\dylan\Documents\Games\KexEdit\Assets\Tests\Trains\SwitchTraversalTests.cs:58
]]></stack-trace>
              </failure>
            </test-case>
            <test-case id="1585" name="Switch_TraverseFullTrack_PositionsRemainSmooth" fullname="Tests.Trains.SwitchTraversalTests.Switch_TraverseFullTrack_PositionsRemainSmooth" methodname="Switch_TraverseFullTrack_PositionsRemainSmooth" classname="Tests.Trains.SwitchTraversalTests" runstate="Runnable" seed="441829999" result="Failed" start-time="2026-01-10 04:43:36Z" end-time="2026-01-10 04:43:36Z" duration="0.007722" asserts="0">
              <properties>
                <property name="retryIteration" value="0" />
                <property name="repeatIteration" value="0" />
              </properties>
              <failure>
                <message><![CDATA[  Position jump at step 456, car 0: delta=121.52
  Expected: less than 2.0f
  But was:  121.520058f
]]></message>
                <stack-trace><![CDATA[at Tests.Trains.SwitchTraversalTests+<>c.<Switch_TraverseFullTrack_PositionsRemainSmooth>b__3_0 (KexEdit.Track.Track& track) [0x000c8] in C:\Users\dylan\Documents\Games\KexEdit\Assets\Tests\Trains\SwitchTraversalTests.cs:44
at Tests.Trains.SwitchTraversalTests.WithTrack (System.String path, Tests.Trains.SwitchTraversalTests+TrackTest test) [0x00047] in C:\Users\dylan\Documents\Games\KexEdit\Assets\Tests\Trains\SwitchTraversalTests.cs:135
at Tests.Trains.SwitchTraversalTests.Switch_TraverseFullTrack_PositionsRemainSmooth () [0x00000] in C:\Users\dylan\Documents\Games\KexEdit\Assets\Tests\Trains\SwitchTraversalTests.cs:23
]]></stack-trace>
              </failure>
            </test-case>
            <test-case id="1587" name="Switch_TraverseFullTrack_SpacingRemainsSTable" fullname="Tests.Trains.SwitchTraversalTests.Switch_TraverseFullTrack_SpacingRemainsSTable" methodname="Switch_TraverseFullTrack_SpacingRemainsSTable" classname="Tests.Trains.SwitchTraversalTests" runstate="Runnable" seed="713070659" result="Failed" start-time="2026-01-10 04:43:36Z" end-time="2026-01-10 04:43:36Z" duration="0.006892" asserts="0">
              <properties>
                <property name="retryIteration" value="0" />
                <property name="repeatIteration" value="0" />
              </properties>
              <failure>
                <message><![CDATA[  Spacing violation at step 456: spacing=0.00
  Expected: less than 3.0f
  But was:  3.0f
]]></message>
                <stack-trace><![CDATA[at Tests.Trains.SwitchTraversalTests+<>c.<Switch_TraverseFullTrack_SpacingRemainsSTable>b__5_0 (KexEdit.Track.Track& track) [0x000e1] in C:\Users\dylan\Documents\Games\KexEdit\Assets\Tests\Trains\SwitchTraversalTests.cs:117
at Tests.Trains.SwitchTraversalTests.WithTrack (System.String path, Tests.Trains.SwitchTraversalTests+TrackTest test) [0x00047] in C:\Users\dylan\Documents\Games\KexEdit\Assets\Tests\Trains\SwitchTraversalTests.cs:135
at Tests.Trains.SwitchTraversalTests.Switch_TraverseFullTrack_SpacingRemainsSTable () [0x00000] in C:\Users\dylan\Documents\Games\KexEdit\Assets\Tests\Trains\SwitchTraversalTests.cs:95
]]></stack-trace>
              </failure>
            </test-case>
          </test-suite>
        </test-suite>
        <test-suite type="TestFixture" id="1550" name="ViewStateSerializationTests" fullname="Tests.ViewStateSerializationTests" classname="Tests.ViewStateSerializationTests" runstate="Runnable" testcasecount="5" result="Passed" start-time="2026-01-10 04:43:36Z" end-time="2026-01-10 04:43:36Z" duration="0.004126" total="5" passed="5" failed="0" inconclusive="0" skipped="0" asserts="0">
          <properties />
          <test-case id="1554" name="CoasterWithUIState_RoundTrip_PreservesAll" fullname="Tests.ViewStateSerializationTests.CoasterWithUIState_RoundTrip_PreservesAll" methodname="CoasterWithUIState_RoundTrip_PreservesAll" classname="Tests.ViewStateSerializationTests" runstate="Runnable" seed="586218791" result="Passed" start-time="2026-01-10 04:43:36Z" end-time="2026-01-10 04:43:36Z" duration="0.000811" asserts="0">
            <properties>
              <property name="retryIteration" value="0" />
              <property name="repeatIteration" value="0" />
            </properties>
          </test-case>
          <test-case id="1552" name="UIStateChunk_Default_HasSensibleValues" fullname="Tests.ViewStateSerializationTests.UIStateChunk_Default_HasSensibleValues" methodname="UIStateChunk_Default_HasSensibleValues" classname="Tests.ViewStateSerializationTests" runstate="Runnable" seed="216308883" result="Passed" start-time="2026-01-10 04:43:36Z" end-time="2026-01-10 04:43:36Z" duration="0.000269" asserts="0">
            <properties>
              <property name="retryIteration" value="0" />
              <property name="repeatIteration" value="0" />
            </properties>
          </test-case>
          <test-case id="1553" name="UIStateChunk_MissingChunk_ReturnsDefault" fullname="Tests.ViewStateSerializationTests.UIStateChunk_MissingChunk_ReturnsDefault" methodname="UIStateChunk_MissingChunk_ReturnsDefault" classname="Tests.ViewStateSerializationTests" runstate="Runnable" seed="1862430143" result="Passed" start-time="2026-01-10 04:43:36Z" end-time="2026-01-10 04:43:36Z" duration="0.000298" asserts="0">
            <properties>
              <property name="retryIteration" value="0" />
              <property name="repeatIteration" value="0" />
            </properties>
          </test-case>
          <test-case id="1551" name="UIStateChunk_RoundTrip_PreservesViewState" fullname="Tests.ViewStateSerializationTests.UIStateChunk_RoundTrip_PreservesViewState" methodname="UIStateChunk_RoundTrip_PreservesViewState" classname="Tests.ViewStateSerializationTests" runstate="Runnable" seed="1881261898" result="Passed" start-time="2026-01-10 04:43:36Z" end-time="2026-01-10 04:43:36Z" duration="0.000550" asserts="0">
            <properties>
              <property name="retryIteration" value="0" />
              <property name="repeatIteration" value="0" />
            </properties>
          </test-case>
          <test-case id="1555" name="UIStateChunk_WithUnknownExtensions_StillLoads" fullname="Tests.ViewStateSerializationTests.UIStateChunk_WithUnknownExtensions_StillLoads" methodname="UIStateChunk_WithUnknownExtensions_StillLoads" classname="Tests.ViewStateSerializationTests" runstate="Runnable" seed="936750922" result="Passed" start-time="2026-01-10 04:43:36Z" end-time="2026-01-10 04:43:36Z" duration="0.000448" asserts="0">
            <properties>
              <property name="retryIteration" value="0" />
              <property name="repeatIteration" value="0" />
            </properties>
          </test-case>
        </test-suite>
        <test-suite type="TestFixture" id="1556" name="YOffsetDriftTests" fullname="Tests.YOffsetDriftTests" classname="Tests.YOffsetDriftTests" runstate="Runnable" testcasecount="4" result="Passed" start-time="2026-01-10 04:43:36Z" end-time="2026-01-10 04:43:37Z" duration="0.376743" total="4" passed="4" failed="0" inconclusive="0" skipped="0" asserts="0">
          <properties>
            <property name="Category" value="Stability" />
          </properties>
          <test-case id="1560" name="Circuit_ForceSection1_LargeYOffset_ShapeIdentical" fullname="Tests.YOffsetDriftTests.Circuit_ForceSection1_LargeYOffset_ShapeIdentical" methodname="Circuit_ForceSection1_LargeYOffset_ShapeIdentical" classname="Tests.YOffsetDriftTests" runstate="Runnable" seed="287257261" result="Passed" start-time="2026-01-10 04:43:36Z" end-time="2026-01-10 04:43:36Z" duration="0.074447" asserts="0">
            <properties>
              <property name="retryIteration" value="0" />
              <property name="repeatIteration" value="0" />
            </properties>
            <output><![CDATA[Large Y Offset Test (Y offset: 10):
  Points: 2130
  Max direction diff: 2.691E-005 at point 1975
  Max XZ drift: 2.415E-003 at point 2129
]]></output>
          </test-case>
          <test-case id="1557" name="Circuit_ForceSection1_YOffset_DirectionIdentical" fullname="Tests.YOffsetDriftTests.Circuit_ForceSection1_YOffset_DirectionIdentical" methodname="Circuit_ForceSection1_YOffset_DirectionIdentical" classname="Tests.YOffsetDriftTests" runstate="Runnable" seed="2031241972" result="Passed" start-time="2026-01-10 04:43:36Z" end-time="2026-01-10 04:43:36Z" duration="0.068377" asserts="0">
            <properties>
              <property name="retryIteration" value="0" />
              <property name="repeatIteration" value="0" />
            </properties>
            <output><![CDATA[Direction/Frame Drift Test (Y offset: 0.1):
  Points: 2130
  Max direction diff: 2.950E-005 at point 1769
  Max normal diff: 2.543E-005
  Max lateral diff: 1.894E-005
]]></output>
          </test-case>
          <test-case id="1559" name="Circuit_ForceSection1_YOffset_NoXZDrift" fullname="Tests.YOffsetDriftTests.Circuit_ForceSection1_YOffset_NoXZDrift" methodname="Circuit_ForceSection1_YOffset_NoXZDrift" classname="Tests.YOffsetDriftTests" runstate="Runnable" seed="378426225" result="Passed" start-time="2026-01-10 04:43:36Z" end-time="2026-01-10 04:43:36Z" duration="0.140708" asserts="0">
            <properties>
              <property name="retryIteration" value="0" />
              <property name="repeatIteration" value="0" />
            </properties>
            <output><![CDATA[XZ Drift Test (Y offset: 0.1):
  Points: 2130
  Max X drift: 2.224E-003 at point 2129
  Max Z drift: 1.949E-003
  Baseline end: (-0.1180, 2.9953, 44.8662)
  Offset end:   (-0.1202, 3.0939, 44.8643)
  End diff: (-2.224E-003, 0.0986, -1.949E-003)
]]></output>
          </test-case>
          <test-case id="1558" name="Circuit_ForceSection1_YOffset_VelocityIdentical" fullname="Tests.YOffsetDriftTests.Circuit_ForceSection1_YOffset_VelocityIdentical" methodname="Circuit_ForceSection1_YOffset_VelocityIdentical" classname="Tests.YOffsetDriftTests" runstate="Runnable" seed="837731091" result="Passed" start-time="2026-01-10 04:43:36Z" end-time="2026-01-10 04:43:37Z" duration="0.091618" asserts="0">
            <properties>
              <property name="retryIteration" value="0" />
              <property name="repeatIteration" value="0" />
            </properties>
            <output><![CDATA[Velocity Invariance Test (Y offset: 0.1):
  Points: 2130
  Max velocity diff: 8.354E-004 at point 2129
  Baseline final vel: 15.2077
  Offset final vel: 15.2086
Saving results to: C:/Users/dylan/AppData/LocalLow/IndividualKex/KexEdit\TestResults.xml
]]></output>
          </test-case>
        </test-suite>
      </test-suite>
    </test-suite>
  </test-suite>
</test-run>