<?xml version="1.0" encoding="utf-8"?>
<test-run id="2" testcasecount="413" result="Passed" total="413" passed="413" failed="0" inconclusive="0" skipped="0" asserts="0" engine-version="3.5.0.0" clr-version="4.0.30319.42000" start-time="2025-12-20 03:16:58Z" end-time="2025-12-20 03:17:07Z" duration="9.1892501">
  <test-suite type="TestSuite" id="1000" name="KexEdit" fullname="KexEdit" runstate="Runnable" testcasecount="3278" result="Passed" start-time="2025-12-20 03:16:58Z" end-time="2025-12-20 03:17:07Z" duration="9.189250" total="413" passed="413" failed="0" inconclusive="0" skipped="0" asserts="0">
    <properties>
      <property name="platform" value="EditMode" />
    </properties>
    <test-suite type="Assembly" id="1465" name="Tests.dll" fullname="C:/Users/dylan/Documents/Games/KexEdit/Library/ScriptAssemblies/Tests.dll" runstate="Runnable" testcasecount="413" result="Passed" start-time="2025-12-20 03:16:58Z" end-time="2025-12-20 03:17:07Z" duration="9.122675" total="413" passed="413" failed="0" inconclusive="0" skipped="0" asserts="0">
      <properties>
        <property name="_PID" value="2948" />
        <property name="_APPDOMAIN" value="Unity Child Domain" />
        <property name="platform" value="EditMode" />
        <property name="EditorOnly" value="True" />
      </properties>
      <test-suite type="TestFixture" id="1001" name="CoasterEvaluatorTests" fullname="CoasterEvaluatorTests" classname="CoasterEvaluatorTests" runstate="Runnable" testcasecount="10" result="Passed" start-time="2025-12-20 03:16:58Z" end-time="2025-12-20 03:16:58Z" duration="0.078350" total="10" passed="10" failed="0" inconclusive="0" skipped="0" asserts="0">
        <properties />
        <test-case id="1006" name="Evaluate_AnchorToCurved_ProducesPathAndOutputAnchor" fullname="CoasterEvaluatorTests.Evaluate_AnchorToCurved_ProducesPathAndOutputAnchor" methodname="Evaluate_AnchorToCurved_ProducesPathAndOutputAnchor" classname="CoasterEvaluatorTests" runstate="Runnable" seed="995695656" result="Passed" start-time="2025-12-20 03:16:58Z" end-time="2025-12-20 03:16:58Z" duration="0.040068" asserts="0">
          <properties>
            <property name="retryIteration" value="0" />
            <property name="repeatIteration" value="0" />
          </properties>
        </test-case>
        <test-case id="1004" name="Evaluate_AnchorToForce_ProducesPathAndOutputAnchor" fullname="CoasterEvaluatorTests.Evaluate_AnchorToForce_ProducesPathAndOutputAnchor" methodname="Evaluate_AnchorToForce_ProducesPathAndOutputAnchor" classname="CoasterEvaluatorTests" runstate="Runnable" seed="277168617" result="Passed" start-time="2025-12-20 03:16:58Z" end-time="2025-12-20 03:16:58Z" duration="0.006987" asserts="0">
          <properties>
            <property name="retryIteration" value="0" />
            <property name="repeatIteration" value="0" />
          </properties>
        </test-case>
        <test-case id="1005" name="Evaluate_AnchorToGeometric_ProducesPathAndOutputAnchor" fullname="CoasterEvaluatorTests.Evaluate_AnchorToGeometric_ProducesPathAndOutputAnchor" methodname="Evaluate_AnchorToGeometric_ProducesPathAndOutputAnchor" classname="CoasterEvaluatorTests" runstate="Runnable" seed="1515388945" result="Passed" start-time="2025-12-20 03:16:58Z" end-time="2025-12-20 03:16:58Z" duration="0.000743" asserts="0">
          <properties>
            <property name="retryIteration" value="0" />
            <property name="repeatIteration" value="0" />
          </properties>
        </test-case>
        <test-case id="1007" name="Evaluate_AnchorToReverse_ReversesDirection" fullname="CoasterEvaluatorTests.Evaluate_AnchorToReverse_ReversesDirection" methodname="Evaluate_AnchorToReverse_ReversesDirection" classname="CoasterEvaluatorTests" runstate="Runnable" seed="108849519" result="Passed" start-time="2025-12-20 03:16:58Z" end-time="2025-12-20 03:16:58Z" duration="0.001496" asserts="0">
          <properties>
            <property name="retryIteration" value="0" />
            <property name="repeatIteration" value="0" />
          </properties>
        </test-case>
        <test-case id="1010" name="Evaluate_Bridge_CreatesBezierPath" fullname="CoasterEvaluatorTests.Evaluate_Bridge_CreatesBezierPath" methodname="Evaluate_Bridge_CreatesBezierPath" classname="CoasterEvaluatorTests" runstate="Runnable" seed="279889848" result="Passed" start-time="2025-12-20 03:16:58Z" end-time="2025-12-20 03:16:58Z" duration="0.006011" asserts="0">
          <properties>
            <property name="retryIteration" value="0" />
            <property name="repeatIteration" value="0" />
          </properties>
        </test-case>
        <test-case id="1002" name="Evaluate_EmptyCoaster_ReturnsEmptyResult" fullname="CoasterEvaluatorTests.Evaluate_EmptyCoaster_ReturnsEmptyResult" methodname="Evaluate_EmptyCoaster_ReturnsEmptyResult" classname="CoasterEvaluatorTests" runstate="Runnable" seed="1964079573" result="Passed" start-time="2025-12-20 03:16:58Z" end-time="2025-12-20 03:16:58Z" duration="0.000727" asserts="0">
          <properties>
            <property name="retryIteration" value="0" />
            <property name="repeatIteration" value="0" />
          </properties>
        </test-case>
        <test-case id="1009" name="Evaluate_ForceToCopyPath_CopiesPath" fullname="CoasterEvaluatorTests.Evaluate_ForceToCopyPath_CopiesPath" methodname="Evaluate_ForceToCopyPath_CopiesPath" classname="CoasterEvaluatorTests" runstate="Runnable" seed="1161958727" result="Passed" start-time="2025-12-20 03:16:58Z" end-time="2025-12-20 03:16:58Z" duration="0.000928" asserts="0">
          <properties>
            <property name="retryIteration" value="0" />
            <property name="repeatIteration" value="0" />
          </properties>
        </test-case>
        <test-case id="1008" name="Evaluate_ForceToReversePath_ReversesPath" fullname="CoasterEvaluatorTests.Evaluate_ForceToReversePath_ReversesPath" methodname="Evaluate_ForceToReversePath_ReversesPath" classname="CoasterEvaluatorTests" runstate="Runnable" seed="253432707" result="Passed" start-time="2025-12-20 03:16:58Z" end-time="2025-12-20 03:16:58Z" duration="0.001113" asserts="0">
          <properties>
            <property name="retryIteration" value="0" />
            <property name="repeatIteration" value="0" />
          </properties>
        </test-case>
        <test-case id="1011" name="Evaluate_ScalarNodeInjectsToCurvedRadius" fullname="CoasterEvaluatorTests.Evaluate_ScalarNodeInjectsToCurvedRadius" methodname="Evaluate_ScalarNodeInjectsToCurvedRadius" classname="CoasterEvaluatorTests" runstate="Runnable" seed="1170036429" result="Passed" start-time="2025-12-20 03:16:58Z" end-time="2025-12-20 03:16:58Z" duration="0.000959" asserts="0">
          <properties>
            <property name="retryIteration" value="0" />
            <property name="repeatIteration" value="0" />
          </properties>
        </test-case>
        <test-case id="1003" name="Evaluate_SingleAnchorNode_ProducesOutputAnchor" fullname="CoasterEvaluatorTests.Evaluate_SingleAnchorNode_ProducesOutputAnchor" methodname="Evaluate_SingleAnchorNode_ProducesOutputAnchor" classname="CoasterEvaluatorTests" runstate="Runnable" seed="275133087" result="Passed" start-time="2025-12-20 03:16:58Z" end-time="2025-12-20 03:16:58Z" duration="0.000596" asserts="0">
          <properties>
            <property name="retryIteration" value="0" />
            <property name="repeatIteration" value="0" />
          </properties>
        </test-case>
      </test-suite>
      <test-suite type="TestFixture" id="1012" name="CoasterTests" fullname="CoasterTests" classname="CoasterTests" runstate="Runnable" testcasecount="8" result="Passed" start-time="2025-12-20 03:16:58Z" end-time="2025-12-20 03:16:58Z" duration="0.014163" total="8" passed="8" failed="0" inconclusive="0" skipped="0" asserts="0">
        <properties />
        <test-case id="1015" name="AddAnchorNode_StoresPositionAndRotation" fullname="CoasterTests.AddAnchorNode_StoresPositionAndRotation" methodname="AddAnchorNode_StoresPositionAndRotation" classname="CoasterTests" runstate="Runnable" seed="1672741472" result="Passed" start-time="2025-12-20 03:16:58Z" end-time="2025-12-20 03:16:58Z" duration="0.002076" asserts="0">
          <properties>
            <property name="retryIteration" value="0" />
            <property name="repeatIteration" value="0" />
          </properties>
        </test-case>
        <test-case id="1016" name="AddForceNode_StoresDurationAndKeyframes" fullname="CoasterTests.AddForceNode_StoresDurationAndKeyframes" methodname="AddForceNode_StoresDurationAndKeyframes" classname="CoasterTests" runstate="Runnable" seed="1948052223" result="Passed" start-time="2025-12-20 03:16:58Z" end-time="2025-12-20 03:16:58Z" duration="0.005839" asserts="0">
          <properties>
            <property name="retryIteration" value="0" />
            <property name="repeatIteration" value="0" />
          </properties>
        </test-case>
        <test-case id="1020" name="Anchor_StoresInitialPointState" fullname="CoasterTests.Anchor_StoresInitialPointState" methodname="Anchor_StoresInitialPointState" classname="CoasterTests" runstate="Runnable" seed="376214810" result="Passed" start-time="2025-12-20 03:16:58Z" end-time="2025-12-20 03:16:58Z" duration="0.000579" asserts="0">
          <properties>
            <property name="retryIteration" value="0" />
            <property name="repeatIteration" value="0" />
          </properties>
        </test-case>
        <test-case id="1013" name="Create_InitializesEmptyCoaster" fullname="CoasterTests.Create_InitializesEmptyCoaster" methodname="Create_InitializesEmptyCoaster" classname="CoasterTests" runstate="Runnable" seed="1770905981" result="Passed" start-time="2025-12-20 03:16:58Z" end-time="2025-12-20 03:16:58Z" duration="0.000770" asserts="0">
          <properties>
            <property name="retryIteration" value="0" />
            <property name="repeatIteration" value="0" />
          </properties>
        </test-case>
        <test-case id="1014" name="Dispose_CleansUpAllContainers" fullname="CoasterTests.Dispose_CleansUpAllContainers" methodname="Dispose_CleansUpAllContainers" classname="CoasterTests" runstate="Runnable" seed="1909427766" result="Passed" start-time="2025-12-20 03:16:58Z" end-time="2025-12-20 03:16:58Z" duration="0.000450" asserts="0">
          <properties>
            <property name="retryIteration" value="0" />
            <property name="repeatIteration" value="0" />
          </properties>
        </test-case>
        <test-case id="1017" name="GeometricNode_SteeringSupportedViaHashSet" fullname="CoasterTests.GeometricNode_SteeringSupportedViaHashSet" methodname="GeometricNode_SteeringSupportedViaHashSet" classname="CoasterTests" runstate="Runnable" seed="1079880357" result="Passed" start-time="2025-12-20 03:16:58Z" end-time="2025-12-20 03:16:58Z" duration="0.000703" asserts="0">
          <properties>
            <property name="retryIteration" value="0" />
            <property name="repeatIteration" value="0" />
          </properties>
        </test-case>
        <test-case id="1018" name="ScalarNode_StoresValue" fullname="CoasterTests.ScalarNode_StoresValue" methodname="ScalarNode_StoresValue" classname="CoasterTests" runstate="Runnable" seed="1359127351" result="Passed" start-time="2025-12-20 03:16:58Z" end-time="2025-12-20 03:16:58Z" duration="0.000490" asserts="0">
          <properties>
            <property name="retryIteration" value="0" />
            <property name="repeatIteration" value="0" />
          </properties>
        </test-case>
        <test-case id="1019" name="VectorNode_StoresValue" fullname="CoasterTests.VectorNode_StoresValue" methodname="VectorNode_StoresValue" classname="CoasterTests" runstate="Runnable" seed="1750660212" result="Passed" start-time="2025-12-20 03:16:58Z" end-time="2025-12-20 03:16:58Z" duration="0.000239" asserts="0">
          <properties>
            <property name="retryIteration" value="0" />
            <property name="repeatIteration" value="0" />
          </properties>
        </test-case>
      </test-suite>
      <test-suite type="TestSuite" id="1470" name="KexEdit" fullname="KexEdit" runstate="Runnable" testcasecount="6" result="Passed" start-time="2025-12-20 03:16:58Z" end-time="2025-12-20 03:16:58Z" duration="0.013168" total="6" passed="6" failed="0" inconclusive="0" skipped="0" asserts="0">
        <properties />
        <test-suite type="TestSuite" id="1471" name="Tests" fullname="KexEdit.Tests" runstate="Runnable" testcasecount="6" result="Passed" start-time="2025-12-20 03:16:58Z" end-time="2025-12-20 03:16:58Z" duration="0.012475" total="6" passed="6" failed="0" inconclusive="0" skipped="0" asserts="0">
          <properties />
          <test-suite type="TestSuite" id="1472" name="RustCore" fullname="KexEdit.Tests.RustCore" runstate="Runnable" testcasecount="6" result="Passed" start-time="2025-12-20 03:16:58Z" end-time="2025-12-20 03:16:58Z" duration="0.011915" total="6" passed="6" failed="0" inconclusive="0" skipped="0" asserts="0">
            <properties />
            <test-suite type="TestFixture" id="1082" name="RustFrameTests" fullname="KexEdit.Tests.RustCore.RustFrameTests" classname="KexEdit.Tests.RustCore.RustFrameTests" runstate="Runnable" testcasecount="6" result="Passed" start-time="2025-12-20 03:16:58Z" end-time="2025-12-20 03:16:58Z" duration="0.011131" total="6" passed="6" failed="0" inconclusive="0" skipped="0" asserts="0">
              <properties />
              <test-case id="1088" name="TestRollMatchesCSharp" fullname="KexEdit.Tests.RustCore.RustFrameTests.TestRollMatchesCSharp" methodname="TestRollMatchesCSharp" classname="KexEdit.Tests.RustCore.RustFrameTests" runstate="Runnable" seed="210784442" result="Passed" start-time="2025-12-20 03:16:58Z" end-time="2025-12-20 03:16:58Z" duration="0.003409" asserts="0">
                <properties>
                  <property name="retryIteration" value="0" />
                  <property name="repeatIteration" value="0" />
                </properties>
              </test-case>
              <test-case id="1084" name="TestRotateAroundMatchesCSharp" fullname="KexEdit.Tests.RustCore.RustFrameTests.TestRotateAroundMatchesCSharp" methodname="TestRotateAroundMatchesCSharp" classname="KexEdit.Tests.RustCore.RustFrameTests" runstate="Runnable" seed="1263558874" result="Passed" start-time="2025-12-20 03:16:58Z" end-time="2025-12-20 03:16:58Z" duration="0.002204" asserts="0">
                <properties>
                  <property name="retryIteration" value="0" />
                  <property name="repeatIteration" value="0" />
                </properties>
              </test-case>
              <test-case id="1083" name="TestRustFrameConversion" fullname="KexEdit.Tests.RustCore.RustFrameTests.TestRustFrameConversion" methodname="TestRustFrameConversion" classname="KexEdit.Tests.RustCore.RustFrameTests" runstate="Runnable" seed="1159137831" result="Passed" start-time="2025-12-20 03:16:58Z" end-time="2025-12-20 03:16:58Z" duration="0.000161" asserts="0">
                <properties>
                  <property name="retryIteration" value="0" />
                  <property name="repeatIteration" value="0" />
                </properties>
              </test-case>
              <test-case id="1086" name="TestWithPitchMatchesCSharp" fullname="KexEdit.Tests.RustCore.RustFrameTests.TestWithPitchMatchesCSharp" methodname="TestWithPitchMatchesCSharp" classname="KexEdit.Tests.RustCore.RustFrameTests" runstate="Runnable" seed="634123065" result="Passed" start-time="2025-12-20 03:16:58Z" end-time="2025-12-20 03:16:58Z" duration="0.001823" asserts="0">
                <properties>
                  <property name="retryIteration" value="0" />
                  <property name="repeatIteration" value="0" />
                </properties>
              </test-case>
              <test-case id="1085" name="TestWithRollMatchesCSharp" fullname="KexEdit.Tests.RustCore.RustFrameTests.TestWithRollMatchesCSharp" methodname="TestWithRollMatchesCSharp" classname="KexEdit.Tests.RustCore.RustFrameTests" runstate="Runnable" seed="1610937585" result="Passed" start-time="2025-12-20 03:16:58Z" end-time="2025-12-20 03:16:58Z" duration="0.000300" asserts="0">
                <properties>
                  <property name="retryIteration" value="0" />
                  <property name="repeatIteration" value="0" />
                </properties>
              </test-case>
              <test-case id="1087" name="TestWithYawMatchesCSharp" fullname="KexEdit.Tests.RustCore.RustFrameTests.TestWithYawMatchesCSharp" methodname="TestWithYawMatchesCSharp" classname="KexEdit.Tests.RustCore.RustFrameTests" runstate="Runnable" seed="891602625" result="Passed" start-time="2025-12-20 03:16:58Z" end-time="2025-12-20 03:16:58Z" duration="0.001370" asserts="0">
                <properties>
                  <property name="retryIteration" value="0" />
                  <property name="repeatIteration" value="0" />
                </properties>
              </test-case>
            </test-suite>
          </test-suite>
        </test-suite>
      </test-suite>
      <test-suite type="TestSuite" id="1473" name="KexGraph" fullname="KexGraph" runstate="Runnable" testcasecount="72" result="Passed" start-time="2025-12-20 03:16:58Z" end-time="2025-12-20 03:16:58Z" duration="0.075449" total="72" passed="72" failed="0" inconclusive="0" skipped="0" asserts="0">
        <properties />
        <test-suite type="TestSuite" id="1474" name="Tests" fullname="KexGraph.Tests" runstate="Runnable" testcasecount="72" result="Passed" start-time="2025-12-20 03:16:58Z" end-time="2025-12-20 03:16:58Z" duration="0.073924" total="72" passed="72" failed="0" inconclusive="0" skipped="0" asserts="0">
          <properties />
          <test-suite type="TestFixture" id="1089" name="GraphEdgeTests" fullname="KexGraph.Tests.GraphEdgeTests" classname="KexGraph.Tests.GraphEdgeTests" runstate="Runnable" testcasecount="22" result="Passed" start-time="2025-12-20 03:16:58Z" end-time="2025-12-20 03:16:58Z" duration="0.026253" total="22" passed="22" failed="0" inconclusive="0" skipped="0" asserts="0">
            <properties>
              <property name="Category" value="Unit" />
            </properties>
            <test-case id="1091" name="AddEdge_GeneratesUniqueIds" fullname="KexGraph.Tests.GraphEdgeTests.AddEdge_GeneratesUniqueIds" methodname="AddEdge_GeneratesUniqueIds" classname="KexGraph.Tests.GraphEdgeTests" runstate="Runnable" seed="243628968" result="Passed" start-time="2025-12-20 03:16:58Z" end-time="2025-12-20 03:16:58Z" duration="0.004269" asserts="0">
              <properties>
                <property name="retryIteration" value="0" />
                <property name="repeatIteration" value="0" />
              </properties>
            </test-case>
            <test-case id="1093" name="AddEdge_InvalidSourcePort_ReturnsZero" fullname="KexGraph.Tests.GraphEdgeTests.AddEdge_InvalidSourcePort_ReturnsZero" methodname="AddEdge_InvalidSourcePort_ReturnsZero" classname="KexGraph.Tests.GraphEdgeTests" runstate="Runnable" seed="1891596596" result="Passed" start-time="2025-12-20 03:16:58Z" end-time="2025-12-20 03:16:58Z" duration="0.000331" asserts="0">
              <properties>
                <property name="retryIteration" value="0" />
                <property name="repeatIteration" value="0" />
              </properties>
            </test-case>
            <test-case id="1094" name="AddEdge_InvalidTargetPort_ReturnsZero" fullname="KexGraph.Tests.GraphEdgeTests.AddEdge_InvalidTargetPort_ReturnsZero" methodname="AddEdge_InvalidTargetPort_ReturnsZero" classname="KexGraph.Tests.GraphEdgeTests" runstate="Runnable" seed="1543201126" result="Passed" start-time="2025-12-20 03:16:58Z" end-time="2025-12-20 03:16:58Z" duration="0.000195" asserts="0">
              <properties>
                <property name="retryIteration" value="0" />
                <property name="repeatIteration" value="0" />
              </properties>
            </test-case>
            <test-case id="1092" name="AddEdge_StoresCorrectSourceAndTarget" fullname="KexGraph.Tests.GraphEdgeTests.AddEdge_StoresCorrectSourceAndTarget" methodname="AddEdge_StoresCorrectSourceAndTarget" classname="KexGraph.Tests.GraphEdgeTests" runstate="Runnable" seed="2015353751" result="Passed" start-time="2025-12-20 03:16:58Z" end-time="2025-12-20 03:16:58Z" duration="0.001321" asserts="0">
              <properties>
                <property name="retryIteration" value="0" />
                <property name="repeatIteration" value="0" />
              </properties>
            </test-case>
            <test-case id="1090" name="AddEdge_ValidPorts_IncreasesEdgeCount" fullname="KexGraph.Tests.GraphEdgeTests.AddEdge_ValidPorts_IncreasesEdgeCount" methodname="AddEdge_ValidPorts_IncreasesEdgeCount" classname="KexGraph.Tests.GraphEdgeTests" runstate="Runnable" seed="1135678657" result="Passed" start-time="2025-12-20 03:16:58Z" end-time="2025-12-20 03:16:58Z" duration="0.000211" asserts="0">
              <properties>
                <property name="retryIteration" value="0" />
                <property name="repeatIteration" value="0" />
              </properties>
            </test-case>
            <test-case id="1111" name="FindSinkNodes_AllNodesAreSinks_ReturnsAll" fullname="KexGraph.Tests.GraphEdgeTests.FindSinkNodes_AllNodesAreSinks_ReturnsAll" methodname="FindSinkNodes_AllNodesAreSinks_ReturnsAll" classname="KexGraph.Tests.GraphEdgeTests" runstate="Runnable" seed="2118927040" result="Passed" start-time="2025-12-20 03:16:58Z" end-time="2025-12-20 03:16:58Z" duration="0.002312" asserts="0">
              <properties>
                <property name="retryIteration" value="0" />
                <property name="repeatIteration" value="0" />
              </properties>
            </test-case>
            <test-case id="1110" name="FindSinkNodes_ReturnsNodesWithNoOutgoingEdges" fullname="KexGraph.Tests.GraphEdgeTests.FindSinkNodes_ReturnsNodesWithNoOutgoingEdges" methodname="FindSinkNodes_ReturnsNodesWithNoOutgoingEdges" classname="KexGraph.Tests.GraphEdgeTests" runstate="Runnable" seed="1298564535" result="Passed" start-time="2025-12-20 03:16:58Z" end-time="2025-12-20 03:16:58Z" duration="0.000442" asserts="0">
              <properties>
                <property name="retryIteration" value="0" />
                <property name="repeatIteration" value="0" />
              </properties>
            </test-case>
            <test-case id="1108" name="FindSourceNodes_AllNodesAreRoots_ReturnsAll" fullname="KexGraph.Tests.GraphEdgeTests.FindSourceNodes_AllNodesAreRoots_ReturnsAll" methodname="FindSourceNodes_AllNodesAreRoots_ReturnsAll" classname="KexGraph.Tests.GraphEdgeTests" runstate="Runnable" seed="139326051" result="Passed" start-time="2025-12-20 03:16:58Z" end-time="2025-12-20 03:16:58Z" duration="0.001538" asserts="0">
              <properties>
                <property name="retryIteration" value="0" />
                <property name="repeatIteration" value="0" />
              </properties>
            </test-case>
            <test-case id="1109" name="FindSourceNodes_EmptyGraph_ReturnsEmpty" fullname="KexGraph.Tests.GraphEdgeTests.FindSourceNodes_EmptyGraph_ReturnsEmpty" methodname="FindSourceNodes_EmptyGraph_ReturnsEmpty" classname="KexGraph.Tests.GraphEdgeTests" runstate="Runnable" seed="1437161652" result="Passed" start-time="2025-12-20 03:16:58Z" end-time="2025-12-20 03:16:58Z" duration="0.000203" asserts="0">
              <properties>
                <property name="retryIteration" value="0" />
                <property name="repeatIteration" value="0" />
              </properties>
            </test-case>
            <test-case id="1107" name="FindSourceNodes_ReturnsNodesWithNoIncomingEdges" fullname="KexGraph.Tests.GraphEdgeTests.FindSourceNodes_ReturnsNodesWithNoIncomingEdges" methodname="FindSourceNodes_ReturnsNodesWithNoIncomingEdges" classname="KexGraph.Tests.GraphEdgeTests" runstate="Runnable" seed="671174309" result="Passed" start-time="2025-12-20 03:16:58Z" end-time="2025-12-20 03:16:58Z" duration="0.000325" asserts="0">
              <properties>
                <property name="retryIteration" value="0" />
                <property name="repeatIteration" value="0" />
              </properties>
            </test-case>
            <test-case id="1100" name="GetIncomingEdges_NodeWithIncomingEdges_ReturnsCorrectEdges" fullname="KexGraph.Tests.GraphEdgeTests.GetIncomingEdges_NodeWithIncomingEdges_ReturnsCorrectEdges" methodname="GetIncomingEdges_NodeWithIncomingEdges_ReturnsCorrectEdges" classname="KexGraph.Tests.GraphEdgeTests" runstate="Runnable" seed="117923815" result="Passed" start-time="2025-12-20 03:16:58Z" end-time="2025-12-20 03:16:58Z" duration="0.001088" asserts="0">
              <properties>
                <property name="retryIteration" value="0" />
                <property name="repeatIteration" value="0" />
              </properties>
            </test-case>
            <test-case id="1101" name="GetIncomingEdges_NodeWithNoIncomingEdges_ReturnsEmptyArray" fullname="KexGraph.Tests.GraphEdgeTests.GetIncomingEdges_NodeWithNoIncomingEdges_ReturnsEmptyArray" methodname="GetIncomingEdges_NodeWithNoIncomingEdges_ReturnsEmptyArray" classname="KexGraph.Tests.GraphEdgeTests" runstate="Runnable" seed="1305327081" result="Passed" start-time="2025-12-20 03:16:58Z" end-time="2025-12-20 03:16:58Z" duration="0.000165" asserts="0">
              <properties>
                <property name="retryIteration" value="0" />
                <property name="repeatIteration" value="0" />
              </properties>
            </test-case>
            <test-case id="1099" name="GetOutgoingEdges_NodeWithNoOutgoingEdges_ReturnsEmptyArray" fullname="KexGraph.Tests.GraphEdgeTests.GetOutgoingEdges_NodeWithNoOutgoingEdges_ReturnsEmptyArray" methodname="GetOutgoingEdges_NodeWithNoOutgoingEdges_ReturnsEmptyArray" classname="KexGraph.Tests.GraphEdgeTests" runstate="Runnable" seed="1675553825" result="Passed" start-time="2025-12-20 03:16:58Z" end-time="2025-12-20 03:16:58Z" duration="0.001025" asserts="0">
              <properties>
                <property name="retryIteration" value="0" />
                <property name="repeatIteration" value="0" />
              </properties>
            </test-case>
            <test-case id="1098" name="GetOutgoingEdges_NodeWithOutgoingEdges_ReturnsCorrectEdges" fullname="KexGraph.Tests.GraphEdgeTests.GetOutgoingEdges_NodeWithOutgoingEdges_ReturnsCorrectEdges" methodname="GetOutgoingEdges_NodeWithOutgoingEdges_ReturnsCorrectEdges" classname="KexGraph.Tests.GraphEdgeTests" runstate="Runnable" seed="370095465" result="Passed" start-time="2025-12-20 03:16:58Z" end-time="2025-12-20 03:16:58Z" duration="0.000396" asserts="0">
              <properties>
                <property name="retryIteration" value="0" />
                <property name="repeatIteration" value="0" />
              </properties>
            </test-case>
            <test-case id="1106" name="GetPredecessorNodes_NoIncomingEdges_ReturnsEmpty" fullname="KexGraph.Tests.GraphEdgeTests.GetPredecessorNodes_NoIncomingEdges_ReturnsEmpty" methodname="GetPredecessorNodes_NoIncomingEdges_ReturnsEmpty" classname="KexGraph.Tests.GraphEdgeTests" runstate="Runnable" seed="1438226594" result="Passed" start-time="2025-12-20 03:16:58Z" end-time="2025-12-20 03:16:58Z" duration="0.001099" asserts="0">
              <properties>
                <property name="retryIteration" value="0" />
                <property name="repeatIteration" value="0" />
              </properties>
            </test-case>
            <test-case id="1105" name="GetPredecessorNodes_ReturnsConnectedNodes" fullname="KexGraph.Tests.GraphEdgeTests.GetPredecessorNodes_ReturnsConnectedNodes" methodname="GetPredecessorNodes_ReturnsConnectedNodes" classname="KexGraph.Tests.GraphEdgeTests" runstate="Runnable" seed="72919418" result="Passed" start-time="2025-12-20 03:16:58Z" end-time="2025-12-20 03:16:58Z" duration="0.000407" asserts="0">
              <properties>
                <property name="retryIteration" value="0" />
                <property name="repeatIteration" value="0" />
              </properties>
            </test-case>
            <test-case id="1104" name="GetSuccessorNodes_MultipleEdgesToSameNode_ReturnsOnce" fullname="KexGraph.Tests.GraphEdgeTests.GetSuccessorNodes_MultipleEdgesToSameNode_ReturnsOnce" methodname="GetSuccessorNodes_MultipleEdgesToSameNode_ReturnsOnce" classname="KexGraph.Tests.GraphEdgeTests" runstate="Runnable" seed="884441940" result="Passed" start-time="2025-12-20 03:16:58Z" end-time="2025-12-20 03:16:58Z" duration="0.001180" asserts="0">
              <properties>
                <property name="retryIteration" value="0" />
                <property name="repeatIteration" value="0" />
              </properties>
            </test-case>
            <test-case id="1103" name="GetSuccessorNodes_NoOutgoingEdges_ReturnsEmpty" fullname="KexGraph.Tests.GraphEdgeTests.GetSuccessorNodes_NoOutgoingEdges_ReturnsEmpty" methodname="GetSuccessorNodes_NoOutgoingEdges_ReturnsEmpty" classname="KexGraph.Tests.GraphEdgeTests" runstate="Runnable" seed="1202596697" result="Passed" start-time="2025-12-20 03:16:58Z" end-time="2025-12-20 03:16:58Z" duration="0.000223" asserts="0">
              <properties>
                <property name="retryIteration" value="0" />
                <property name="repeatIteration" value="0" />
              </properties>
            </test-case>
            <test-case id="1102" name="GetSuccessorNodes_ReturnsConnectedNodes" fullname="KexGraph.Tests.GraphEdgeTests.GetSuccessorNodes_ReturnsConnectedNodes" methodname="GetSuccessorNodes_ReturnsConnectedNodes" classname="KexGraph.Tests.GraphEdgeTests" runstate="Runnable" seed="1321787459" result="Passed" start-time="2025-12-20 03:16:58Z" end-time="2025-12-20 03:16:58Z" duration="0.000299" asserts="0">
              <properties>
                <property name="retryIteration" value="0" />
                <property name="repeatIteration" value="0" />
              </properties>
            </test-case>
            <test-case id="1095" name="RemoveEdge_DecreasesEdgeCount" fullname="KexGraph.Tests.GraphEdgeTests.RemoveEdge_DecreasesEdgeCount" methodname="RemoveEdge_DecreasesEdgeCount" classname="KexGraph.Tests.GraphEdgeTests" runstate="Runnable" seed="241349476" result="Passed" start-time="2025-12-20 03:16:58Z" end-time="2025-12-20 03:16:58Z" duration="0.001839" asserts="0">
              <properties>
                <property name="retryIteration" value="0" />
                <property name="repeatIteration" value="0" />
              </properties>
            </test-case>
            <test-case id="1096" name="RemoveEdge_InvalidEdge_DoesNothing" fullname="KexGraph.Tests.GraphEdgeTests.RemoveEdge_InvalidEdge_DoesNothing" methodname="RemoveEdge_InvalidEdge_DoesNothing" classname="KexGraph.Tests.GraphEdgeTests" runstate="Runnable" seed="1349004058" result="Passed" start-time="2025-12-20 03:16:58Z" end-time="2025-12-20 03:16:58Z" duration="0.000223" asserts="0">
              <properties>
                <property name="retryIteration" value="0" />
                <property name="repeatIteration" value="0" />
              </properties>
            </test-case>
            <test-case id="1097" name="RemoveEdge_MiddleEdge_MaintainsOtherEdges" fullname="KexGraph.Tests.GraphEdgeTests.RemoveEdge_MiddleEdge_MaintainsOtherEdges" methodname="RemoveEdge_MiddleEdge_MaintainsOtherEdges" classname="KexGraph.Tests.GraphEdgeTests" runstate="Runnable" seed="796623434" result="Passed" start-time="2025-12-20 03:16:58Z" end-time="2025-12-20 03:16:58Z" duration="0.000286" asserts="0">
              <properties>
                <property name="retryIteration" value="0" />
                <property name="repeatIteration" value="0" />
              </properties>
            </test-case>
          </test-suite>
          <test-suite type="TestFixture" id="1112" name="GraphNodeTests" fullname="KexGraph.Tests.GraphNodeTests" classname="KexGraph.Tests.GraphNodeTests" runstate="Runnable" testcasecount="9" result="Passed" start-time="2025-12-20 03:16:58Z" end-time="2025-12-20 03:16:58Z" duration="0.008479" total="9" passed="9" failed="0" inconclusive="0" skipped="0" asserts="0">
            <properties>
              <property name="Category" value="Unit" />
            </properties>
            <test-case id="1114" name="AddNode_GeneratesUniqueIds" fullname="KexGraph.Tests.GraphNodeTests.AddNode_GeneratesUniqueIds" methodname="AddNode_GeneratesUniqueIds" classname="KexGraph.Tests.GraphNodeTests" runstate="Runnable" seed="834362112" result="Passed" start-time="2025-12-20 03:16:58Z" end-time="2025-12-20 03:16:58Z" duration="0.000208" asserts="0">
              <properties>
                <property name="retryIteration" value="0" />
                <property name="repeatIteration" value="0" />
              </properties>
            </test-case>
            <test-case id="1117" name="AddNode_StoresCorrectPosition" fullname="KexGraph.Tests.GraphNodeTests.AddNode_StoresCorrectPosition" methodname="AddNode_StoresCorrectPosition" classname="KexGraph.Tests.GraphNodeTests" runstate="Runnable" seed="1645033912" result="Passed" start-time="2025-12-20 03:16:58Z" end-time="2025-12-20 03:16:58Z" duration="0.001317" asserts="0">
              <properties>
                <property name="retryIteration" value="0" />
                <property name="repeatIteration" value="0" />
              </properties>
            </test-case>
            <test-case id="1118" name="AddNode_StoresCorrectType" fullname="KexGraph.Tests.GraphNodeTests.AddNode_StoresCorrectType" methodname="AddNode_StoresCorrectType" classname="KexGraph.Tests.GraphNodeTests" runstate="Runnable" seed="1231741743" result="Passed" start-time="2025-12-20 03:16:58Z" end-time="2025-12-20 03:16:58Z" duration="0.000328" asserts="0">
              <properties>
                <property name="retryIteration" value="0" />
                <property name="repeatIteration" value="0" />
              </properties>
            </test-case>
            <test-case id="1113" name="AddNode_ValidData_IncreasesCount" fullname="KexGraph.Tests.GraphNodeTests.AddNode_ValidData_IncreasesCount" methodname="AddNode_ValidData_IncreasesCount" classname="KexGraph.Tests.GraphNodeTests" runstate="Runnable" seed="607728072" result="Passed" start-time="2025-12-20 03:16:58Z" end-time="2025-12-20 03:16:58Z" duration="0.000195" asserts="0">
              <properties>
                <property name="retryIteration" value="0" />
                <property name="repeatIteration" value="0" />
              </properties>
            </test-case>
            <test-case id="1119" name="RemoveNode_DecreasesCount" fullname="KexGraph.Tests.GraphNodeTests.RemoveNode_DecreasesCount" methodname="RemoveNode_DecreasesCount" classname="KexGraph.Tests.GraphNodeTests" runstate="Runnable" seed="605432767" result="Passed" start-time="2025-12-20 03:16:58Z" end-time="2025-12-20 03:16:58Z" duration="0.001923" asserts="0">
              <properties>
                <property name="retryIteration" value="0" />
                <property name="repeatIteration" value="0" />
              </properties>
            </test-case>
            <test-case id="1120" name="RemoveNode_MakesNodeUnfindable" fullname="KexGraph.Tests.GraphNodeTests.RemoveNode_MakesNodeUnfindable" methodname="RemoveNode_MakesNodeUnfindable" classname="KexGraph.Tests.GraphNodeTests" runstate="Runnable" seed="105836411" result="Passed" start-time="2025-12-20 03:16:58Z" end-time="2025-12-20 03:16:58Z" duration="0.000239" asserts="0">
              <properties>
                <property name="retryIteration" value="0" />
                <property name="repeatIteration" value="0" />
              </properties>
            </test-case>
            <test-case id="1121" name="RemoveNode_MiddleNode_PreservesOtherNodes" fullname="KexGraph.Tests.GraphNodeTests.RemoveNode_MiddleNode_PreservesOtherNodes" methodname="RemoveNode_MiddleNode_PreservesOtherNodes" classname="KexGraph.Tests.GraphNodeTests" runstate="Runnable" seed="899130578" result="Passed" start-time="2025-12-20 03:16:58Z" end-time="2025-12-20 03:16:58Z" duration="0.000229" asserts="0">
              <properties>
                <property name="retryIteration" value="0" />
                <property name="repeatIteration" value="0" />
              </properties>
            </test-case>
            <test-case id="1115" name="TryGetNodeIndex_ExistingNode_ReturnsTrue" fullname="KexGraph.Tests.GraphNodeTests.TryGetNodeIndex_ExistingNode_ReturnsTrue" methodname="TryGetNodeIndex_ExistingNode_ReturnsTrue" classname="KexGraph.Tests.GraphNodeTests" runstate="Runnable" seed="1097005112" result="Passed" start-time="2025-12-20 03:16:58Z" end-time="2025-12-20 03:16:58Z" duration="0.000259" asserts="0">
              <properties>
                <property name="retryIteration" value="0" />
                <property name="repeatIteration" value="0" />
              </properties>
            </test-case>
            <test-case id="1116" name="TryGetNodeIndex_NonexistentNode_ReturnsFalse" fullname="KexGraph.Tests.GraphNodeTests.TryGetNodeIndex_NonexistentNode_ReturnsFalse" methodname="TryGetNodeIndex_NonexistentNode_ReturnsFalse" classname="KexGraph.Tests.GraphNodeTests" runstate="Runnable" seed="362583529" result="Passed" start-time="2025-12-20 03:16:58Z" end-time="2025-12-20 03:16:58Z" duration="0.000220" asserts="0">
              <properties>
                <property name="retryIteration" value="0" />
                <property name="repeatIteration" value="0" />
              </properties>
            </test-case>
          </test-suite>
          <test-suite type="TestFixture" id="1122" name="GraphPortTests" fullname="KexGraph.Tests.GraphPortTests" classname="KexGraph.Tests.GraphPortTests" runstate="Runnable" testcasecount="16" result="Passed" start-time="2025-12-20 03:16:58Z" end-time="2025-12-20 03:16:58Z" duration="0.013896" total="16" passed="16" failed="0" inconclusive="0" skipped="0" asserts="0">
            <properties>
              <property name="Category" value="Unit" />
            </properties>
            <test-case id="1124" name="AddInputPort_GeneratesUniqueIds" fullname="KexGraph.Tests.GraphPortTests.AddInputPort_GeneratesUniqueIds" methodname="AddInputPort_GeneratesUniqueIds" classname="KexGraph.Tests.GraphPortTests" runstate="Runnable" seed="1689213467" result="Passed" start-time="2025-12-20 03:16:58Z" end-time="2025-12-20 03:16:58Z" duration="0.000232" asserts="0">
              <properties>
                <property name="retryIteration" value="0" />
                <property name="repeatIteration" value="0" />
              </properties>
            </test-case>
            <test-case id="1127" name="AddInputPort_MarksAsInput" fullname="KexGraph.Tests.GraphPortTests.AddInputPort_MarksAsInput" methodname="AddInputPort_MarksAsInput" classname="KexGraph.Tests.GraphPortTests" runstate="Runnable" seed="983440363" result="Passed" start-time="2025-12-20 03:16:58Z" end-time="2025-12-20 03:16:58Z" duration="0.001635" asserts="0">
              <properties>
                <property name="retryIteration" value="0" />
                <property name="repeatIteration" value="0" />
              </properties>
            </test-case>
            <test-case id="1126" name="AddInputPort_StoresCorrectOwner" fullname="KexGraph.Tests.GraphPortTests.AddInputPort_StoresCorrectOwner" methodname="AddInputPort_StoresCorrectOwner" classname="KexGraph.Tests.GraphPortTests" runstate="Runnable" seed="539099839" result="Passed" start-time="2025-12-20 03:16:58Z" end-time="2025-12-20 03:16:58Z" duration="0.000281" asserts="0">
              <properties>
                <property name="retryIteration" value="0" />
                <property name="repeatIteration" value="0" />
              </properties>
            </test-case>
            <test-case id="1125" name="AddInputPort_StoresCorrectPortType" fullname="KexGraph.Tests.GraphPortTests.AddInputPort_StoresCorrectPortType" methodname="AddInputPort_StoresCorrectPortType" classname="KexGraph.Tests.GraphPortTests" runstate="Runnable" seed="1492457479" result="Passed" start-time="2025-12-20 03:16:58Z" end-time="2025-12-20 03:16:58Z" duration="0.000253" asserts="0">
              <properties>
                <property name="retryIteration" value="0" />
                <property name="repeatIteration" value="0" />
              </properties>
            </test-case>
            <test-case id="1128" name="AddInputPort_UpdatesNodeInputCount" fullname="KexGraph.Tests.GraphPortTests.AddInputPort_UpdatesNodeInputCount" methodname="AddInputPort_UpdatesNodeInputCount" classname="KexGraph.Tests.GraphPortTests" runstate="Runnable" seed="862922050" result="Passed" start-time="2025-12-20 03:16:58Z" end-time="2025-12-20 03:16:58Z" duration="0.000373" asserts="0">
              <properties>
                <property name="retryIteration" value="0" />
                <property name="repeatIteration" value="0" />
              </properties>
            </test-case>
            <test-case id="1123" name="AddInputPort_ValidNode_IncreasesPortCount" fullname="KexGraph.Tests.GraphPortTests.AddInputPort_ValidNode_IncreasesPortCount" methodname="AddInputPort_ValidNode_IncreasesPortCount" classname="KexGraph.Tests.GraphPortTests" runstate="Runnable" seed="1714407279" result="Passed" start-time="2025-12-20 03:16:58Z" end-time="2025-12-20 03:16:58Z" duration="0.000323" asserts="0">
              <properties>
                <property name="retryIteration" value="0" />
                <property name="repeatIteration" value="0" />
              </properties>
            </test-case>
            <test-case id="1130" name="AddOutputPort_MarksAsOutput" fullname="KexGraph.Tests.GraphPortTests.AddOutputPort_MarksAsOutput" methodname="AddOutputPort_MarksAsOutput" classname="KexGraph.Tests.GraphPortTests" runstate="Runnable" seed="1592504188" result="Passed" start-time="2025-12-20 03:16:58Z" end-time="2025-12-20 03:16:58Z" duration="0.000300" asserts="0">
              <properties>
                <property name="retryIteration" value="0" />
                <property name="repeatIteration" value="0" />
              </properties>
            </test-case>
            <test-case id="1131" name="AddOutputPort_UpdatesNodeOutputCount" fullname="KexGraph.Tests.GraphPortTests.AddOutputPort_UpdatesNodeOutputCount" methodname="AddOutputPort_UpdatesNodeOutputCount" classname="KexGraph.Tests.GraphPortTests" runstate="Runnable" seed="611106532" result="Passed" start-time="2025-12-20 03:16:58Z" end-time="2025-12-20 03:16:58Z" duration="0.000238" asserts="0">
              <properties>
                <property name="retryIteration" value="0" />
                <property name="repeatIteration" value="0" />
              </properties>
            </test-case>
            <test-case id="1129" name="AddOutputPort_ValidNode_IncreasesPortCount" fullname="KexGraph.Tests.GraphPortTests.AddOutputPort_ValidNode_IncreasesPortCount" methodname="AddOutputPort_ValidNode_IncreasesPortCount" classname="KexGraph.Tests.GraphPortTests" runstate="Runnable" seed="1577973469" result="Passed" start-time="2025-12-20 03:16:58Z" end-time="2025-12-20 03:16:58Z" duration="0.000166" asserts="0">
              <properties>
                <property name="retryIteration" value="0" />
                <property name="repeatIteration" value="0" />
              </properties>
            </test-case>
            <test-case id="1132" name="GetInputPorts_NodeWithInputs_ReturnsCorrectPorts" fullname="KexGraph.Tests.GraphPortTests.GetInputPorts_NodeWithInputs_ReturnsCorrectPorts" methodname="GetInputPorts_NodeWithInputs_ReturnsCorrectPorts" classname="KexGraph.Tests.GraphPortTests" runstate="Runnable" seed="1096536644" result="Passed" start-time="2025-12-20 03:16:58Z" end-time="2025-12-20 03:16:58Z" duration="0.001620" asserts="0">
              <properties>
                <property name="retryIteration" value="0" />
                <property name="repeatIteration" value="0" />
              </properties>
            </test-case>
            <test-case id="1133" name="GetInputPorts_NodeWithNoInputs_ReturnsEmptyArray" fullname="KexGraph.Tests.GraphPortTests.GetInputPorts_NodeWithNoInputs_ReturnsEmptyArray" methodname="GetInputPorts_NodeWithNoInputs_ReturnsEmptyArray" classname="KexGraph.Tests.GraphPortTests" runstate="Runnable" seed="110142127" result="Passed" start-time="2025-12-20 03:16:58Z" end-time="2025-12-20 03:16:58Z" duration="0.000216" asserts="0">
              <properties>
                <property name="retryIteration" value="0" />
                <property name="repeatIteration" value="0" />
              </properties>
            </test-case>
            <test-case id="1135" name="GetOutputPorts_NodeWithNoOutputs_ReturnsEmptyArray" fullname="KexGraph.Tests.GraphPortTests.GetOutputPorts_NodeWithNoOutputs_ReturnsEmptyArray" methodname="GetOutputPorts_NodeWithNoOutputs_ReturnsEmptyArray" classname="KexGraph.Tests.GraphPortTests" runstate="Runnable" seed="451846256" result="Passed" start-time="2025-12-20 03:16:58Z" end-time="2025-12-20 03:16:58Z" duration="0.001137" asserts="0">
              <properties>
                <property name="retryIteration" value="0" />
                <property name="repeatIteration" value="0" />
              </properties>
            </test-case>
            <test-case id="1134" name="GetOutputPorts_NodeWithOutputs_ReturnsCorrectPorts" fullname="KexGraph.Tests.GraphPortTests.GetOutputPorts_NodeWithOutputs_ReturnsCorrectPorts" methodname="GetOutputPorts_NodeWithOutputs_ReturnsCorrectPorts" classname="KexGraph.Tests.GraphPortTests" runstate="Runnable" seed="1226336064" result="Passed" start-time="2025-12-20 03:16:58Z" end-time="2025-12-20 03:16:58Z" duration="0.000288" asserts="0">
              <properties>
                <property name="retryIteration" value="0" />
                <property name="repeatIteration" value="0" />
              </properties>
            </test-case>
            <test-case id="1136" name="RemovePort_DecreasesPortCount" fullname="KexGraph.Tests.GraphPortTests.RemovePort_DecreasesPortCount" methodname="RemovePort_DecreasesPortCount" classname="KexGraph.Tests.GraphPortTests" runstate="Runnable" seed="1629607195" result="Passed" start-time="2025-12-20 03:16:58Z" end-time="2025-12-20 03:16:58Z" duration="0.002109" asserts="0">
              <properties>
                <property name="retryIteration" value="0" />
                <property name="repeatIteration" value="0" />
              </properties>
            </test-case>
            <test-case id="1137" name="RemovePort_UpdatesNodeInputCount" fullname="KexGraph.Tests.GraphPortTests.RemovePort_UpdatesNodeInputCount" methodname="RemovePort_UpdatesNodeInputCount" classname="KexGraph.Tests.GraphPortTests" runstate="Runnable" seed="1795882334" result="Passed" start-time="2025-12-20 03:16:58Z" end-time="2025-12-20 03:16:58Z" duration="0.000315" asserts="0">
              <properties>
                <property name="retryIteration" value="0" />
                <property name="repeatIteration" value="0" />
              </properties>
            </test-case>
            <test-case id="1138" name="RemovePort_UpdatesNodeOutputCount" fullname="KexGraph.Tests.GraphPortTests.RemovePort_UpdatesNodeOutputCount" methodname="RemovePort_UpdatesNodeOutputCount" classname="KexGraph.Tests.GraphPortTests" runstate="Runnable" seed="884370774" result="Passed" start-time="2025-12-20 03:16:58Z" end-time="2025-12-20 03:16:58Z" duration="0.000281" asserts="0">
              <properties>
                <property name="retryIteration" value="0" />
                <property name="repeatIteration" value="0" />
              </properties>
            </test-case>
          </test-suite>
          <test-suite type="TestFixture" id="1139" name="GraphSerializationTests" fullname="KexGraph.Tests.GraphSerializationTests" classname="KexGraph.Tests.GraphSerializationTests" runstate="Runnable" testcasecount="13" result="Passed" start-time="2025-12-20 03:16:58Z" end-time="2025-12-20 03:16:58Z" duration="0.012656" total="13" passed="13" failed="0" inconclusive="0" skipped="0" asserts="0">
            <properties>
              <property name="Category" value="Unit" />
            </properties>
            <test-case id="1145" name="NextEdgeId_AfterAddingEdge_Increments" fullname="KexGraph.Tests.GraphSerializationTests.NextEdgeId_AfterAddingEdge_Increments" methodname="NextEdgeId_AfterAddingEdge_Increments" classname="KexGraph.Tests.GraphSerializationTests" runstate="Runnable" seed="57784643" result="Passed" start-time="2025-12-20 03:16:58Z" end-time="2025-12-20 03:16:58Z" duration="0.000265" asserts="0">
              <properties>
                <property name="retryIteration" value="0" />
                <property name="repeatIteration" value="0" />
              </properties>
            </test-case>
            <test-case id="1142" name="NextEdgeId_DefaultGraph_StartsAtOne" fullname="KexGraph.Tests.GraphSerializationTests.NextEdgeId_DefaultGraph_StartsAtOne" methodname="NextEdgeId_DefaultGraph_StartsAtOne" classname="KexGraph.Tests.GraphSerializationTests" runstate="Runnable" seed="691005089" result="Passed" start-time="2025-12-20 03:16:58Z" end-time="2025-12-20 03:16:58Z" duration="0.000167" asserts="0">
              <properties>
                <property name="retryIteration" value="0" />
                <property name="repeatIteration" value="0" />
              </properties>
            </test-case>
            <test-case id="1143" name="NextNodeId_AfterAddingNode_Increments" fullname="KexGraph.Tests.GraphSerializationTests.NextNodeId_AfterAddingNode_Increments" methodname="NextNodeId_AfterAddingNode_Increments" classname="KexGraph.Tests.GraphSerializationTests" runstate="Runnable" seed="1358164288" result="Passed" start-time="2025-12-20 03:16:58Z" end-time="2025-12-20 03:16:58Z" duration="0.000162" asserts="0">
              <properties>
                <property name="retryIteration" value="0" />
                <property name="repeatIteration" value="0" />
              </properties>
            </test-case>
            <test-case id="1140" name="NextNodeId_DefaultGraph_StartsAtOne" fullname="KexGraph.Tests.GraphSerializationTests.NextNodeId_DefaultGraph_StartsAtOne" methodname="NextNodeId_DefaultGraph_StartsAtOne" classname="KexGraph.Tests.GraphSerializationTests" runstate="Runnable" seed="1136933791" result="Passed" start-time="2025-12-20 03:16:58Z" end-time="2025-12-20 03:16:58Z" duration="0.000241" asserts="0">
              <properties>
                <property name="retryIteration" value="0" />
                <property name="repeatIteration" value="0" />
              </properties>
            </test-case>
            <test-case id="1144" name="NextPortId_AfterAddingPort_Increments" fullname="KexGraph.Tests.GraphSerializationTests.NextPortId_AfterAddingPort_Increments" methodname="NextPortId_AfterAddingPort_Increments" classname="KexGraph.Tests.GraphSerializationTests" runstate="Runnable" seed="231874438" result="Passed" start-time="2025-12-20 03:16:58Z" end-time="2025-12-20 03:16:58Z" duration="0.000145" asserts="0">
              <properties>
                <property name="retryIteration" value="0" />
                <property name="repeatIteration" value="0" />
              </properties>
            </test-case>
            <test-case id="1141" name="NextPortId_DefaultGraph_StartsAtOne" fullname="KexGraph.Tests.GraphSerializationTests.NextPortId_DefaultGraph_StartsAtOne" methodname="NextPortId_DefaultGraph_StartsAtOne" classname="KexGraph.Tests.GraphSerializationTests" runstate="Runnable" seed="587335193" result="Passed" start-time="2025-12-20 03:16:58Z" end-time="2025-12-20 03:16:58Z" duration="0.000171" asserts="0">
              <properties>
                <property name="retryIteration" value="0" />
                <property name="repeatIteration" value="0" />
              </properties>
            </test-case>
            <test-case id="1152" name="RebuildIndexMaps_AfterNodeRemoval_CorrectIndices" fullname="KexGraph.Tests.GraphSerializationTests.RebuildIndexMaps_AfterNodeRemoval_CorrectIndices" methodname="RebuildIndexMaps_AfterNodeRemoval_CorrectIndices" classname="KexGraph.Tests.GraphSerializationTests" runstate="Runnable" seed="1516104699" result="Passed" start-time="2025-12-20 03:16:58Z" end-time="2025-12-20 03:16:58Z" duration="0.002049" asserts="0">
              <properties>
                <property name="retryIteration" value="0" />
                <property name="repeatIteration" value="0" />
              </properties>
            </test-case>
            <test-case id="1151" name="RebuildIndexMaps_CalledMultipleTimes_Idempotent" fullname="KexGraph.Tests.GraphSerializationTests.RebuildIndexMaps_CalledMultipleTimes_Idempotent" methodname="RebuildIndexMaps_CalledMultipleTimes_Idempotent" classname="KexGraph.Tests.GraphSerializationTests" runstate="Runnable" seed="758319279" result="Passed" start-time="2025-12-20 03:16:58Z" end-time="2025-12-20 03:16:58Z" duration="0.000191" asserts="0">
              <properties>
                <property name="retryIteration" value="0" />
                <property name="repeatIteration" value="0" />
              </properties>
            </test-case>
            <test-case id="1146" name="RebuildIndexMaps_EmptyGraph_Succeeds" fullname="KexGraph.Tests.GraphSerializationTests.RebuildIndexMaps_EmptyGraph_Succeeds" methodname="RebuildIndexMaps_EmptyGraph_Succeeds" classname="KexGraph.Tests.GraphSerializationTests" runstate="Runnable" seed="716906442" result="Passed" start-time="2025-12-20 03:16:58Z" end-time="2025-12-20 03:16:58Z" duration="0.000223" asserts="0">
              <properties>
                <property name="retryIteration" value="0" />
                <property name="repeatIteration" value="0" />
              </properties>
            </test-case>
            <test-case id="1149" name="RebuildIndexMaps_FullGraph_RebuildsAllIndexMaps" fullname="KexGraph.Tests.GraphSerializationTests.RebuildIndexMaps_FullGraph_RebuildsAllIndexMaps" methodname="RebuildIndexMaps_FullGraph_RebuildsAllIndexMaps" classname="KexGraph.Tests.GraphSerializationTests" runstate="Runnable" seed="946110775" result="Passed" start-time="2025-12-20 03:16:58Z" end-time="2025-12-20 03:16:58Z" duration="0.000368" asserts="0">
              <properties>
                <property name="retryIteration" value="0" />
                <property name="repeatIteration" value="0" />
              </properties>
            </test-case>
            <test-case id="1148" name="RebuildIndexMaps_NodesAndPorts_RebuildsPortIndexMap" fullname="KexGraph.Tests.GraphSerializationTests.RebuildIndexMaps_NodesAndPorts_RebuildsPortIndexMap" methodname="RebuildIndexMaps_NodesAndPorts_RebuildsPortIndexMap" classname="KexGraph.Tests.GraphSerializationTests" runstate="Runnable" seed="1100634834" result="Passed" start-time="2025-12-20 03:16:58Z" end-time="2025-12-20 03:16:58Z" duration="0.000397" asserts="0">
              <properties>
                <property name="retryIteration" value="0" />
                <property name="repeatIteration" value="0" />
              </properties>
            </test-case>
            <test-case id="1147" name="RebuildIndexMaps_NodesOnly_RebuildsNodeIndexMap" fullname="KexGraph.Tests.GraphSerializationTests.RebuildIndexMaps_NodesOnly_RebuildsNodeIndexMap" methodname="RebuildIndexMaps_NodesOnly_RebuildsNodeIndexMap" classname="KexGraph.Tests.GraphSerializationTests" runstate="Runnable" seed="1407367023" result="Passed" start-time="2025-12-20 03:16:58Z" end-time="2025-12-20 03:16:58Z" duration="0.000388" asserts="0">
              <properties>
                <property name="retryIteration" value="0" />
                <property name="repeatIteration" value="0" />
              </properties>
            </test-case>
            <test-case id="1150" name="SimulateRoundTrip_ComplexGraph_PreservesStructure" fullname="KexGraph.Tests.GraphSerializationTests.SimulateRoundTrip_ComplexGraph_PreservesStructure" methodname="SimulateRoundTrip_ComplexGraph_PreservesStructure" classname="KexGraph.Tests.GraphSerializationTests" runstate="Runnable" seed="2034180112" result="Passed" start-time="2025-12-20 03:16:58Z" end-time="2025-12-20 03:16:58Z" duration="0.003743" asserts="0">
              <properties>
                <property name="retryIteration" value="0" />
                <property name="repeatIteration" value="0" />
              </properties>
            </test-case>
          </test-suite>
          <test-suite type="TestFixture" id="1153" name="GraphStructureTests" fullname="KexGraph.Tests.GraphStructureTests" classname="KexGraph.Tests.GraphStructureTests" runstate="Runnable" testcasecount="5" result="Passed" start-time="2025-12-20 03:16:58Z" end-time="2025-12-20 03:16:58Z" duration="0.003125" total="5" passed="5" failed="0" inconclusive="0" skipped="0" asserts="0">
            <properties>
              <property name="Category" value="Unit" />
            </properties>
            <test-case id="1154" name="Graph_Create_AllocatesLists" fullname="KexGraph.Tests.GraphStructureTests.Graph_Create_AllocatesLists" methodname="Graph_Create_AllocatesLists" classname="KexGraph.Tests.GraphStructureTests" runstate="Runnable" seed="686295828" result="Passed" start-time="2025-12-20 03:16:58Z" end-time="2025-12-20 03:16:58Z" duration="0.000427" asserts="0">
              <properties>
                <property name="retryIteration" value="0" />
                <property name="repeatIteration" value="0" />
              </properties>
            </test-case>
            <test-case id="1155" name="Graph_Dispose_FreesMemory" fullname="KexGraph.Tests.GraphStructureTests.Graph_Dispose_FreesMemory" methodname="Graph_Dispose_FreesMemory" classname="KexGraph.Tests.GraphStructureTests" runstate="Runnable" seed="1459660421" result="Passed" start-time="2025-12-20 03:16:58Z" end-time="2025-12-20 03:16:58Z" duration="0.000254" asserts="0">
              <properties>
                <property name="retryIteration" value="0" />
                <property name="repeatIteration" value="0" />
              </properties>
            </test-case>
            <test-case id="1158" name="Graph_EdgeCount_ReturnsCorrectValue" fullname="KexGraph.Tests.GraphStructureTests.Graph_EdgeCount_ReturnsCorrectValue" methodname="Graph_EdgeCount_ReturnsCorrectValue" classname="KexGraph.Tests.GraphStructureTests" runstate="Runnable" seed="1949466329" result="Passed" start-time="2025-12-20 03:16:58Z" end-time="2025-12-20 03:16:58Z" duration="0.000187" asserts="0">
              <properties>
                <property name="retryIteration" value="0" />
                <property name="repeatIteration" value="0" />
              </properties>
            </test-case>
            <test-case id="1156" name="Graph_NodeCount_ReturnsCorrectValue" fullname="KexGraph.Tests.GraphStructureTests.Graph_NodeCount_ReturnsCorrectValue" methodname="Graph_NodeCount_ReturnsCorrectValue" classname="KexGraph.Tests.GraphStructureTests" runstate="Runnable" seed="561606089" result="Passed" start-time="2025-12-20 03:16:58Z" end-time="2025-12-20 03:16:58Z" duration="0.000167" asserts="0">
              <properties>
                <property name="retryIteration" value="0" />
                <property name="repeatIteration" value="0" />
              </properties>
            </test-case>
            <test-case id="1157" name="Graph_PortCount_ReturnsCorrectValue" fullname="KexGraph.Tests.GraphStructureTests.Graph_PortCount_ReturnsCorrectValue" methodname="Graph_PortCount_ReturnsCorrectValue" classname="KexGraph.Tests.GraphStructureTests" runstate="Runnable" seed="32096141" result="Passed" start-time="2025-12-20 03:16:58Z" end-time="2025-12-20 03:16:58Z" duration="0.000143" asserts="0">
              <properties>
                <property name="retryIteration" value="0" />
                <property name="repeatIteration" value="0" />
              </properties>
            </test-case>
          </test-suite>
          <test-suite type="TestFixture" id="1159" name="GraphValidationTests" fullname="KexGraph.Tests.GraphValidationTests" classname="KexGraph.Tests.GraphValidationTests" runstate="Runnable" testcasecount="7" result="Passed" start-time="2025-12-20 03:16:58Z" end-time="2025-12-20 03:16:58Z" duration="0.006367" total="7" passed="7" failed="0" inconclusive="0" skipped="0" asserts="0">
            <properties>
              <property name="Category" value="Unit" />
            </properties>
            <test-case id="1165" name="HasCycle_ComplexCycle_ReturnsTrue" fullname="KexGraph.Tests.GraphValidationTests.HasCycle_ComplexCycle_ReturnsTrue" methodname="HasCycle_ComplexCycle_ReturnsTrue" classname="KexGraph.Tests.GraphValidationTests" runstate="Runnable" seed="892703226" result="Passed" start-time="2025-12-20 03:16:58Z" end-time="2025-12-20 03:16:58Z" duration="0.002319" asserts="0">
              <properties>
                <property name="retryIteration" value="0" />
                <property name="repeatIteration" value="0" />
              </properties>
            </test-case>
            <test-case id="1166" name="HasCycle_DiamondShape_ReturnsFalse" fullname="KexGraph.Tests.GraphValidationTests.HasCycle_DiamondShape_ReturnsFalse" methodname="HasCycle_DiamondShape_ReturnsFalse" classname="KexGraph.Tests.GraphValidationTests" runstate="Runnable" seed="1816857857" result="Passed" start-time="2025-12-20 03:16:58Z" end-time="2025-12-20 03:16:58Z" duration="0.000252" asserts="0">
              <properties>
                <property name="retryIteration" value="0" />
                <property name="repeatIteration" value="0" />
              </properties>
            </test-case>
            <test-case id="1160" name="HasCycle_EmptyGraph_ReturnsFalse" fullname="KexGraph.Tests.GraphValidationTests.HasCycle_EmptyGraph_ReturnsFalse" methodname="HasCycle_EmptyGraph_ReturnsFalse" classname="KexGraph.Tests.GraphValidationTests" runstate="Runnable" seed="1530246698" result="Passed" start-time="2025-12-20 03:16:58Z" end-time="2025-12-20 03:16:58Z" duration="0.000144" asserts="0">
              <properties>
                <property name="retryIteration" value="0" />
                <property name="repeatIteration" value="0" />
              </properties>
            </test-case>
            <test-case id="1162" name="HasCycle_LinearChain_ReturnsFalse" fullname="KexGraph.Tests.GraphValidationTests.HasCycle_LinearChain_ReturnsFalse" methodname="HasCycle_LinearChain_ReturnsFalse" classname="KexGraph.Tests.GraphValidationTests" runstate="Runnable" seed="2042181499" result="Passed" start-time="2025-12-20 03:16:58Z" end-time="2025-12-20 03:16:58Z" duration="0.000310" asserts="0">
              <properties>
                <property name="retryIteration" value="0" />
                <property name="repeatIteration" value="0" />
              </properties>
            </test-case>
            <test-case id="1164" name="HasCycle_SelfLoop_ReturnsTrue" fullname="KexGraph.Tests.GraphValidationTests.HasCycle_SelfLoop_ReturnsTrue" methodname="HasCycle_SelfLoop_ReturnsTrue" classname="KexGraph.Tests.GraphValidationTests" runstate="Runnable" seed="440617877" result="Passed" start-time="2025-12-20 03:16:58Z" end-time="2025-12-20 03:16:58Z" duration="0.000200" asserts="0">
              <properties>
                <property name="retryIteration" value="0" />
                <property name="repeatIteration" value="0" />
              </properties>
            </test-case>
            <test-case id="1163" name="HasCycle_SimpleCycle_ReturnsTrue" fullname="KexGraph.Tests.GraphValidationTests.HasCycle_SimpleCycle_ReturnsTrue" methodname="HasCycle_SimpleCycle_ReturnsTrue" classname="KexGraph.Tests.GraphValidationTests" runstate="Runnable" seed="1151787003" result="Passed" start-time="2025-12-20 03:16:58Z" end-time="2025-12-20 03:16:58Z" duration="0.000204" asserts="0">
              <properties>
                <property name="retryIteration" value="0" />
                <property name="repeatIteration" value="0" />
              </properties>
            </test-case>
            <test-case id="1161" name="HasCycle_SingleNode_ReturnsFalse" fullname="KexGraph.Tests.GraphValidationTests.HasCycle_SingleNode_ReturnsFalse" methodname="HasCycle_SingleNode_ReturnsFalse" classname="KexGraph.Tests.GraphValidationTests" runstate="Runnable" seed="493544634" result="Passed" start-time="2025-12-20 03:16:58Z" end-time="2025-12-20 03:16:58Z" duration="0.000282" asserts="0">
              <properties>
                <property name="retryIteration" value="0" />
                <property name="repeatIteration" value="0" />
              </properties>
            </test-case>
          </test-suite>
        </test-suite>
      </test-suite>
      <test-suite type="TestSuite" id="1466" name="NodeGraph" fullname="NodeGraph" runstate="Runnable" testcasecount="31" result="Passed" start-time="2025-12-20 03:16:58Z" end-time="2025-12-20 03:16:58Z" duration="0.032732" total="31" passed="31" failed="0" inconclusive="0" skipped="0" asserts="0">
        <properties />
        <test-suite type="TestSuite" id="1467" name="Tests" fullname="NodeGraph.Tests" runstate="Runnable" testcasecount="31" result="Passed" start-time="2025-12-20 03:16:58Z" end-time="2025-12-20 03:16:58Z" duration="0.031553" total="31" passed="31" failed="0" inconclusive="0" skipped="0" asserts="0">
          <properties />
          <test-suite type="TestFixture" id="1051" name="ConnectionValidatorTests" fullname="NodeGraph.Tests.ConnectionValidatorTests" classname="NodeGraph.Tests.ConnectionValidatorTests" runstate="Runnable" testcasecount="11" result="Passed" start-time="2025-12-20 03:16:58Z" end-time="2025-12-20 03:16:58Z" duration="0.010482" total="11" passed="11" failed="0" inconclusive="0" skipped="0" asserts="0">
            <properties>
              <property name="Category" value="Unit" />
            </properties>
            <test-case id="1058" name="AddValidatedEdge_InvalidConnection_ReturnsZero" fullname="NodeGraph.Tests.ConnectionValidatorTests.AddValidatedEdge_InvalidConnection_ReturnsZero" methodname="AddValidatedEdge_InvalidConnection_ReturnsZero" classname="NodeGraph.Tests.ConnectionValidatorTests" runstate="Runnable" seed="1763238004" result="Passed" start-time="2025-12-20 03:16:58Z" end-time="2025-12-20 03:16:58Z" duration="0.001378" asserts="0">
              <properties>
                <property name="retryIteration" value="0" />
                <property name="repeatIteration" value="0" />
              </properties>
            </test-case>
            <test-case id="1057" name="AddValidatedEdge_ValidConnection_CreatesEdge" fullname="NodeGraph.Tests.ConnectionValidatorTests.AddValidatedEdge_ValidConnection_CreatesEdge" methodname="AddValidatedEdge_ValidConnection_CreatesEdge" classname="NodeGraph.Tests.ConnectionValidatorTests" runstate="Runnable" seed="636199987" result="Passed" start-time="2025-12-20 03:16:58Z" end-time="2025-12-20 03:16:58Z" duration="0.000409" asserts="0">
              <properties>
                <property name="retryIteration" value="0" />
                <property name="repeatIteration" value="0" />
              </properties>
            </test-case>
            <test-case id="1059" name="ValidateAllEdges_ValidGraph_ReturnsTrue" fullname="NodeGraph.Tests.ConnectionValidatorTests.ValidateAllEdges_ValidGraph_ReturnsTrue" methodname="ValidateAllEdges_ValidGraph_ReturnsTrue" classname="NodeGraph.Tests.ConnectionValidatorTests" runstate="Runnable" seed="116523454" result="Passed" start-time="2025-12-20 03:16:58Z" end-time="2025-12-20 03:16:58Z" duration="0.001494" asserts="0">
              <properties>
                <property name="retryIteration" value="0" />
                <property name="repeatIteration" value="0" />
              </properties>
            </test-case>
            <test-case id="1052" name="ValidateConnection_CompatiblePorts_ReturnsSuccess" fullname="NodeGraph.Tests.ConnectionValidatorTests.ValidateConnection_CompatiblePorts_ReturnsSuccess" methodname="ValidateConnection_CompatiblePorts_ReturnsSuccess" classname="NodeGraph.Tests.ConnectionValidatorTests" runstate="Runnable" seed="1441856406" result="Passed" start-time="2025-12-20 03:16:58Z" end-time="2025-12-20 03:16:58Z" duration="0.001773" asserts="0">
              <properties>
                <property name="retryIteration" value="0" />
                <property name="repeatIteration" value="0" />
              </properties>
            </test-case>
            <test-case id="1053" name="ValidateConnection_IncompatibleTypes_ReturnsError" fullname="NodeGraph.Tests.ConnectionValidatorTests.ValidateConnection_IncompatibleTypes_ReturnsError" methodname="ValidateConnection_IncompatibleTypes_ReturnsError" classname="NodeGraph.Tests.ConnectionValidatorTests" runstate="Runnable" seed="1768020466" result="Passed" start-time="2025-12-20 03:16:58Z" end-time="2025-12-20 03:16:58Z" duration="0.000393" asserts="0">
              <properties>
                <property name="retryIteration" value="0" />
                <property name="repeatIteration" value="0" />
              </properties>
            </test-case>
            <test-case id="1055" name="ValidateConnection_InputToOutput_ReturnsError" fullname="NodeGraph.Tests.ConnectionValidatorTests.ValidateConnection_InputToOutput_ReturnsError" methodname="ValidateConnection_InputToOutput_ReturnsError" classname="NodeGraph.Tests.ConnectionValidatorTests" runstate="Runnable" seed="1192980123" result="Passed" start-time="2025-12-20 03:16:58Z" end-time="2025-12-20 03:16:58Z" duration="0.000347" asserts="0">
              <properties>
                <property name="retryIteration" value="0" />
                <property name="repeatIteration" value="0" />
              </properties>
            </test-case>
            <test-case id="1054" name="ValidateConnection_OutputToOutput_ReturnsError" fullname="NodeGraph.Tests.ConnectionValidatorTests.ValidateConnection_OutputToOutput_ReturnsError" methodname="ValidateConnection_OutputToOutput_ReturnsError" classname="NodeGraph.Tests.ConnectionValidatorTests" runstate="Runnable" seed="1274121578" result="Passed" start-time="2025-12-20 03:16:58Z" end-time="2025-12-20 03:16:58Z" duration="0.000330" asserts="0">
              <properties>
                <property name="retryIteration" value="0" />
                <property name="repeatIteration" value="0" />
              </properties>
            </test-case>
            <test-case id="1060" name="ValidateConnection_ScalarToScalarInput_ReturnsSuccess" fullname="NodeGraph.Tests.ConnectionValidatorTests.ValidateConnection_ScalarToScalarInput_ReturnsSuccess" methodname="ValidateConnection_ScalarToScalarInput_ReturnsSuccess" classname="NodeGraph.Tests.ConnectionValidatorTests" runstate="Runnable" seed="1090042189" result="Passed" start-time="2025-12-20 03:16:58Z" end-time="2025-12-20 03:16:58Z" duration="0.000557" asserts="0">
              <properties>
                <property name="retryIteration" value="0" />
                <property name="repeatIteration" value="0" />
              </properties>
            </test-case>
            <test-case id="1062" name="ValidateConnection_ScalarToVectorInput_ReturnsError" fullname="NodeGraph.Tests.ConnectionValidatorTests.ValidateConnection_ScalarToVectorInput_ReturnsError" methodname="ValidateConnection_ScalarToVectorInput_ReturnsError" classname="NodeGraph.Tests.ConnectionValidatorTests" runstate="Runnable" seed="1676853798" result="Passed" start-time="2025-12-20 03:16:58Z" end-time="2025-12-20 03:16:58Z" duration="0.000339" asserts="0">
              <properties>
                <property name="retryIteration" value="0" />
                <property name="repeatIteration" value="0" />
              </properties>
            </test-case>
            <test-case id="1056" name="ValidateConnection_SelfConnection_ReturnsError" fullname="NodeGraph.Tests.ConnectionValidatorTests.ValidateConnection_SelfConnection_ReturnsError" methodname="ValidateConnection_SelfConnection_ReturnsError" classname="NodeGraph.Tests.ConnectionValidatorTests" runstate="Runnable" seed="127225271" result="Passed" start-time="2025-12-20 03:16:58Z" end-time="2025-12-20 03:16:58Z" duration="0.000317" asserts="0">
              <properties>
                <property name="retryIteration" value="0" />
                <property name="repeatIteration" value="0" />
              </properties>
            </test-case>
            <test-case id="1061" name="ValidateConnection_VectorToPositionInput_ReturnsSuccess" fullname="NodeGraph.Tests.ConnectionValidatorTests.ValidateConnection_VectorToPositionInput_ReturnsSuccess" methodname="ValidateConnection_VectorToPositionInput_ReturnsSuccess" classname="NodeGraph.Tests.ConnectionValidatorTests" runstate="Runnable" seed="372732660" result="Passed" start-time="2025-12-20 03:16:58Z" end-time="2025-12-20 03:16:58Z" duration="0.000384" asserts="0">
              <properties>
                <property name="retryIteration" value="0" />
                <property name="repeatIteration" value="0" />
              </properties>
            </test-case>
          </test-suite>
          <test-suite type="TestFixture" id="1063" name="PortDataTypeTests" fullname="NodeGraph.Tests.PortDataTypeTests" classname="NodeGraph.Tests.PortDataTypeTests" runstate="Runnable" testcasecount="8" result="Passed" start-time="2025-12-20 03:16:58Z" end-time="2025-12-20 03:16:58Z" duration="0.006438" total="8" passed="8" failed="0" inconclusive="0" skipped="0" asserts="0">
            <properties>
              <property name="Category" value="Unit" />
            </properties>
            <test-case id="1064" name="DataType_AnchorPort_ReturnsAnchor" fullname="NodeGraph.Tests.PortDataTypeTests.DataType_AnchorPort_ReturnsAnchor" methodname="DataType_AnchorPort_ReturnsAnchor" classname="NodeGraph.Tests.PortDataTypeTests" runstate="Runnable" seed="1110930620" result="Passed" start-time="2025-12-20 03:16:58Z" end-time="2025-12-20 03:16:58Z" duration="0.001226" asserts="0">
              <properties>
                <property name="retryIteration" value="0" />
                <property name="repeatIteration" value="0" />
              </properties>
            </test-case>
            <test-case id="1068" name="DataType_GenericScalarPort_ReturnsScalar" fullname="NodeGraph.Tests.PortDataTypeTests.DataType_GenericScalarPort_ReturnsScalar" methodname="DataType_GenericScalarPort_ReturnsScalar" classname="NodeGraph.Tests.PortDataTypeTests" runstate="Runnable" seed="607907003" result="Passed" start-time="2025-12-20 03:16:58Z" end-time="2025-12-20 03:16:58Z" duration="0.000187" asserts="0">
              <properties>
                <property name="retryIteration" value="0" />
                <property name="repeatIteration" value="0" />
              </properties>
            </test-case>
            <test-case id="1065" name="DataType_PathPort_ReturnsPath" fullname="NodeGraph.Tests.PortDataTypeTests.DataType_PathPort_ReturnsPath" methodname="DataType_PathPort_ReturnsPath" classname="NodeGraph.Tests.PortDataTypeTests" runstate="Runnable" seed="277188250" result="Passed" start-time="2025-12-20 03:16:58Z" end-time="2025-12-20 03:16:58Z" duration="0.000147" asserts="0">
              <properties>
                <property name="retryIteration" value="0" />
                <property name="repeatIteration" value="0" />
              </properties>
            </test-case>
            <test-case id="1066" name="DataType_ScalarPorts_ReturnScalar" fullname="NodeGraph.Tests.PortDataTypeTests.DataType_ScalarPorts_ReturnScalar" methodname="DataType_ScalarPorts_ReturnScalar" classname="NodeGraph.Tests.PortDataTypeTests" runstate="Runnable" seed="1262371217" result="Passed" start-time="2025-12-20 03:16:58Z" end-time="2025-12-20 03:16:58Z" duration="0.000155" asserts="0">
              <properties>
                <property name="retryIteration" value="0" />
                <property name="repeatIteration" value="0" />
              </properties>
            </test-case>
            <test-case id="1067" name="DataType_VectorPorts_ReturnVector" fullname="NodeGraph.Tests.PortDataTypeTests.DataType_VectorPorts_ReturnVector" methodname="DataType_VectorPorts_ReturnVector" classname="NodeGraph.Tests.PortDataTypeTests" runstate="Runnable" seed="1280365423" result="Passed" start-time="2025-12-20 03:16:58Z" end-time="2025-12-20 03:16:58Z" duration="0.000162" asserts="0">
              <properties>
                <property name="retryIteration" value="0" />
                <property name="repeatIteration" value="0" />
              </properties>
            </test-case>
            <test-case id="1069" name="DefaultValue_Duration_Returns5" fullname="NodeGraph.Tests.PortDataTypeTests.DefaultValue_Duration_Returns5" methodname="DefaultValue_Duration_Returns5" classname="NodeGraph.Tests.PortDataTypeTests" runstate="Runnable" seed="653199111" result="Passed" start-time="2025-12-20 03:16:58Z" end-time="2025-12-20 03:16:58Z" duration="0.000916" asserts="0">
              <properties>
                <property name="retryIteration" value="0" />
                <property name="repeatIteration" value="0" />
              </properties>
            </test-case>
            <test-case id="1071" name="DefaultValue_StartEnd_Return0And1" fullname="NodeGraph.Tests.PortDataTypeTests.DefaultValue_StartEnd_Return0And1" methodname="DefaultValue_StartEnd_Return0And1" classname="NodeGraph.Tests.PortDataTypeTests" runstate="Runnable" seed="2078471011" result="Passed" start-time="2025-12-20 03:16:58Z" end-time="2025-12-20 03:16:58Z" duration="0.000158" asserts="0">
              <properties>
                <property name="retryIteration" value="0" />
                <property name="repeatIteration" value="0" />
              </properties>
            </test-case>
            <test-case id="1070" name="DefaultValue_Weights_Return0Point5" fullname="NodeGraph.Tests.PortDataTypeTests.DefaultValue_Weights_Return0Point5" methodname="DefaultValue_Weights_Return0Point5" classname="NodeGraph.Tests.PortDataTypeTests" runstate="Runnable" seed="12788152" result="Passed" start-time="2025-12-20 03:16:58Z" end-time="2025-12-20 03:16:58Z" duration="0.000123" asserts="0">
              <properties>
                <property name="retryIteration" value="0" />
                <property name="repeatIteration" value="0" />
              </properties>
            </test-case>
          </test-suite>
          <test-suite type="TestFixture" id="1038" name="TypedGraphTests" fullname="NodeGraph.Tests.TypedGraphTests" classname="NodeGraph.Tests.TypedGraphTests" runstate="Runnable" testcasecount="12" result="Passed" start-time="2025-12-20 03:16:58Z" end-time="2025-12-20 03:16:58Z" duration="0.012956" total="12" passed="12" failed="0" inconclusive="0" skipped="0" asserts="0">
            <properties>
              <property name="Category" value="Unit" />
            </properties>
            <test-case id="1041" name="CreateNode_Anchor_CreatesOneOutput" fullname="NodeGraph.Tests.TypedGraphTests.CreateNode_Anchor_CreatesOneOutput" methodname="CreateNode_Anchor_CreatesOneOutput" classname="NodeGraph.Tests.TypedGraphTests" runstate="Runnable" seed="1166871082" result="Passed" start-time="2025-12-20 03:16:58Z" end-time="2025-12-20 03:16:58Z" duration="0.000285" asserts="0">
              <properties>
                <property name="retryIteration" value="0" />
[...]
            <properties>
              <property name="retryIteration" value="0" />
              <property name="repeatIteration" value="0" />
            </properties>
          </test-case>
          <test-suite type="ParameterizedMethod" id="1432" name="ToIndex_AllPropertiesForNodeType_AreUnique" fullname="Tests.PropertyIndexTests.ToIndex_AllPropertiesForNodeType_AreUnique" classname="Tests.PropertyIndexTests" runstate="Runnable" testcasecount="5" result="Passed" start-time="2025-12-20 03:17:06Z" end-time="2025-12-20 03:17:06Z" duration="0.001411" total="5" passed="5" failed="0" inconclusive="0" skipped="0" asserts="0">
            <properties />
            <test-case id="1427" name="ToIndex_AllPropertiesForNodeType_AreUnique(Force,7)" fullname="Tests.PropertyIndexTests.ToIndex_AllPropertiesForNodeType_AreUnique(Force,7)" methodname="ToIndex_AllPropertiesForNodeType_AreUnique" classname="Tests.PropertyIndexTests" runstate="Runnable" seed="390565399" result="Passed" start-time="2025-12-20 03:17:06Z" end-time="2025-12-20 03:17:06Z" duration="0.000260" asserts="0">
              <properties>
                <property name="retryIteration" value="0" />
                <property name="repeatIteration" value="0" />
              </properties>
            </test-case>
            <test-case id="1428" name="ToIndex_AllPropertiesForNodeType_AreUnique(Geometric,7)" fullname="Tests.PropertyIndexTests.ToIndex_AllPropertiesForNodeType_AreUnique(Geometric,7)" methodname="ToIndex_AllPropertiesForNodeType_AreUnique" classname="Tests.PropertyIndexTests" runstate="Runnable" seed="1225950979" result="Passed" start-time="2025-12-20 03:17:06Z" end-time="2025-12-20 03:17:06Z" duration="0.000097" asserts="0">
              <properties>
                <property name="retryIteration" value="0" />
                <property name="repeatIteration" value="0" />
              </properties>
            </test-case>
            <test-case id="1429" name="ToIndex_AllPropertiesForNodeType_AreUnique(Curved,5)" fullname="Tests.PropertyIndexTests.ToIndex_AllPropertiesForNodeType_AreUnique(Curved,5)" methodname="ToIndex_AllPropertiesForNodeType_AreUnique" classname="Tests.PropertyIndexTests" runstate="Runnable" seed="1605067092" result="Passed" start-time="2025-12-20 03:17:06Z" end-time="2025-12-20 03:17:06Z" duration="0.000083" asserts="0">
              <properties>
                <property name="retryIteration" value="0" />
                <property name="repeatIteration" value="0" />
              </properties>
            </test-case>
            <test-case id="1430" name="ToIndex_AllPropertiesForNodeType_AreUnique(CopyPath,4)" fullname="Tests.PropertyIndexTests.ToIndex_AllPropertiesForNodeType_AreUnique(CopyPath,4)" methodname="ToIndex_AllPropertiesForNodeType_AreUnique" classname="Tests.PropertyIndexTests" runstate="Runnable" seed="1600424159" result="Passed" start-time="2025-12-20 03:17:06Z" end-time="2025-12-20 03:17:06Z" duration="0.000078" asserts="0">
              <properties>
                <property name="retryIteration" value="0" />
                <property name="repeatIteration" value="0" />
              </properties>
            </test-case>
            <test-case id="1431" name="ToIndex_AllPropertiesForNodeType_AreUnique(Bridge,5)" fullname="Tests.PropertyIndexTests.ToIndex_AllPropertiesForNodeType_AreUnique(Bridge,5)" methodname="ToIndex_AllPropertiesForNodeType_AreUnique" classname="Tests.PropertyIndexTests" runstate="Runnable" seed="2004216657" result="Passed" start-time="2025-12-20 03:17:06Z" end-time="2025-12-20 03:17:06Z" duration="0.000078" asserts="0">
              <properties>
                <property name="retryIteration" value="0" />
                <property name="repeatIteration" value="0" />
              </properties>
            </test-case>
          </test-suite>
          <test-case id="1416" name="ToIndex_NormalForce_Force_Returns1" fullname="Tests.PropertyIndexTests.ToIndex_NormalForce_Force_Returns1" methodname="ToIndex_NormalForce_Force_Returns1" classname="Tests.PropertyIndexTests" runstate="Runnable" seed="1268591503" result="Passed" start-time="2025-12-20 03:17:06Z" end-time="2025-12-20 03:17:06Z" duration="0.000105" asserts="0">
            <properties>
              <property name="retryIteration" value="0" />
              <property name="repeatIteration" value="0" />
            </properties>
          </test-case>
          <test-case id="1417" name="ToIndex_PitchSpeed_Geometric_Returns1" fullname="Tests.PropertyIndexTests.ToIndex_PitchSpeed_Geometric_Returns1" methodname="ToIndex_PitchSpeed_Geometric_Returns1" classname="Tests.PropertyIndexTests" runstate="Runnable" seed="1671166936" result="Passed" start-time="2025-12-20 03:17:06Z" end-time="2025-12-20 03:17:06Z" duration="0.000093" asserts="0">
            <properties>
              <property name="retryIteration" value="0" />
              <property name="repeatIteration" value="0" />
            </properties>
          </test-case>
        </test-suite>
        <test-suite type="TestFixture" id="1439" name="QuaternionEquivalenceTests" fullname="Tests.QuaternionEquivalenceTests" classname="Tests.QuaternionEquivalenceTests" runstate="Runnable" testcasecount="3" result="Passed" start-time="2025-12-20 03:17:06Z" end-time="2025-12-20 03:17:06Z" duration="0.006639" total="3" passed="3" failed="0" inconclusive="0" skipped="0" asserts="0">
          <properties>
            <property name="Category" value="Validation" />
          </properties>
          <test-case id="1442" name="CombinedRotation_ReproducesDrift" fullname="Tests.QuaternionEquivalenceTests.CombinedRotation_ReproducesDrift" methodname="CombinedRotation_ReproducesDrift" classname="Tests.QuaternionEquivalenceTests" runstate="Runnable" seed="1109765152" result="Passed" start-time="2025-12-20 03:17:06Z" end-time="2025-12-20 03:17:06Z" duration="0.004381" asserts="0">
            <properties>
              <property name="retryIteration" value="0" />
              <property name="repeatIteration" value="0" />
            </properties>
            <output><![CDATA[Direction error: 0.000000e+000 (unity=float3(-0.0003f, 0.0005f, -0.9999998f), rust=float3(-0.0003f, 0.0005f, -0.9999998f))
Unity combined: (0.00025, 0.00015, 3.75E-08, 0.9999999)
Rust combined: (0.00025, 0.00015, 3.75E-08, 0.9999999)
]]></output>
          </test-case>
          <test-case id="1440" name="QuaternionMul_MatchesUnity" fullname="Tests.QuaternionEquivalenceTests.QuaternionMul_MatchesUnity" methodname="QuaternionMul_MatchesUnity" classname="Tests.QuaternionEquivalenceTests" runstate="Runnable" seed="1180762767" result="Passed" start-time="2025-12-20 03:17:06Z" end-time="2025-12-20 03:17:06Z" duration="0.000821" asserts="0">
            <properties>
              <property name="retryIteration" value="0" />
              <property name="repeatIteration" value="0" />
            </properties>
          </test-case>
          <test-case id="1441" name="QuaternionMulVec_MatchesUnity" fullname="Tests.QuaternionEquivalenceTests.QuaternionMulVec_MatchesUnity" methodname="QuaternionMulVec_MatchesUnity" classname="Tests.QuaternionEquivalenceTests" runstate="Runnable" seed="1173660466" result="Passed" start-time="2025-12-20 03:17:06Z" end-time="2025-12-20 03:17:06Z" duration="0.000650" asserts="0">
            <properties>
              <property name="retryIteration" value="0" />
              <property name="repeatIteration" value="0" />
            </properties>
          </test-case>
        </test-suite>
        <test-suite type="TestFixture" id="1443" name="ReverseNodeTests" fullname="Tests.ReverseNodeTests" classname="Tests.ReverseNodeTests" runstate="Runnable" testcasecount="6" result="Passed" start-time="2025-12-20 03:17:06Z" end-time="2025-12-20 03:17:06Z" duration="0.003109" total="6" passed="6" failed="0" inconclusive="0" skipped="0" asserts="0">
          <properties />
          <test-case id="1446" name="Build_PreservesNormal" fullname="Tests.ReverseNodeTests.Build_PreservesNormal" methodname="Build_PreservesNormal" classname="Tests.ReverseNodeTests" runstate="Runnable" seed="1696033975" result="Passed" start-time="2025-12-20 03:17:06Z" end-time="2025-12-20 03:17:06Z" duration="0.001288" asserts="0">
            <properties>
              <property name="retryIteration" value="0" />
              <property name="repeatIteration" value="0" />
            </properties>
          </test-case>
          <test-case id="1447" name="Build_PreservesPosition" fullname="Tests.ReverseNodeTests.Build_PreservesPosition" methodname="Build_PreservesPosition" classname="Tests.ReverseNodeTests" runstate="Runnable" seed="1820563609" result="Passed" start-time="2025-12-20 03:17:06Z" end-time="2025-12-20 03:17:06Z" duration="0.000171" asserts="0">
            <properties>
              <property name="retryIteration" value="0" />
              <property name="repeatIteration" value="0" />
            </properties>
          </test-case>
          <test-case id="1448" name="Build_PreservesVelocityAndEnergy" fullname="Tests.ReverseNodeTests.Build_PreservesVelocityAndEnergy" methodname="Build_PreservesVelocityAndEnergy" classname="Tests.ReverseNodeTests" runstate="Runnable" seed="869197600" result="Passed" start-time="2025-12-20 03:17:06Z" end-time="2025-12-20 03:17:06Z" duration="0.000118" asserts="0">
            <properties>
              <property name="retryIteration" value="0" />
              <property name="repeatIteration" value="0" />
            </properties>
          </test-case>
          <test-case id="1444" name="Build_ReversesDirection" fullname="Tests.ReverseNodeTests.Build_ReversesDirection" methodname="Build_ReversesDirection" classname="Tests.ReverseNodeTests" runstate="Runnable" seed="467860422" result="Passed" start-time="2025-12-20 03:17:06Z" end-time="2025-12-20 03:17:06Z" duration="0.000151" asserts="0">
            <properties>
              <property name="retryIteration" value="0" />
              <property name="repeatIteration" value="0" />
            </properties>
          </test-case>
          <test-case id="1445" name="Build_ReversesLateral" fullname="Tests.ReverseNodeTests.Build_ReversesLateral" methodname="Build_ReversesLateral" classname="Tests.ReverseNodeTests" runstate="Runnable" seed="1338142796" result="Passed" start-time="2025-12-20 03:17:06Z" end-time="2025-12-20 03:17:06Z" duration="0.000136" asserts="0">
            <properties>
              <property name="retryIteration" value="0" />
              <property name="repeatIteration" value="0" />
            </properties>
          </test-case>
          <test-case id="1449" name="Build_ReversesLateralForce" fullname="Tests.ReverseNodeTests.Build_ReversesLateralForce" methodname="Build_ReversesLateralForce" classname="Tests.ReverseNodeTests" runstate="Runnable" seed="2026301914" result="Passed" start-time="2025-12-20 03:17:06Z" end-time="2025-12-20 03:17:06Z" duration="0.000114" asserts="0">
            <properties>
              <property name="retryIteration" value="0" />
              <property name="repeatIteration" value="0" />
            </properties>
          </test-case>
        </test-suite>
        <test-suite type="TestFixture" id="1450" name="ReversePathNodeTests" fullname="Tests.ReversePathNodeTests" classname="Tests.ReversePathNodeTests" runstate="Runnable" testcasecount="4" result="Passed" start-time="2025-12-20 03:17:06Z" end-time="2025-12-20 03:17:06Z" duration="0.004071" total="4" passed="4" failed="0" inconclusive="0" skipped="0" asserts="0">
          <properties />
          <test-case id="1451" name="Build_EmptyPath_ReturnsEmpty" fullname="Tests.ReversePathNodeTests.Build_EmptyPath_ReturnsEmpty" methodname="Build_EmptyPath_ReturnsEmpty" classname="Tests.ReversePathNodeTests" runstate="Runnable" seed="646525136" result="Passed" start-time="2025-12-20 03:17:06Z" end-time="2025-12-20 03:17:06Z" duration="0.001202" asserts="0">
            <properties>
              <property name="retryIteration" value="0" />
              <property name="repeatIteration" value="0" />
            </properties>
          </test-case>
          <test-case id="1453" name="Build_MultiplePpoints_ReversesOrder" fullname="Tests.ReversePathNodeTests.Build_MultiplePpoints_ReversesOrder" methodname="Build_MultiplePpoints_ReversesOrder" classname="Tests.ReversePathNodeTests" runstate="Runnable" seed="371303868" result="Passed" start-time="2025-12-20 03:17:06Z" end-time="2025-12-20 03:17:06Z" duration="0.000796" asserts="0">
            <properties>
              <property name="retryIteration" value="0" />
              <property name="repeatIteration" value="0" />
            </properties>
          </test-case>
          <test-case id="1454" name="Build_PreservesNormal" fullname="Tests.ReversePathNodeTests.Build_PreservesNormal" methodname="Build_PreservesNormal" classname="Tests.ReversePathNodeTests" runstate="Runnable" seed="801223604" result="Passed" start-time="2025-12-20 03:17:06Z" end-time="2025-12-20 03:17:06Z" duration="0.000650" asserts="0">
            <properties>
              <property name="retryIteration" value="0" />
              <property name="repeatIteration" value="0" />
            </properties>
          </test-case>
          <test-case id="1452" name="Build_SinglePoint_ReversesOrientation" fullname="Tests.ReversePathNodeTests.Build_SinglePoint_ReversesOrientation" methodname="Build_SinglePoint_ReversesOrientation" classname="Tests.ReversePathNodeTests" runstate="Runnable" seed="840395793" result="Passed" start-time="2025-12-20 03:17:06Z" end-time="2025-12-20 03:17:06Z" duration="0.000538" asserts="0">
            <properties>
              <property name="retryIteration" value="0" />
              <property name="repeatIteration" value="0" />
            </properties>
          </test-case>
        </test-suite>
        <test-suite type="TestFixture" id="1455" name="RustForceNodeValidationTests" fullname="Tests.RustForceNodeValidationTests" classname="Tests.RustForceNodeValidationTests" runstate="Runnable" testcasecount="3" result="Passed" start-time="2025-12-20 03:17:06Z" end-time="2025-12-20 03:17:06Z" duration="0.115803" total="3" passed="3" failed="0" inconclusive="0" skipped="0" asserts="0">
          <properties>
            <property name="Category" value="Validation" />
          </properties>
          <test-case id="1458" name="RustMatchesBurst_AllTypes_ForceSection" fullname="Tests.RustForceNodeValidationTests.RustMatchesBurst_AllTypes_ForceSection" methodname="RustMatchesBurst_AllTypes_ForceSection" classname="Tests.RustForceNodeValidationTests" runstate="Runnable" seed="1800163098" result="Passed" start-time="2025-12-20 03:17:06Z" end-time="2025-12-20 03:17:06Z" duration="0.080752" asserts="0">
            <properties>
              <property name="retryIteration" value="0" />
              <property name="repeatIteration" value="0" />
            </properties>
          </test-case>
          <test-case id="1457" name="RustMatchesBurst_SimpleDistanceSection" fullname="Tests.RustForceNodeValidationTests.RustMatchesBurst_SimpleDistanceSection" methodname="RustMatchesBurst_SimpleDistanceSection" classname="Tests.RustForceNodeValidationTests" runstate="Runnable" seed="912692403" result="Passed" start-time="2025-12-20 03:17:06Z" end-time="2025-12-20 03:17:06Z" duration="0.017495" asserts="0">
            <properties>
              <property name="retryIteration" value="0" />
              <property name="repeatIteration" value="0" />
            </properties>
          </test-case>
          <test-case id="1456" name="RustMatchesBurst_SimpleTimeSection" fullname="Tests.RustForceNodeValidationTests.RustMatchesBurst_SimpleTimeSection" methodname="RustMatchesBurst_SimpleTimeSection" classname="Tests.RustForceNodeValidationTests" runstate="Runnable" seed="1044324338" result="Passed" start-time="2025-12-20 03:17:06Z" end-time="2025-12-20 03:17:06Z" duration="0.016492" asserts="0">
            <properties>
              <property name="retryIteration" value="0" />
              <property name="repeatIteration" value="0" />
            </properties>
          </test-case>
        </test-suite>
      </test-suite>
      <test-suite type="TestFixture" id="1032" name="TrackMeshExporterTests" fullname="TrackMeshExporterTests" classname="TrackMeshExporterTests" runstate="Runnable" testcasecount="5" result="Passed" start-time="2025-12-20 03:17:06Z" end-time="2025-12-20 03:17:07Z" duration="1.203285" total="5" passed="5" failed="0" inconclusive="0" skipped="0" asserts="0">
        <properties />
        <test-case id="1033" name="BuildJob_TransformsDataCorrectly" fullname="TrackMeshExporterTests.BuildJob_TransformsDataCorrectly" methodname="BuildJob_TransformsDataCorrectly" classname="TrackMeshExporterTests" runstate="Runnable" seed="1202397526" result="Passed" start-time="2025-12-20 03:17:06Z" end-time="2025-12-20 03:17:06Z" duration="0.004959" asserts="0">
          <properties>
            <property name="retryIteration" value="0" />
            <property name="repeatIteration" value="0" />
          </properties>
        </test-case>
        <test-case id="1035" name="ObjWriter_HandlesMultipleMeshes" fullname="TrackMeshExporterTests.ObjWriter_HandlesMultipleMeshes" methodname="ObjWriter_HandlesMultipleMeshes" classname="TrackMeshExporterTests" runstate="Runnable" seed="527990917" result="Passed" start-time="2025-12-20 03:17:06Z" end-time="2025-12-20 03:17:06Z" duration="0.022901" asserts="0">
          <properties>
            <property name="retryIteration" value="0" />
            <property name="repeatIteration" value="0" />
          </properties>
        </test-case>
        <test-case id="1036" name="ObjWriter_PerformanceWithLargeDataset" fullname="TrackMeshExporterTests.ObjWriter_PerformanceWithLargeDataset" methodname="ObjWriter_PerformanceWithLargeDataset" classname="TrackMeshExporterTests" runstate="Runnable" seed="1686739526" result="Passed" start-time="2025-12-20 03:17:06Z" end-time="2025-12-20 03:17:07Z" duration="1.115099" asserts="0">
          <properties>
            <property name="retryIteration" value="0" />
            <property name="repeatIteration" value="0" />
          </properties>
          <output><![CDATA[Performance Test Results:
  Setup: 19ms (100 meshes, 100,000 vertices)
  String Building: 450ms (4.5ms per mesh)
  File Writing: 33ms
  Total Export: 483ms
  File size: 13577KB
]]></output>
        </test-case>
        <test-case id="1034" name="ObjWriter_ProducesValidObjFile" fullname="TrackMeshExporterTests.ObjWriter_ProducesValidObjFile" methodname="ObjWriter_ProducesValidObjFile" classname="TrackMeshExporterTests" runstate="Runnable" seed="555993358" result="Passed" start-time="2025-12-20 03:17:07Z" end-time="2025-12-20 03:17:07Z" duration="0.019987" asserts="0">
          <properties>
            <property name="retryIteration" value="0" />
            <property name="repeatIteration" value="0" />
          </properties>
        </test-case>
        <test-case id="1037" name="UnsafePointerAccess_DoesNotCorruptMemory" fullname="TrackMeshExporterTests.UnsafePointerAccess_DoesNotCorruptMemory" methodname="UnsafePointerAccess_DoesNotCorruptMemory" classname="TrackMeshExporterTests" runstate="Runnable" seed="162298660" result="Passed" start-time="2025-12-20 03:17:07Z" end-time="2025-12-20 03:17:07Z" duration="0.015657" asserts="0">
          <properties>
            <property name="retryIteration" value="0" />
            <property name="repeatIteration" value="0" />
          </properties>
          <output><![CDATA[Saving results to: C:/Users/dylan/AppData/LocalLow/IndividualKex/KexEdit\TestResults.xml
]]></output>
        </test-case>
      </test-suite>
    </test-suite>
  </test-suite>
</test-run>