<?xml version="1.0" encoding="utf-8"?>
<test-run id="2" testcasecount="2" result="Passed" total="2" passed="2" failed="0" inconclusive="0" skipped="0" asserts="0" engine-version="3.5.0.0" clr-version="4.0.30319.42000" start-time="2025-12-18 04:08:49Z" end-time="2025-12-18 04:08:50Z" duration="0.2936608">
  <test-suite type="TestSuite" id="1000" name="KexEdit" fullname="KexEdit" runstate="Runnable" testcasecount="3258" result="Passed" start-time="2025-12-18 04:08:49Z" end-time="2025-12-18 04:08:50Z" duration="0.293661" total="2" passed="2" failed="0" inconclusive="0" skipped="0" asserts="0">
    <properties>
      <property name="platform" value="EditMode" />
    </properties>
    <test-suite type="Assembly" id="1443" name="Tests.dll" fullname="C:/Users/dylan/Documents/Games/KexEdit/Library/ScriptAssemblies/Tests.dll" runstate="Runnable" testcasecount="393" result="Passed" start-time="2025-12-18 04:08:49Z" end-time="2025-12-18 04:08:50Z" duration="0.254982" total="2" passed="2" failed="0" inconclusive="0" skipped="0" asserts="0">
      <properties>
        <property name="_PID" value="37128" />
        <property name="_APPDOMAIN" value="Unity Child Domain" />
        <property name="platform" value="EditMode" />
        <property name="EditorOnly" value="True" />
      </properties>
      <test-suite type="TestSuite" id="1453" name="Tests" fullname="Tests" runstate="Runnable" testcasecount="242" result="Passed" start-time="2025-12-18 04:08:49Z" end-time="2025-12-18 04:08:50Z" duration="0.251660" total="2" passed="2" failed="0" inconclusive="0" skipped="0" asserts="0">
        <properties />
        <test-suite type="TestFixture" id="1221" name="CoasterGoldTests" fullname="Tests.CoasterGoldTests" classname="Tests.CoasterGoldTests" runstate="Runnable" testcasecount="2" result="Passed" start-time="2025-12-18 04:08:50Z" end-time="2025-12-18 04:08:50Z" duration="0.248150" total="2" passed="2" failed="0" inconclusive="0" skipped="0" asserts="0">
          <properties>
            <property name="Category" value="Golden" />
          </properties>
          <test-case id="1222" name="Shuttle_LoadAndEvaluate_MatchesGoldData" fullname="Tests.CoasterGoldTests.Shuttle_LoadAndEvaluate_MatchesGoldData" methodname="Shuttle_LoadAndEvaluate_MatchesGoldData" classname="Tests.CoasterGoldTests" runstate="Runnable" seed="675228570" result="Passed" start-time="2025-12-18 04:08:50Z" end-time="2025-12-18 04:08:50Z" duration="0.067243" asserts="0">
            <properties>
              <property name="retryIteration" value="0" />
              <property name="repeatIteration" value="0" />
            </properties>
          </test-case>
          <test-case id="1223" name="Veloci_LoadAndEvaluate_MatchesGoldData" fullname="Tests.CoasterGoldTests.Veloci_LoadAndEvaluate_MatchesGoldData" methodname="Veloci_LoadAndEvaluate_MatchesGoldData" classname="Tests.CoasterGoldTests" runstate="Runnable" seed="688016110" result="Passed" start-time="2025-12-18 04:08:50Z" end-time="2025-12-18 04:08:50Z" duration="0.169141" asserts="0">
            <properties>
              <property name="retryIteration" value="0" />
              <property name="repeatIteration" value="0" />
            </properties>
            <output><![CDATA[Saving results to: C:/Users/dylan/AppData/LocalLow/IndividualKex/KexEdit\TestResults.xml
]]></output>
          </test-case>
        </test-suite>
      </test-suite>
    </test-suite>
  </test-suite>
</test-run>