<?xml version="1.0" encoding="utf-8"?>
<test-run id="2" testcasecount="450" result="Passed" total="450" passed="450" failed="0" inconclusive="0" skipped="0" asserts="0" engine-version="3.5.0.0" clr-version="4.0.30319.42000" start-time="2025-12-23 21:08:11Z" end-time="2025-12-23 21:08:17Z" duration="6.6009657">
  <test-suite type="TestSuite" id="1000" name="KexEdit" fullname="KexEdit" runstate="Runnable" testcasecount="3315" result="Passed" start-time="2025-12-23 21:08:11Z" end-time="2025-12-23 21:08:17Z" duration="6.600966" total="450" passed="450" failed="0" inconclusive="0" skipped="0" asserts="0">
    <properties>
      <property name="platform" value="EditMode" />
    </properties>
    <test-suite type="Assembly" id="1510" name="Tests.dll" fullname="C:/Users/dylan/Documents/Games/KexEdit/Library/ScriptAssemblies/Tests.dll" runstate="Runnable" testcasecount="450" result="Passed" start-time="2025-12-23 21:08:11Z" end-time="2025-12-23 21:08:17Z" duration="6.579833" total="450" passed="450" failed="0" inconclusive="0" skipped="0" asserts="0">
      <properties>
        <property name="_PID" value="15548" />
        <property name="_APPDOMAIN" value="Unity Child Domain" />
        <property name="platform" value="EditMode" />
        <property name="EditorOnly" value="True" />
      </properties>
      <test-suite type="TestFixture" id="1001" name="CoasterEvaluatorTests" fullname="CoasterEvaluatorTests" classname="CoasterEvaluatorTests" runstate="Runnable" testcasecount="10" result="Passed" start-time="2025-12-23 21:08:11Z" end-time="2025-12-23 21:08:11Z" duration="0.053193" total="10" passed="10" failed="0" inconclusive="0" skipped="0" asserts="0">
        <properties />
        <test-case id="1006" name="Evaluate_AnchorToCurved_ProducesPathAndOutputAnchor" fullname="CoasterEvaluatorTests.Evaluate_AnchorToCurved_ProducesPathAndOutputAnchor" methodname="Evaluate_AnchorToCurved_ProducesPathAndOutputAnchor" classname="CoasterEvaluatorTests" runstate="Runnable" seed="255502414" result="Passed" start-time="2025-12-23 21:08:11Z" end-time="2025-12-23 21:08:11Z" duration="0.030170" asserts="0">
          <properties>
            <property name="retryIteration" value="0" />
            <property name="repeatIteration" value="0" />
          </properties>
        </test-case>
        <test-case id="1004" name="Evaluate_AnchorToForce_ProducesPathAndOutputAnchor" fullname="CoasterEvaluatorTests.Evaluate_AnchorToForce_ProducesPathAndOutputAnchor" methodname="Evaluate_AnchorToForce_ProducesPathAndOutputAnchor" classname="CoasterEvaluatorTests" runstate="Runnable" seed="32179725" result="Passed" start-time="2025-12-23 21:08:11Z" end-time="2025-12-23 21:08:11Z" duration="0.005226" asserts="0">
          <properties>
            <property name="retryIteration" value="0" />
            <property name="repeatIteration" value="0" />
          </properties>
        </test-case>
        <test-case id="1005" name="Evaluate_AnchorToGeometric_ProducesPathAndOutputAnchor" fullname="CoasterEvaluatorTests.Evaluate_AnchorToGeometric_ProducesPathAndOutputAnchor" methodname="Evaluate_AnchorToGeometric_ProducesPathAndOutputAnchor" classname="CoasterEvaluatorTests" runstate="Runnable" seed="520979399" result="Passed" start-time="2025-12-23 21:08:11Z" end-time="2025-12-23 21:08:11Z" duration="0.000563" asserts="0">
          <properties>
            <property name="retryIteration" value="0" />
            <property name="repeatIteration" value="0" />
          </properties>
        </test-case>
        <test-case id="1007" name="Evaluate_AnchorToReverse_ReversesDirection" fullname="CoasterEvaluatorTests.Evaluate_AnchorToReverse_ReversesDirection" methodname="Evaluate_AnchorToReverse_ReversesDirection" classname="CoasterEvaluatorTests" runstate="Runnable" seed="2091446028" result="Passed" start-time="2025-12-23 21:08:11Z" end-time="2025-12-23 21:08:11Z" duration="0.000976" asserts="0">
          <properties>
            <property name="retryIteration" value="0" />
            <property name="repeatIteration" value="0" />
          </properties>
        </test-case>
        <test-case id="1010" name="Evaluate_Bridge_CreatesBezierPath" fullname="CoasterEvaluatorTests.Evaluate_Bridge_CreatesBezierPath" methodname="Evaluate_Bridge_CreatesBezierPath" classname="CoasterEvaluatorTests" runstate="Runnable" seed="1322796965" result="Passed" start-time="2025-12-23 21:08:11Z" end-time="2025-12-23 21:08:11Z" duration="0.000715" asserts="0">
          <properties>
            <property name="retryIteration" value="0" />
            <property name="repeatIteration" value="0" />
          </properties>
        </test-case>
        <test-case id="1002" name="Evaluate_EmptyCoaster_ReturnsEmptyResult" fullname="CoasterEvaluatorTests.Evaluate_EmptyCoaster_ReturnsEmptyResult" methodname="Evaluate_EmptyCoaster_ReturnsEmptyResult" classname="CoasterEvaluatorTests" runstate="Runnable" seed="1597259068" result="Passed" start-time="2025-12-23 21:08:11Z" end-time="2025-12-23 21:08:11Z" duration="0.000416" asserts="0">
          <properties>
            <property name="retryIteration" value="0" />
            <property name="repeatIteration" value="0" />
          </properties>
        </test-case>
        <test-case id="1009" name="Evaluate_ForceToCopyPath_CopiesPath" fullname="CoasterEvaluatorTests.Evaluate_ForceToCopyPath_CopiesPath" methodname="Evaluate_ForceToCopyPath_CopiesPath" classname="CoasterEvaluatorTests" runstate="Runnable" seed="47537120" result="Passed" start-time="2025-12-23 21:08:11Z" end-time="2025-12-23 21:08:11Z" duration="0.000756" asserts="0">
          <properties>
            <property name="retryIteration" value="0" />
            <property name="repeatIteration" value="0" />
          </properties>
        </test-case>
        <test-case id="1008" name="Evaluate_ForceToReversePath_ReversesPath" fullname="CoasterEvaluatorTests.Evaluate_ForceToReversePath_ReversesPath" methodname="Evaluate_ForceToReversePath_ReversesPath" classname="CoasterEvaluatorTests" runstate="Runnable" seed="985902493" result="Passed" start-time="2025-12-23 21:08:11Z" end-time="2025-12-23 21:08:11Z" duration="0.000847" asserts="0">
          <properties>
            <property name="retryIteration" value="0" />
            <property name="repeatIteration" value="0" />
          </properties>
        </test-case>
        <test-case id="1011" name="Evaluate_ScalarNodeInjectsToCurvedRadius" fullname="CoasterEvaluatorTests.Evaluate_ScalarNodeInjectsToCurvedRadius" methodname="Evaluate_ScalarNodeInjectsToCurvedRadius" classname="CoasterEvaluatorTests" runstate="Runnable" seed="1051875807" result="Passed" start-time="2025-12-23 21:08:11Z" end-time="2025-12-23 21:08:11Z" duration="0.000655" asserts="0">
          <properties>
            <property name="retryIteration" value="0" />
            <property name="repeatIteration" value="0" />
          </properties>
        </test-case>
        <test-case id="1003" name="Evaluate_SingleAnchorNode_ProducesOutputAnchor" fullname="CoasterEvaluatorTests.Evaluate_SingleAnchorNode_ProducesOutputAnchor" methodname="Evaluate_SingleAnchorNode_ProducesOutputAnchor" classname="CoasterEvaluatorTests" runstate="Runnable" seed="1244556651" result="Passed" start-time="2025-12-23 21:08:11Z" end-time="2025-12-23 21:08:11Z" duration="0.000369" asserts="0">
          <properties>
            <property name="retryIteration" value="0" />
            <property name="repeatIteration" value="0" />
          </properties>
        </test-case>
      </test-suite>
      <test-suite type="TestFixture" id="1012" name="CoasterTests" fullname="CoasterTests" classname="CoasterTests" runstate="Runnable" testcasecount="7" result="Passed" start-time="2025-12-23 21:08:11Z" end-time="2025-12-23 21:08:11Z" duration="0.009103" total="7" passed="7" failed="0" inconclusive="0" skipped="0" asserts="0">
        <properties />
        <test-case id="1015" name="AddAnchorNode_StoresPositionAndRotation" fullname="CoasterTests.AddAnchorNode_StoresPositionAndRotation" methodname="AddAnchorNode_StoresPositionAndRotation" classname="CoasterTests" runstate="Runnable" seed="2066796208" result="Passed" start-time="2025-12-23 21:08:11Z" end-time="2025-12-23 21:08:11Z" duration="0.001699" asserts="0">
          <properties>
            <property name="retryIteration" value="0" />
            <property name="repeatIteration" value="0" />
          </properties>
        </test-case>
        <test-case id="1016" name="AddForceNode_StoresDurationAndKeyframes" fullname="CoasterTests.AddForceNode_StoresDurationAndKeyframes" methodname="AddForceNode_StoresDurationAndKeyframes" classname="CoasterTests" runstate="Runnable" seed="1490184010" result="Passed" start-time="2025-12-23 21:08:11Z" end-time="2025-12-23 21:08:11Z" duration="0.003988" asserts="0">
          <properties>
            <property name="retryIteration" value="0" />
            <property name="repeatIteration" value="0" />
          </properties>
        </test-case>
        <test-case id="1013" name="Create_InitializesEmptyCoaster" fullname="CoasterTests.Create_InitializesEmptyCoaster" methodname="Create_InitializesEmptyCoaster" classname="CoasterTests" runstate="Runnable" seed="965611905" result="Passed" start-time="2025-12-23 21:08:11Z" end-time="2025-12-23 21:08:11Z" duration="0.000524" asserts="0">
          <properties>
            <property name="retryIteration" value="0" />
            <property name="repeatIteration" value="0" />
          </properties>
        </test-case>
        <test-case id="1014" name="Dispose_CleansUpAllContainers" fullname="CoasterTests.Dispose_CleansUpAllContainers" methodname="Dispose_CleansUpAllContainers" classname="CoasterTests" runstate="Runnable" seed="2043512867" result="Passed" start-time="2025-12-23 21:08:11Z" end-time="2025-12-23 21:08:11Z" duration="0.000335" asserts="0">
          <properties>
            <property name="retryIteration" value="0" />
            <property name="repeatIteration" value="0" />
          </properties>
        </test-case>
        <test-case id="1017" name="GeometricNode_SteeringSupportedViaHashSet" fullname="CoasterTests.GeometricNode_SteeringSupportedViaHashSet" methodname="GeometricNode_SteeringSupportedViaHashSet" classname="CoasterTests" runstate="Runnable" seed="552166722" result="Passed" start-time="2025-12-23 21:08:11Z" end-time="2025-12-23 21:08:11Z" duration="0.000517" asserts="0">
          <properties>
            <property name="retryIteration" value="0" />
            <property name="repeatIteration" value="0" />
          </properties>
        </test-case>
        <test-case id="1018" name="ScalarNode_StoresValue" fullname="CoasterTests.ScalarNode_StoresValue" methodname="ScalarNode_StoresValue" classname="CoasterTests" runstate="Runnable" seed="768427485" result="Passed" start-time="2025-12-23 21:08:11Z" end-time="2025-12-23 21:08:11Z" duration="0.000326" asserts="0">
          <properties>
            <property name="retryIteration" value="0" />
            <property name="repeatIteration" value="0" />
          </properties>
        </test-case>
        <test-case id="1019" name="VectorNode_StoresValue" fullname="CoasterTests.VectorNode_StoresValue" methodname="VectorNode_StoresValue" classname="CoasterTests" runstate="Runnable" seed="1529118422" result="Passed" start-time="2025-12-23 21:08:11Z" end-time="2025-12-23 21:08:11Z" duration="0.000253" asserts="0">
          <properties>
            <property name="retryIteration" value="0" />
            <property name="repeatIteration" value="0" />
          </properties>
        </test-case>
      </test-suite>
      <test-suite type="TestSuite" id="1515" name="KexEdit" fullname="KexEdit" runstate="Runnable" testcasecount="6" result="Passed" start-time="2025-12-23 21:08:11Z" end-time="2025-12-23 21:08:11Z" duration="0.010414" total="6" passed="6" failed="0" inconclusive="0" skipped="0" asserts="0">
        <properties />
        <test-suite type="TestSuite" id="1516" name="Tests" fullname="KexEdit.Tests" runstate="Runnable" testcasecount="6" result="Passed" start-time="2025-12-23 21:08:11Z" end-time="2025-12-23 21:08:11Z" duration="0.009874" total="6" passed="6" failed="0" inconclusive="0" skipped="0" asserts="0">
          <properties />
          <test-suite type="TestSuite" id="1517" name="RustCore" fullname="KexEdit.Tests.RustCore" runstate="Runnable" testcasecount="6" result="Passed" start-time="2025-12-23 21:08:11Z" end-time="2025-12-23 21:08:11Z" duration="0.009470" total="6" passed="6" failed="0" inconclusive="0" skipped="0" asserts="0">
            <properties />
            <test-suite type="TestFixture" id="1077" name="RustFrameTests" fullname="KexEdit.Tests.RustCore.RustFrameTests" classname="KexEdit.Tests.RustCore.RustFrameTests" runstate="Runnable" testcasecount="6" result="Passed" start-time="2025-12-23 21:08:11Z" end-time="2025-12-23 21:08:11Z" duration="0.009065" total="6" passed="6" failed="0" inconclusive="0" skipped="0" asserts="0">
              <properties />
              <test-case id="1083" name="TestRollMatchesCSharp" fullname="KexEdit.Tests.RustCore.RustFrameTests.TestRollMatchesCSharp" methodname="TestRollMatchesCSharp" classname="KexEdit.Tests.RustCore.RustFrameTests" runstate="Runnable" seed="772089068" result="Passed" start-time="2025-12-23 21:08:11Z" end-time="2025-12-23 21:08:11Z" duration="0.003091" asserts="0">
                <properties>
                  <property name="retryIteration" value="0" />
                  <property name="repeatIteration" value="0" />
                </properties>
              </test-case>
              <test-case id="1079" name="TestRotateAroundMatchesCSharp" fullname="KexEdit.Tests.RustCore.RustFrameTests.TestRotateAroundMatchesCSharp" methodname="TestRotateAroundMatchesCSharp" classname="KexEdit.Tests.RustCore.RustFrameTests" runstate="Runnable" seed="1757545832" result="Passed" start-time="2025-12-23 21:08:11Z" end-time="2025-12-23 21:08:11Z" duration="0.001892" asserts="0">
                <properties>
                  <property name="retryIteration" value="0" />
                  <property name="repeatIteration" value="0" />
                </properties>
              </test-case>
              <test-case id="1078" name="TestRustFrameConversion" fullname="KexEdit.Tests.RustCore.RustFrameTests.TestRustFrameConversion" methodname="TestRustFrameConversion" classname="KexEdit.Tests.RustCore.RustFrameTests" runstate="Runnable" seed="467377753" result="Passed" start-time="2025-12-23 21:08:11Z" end-time="2025-12-23 21:08:11Z" duration="0.000129" asserts="0">
                <properties>
                  <property name="retryIteration" value="0" />
                  <property name="repeatIteration" value="0" />
                </properties>
              </test-case>
              <test-case id="1081" name="TestWithPitchMatchesCSharp" fullname="KexEdit.Tests.RustCore.RustFrameTests.TestWithPitchMatchesCSharp" methodname="TestWithPitchMatchesCSharp" classname="KexEdit.Tests.RustCore.RustFrameTests" runstate="Runnable" seed="1308479247" result="Passed" start-time="2025-12-23 21:08:11Z" end-time="2025-12-23 21:08:11Z" duration="0.001439" asserts="0">
                <properties>
                  <property name="retryIteration" value="0" />
                  <property name="repeatIteration" value="0" />
                </properties>
              </test-case>
              <test-case id="1080" name="TestWithRollMatchesCSharp" fullname="KexEdit.Tests.RustCore.RustFrameTests.TestWithRollMatchesCSharp" methodname="TestWithRollMatchesCSharp" classname="KexEdit.Tests.RustCore.RustFrameTests" runstate="Runnable" seed="891805039" result="Passed" start-time="2025-12-23 21:08:11Z" end-time="2025-12-23 21:08:11Z" duration="0.000226" asserts="0">
                <properties>
                  <property name="retryIteration" value="0" />
                  <property name="repeatIteration" value="0" />
                </properties>
              </test-case>
              <test-case id="1082" name="TestWithYawMatchesCSharp" fullname="KexEdit.Tests.RustCore.RustFrameTests.TestWithYawMatchesCSharp" methodname="TestWithYawMatchesCSharp" classname="KexEdit.Tests.RustCore.RustFrameTests" runstate="Runnable" seed="685423500" result="Passed" start-time="2025-12-23 21:08:11Z" end-time="2025-12-23 21:08:11Z" duration="0.001236" asserts="0">
                <properties>
                  <property name="retryIteration" value="0" />
                  <property name="repeatIteration" value="0" />
                </properties>
              </test-case>
            </test-suite>
          </test-suite>
        </test-suite>
      </test-suite>
      <test-suite type="TestSuite" id="1518" name="KexGraph" fullname="KexGraph" runstate="Runnable" testcasecount="72" result="Passed" start-time="2025-12-23 21:08:11Z" end-time="2025-12-23 21:08:11Z" duration="0.042656" total="72" passed="72" failed="0" inconclusive="0" skipped="0" asserts="0">
        <properties />
        <test-suite type="TestSuite" id="1519" name="Tests" fullname="KexGraph.Tests" runstate="Runnable" testcasecount="72" result="Passed" start-time="2025-12-23 21:08:11Z" end-time="2025-12-23 21:08:11Z" duration="0.041731" total="72" passed="72" failed="0" inconclusive="0" skipped="0" asserts="0">
          <properties />
          <test-suite type="TestFixture" id="1084" name="GraphEdgeTests" fullname="KexGraph.Tests.GraphEdgeTests" classname="KexGraph.Tests.GraphEdgeTests" runstate="Runnable" testcasecount="22" result="Passed" start-time="2025-12-23 21:08:11Z" end-time="2025-12-23 21:08:11Z" duration="0.015329" total="22" passed="22" failed="0" inconclusive="0" skipped="0" asserts="0">
            <properties>
              <property name="Category" value="Unit" />
            </properties>
            <test-case id="1086" name="AddEdge_GeneratesUniqueIds" fullname="KexGraph.Tests.GraphEdgeTests.AddEdge_GeneratesUniqueIds" methodname="AddEdge_GeneratesUniqueIds" classname="KexGraph.Tests.GraphEdgeTests" runstate="Runnable" seed="1390697041" result="Passed" start-time="2025-12-23 21:08:11Z" end-time="2025-12-23 21:08:11Z" duration="0.002602" asserts="0">
              <properties>
                <property name="retryIteration" value="0" />
                <property name="repeatIteration" value="0" />
              </properties>
            </test-case>
            <test-case id="1088" name="AddEdge_InvalidSourcePort_ReturnsZero" fullname="KexGraph.Tests.GraphEdgeTests.AddEdge_InvalidSourcePort_ReturnsZero" methodname="AddEdge_InvalidSourcePort_ReturnsZero" classname="KexGraph.Tests.GraphEdgeTests" runstate="Runnable" seed="2028795074" result="Passed" start-time="2025-12-23 21:08:11Z" end-time="2025-12-23 21:08:11Z" duration="0.000251" asserts="0">
              <properties>
                <property name="retryIteration" value="0" />
                <property name="repeatIteration" value="0" />
              </properties>
            </test-case>
            <test-case id="1089" name="AddEdge_InvalidTargetPort_ReturnsZero" fullname="KexGraph.Tests.GraphEdgeTests.AddEdge_InvalidTargetPort_ReturnsZero" methodname="AddEdge_InvalidTargetPort_ReturnsZero" classname="KexGraph.Tests.GraphEdgeTests" runstate="Runnable" seed="381090866" result="Passed" start-time="2025-12-23 21:08:11Z" end-time="2025-12-23 21:08:11Z" duration="0.000155" asserts="0">
              <properties>
                <property name="retryIteration" value="0" />
                <property name="repeatIteration" value="0" />
              </properties>
            </test-case>
            <test-case id="1087" name="AddEdge_StoresCorrectSourceAndTarget" fullname="KexGraph.Tests.GraphEdgeTests.AddEdge_StoresCorrectSourceAndTarget" methodname="AddEdge_StoresCorrectSourceAndTarget" classname="KexGraph.Tests.GraphEdgeTests" runstate="Runnable" seed="469030636" result="Passed" start-time="2025-12-23 21:08:11Z" end-time="2025-12-23 21:08:11Z" duration="0.000756" asserts="0">
              <properties>
                <property name="retryIteration" value="0" />
                <property name="repeatIteration" value="0" />
              </properties>
            </test-case>
            <test-case id="1085" name="AddEdge_ValidPorts_IncreasesEdgeCount" fullname="KexGraph.Tests.GraphEdgeTests.AddEdge_ValidPorts_IncreasesEdgeCount" methodname="AddEdge_ValidPorts_IncreasesEdgeCount" classname="KexGraph.Tests.GraphEdgeTests" runstate="Runnable" seed="1240861015" result="Passed" start-time="2025-12-23 21:08:11Z" end-time="2025-12-23 21:08:11Z" duration="0.000158" asserts="0">
              <properties>
                <property name="retryIteration" value="0" />
                <property name="repeatIteration" value="0" />
              </properties>
            </test-case>
            <test-case id="1106" name="FindSinkNodes_AllNodesAreSinks_ReturnsAll" fullname="KexGraph.Tests.GraphEdgeTests.FindSinkNodes_AllNodesAreSinks_ReturnsAll" methodname="FindSinkNodes_AllNodesAreSinks_ReturnsAll" classname="KexGraph.Tests.GraphEdgeTests" runstate="Runnable" seed="1393307781" result="Passed" start-time="2025-12-23 21:08:11Z" end-time="2025-12-23 21:08:11Z" duration="0.001634" asserts="0">
              <properties>
                <property name="retryIteration" value="0" />
                <property name="repeatIteration" value="0" />
              </properties>
            </test-case>
            <test-case id="1105" name="FindSinkNodes_ReturnsNodesWithNoOutgoingEdges" fullname="KexGraph.Tests.GraphEdgeTests.FindSinkNodes_ReturnsNodesWithNoOutgoingEdges" methodname="FindSinkNodes_ReturnsNodesWithNoOutgoingEdges" classname="KexGraph.Tests.GraphEdgeTests" runstate="Runnable" seed="65195181" result="Passed" start-time="2025-12-23 21:08:11Z" end-time="2025-12-23 21:08:11Z" duration="0.000280" asserts="0">
              <properties>
                <property name="retryIteration" value="0" />
                <property name="repeatIteration" value="0" />
              </properties>
            </test-case>
            <test-case id="1103" name="FindSourceNodes_AllNodesAreRoots_ReturnsAll" fullname="KexGraph.Tests.GraphEdgeTests.FindSourceNodes_AllNodesAreRoots_ReturnsAll" methodname="FindSourceNodes_AllNodesAreRoots_ReturnsAll" classname="KexGraph.Tests.GraphEdgeTests" runstate="Runnable" seed="1269344960" result="Passed" start-time="2025-12-23 21:08:11Z" end-time="2025-12-23 21:08:11Z" duration="0.000691" asserts="0">
              <properties>
                <property name="retryIteration" value="0" />
                <property name="repeatIteration" value="0" />
              </properties>
            </test-case>
            <test-case id="1104" name="FindSourceNodes_EmptyGraph_ReturnsEmpty" fullname="KexGraph.Tests.GraphEdgeTests.FindSourceNodes_EmptyGraph_ReturnsEmpty" methodname="FindSourceNodes_EmptyGraph_ReturnsEmpty" classname="KexGraph.Tests.GraphEdgeTests" runstate="Runnable" seed="56733468" result="Passed" start-time="2025-12-23 21:08:11Z" end-time="2025-12-23 21:08:11Z" duration="0.000164" asserts="0">
              <properties>
                <property name="retryIteration" value="0" />
                <property name="repeatIteration" value="0" />
              </properties>
            </test-case>
            <test-case id="1102" name="FindSourceNodes_ReturnsNodesWithNoIncomingEdges" fullname="KexGraph.Tests.GraphEdgeTests.FindSourceNodes_ReturnsNodesWithNoIncomingEdges" methodname="FindSourceNodes_ReturnsNodesWithNoIncomingEdges" classname="KexGraph.Tests.GraphEdgeTests" runstate="Runnable" seed="35804058" result="Passed" start-time="2025-12-23 21:08:11Z" end-time="2025-12-23 21:08:11Z" duration="0.000275" asserts="0">
              <properties>
                <property name="retryIteration" value="0" />
                <property name="repeatIteration" value="0" />
              </properties>
            </test-case>
            <test-case id="1095" name="GetIncomingEdges_NodeWithIncomingEdges_ReturnsCorrectEdges" fullname="KexGraph.Tests.GraphEdgeTests.GetIncomingEdges_NodeWithIncomingEdges_ReturnsCorrectEdges" methodname="GetIncomingEdges_NodeWithIncomingEdges_ReturnsCorrectEdges" classname="KexGraph.Tests.GraphEdgeTests" runstate="Runnable" seed="939493919" result="Passed" start-time="2025-12-23 21:08:11Z" end-time="2025-12-23 21:08:11Z" duration="0.000741" asserts="0">
              <properties>
                <property name="retryIteration" value="0" />
                <property name="repeatIteration" value="0" />
              </properties>
            </test-case>
            <test-case id="1096" name="GetIncomingEdges_NodeWithNoIncomingEdges_ReturnsEmptyArray" fullname="KexGraph.Tests.GraphEdgeTests.GetIncomingEdges_NodeWithNoIncomingEdges_ReturnsEmptyArray" methodname="GetIncomingEdges_NodeWithNoIncomingEdges_ReturnsEmptyArray" classname="KexGraph.Tests.GraphEdgeTests" runstate="Runnable" seed="840684501" result="Passed" start-time="2025-12-23 21:08:11Z" end-time="2025-12-23 21:08:11Z" duration="0.000184" asserts="0">
              <properties>
                <property name="retryIteration" value="0" />
                <property name="repeatIteration" value="0" />
              </properties>
            </test-case>
            <test-case id="1094" name="GetOutgoingEdges_NodeWithNoOutgoingEdges_ReturnsEmptyArray" fullname="KexGraph.Tests.GraphEdgeTests.GetOutgoingEdges_NodeWithNoOutgoingEdges_ReturnsEmptyArray" methodname="GetOutgoingEdges_NodeWithNoOutgoingEdges_ReturnsEmptyArray" classname="KexGraph.Tests.GraphEdgeTests" runstate="Runnable" seed="1236958048" result="Passed" start-time="2025-12-23 21:08:11Z" end-time="2025-12-23 21:08:11Z" duration="0.000548" asserts="0">
              <properties>
                <property name="retryIteration" value="0" />
                <property name="repeatIteration" value="0" />
              </properties>
            </test-case>
            <test-case id="1093" name="GetOutgoingEdges_NodeWithOutgoingEdges_ReturnsCorrectEdges" fullname="KexGraph.Tests.GraphEdgeTests.GetOutgoingEdges_NodeWithOutgoingEdges_ReturnsCorrectEdges" methodname="GetOutgoingEdges_NodeWithOutgoingEdges_ReturnsCorrectEdges" classname="KexGraph.Tests.GraphEdgeTests" runstate="Runnable" seed="1445014334" result="Passed" start-time="2025-12-23 21:08:11Z" end-time="2025-12-23 21:08:11Z" duration="0.000282" asserts="0">
              <properties>
                <property name="retryIteration" value="0" />
                <property name="repeatIteration" value="0" />
              </properties>
            </test-case>
            <test-case id="1101" name="GetPredecessorNodes_NoIncomingEdges_ReturnsEmpty" fullname="KexGraph.Tests.GraphEdgeTests.GetPredecessorNodes_NoIncomingEdges_ReturnsEmpty" methodname="GetPredecessorNodes_NoIncomingEdges_ReturnsEmpty" classname="KexGraph.Tests.GraphEdgeTests" runstate="Runnable" seed="1946438911" result="Passed" start-time="2025-12-23 21:08:11Z" end-time="2025-12-23 21:08:11Z" duration="0.000771" asserts="0">
              <properties>
                <property name="retryIteration" value="0" />
                <property name="repeatIteration" value="0" />
              </properties>
            </test-case>
            <test-case id="1100" name="GetPredecessorNodes_ReturnsConnectedNodes" fullname="KexGraph.Tests.GraphEdgeTests.GetPredecessorNodes_ReturnsConnectedNodes" methodname="GetPredecessorNodes_ReturnsConnectedNodes" classname="KexGraph.Tests.GraphEdgeTests" runstate="Runnable" seed="1412505015" result="Passed" start-time="2025-12-23 21:08:11Z" end-time="2025-12-23 21:08:11Z" duration="0.000265" asserts="0">
              <properties>
                <property name="retryIteration" value="0" />
                <property name="repeatIteration" value="0" />
              </properties>
            </test-case>
            <test-case id="1099" name="GetSuccessorNodes_MultipleEdgesToSameNode_ReturnsOnce" fullname="KexGraph.Tests.GraphEdgeTests.GetSuccessorNodes_MultipleEdgesToSameNode_ReturnsOnce" methodname="GetSuccessorNodes_MultipleEdgesToSameNode_ReturnsOnce" classname="KexGraph.Tests.GraphEdgeTests" runstate="Runnable" seed="282894667" result="Passed" start-time="2025-12-23 21:08:11Z" end-time="2025-12-23 21:08:11Z" duration="0.000782" asserts="0">
              <properties>
                <property name="retryIteration" value="0" />
                <property name="repeatIteration" value="0" />
              </properties>
            </test-case>
            <test-case id="1098" name="GetSuccessorNodes_NoOutgoingEdges_ReturnsEmpty" fullname="KexGraph.Tests.GraphEdgeTests.GetSuccessorNodes_NoOutgoingEdges_ReturnsEmpty" methodname="GetSuccessorNodes_NoOutgoingEdges_ReturnsEmpty" classname="KexGraph.Tests.GraphEdgeTests" runstate="Runnable" seed="1838388835" result="Passed" start-time="2025-12-23 21:08:11Z" end-time="2025-12-23 21:08:11Z" duration="0.000162" asserts="0">
              <properties>
                <property name="retryIteration" value="0" />
                <property name="repeatIteration" value="0" />
              </properties>
            </test-case>
            <test-case id="1097" name="GetSuccessorNodes_ReturnsConnectedNodes" fullname="KexGraph.Tests.GraphEdgeTests.GetSuccessorNodes_ReturnsConnectedNodes" methodname="GetSuccessorNodes_ReturnsConnectedNodes" classname="KexGraph.Tests.GraphEdgeTests" runstate="Runnable" seed="430342115" result="Passed" start-time="2025-12-23 21:08:11Z" end-time="2025-12-23 21:08:11Z" duration="0.000255" asserts="0">
              <properties>
                <property name="retryIteration" value="0" />
                <property name="repeatIteration" value="0" />
              </properties>
            </test-case>
            <test-case id="1090" name="RemoveEdge_DecreasesEdgeCount" fullname="KexGraph.Tests.GraphEdgeTests.RemoveEdge_DecreasesEdgeCount" methodname="RemoveEdge_DecreasesEdgeCount" classname="KexGraph.Tests.GraphEdgeTests" runstate="Runnable" seed="848717270" result="Passed" start-time="2025-12-23 21:08:11Z" end-time="2025-12-23 21:08:11Z" duration="0.001083" asserts="0">
              <properties>
                <property name="retryIteration" value="0" />
                <property name="repeatIteration" value="0" />
              </properties>
            </test-case>
            <test-case id="1091" name="RemoveEdge_InvalidEdge_DoesNothing" fullname="KexGraph.Tests.GraphEdgeTests.RemoveEdge_InvalidEdge_DoesNothing" methodname="RemoveEdge_InvalidEdge_DoesNothing" classname="KexGraph.Tests.GraphEdgeTests" runstate="Runnable" seed="1798725035" result="Passed" start-time="2025-12-23 21:08:11Z" end-time="2025-12-23 21:08:11Z" duration="0.000161" asserts="0">
              <properties>
                <property name="retryIteration" value="0" />
                <property name="repeatIteration" value="0" />
              </properties>
            </test-case>
            <test-case id="1092" name="RemoveEdge_MiddleEdge_MaintainsOtherEdges" fullname="KexGraph.Tests.GraphEdgeTests.RemoveEdge_MiddleEdge_MaintainsOtherEdges" methodname="RemoveEdge_MiddleEdge_MaintainsOtherEdges" classname="KexGraph.Tests.GraphEdgeTests" runstate="Runnable" seed="838102604" result="Passed" start-time="2025-12-23 21:08:11Z" end-time="2025-12-23 21:08:11Z" duration="0.000280" asserts="0">
              <properties>
                <property name="retryIteration" value="0" />
                <property name="repeatIteration" value="0" />
              </properties>
            </test-case>
          </test-suite>
          <test-suite type="TestFixture" id="1107" name="GraphNodeTests" fullname="KexGraph.Tests.GraphNodeTests" classname="KexGraph.Tests.GraphNodeTests" runstate="Runnable" testcasecount="9" result="Passed" start-time="2025-12-23 21:08:11Z" end-time="2025-12-23 21:08:11Z" duration="0.004772" total="9" passed="9" failed="0" inconclusive="0" skipped="0" asserts="0">
            <properties>
              <property name="Category" value="Unit" />
            </properties>
            <test-case id="1109" name="AddNode_GeneratesUniqueIds" fullname="KexGraph.Tests.GraphNodeTests.AddNode_GeneratesUniqueIds" methodname="AddNode_GeneratesUniqueIds" classname="KexGraph.Tests.GraphNodeTests" runstate="Runnable" seed="539313757" result="Passed" start-time="2025-12-23 21:08:11Z" end-time="2025-12-23 21:08:11Z" duration="0.000174" asserts="0">
              <properties>
                <property name="retryIteration" value="0" />
                <property name="repeatIteration" value="0" />
              </properties>
            </test-case>
            <test-case id="1112" name="AddNode_StoresCorrectPosition" fullname="KexGraph.Tests.GraphNodeTests.AddNode_StoresCorrectPosition" methodname="AddNode_StoresCorrectPosition" classname="KexGraph.Tests.GraphNodeTests" runstate="Runnable" seed="1958314467" result="Passed" start-time="2025-12-23 21:08:11Z" end-time="2025-12-23 21:08:11Z" duration="0.000882" asserts="0">
              <properties>
                <property name="retryIteration" value="0" />
                <property name="repeatIteration" value="0" />
              </properties>
            </test-case>
            <test-case id="1113" name="AddNode_StoresCorrectType" fullname="KexGraph.Tests.GraphNodeTests.AddNode_StoresCorrectType" methodname="AddNode_StoresCorrectType" classname="KexGraph.Tests.GraphNodeTests" runstate="Runnable" seed="544590554" result="Passed" start-time="2025-12-23 21:08:11Z" end-time="2025-12-23 21:08:11Z" duration="0.000224" asserts="0">
              <properties>
                <property name="retryIteration" value="0" />
                <property name="repeatIteration" value="0" />
              </properties>
            </test-case>
            <test-case id="1108" name="AddNode_ValidData_IncreasesCount" fullname="KexGraph.Tests.GraphNodeTests.AddNode_ValidData_IncreasesCount" methodname="AddNode_ValidData_IncreasesCount" classname="KexGraph.Tests.GraphNodeTests" runstate="Runnable" seed="1731601427" result="Passed" start-time="2025-12-23 21:08:11Z" end-time="2025-12-23 21:08:11Z" duration="0.000158" asserts="0">
              <properties>
                <property name="retryIteration" value="0" />
                <property name="repeatIteration" value="0" />
              </properties>
            </test-case>
            <test-case id="1114" name="RemoveNode_DecreasesCount" fullname="KexGraph.Tests.GraphNodeTests.RemoveNode_DecreasesCount" methodname="RemoveNode_DecreasesCount" classname="KexGraph.Tests.GraphNodeTests" runstate="Runnable" seed="2068261118" result="Passed" start-time="2025-12-23 21:08:11Z" end-time="2025-12-23 21:08:11Z" duration="0.001230" asserts="0">
              <properties>
                <property name="retryIteration" value="0" />
                <property name="repeatIteration" value="0" />
              </properties>
            </test-case>
            <test-case id="1115" name="RemoveNode_MakesNodeUnfindable" fullname="KexGraph.Tests.GraphNodeTests.RemoveNode_MakesNodeUnfindable" methodname="RemoveNode_MakesNodeUnfindable" classname="KexGraph.Tests.GraphNodeTests" runstate="Runnable" seed="810227763" result="Passed" start-time="2025-12-23 21:08:11Z" end-time="2025-12-23 21:08:11Z" duration="0.000138" asserts="0">
              <properties>
                <property name="retryIteration" value="0" />
                <property name="repeatIteration" value="0" />
              </properties>
            </test-case>
            <test-case id="1116" name="RemoveNode_MiddleNode_PreservesOtherNodes" fullname="KexGraph.Tests.GraphNodeTests.RemoveNode_MiddleNode_PreservesOtherNodes" methodname="RemoveNode_MiddleNode_PreservesOtherNodes" classname="KexGraph.Tests.GraphNodeTests" runstate="Runnable" seed="119463958" result="Passed" start-time="2025-12-23 21:08:11Z" end-time="2025-12-23 21:08:11Z" duration="0.000203" asserts="0">
              <properties>
                <property name="retryIteration" value="0" />
                <property name="repeatIteration" value="0" />
              </properties>
            </test-case>
            <test-case id="1110" name="TryGetNodeIndex_ExistingNode_ReturnsTrue" fullname="KexGraph.Tests.GraphNodeTests.TryGetNodeIndex_ExistingNode_ReturnsTrue" methodname="TryGetNodeIndex_ExistingNode_ReturnsTrue" classname="KexGraph.Tests.GraphNodeTests" runstate="Runnable" seed="1566835857" result="Passed" start-time="2025-12-23 21:08:11Z" end-time="2025-12-23 21:08:11Z" duration="0.000150" asserts="0">
              <properties>
                <property name="retryIteration" value="0" />
                <property name="repeatIteration" value="0" />
              </properties>
            </test-case>
            <test-case id="1111" name="TryGetNodeIndex_NonexistentNode_ReturnsFalse" fullname="KexGraph.Tests.GraphNodeTests.TryGetNodeIndex_NonexistentNode_ReturnsFalse" methodname="TryGetNodeIndex_NonexistentNode_ReturnsFalse" classname="KexGraph.Tests.GraphNodeTests" runstate="Runnable" seed="43747694" result="Passed" start-time="2025-12-23 21:08:11Z" end-time="2025-12-23 21:08:11Z" duration="0.000126" asserts="0">
              <properties>
                <property name="retryIteration" value="0" />
                <property name="repeatIteration" value="0" />
              </properties>
            </test-case>
          </test-suite>
          <test-suite type="TestFixture" id="1117" name="GraphPortTests" fullname="KexGraph.Tests.GraphPortTests" classname="KexGraph.Tests.GraphPortTests" runstate="Runnable" testcasecount="16" result="Passed" start-time="2025-12-23 21:08:11Z" end-time="2025-12-23 21:08:11Z" duration="0.007991" total="16" passed="16" failed="0" inconclusive="0" skipped="0" asserts="0">
            <properties>
              <property name="Category" value="Unit" />
            </properties>
            <test-case id="1119" name="AddInputPort_GeneratesUniqueIds" fullname="KexGraph.Tests.GraphPortTests.AddInputPort_GeneratesUniqueIds" methodname="AddInputPort_GeneratesUniqueIds" classname="KexGraph.Tests.GraphPortTests" runstate="Runnable" seed="1457346407" result="Passed" start-time="2025-12-23 21:08:11Z" end-time="2025-12-23 21:08:11Z" duration="0.000168" asserts="0">
              <properties>
                <property name="retryIteration" value="0" />
                <property name="repeatIteration" value="0" />
              </properties>
            </test-case>
            <test-case id="1122" name="AddInputPort_MarksAsInput" fullname="KexGraph.Tests.GraphPortTests.AddInputPort_MarksAsInput" methodname="AddInputPort_MarksAsInput" classname="KexGraph.Tests.GraphPortTests" runstate="Runnable" seed="268387265" result="Passed" start-time="2025-12-23 21:08:11Z" end-time="2025-12-23 21:08:11Z" duration="0.000634" asserts="0">
              <properties>
                <property name="retryIteration" value="0" />
                <property name="repeatIteration" value="0" />
              </properties>
            </test-case>
            <test-case id="1121" name="AddInputPort_StoresCorrectOwner" fullname="KexGraph.Tests.GraphPortTests.AddInputPort_StoresCorrectOwner" methodname="AddInputPort_StoresCorrectOwner" classname="KexGraph.Tests.GraphPortTests" runstate="Runnable" seed="727731355" result="Passed" start-time="2025-12-23 21:08:11Z" end-time="2025-12-23 21:08:11Z" duration="0.000221" asserts="0">
              <properties>
                <property name="retryIteration" value="0" />
                <property name="repeatIteration" value="0" />
              </properties>
            </test-case>
            <test-case id="1120" name="AddInputPort_StoresCorrectPortType" fullname="KexGraph.Tests.GraphPortTests.AddInputPort_StoresCorrectPortType" methodname="AddInputPort_StoresCorrectPortType" classname="KexGraph.Tests.GraphPortTests" runstate="Runnable" seed="1946981898" result="Passed" start-time="2025-12-23 21:08:11Z" end-time="2025-12-23 21:08:11Z" duration="0.000210" asserts="0">
              <properties>
                <property name="retryIteration" value="0" />
                <property name="repeatIteration" value="0" />
              </properties>
            </test-case>
            <test-case id="1123" name="AddInputPort_UpdatesNodeInputCount" fullname="KexGraph.Tests.GraphPortTests.AddInputPort_UpdatesNodeInputCount" methodname="AddInputPort_UpdatesNodeInputCount" classname="KexGraph.Tests.GraphPortTests" runstate="Runnable" seed="415802989" result="Passed" start-time="2025-12-23 21:08:11Z" end-time="2025-12-23 21:08:11Z" duration="0.000222" asserts="0">
              <properties>
                <property name="retryIteration" value="0" />
                <property name="repeatIteration" value="0" />
              </properties>
            </test-case>
            <test-case id="1118" name="AddInputPort_ValidNode_IncreasesPortCount" fullname="KexGraph.Tests.GraphPortTests.AddInputPort_ValidNode_IncreasesPortCount" methodname="AddInputPort_ValidNode_IncreasesPortCount" classname="KexGraph.Tests.GraphPortTests" runstate="Runnable" seed="955695840" result="Passed" start-time="2025-12-23 21:08:11Z" end-time="2025-12-23 21:08:11Z" duration="0.000220" asserts="0">
              <properties>
                <property name="retryIteration" value="0" />
                <property name="repeatIteration" value="0" />
              </properties>
            </test-case>
            <test-case id="1125" name="AddOutputPort_MarksAsOutput" fullname="KexGraph.Tests.GraphPortTests.AddOutputPort_MarksAsOutput" methodname="AddOutputPort_MarksAsOutput" classname="KexGraph.Tests.GraphPortTests" runstate="Runnable" seed="1911756637" result="Passed" start-time="2025-12-23 21:08:11Z" end-time="2025-12-23 21:08:11Z" duration="0.000196" asserts="0">
              <properties>
                <property name="retryIteration" value="0" />
                <property name="repeatIteration" value="0" />
              </properties>
            </test-case>
            <test-case id="1126" name="AddOutputPort_UpdatesNodeOutputCount" fullname="KexGraph.Tests.GraphPortTests.AddOutputPort_UpdatesNodeOutputCount" methodname="AddOutputPort_UpdatesNodeOutputCount" classname="KexGraph.Tests.GraphPortTests" runstate="Runnable" seed="1650980810" result="Passed" start-time="2025-12-23 21:08:11Z" end-time="2025-12-23 21:08:11Z" duration="0.000202" asserts="0">
              <properties>
                <property name="retryIteration" value="0" />
                <property name="repeatIteration" value="0" />
              </properties>
            </test-case>
            <test-case id="1124" name="AddOutputPort_ValidNode_IncreasesPortCount" fullname="KexGraph.Tests.GraphPortTests.AddOutputPort_ValidNode_IncreasesPortCount" methodname="AddOutputPort_ValidNode_IncreasesPortCount" classname="KexGraph.Tests.GraphPortTests" runstate="Runnable" seed="1378177797" result="Passed" start-time="2025-12-23 21:08:11Z" end-time="2025-12-23 21:08:11Z" duration="0.000136" asserts="0">
              <properties>
                <property name="retryIteration" value="0" />
                <property name="repeatIteration" value="0" />
              </properties>
            </test-case>
            <test-case id="1127" name="GetInputPorts_NodeWithInputs_ReturnsCorrectPorts" fullname="KexGraph.Tests.GraphPortTests.GetInputPorts_NodeWithInputs_ReturnsCorrectPorts" methodname="GetInputPorts_NodeWithInputs_ReturnsCorrectPorts" classname="KexGraph.Tests.GraphPortTests" runstate="Runnable" seed="1767418155" result="Passed" start-time="2025-12-23 21:08:11Z" end-time="2025-12-23 21:08:11Z" duration="0.000651" asserts="0">
              <properties>
                <property name="retryIteration" value="0" />
                <property name="repeatIteration" value="0" />
              </properties>
            </test-case>
            <test-case id="1128" name="GetInputPorts_NodeWithNoInputs_ReturnsEmptyArray" fullname="KexGraph.Tests.GraphPortTests.GetInputPorts_NodeWithNoInputs_ReturnsEmptyArray" methodname="GetInputPorts_NodeWithNoInputs_ReturnsEmptyArray" classname="KexGraph.Tests.GraphPortTests" runstate="Runnable" seed="852951314" result="Passed" start-time="2025-12-23 21:08:11Z" end-time="2025-12-23 21:08:11Z" duration="0.000165" asserts="0">
              <properties>
                <property name="retryIteration" value="0" />
                <property name="repeatIteration" value="0" />
              </properties>
            </test-case>
            <test-case id="1130" name="GetOutputPorts_NodeWithNoOutputs_ReturnsEmptyArray" fullname="KexGraph.Tests.GraphPortTests.GetOutputPorts_NodeWithNoOutputs_ReturnsEmptyArray" methodname="GetOutputPorts_NodeWithNoOutputs_ReturnsEmptyArray" classname="KexGraph.Tests.GraphPortTests" runstate="Runnable" seed="1884904227" result="Passed" start-time="2025-12-23 21:08:11Z" end-time="2025-12-23 21:08:11Z" duration="0.000565" asserts="0">
              <properties>
                <property name="retryIteration" value="0" />
                <property name="repeatIteration" value="0" />
              </properties>
            </test-case>
            <test-case id="1129" name="GetOutputPorts_NodeWithOutputs_ReturnsCorrectPorts" fullname="KexGraph.Tests.GraphPortTests.GetOutputPorts_NodeWithOutputs_ReturnsCorrectPorts" methodname="GetOutputPorts_NodeWithOutputs_ReturnsCorrectPorts" classname="KexGraph.Tests.GraphPortTests" runstate="Runnable" seed="294286808" result="Passed" start-time="2025-12-23 21:08:11Z" end-time="2025-12-23 21:08:11Z" duration="0.000218" asserts="0">
              <properties>
                <property name="retryIteration" value="0" />
                <property name="repeatIteration" value="0" />
              </properties>
            </test-case>
            <test-case id="1131" name="RemovePort_DecreasesPortCount" fullname="KexGraph.Tests.GraphPortTests.RemovePort_DecreasesPortCount" methodname="RemovePort_DecreasesPortCount" classname="KexGraph.Tests.GraphPortTests" runstate="Runnable" seed="1539333310" result="Passed" start-time="2025-12-23 21:08:11Z" end-time="2025-12-23 21:08:11Z" duration="0.001617" asserts="0">
              <properties>
                <property name="retryIteration" value="0" />
                <property name="repeatIteration" value="0" />
              </properties>
            </test-case>
            <test-case id="1132" name="RemovePort_UpdatesNodeInputCount" fullname="KexGraph.Tests.GraphPortTests.RemovePort_UpdatesNodeInputCount" methodname="RemovePort_UpdatesNodeInputCount" classname="KexGraph.Tests.GraphPortTests" runstate="Runnable" seed="1030731396" result="Passed" start-time="2025-12-23 21:08:11Z" end-time="2025-12-23 21:08:11Z" duration="0.000241" asserts="0">
              <properties>
                <property name="retryIteration" value="0" />
                <property name="repeatIteration" value="0" />
              </properties>
            </test-case>
            <test-case id="1133" name="RemovePort_UpdatesNodeOutputCount" fullname="KexGraph.Tests.GraphPortTests.RemovePort_UpdatesNodeOutputCount" methodname="RemovePort_UpdatesNodeOutputCount" classname="KexGraph.Tests.GraphPortTests" runstate="Runnable" seed="1040748911" result="Passed" start-time="2025-12-23 21:08:11Z" end-time="2025-12-23 21:08:11Z" duration="0.000254" asserts="0">
              <properties>
                <property name="retryIteration" value="0" />
                <property name="repeatIteration" value="0" />
              </properties>
            </test-case>
          </test-suite>
          <test-suite type="TestFixture" id="1134" name="GraphSerializationTests" fullname="KexGraph.Tests.GraphSerializationTests" classname="KexGraph.Tests.GraphSerializationTests" runstate="Runnable" testcasecount="13" result="Passed" start-time="2025-12-23 21:08:11Z" end-time="2025-12-23 21:08:11Z" duration="0.007290" total="13" passed="13" failed="0" inconclusive="0" skipped="0" asserts="0">
            <properties>
              <property name="Category" value="Unit" />
            </properties>
            <test-case id="1140" name="NextEdgeId_AfterAddingEdge_Increments" fullname="KexGraph.Tests.GraphSerializationTests.NextEdgeId_AfterAddingEdge_Increments" methodname="NextEdgeId_AfterAddingEdge_Increments" classname="KexGraph.Tests.GraphSerializationTests" runstate="Runnable" seed="1840707108" result="Passed" start-time="2025-12-23 21:08:11Z" end-time="2025-12-23 21:08:11Z" duration="0.000163" asserts="0">
              <properties>
                <property name="retryIteration" value="0" />
                <property name="repeatIteration" value="0" />
              </properties>
            </test-case>
            <test-case id="1137" name="NextEdgeId_DefaultGraph_StartsAtOne" fullname="KexGraph.Tests.GraphSerializationTests.NextEdgeId_DefaultGraph_StartsAtOne" methodname="NextEdgeId_DefaultGraph_StartsAtOne" classname="KexGraph.Tests.GraphSerializationTests" runstate="Runnable" seed="821384304" result="Passed" start-time="2025-12-23 21:08:11Z" end-time="2025-12-23 21:08:11Z" duration="0.000119" asserts="0">
              <properties>
                <property name="retryIteration" value="0" />
                <property name="repeatIteration" value="0" />
              </properties>
            </test-case>
            <test-case id="1138" name="NextNodeId_AfterAddingNode_Increments" fullname="KexGraph.Tests.GraphSerializationTests.NextNodeId_AfterAddingNode_Increments" methodname="NextNodeId_AfterAddingNode_Increments" classname="KexGraph.Tests.GraphSerializationTests" runstate="Runnable" seed="824148234" result="Passed" start-time="2025-12-23 21:08:11Z" end-time="2025-12-23 21:08:11Z" duration="0.000124" asserts="0">
              <properties>
                <property name="retryIteration" value="0" />
                <property name="repeatIteration" value="0" />
              </properties>
            </test-case>
            <test-case id="1135" name="NextNodeId_DefaultGraph_StartsAtOne" fullname="KexGraph.Tests.GraphSerializationTests.NextNodeId_DefaultGraph_StartsAtOne" methodname="NextNodeId_DefaultGraph_StartsAtOne" classname="KexGraph.Tests.GraphSerializationTests" runstate="Runnable" seed="1385966090" result="Passed" start-time="2025-12-23 21:08:11Z" end-time="2025-12-23 21:08:11Z" duration="0.000117" asserts="0">
              <properties>
                <property name="retryIteration" value="0" />
                <property name="repeatIteration" value="0" />
              </properties>
            </test-case>
            <test-case id="1139" name="NextPortId_AfterAddingPort_Increments" fullname="KexGraph.Tests.GraphSerializationTests.NextPortId_AfterAddingPort_Increments" methodname="NextPortId_AfterAddingPort_Increments" classname="KexGraph.Tests.GraphSerializationTests" runstate="Runnable" seed="1152320688" result="Passed" start-time="2025-12-23 21:08:11Z" end-time="2025-12-23 21:08:11Z" duration="0.000128" asserts="0">
              <properties>
                <property name="retryIteration" value="0" />
                <property name="repeatIteration" value="0" />
              </properties>
            </test-case>
            <test-case id="1136" name="NextPortId_DefaultGraph_StartsAtOne" fullname="KexGraph.Tests.GraphSerializationTests.NextPortId_DefaultGraph_StartsAtOne" methodname="NextPortId_DefaultGraph_StartsAtOne" classname="KexGraph.Tests.GraphSerializationTests" runstate="Runnable" seed="24915269" result="Passed" start-time="2025-12-23 21:08:11Z" end-time="2025-12-23 21:08:11Z" duration="0.000117" asserts="0">
              <properties>
                <property name="retryIteration" value="0" />
                <property name="repeatIteration" value="0" />
              </properties>
            </test-case>
            <test-case id="1147" name="RebuildIndexMaps_AfterNodeRemoval_CorrectIndices" fullname="KexGraph.Tests.GraphSerializationTests.RebuildIndexMaps_AfterNodeRemoval_CorrectIndices" methodname="RebuildIndexMaps_AfterNodeRemoval_CorrectIndices" classname="KexGraph.Tests.GraphSerializationTests" runstate="Runnable" seed="645370986" result="Passed" start-time="2025-12-23 21:08:11Z" end-time="2025-12-23 21:08:11Z" duration="0.001217" asserts="0">
              <properties>
                <property name="retryIteration" value="0" />
                <property name="repeatIteration" value="0" />
              </properties>
            </test-case>
            <test-case id="1146" name="RebuildIndexMaps_CalledMultipleTimes_Idempotent" fullname="KexGraph.Tests.GraphSerializationTests.RebuildIndexMaps_CalledMultipleTimes_Idempotent" methodname="RebuildIndexMaps_CalledMultipleTimes_Idempotent" classname="KexGraph.Tests.GraphSerializationTests" runstate="Runnable" seed="910254210" result="Passed" start-time="2025-12-23 21:08:11Z" end-time="2025-12-23 21:08:11Z" duration="0.000153" asserts="0">
              <properties>
                <property name="retryIteration" value="0" />
                <property name="repeatIteration" value="0" />
              </properties>
            </test-case>
            <test-case id="1141" name="RebuildIndexMaps_EmptyGraph_Succeeds" fullname="KexGraph.Tests.GraphSerializationTests.RebuildIndexMaps_EmptyGraph_Succeeds" methodname="RebuildIndexMaps_EmptyGraph_Succeeds" classname="KexGraph.Tests.GraphSerializationTests" runstate="Runnable" seed="1106143647" result="Passed" start-time="2025-12-23 21:08:11Z" end-time="2025-12-23 21:08:11Z" duration="0.000165" asserts="0">
              <properties>
                <property name="retryIteration" value="0" />
                <property name="repeatIteration" value="0" />
              </properties>
            </test-case>
            <test-case id="1144" name="RebuildIndexMaps_FullGraph_RebuildsAllIndexMaps" fullname="KexGraph.Tests.GraphSerializationTests.RebuildIndexMaps_FullGraph_RebuildsAllIndexMaps" methodname="RebuildIndexMaps_FullGraph_RebuildsAllIndexMaps" classname="KexGraph.Tests.GraphSerializationTests" runstate="Runnable" seed="66842745" result="Passed" start-time="2025-12-23 21:08:11Z" end-time="2025-12-23 21:08:11Z" duration="0.000193" asserts="0">
              <properties>
                <property name="retryIteration" value="0" />
                <property name="repeatIteration" value="0" />
              </properties>
            </test-case>
            <test-case id="1143" name="RebuildIndexMaps_NodesAndPorts_RebuildsPortIndexMap" fullname="KexGraph.Tests.GraphSerializationTests.RebuildIndexMaps_NodesAndPorts_RebuildsPortIndexMap" methodname="RebuildIndexMaps_NodesAndPorts_RebuildsPortIndexMap" classname="KexGraph.Tests.GraphSerializationTests" runstate="Runnable" seed="70605130" result="Passed" start-time="2025-12-23 21:08:11Z" end-time="2025-12-23 21:08:11Z" duration="0.000189" asserts="0">
              <properties>
                <property name="retryIteration" value="0" />
                <property name="repeatIteration" value="0" />
              </properties>
            </test-case>
            <test-case id="1142" name="RebuildIndexMaps_NodesOnly_RebuildsNodeIndexMap" fullname="KexGraph.Tests.GraphSerializationTests.RebuildIndexMaps_NodesOnly_RebuildsNodeIndexMap" methodname="RebuildIndexMaps_NodesOnly_RebuildsNodeIndexMap" classname="KexGraph.Tests.GraphSerializationTests" runstate="Runnable" seed="1105142572" result="Passed" start-time="2025-12-23 21:08:11Z" end-time="2025-12-23 21:08:11Z" duration="0.000213" asserts="0">
              <properties>
                <property name="retryIteration" value="0" />
                <property name="repeatIteration" value="0" />
              </properties>
            </test-case>
            <test-case id="1145" name="SimulateRoundTrip_ComplexGraph_PreservesStructure" fullname="KexGraph.Tests.GraphSerializationTests.SimulateRoundTrip_ComplexGraph_PreservesStructure" methodname="SimulateRoundTrip_ComplexGraph_PreservesStructure" classname="KexGraph.Tests.GraphSerializationTests" runstate="Runnable" seed="178026810" result="Passed" start-time="2025-12-23 21:08:11Z" end-time="2025-12-23 21:08:11Z" duration="0.002619" asserts="0">
              <properties>
                <property name="retryIteration" value="0" />
                <property name="repeatIteration" value="0" />
              </properties>
            </test-case>
          </test-suite>
          <test-suite type="TestFixture" id="1148" name="GraphStructureTests" fullname="KexGraph.Tests.GraphStructureTests" classname="KexGraph.Tests.GraphStructureTests" runstate="Runnable" testcasecount="5" result="Passed" start-time="2025-12-23 21:08:11Z" end-time="2025-12-23 21:08:11Z" duration="0.001643" total="5" passed="5" failed="0" inconclusive="0" skipped="0" asserts="0">
            <properties>
              <property name="Category" value="Unit" />
            </properties>
            <test-case id="1149" name="Graph_Create_AllocatesLists" fullname="KexGraph.Tests.GraphStructureTests.Graph_Create_AllocatesLists" methodname="Graph_Create_AllocatesLists" classname="KexGraph.Tests.GraphStructureTests" runstate="Runnable" seed="2096341512" result="Passed" start-time="2025-12-23 21:08:11Z" end-time="2025-12-23 21:08:11Z" duration="0.000169" asserts="0">
              <properties>
                <property name="retryIteration" value="0" />
                <property name="repeatIteration" value="0" />
              </properties>
            </test-case>
            <test-case id="1150" name="Graph_Dispose_FreesMemory" fullname="KexGraph.Tests.GraphStructureTests.Graph_Dispose_FreesMemory" methodname="Graph_Dispose_FreesMemory" classname="KexGraph.Tests.GraphStructureTests" runstate="Runnable" seed="114676800" result="Passed" start-time="2025-12-23 21:08:11Z" end-time="2025-12-23 21:08:11Z" duration="0.000140" asserts="0">
              <properties>
                <property name="retryIteration" value="0" />
                <property name="repeatIteration" value="0" />
              </properties>
            </test-case>
            <test-case id="1153" name="Graph_EdgeCount_ReturnsCorrectValue" fullname="KexGraph.Tests.GraphStructureTests.Graph_EdgeCount_ReturnsCorrectValue" methodname="Graph_EdgeCount_ReturnsCorrectValue" classname="KexGraph.Tests.GraphStructureTests" runstate="Runnable" seed="786306710" result="Passed" start-time="2025-12-23 21:08:11Z" end-time="2025-12-23 21:08:11Z" duration="0.000117" asserts="0">
              <properties>
                <property name="retryIteration" value="0" />
                <property name="repeatIteration" value="0" />
              </properties>
            </test-case>
            <test-case id="1151" name="Graph_NodeCount_ReturnsCorrectValue" fullname="KexGraph.Tests.GraphStructureTests.Graph_NodeCount_ReturnsCorrectValue" methodname="Graph_NodeCount_ReturnsCorrectValue" classname="KexGraph.Tests.GraphStructureTests" runstate="Runnable" seed="898093365" result="Passed" start-time="2025-12-23 21:08:11Z" end-time="2025-12-23 21:08:11Z" duration="0.000113" asserts="0">
              <properties>
                <property name="retryIteration" value="0" />
                <property name="repeatIteration" value="0" />
              </properties>
            </test-case>
            <test-case id="1152" name="Graph_PortCount_ReturnsCorrectValue" fullname="KexGraph.Tests.GraphStructureTests.Graph_PortCount_ReturnsCorrectValue" methodname="Graph_PortCount_ReturnsCorrectValue" classname="KexGraph.Tests.GraphStructureTests" runstate="Runnable" seed="2057909972" result="Passed" start-time="2025-12-23 21:08:11Z" end-time="2025-12-23 21:08:11Z" duration="0.000149" asserts="0">
              <properties>
                <property name="retryIteration" value="0" />
                <property name="repeatIteration" value="0" />
              </properties>
            </test-case>
          </test-suite>
          <test-suite type="TestFixture" id="1154" name="GraphValidationTests" fullname="KexGraph.Tests.GraphValidationTests" classname="KexGraph.Tests.GraphValidationTests" runstate="Runnable" testcasecount="7" result="Passed" start-time="2025-12-23 21:08:11Z" end-time="2025-12-23 21:08:11Z" duration="0.003243" total="7" passed="7" failed="0" inconclusive="0" skipped="0" asserts="0">
            <properties>
              <property name="Category" value="Unit" />
            </properties>
            <test-case id="1160" name="HasCycle_ComplexCycle_ReturnsTrue" fullname="KexGraph.Tests.GraphValidationTests.HasCycle_ComplexCycle_ReturnsTrue" methodname="HasCycle_ComplexCycle_ReturnsTrue" classname="KexGraph.Tests.GraphValidationTests" runstate="Runnable" seed="2021825604" result="Passed" start-time="2025-12-23 21:08:11Z" end-time="2025-12-23 21:08:11Z" duration="0.001277" asserts="0">
              <properties>
                <property name="retryIteration" value="0" />
                <property name="repeatIteration" value="0" />
              </properties>
            </test-case>
            <test-case id="1161" name="HasCycle_DiamondShape_ReturnsFalse" fullname="KexGraph.Tests.GraphValidationTests.HasCycle_DiamondShape_ReturnsFalse" methodname="HasCycle_DiamondShape_ReturnsFalse" classname="KexGraph.Tests.GraphValidationTests" runstate="Runnable" seed="1241085315" result="Passed" start-time="2025-12-23 21:08:11Z" end-time="2025-12-23 21:08:11Z" duration="0.000193" asserts="0">
              <properties>
                <property name="retryIteration" value="0" />
                <property name="repeatIteration" value="0" />
              </properties>
            </test-case>
            <test-case id="1155" name="HasCycle_EmptyGraph_ReturnsFalse" fullname="KexGraph.Tests.GraphValidationTests.HasCycle_EmptyGraph_ReturnsFalse" methodname="HasCycle_EmptyGraph_ReturnsFalse" classname="KexGraph.Tests.GraphValidationTests" runstate="Runnable" seed="1867204305" result="Passed" start-time="2025-12-23 21:08:11Z" end-time="2025-12-23 21:08:11Z" duration="0.000112" asserts="0">
              <properties>
                <property name="retryIteration" value="0" />
                <property name="repeatIteration" value="0" />
              </properties>
            </test-case>
            <test-case id="1157" name="HasCycle_LinearChain_ReturnsFalse" fullname="KexGraph.Tests.GraphValidationTests.HasCycle_LinearChain_ReturnsFalse" methodname="HasCycle_LinearChain_ReturnsFalse" classname="KexGraph.Tests.GraphValidationTests" runstate="Runnable" seed="73000422" result="Passed" start-time="2025-12-23 21:08:11Z" end-time="2025-12-23 21:08:11Z" duration="0.000155" asserts="0">
              <properties>
                <property name="retryIteration" value="0" />
                <property name="repeatIteration" value="0" />
              </properties>
            </test-case>
            <test-case id="1159" name="HasCycle_SelfLoop_ReturnsTrue" fullname="KexGraph.Tests.GraphValidationTests.HasCycle_SelfLoop_ReturnsTrue" methodname="HasCycle_SelfLoop_ReturnsTrue" classname="KexGraph.Tests.GraphValidationTests" runstate="Runnable" seed="802920036" result="Passed" start-time="2025-12-23 21:08:11Z" end-time="2025-12-23 21:08:11Z" duration="0.000149" asserts="0">
              <properties>
                <property name="retryIteration" value="0" />
                <property name="repeatIteration" value="0" />
              </properties>
            </test-case>
            <test-case id="1158" name="HasCycle_SimpleCycle_ReturnsTrue" fullname="KexGraph.Tests.GraphValidationTests.HasCycle_SimpleCycle_ReturnsTrue" methodname="HasCycle_SimpleCycle_ReturnsTrue" classname="KexGraph.Tests.GraphValidationTests" runstate="Runnable" seed="941280882" result="Passed" start-time="2025-12-23 21:08:11Z" end-time="2025-12-23 21:08:11Z" duration="0.000148" asserts="0">
              <properties>
                <property name="retryIteration" value="0" />
                <property name="repeatIteration" value="0" />
              </properties>
            </test-case>
            <test-case id="1156" name="HasCycle_SingleNode_ReturnsFalse" fullname="KexGraph.Tests.GraphValidationTests.HasCycle_SingleNode_ReturnsFalse" methodname="HasCycle_SingleNode_ReturnsFalse" classname="KexGraph.Tests.GraphValidationTests" runstate="Runnable" seed="934137543" result="Passed" start-time="2025-12-23 21:08:11Z" end-time="2025-12-23 21:08:11Z" duration="0.000119" asserts="0">
              <properties>
                <property name="retryIteration" value="0" />
                <property name="repeatIteration" value="0" />
              </properties>
            </test-case>
          </test-suite>
        </test-suite>
      </test-suite>
      <test-suite type="TestSuite" id="1511" name="NodeGraph" fullname="NodeGraph" runstate="Runnable" testcasecount="27" result="Passed" start-time="2025-12-23 21:08:11Z" end-time="2025-12-23 21:08:11Z" duration="0.019121" total="27" passed="27" failed="0" inconclusive="0" skipped="0" asserts="0">
        <properties />
        <test-suite type="TestSuite" id="1512" name="Tests" fullname="NodeGraph.Tests" runstate="Runnable" testcasecount="27" result="Passed" start-time="2025-12-23 21:08:11Z" end-time="2025-12-23 21:08:11Z" duration="0.018576" total="27" passed="27" failed="0" inconclusive="0" skipped="0" asserts="0">
          <properties />
          <test-suite type="TestFixture" id="1055" name="ConnectionValidatorTests" fullname="NodeGraph.Tests.ConnectionValidatorTests" classname="NodeGraph.Tests.ConnectionValidatorTests" runstate="Runnable" testcasecount="11" result="Passed" start-time="2025-12-23 21:08:11Z" end-time="2025-12-23 21:08:11Z" duration="0.007376" total="11" passed="11" failed="0" inconclusive="0" skipped="0" asserts="0">
            <properties>
              <property name="Category" value="Unit" />
            </properties>
            <test-case id="1062" name="AddValidatedEdge_InvalidConnection_ReturnsZero" fullname="NodeGraph.Tests.ConnectionValidatorTests.AddValidatedEdge_InvalidConnection_ReturnsZero" methodname="AddValidatedEdge_InvalidConnection_ReturnsZero" classname="NodeGraph.Tests.ConnectionValidatorTests" runstate="Runnable" seed="1945920341" result="Passed" start-time="2025-12-23 21:08:11Z" end-time="2025-12-23 21:08:11Z" duration="0.001027" asserts="0">
              <properties>
                <property name="retryIteration" value="0" />
                <property name="repeatIteration" value="0" />
              </properties>
            </test-case>
            <test-case id="1061" name="AddValidatedEdge_ValidConnection_CreatesEdge" fullname="NodeGraph.Tests.ConnectionValidatorTests.AddValidatedEdge_ValidConnection_CreatesEdge" methodname="AddValidatedEdge_ValidConnection_CreatesEdge" classname="NodeGraph.Tests.ConnectionValidatorTests" runstate="Runnable" seed="2056532756" result="Passed" start-time="2025-12-23 21:08:11Z" end-time="2025-12-23 21:08:11Z" duration="0.000355" asserts="0">
              <properties>
                <property name="retryIteration" value="0" />
                <property name="repeatIteration" value="0" />
              </properties>
            </test-case>
            <test-case id="1063" name="ValidateAllEdges_ValidGraph_ReturnsTrue" fullname="NodeGraph.Tests.ConnectionValidatorTests.ValidateAllEdges_ValidGraph_ReturnsTrue" methodname="ValidateAllEdges_ValidGraph_ReturnsTrue" classname="NodeGraph.Tests.ConnectionValidatorTests" runstate="Runnable" seed="1362759528" result="Passed" start-time="2025-12-23 21:08:11Z" end-time="2025-12-23 21:08:11Z" duration="0.001061" asserts="0">
              <properties>
                <property name="retryIteration" value="0" />
                <property name="repeatIteration" value="0" />
              </properties>
            </test-case>
            <test-case id="1056" name="ValidateConnection_CompatiblePorts_ReturnsSuccess" fullname="NodeGraph.Tests.ConnectionValidatorTests.ValidateConnection_CompatiblePorts_ReturnsSuccess" methodname="ValidateConnection_CompatiblePorts_ReturnsSuccess" classname="NodeGraph.Tests.ConnectionValidatorTests" runstate="Runnable" seed="227047941" result="Passed" start-time="2025-12-23 21:08:11Z" end-time="2025-12-23 21:08:11Z" duration="0.001158" asserts="0">
              <properties>
                <property name="retryIteration" value="0" />
                <property name="repeatIteration" value="0" />
              </properties>
            </test-case>
            <test-case id="1057" name="ValidateConnection_IncompatibleTypes_ReturnsError" fullname="NodeGraph.Tests.ConnectionValidatorTests.ValidateConnection_IncompatibleTypes_ReturnsError" methodname="ValidateConnection_IncompatibleTypes_ReturnsError" classname="NodeGraph.Tests.ConnectionValidatorTests" runstate="Runnable" seed="1121260917" result="Passed" start-time="2025-12-23 21:08:11Z" end-time="2025-12-23 21:08:11Z" duration="0.000303" asserts="0">
              <properties>
                <property name="retryIteration" value="0" />
                <property name="repeatIteration" value="0" />
              </properties>
            </test-case>
            <test-case id="1059" name="ValidateConnection_InputToOutput_ReturnsError" fullname="NodeGraph.Tests.ConnectionValidatorTests.ValidateConnection_InputToOutput_ReturnsError" methodname="ValidateConnection_InputToOutput_ReturnsError" classname="NodeGraph.Tests.ConnectionValidatorTests" runstate="Runnable" seed="1273101734" result="Passed" start-time="2025-12-23 21:08:11Z" end-time="2025-12-23 21:08:11Z" duration="0.000285" asserts="0">
              <properties>
                <property name="retryIteration" value="0" />
                <property name="repeatIteration" value="0" />
              </properties>
            </test-case>
            <test-case id="1058" name="ValidateConnection_OutputToOutput_ReturnsError" fullname="NodeGraph.Tests.ConnectionValidatorTests.ValidateConnection_OutputToOutput_ReturnsError" methodname="ValidateConnection_OutputToOutput_ReturnsError" classname="NodeGraph.Tests.ConnectionValidatorTests" runstate="Runnable" seed="930665802" result="Passed" start-time="2025-12-23 21:08:11Z" end-time="2025-12-23 21:08:11Z" duration="0.000406" asserts="0">
              <properties>
                <property name="retryIteration" value="0" />
                <property name="repeatIteration" value="0" />
              </properties>
            </test-case>
            <test-case id="1064" name="ValidateConnection_ScalarToScalarInput_ReturnsSuccess" fullname="NodeGraph.Tests.ConnectionValidatorTests.ValidateConnection_ScalarToScalarInput_ReturnsSuccess" methodname="ValidateConnection_ScalarToScalarInput_ReturnsSuccess" classname="NodeGraph.Tests.ConnectionValidatorTests" runstate="Runnable" seed="1191024350" result="Passed" start-time="2025-12-23 21:08:11Z" end-time="2025-12-23 21:08:11Z" duration="0.000278" asserts="0">
              <properties>
                <property name="retryIteration" value="0" />
                <property name="repeatIteration" value="0" />
              </properties>
            </test-case>
            <test-case id="1066" name="ValidateConnection_ScalarToVectorInput_ReturnsError" fullname="NodeGraph.Tests.ConnectionValidatorTests.ValidateConnection_ScalarToVectorInput_ReturnsError" methodname="ValidateConnection_ScalarToVectorInput_ReturnsError" classname="NodeGraph.Tests.ConnectionValidatorTests" runstate="Runnable" seed="1198616588" result="Passed" start-time="2025-12-23 21:08:11Z" end-time="2025-12-23 21:08:11Z" duration="0.000293" asserts="0">
              <properties>
                <property name="retryIteration" value="0" />
                <property name="repeatIteration" value="0" />
              </properties>
            </test-case>
            <test-case id="1060" name="ValidateConnection_SelfConnection_ReturnsError" fullname="NodeGraph.Tests.ConnectionValidatorTests.ValidateConnection_SelfConnection_ReturnsError" methodname="ValidateConnection_SelfConnection_ReturnsError" classname="NodeGraph.Tests.ConnectionValidatorTests" runstate="Runnable" seed="1276458980" result="Passed" start-time="2025-12-23 21:08:11Z" end-time="2025-12-23 21:08:11Z" duration="0.000262" asserts="0">
              <properties>
                <property name="retryIteration" value="0" />
                <property name="repeatIteration" value="0" />
              </properties>
            </test-case>
            <test-case id="1065" name="ValidateConnection_VectorToPositionInput_ReturnsSuccess" fullname="NodeGraph.Tests.ConnectionValidatorTests.ValidateConnection_VectorToPositionInput_ReturnsSuccess" methodname="ValidateConnection_VectorToPositionInput_ReturnsSuccess" classname="NodeGraph.Tests.ConnectionValidatorTests" runstate="Runnable" seed="190738727" result="Passed" start-time="2025-12-23 21:08:11Z" end-time="2025-12-23 21:08:11Z" duration="0.000271" asserts="0">
              <properties>
                <property name="retryIteration" value="0" />
                <property name="repeatIteration" value="0" />
              </properties>
            </test-case>
          </test-suite>
          <test-suite type="TestFixture" id="1037" name="PortSpecLookupTests" fullname="NodeGraph.Tests.PortSpecLookupTests" classname="NodeGraph.Tests.PortSpecLookupTests" runstate="Runnable" testcasecount="7" result="Passed" start-time="2025-12-23 21:08:11Z" end-time="2025-12-23 21:08:11Z" duration="0.005147" total="7" passed="7" failed="0" inconclusive="0" skipped="0" asserts="0">
            <properties>
              <property name="Category" value="Unit" />
            </properties>
            <test-case id="1042" name="TryGetInput_FindsCorrectPort" fullname="NodeGraph.Tests.PortSpecLookupTests.TryGetInput_FindsCorrectPort" methodname="TryGetInput_FindsCorrectPort" classname="NodeGraph.Tests.PortSpecLookupTests" runstate="Runnable" seed="272128443" result="Passed" start-time="2025-12-23 21:08:11Z" end-time="2025-12-23 21:08:11Z" duration="0.000804" asserts="0">
              <properties>
                <property name="retryIteration" value="0" />
                <property name="repeatIteration" value="0" />
              </properties>
            </test-case>
            <test-case id="1043" name="TryGetInput_InvalidIndex_ReturnsFalse" fullname="NodeGraph.Tests.PortSpecLookupTests.TryGetInput_InvalidIndex_ReturnsFalse" methodname="TryGetInput_InvalidIndex_ReturnsFalse" classname="NodeGraph.Tests.PortSpecLookupTests" runstate="Runnable" seed="1069990767" result="Passed" start-time="2025-12-23 21:08:11Z" end-time="2025-12-23 21:08:11Z" duration="0.000145" asserts="0">
              <properties>
                <property name="retryIteration" value="0" />
                <property name="repeatIteration" value="0" />
              </properties>
            </test-case>
            <test-case id="1039" name="TryGetInputBySpec_Bridge_FindsBothAnchors" fullname="NodeGraph.Tests.PortSpecLookupTests.TryGetInputBySpec_Bridge_FindsBothAnchors" methodname="TryGetInputBySpec_Bridge_FindsBothAnchors" classname="NodeGraph.Tests.PortSpecLookupTests" runstate="Runnable" seed="1326604643" result="Passed" start-time="2025-12-23 21:08:11Z" end-time="2025-12-23 21:08:11Z" duration="0.000997" asserts="0">
              <properties>
                <property name="retryIteration" value="0" />
                <property name="repeatIteration" value="0" />
              </properties>
            </test-case>
            <test-case id="1038" name="TryGetInputBySpec_FindsCorrectPort" fullname="NodeGraph.Tests.PortSpecLookupTests.TryGetInputBySpec_FindsCorrectPort" methodname="TryGetInputBySpec_FindsCorrectPort" classname="NodeGraph.Tests.PortSpecLookupTests" runstate="Runnable" seed="742105264" result="Passed" start-time="2025-12-23 21:08:11Z" end-time="2025-12-23 21:08:11Z" duration="0.000248" asserts="0">
              <properties>
                <property name="retryIteration" value="0" />
                <property name="repeatIteration" value="0" />
              </properties>
            </test-case>
            <test-case id="1040" name="TryGetInputBySpec_NonexistentIndex_ReturnsFalse" fullname="NodeGraph.Tests.PortSpecLookupTests.TryGetInputBySpec_NonexistentIndex_ReturnsFalse" methodname="TryGetInputBySpec_NonexistentIndex_ReturnsFalse" classname="NodeGraph.Tests.PortSpecLookupTests" runstate="Runnable" seed="1483875338" result="Passed" start-time="2025-12-23 21:08:11Z" end-time="2025-12-23 21:08:11Z" duration="0.000143" asserts="0">
              <properties>
                <property name="retryIteration" value="0" />
                <property name="repeatIteration" value="0" />
              </properties>
            </test-case>
            <test-case id="1044" name="TryGetOutput_FindsCorrectPort" fullname="NodeGraph.Tests.PortSpecLookupTests.TryGetOutput_FindsCorrectPort" methodname="TryGetOutput_FindsCorrectPort" classname="NodeGraph.Tests.PortSpecLookupTests" runstate="Runnable" seed="410267087" result="Passed" start-time="2025-12-23 21:08:11Z" end-time="2025-12-23 21:08:11Z" duration="0.000691" asserts="0">
              <properties>
                <property name="retryIteration" value="0" />
                <property name="repeatIteration" value="0" />
              </properties>
            </test-case>
            <test-case id="1041" name="TryGetOutputBySpec_FindsPathPort" fullname="NodeGraph.Tests.PortSpecLookupTests.TryGetOutputBySpec_FindsPathPort" methodname="TryGetOutputBySpec_FindsPathPort" classname="NodeGraph.Tests.PortSpecLookupTests" runstate="Runnable" seed="456747554" result="Passed" start-time="2025-12-23 21:08:11Z" end-time="2025-12-23 21:08:11Z" duration="0.000910" asserts="0">
              <properties>
                <property name="retryIteration" value="0" />
                <property name="repeatIteration" value="0" />
              </properties>
            </test-case>
          </test-suite>
          <test-suite type="TestFixture" id="1045" name="TypedGraphTests" fullname="NodeGraph.Tests.TypedGraphTests" classname="NodeGraph.Tests.TypedGraphTests" runstate="Runnable" testcasecount="9" result="Passed" start-time="2025-12-23 21:08:11Z" end-time="2025-12-23 21:08:11Z" duration="0.005322" total="9" passed="9" failed="0" inconclusive="0" skipped="0" asserts="0">
            <properties>
              <property name="Category" value="Unit" />
            </properties>
            <test-case id="1048" name="CreateNode_Anchor_CreatesOneOutput" fullname="NodeGraph.Tests.TypedGraphTests.CreateNode_Anchor_CreatesOneOutput" methodname="CreateNode_Anchor_CreatesOneOutput" classname="NodeGraph.Tests.TypedGraphTests" runstate="Runnable" seed="323904258" result="Passed" start-time="2025-12-23 21:08:11Z" end-time="2025-12-23 21:08:11Z" duration="0.000175" asserts="0">
              <properties>
                <property name="retryIteration" value="0" />
                <property name="repeatIteration" value="0" />
              </properties>
            </test-case>
            <test-case id="1047" name="CreateNode_Curved_CreatesSixInputs" fullname="NodeGraph.Tests.TypedGraphTests.CreateNode_Curved_CreatesSixInputs" methodname="CreateNode_Curved_CreatesSixInputs" classname="NodeGraph.Tests.TypedGraphTests" runstate="Runnable" seed="1682644619" result="Passed" start-time="2025-12-23 21:08:11Z" end-time="2025-12-23 21:08:11Z" duration="0.000159" asserts="0">
              <properties>
                <property name="retryIteration" value="0" />
                <property name="repeatIteration" value="0" />
              </properties>
            </test-case>
[...]
            <properties>
              <property name="retryIteration" value="0" />
              <property name="repeatIteration" value="0" />
            </properties>
          </test-case>
          <test-suite type="ParameterizedMethod" id="1464" name="ToIndex_AllPropertiesForNodeType_AreUnique" fullname="Tests.PropertyIndexTests.ToIndex_AllPropertiesForNodeType_AreUnique" classname="Tests.PropertyIndexTests" runstate="Runnable" testcasecount="5" result="Passed" start-time="2025-12-23 21:08:16Z" end-time="2025-12-23 21:08:16Z" duration="0.001579" total="5" passed="5" failed="0" inconclusive="0" skipped="0" asserts="0">
            <properties />
            <test-case id="1459" name="ToIndex_AllPropertiesForNodeType_AreUnique(Force,7)" fullname="Tests.PropertyIndexTests.ToIndex_AllPropertiesForNodeType_AreUnique(Force,7)" methodname="ToIndex_AllPropertiesForNodeType_AreUnique" classname="Tests.PropertyIndexTests" runstate="Runnable" seed="946326369" result="Passed" start-time="2025-12-23 21:08:16Z" end-time="2025-12-23 21:08:16Z" duration="0.000269" asserts="0">
              <properties>
                <property name="retryIteration" value="0" />
                <property name="repeatIteration" value="0" />
              </properties>
            </test-case>
            <test-case id="1460" name="ToIndex_AllPropertiesForNodeType_AreUnique(Geometric,7)" fullname="Tests.PropertyIndexTests.ToIndex_AllPropertiesForNodeType_AreUnique(Geometric,7)" methodname="ToIndex_AllPropertiesForNodeType_AreUnique" classname="Tests.PropertyIndexTests" runstate="Runnable" seed="1918949999" result="Passed" start-time="2025-12-23 21:08:16Z" end-time="2025-12-23 21:08:16Z" duration="0.000276" asserts="0">
              <properties>
                <property name="retryIteration" value="0" />
                <property name="repeatIteration" value="0" />
              </properties>
            </test-case>
            <test-case id="1461" name="ToIndex_AllPropertiesForNodeType_AreUnique(Curved,5)" fullname="Tests.PropertyIndexTests.ToIndex_AllPropertiesForNodeType_AreUnique(Curved,5)" methodname="ToIndex_AllPropertiesForNodeType_AreUnique" classname="Tests.PropertyIndexTests" runstate="Runnable" seed="142406107" result="Passed" start-time="2025-12-23 21:08:16Z" end-time="2025-12-23 21:08:16Z" duration="0.000096" asserts="0">
              <properties>
                <property name="retryIteration" value="0" />
                <property name="repeatIteration" value="0" />
              </properties>
            </test-case>
            <test-case id="1462" name="ToIndex_AllPropertiesForNodeType_AreUnique(CopyPath,4)" fullname="Tests.PropertyIndexTests.ToIndex_AllPropertiesForNodeType_AreUnique(CopyPath,4)" methodname="ToIndex_AllPropertiesForNodeType_AreUnique" classname="Tests.PropertyIndexTests" runstate="Runnable" seed="1533142322" result="Passed" start-time="2025-12-23 21:08:16Z" end-time="2025-12-23 21:08:16Z" duration="0.000082" asserts="0">
              <properties>
                <property name="retryIteration" value="0" />
                <property name="repeatIteration" value="0" />
              </properties>
            </test-case>
            <test-case id="1463" name="ToIndex_AllPropertiesForNodeType_AreUnique(Bridge,5)" fullname="Tests.PropertyIndexTests.ToIndex_AllPropertiesForNodeType_AreUnique(Bridge,5)" methodname="ToIndex_AllPropertiesForNodeType_AreUnique" classname="Tests.PropertyIndexTests" runstate="Runnable" seed="1529347877" result="Passed" start-time="2025-12-23 21:08:16Z" end-time="2025-12-23 21:08:16Z" duration="0.000078" asserts="0">
              <properties>
                <property name="retryIteration" value="0" />
                <property name="repeatIteration" value="0" />
              </properties>
            </test-case>
          </test-suite>
          <test-case id="1448" name="ToIndex_NormalForce_Force_Returns1" fullname="Tests.PropertyIndexTests.ToIndex_NormalForce_Force_Returns1" methodname="ToIndex_NormalForce_Force_Returns1" classname="Tests.PropertyIndexTests" runstate="Runnable" seed="2046914653" result="Passed" start-time="2025-12-23 21:08:16Z" end-time="2025-12-23 21:08:16Z" duration="0.000117" asserts="0">
            <properties>
              <property name="retryIteration" value="0" />
              <property name="repeatIteration" value="0" />
            </properties>
          </test-case>
          <test-case id="1449" name="ToIndex_PitchSpeed_Geometric_Returns1" fullname="Tests.PropertyIndexTests.ToIndex_PitchSpeed_Geometric_Returns1" methodname="ToIndex_PitchSpeed_Geometric_Returns1" classname="Tests.PropertyIndexTests" runstate="Runnable" seed="1246146678" result="Passed" start-time="2025-12-23 21:08:16Z" end-time="2025-12-23 21:08:16Z" duration="0.000101" asserts="0">
            <properties>
              <property name="retryIteration" value="0" />
              <property name="repeatIteration" value="0" />
            </properties>
          </test-case>
        </test-suite>
        <test-suite type="TestFixture" id="1484" name="QuaternionEquivalenceTests" fullname="Tests.QuaternionEquivalenceTests" classname="Tests.QuaternionEquivalenceTests" runstate="Runnable" testcasecount="3" result="Passed" start-time="2025-12-23 21:08:16Z" end-time="2025-12-23 21:08:16Z" duration="0.007991" total="3" passed="3" failed="0" inconclusive="0" skipped="0" asserts="0">
          <properties>
            <property name="Category" value="Validation" />
          </properties>
          <test-case id="1487" name="CombinedRotation_ReproducesDrift" fullname="Tests.QuaternionEquivalenceTests.CombinedRotation_ReproducesDrift" methodname="CombinedRotation_ReproducesDrift" classname="Tests.QuaternionEquivalenceTests" runstate="Runnable" seed="1234234063" result="Passed" start-time="2025-12-23 21:08:16Z" end-time="2025-12-23 21:08:16Z" duration="0.005282" asserts="0">
            <properties>
              <property name="retryIteration" value="0" />
              <property name="repeatIteration" value="0" />
            </properties>
            <output><![CDATA[Direction error: 0.000000e+000 (unity=float3(-0.0003f, 0.0005f, -0.9999998f), rust=float3(-0.0003f, 0.0005f, -0.9999998f))
Unity combined: (0.00025, 0.00015, 3.75E-08, 0.9999999)
Rust combined: (0.00025, 0.00015, 3.75E-08, 0.9999999)
]]></output>
          </test-case>
          <test-case id="1485" name="QuaternionMul_MatchesUnity" fullname="Tests.QuaternionEquivalenceTests.QuaternionMul_MatchesUnity" methodname="QuaternionMul_MatchesUnity" classname="Tests.QuaternionEquivalenceTests" runstate="Runnable" seed="830766238" result="Passed" start-time="2025-12-23 21:08:16Z" end-time="2025-12-23 21:08:16Z" duration="0.001081" asserts="0">
            <properties>
              <property name="retryIteration" value="0" />
              <property name="repeatIteration" value="0" />
            </properties>
          </test-case>
          <test-case id="1486" name="QuaternionMulVec_MatchesUnity" fullname="Tests.QuaternionEquivalenceTests.QuaternionMulVec_MatchesUnity" methodname="QuaternionMulVec_MatchesUnity" classname="Tests.QuaternionEquivalenceTests" runstate="Runnable" seed="353698046" result="Passed" start-time="2025-12-23 21:08:16Z" end-time="2025-12-23 21:08:16Z" duration="0.000683" asserts="0">
            <properties>
              <property name="retryIteration" value="0" />
              <property name="repeatIteration" value="0" />
            </properties>
          </test-case>
        </test-suite>
        <test-suite type="TestFixture" id="1488" name="ReverseNodeTests" fullname="Tests.ReverseNodeTests" classname="Tests.ReverseNodeTests" runstate="Runnable" testcasecount="6" result="Passed" start-time="2025-12-23 21:08:16Z" end-time="2025-12-23 21:08:16Z" duration="0.003367" total="6" passed="6" failed="0" inconclusive="0" skipped="0" asserts="0">
          <properties />
          <test-case id="1494" name="Build_PreservesLateralForce" fullname="Tests.ReverseNodeTests.Build_PreservesLateralForce" methodname="Build_PreservesLateralForce" classname="Tests.ReverseNodeTests" runstate="Runnable" seed="855621215" result="Passed" start-time="2025-12-23 21:08:16Z" end-time="2025-12-23 21:08:16Z" duration="0.001429" asserts="0">
            <properties>
              <property name="retryIteration" value="0" />
              <property name="repeatIteration" value="0" />
            </properties>
          </test-case>
          <test-case id="1491" name="Build_PreservesNormal" fullname="Tests.ReverseNodeTests.Build_PreservesNormal" methodname="Build_PreservesNormal" classname="Tests.ReverseNodeTests" runstate="Runnable" seed="2033439655" result="Passed" start-time="2025-12-23 21:08:16Z" end-time="2025-12-23 21:08:16Z" duration="0.000144" asserts="0">
            <properties>
              <property name="retryIteration" value="0" />
              <property name="repeatIteration" value="0" />
            </properties>
          </test-case>
          <test-case id="1492" name="Build_PreservesPosition" fullname="Tests.ReverseNodeTests.Build_PreservesPosition" methodname="Build_PreservesPosition" classname="Tests.ReverseNodeTests" runstate="Runnable" seed="557261417" result="Passed" start-time="2025-12-23 21:08:16Z" end-time="2025-12-23 21:08:16Z" duration="0.000142" asserts="0">
            <properties>
              <property name="retryIteration" value="0" />
              <property name="repeatIteration" value="0" />
            </properties>
          </test-case>
          <test-case id="1493" name="Build_PreservesVelocityAndEnergy" fullname="Tests.ReverseNodeTests.Build_PreservesVelocityAndEnergy" methodname="Build_PreservesVelocityAndEnergy" classname="Tests.ReverseNodeTests" runstate="Runnable" seed="45791142" result="Passed" start-time="2025-12-23 21:08:16Z" end-time="2025-12-23 21:08:16Z" duration="0.000117" asserts="0">
            <properties>
              <property name="retryIteration" value="0" />
              <property name="repeatIteration" value="0" />
            </properties>
          </test-case>
          <test-case id="1489" name="Build_ReversesDirection" fullname="Tests.ReverseNodeTests.Build_ReversesDirection" methodname="Build_ReversesDirection" classname="Tests.ReverseNodeTests" runstate="Runnable" seed="2012763668" result="Passed" start-time="2025-12-23 21:08:16Z" end-time="2025-12-23 21:08:16Z" duration="0.000133" asserts="0">
            <properties>
              <property name="retryIteration" value="0" />
              <property name="repeatIteration" value="0" />
            </properties>
          </test-case>
          <test-case id="1490" name="Build_ReversesLateral" fullname="Tests.ReverseNodeTests.Build_ReversesLateral" methodname="Build_ReversesLateral" classname="Tests.ReverseNodeTests" runstate="Runnable" seed="1349309623" result="Passed" start-time="2025-12-23 21:08:16Z" end-time="2025-12-23 21:08:16Z" duration="0.000144" asserts="0">
            <properties>
              <property name="retryIteration" value="0" />
              <property name="repeatIteration" value="0" />
            </properties>
          </test-case>
        </test-suite>
        <test-suite type="TestFixture" id="1495" name="ReversePathNodeTests" fullname="Tests.ReversePathNodeTests" classname="Tests.ReversePathNodeTests" runstate="Runnable" testcasecount="4" result="Passed" start-time="2025-12-23 21:08:16Z" end-time="2025-12-23 21:08:16Z" duration="0.004593" total="4" passed="4" failed="0" inconclusive="0" skipped="0" asserts="0">
          <properties />
          <test-case id="1496" name="Build_EmptyPath_ReturnsEmpty" fullname="Tests.ReversePathNodeTests.Build_EmptyPath_ReturnsEmpty" methodname="Build_EmptyPath_ReturnsEmpty" classname="Tests.ReversePathNodeTests" runstate="Runnable" seed="1380004659" result="Passed" start-time="2025-12-23 21:08:16Z" end-time="2025-12-23 21:08:16Z" duration="0.001331" asserts="0">
            <properties>
              <property name="retryIteration" value="0" />
              <property name="repeatIteration" value="0" />
            </properties>
          </test-case>
          <test-case id="1498" name="Build_MultiplePpoints_ReversesOrder" fullname="Tests.ReversePathNodeTests.Build_MultiplePpoints_ReversesOrder" methodname="Build_MultiplePpoints_ReversesOrder" classname="Tests.ReversePathNodeTests" runstate="Runnable" seed="173492086" result="Passed" start-time="2025-12-23 21:08:16Z" end-time="2025-12-23 21:08:16Z" duration="0.000951" asserts="0">
            <properties>
              <property name="retryIteration" value="0" />
              <property name="repeatIteration" value="0" />
            </properties>
          </test-case>
          <test-case id="1499" name="Build_PreservesNormal" fullname="Tests.ReversePathNodeTests.Build_PreservesNormal" methodname="Build_PreservesNormal" classname="Tests.ReversePathNodeTests" runstate="Runnable" seed="879260198" result="Passed" start-time="2025-12-23 21:08:16Z" end-time="2025-12-23 21:08:16Z" duration="0.000822" asserts="0">
            <properties>
              <property name="retryIteration" value="0" />
              <property name="repeatIteration" value="0" />
            </properties>
          </test-case>
          <test-case id="1497" name="Build_SinglePoint_ReversesOrientation" fullname="Tests.ReversePathNodeTests.Build_SinglePoint_ReversesOrientation" methodname="Build_SinglePoint_ReversesOrientation" classname="Tests.ReversePathNodeTests" runstate="Runnable" seed="422597765" result="Passed" start-time="2025-12-23 21:08:16Z" end-time="2025-12-23 21:08:16Z" duration="0.000584" asserts="0">
            <properties>
              <property name="retryIteration" value="0" />
              <property name="repeatIteration" value="0" />
            </properties>
          </test-case>
        </test-suite>
        <test-suite type="TestFixture" id="1500" name="RustForceNodeValidationTests" fullname="Tests.RustForceNodeValidationTests" classname="Tests.RustForceNodeValidationTests" runstate="Runnable" testcasecount="3" result="Passed" start-time="2025-12-23 21:08:16Z" end-time="2025-12-23 21:08:16Z" duration="0.137461" total="3" passed="3" failed="0" inconclusive="0" skipped="0" asserts="0">
          <properties>
            <property name="Category" value="Validation" />
          </properties>
          <test-case id="1503" name="RustMatchesBurst_AllTypes_ForceSection" fullname="Tests.RustForceNodeValidationTests.RustMatchesBurst_AllTypes_ForceSection" methodname="RustMatchesBurst_AllTypes_ForceSection" classname="Tests.RustForceNodeValidationTests" runstate="Runnable" seed="600554820" result="Passed" start-time="2025-12-23 21:08:16Z" end-time="2025-12-23 21:08:16Z" duration="0.093910" asserts="0">
            <properties>
              <property name="retryIteration" value="0" />
              <property name="repeatIteration" value="0" />
            </properties>
          </test-case>
          <test-case id="1502" name="RustMatchesBurst_SimpleDistanceSection" fullname="Tests.RustForceNodeValidationTests.RustMatchesBurst_SimpleDistanceSection" methodname="RustMatchesBurst_SimpleDistanceSection" classname="Tests.RustForceNodeValidationTests" runstate="Runnable" seed="1356032175" result="Passed" start-time="2025-12-23 21:08:16Z" end-time="2025-12-23 21:08:16Z" duration="0.021634" asserts="0">
            <properties>
              <property name="retryIteration" value="0" />
              <property name="repeatIteration" value="0" />
            </properties>
          </test-case>
          <test-case id="1501" name="RustMatchesBurst_SimpleTimeSection" fullname="Tests.RustForceNodeValidationTests.RustMatchesBurst_SimpleTimeSection" methodname="RustMatchesBurst_SimpleTimeSection" classname="Tests.RustForceNodeValidationTests" runstate="Runnable" seed="356922129" result="Passed" start-time="2025-12-23 21:08:16Z" end-time="2025-12-23 21:08:16Z" duration="0.020721" asserts="0">
            <properties>
              <property name="retryIteration" value="0" />
              <property name="repeatIteration" value="0" />
            </properties>
          </test-case>
        </test-suite>
      </test-suite>
      <test-suite type="TestFixture" id="1031" name="TrackMeshExporterTests" fullname="TrackMeshExporterTests" classname="TrackMeshExporterTests" runstate="Runnable" testcasecount="5" result="Passed" start-time="2025-12-23 21:08:16Z" end-time="2025-12-23 21:08:17Z" duration="1.192611" total="5" passed="5" failed="0" inconclusive="0" skipped="0" asserts="0">
        <properties />
        <test-case id="1032" name="BuildJob_TransformsDataCorrectly" fullname="TrackMeshExporterTests.BuildJob_TransformsDataCorrectly" methodname="BuildJob_TransformsDataCorrectly" classname="TrackMeshExporterTests" runstate="Runnable" seed="875084089" result="Passed" start-time="2025-12-23 21:08:16Z" end-time="2025-12-23 21:08:16Z" duration="0.005236" asserts="0">
          <properties>
            <property name="retryIteration" value="0" />
            <property name="repeatIteration" value="0" />
          </properties>
        </test-case>
        <test-case id="1034" name="ObjWriter_HandlesMultipleMeshes" fullname="TrackMeshExporterTests.ObjWriter_HandlesMultipleMeshes" methodname="ObjWriter_HandlesMultipleMeshes" classname="TrackMeshExporterTests" runstate="Runnable" seed="1015005947" result="Passed" start-time="2025-12-23 21:08:16Z" end-time="2025-12-23 21:08:16Z" duration="0.024212" asserts="0">
          <properties>
            <property name="retryIteration" value="0" />
            <property name="repeatIteration" value="0" />
          </properties>
        </test-case>
        <test-case id="1035" name="ObjWriter_PerformanceWithLargeDataset" fullname="TrackMeshExporterTests.ObjWriter_PerformanceWithLargeDataset" methodname="ObjWriter_PerformanceWithLargeDataset" classname="TrackMeshExporterTests" runstate="Runnable" seed="1066988431" result="Passed" start-time="2025-12-23 21:08:16Z" end-time="2025-12-23 21:08:17Z" duration="1.126996" asserts="0">
          <properties>
            <property name="retryIteration" value="0" />
            <property name="repeatIteration" value="0" />
          </properties>
          <output><![CDATA[Performance Test Results:
  Setup: 21ms (100 meshes, 100,000 vertices)
  String Building: 469ms (4.7ms per mesh)
  File Writing: 44ms
  Total Export: 513ms
  File size: 13577KB
]]></output>
        </test-case>
        <test-case id="1033" name="ObjWriter_ProducesValidObjFile" fullname="TrackMeshExporterTests.ObjWriter_ProducesValidObjFile" methodname="ObjWriter_ProducesValidObjFile" classname="TrackMeshExporterTests" runstate="Runnable" seed="132292208" result="Passed" start-time="2025-12-23 21:08:17Z" end-time="2025-12-23 21:08:17Z" duration="0.012954" asserts="0">
          <properties>
            <property name="retryIteration" value="0" />
            <property name="repeatIteration" value="0" />
          </properties>
        </test-case>
        <test-case id="1036" name="UnsafePointerAccess_DoesNotCorruptMemory" fullname="TrackMeshExporterTests.UnsafePointerAccess_DoesNotCorruptMemory" methodname="UnsafePointerAccess_DoesNotCorruptMemory" classname="TrackMeshExporterTests" runstate="Runnable" seed="188220083" result="Passed" start-time="2025-12-23 21:08:17Z" end-time="2025-12-23 21:08:17Z" duration="0.003008" asserts="0">
          <properties>
            <property name="retryIteration" value="0" />
            <property name="repeatIteration" value="0" />
          </properties>
          <output><![CDATA[Saving results to: C:/Users/dylan/AppData/LocalLow/IndividualKex/KexEdit\TestResults.xml
]]></output>
        </test-case>
      </test-suite>
    </test-suite>
  </test-suite>
</test-run>