<?xml version="1.0" encoding="utf-8"?>
<test-run id="2" testcasecount="1" result="Failed(Child)" total="1" passed="0" failed="1" inconclusive="0" skipped="0" asserts="0" engine-version="3.5.0.0" clr-version="4.0.30319.42000" start-time="2025-12-21 03:51:12Z" end-time="2025-12-21 03:51:13Z" duration="0.5627315">
  <test-suite type="TestSuite" id="1000" name="KexEdit" fullname="KexEdit" runstate="Runnable" testcasecount="3280" result="Failed" site="Child" start-time="2025-12-21 03:51:12Z" end-time="2025-12-21 03:51:13Z" duration="0.562732" total="1" passed="0" failed="1" inconclusive="0" skipped="0" asserts="0">
    <properties>
      <property name="platform" value="EditMode" />
    </properties>
    <failure>
      <message><![CDATA[One or more child tests had errors]]></message>
    </failure>
    <test-suite type="Assembly" id="1467" name="Tests.dll" fullname="C:/Users/dylan/Documents/Games/KexEdit/Library/ScriptAssemblies/Tests.dll" runstate="Runnable" testcasecount="415" result="Failed" site="Child" start-time="2025-12-21 03:51:12Z" end-time="2025-12-21 03:51:13Z" duration="0.533469" total="1" passed="0" failed="1" inconclusive="0" skipped="0" asserts="0">
      <properties>
        <property name="_PID" value="28936" />
        <property name="_APPDOMAIN" value="Unity Child Domain" />
        <property name="platform" value="EditMode" />
        <property name="EditorOnly" value="True" />
      </properties>
      <failure>
        <message><![CDATA[One or more child tests had errors]]></message>
      </failure>
      <test-suite type="TestSuite" id="1477" name="Tests" fullname="Tests" runstate="Runnable" testcasecount="264" result="Failed" site="Child" start-time="2025-12-21 03:51:12Z" end-time="2025-12-21 03:51:13Z" duration="0.530122" total="1" passed="0" failed="1" inconclusive="0" skipped="0" asserts="0">
        <properties />
        <failure>
          <message><![CDATA[One or more child tests had errors]]></message>
        </failure>
        <test-suite type="TestFixture" id="1230" name="CoasterGoldTests" fullname="Tests.CoasterGoldTests" classname="Tests.CoasterGoldTests" runstate="Runnable" testcasecount="4" result="Failed" site="Child" start-time="2025-12-21 03:51:12Z" end-time="2025-12-21 03:51:13Z" duration="0.526758" total="1" passed="0" failed="1" inconclusive="0" skipped="0" asserts="0">
          <properties>
            <property name="Category" value="Golden" />
          </properties>
          <failure>
            <message><![CDATA[One or more child tests had errors]]></message>
          </failure>
          <test-case id="1233" name="AllTypes_LoadAndEvaluate_MatchesGoldData" fullname="Tests.CoasterGoldTests.AllTypes_LoadAndEvaluate_MatchesGoldData" methodname="AllTypes_LoadAndEvaluate_MatchesGoldData" classname="Tests.CoasterGoldTests" runstate="Runnable" seed="1022077659" result="Failed" start-time="2025-12-21 03:51:12Z" end-time="2025-12-21 03:51:13Z" duration="0.514405" asserts="0">
            <properties>
              <property name="retryIteration" value="0" />
              <property name="repeatIteration" value="0" />
            </properties>
            <failure>
              <message><![CDATA[  Point count mismatch: expected 359, got 463
  Expected: 359
  But was:  463
]]></message>
              <stack-trace><![CDATA[at Tests.SimPointComparer.AssertMatchesGold (Unity.Collections.NativeList`1[T] actual, System.Collections.Generic.List`1[T] expected, System.Int32 cumulativeOffset) [0x00000] in C:\Users\dylan\Documents\Games\KexEdit\Assets\Tests\SimPointComparer.cs:19
at Tests.CoasterGoldTests.AssertAllSectionsMatch (Tests.GoldTrackData gold, KexEdit.Coaster.EvaluationResult result) [0x00321] in C:\Users\dylan\Documents\Games\KexEdit\Assets\Tests\CoasterGoldTests.cs:212
at Tests.CoasterGoldTests.RunParityTest (System.String name) [0x0009c] in C:\Users\dylan\Documents\Games\KexEdit\Assets\Tests\CoasterGoldTests.cs:97
at Tests.CoasterGoldTests.AllTypes_LoadAndEvaluate_MatchesGoldData () [0x00000] in C:\Users\dylan\Documents\Games\KexEdit\Assets\Tests\CoasterGoldTests.cs:25
]]></stack-trace>
            </failure>
            <output><![CDATA[[CopyPath] anchor.Vel=0 Pitch=-1.37166 driven=False
[CopyPath] sourcePath.Length=325 anchor.HeartArc=134.437
[CopyPath] distance=0 endDistance=49.7436 startIdx=0 endIdx=324
[CopyPath] srcPath[0].HeartArc=0 srcPath[1].HeartArc=0.00315723 spacing=0.00315723
[CopyPath] iter=1 prev.Vel=0 prev.Energy=775.426 distance=0
[CopyPath] iter=1 elseif: G=9.80665016 centerY=77.9987869 G*centerY=764.906799 expectedE=764.906799 actualE=764.906799
[CopyPath] iter=1 prevPos.y=77.8202896 currPos.y=77.8202972 diff=-7.62939E-06 distance=1E-05 newVel=0
[CopyPath] iter=2 prev.Vel=0 prev.Energy=764.907 distance=1E-05
[CopyPath] iter=2 elseif: G=9.80665016 centerY=77.9987869 G*centerY=764.906799 expectedE=764.906799 actualE=764.906799
[CopyPath] iter=2 prevPos.y=77.8202972 currPos.y=77.8203049 diff=-7.62939E-06 distance=2E-05 newVel=0
[CopyPath] iter=3 prev.Vel=0 prev.Energy=764.907 distance=2E-05
[CopyPath] iter=3 elseif: G=9.80665016 centerY=77.9987869 G*centerY=764.906799 expectedE=764.906799 actualE=764.906799
[CopyPath] iter=3 prevPos.y=77.8203049 currPos.y=77.8203125 diff=-7.62939E-06 distance=3E-05 newVel=0
[CopyPath] iter=4 prev.Vel=0 prev.Energy=764.907 distance=3E-05
[CopyPath] iter=4 elseif: G=9.80665016 centerY=77.9987869 G*centerY=764.906799 expectedE=764.906799 actualE=764.906799
[CopyPath] iter=4 prevPos.y=77.8203125 currPos.y=77.8203201 diff=-7.62939E-06 distance=4E-05 newVel=0
[CopyPath] iter=5 prev.Vel=0 prev.Energy=764.907 distance=4E-05
[CopyPath] iter=5 elseif: G=9.80665016 centerY=77.9987869 G*centerY=764.906799 expectedE=764.906799 actualE=764.906799
[CopyPath] iter=5 prevPos.y=77.8203201 currPos.y=77.8203278 diff=-7.62939E-06 distance=5E-05 newVel=0
[CopyPath] anchor.Vel=29.1878 Pitch=-0.798 driven=True
[CopyPath] sourcePath.Length=390 anchor.HeartArc=185.216
[CopyPath] distance=0 endDistance=82.8 startIdx=0 endIdx=389
[CopyPath] srcPath[0].HeartArc=0 srcPath[1].HeartArc=0.299998 spacing=0.299998
[CopyPath] iter=1 prev.Vel=29.1878 prev.Energy=764.454 distance=0
[CopyPath] iter=2 prev.Vel=29.1876 prev.Energy=753.991 distance=0.291876
[CopyPath] iter=3 prev.Vel=29.1876 prev.Energy=751.924 distance=0.583753
[CopyPath] iter=4 prev.Vel=29.1873 prev.Energy=749.853 distance=0.875626
[CopyPath] iter=5 prev.Vel=29.1863 prev.Energy=747.769 distance=1.16749
[CopyPath] anchor.Vel=15.622 Pitch=-0.0802851 driven=False
[CopyPath] sourcePath.Length=355 anchor.HeartArc=510.541
[CopyPath] distance=457.584 endDistance=510.541 startIdx=0 endIdx=354
[CopyPath] srcPath[0].HeartArc=457.584 srcPath[1].HeartArc=457.778 spacing=0.194305
[CopyPath] iter=1 prev.Vel=15.622 prev.Energy=194.898 distance=457.584
[CopyPath] iter=1 prevPos.y=6.30999994 currPos.y=6.29858398 diff=0.011416 distance=457.74 newVel=15.6271
[CopyPath] iter=2 prev.Vel=15.6271 prev.Energy=194.897 distance=457.74
[CopyPath] iter=2 prevPos.y=6.29858398 currPos.y=6.28717041 diff=0.0114136 distance=457.896 newVel=15.6322
[CopyPath] iter=3 prev.Vel=15.6322 prev.Energy=194.896 distance=457.896
[CopyPath] iter=3 prevPos.y=6.28717041 currPos.y=6.27574921 diff=0.0114212 distance=458.053 newVel=15.6373
[CopyPath] iter=4 prev.Vel=15.6373 prev.Energy=194.895 distance=458.053
[CopyPath] iter=4 prevPos.y=6.27574921 currPos.y=6.26432419 diff=0.011425 distance=458.209 newVel=15.6424
[CopyPath] iter=5 prev.Vel=15.6424 prev.Energy=194.895 distance=458.209
[CopyPath] iter=5 prevPos.y=6.26432419 currPos.y=6.25292969 diff=0.0113945 distance=458.365 newVel=15.6475
[CopyPath] anchor.Vel=20 Pitch=0 driven=True
[CopyPath] sourcePath.Length=176 anchor.HeartArc=590.031
[CopyPath] distance=563.498 endDistance=590.031 startIdx=0 endIdx=175
[CopyPath] srcPath[0].HeartArc=563.498 srcPath[1].HeartArc=563.566 spacing=0.0675659
[CopyPath] iter=1 prev.Vel=20 prev.Energy=181.172 distance=563.498
[CopyPath] iter=2 prev.Vel=20 prev.Energy=181.171 distance=563.698
[CopyPath] iter=3 prev.Vel=19.9939 prev.Energy=181.061 distance=563.898
[CopyPath] iter=4 prev.Vel=19.9623 prev.Energy=180.44 distance=564.098
[CopyPath] iter=5 prev.Vel=19.904 prev.Energy=179.303 distance=564.297
=== COASTER DIAGNOSTICS ===
Graph: 21 nodes, 24 edges
=== ALL NODES IN GRAPH ===
  [0] id=1088972794 type=Force dur=3.2 vel=4.23 e=28.66 h=1.10 f=0.0210 r=0.0000
  [1] id=4128187575 type=Force dur=29.2 vel=30.22 e=548.38 h=1.10 f=0.0210 r=0.0000
  [2] id=2081759003 type=Force dur=18 vel=30.00 e=548.70 h=1.10 f=0.0210 r=0.0000
  [3] id=402587418 type=Force dur=2.7 vel=6.65 e=28.66 h=1.10 f=0.0210 r=0.0000
  [4] id=3398324313 type=Geometric dur=3.9 vel=10.00 e=69.71 h=1.10 f=0.0210 r=0.0000
  [5] id=1068437882 type=Geometric dur=4.9 vel=30.00 e=775.91 h=1.10 f=0.0210 r=0.0000
  [6] id=3763452536 type=Geometric dur=47.2 vel=11.74 e=195.46 h=1.10 f=0.0210 r=0.0000
  [7] id=4225563327 type=Geometric dur=18.5 vel=10.00 e=134.61 h=1.10 f=0.0210 r=0.0000
  [8] id=3943057453 type=Anchor no-dur vel=10.00 e=69.71 h=1.10 f=0.0210 r=0.0000
  [9] id=548289554 type=Anchor no-dur vel=10.00 e=31.17 h=1.10 f=0.0210 r=0.0000
  [10] id=223487201 type=Anchor no-dur vel=10.00 e=102.21 h=1.10 f=0.0210 r=0.0000
  [11] id=525679038 type=Bridge no-dur vel=10.00 e=102.21 h=1.10 f=0.0210 r=0.0000
  [12] id=978933242 type=Bridge no-dur vel=10.00 e=31.17 h=1.10 f=0.0210 r=0.0000
  [13] id=748544271 type=Reverse no-dur vel=0.00 e=775.43 h=1.10 f=0.0210 r=0.0000
  [14] id=1862095302 type=Reverse no-dur vel=6.65 e=28.66 h=1.10 f=0.0210 r=0.0000
  [15] id=1143449546 type=CopyPath no-dur vel=0.00 e=775.43 h=1.10 f=0.0210 r=0.0000
  [16] id=506024694 type=CopyPath no-dur vel=29.19 e=764.45 h=1.10 f=0.0210 r=0.0000
  [17] id=958648347 type=CopyPath no-dur vel=15.62 e=194.87 h=1.10 f=0.0210 r=0.0000
  [18] id=1527494142 type=CopyPath no-dur vel=20.00 e=181.17 h=1.10 f=0.0210 r=0.0000
  [19] id=2080741825 type=ReversePath no-dur vel=10.00 e=69.71 h=1.10 f=0.0210 r=0.0000
  [20] id=311072247 type=ReversePath no-dur vel=10.00 e=69.71 h=1.10 f=0.0210 r=0.0000
=== GOLD FIRST SECTION INPUT ANCHOR ===
  vel=10.0000 frictionOrig=0.0000 dir=(0.000,0.000,-1.000)
Checking GeometricSection nodeId=3398324313: 390 points (gold expects 390, gold duration=3.9 Time, cumulative offset=0)
[0] actual: pos=(0.000,3.000,0.000) dir=(0.000,0.000,-1.000) vel=10.0000
[0] gold:   pos=(0.000,3.000,0.000) dir=(0.000,0.000,-1.000) vel=10.0000
[1] actual: pos=(0.000,3.000,-0.100) dir=(0.001,0.001,-1.000) vel=10.0005
[1] gold:   pos=(0.000,3.000,-0.100) dir=(0.001,0.001,-1.000) vel=10.0005
[2] actual: pos=(0.000,3.000,-0.200) dir=(0.002,0.002,-1.000) vel=10.0018
[2] gold:   pos=(0.000,3.000,-0.200) dir=(0.002,0.002,-1.000) vel=10.0018
=== DRIFT ANALYSIS (offset=0) ===
First divergence at index -1
Max drift 0.000244140625 at index 356
=== FIRST 20 POINTS ===
    [0] Pos: (0.000000, 3.000000, 0.000000) vs (0.000000, 3.000000, 0.000000)
    [0] Vel: 10.000000 vs 10.000000, diff=0
    [0] Energy: 69.711360 vs 69.711360, diff=0
    [0] HeartArc: 0.000000 vs 0.000000
    [1] Pos: (0.000050, 3.000050, -0.100004) vs (0.000050, 3.000050, -0.100004)
    [1] Vel: 10.000450 vs 10.000450, diff=0
    [1] Energy: 69.715820 vs 69.715820, diff=0
    [1] HeartArc: 0.101110 vs 0.101110
    [2] Pos: (0.000200, 3.000200, -0.200022) vs (0.000200, 3.000200, -0.200022)
    [2] Vel: 10.001780 vs 10.001780, diff=0
    [2] Energy: 69.729640 vs 69.729640, diff=0
    [2] HeartArc: 0.202232 vs 0.202232
    [3] Pos: (0.000450, 3.000451, -0.300061) vs (0.000450, 3.000450, -0.300061)
    [3] Vel: 10.004000 vs 10.004000, diff=0
    [3] Energy: 69.753340 vs 69.753340, diff=0
    [3] HeartArc: 0.303376 vs 0.303376
    [4] Pos: (0.000800, 3.000801, -0.400131) vs (0.000800, 3.000800, -0.400131)
    [4] Vel: 10.007100 vs 10.007100, diff=0
    [4] Energy: 69.786910 vs 69.786900, diff=7.6294E-06
    [4] HeartArc: 0.404550 vs 0.404550
    [5] Pos: (0.001251, 3.001252, -0.500240) vs (0.001251, 3.001251, -0.500240)
    [5] Vel: 10.011090 vs 10.011090, diff=0
    [5] Energy: 69.830320 vs 69.830310, diff=7.6294E-06
    [5] HeartArc: 0.505763 vs 0.505763
    [6] Pos: (0.001802, 3.001803, -0.600396) vs (0.001802, 3.001802, -0.600396)
    [6] Vel: 10.015960 vs 10.015960, diff=0
    [6] Energy: 69.883610 vs 69.883610, diff=0
    [6] HeartArc: 0.607024 vs 0.607024
    [7] Pos: (0.002454, 3.002455, -0.700609) vs (0.002454, 3.002454, -0.700609)
    [7] Vel: 10.021710 vs 10.021710, diff=0
    [7] Energy: 69.946710 vs 69.946700, diff=7.6294E-06
    [7] HeartArc: 0.708341 vs 0.708341
    [8] Pos: (0.003206, 3.003207, -0.800887) vs (0.003206, 3.003207, -0.800887)
    [8] Vel: 10.028330 vs 10.028330, diff=0
    [8] Energy: 70.019660 vs 70.019650, diff=7.6294E-06
    [8] HeartArc: 0.809725 vs 0.809725
    [9] Pos: (0.004060, 3.004061, -0.901238) vs (0.004060, 3.004061, -0.901238)
    [9] Vel: 10.035840 vs 10.035840, diff=0
    [9] Energy: 70.102460 vs 70.102460, diff=7.6294E-06
    [9] HeartArc: 0.911183 vs 0.911183
    [10] Pos: (0.005015, 3.005017, -1.001671) vs (0.005015, 3.005016, -1.001671)
    [10] Vel: 10.044210 vs 10.044210, diff=0
    [10] Energy: 70.195100 vs 70.195090, diff=7.6294E-06
    [10] HeartArc: 1.012725 vs 1.012725
    [11] Pos: (0.006072, 3.006074, -1.102194) vs (0.006072, 3.006073, -1.102194)
    [11] Vel: 10.053460 vs 10.053460, diff=0
    [11] Energy: 70.297580 vs 70.297580, diff=0
    [11] HeartArc: 1.114359 vs 1.114359
    [12] Pos: (0.007231, 3.007233, -1.202817) vs (0.007231, 3.007233, -1.202817)
    [12] Vel: 10.063580 vs 10.063580, diff=0
    [12] Energy: 70.409900 vs 70.409900, diff=0
    [12] HeartArc: 1.216094 vs 1.216094
    [13] Pos: (0.008492, 3.008495, -1.303547) vs (0.008492, 3.008495, -1.303547)
    [13] Vel: 10.074560 vs 10.074560, diff=0
    [13] Energy: 70.532120 vs 70.532110, diff=7.6294E-06
    [13] HeartArc: 1.317939 vs 1.317939
    [14] Pos: (0.009856, 3.009860, -1.404392) vs (0.009856, 3.009860, -1.404392)
    [14] Vel: 10.086420 vs 10.086420, diff=0
    [14] Energy: 70.664200 vs 70.664200, diff=0
    [14] HeartArc: 1.419902 vs 1.419902
    [15] Pos: (0.011324, 3.011329, -1.505362) vs (0.011324, 3.011329, -1.505362)
    [15] Vel: 10.099130 vs 10.099130, diff=0
    [15] Energy: 70.806170 vs 70.806170, diff=0
    [15] HeartArc: 1.521992 vs 1.521992
    [16] Pos: (0.012895, 3.012901, -1.606465) vs (0.012895, 3.012901, -1.606465)
    [16] Vel: 10.112710 vs 10.112710, diff=0
    [16] Energy: 70.958050 vs 70.958050, diff=0
    [16] HeartArc: 1.624218 vs 1.624218
    [17] Pos: (0.014570, 3.014578, -1.707708) vs (0.014570, 3.014578, -1.707708)
    [17] Vel: 10.127140 vs 10.127140, diff=0
    [17] Energy: 71.119840 vs 71.119840, diff=0
    [17] HeartArc: 1.726589 vs 1.726589
    [18] Pos: (0.016350, 3.016361, -1.809101) vs (0.016350, 3.016361, -1.809101)
    [18] Vel: 10.142430 vs 10.142430, diff=0
    [18] Energy: 71.291560 vs 71.291560, diff=0
    [18] HeartArc: 1.829113 vs 1.829113
    [19] Pos: (0.018236, 3.018248, -1.910652) vs (0.018236, 3.018248, -1.910652)
    [19] Vel: 10.158570 vs 10.158570, diff=0
    [19] Energy: 71.473260 vs 71.473260, diff=0
    [19] HeartArc: 1.931798 vs 1.931799
=== SAMPLE POINTS ===
    [50] Pos: (0.133418, 3.134028, -5.180913) vs (0.133418, 3.134028, -5.180914)
    [50] Vel: 11.067990 vs 11.067990, diff=0
    [50] Energy: 82.243480 vs 82.243480, diff=0
    [50] HeartArc: 5.241100 vs 5.241101
    [100] Pos: (0.630589, 3.642294, -11.353180) vs (0.630589, 3.642295, -11.353180)
    [100] Vel: 14.000140 vs 14.000140, diff=9.53674E-07
    [100] Energy: 123.950300 vs 123.950300, diff=7.6294E-06
    [100] HeartArc: 11.518170 vs 11.518170
    [200] Pos: (3.927125, 7.238939, -28.928950) vs (3.927125, 7.238939, -28.928940)
    [200] Vel: 22.722560 vs 22.722560, diff=0
    [200] Energy: 319.226400 vs 319.226400, diff=0
    [200] HeartArc: 29.972060 vs 29.972050
Checking GeometricSection nodeId=1068437882: 325 points (gold expects 325, gold duration=4.9 Time, cumulative offset=390)
[0] actual: pos=(23.002,34.138,-69.555) dir=(0.410,0.716,-0.565) vel=30.0000
[0] gold:   pos=(23.002,34.138,-69.555) dir=(0.410,0.716,-0.565) vel=30.0000
[1] actual: pos=(23.123,34.350,-69.723) dir=(0.410,0.718,-0.562) vel=29.8542
[1] gold:   pos=(23.123,34.350,-69.722) dir=(0.410,0.718,-0.562) vel=29.8542
[2] actual: pos=(23.242,34.563,-69.889) dir=(0.410,0.720,-0.560) vel=29.7815
[2] gold:   pos=(23.242,34.563,-69.889) dir=(0.410,0.720,-0.560) vel=29.7815
=== DRIFT ANALYSIS (offset=390) ===
First divergence at index -1
Max drift 0.00442296267 at index 323
=== FIRST 20 POINTS ===
    [0] Pos: (23.002340, 34.137710, -69.554600) vs (23.002330, 34.137720, -69.554530)
    [0] Vel: 30.000000 vs 30.000000, diff=0
    [0] Energy: 775.907800 vs 775.908000, diff=0.00012207
    [0] HeartArc: 83.658360 vs 83.658290
    [1] Pos: (23.122710, 34.350460, -69.722540) vs (23.122700, 34.350470, -69.722470)
    [1] Vel: 29.854240 vs 29.854240, diff=0
    [1] Energy: 775.902500 vs 775.902600, diff=0.00012207
    [1] HeartArc: 83.958360 vs 83.958290
    [2] Pos: (23.242440, 34.562780, -69.888900) vs (23.242430, 34.562790, -69.888820)
    [2] Vel: 29.781450 vs 29.781450, diff=1.90735E-06
    [2] Energy: 775.897200 vs 775.897300, diff=0.00012207
    [2] HeartArc: 84.256900 vs 84.256840
    [3] Pos: (23.361820, 34.775200, -70.054100) vs (23.361810, 34.775200, -70.054020)
    [3] Vel: 29.708450 vs 29.708460, diff=1.90735E-06
    [3] Energy: 775.891800 vs 775.892000, diff=0.00012207
    [3] HeartArc: 84.554730 vs 84.554660
    [4] Pos: (23.480840, 34.987690, -70.218150) vs (23.480830, 34.987690, -70.218070)
    [4] Vel: 29.635260 vs 29.635260, diff=3.8147E-06
    [4] Energy: 775.886600 vs 775.886700, diff=0.00012207
    [4] HeartArc: 84.851810 vs 84.851750
    [5] Pos: (23.599510, 35.200260, -70.381040) vs (23.599500, 35.200260, -70.380960)
    [5] Vel: 29.561860 vs 29.561860, diff=1.90735E-06
    [5] Energy: 775.881400 vs 775.881500, diff=0.00012207
    [5] HeartArc: 85.148170 vs 85.148100
    [6] Pos: (23.717820, 35.412900, -70.542790) vs (23.717810, 35.412900, -70.542690)
    [6] Vel: 29.488250 vs 29.488260, diff=1.90735E-06
    [6] Energy: 775.876200 vs 775.876300, diff=0.00012207
    [6] HeartArc: 85.443790 vs 85.443730
    [7] Pos: (23.835760, 35.625610, -70.703370) vs (23.835760, 35.625610, -70.703280)
    [7] Vel: 29.414450 vs 29.414450, diff=3.8147E-06
    [7] Energy: 775.871100 vs 775.871200, diff=0.00012207
    [7] HeartArc: 85.738680 vs 85.738610
    [8] Pos: (23.953340, 35.838370, -70.862810) vs (23.953330, 35.838380, -70.862720)
    [8] Vel: 29.340450 vs 29.340450, diff=1.90735E-06
    [8] Energy: 775.866000 vs 775.866100, diff=0.00012207
    [8] HeartArc: 86.032830 vs 86.032760
    [9] Pos: (24.070540, 36.051180, -71.021100) vs (24.070540, 36.051190, -71.021010)
    [9] Vel: 29.266240 vs 29.266240, diff=1.90735E-06
    [9] Energy: 775.861000 vs 775.861100, diff=0.00012207
    [9] HeartArc: 86.326240 vs 86.326170
    [10] Pos: (24.187370, 36.264040, -71.178240) vs (24.187360, 36.264050, -71.178150)
    [10] Vel: 29.191840 vs 29.191840, diff=1.90735E-06
    [10] Energy: 775.856000 vs 775.856100, diff=0.00012207
    [10] HeartArc: 86.618900 vs 86.618840
    [11] Pos: (24.303810, 36.476940, -71.334240) vs (24.303800, 36.476940, -71.334150)
    [11] Vel: 29.117240 vs 29.117240, diff=1.90735E-06
    [11] Energy: 775.851000 vs 775.851100, diff=0.00012207
    [11] HeartArc: 86.910830 vs 86.910760
    [12] Pos: (24.419870, 36.689870, -71.489110) vs (24.419860, 36.689880, -71.489010)
    [12] Vel: 29.042440 vs 29.042440, diff=1.90735E-06
    [12] Energy: 775.846000 vs 775.846100, diff=0.00012207
    [12] HeartArc: 87.202000 vs 87.201930
    [13] Pos: (24.535540, 36.902830, -71.642820) vs (24.535530, 36.902830, -71.642730)
    [13] Vel: 28.967440 vs 28.967440, diff=3.8147E-06
    [13] Energy: 775.841100 vs 775.841200, diff=0.00012207
    [13] HeartArc: 87.492420 vs 87.492360
    [14] Pos: (24.650820, 37.115810, -71.795400) vs (24.650810, 37.115800, -71.795320)
    [14] Vel: 28.892240 vs 28.892250, diff=5.72205E-06
    [14] Energy: 775.836200 vs 775.836400, diff=0.00012207
    [14] HeartArc: 87.782100 vs 87.782040
    [15] Pos: (24.765700, 37.328790, -71.946850) vs (24.765690, 37.328790, -71.946770)
    [15] Vel: 28.816850 vs 28.816860, diff=5.72205E-06
    [15] Energy: 775.831400 vs 775.831500, diff=0.00012207
    [15] HeartArc: 88.071030 vs 88.070960
    [16] Pos: (24.880180, 37.541790, -72.097180) vs (24.880170, 37.541790, -72.097100)
    [16] Vel: 28.741270 vs 28.741270, diff=5.72205E-06
    [16] Energy: 775.826700 vs 775.826800, diff=0.00012207
    [16] HeartArc: 88.359190 vs 88.359130
    [17] Pos: (24.994250, 37.754780, -72.246370) vs (24.994240, 37.754780, -72.246290)
    [17] Vel: 28.665490 vs 28.665490, diff=3.8147E-06
    [17] Energy: 775.821900 vs 775.822000, diff=0.00012207
    [17] HeartArc: 88.646610 vs 88.646550
    [18] Pos: (25.107920, 37.967770, -72.394440) vs (25.107910, 37.967770, -72.394360)
    [18] Vel: 28.589520 vs 28.589520, diff=5.72205E-06
    [18] Energy: 775.817200 vs 775.817300, diff=0.00012207
    [18] HeartArc: 88.933270 vs 88.933200
    [19] Pos: (25.221170, 38.180750, -72.541380) vs (25.221170, 38.180750, -72.541310)
    [19] Vel: 28.513350 vs 28.513350, diff=5.72205E-06
    [19] Energy: 775.812500 vs 775.812600, diff=0.00012207
    [19] HeartArc: 89.219160 vs 89.219100
=== SAMPLE POINTS ===
    [50] Pos: (28.508960, 44.742290, -76.555730) vs (28.508960, 44.742280, -76.555630)
    [50] Vel: 26.059930 vs 26.059940, diff=9.53674E-06
    [50] Energy: 775.685500 vs 775.685600, diff=0.00012207
    [50] HeartArc: 97.694890 vs 97.694820
    [100] Pos: (32.751610, 54.818830, -81.019800) vs (32.751590, 54.818820, -81.019650)
    [100] Vel: 21.765430 vs 21.765450, diff=1.14441E-05
    [100] Energy: 775.546200 vs 775.546300, diff=0.00012207
    [100] HeartArc: 109.688800 vs 109.688700
    [200] Pos: (36.941070, 70.640510, -84.566270) vs (36.941060, 70.640500, -84.566120)
    [200] Vel: 12.274520 vs 12.274540, diff=2.00272E-05
    [200] Energy: 775.437700 vs 775.437800, diff=0.00012207
    [200] HeartArc: 126.834400 vs 126.834300
Checking CopyPathSection nodeId=1143449546: 463 points (gold expects 359, gold duration=0 , cumulative offset=715)
[0] actual: pos=(37.076,77.820,-84.959) dir=(0.189,-0.980,-0.057) vel=0.0000
[0] gold:   pos=(37.075,77.820,-84.959) dir=(0.189,-0.980,-0.057) vel=0.0000
[1] actual: pos=(37.076,77.820,-84.959) dir=(0.189,-0.980,-0.057) vel=0.0000
[1] gold:   pos=(37.075,77.820,-84.959) dir=(0.189,-0.980,-0.057) vel=0.0000
[2] actual: pos=(37.076,77.820,-84.959) dir=(0.189,-0.980,-0.057) vel=0.0000
[2] gold:   pos=(37.075,77.820,-84.959) dir=(0.189,-0.980,-0.057) vel=0.0110
Saving results to: C:/Users/dylan/AppData/LocalLow/IndividualKex/KexEdit\TestResults.xml
]]></output>
          </test-case>
        </test-suite>
      </test-suite>
    </test-suite>
  </test-suite>
</test-run>