<?xml version="1.0" encoding="utf-8"?>
<test-run id="2" testcasecount="2" result="Failed(Child)" total="2" passed="0" failed="2" inconclusive="0" skipped="0" asserts="0" engine-version="3.5.0.0" clr-version="4.0.30319.42000" start-time="2025-12-18 03:17:03Z" end-time="2025-12-18 03:17:03Z" duration="0.3120799">
  <test-suite type="TestSuite" id="1000" name="KexEdit" fullname="KexEdit" runstate="Runnable" testcasecount="3258" result="Failed" site="Child" start-time="2025-12-18 03:17:03Z" end-time="2025-12-18 03:17:03Z" duration="0.312080" total="2" passed="0" failed="2" inconclusive="0" skipped="0" asserts="0">
    <properties>
      <property name="platform" value="EditMode" />
    </properties>
    <failure>
      <message><![CDATA[One or more child tests had errors]]></message>
    </failure>
    <test-suite type="Assembly" id="1443" name="Tests.dll" fullname="C:/Users/dylan/Documents/Games/KexEdit/Library/ScriptAssemblies/Tests.dll" runstate="Runnable" testcasecount="393" result="Failed" site="Child" start-time="2025-12-18 03:17:03Z" end-time="2025-12-18 03:17:03Z" duration="0.283809" total="2" passed="0" failed="2" inconclusive="0" skipped="0" asserts="0">
      <properties>
        <property name="_PID" value="1636" />
        <property name="_APPDOMAIN" value="Unity Child Domain" />
        <property name="platform" value="EditMode" />
        <property name="EditorOnly" value="True" />
      </properties>
      <failure>
        <message><![CDATA[One or more child tests had errors]]></message>
      </failure>
      <test-suite type="TestSuite" id="1453" name="Tests" fullname="Tests" runstate="Runnable" testcasecount="242" result="Failed" site="Child" start-time="2025-12-18 03:17:03Z" end-time="2025-12-18 03:17:03Z" duration="0.280867" total="2" passed="0" failed="2" inconclusive="0" skipped="0" asserts="0">
        <properties />
        <failure>
          <message><![CDATA[One or more child tests had errors]]></message>
        </failure>
        <test-suite type="TestFixture" id="1221" name="CoasterGoldTests" fullname="Tests.CoasterGoldTests" classname="Tests.CoasterGoldTests" runstate="Runnable" testcasecount="2" result="Failed" site="Child" start-time="2025-12-18 03:17:03Z" end-time="2025-12-18 03:17:03Z" duration="0.277786" total="2" passed="0" failed="2" inconclusive="0" skipped="0" asserts="0">
          <properties>
            <property name="Category" value="Golden" />
          </properties>
          <failure>
            <message><![CDATA[One or more child tests had errors]]></message>
          </failure>
          <test-case id="1222" name="Shuttle_LoadAndEvaluate_MatchesGoldData" fullname="Tests.CoasterGoldTests.Shuttle_LoadAndEvaluate_MatchesGoldData" methodname="Shuttle_LoadAndEvaluate_MatchesGoldData" classname="Tests.CoasterGoldTests" runstate="Runnable" seed="1037198728" result="Failed" start-time="2025-12-18 03:17:03Z" end-time="2025-12-18 03:17:03Z" duration="0.088755" asserts="0">
            <properties>
              <property name="retryIteration" value="0" />
              <property name="repeatIteration" value="0" />
            </properties>
            <failure>
              <message><![CDATA[  No paths generated
  Expected: greater than 0
  But was:  0
]]></message>
              <stack-trace><![CDATA[at Tests.CoasterGoldTests.Shuttle_LoadAndEvaluate_MatchesGoldData () [0x0012d] in C:\Users\dylan\Documents\Games\KexEdit\Assets\Tests\CoasterGoldTests.cs:46
]]></stack-trace>
            </failure>
            <output><![CDATA[Coaster loaded: 16 nodes, 19 edges
Evaluation result: 0 paths
]]></output>
          </test-case>
          <test-case id="1223" name="Veloci_LoadAndEvaluate_MatchesGoldData" fullname="Tests.CoasterGoldTests.Veloci_LoadAndEvaluate_MatchesGoldData" methodname="Veloci_LoadAndEvaluate_MatchesGoldData" classname="Tests.CoasterGoldTests" runstate="Runnable" seed="158476171" result="Failed" start-time="2025-12-18 03:17:03Z" end-time="2025-12-18 03:17:03Z" duration="0.176641" asserts="0">
            <properties>
              <property name="retryIteration" value="0" />
              <property name="repeatIteration" value="0" />
            </properties>
            <failure>
              <message><![CDATA[  No paths generated
  Expected: greater than 0
  But was:  0
]]></message>
              <stack-trace><![CDATA[at Tests.CoasterGoldTests.Veloci_LoadAndEvaluate_MatchesGoldData () [0x0012d] in C:\Users\dylan\Documents\Games\KexEdit\Assets\Tests\CoasterGoldTests.cs:97
]]></stack-trace>
            </failure>
            <output><![CDATA[Coaster loaded: 12 nodes, 11 edges
Evaluation result: 0 paths
Saving results to: C:/Users/dylan/AppData/LocalLow/IndividualKex/KexEdit\TestResults.xml
]]></output>
          </test-case>
        </test-suite>
      </test-suite>
    </test-suite>
  </test-suite>
</test-run>